[2022-12-26T09:48:34.070+0000] {taskinstance.py:1087} INFO - Dependencies all met for <TaskInstance: Can_I_change_name_to_this.basic_data_cleansing scheduled__2022-12-23T10:00:00+00:00 [queued]>
[2022-12-26T09:48:34.113+0000] {taskinstance.py:1087} INFO - Dependencies all met for <TaskInstance: Can_I_change_name_to_this.basic_data_cleansing scheduled__2022-12-23T10:00:00+00:00 [queued]>
[2022-12-26T09:48:34.115+0000] {taskinstance.py:1283} INFO - 
--------------------------------------------------------------------------------
[2022-12-26T09:48:34.117+0000] {taskinstance.py:1284} INFO - Starting attempt 1 of 1
[2022-12-26T09:48:34.122+0000] {taskinstance.py:1285} INFO - 
--------------------------------------------------------------------------------
[2022-12-26T09:48:34.206+0000] {taskinstance.py:1304} INFO - Executing <Task(BashOperator): basic_data_cleansing> on 2022-12-23 10:00:00+00:00
[2022-12-26T09:48:34.239+0000] {standard_task_runner.py:55} INFO - Started process 185 to run task
[2022-12-26T09:48:34.265+0000] {standard_task_runner.py:82} INFO - Running: ['***', 'tasks', 'run', 'Can_I_change_name_to_this', 'basic_data_cleansing', 'scheduled__2022-12-23T10:00:00+00:00', '--job-id', '262', '--raw', '--subdir', 'DAGS_FOLDER/dags.py', '--cfg-path', '/tmp/tmphazph4l5']
[2022-12-26T09:48:34.271+0000] {standard_task_runner.py:83} INFO - Job 262: Subtask basic_data_cleansing
[2022-12-26T09:48:34.653+0000] {task_command.py:389} INFO - Running <TaskInstance: Can_I_change_name_to_this.basic_data_cleansing scheduled__2022-12-23T10:00:00+00:00 [running]> on host 502390ac5559
[2022-12-26T09:48:34.928+0000] {taskinstance.py:1513} INFO - Exporting the following env vars:
AIRFLOW_CTX_DAG_OWNER=***
AIRFLOW_CTX_DAG_ID=Can_I_change_name_to_this
AIRFLOW_CTX_TASK_ID=basic_data_cleansing
AIRFLOW_CTX_EXECUTION_DATE=2022-12-23T10:00:00+00:00
AIRFLOW_CTX_TRY_NUMBER=1
AIRFLOW_CTX_DAG_RUN_ID=scheduled__2022-12-23T10:00:00+00:00
[2022-12-26T09:48:34.943+0000] {subprocess.py:63} INFO - Tmp dir root location: 
 /tmp
[2022-12-26T09:48:34.946+0000] {subprocess.py:75} INFO - Running command: ['/bin/bash', '-c', 'python /opt/***/tasks/data_cleansing_basic_stat.py']
[2022-12-26T09:48:35.019+0000] {subprocess.py:86} INFO - Output:
