[2022-12-23T09:42:12.869+0000] {processor.py:153} INFO - Started process (PID=45) to work on /opt/airflow/dags/dags.py
[2022-12-23T09:42:12.893+0000] {processor.py:743} INFO - Processing file /opt/airflow/dags/dags.py for tasks to queue
[2022-12-23T09:42:12.903+0000] {logging_mixin.py:137} INFO - [2022-12-23T09:42:12.903+0000] {dagbag.py:538} INFO - Filling up the DagBag from /opt/airflow/dags/dags.py
[2022-12-23T09:42:13.110+0000] {logging_mixin.py:137} WARNING - /home/airflow/.local/lib/python3.7/site-packages/airflow_dbt/hooks/dbt_hook.py:7 DeprecationWarning: The `airflow.hooks.base_hook.BaseHook` class is deprecated. Please use `'airflow.hooks.base.BaseHook'`.
[2022-12-23T09:42:13.131+0000] {logging_mixin.py:137} WARNING - /home/airflow/.local/lib/python3.7/site-packages/airflow_dbt/operators/dbt_operator.py:6 RemovedInAirflow3Warning: This decorator is deprecated.

In previous versions, all subclasses of BaseOperator must use apply_default decorator for the `default_args` feature to work properly.

In current version, it is optional. The decorator is applied automatically using the metaclass.
[2022-12-23T09:42:13.137+0000] {logging_mixin.py:137} WARNING - /home/airflow/.local/lib/python3.7/site-packages/airflow_dbt/operators/__init__.py:1 RemovedInAirflow3Warning: This decorator is deprecated.

In previous versions, all subclasses of BaseOperator must use apply_default decorator for the `default_args` feature to work properly.

In current version, it is optional. The decorator is applied automatically using the metaclass.
[2022-12-23T09:42:13.252+0000] {processor.py:753} INFO - DAG(s) dict_keys(['Can_I_change_name_to_this']) retrieved from /opt/airflow/dags/dags.py
[2022-12-23T09:42:13.755+0000] {logging_mixin.py:137} INFO - [2022-12-23T09:42:13.755+0000] {dag.py:2676} INFO - Sync 1 DAGs
[2022-12-23T09:42:13.863+0000] {logging_mixin.py:137} INFO - [2022-12-23T09:42:13.862+0000] {dag.py:3427} INFO - Setting next_dagrun for Can_I_change_name_to_this to 2022-12-22T10:00:00+00:00, run_after=2022-12-23T10:00:00+00:00
[2022-12-23T09:42:14.000+0000] {processor.py:175} INFO - Processing /opt/airflow/dags/dags.py took 1.148 seconds
[2022-12-23T09:42:44.672+0000] {processor.py:153} INFO - Started process (PID=96) to work on /opt/airflow/dags/dags.py
[2022-12-23T09:42:44.678+0000] {processor.py:743} INFO - Processing file /opt/airflow/dags/dags.py for tasks to queue
[2022-12-23T09:42:44.681+0000] {logging_mixin.py:137} INFO - [2022-12-23T09:42:44.681+0000] {dagbag.py:538} INFO - Filling up the DagBag from /opt/airflow/dags/dags.py
[2022-12-23T09:42:44.745+0000] {logging_mixin.py:137} WARNING - /home/airflow/.local/lib/python3.7/site-packages/airflow_dbt/hooks/dbt_hook.py:7 DeprecationWarning: The `airflow.hooks.base_hook.BaseHook` class is deprecated. Please use `'airflow.hooks.base.BaseHook'`.
[2022-12-23T09:42:44.749+0000] {logging_mixin.py:137} WARNING - /home/airflow/.local/lib/python3.7/site-packages/airflow_dbt/operators/dbt_operator.py:6 RemovedInAirflow3Warning: This decorator is deprecated.

In previous versions, all subclasses of BaseOperator must use apply_default decorator for the `default_args` feature to work properly.

In current version, it is optional. The decorator is applied automatically using the metaclass.
[2022-12-23T09:42:44.754+0000] {logging_mixin.py:137} WARNING - /home/airflow/.local/lib/python3.7/site-packages/airflow_dbt/operators/__init__.py:1 RemovedInAirflow3Warning: This decorator is deprecated.

In previous versions, all subclasses of BaseOperator must use apply_default decorator for the `default_args` feature to work properly.

In current version, it is optional. The decorator is applied automatically using the metaclass.
[2022-12-23T09:42:44.779+0000] {processor.py:753} INFO - DAG(s) dict_keys(['Can_I_change_name_to_this']) retrieved from /opt/airflow/dags/dags.py
[2022-12-23T09:42:44.871+0000] {logging_mixin.py:137} INFO - [2022-12-23T09:42:44.871+0000] {dag.py:2676} INFO - Sync 1 DAGs
[2022-12-23T09:42:44.904+0000] {logging_mixin.py:137} INFO - [2022-12-23T09:42:44.904+0000] {dag.py:3427} INFO - Setting next_dagrun for Can_I_change_name_to_this to 2022-12-22T10:00:00+00:00, run_after=2022-12-23T10:00:00+00:00
[2022-12-23T09:42:44.923+0000] {processor.py:175} INFO - Processing /opt/airflow/dags/dags.py took 0.280 seconds
[2022-12-23T09:43:15.676+0000] {processor.py:153} INFO - Started process (PID=170) to work on /opt/airflow/dags/dags.py
[2022-12-23T09:43:15.680+0000] {processor.py:743} INFO - Processing file /opt/airflow/dags/dags.py for tasks to queue
[2022-12-23T09:43:15.682+0000] {logging_mixin.py:137} INFO - [2022-12-23T09:43:15.682+0000] {dagbag.py:538} INFO - Filling up the DagBag from /opt/airflow/dags/dags.py
[2022-12-23T09:43:15.721+0000] {logging_mixin.py:137} WARNING - /home/airflow/.local/lib/python3.7/site-packages/airflow_dbt/hooks/dbt_hook.py:7 DeprecationWarning: The `airflow.hooks.base_hook.BaseHook` class is deprecated. Please use `'airflow.hooks.base.BaseHook'`.
[2022-12-23T09:43:15.724+0000] {logging_mixin.py:137} WARNING - /home/airflow/.local/lib/python3.7/site-packages/airflow_dbt/operators/dbt_operator.py:6 RemovedInAirflow3Warning: This decorator is deprecated.

In previous versions, all subclasses of BaseOperator must use apply_default decorator for the `default_args` feature to work properly.

In current version, it is optional. The decorator is applied automatically using the metaclass.
[2022-12-23T09:43:15.727+0000] {logging_mixin.py:137} WARNING - /home/airflow/.local/lib/python3.7/site-packages/airflow_dbt/operators/__init__.py:1 RemovedInAirflow3Warning: This decorator is deprecated.

In previous versions, all subclasses of BaseOperator must use apply_default decorator for the `default_args` feature to work properly.

In current version, it is optional. The decorator is applied automatically using the metaclass.
[2022-12-23T09:43:15.744+0000] {processor.py:753} INFO - DAG(s) dict_keys(['Can_I_change_name_to_this']) retrieved from /opt/airflow/dags/dags.py
[2022-12-23T09:43:15.796+0000] {logging_mixin.py:137} INFO - [2022-12-23T09:43:15.796+0000] {dag.py:2676} INFO - Sync 1 DAGs
[2022-12-23T09:43:15.827+0000] {logging_mixin.py:137} INFO - [2022-12-23T09:43:15.827+0000] {dag.py:3427} INFO - Setting next_dagrun for Can_I_change_name_to_this to 2022-12-22T10:00:00+00:00, run_after=2022-12-23T10:00:00+00:00
[2022-12-23T09:43:15.852+0000] {processor.py:175} INFO - Processing /opt/airflow/dags/dags.py took 0.187 seconds
[2022-12-23T09:43:46.072+0000] {processor.py:153} INFO - Started process (PID=232) to work on /opt/airflow/dags/dags.py
[2022-12-23T09:43:46.075+0000] {processor.py:743} INFO - Processing file /opt/airflow/dags/dags.py for tasks to queue
[2022-12-23T09:43:46.078+0000] {logging_mixin.py:137} INFO - [2022-12-23T09:43:46.078+0000] {dagbag.py:538} INFO - Filling up the DagBag from /opt/airflow/dags/dags.py
[2022-12-23T09:43:46.106+0000] {logging_mixin.py:137} WARNING - /home/airflow/.local/lib/python3.7/site-packages/airflow_dbt/hooks/dbt_hook.py:7 DeprecationWarning: The `airflow.hooks.base_hook.BaseHook` class is deprecated. Please use `'airflow.hooks.base.BaseHook'`.
[2022-12-23T09:43:46.110+0000] {logging_mixin.py:137} WARNING - /home/airflow/.local/lib/python3.7/site-packages/airflow_dbt/operators/dbt_operator.py:6 RemovedInAirflow3Warning: This decorator is deprecated.

In previous versions, all subclasses of BaseOperator must use apply_default decorator for the `default_args` feature to work properly.

In current version, it is optional. The decorator is applied automatically using the metaclass.
[2022-12-23T09:43:46.115+0000] {logging_mixin.py:137} WARNING - /home/airflow/.local/lib/python3.7/site-packages/airflow_dbt/operators/__init__.py:1 RemovedInAirflow3Warning: This decorator is deprecated.

In previous versions, all subclasses of BaseOperator must use apply_default decorator for the `default_args` feature to work properly.

In current version, it is optional. The decorator is applied automatically using the metaclass.
[2022-12-23T09:43:46.135+0000] {processor.py:753} INFO - DAG(s) dict_keys(['Can_I_change_name_to_this']) retrieved from /opt/airflow/dags/dags.py
[2022-12-23T09:43:46.175+0000] {logging_mixin.py:137} INFO - [2022-12-23T09:43:46.175+0000] {dag.py:2676} INFO - Sync 1 DAGs
[2022-12-23T09:43:46.200+0000] {logging_mixin.py:137} INFO - [2022-12-23T09:43:46.200+0000] {dag.py:3427} INFO - Setting next_dagrun for Can_I_change_name_to_this to 2022-12-22T10:00:00+00:00, run_after=2022-12-23T10:00:00+00:00
[2022-12-23T09:43:46.216+0000] {processor.py:175} INFO - Processing /opt/airflow/dags/dags.py took 0.153 seconds
[2022-12-23T09:44:16.498+0000] {processor.py:153} INFO - Started process (PID=308) to work on /opt/airflow/dags/dags.py
[2022-12-23T09:44:16.501+0000] {processor.py:743} INFO - Processing file /opt/airflow/dags/dags.py for tasks to queue
[2022-12-23T09:44:16.503+0000] {logging_mixin.py:137} INFO - [2022-12-23T09:44:16.503+0000] {dagbag.py:538} INFO - Filling up the DagBag from /opt/airflow/dags/dags.py
[2022-12-23T09:44:16.547+0000] {logging_mixin.py:137} WARNING - /home/airflow/.local/lib/python3.7/site-packages/airflow_dbt/hooks/dbt_hook.py:7 DeprecationWarning: The `airflow.hooks.base_hook.BaseHook` class is deprecated. Please use `'airflow.hooks.base.BaseHook'`.
[2022-12-23T09:44:16.551+0000] {logging_mixin.py:137} WARNING - /home/airflow/.local/lib/python3.7/site-packages/airflow_dbt/operators/dbt_operator.py:6 RemovedInAirflow3Warning: This decorator is deprecated.

In previous versions, all subclasses of BaseOperator must use apply_default decorator for the `default_args` feature to work properly.

In current version, it is optional. The decorator is applied automatically using the metaclass.
[2022-12-23T09:44:16.554+0000] {logging_mixin.py:137} WARNING - /home/airflow/.local/lib/python3.7/site-packages/airflow_dbt/operators/__init__.py:1 RemovedInAirflow3Warning: This decorator is deprecated.

In previous versions, all subclasses of BaseOperator must use apply_default decorator for the `default_args` feature to work properly.

In current version, it is optional. The decorator is applied automatically using the metaclass.
[2022-12-23T09:44:16.576+0000] {processor.py:753} INFO - DAG(s) dict_keys(['Can_I_change_name_to_this']) retrieved from /opt/airflow/dags/dags.py
[2022-12-23T09:44:16.628+0000] {logging_mixin.py:137} INFO - [2022-12-23T09:44:16.628+0000] {dag.py:2676} INFO - Sync 1 DAGs
[2022-12-23T09:44:16.658+0000] {logging_mixin.py:137} INFO - [2022-12-23T09:44:16.658+0000] {dag.py:3427} INFO - Setting next_dagrun for Can_I_change_name_to_this to 2022-12-22T10:00:00+00:00, run_after=2022-12-23T10:00:00+00:00
[2022-12-23T09:44:16.677+0000] {processor.py:175} INFO - Processing /opt/airflow/dags/dags.py took 0.196 seconds
[2022-12-23T09:44:46.873+0000] {processor.py:153} INFO - Started process (PID=370) to work on /opt/airflow/dags/dags.py
[2022-12-23T09:44:46.877+0000] {processor.py:743} INFO - Processing file /opt/airflow/dags/dags.py for tasks to queue
[2022-12-23T09:44:46.878+0000] {logging_mixin.py:137} INFO - [2022-12-23T09:44:46.878+0000] {dagbag.py:538} INFO - Filling up the DagBag from /opt/airflow/dags/dags.py
[2022-12-23T09:44:46.919+0000] {logging_mixin.py:137} WARNING - /home/airflow/.local/lib/python3.7/site-packages/airflow_dbt/hooks/dbt_hook.py:7 DeprecationWarning: The `airflow.hooks.base_hook.BaseHook` class is deprecated. Please use `'airflow.hooks.base.BaseHook'`.
[2022-12-23T09:44:46.927+0000] {logging_mixin.py:137} WARNING - /home/airflow/.local/lib/python3.7/site-packages/airflow_dbt/operators/dbt_operator.py:6 RemovedInAirflow3Warning: This decorator is deprecated.

In previous versions, all subclasses of BaseOperator must use apply_default decorator for the `default_args` feature to work properly.

In current version, it is optional. The decorator is applied automatically using the metaclass.
[2022-12-23T09:44:46.931+0000] {logging_mixin.py:137} WARNING - /home/airflow/.local/lib/python3.7/site-packages/airflow_dbt/operators/__init__.py:1 RemovedInAirflow3Warning: This decorator is deprecated.

In previous versions, all subclasses of BaseOperator must use apply_default decorator for the `default_args` feature to work properly.

In current version, it is optional. The decorator is applied automatically using the metaclass.
[2022-12-23T09:44:46.963+0000] {processor.py:753} INFO - DAG(s) dict_keys(['Can_I_change_name_to_this']) retrieved from /opt/airflow/dags/dags.py
[2022-12-23T09:44:47.009+0000] {logging_mixin.py:137} INFO - [2022-12-23T09:44:47.009+0000] {dag.py:2676} INFO - Sync 1 DAGs
[2022-12-23T09:44:47.048+0000] {logging_mixin.py:137} INFO - [2022-12-23T09:44:47.048+0000] {dag.py:3427} INFO - Setting next_dagrun for Can_I_change_name_to_this to 2022-12-22T10:00:00+00:00, run_after=2022-12-23T10:00:00+00:00
[2022-12-23T09:44:47.081+0000] {processor.py:175} INFO - Processing /opt/airflow/dags/dags.py took 0.217 seconds
[2022-12-23T09:45:17.301+0000] {processor.py:153} INFO - Started process (PID=433) to work on /opt/airflow/dags/dags.py
[2022-12-23T09:45:17.304+0000] {processor.py:743} INFO - Processing file /opt/airflow/dags/dags.py for tasks to queue
[2022-12-23T09:45:17.306+0000] {logging_mixin.py:137} INFO - [2022-12-23T09:45:17.306+0000] {dagbag.py:538} INFO - Filling up the DagBag from /opt/airflow/dags/dags.py
[2022-12-23T09:45:17.389+0000] {logging_mixin.py:137} WARNING - /home/airflow/.local/lib/python3.7/site-packages/airflow_dbt/hooks/dbt_hook.py:7 DeprecationWarning: The `airflow.hooks.base_hook.BaseHook` class is deprecated. Please use `'airflow.hooks.base.BaseHook'`.
[2022-12-23T09:45:17.396+0000] {logging_mixin.py:137} WARNING - /home/airflow/.local/lib/python3.7/site-packages/airflow_dbt/operators/dbt_operator.py:6 RemovedInAirflow3Warning: This decorator is deprecated.

In previous versions, all subclasses of BaseOperator must use apply_default decorator for the `default_args` feature to work properly.

In current version, it is optional. The decorator is applied automatically using the metaclass.
[2022-12-23T09:45:17.399+0000] {logging_mixin.py:137} WARNING - /home/airflow/.local/lib/python3.7/site-packages/airflow_dbt/operators/__init__.py:1 RemovedInAirflow3Warning: This decorator is deprecated.

In previous versions, all subclasses of BaseOperator must use apply_default decorator for the `default_args` feature to work properly.

In current version, it is optional. The decorator is applied automatically using the metaclass.
[2022-12-23T09:45:17.424+0000] {processor.py:753} INFO - DAG(s) dict_keys(['Can_I_change_name_to_this']) retrieved from /opt/airflow/dags/dags.py
[2022-12-23T09:45:17.469+0000] {logging_mixin.py:137} INFO - [2022-12-23T09:45:17.468+0000] {dag.py:2676} INFO - Sync 1 DAGs
[2022-12-23T09:45:17.494+0000] {logging_mixin.py:137} INFO - [2022-12-23T09:45:17.494+0000] {dag.py:3427} INFO - Setting next_dagrun for Can_I_change_name_to_this to 2022-12-22T10:00:00+00:00, run_after=2022-12-23T10:00:00+00:00
[2022-12-23T09:45:17.516+0000] {processor.py:175} INFO - Processing /opt/airflow/dags/dags.py took 0.221 seconds
[2022-12-23T09:45:48.185+0000] {processor.py:153} INFO - Started process (PID=496) to work on /opt/airflow/dags/dags.py
[2022-12-23T09:45:48.192+0000] {processor.py:743} INFO - Processing file /opt/airflow/dags/dags.py for tasks to queue
[2022-12-23T09:45:48.207+0000] {logging_mixin.py:137} INFO - [2022-12-23T09:45:48.207+0000] {dagbag.py:538} INFO - Filling up the DagBag from /opt/airflow/dags/dags.py
[2022-12-23T09:45:48.289+0000] {logging_mixin.py:137} WARNING - /home/airflow/.local/lib/python3.7/site-packages/airflow_dbt/hooks/dbt_hook.py:7 DeprecationWarning: The `airflow.hooks.base_hook.BaseHook` class is deprecated. Please use `'airflow.hooks.base.BaseHook'`.
[2022-12-23T09:45:48.295+0000] {logging_mixin.py:137} WARNING - /home/airflow/.local/lib/python3.7/site-packages/airflow_dbt/operators/dbt_operator.py:6 RemovedInAirflow3Warning: This decorator is deprecated.

In previous versions, all subclasses of BaseOperator must use apply_default decorator for the `default_args` feature to work properly.

In current version, it is optional. The decorator is applied automatically using the metaclass.
[2022-12-23T09:45:48.298+0000] {logging_mixin.py:137} WARNING - /home/airflow/.local/lib/python3.7/site-packages/airflow_dbt/operators/__init__.py:1 RemovedInAirflow3Warning: This decorator is deprecated.

In previous versions, all subclasses of BaseOperator must use apply_default decorator for the `default_args` feature to work properly.

In current version, it is optional. The decorator is applied automatically using the metaclass.
[2022-12-23T09:45:48.323+0000] {processor.py:753} INFO - DAG(s) dict_keys(['Can_I_change_name_to_this']) retrieved from /opt/airflow/dags/dags.py
[2022-12-23T09:45:48.412+0000] {logging_mixin.py:137} INFO - [2022-12-23T09:45:48.412+0000] {dag.py:2676} INFO - Sync 1 DAGs
[2022-12-23T09:45:48.455+0000] {logging_mixin.py:137} INFO - [2022-12-23T09:45:48.455+0000] {dag.py:3427} INFO - Setting next_dagrun for Can_I_change_name_to_this to 2022-12-22T10:00:00+00:00, run_after=2022-12-23T10:00:00+00:00
[2022-12-23T09:45:48.482+0000] {processor.py:175} INFO - Processing /opt/airflow/dags/dags.py took 0.310 seconds
[2022-12-23T09:46:19.151+0000] {processor.py:153} INFO - Started process (PID=570) to work on /opt/airflow/dags/dags.py
[2022-12-23T09:46:19.154+0000] {processor.py:743} INFO - Processing file /opt/airflow/dags/dags.py for tasks to queue
[2022-12-23T09:46:19.157+0000] {logging_mixin.py:137} INFO - [2022-12-23T09:46:19.156+0000] {dagbag.py:538} INFO - Filling up the DagBag from /opt/airflow/dags/dags.py
[2022-12-23T09:46:19.194+0000] {logging_mixin.py:137} WARNING - /home/airflow/.local/lib/python3.7/site-packages/airflow_dbt/hooks/dbt_hook.py:7 DeprecationWarning: The `airflow.hooks.base_hook.BaseHook` class is deprecated. Please use `'airflow.hooks.base.BaseHook'`.
[2022-12-23T09:46:19.198+0000] {logging_mixin.py:137} WARNING - /home/airflow/.local/lib/python3.7/site-packages/airflow_dbt/operators/dbt_operator.py:6 RemovedInAirflow3Warning: This decorator is deprecated.

In previous versions, all subclasses of BaseOperator must use apply_default decorator for the `default_args` feature to work properly.

In current version, it is optional. The decorator is applied automatically using the metaclass.
[2022-12-23T09:46:19.201+0000] {logging_mixin.py:137} WARNING - /home/airflow/.local/lib/python3.7/site-packages/airflow_dbt/operators/__init__.py:1 RemovedInAirflow3Warning: This decorator is deprecated.

In previous versions, all subclasses of BaseOperator must use apply_default decorator for the `default_args` feature to work properly.

In current version, it is optional. The decorator is applied automatically using the metaclass.
[2022-12-23T09:46:19.227+0000] {processor.py:753} INFO - DAG(s) dict_keys(['Can_I_change_name_to_this']) retrieved from /opt/airflow/dags/dags.py
[2022-12-23T09:46:19.275+0000] {logging_mixin.py:137} INFO - [2022-12-23T09:46:19.275+0000] {dag.py:2676} INFO - Sync 1 DAGs
[2022-12-23T09:46:19.302+0000] {logging_mixin.py:137} INFO - [2022-12-23T09:46:19.302+0000] {dag.py:3427} INFO - Setting next_dagrun for Can_I_change_name_to_this to 2022-12-22T10:00:00+00:00, run_after=2022-12-23T10:00:00+00:00
[2022-12-23T09:46:19.322+0000] {processor.py:175} INFO - Processing /opt/airflow/dags/dags.py took 0.179 seconds
[2022-12-23T09:46:49.920+0000] {processor.py:153} INFO - Started process (PID=633) to work on /opt/airflow/dags/dags.py
[2022-12-23T09:46:49.926+0000] {processor.py:743} INFO - Processing file /opt/airflow/dags/dags.py for tasks to queue
[2022-12-23T09:46:49.930+0000] {logging_mixin.py:137} INFO - [2022-12-23T09:46:49.930+0000] {dagbag.py:538} INFO - Filling up the DagBag from /opt/airflow/dags/dags.py
[2022-12-23T09:46:49.972+0000] {logging_mixin.py:137} WARNING - /home/airflow/.local/lib/python3.7/site-packages/airflow_dbt/hooks/dbt_hook.py:7 DeprecationWarning: The `airflow.hooks.base_hook.BaseHook` class is deprecated. Please use `'airflow.hooks.base.BaseHook'`.
[2022-12-23T09:46:49.980+0000] {logging_mixin.py:137} WARNING - /home/airflow/.local/lib/python3.7/site-packages/airflow_dbt/operators/dbt_operator.py:6 RemovedInAirflow3Warning: This decorator is deprecated.

In previous versions, all subclasses of BaseOperator must use apply_default decorator for the `default_args` feature to work properly.

In current version, it is optional. The decorator is applied automatically using the metaclass.
[2022-12-23T09:46:49.985+0000] {logging_mixin.py:137} WARNING - /home/airflow/.local/lib/python3.7/site-packages/airflow_dbt/operators/__init__.py:1 RemovedInAirflow3Warning: This decorator is deprecated.

In previous versions, all subclasses of BaseOperator must use apply_default decorator for the `default_args` feature to work properly.

In current version, it is optional. The decorator is applied automatically using the metaclass.
[2022-12-23T09:46:50.000+0000] {processor.py:753} INFO - DAG(s) dict_keys(['Can_I_change_name_to_this']) retrieved from /opt/airflow/dags/dags.py
[2022-12-23T09:46:50.045+0000] {logging_mixin.py:137} INFO - [2022-12-23T09:46:50.045+0000] {dag.py:2676} INFO - Sync 1 DAGs
[2022-12-23T09:46:50.070+0000] {logging_mixin.py:137} INFO - [2022-12-23T09:46:50.070+0000] {dag.py:3427} INFO - Setting next_dagrun for Can_I_change_name_to_this to 2022-12-22T10:00:00+00:00, run_after=2022-12-23T10:00:00+00:00
[2022-12-23T09:46:50.096+0000] {processor.py:175} INFO - Processing /opt/airflow/dags/dags.py took 0.185 seconds
[2022-12-23T09:47:21.076+0000] {processor.py:153} INFO - Started process (PID=708) to work on /opt/airflow/dags/dags.py
[2022-12-23T09:47:21.104+0000] {processor.py:743} INFO - Processing file /opt/airflow/dags/dags.py for tasks to queue
[2022-12-23T09:47:21.114+0000] {logging_mixin.py:137} INFO - [2022-12-23T09:47:21.114+0000] {dagbag.py:538} INFO - Filling up the DagBag from /opt/airflow/dags/dags.py
[2022-12-23T09:47:21.251+0000] {logging_mixin.py:137} WARNING - /home/airflow/.local/lib/python3.7/site-packages/airflow_dbt/hooks/dbt_hook.py:7 DeprecationWarning: The `airflow.hooks.base_hook.BaseHook` class is deprecated. Please use `'airflow.hooks.base.BaseHook'`.
[2022-12-23T09:47:21.272+0000] {logging_mixin.py:137} WARNING - /home/airflow/.local/lib/python3.7/site-packages/airflow_dbt/operators/dbt_operator.py:6 RemovedInAirflow3Warning: This decorator is deprecated.

In previous versions, all subclasses of BaseOperator must use apply_default decorator for the `default_args` feature to work properly.

In current version, it is optional. The decorator is applied automatically using the metaclass.
[2022-12-23T09:47:21.282+0000] {logging_mixin.py:137} WARNING - /home/airflow/.local/lib/python3.7/site-packages/airflow_dbt/operators/__init__.py:1 RemovedInAirflow3Warning: This decorator is deprecated.

In previous versions, all subclasses of BaseOperator must use apply_default decorator for the `default_args` feature to work properly.

In current version, it is optional. The decorator is applied automatically using the metaclass.
[2022-12-23T09:47:21.343+0000] {processor.py:753} INFO - DAG(s) dict_keys(['Can_I_change_name_to_this']) retrieved from /opt/airflow/dags/dags.py
[2022-12-23T09:47:21.547+0000] {logging_mixin.py:137} INFO - [2022-12-23T09:47:21.547+0000] {dag.py:2676} INFO - Sync 1 DAGs
[2022-12-23T09:47:21.613+0000] {logging_mixin.py:137} INFO - [2022-12-23T09:47:21.612+0000] {dag.py:3427} INFO - Setting next_dagrun for Can_I_change_name_to_this to 2022-12-22T10:00:00+00:00, run_after=2022-12-23T10:00:00+00:00
[2022-12-23T09:47:21.692+0000] {processor.py:175} INFO - Processing /opt/airflow/dags/dags.py took 0.640 seconds
[2022-12-23T09:47:52.339+0000] {processor.py:153} INFO - Started process (PID=769) to work on /opt/airflow/dags/dags.py
[2022-12-23T09:47:52.343+0000] {processor.py:743} INFO - Processing file /opt/airflow/dags/dags.py for tasks to queue
[2022-12-23T09:47:52.347+0000] {logging_mixin.py:137} INFO - [2022-12-23T09:47:52.347+0000] {dagbag.py:538} INFO - Filling up the DagBag from /opt/airflow/dags/dags.py
[2022-12-23T09:47:52.420+0000] {logging_mixin.py:137} WARNING - /home/airflow/.local/lib/python3.7/site-packages/airflow_dbt/hooks/dbt_hook.py:7 DeprecationWarning: The `airflow.hooks.base_hook.BaseHook` class is deprecated. Please use `'airflow.hooks.base.BaseHook'`.
[2022-12-23T09:47:52.446+0000] {logging_mixin.py:137} WARNING - /home/airflow/.local/lib/python3.7/site-packages/airflow_dbt/operators/dbt_operator.py:6 RemovedInAirflow3Warning: This decorator is deprecated.

In previous versions, all subclasses of BaseOperator must use apply_default decorator for the `default_args` feature to work properly.

In current version, it is optional. The decorator is applied automatically using the metaclass.
[2022-12-23T09:47:52.456+0000] {logging_mixin.py:137} WARNING - /home/airflow/.local/lib/python3.7/site-packages/airflow_dbt/operators/__init__.py:1 RemovedInAirflow3Warning: This decorator is deprecated.

In previous versions, all subclasses of BaseOperator must use apply_default decorator for the `default_args` feature to work properly.

In current version, it is optional. The decorator is applied automatically using the metaclass.
[2022-12-23T09:47:52.477+0000] {processor.py:753} INFO - DAG(s) dict_keys(['Can_I_change_name_to_this']) retrieved from /opt/airflow/dags/dags.py
[2022-12-23T09:47:52.534+0000] {logging_mixin.py:137} INFO - [2022-12-23T09:47:52.534+0000] {dag.py:2676} INFO - Sync 1 DAGs
[2022-12-23T09:47:52.584+0000] {logging_mixin.py:137} INFO - [2022-12-23T09:47:52.584+0000] {dag.py:3427} INFO - Setting next_dagrun for Can_I_change_name_to_this to 2022-12-22T10:00:00+00:00, run_after=2022-12-23T10:00:00+00:00
[2022-12-23T09:47:52.619+0000] {processor.py:175} INFO - Processing /opt/airflow/dags/dags.py took 0.294 seconds
[2022-12-23T09:48:22.945+0000] {processor.py:153} INFO - Started process (PID=835) to work on /opt/airflow/dags/dags.py
[2022-12-23T09:48:22.948+0000] {processor.py:743} INFO - Processing file /opt/airflow/dags/dags.py for tasks to queue
[2022-12-23T09:48:22.954+0000] {logging_mixin.py:137} INFO - [2022-12-23T09:48:22.954+0000] {dagbag.py:538} INFO - Filling up the DagBag from /opt/airflow/dags/dags.py
[2022-12-23T09:48:22.989+0000] {logging_mixin.py:137} WARNING - /home/airflow/.local/lib/python3.7/site-packages/airflow_dbt/hooks/dbt_hook.py:7 DeprecationWarning: The `airflow.hooks.base_hook.BaseHook` class is deprecated. Please use `'airflow.hooks.base.BaseHook'`.
[2022-12-23T09:48:22.998+0000] {logging_mixin.py:137} WARNING - /home/airflow/.local/lib/python3.7/site-packages/airflow_dbt/operators/dbt_operator.py:6 RemovedInAirflow3Warning: This decorator is deprecated.

In previous versions, all subclasses of BaseOperator must use apply_default decorator for the `default_args` feature to work properly.

In current version, it is optional. The decorator is applied automatically using the metaclass.
[2022-12-23T09:48:23.003+0000] {logging_mixin.py:137} WARNING - /home/airflow/.local/lib/python3.7/site-packages/airflow_dbt/operators/__init__.py:1 RemovedInAirflow3Warning: This decorator is deprecated.

In previous versions, all subclasses of BaseOperator must use apply_default decorator for the `default_args` feature to work properly.

In current version, it is optional. The decorator is applied automatically using the metaclass.
[2022-12-23T09:48:23.031+0000] {processor.py:753} INFO - DAG(s) dict_keys(['Can_I_change_name_to_this']) retrieved from /opt/airflow/dags/dags.py
[2022-12-23T09:48:23.107+0000] {logging_mixin.py:137} INFO - [2022-12-23T09:48:23.107+0000] {dag.py:2676} INFO - Sync 1 DAGs
[2022-12-23T09:48:23.157+0000] {logging_mixin.py:137} INFO - [2022-12-23T09:48:23.157+0000] {dag.py:3427} INFO - Setting next_dagrun for Can_I_change_name_to_this to 2022-12-22T10:00:00+00:00, run_after=2022-12-23T10:00:00+00:00
[2022-12-23T09:48:23.183+0000] {processor.py:175} INFO - Processing /opt/airflow/dags/dags.py took 0.247 seconds
[2022-12-23T09:48:54.505+0000] {processor.py:153} INFO - Started process (PID=897) to work on /opt/airflow/dags/dags.py
[2022-12-23T09:48:54.686+0000] {processor.py:743} INFO - Processing file /opt/airflow/dags/dags.py for tasks to queue
[2022-12-23T09:48:55.019+0000] {logging_mixin.py:137} INFO - [2022-12-23T09:48:55.018+0000] {dagbag.py:538} INFO - Filling up the DagBag from /opt/airflow/dags/dags.py
[2022-12-23T09:48:55.542+0000] {logging_mixin.py:137} WARNING - /home/airflow/.local/lib/python3.7/site-packages/airflow_dbt/hooks/dbt_hook.py:7 DeprecationWarning: The `airflow.hooks.base_hook.BaseHook` class is deprecated. Please use `'airflow.hooks.base.BaseHook'`.
[2022-12-23T09:48:56.018+0000] {logging_mixin.py:137} WARNING - /home/airflow/.local/lib/python3.7/site-packages/airflow_dbt/operators/dbt_operator.py:6 RemovedInAirflow3Warning: This decorator is deprecated.

In previous versions, all subclasses of BaseOperator must use apply_default decorator for the `default_args` feature to work properly.

In current version, it is optional. The decorator is applied automatically using the metaclass.
[2022-12-23T09:48:56.235+0000] {logging_mixin.py:137} WARNING - /home/airflow/.local/lib/python3.7/site-packages/airflow_dbt/operators/__init__.py:1 RemovedInAirflow3Warning: This decorator is deprecated.

In previous versions, all subclasses of BaseOperator must use apply_default decorator for the `default_args` feature to work properly.

In current version, it is optional. The decorator is applied automatically using the metaclass.
[2022-12-23T09:48:56.416+0000] {processor.py:753} INFO - DAG(s) dict_keys(['Can_I_change_name_to_this']) retrieved from /opt/airflow/dags/dags.py
[2022-12-23T09:48:56.511+0000] {logging_mixin.py:137} INFO - [2022-12-23T09:48:56.511+0000] {dag.py:2676} INFO - Sync 1 DAGs
[2022-12-23T09:48:56.540+0000] {logging_mixin.py:137} INFO - [2022-12-23T09:48:56.540+0000] {dag.py:3427} INFO - Setting next_dagrun for Can_I_change_name_to_this to 2022-12-22T10:00:00+00:00, run_after=2022-12-23T10:00:00+00:00
[2022-12-23T09:48:56.558+0000] {processor.py:175} INFO - Processing /opt/airflow/dags/dags.py took 2.074 seconds
[2022-12-23T09:49:26.741+0000] {processor.py:153} INFO - Started process (PID=962) to work on /opt/airflow/dags/dags.py
[2022-12-23T09:49:26.747+0000] {processor.py:743} INFO - Processing file /opt/airflow/dags/dags.py for tasks to queue
[2022-12-23T09:49:26.750+0000] {logging_mixin.py:137} INFO - [2022-12-23T09:49:26.750+0000] {dagbag.py:538} INFO - Filling up the DagBag from /opt/airflow/dags/dags.py
[2022-12-23T09:49:26.791+0000] {logging_mixin.py:137} WARNING - /home/airflow/.local/lib/python3.7/site-packages/airflow_dbt/hooks/dbt_hook.py:7 DeprecationWarning: The `airflow.hooks.base_hook.BaseHook` class is deprecated. Please use `'airflow.hooks.base.BaseHook'`.
[2022-12-23T09:49:26.806+0000] {logging_mixin.py:137} WARNING - /home/airflow/.local/lib/python3.7/site-packages/airflow_dbt/operators/dbt_operator.py:6 RemovedInAirflow3Warning: This decorator is deprecated.

In previous versions, all subclasses of BaseOperator must use apply_default decorator for the `default_args` feature to work properly.

In current version, it is optional. The decorator is applied automatically using the metaclass.
[2022-12-23T09:49:26.833+0000] {logging_mixin.py:137} WARNING - /home/airflow/.local/lib/python3.7/site-packages/airflow_dbt/operators/__init__.py:1 RemovedInAirflow3Warning: This decorator is deprecated.

In previous versions, all subclasses of BaseOperator must use apply_default decorator for the `default_args` feature to work properly.

In current version, it is optional. The decorator is applied automatically using the metaclass.
[2022-12-23T09:49:26.867+0000] {processor.py:753} INFO - DAG(s) dict_keys(['Can_I_change_name_to_this']) retrieved from /opt/airflow/dags/dags.py
[2022-12-23T09:49:26.960+0000] {logging_mixin.py:137} INFO - [2022-12-23T09:49:26.959+0000] {dag.py:2676} INFO - Sync 1 DAGs
[2022-12-23T09:49:27.001+0000] {logging_mixin.py:137} INFO - [2022-12-23T09:49:27.001+0000] {dag.py:3427} INFO - Setting next_dagrun for Can_I_change_name_to_this to 2022-12-22T10:00:00+00:00, run_after=2022-12-23T10:00:00+00:00
[2022-12-23T09:49:27.026+0000] {processor.py:175} INFO - Processing /opt/airflow/dags/dags.py took 0.294 seconds
[2022-12-23T09:49:57.997+0000] {processor.py:153} INFO - Started process (PID=1024) to work on /opt/airflow/dags/dags.py
[2022-12-23T09:49:57.999+0000] {processor.py:743} INFO - Processing file /opt/airflow/dags/dags.py for tasks to queue
[2022-12-23T09:49:58.002+0000] {logging_mixin.py:137} INFO - [2022-12-23T09:49:58.001+0000] {dagbag.py:538} INFO - Filling up the DagBag from /opt/airflow/dags/dags.py
[2022-12-23T09:49:58.036+0000] {logging_mixin.py:137} WARNING - /home/airflow/.local/lib/python3.7/site-packages/airflow_dbt/hooks/dbt_hook.py:7 DeprecationWarning: The `airflow.hooks.base_hook.BaseHook` class is deprecated. Please use `'airflow.hooks.base.BaseHook'`.
[2022-12-23T09:49:58.039+0000] {logging_mixin.py:137} WARNING - /home/airflow/.local/lib/python3.7/site-packages/airflow_dbt/operators/dbt_operator.py:6 RemovedInAirflow3Warning: This decorator is deprecated.

In previous versions, all subclasses of BaseOperator must use apply_default decorator for the `default_args` feature to work properly.

In current version, it is optional. The decorator is applied automatically using the metaclass.
[2022-12-23T09:49:58.041+0000] {logging_mixin.py:137} WARNING - /home/airflow/.local/lib/python3.7/site-packages/airflow_dbt/operators/__init__.py:1 RemovedInAirflow3Warning: This decorator is deprecated.

In previous versions, all subclasses of BaseOperator must use apply_default decorator for the `default_args` feature to work properly.

In current version, it is optional. The decorator is applied automatically using the metaclass.
[2022-12-23T09:49:58.062+0000] {processor.py:753} INFO - DAG(s) dict_keys(['Can_I_change_name_to_this']) retrieved from /opt/airflow/dags/dags.py
[2022-12-23T09:49:58.156+0000] {logging_mixin.py:137} INFO - [2022-12-23T09:49:58.156+0000] {dag.py:2676} INFO - Sync 1 DAGs
[2022-12-23T09:49:58.184+0000] {logging_mixin.py:137} INFO - [2022-12-23T09:49:58.183+0000] {dag.py:3427} INFO - Setting next_dagrun for Can_I_change_name_to_this to 2022-12-22T10:00:00+00:00, run_after=2022-12-23T10:00:00+00:00
[2022-12-23T09:49:58.206+0000] {processor.py:175} INFO - Processing /opt/airflow/dags/dags.py took 0.222 seconds
[2022-12-23T09:50:28.578+0000] {processor.py:153} INFO - Started process (PID=1087) to work on /opt/airflow/dags/dags.py
[2022-12-23T09:50:28.584+0000] {processor.py:743} INFO - Processing file /opt/airflow/dags/dags.py for tasks to queue
[2022-12-23T09:50:28.591+0000] {logging_mixin.py:137} INFO - [2022-12-23T09:50:28.591+0000] {dagbag.py:538} INFO - Filling up the DagBag from /opt/airflow/dags/dags.py
[2022-12-23T09:50:28.658+0000] {logging_mixin.py:137} WARNING - /home/airflow/.local/lib/python3.7/site-packages/airflow_dbt/hooks/dbt_hook.py:7 DeprecationWarning: The `airflow.hooks.base_hook.BaseHook` class is deprecated. Please use `'airflow.hooks.base.BaseHook'`.
[2022-12-23T09:50:28.739+0000] {logging_mixin.py:137} WARNING - /home/airflow/.local/lib/python3.7/site-packages/airflow_dbt/operators/dbt_operator.py:6 RemovedInAirflow3Warning: This decorator is deprecated.

In previous versions, all subclasses of BaseOperator must use apply_default decorator for the `default_args` feature to work properly.

In current version, it is optional. The decorator is applied automatically using the metaclass.
[2022-12-23T09:50:28.742+0000] {logging_mixin.py:137} WARNING - /home/airflow/.local/lib/python3.7/site-packages/airflow_dbt/operators/__init__.py:1 RemovedInAirflow3Warning: This decorator is deprecated.

In previous versions, all subclasses of BaseOperator must use apply_default decorator for the `default_args` feature to work properly.

In current version, it is optional. The decorator is applied automatically using the metaclass.
[2022-12-23T09:50:28.771+0000] {processor.py:753} INFO - DAG(s) dict_keys(['Can_I_change_name_to_this']) retrieved from /opt/airflow/dags/dags.py
[2022-12-23T09:50:28.834+0000] {logging_mixin.py:137} INFO - [2022-12-23T09:50:28.834+0000] {dag.py:2676} INFO - Sync 1 DAGs
[2022-12-23T09:50:28.899+0000] {logging_mixin.py:137} INFO - [2022-12-23T09:50:28.899+0000] {dag.py:3427} INFO - Setting next_dagrun for Can_I_change_name_to_this to 2022-12-22T10:00:00+00:00, run_after=2022-12-23T10:00:00+00:00
[2022-12-23T09:50:28.933+0000] {processor.py:175} INFO - Processing /opt/airflow/dags/dags.py took 0.372 seconds
[2022-12-23T09:50:59.795+0000] {processor.py:153} INFO - Started process (PID=1163) to work on /opt/airflow/dags/dags.py
[2022-12-23T09:50:59.806+0000] {processor.py:743} INFO - Processing file /opt/airflow/dags/dags.py for tasks to queue
[2022-12-23T09:50:59.811+0000] {logging_mixin.py:137} INFO - [2022-12-23T09:50:59.810+0000] {dagbag.py:538} INFO - Filling up the DagBag from /opt/airflow/dags/dags.py
[2022-12-23T09:50:59.840+0000] {logging_mixin.py:137} WARNING - /home/airflow/.local/lib/python3.7/site-packages/airflow_dbt/hooks/dbt_hook.py:7 DeprecationWarning: The `airflow.hooks.base_hook.BaseHook` class is deprecated. Please use `'airflow.hooks.base.BaseHook'`.
[2022-12-23T09:50:59.847+0000] {logging_mixin.py:137} WARNING - /home/airflow/.local/lib/python3.7/site-packages/airflow_dbt/operators/dbt_operator.py:6 RemovedInAirflow3Warning: This decorator is deprecated.

In previous versions, all subclasses of BaseOperator must use apply_default decorator for the `default_args` feature to work properly.

In current version, it is optional. The decorator is applied automatically using the metaclass.
[2022-12-23T09:50:59.850+0000] {logging_mixin.py:137} WARNING - /home/airflow/.local/lib/python3.7/site-packages/airflow_dbt/operators/__init__.py:1 RemovedInAirflow3Warning: This decorator is deprecated.

In previous versions, all subclasses of BaseOperator must use apply_default decorator for the `default_args` feature to work properly.

In current version, it is optional. The decorator is applied automatically using the metaclass.
[2022-12-23T09:50:59.867+0000] {processor.py:753} INFO - DAG(s) dict_keys(['Can_I_change_name_to_this']) retrieved from /opt/airflow/dags/dags.py
[2022-12-23T09:50:59.949+0000] {logging_mixin.py:137} INFO - [2022-12-23T09:50:59.948+0000] {dag.py:2676} INFO - Sync 1 DAGs
[2022-12-23T09:51:00.042+0000] {logging_mixin.py:137} INFO - [2022-12-23T09:51:00.041+0000] {dag.py:3427} INFO - Setting next_dagrun for Can_I_change_name_to_this to 2022-12-22T10:00:00+00:00, run_after=2022-12-23T10:00:00+00:00
[2022-12-23T09:51:00.098+0000] {processor.py:175} INFO - Processing /opt/airflow/dags/dags.py took 0.312 seconds
[2022-12-23T09:51:32.835+0000] {processor.py:153} INFO - Started process (PID=1227) to work on /opt/airflow/dags/dags.py
[2022-12-23T09:51:32.875+0000] {processor.py:743} INFO - Processing file /opt/airflow/dags/dags.py for tasks to queue
[2022-12-23T09:51:33.315+0000] {logging_mixin.py:137} INFO - [2022-12-23T09:51:33.314+0000] {dagbag.py:538} INFO - Filling up the DagBag from /opt/airflow/dags/dags.py
[2022-12-23T09:51:33.736+0000] {logging_mixin.py:137} WARNING - /home/airflow/.local/lib/python3.7/site-packages/airflow_dbt/hooks/dbt_hook.py:7 DeprecationWarning: The `airflow.hooks.base_hook.BaseHook` class is deprecated. Please use `'airflow.hooks.base.BaseHook'`.
[2022-12-23T09:51:33.745+0000] {logging_mixin.py:137} WARNING - /home/airflow/.local/lib/python3.7/site-packages/airflow_dbt/operators/dbt_operator.py:6 RemovedInAirflow3Warning: This decorator is deprecated.

In previous versions, all subclasses of BaseOperator must use apply_default decorator for the `default_args` feature to work properly.

In current version, it is optional. The decorator is applied automatically using the metaclass.
[2022-12-23T09:51:33.749+0000] {logging_mixin.py:137} WARNING - /home/airflow/.local/lib/python3.7/site-packages/airflow_dbt/operators/__init__.py:1 RemovedInAirflow3Warning: This decorator is deprecated.

In previous versions, all subclasses of BaseOperator must use apply_default decorator for the `default_args` feature to work properly.

In current version, it is optional. The decorator is applied automatically using the metaclass.
[2022-12-23T09:51:33.769+0000] {processor.py:753} INFO - DAG(s) dict_keys(['Can_I_change_name_to_this']) retrieved from /opt/airflow/dags/dags.py
[2022-12-23T09:51:33.890+0000] {logging_mixin.py:137} INFO - [2022-12-23T09:51:33.889+0000] {dag.py:2676} INFO - Sync 1 DAGs
[2022-12-23T09:51:33.936+0000] {logging_mixin.py:137} INFO - [2022-12-23T09:51:33.935+0000] {dag.py:3427} INFO - Setting next_dagrun for Can_I_change_name_to_this to 2022-12-22T10:00:00+00:00, run_after=2022-12-23T10:00:00+00:00
[2022-12-23T09:51:34.030+0000] {processor.py:175} INFO - Processing /opt/airflow/dags/dags.py took 1.239 seconds
[2022-12-23T09:52:04.858+0000] {processor.py:153} INFO - Started process (PID=1289) to work on /opt/airflow/dags/dags.py
[2022-12-23T09:52:04.875+0000] {processor.py:743} INFO - Processing file /opt/airflow/dags/dags.py for tasks to queue
[2022-12-23T09:52:04.881+0000] {logging_mixin.py:137} INFO - [2022-12-23T09:52:04.881+0000] {dagbag.py:538} INFO - Filling up the DagBag from /opt/airflow/dags/dags.py
[2022-12-23T09:52:04.969+0000] {logging_mixin.py:137} WARNING - /home/airflow/.local/lib/python3.7/site-packages/airflow_dbt/hooks/dbt_hook.py:7 DeprecationWarning: The `airflow.hooks.base_hook.BaseHook` class is deprecated. Please use `'airflow.hooks.base.BaseHook'`.
[2022-12-23T09:52:04.987+0000] {logging_mixin.py:137} WARNING - /home/airflow/.local/lib/python3.7/site-packages/airflow_dbt/operators/dbt_operator.py:6 RemovedInAirflow3Warning: This decorator is deprecated.

In previous versions, all subclasses of BaseOperator must use apply_default decorator for the `default_args` feature to work properly.

In current version, it is optional. The decorator is applied automatically using the metaclass.
[2022-12-23T09:52:04.990+0000] {logging_mixin.py:137} WARNING - /home/airflow/.local/lib/python3.7/site-packages/airflow_dbt/operators/__init__.py:1 RemovedInAirflow3Warning: This decorator is deprecated.

In previous versions, all subclasses of BaseOperator must use apply_default decorator for the `default_args` feature to work properly.

In current version, it is optional. The decorator is applied automatically using the metaclass.
[2022-12-23T09:52:05.030+0000] {processor.py:753} INFO - DAG(s) dict_keys(['Can_I_change_name_to_this']) retrieved from /opt/airflow/dags/dags.py
[2022-12-23T09:52:05.141+0000] {logging_mixin.py:137} INFO - [2022-12-23T09:52:05.140+0000] {dag.py:2676} INFO - Sync 1 DAGs
[2022-12-23T09:52:05.191+0000] {logging_mixin.py:137} INFO - [2022-12-23T09:52:05.191+0000] {dag.py:3427} INFO - Setting next_dagrun for Can_I_change_name_to_this to 2022-12-22T10:00:00+00:00, run_after=2022-12-23T10:00:00+00:00
[2022-12-23T09:52:05.228+0000] {processor.py:175} INFO - Processing /opt/airflow/dags/dags.py took 0.399 seconds
[2022-12-23T09:52:35.975+0000] {processor.py:153} INFO - Started process (PID=1352) to work on /opt/airflow/dags/dags.py
[2022-12-23T09:52:35.978+0000] {processor.py:743} INFO - Processing file /opt/airflow/dags/dags.py for tasks to queue
[2022-12-23T09:52:35.980+0000] {logging_mixin.py:137} INFO - [2022-12-23T09:52:35.980+0000] {dagbag.py:538} INFO - Filling up the DagBag from /opt/airflow/dags/dags.py
[2022-12-23T09:52:36.006+0000] {logging_mixin.py:137} WARNING - /home/airflow/.local/lib/python3.7/site-packages/airflow_dbt/hooks/dbt_hook.py:7 DeprecationWarning: The `airflow.hooks.base_hook.BaseHook` class is deprecated. Please use `'airflow.hooks.base.BaseHook'`.
[2022-12-23T09:52:36.010+0000] {logging_mixin.py:137} WARNING - /home/airflow/.local/lib/python3.7/site-packages/airflow_dbt/operators/dbt_operator.py:6 RemovedInAirflow3Warning: This decorator is deprecated.

In previous versions, all subclasses of BaseOperator must use apply_default decorator for the `default_args` feature to work properly.

In current version, it is optional. The decorator is applied automatically using the metaclass.
[2022-12-23T09:52:36.013+0000] {logging_mixin.py:137} WARNING - /home/airflow/.local/lib/python3.7/site-packages/airflow_dbt/operators/__init__.py:1 RemovedInAirflow3Warning: This decorator is deprecated.

In previous versions, all subclasses of BaseOperator must use apply_default decorator for the `default_args` feature to work properly.

In current version, it is optional. The decorator is applied automatically using the metaclass.
[2022-12-23T09:52:36.029+0000] {processor.py:753} INFO - DAG(s) dict_keys(['Can_I_change_name_to_this']) retrieved from /opt/airflow/dags/dags.py
[2022-12-23T09:52:36.069+0000] {logging_mixin.py:137} INFO - [2022-12-23T09:52:36.069+0000] {dag.py:2676} INFO - Sync 1 DAGs
[2022-12-23T09:52:36.100+0000] {logging_mixin.py:137} INFO - [2022-12-23T09:52:36.100+0000] {dag.py:3427} INFO - Setting next_dagrun for Can_I_change_name_to_this to 2022-12-22T10:00:00+00:00, run_after=2022-12-23T10:00:00+00:00
[2022-12-23T09:52:36.125+0000] {processor.py:175} INFO - Processing /opt/airflow/dags/dags.py took 0.163 seconds
[2022-12-23T09:53:06.483+0000] {processor.py:153} INFO - Started process (PID=1429) to work on /opt/airflow/dags/dags.py
[2022-12-23T09:53:06.488+0000] {processor.py:743} INFO - Processing file /opt/airflow/dags/dags.py for tasks to queue
[2022-12-23T09:53:06.490+0000] {logging_mixin.py:137} INFO - [2022-12-23T09:53:06.490+0000] {dagbag.py:538} INFO - Filling up the DagBag from /opt/airflow/dags/dags.py
[2022-12-23T09:53:06.534+0000] {logging_mixin.py:137} WARNING - /home/airflow/.local/lib/python3.7/site-packages/airflow_dbt/hooks/dbt_hook.py:7 DeprecationWarning: The `airflow.hooks.base_hook.BaseHook` class is deprecated. Please use `'airflow.hooks.base.BaseHook'`.
[2022-12-23T09:53:06.549+0000] {logging_mixin.py:137} WARNING - /home/airflow/.local/lib/python3.7/site-packages/airflow_dbt/operators/dbt_operator.py:6 RemovedInAirflow3Warning: This decorator is deprecated.

In previous versions, all subclasses of BaseOperator must use apply_default decorator for the `default_args` feature to work properly.

In current version, it is optional. The decorator is applied automatically using the metaclass.
[2022-12-23T09:53:06.559+0000] {logging_mixin.py:137} WARNING - /home/airflow/.local/lib/python3.7/site-packages/airflow_dbt/operators/__init__.py:1 RemovedInAirflow3Warning: This decorator is deprecated.

In previous versions, all subclasses of BaseOperator must use apply_default decorator for the `default_args` feature to work properly.

In current version, it is optional. The decorator is applied automatically using the metaclass.
[2022-12-23T09:53:06.622+0000] {processor.py:753} INFO - DAG(s) dict_keys(['Can_I_change_name_to_this']) retrieved from /opt/airflow/dags/dags.py
[2022-12-23T09:53:06.733+0000] {logging_mixin.py:137} INFO - [2022-12-23T09:53:06.733+0000] {dag.py:2676} INFO - Sync 1 DAGs
[2022-12-23T09:53:06.818+0000] {logging_mixin.py:137} INFO - [2022-12-23T09:53:06.817+0000] {dag.py:3427} INFO - Setting next_dagrun for Can_I_change_name_to_this to 2022-12-22T10:00:00+00:00, run_after=2022-12-23T10:00:00+00:00
[2022-12-23T09:53:06.841+0000] {processor.py:175} INFO - Processing /opt/airflow/dags/dags.py took 0.373 seconds
[2022-12-23T09:53:38.082+0000] {processor.py:153} INFO - Started process (PID=1490) to work on /opt/airflow/dags/dags.py
[2022-12-23T09:53:38.354+0000] {processor.py:743} INFO - Processing file /opt/airflow/dags/dags.py for tasks to queue
[2022-12-23T09:53:38.371+0000] {logging_mixin.py:137} INFO - [2022-12-23T09:53:38.368+0000] {dagbag.py:538} INFO - Filling up the DagBag from /opt/airflow/dags/dags.py
[2022-12-23T09:53:38.547+0000] {logging_mixin.py:137} WARNING - /home/airflow/.local/lib/python3.7/site-packages/airflow_dbt/hooks/dbt_hook.py:7 DeprecationWarning: The `airflow.hooks.base_hook.BaseHook` class is deprecated. Please use `'airflow.hooks.base.BaseHook'`.
[2022-12-23T09:53:38.556+0000] {logging_mixin.py:137} WARNING - /home/airflow/.local/lib/python3.7/site-packages/airflow_dbt/operators/dbt_operator.py:6 RemovedInAirflow3Warning: This decorator is deprecated.

In previous versions, all subclasses of BaseOperator must use apply_default decorator for the `default_args` feature to work properly.

In current version, it is optional. The decorator is applied automatically using the metaclass.
[2022-12-23T09:53:38.563+0000] {logging_mixin.py:137} WARNING - /home/airflow/.local/lib/python3.7/site-packages/airflow_dbt/operators/__init__.py:1 RemovedInAirflow3Warning: This decorator is deprecated.

In previous versions, all subclasses of BaseOperator must use apply_default decorator for the `default_args` feature to work properly.

In current version, it is optional. The decorator is applied automatically using the metaclass.
[2022-12-23T09:53:38.619+0000] {processor.py:753} INFO - DAG(s) dict_keys(['Can_I_change_name_to_this']) retrieved from /opt/airflow/dags/dags.py
[2022-12-23T09:53:38.901+0000] {logging_mixin.py:137} INFO - [2022-12-23T09:53:38.894+0000] {dag.py:2676} INFO - Sync 1 DAGs
[2022-12-23T09:53:39.001+0000] {logging_mixin.py:137} INFO - [2022-12-23T09:53:39.001+0000] {dag.py:3427} INFO - Setting next_dagrun for Can_I_change_name_to_this to 2022-12-22T10:00:00+00:00, run_after=2022-12-23T10:00:00+00:00
[2022-12-23T09:53:39.072+0000] {processor.py:175} INFO - Processing /opt/airflow/dags/dags.py took 1.024 seconds
[2022-12-23T09:54:09.467+0000] {processor.py:153} INFO - Started process (PID=1553) to work on /opt/airflow/dags/dags.py
[2022-12-23T09:54:09.485+0000] {processor.py:743} INFO - Processing file /opt/airflow/dags/dags.py for tasks to queue
[2022-12-23T09:54:09.500+0000] {logging_mixin.py:137} INFO - [2022-12-23T09:54:09.499+0000] {dagbag.py:538} INFO - Filling up the DagBag from /opt/airflow/dags/dags.py
[2022-12-23T09:54:09.655+0000] {logging_mixin.py:137} WARNING - /home/airflow/.local/lib/python3.7/site-packages/airflow_dbt/hooks/dbt_hook.py:7 DeprecationWarning: The `airflow.hooks.base_hook.BaseHook` class is deprecated. Please use `'airflow.hooks.base.BaseHook'`.
[2022-12-23T09:54:09.669+0000] {logging_mixin.py:137} WARNING - /home/airflow/.local/lib/python3.7/site-packages/airflow_dbt/operators/dbt_operator.py:6 RemovedInAirflow3Warning: This decorator is deprecated.

In previous versions, all subclasses of BaseOperator must use apply_default decorator for the `default_args` feature to work properly.

In current version, it is optional. The decorator is applied automatically using the metaclass.
[2022-12-23T09:54:09.680+0000] {logging_mixin.py:137} WARNING - /home/airflow/.local/lib/python3.7/site-packages/airflow_dbt/operators/__init__.py:1 RemovedInAirflow3Warning: This decorator is deprecated.

In previous versions, all subclasses of BaseOperator must use apply_default decorator for the `default_args` feature to work properly.

In current version, it is optional. The decorator is applied automatically using the metaclass.
[2022-12-23T09:54:09.763+0000] {processor.py:753} INFO - DAG(s) dict_keys(['Can_I_change_name_to_this']) retrieved from /opt/airflow/dags/dags.py
[2022-12-23T09:54:09.858+0000] {logging_mixin.py:137} INFO - [2022-12-23T09:54:09.857+0000] {dag.py:2676} INFO - Sync 1 DAGs
[2022-12-23T09:54:09.930+0000] {logging_mixin.py:137} INFO - [2022-12-23T09:54:09.930+0000] {dag.py:3427} INFO - Setting next_dagrun for Can_I_change_name_to_this to 2022-12-22T10:00:00+00:00, run_after=2022-12-23T10:00:00+00:00
[2022-12-23T09:54:09.999+0000] {processor.py:175} INFO - Processing /opt/airflow/dags/dags.py took 0.578 seconds
[2022-12-23T09:54:40.382+0000] {processor.py:153} INFO - Started process (PID=1628) to work on /opt/airflow/dags/dags.py
[2022-12-23T09:54:40.387+0000] {processor.py:743} INFO - Processing file /opt/airflow/dags/dags.py for tasks to queue
[2022-12-23T09:54:40.390+0000] {logging_mixin.py:137} INFO - [2022-12-23T09:54:40.390+0000] {dagbag.py:538} INFO - Filling up the DagBag from /opt/airflow/dags/dags.py
[2022-12-23T09:54:40.464+0000] {logging_mixin.py:137} WARNING - /home/airflow/.local/lib/python3.7/site-packages/airflow_dbt/hooks/dbt_hook.py:7 DeprecationWarning: The `airflow.hooks.base_hook.BaseHook` class is deprecated. Please use `'airflow.hooks.base.BaseHook'`.
[2022-12-23T09:54:40.469+0000] {logging_mixin.py:137} WARNING - /home/airflow/.local/lib/python3.7/site-packages/airflow_dbt/operators/dbt_operator.py:6 RemovedInAirflow3Warning: This decorator is deprecated.

In previous versions, all subclasses of BaseOperator must use apply_default decorator for the `default_args` feature to work properly.

In current version, it is optional. The decorator is applied automatically using the metaclass.
[2022-12-23T09:54:40.474+0000] {logging_mixin.py:137} WARNING - /home/airflow/.local/lib/python3.7/site-packages/airflow_dbt/operators/__init__.py:1 RemovedInAirflow3Warning: This decorator is deprecated.

In previous versions, all subclasses of BaseOperator must use apply_default decorator for the `default_args` feature to work properly.

In current version, it is optional. The decorator is applied automatically using the metaclass.
[2022-12-23T09:54:40.497+0000] {processor.py:753} INFO - DAG(s) dict_keys(['Can_I_change_name_to_this']) retrieved from /opt/airflow/dags/dags.py
[2022-12-23T09:54:40.582+0000] {logging_mixin.py:137} INFO - [2022-12-23T09:54:40.581+0000] {dag.py:2676} INFO - Sync 1 DAGs
[2022-12-23T09:54:40.651+0000] {logging_mixin.py:137} INFO - [2022-12-23T09:54:40.651+0000] {dag.py:3427} INFO - Setting next_dagrun for Can_I_change_name_to_this to 2022-12-22T10:00:00+00:00, run_after=2022-12-23T10:00:00+00:00
[2022-12-23T09:54:40.675+0000] {processor.py:175} INFO - Processing /opt/airflow/dags/dags.py took 0.310 seconds
[2022-12-23T09:55:11.096+0000] {processor.py:153} INFO - Started process (PID=1691) to work on /opt/airflow/dags/dags.py
[2022-12-23T09:55:11.102+0000] {processor.py:743} INFO - Processing file /opt/airflow/dags/dags.py for tasks to queue
[2022-12-23T09:55:11.105+0000] {logging_mixin.py:137} INFO - [2022-12-23T09:55:11.105+0000] {dagbag.py:538} INFO - Filling up the DagBag from /opt/airflow/dags/dags.py
[2022-12-23T09:55:11.139+0000] {logging_mixin.py:137} WARNING - /home/airflow/.local/lib/python3.7/site-packages/airflow_dbt/hooks/dbt_hook.py:7 DeprecationWarning: The `airflow.hooks.base_hook.BaseHook` class is deprecated. Please use `'airflow.hooks.base.BaseHook'`.
[2022-12-23T09:55:11.145+0000] {logging_mixin.py:137} WARNING - /home/airflow/.local/lib/python3.7/site-packages/airflow_dbt/operators/dbt_operator.py:6 RemovedInAirflow3Warning: This decorator is deprecated.

In previous versions, all subclasses of BaseOperator must use apply_default decorator for the `default_args` feature to work properly.

In current version, it is optional. The decorator is applied automatically using the metaclass.
[2022-12-23T09:55:11.148+0000] {logging_mixin.py:137} WARNING - /home/airflow/.local/lib/python3.7/site-packages/airflow_dbt/operators/__init__.py:1 RemovedInAirflow3Warning: This decorator is deprecated.

In previous versions, all subclasses of BaseOperator must use apply_default decorator for the `default_args` feature to work properly.

In current version, it is optional. The decorator is applied automatically using the metaclass.
[2022-12-23T09:55:11.197+0000] {processor.py:753} INFO - DAG(s) dict_keys(['Can_I_change_name_to_this']) retrieved from /opt/airflow/dags/dags.py
[2022-12-23T09:55:11.322+0000] {logging_mixin.py:137} INFO - [2022-12-23T09:55:11.322+0000] {dag.py:2676} INFO - Sync 1 DAGs
[2022-12-23T09:55:11.378+0000] {logging_mixin.py:137} INFO - [2022-12-23T09:55:11.378+0000] {dag.py:3427} INFO - Setting next_dagrun for Can_I_change_name_to_this to 2022-12-22T10:00:00+00:00, run_after=2022-12-23T10:00:00+00:00
[2022-12-23T09:55:11.419+0000] {processor.py:175} INFO - Processing /opt/airflow/dags/dags.py took 0.336 seconds
[2022-12-23T09:55:41.773+0000] {processor.py:153} INFO - Started process (PID=1754) to work on /opt/airflow/dags/dags.py
[2022-12-23T09:55:41.780+0000] {processor.py:743} INFO - Processing file /opt/airflow/dags/dags.py for tasks to queue
[2022-12-23T09:55:41.794+0000] {logging_mixin.py:137} INFO - [2022-12-23T09:55:41.793+0000] {dagbag.py:538} INFO - Filling up the DagBag from /opt/airflow/dags/dags.py
[2022-12-23T09:55:41.857+0000] {logging_mixin.py:137} WARNING - /home/airflow/.local/lib/python3.7/site-packages/airflow_dbt/hooks/dbt_hook.py:7 DeprecationWarning: The `airflow.hooks.base_hook.BaseHook` class is deprecated. Please use `'airflow.hooks.base.BaseHook'`.
[2022-12-23T09:55:41.863+0000] {logging_mixin.py:137} WARNING - /home/airflow/.local/lib/python3.7/site-packages/airflow_dbt/operators/dbt_operator.py:6 RemovedInAirflow3Warning: This decorator is deprecated.

In previous versions, all subclasses of BaseOperator must use apply_default decorator for the `default_args` feature to work properly.

In current version, it is optional. The decorator is applied automatically using the metaclass.
[2022-12-23T09:55:41.870+0000] {logging_mixin.py:137} WARNING - /home/airflow/.local/lib/python3.7/site-packages/airflow_dbt/operators/__init__.py:1 RemovedInAirflow3Warning: This decorator is deprecated.

In previous versions, all subclasses of BaseOperator must use apply_default decorator for the `default_args` feature to work properly.

In current version, it is optional. The decorator is applied automatically using the metaclass.
[2022-12-23T09:55:41.902+0000] {processor.py:753} INFO - DAG(s) dict_keys(['Can_I_change_name_to_this']) retrieved from /opt/airflow/dags/dags.py
[2022-12-23T09:55:42.073+0000] {logging_mixin.py:137} INFO - [2022-12-23T09:55:42.073+0000] {dag.py:2676} INFO - Sync 1 DAGs
[2022-12-23T09:55:42.140+0000] {logging_mixin.py:137} INFO - [2022-12-23T09:55:42.140+0000] {dag.py:3427} INFO - Setting next_dagrun for Can_I_change_name_to_this to 2022-12-22T10:00:00+00:00, run_after=2022-12-23T10:00:00+00:00
[2022-12-23T09:55:42.171+0000] {processor.py:175} INFO - Processing /opt/airflow/dags/dags.py took 0.410 seconds
[2022-12-23T09:56:13.340+0000] {processor.py:153} INFO - Started process (PID=1827) to work on /opt/airflow/dags/dags.py
[2022-12-23T09:56:13.360+0000] {processor.py:743} INFO - Processing file /opt/airflow/dags/dags.py for tasks to queue
[2022-12-23T09:56:13.371+0000] {logging_mixin.py:137} INFO - [2022-12-23T09:56:13.369+0000] {dagbag.py:538} INFO - Filling up the DagBag from /opt/airflow/dags/dags.py
[2022-12-23T09:56:13.462+0000] {logging_mixin.py:137} WARNING - /home/airflow/.local/lib/python3.7/site-packages/airflow_dbt/hooks/dbt_hook.py:7 DeprecationWarning: The `airflow.hooks.base_hook.BaseHook` class is deprecated. Please use `'airflow.hooks.base.BaseHook'`.
[2022-12-23T09:56:13.473+0000] {logging_mixin.py:137} WARNING - /home/airflow/.local/lib/python3.7/site-packages/airflow_dbt/operators/dbt_operator.py:6 RemovedInAirflow3Warning: This decorator is deprecated.

In previous versions, all subclasses of BaseOperator must use apply_default decorator for the `default_args` feature to work properly.

In current version, it is optional. The decorator is applied automatically using the metaclass.
[2022-12-23T09:56:13.478+0000] {logging_mixin.py:137} WARNING - /home/airflow/.local/lib/python3.7/site-packages/airflow_dbt/operators/__init__.py:1 RemovedInAirflow3Warning: This decorator is deprecated.

In previous versions, all subclasses of BaseOperator must use apply_default decorator for the `default_args` feature to work properly.

In current version, it is optional. The decorator is applied automatically using the metaclass.
[2022-12-23T09:56:13.511+0000] {processor.py:753} INFO - DAG(s) dict_keys(['Can_I_change_name_to_this']) retrieved from /opt/airflow/dags/dags.py
[2022-12-23T09:56:13.583+0000] {logging_mixin.py:137} INFO - [2022-12-23T09:56:13.583+0000] {dag.py:2676} INFO - Sync 1 DAGs
[2022-12-23T09:56:13.620+0000] {logging_mixin.py:137} INFO - [2022-12-23T09:56:13.620+0000] {dag.py:3427} INFO - Setting next_dagrun for Can_I_change_name_to_this to 2022-12-22T10:00:00+00:00, run_after=2022-12-23T10:00:00+00:00
[2022-12-23T09:56:13.654+0000] {processor.py:175} INFO - Processing /opt/airflow/dags/dags.py took 0.335 seconds
[2022-12-23T09:56:44.637+0000] {processor.py:153} INFO - Started process (PID=1893) to work on /opt/airflow/dags/dags.py
[2022-12-23T09:56:44.643+0000] {processor.py:743} INFO - Processing file /opt/airflow/dags/dags.py for tasks to queue
[2022-12-23T09:56:44.646+0000] {logging_mixin.py:137} INFO - [2022-12-23T09:56:44.646+0000] {dagbag.py:538} INFO - Filling up the DagBag from /opt/airflow/dags/dags.py
[2022-12-23T09:56:44.712+0000] {logging_mixin.py:137} WARNING - /home/airflow/.local/lib/python3.7/site-packages/airflow_dbt/hooks/dbt_hook.py:7 DeprecationWarning: The `airflow.hooks.base_hook.BaseHook` class is deprecated. Please use `'airflow.hooks.base.BaseHook'`.
[2022-12-23T09:56:44.715+0000] {logging_mixin.py:137} WARNING - /home/airflow/.local/lib/python3.7/site-packages/airflow_dbt/operators/dbt_operator.py:6 RemovedInAirflow3Warning: This decorator is deprecated.

In previous versions, all subclasses of BaseOperator must use apply_default decorator for the `default_args` feature to work properly.

In current version, it is optional. The decorator is applied automatically using the metaclass.
[2022-12-23T09:56:44.720+0000] {logging_mixin.py:137} WARNING - /home/airflow/.local/lib/python3.7/site-packages/airflow_dbt/operators/__init__.py:1 RemovedInAirflow3Warning: This decorator is deprecated.

In previous versions, all subclasses of BaseOperator must use apply_default decorator for the `default_args` feature to work properly.

In current version, it is optional. The decorator is applied automatically using the metaclass.
[2022-12-23T09:56:44.752+0000] {processor.py:753} INFO - DAG(s) dict_keys(['Can_I_change_name_to_this']) retrieved from /opt/airflow/dags/dags.py
[2022-12-23T09:56:44.837+0000] {logging_mixin.py:137} INFO - [2022-12-23T09:56:44.837+0000] {dag.py:2676} INFO - Sync 1 DAGs
[2022-12-23T09:56:44.879+0000] {logging_mixin.py:137} INFO - [2022-12-23T09:56:44.879+0000] {dag.py:3427} INFO - Setting next_dagrun for Can_I_change_name_to_this to 2022-12-22T10:00:00+00:00, run_after=2022-12-23T10:00:00+00:00
[2022-12-23T09:56:44.904+0000] {processor.py:175} INFO - Processing /opt/airflow/dags/dags.py took 0.283 seconds
[2022-12-23T09:57:15.302+0000] {processor.py:153} INFO - Started process (PID=1957) to work on /opt/airflow/dags/dags.py
[2022-12-23T09:57:15.308+0000] {processor.py:743} INFO - Processing file /opt/airflow/dags/dags.py for tasks to queue
[2022-12-23T09:57:15.311+0000] {logging_mixin.py:137} INFO - [2022-12-23T09:57:15.311+0000] {dagbag.py:538} INFO - Filling up the DagBag from /opt/airflow/dags/dags.py
[2022-12-23T09:57:15.348+0000] {logging_mixin.py:137} WARNING - /home/airflow/.local/lib/python3.7/site-packages/airflow_dbt/hooks/dbt_hook.py:7 DeprecationWarning: The `airflow.hooks.base_hook.BaseHook` class is deprecated. Please use `'airflow.hooks.base.BaseHook'`.
[2022-12-23T09:57:15.354+0000] {logging_mixin.py:137} WARNING - /home/airflow/.local/lib/python3.7/site-packages/airflow_dbt/operators/dbt_operator.py:6 RemovedInAirflow3Warning: This decorator is deprecated.

In previous versions, all subclasses of BaseOperator must use apply_default decorator for the `default_args` feature to work properly.

In current version, it is optional. The decorator is applied automatically using the metaclass.
[2022-12-23T09:57:15.358+0000] {logging_mixin.py:137} WARNING - /home/airflow/.local/lib/python3.7/site-packages/airflow_dbt/operators/__init__.py:1 RemovedInAirflow3Warning: This decorator is deprecated.

In previous versions, all subclasses of BaseOperator must use apply_default decorator for the `default_args` feature to work properly.

In current version, it is optional. The decorator is applied automatically using the metaclass.
[2022-12-23T09:57:15.393+0000] {processor.py:753} INFO - DAG(s) dict_keys(['Can_I_change_name_to_this']) retrieved from /opt/airflow/dags/dags.py
[2022-12-23T09:57:15.462+0000] {logging_mixin.py:137} INFO - [2022-12-23T09:57:15.461+0000] {dag.py:2676} INFO - Sync 1 DAGs
[2022-12-23T09:57:15.495+0000] {logging_mixin.py:137} INFO - [2022-12-23T09:57:15.495+0000] {dag.py:3427} INFO - Setting next_dagrun for Can_I_change_name_to_this to 2022-12-22T10:00:00+00:00, run_after=2022-12-23T10:00:00+00:00
[2022-12-23T09:57:15.523+0000] {processor.py:175} INFO - Processing /opt/airflow/dags/dags.py took 0.227 seconds
[2022-12-23T09:57:46.348+0000] {processor.py:153} INFO - Started process (PID=2032) to work on /opt/airflow/dags/dags.py
[2022-12-23T09:57:46.351+0000] {processor.py:743} INFO - Processing file /opt/airflow/dags/dags.py for tasks to queue
[2022-12-23T09:57:46.354+0000] {logging_mixin.py:137} INFO - [2022-12-23T09:57:46.354+0000] {dagbag.py:538} INFO - Filling up the DagBag from /opt/airflow/dags/dags.py
[2022-12-23T09:57:46.389+0000] {logging_mixin.py:137} WARNING - /home/airflow/.local/lib/python3.7/site-packages/airflow_dbt/hooks/dbt_hook.py:7 DeprecationWarning: The `airflow.hooks.base_hook.BaseHook` class is deprecated. Please use `'airflow.hooks.base.BaseHook'`.
[2022-12-23T09:57:46.408+0000] {logging_mixin.py:137} WARNING - /home/airflow/.local/lib/python3.7/site-packages/airflow_dbt/operators/dbt_operator.py:6 RemovedInAirflow3Warning: This decorator is deprecated.

In previous versions, all subclasses of BaseOperator must use apply_default decorator for the `default_args` feature to work properly.

In current version, it is optional. The decorator is applied automatically using the metaclass.
[2022-12-23T09:57:46.412+0000] {logging_mixin.py:137} WARNING - /home/airflow/.local/lib/python3.7/site-packages/airflow_dbt/operators/__init__.py:1 RemovedInAirflow3Warning: This decorator is deprecated.

In previous versions, all subclasses of BaseOperator must use apply_default decorator for the `default_args` feature to work properly.

In current version, it is optional. The decorator is applied automatically using the metaclass.
[2022-12-23T09:57:46.441+0000] {processor.py:753} INFO - DAG(s) dict_keys(['Can_I_change_name_to_this']) retrieved from /opt/airflow/dags/dags.py
[2022-12-23T09:57:46.578+0000] {logging_mixin.py:137} INFO - [2022-12-23T09:57:46.578+0000] {dag.py:2676} INFO - Sync 1 DAGs
[2022-12-23T09:57:46.657+0000] {logging_mixin.py:137} INFO - [2022-12-23T09:57:46.655+0000] {dag.py:3427} INFO - Setting next_dagrun for Can_I_change_name_to_this to 2022-12-22T10:00:00+00:00, run_after=2022-12-23T10:00:00+00:00
[2022-12-23T09:57:46.680+0000] {processor.py:175} INFO - Processing /opt/airflow/dags/dags.py took 0.339 seconds
[2022-12-23T09:58:17.708+0000] {processor.py:153} INFO - Started process (PID=2092) to work on /opt/airflow/dags/dags.py
[2022-12-23T09:58:17.728+0000] {processor.py:743} INFO - Processing file /opt/airflow/dags/dags.py for tasks to queue
[2022-12-23T09:58:17.735+0000] {logging_mixin.py:137} INFO - [2022-12-23T09:58:17.735+0000] {dagbag.py:538} INFO - Filling up the DagBag from /opt/airflow/dags/dags.py
[2022-12-23T09:58:18.591+0000] {logging_mixin.py:137} WARNING - /home/airflow/.local/lib/python3.7/site-packages/airflow_dbt/hooks/dbt_hook.py:7 DeprecationWarning: The `airflow.hooks.base_hook.BaseHook` class is deprecated. Please use `'airflow.hooks.base.BaseHook'`.
[2022-12-23T09:58:18.823+0000] {logging_mixin.py:137} WARNING - /home/airflow/.local/lib/python3.7/site-packages/airflow_dbt/operators/dbt_operator.py:6 RemovedInAirflow3Warning: This decorator is deprecated.

In previous versions, all subclasses of BaseOperator must use apply_default decorator for the `default_args` feature to work properly.

In current version, it is optional. The decorator is applied automatically using the metaclass.
[2022-12-23T09:58:18.847+0000] {logging_mixin.py:137} WARNING - /home/airflow/.local/lib/python3.7/site-packages/airflow_dbt/operators/__init__.py:1 RemovedInAirflow3Warning: This decorator is deprecated.

In previous versions, all subclasses of BaseOperator must use apply_default decorator for the `default_args` feature to work properly.

In current version, it is optional. The decorator is applied automatically using the metaclass.
[2022-12-23T09:58:19.240+0000] {processor.py:753} INFO - DAG(s) dict_keys(['Can_I_change_name_to_this']) retrieved from /opt/airflow/dags/dags.py
[2022-12-23T09:58:22.510+0000] {logging_mixin.py:137} INFO - [2022-12-23T09:58:22.506+0000] {dag.py:2676} INFO - Sync 1 DAGs
[2022-12-23T09:58:22.698+0000] {logging_mixin.py:137} INFO - [2022-12-23T09:58:22.693+0000] {dag.py:3427} INFO - Setting next_dagrun for Can_I_change_name_to_this to 2022-12-22T10:00:00+00:00, run_after=2022-12-23T10:00:00+00:00
[2022-12-23T09:58:23.004+0000] {processor.py:175} INFO - Processing /opt/airflow/dags/dags.py took 5.331 seconds
[2022-12-23T09:58:54.244+0000] {processor.py:153} INFO - Started process (PID=2156) to work on /opt/airflow/dags/dags.py
[2022-12-23T09:58:54.249+0000] {processor.py:743} INFO - Processing file /opt/airflow/dags/dags.py for tasks to queue
[2022-12-23T09:58:54.253+0000] {logging_mixin.py:137} INFO - [2022-12-23T09:58:54.253+0000] {dagbag.py:538} INFO - Filling up the DagBag from /opt/airflow/dags/dags.py
[2022-12-23T09:58:54.305+0000] {logging_mixin.py:137} WARNING - /home/airflow/.local/lib/python3.7/site-packages/airflow_dbt/hooks/dbt_hook.py:7 DeprecationWarning: The `airflow.hooks.base_hook.BaseHook` class is deprecated. Please use `'airflow.hooks.base.BaseHook'`.
[2022-12-23T09:58:54.311+0000] {logging_mixin.py:137} WARNING - /home/airflow/.local/lib/python3.7/site-packages/airflow_dbt/operators/dbt_operator.py:6 RemovedInAirflow3Warning: This decorator is deprecated.

In previous versions, all subclasses of BaseOperator must use apply_default decorator for the `default_args` feature to work properly.

In current version, it is optional. The decorator is applied automatically using the metaclass.
[2022-12-23T09:58:54.314+0000] {logging_mixin.py:137} WARNING - /home/airflow/.local/lib/python3.7/site-packages/airflow_dbt/operators/__init__.py:1 RemovedInAirflow3Warning: This decorator is deprecated.

In previous versions, all subclasses of BaseOperator must use apply_default decorator for the `default_args` feature to work properly.

In current version, it is optional. The decorator is applied automatically using the metaclass.
[2022-12-23T09:58:54.375+0000] {processor.py:753} INFO - DAG(s) dict_keys(['Can_I_change_name_to_this']) retrieved from /opt/airflow/dags/dags.py
[2022-12-23T09:58:54.555+0000] {logging_mixin.py:137} INFO - [2022-12-23T09:58:54.555+0000] {dag.py:2676} INFO - Sync 1 DAGs
[2022-12-23T09:58:54.619+0000] {logging_mixin.py:137} INFO - [2022-12-23T09:58:54.619+0000] {dag.py:3427} INFO - Setting next_dagrun for Can_I_change_name_to_this to 2022-12-22T10:00:00+00:00, run_after=2022-12-23T10:00:00+00:00
[2022-12-23T09:58:54.731+0000] {processor.py:175} INFO - Processing /opt/airflow/dags/dags.py took 0.505 seconds
[2022-12-23T09:59:26.142+0000] {processor.py:153} INFO - Started process (PID=2219) to work on /opt/airflow/dags/dags.py
[2022-12-23T09:59:26.276+0000] {processor.py:743} INFO - Processing file /opt/airflow/dags/dags.py for tasks to queue
[2022-12-23T09:59:26.310+0000] {logging_mixin.py:137} INFO - [2022-12-23T09:59:26.294+0000] {dagbag.py:538} INFO - Filling up the DagBag from /opt/airflow/dags/dags.py
[2022-12-23T09:59:26.520+0000] {logging_mixin.py:137} WARNING - /home/airflow/.local/lib/python3.7/site-packages/airflow_dbt/hooks/dbt_hook.py:7 DeprecationWarning: The `airflow.hooks.base_hook.BaseHook` class is deprecated. Please use `'airflow.hooks.base.BaseHook'`.
[2022-12-23T09:59:26.531+0000] {logging_mixin.py:137} WARNING - /home/airflow/.local/lib/python3.7/site-packages/airflow_dbt/operators/dbt_operator.py:6 RemovedInAirflow3Warning: This decorator is deprecated.

In previous versions, all subclasses of BaseOperator must use apply_default decorator for the `default_args` feature to work properly.

In current version, it is optional. The decorator is applied automatically using the metaclass.
[2022-12-23T09:59:26.537+0000] {logging_mixin.py:137} WARNING - /home/airflow/.local/lib/python3.7/site-packages/airflow_dbt/operators/__init__.py:1 RemovedInAirflow3Warning: This decorator is deprecated.

In previous versions, all subclasses of BaseOperator must use apply_default decorator for the `default_args` feature to work properly.

In current version, it is optional. The decorator is applied automatically using the metaclass.
[2022-12-23T09:59:26.695+0000] {processor.py:753} INFO - DAG(s) dict_keys(['Can_I_change_name_to_this']) retrieved from /opt/airflow/dags/dags.py
[2022-12-23T09:59:26.965+0000] {logging_mixin.py:137} INFO - [2022-12-23T09:59:26.964+0000] {dag.py:2676} INFO - Sync 1 DAGs
[2022-12-23T09:59:27.185+0000] {logging_mixin.py:137} INFO - [2022-12-23T09:59:27.185+0000] {dag.py:3427} INFO - Setting next_dagrun for Can_I_change_name_to_this to 2022-12-22T10:00:00+00:00, run_after=2022-12-23T10:00:00+00:00
[2022-12-23T09:59:27.236+0000] {processor.py:175} INFO - Processing /opt/airflow/dags/dags.py took 1.240 seconds
[2022-12-23T09:59:58.044+0000] {processor.py:153} INFO - Started process (PID=2284) to work on /opt/airflow/dags/dags.py
[2022-12-23T09:59:58.050+0000] {processor.py:743} INFO - Processing file /opt/airflow/dags/dags.py for tasks to queue
[2022-12-23T09:59:58.053+0000] {logging_mixin.py:137} INFO - [2022-12-23T09:59:58.052+0000] {dagbag.py:538} INFO - Filling up the DagBag from /opt/airflow/dags/dags.py
[2022-12-23T09:59:58.093+0000] {logging_mixin.py:137} WARNING - /home/airflow/.local/lib/python3.7/site-packages/airflow_dbt/hooks/dbt_hook.py:7 DeprecationWarning: The `airflow.hooks.base_hook.BaseHook` class is deprecated. Please use `'airflow.hooks.base.BaseHook'`.
[2022-12-23T09:59:58.098+0000] {logging_mixin.py:137} WARNING - /home/airflow/.local/lib/python3.7/site-packages/airflow_dbt/operators/dbt_operator.py:6 RemovedInAirflow3Warning: This decorator is deprecated.

In previous versions, all subclasses of BaseOperator must use apply_default decorator for the `default_args` feature to work properly.

In current version, it is optional. The decorator is applied automatically using the metaclass.
[2022-12-23T09:59:58.101+0000] {logging_mixin.py:137} WARNING - /home/airflow/.local/lib/python3.7/site-packages/airflow_dbt/operators/__init__.py:1 RemovedInAirflow3Warning: This decorator is deprecated.

In previous versions, all subclasses of BaseOperator must use apply_default decorator for the `default_args` feature to work properly.

In current version, it is optional. The decorator is applied automatically using the metaclass.
[2022-12-23T09:59:58.129+0000] {processor.py:753} INFO - DAG(s) dict_keys(['Can_I_change_name_to_this']) retrieved from /opt/airflow/dags/dags.py
[2022-12-23T09:59:58.201+0000] {logging_mixin.py:137} INFO - [2022-12-23T09:59:58.201+0000] {dag.py:2676} INFO - Sync 1 DAGs
[2022-12-23T09:59:58.251+0000] {logging_mixin.py:137} INFO - [2022-12-23T09:59:58.251+0000] {dag.py:3427} INFO - Setting next_dagrun for Can_I_change_name_to_this to 2022-12-22T10:00:00+00:00, run_after=2022-12-23T10:00:00+00:00
[2022-12-23T09:59:58.280+0000] {processor.py:175} INFO - Processing /opt/airflow/dags/dags.py took 0.245 seconds
[2022-12-23T10:00:29.047+0000] {processor.py:153} INFO - Started process (PID=2350) to work on /opt/airflow/dags/dags.py
[2022-12-23T10:00:29.274+0000] {processor.py:743} INFO - Processing file /opt/airflow/dags/dags.py for tasks to queue
[2022-12-23T10:00:29.279+0000] {logging_mixin.py:137} INFO - [2022-12-23T10:00:29.278+0000] {dagbag.py:538} INFO - Filling up the DagBag from /opt/airflow/dags/dags.py
[2022-12-23T10:00:29.374+0000] {logging_mixin.py:137} WARNING - /home/airflow/.local/lib/python3.7/site-packages/airflow_dbt/hooks/dbt_hook.py:7 DeprecationWarning: The `airflow.hooks.base_hook.BaseHook` class is deprecated. Please use `'airflow.hooks.base.BaseHook'`.
[2022-12-23T10:00:29.385+0000] {logging_mixin.py:137} WARNING - /home/airflow/.local/lib/python3.7/site-packages/airflow_dbt/operators/dbt_operator.py:6 RemovedInAirflow3Warning: This decorator is deprecated.

In previous versions, all subclasses of BaseOperator must use apply_default decorator for the `default_args` feature to work properly.

In current version, it is optional. The decorator is applied automatically using the metaclass.
[2022-12-23T10:00:29.392+0000] {logging_mixin.py:137} WARNING - /home/airflow/.local/lib/python3.7/site-packages/airflow_dbt/operators/__init__.py:1 RemovedInAirflow3Warning: This decorator is deprecated.

In previous versions, all subclasses of BaseOperator must use apply_default decorator for the `default_args` feature to work properly.

In current version, it is optional. The decorator is applied automatically using the metaclass.
[2022-12-23T10:00:29.450+0000] {processor.py:753} INFO - DAG(s) dict_keys(['Can_I_change_name_to_this']) retrieved from /opt/airflow/dags/dags.py
[2022-12-23T10:00:29.561+0000] {logging_mixin.py:137} INFO - [2022-12-23T10:00:29.560+0000] {dag.py:2676} INFO - Sync 1 DAGs
[2022-12-23T10:00:29.718+0000] {processor.py:175} INFO - Processing /opt/airflow/dags/dags.py took 0.697 seconds
[2022-12-23T10:01:29.320+0000] {processor.py:153} INFO - Started process (PID=2426) to work on /opt/airflow/dags/dags.py
[2022-12-23T10:01:29.331+0000] {processor.py:743} INFO - Processing file /opt/airflow/dags/dags.py for tasks to queue
[2022-12-23T10:01:29.357+0000] {logging_mixin.py:137} INFO - [2022-12-23T10:01:29.357+0000] {dagbag.py:538} INFO - Filling up the DagBag from /opt/airflow/dags/dags.py
[2022-12-23T10:01:29.502+0000] {logging_mixin.py:137} WARNING - /home/airflow/.local/lib/python3.7/site-packages/airflow_dbt/hooks/dbt_hook.py:7 DeprecationWarning: The `airflow.hooks.base_hook.BaseHook` class is deprecated. Please use `'airflow.hooks.base.BaseHook'`.
[2022-12-23T10:01:29.516+0000] {logging_mixin.py:137} WARNING - /home/airflow/.local/lib/python3.7/site-packages/airflow_dbt/operators/dbt_operator.py:6 RemovedInAirflow3Warning: This decorator is deprecated.

In previous versions, all subclasses of BaseOperator must use apply_default decorator for the `default_args` feature to work properly.

In current version, it is optional. The decorator is applied automatically using the metaclass.
[2022-12-23T10:01:29.533+0000] {logging_mixin.py:137} WARNING - /home/airflow/.local/lib/python3.7/site-packages/airflow_dbt/operators/__init__.py:1 RemovedInAirflow3Warning: This decorator is deprecated.

In previous versions, all subclasses of BaseOperator must use apply_default decorator for the `default_args` feature to work properly.

In current version, it is optional. The decorator is applied automatically using the metaclass.
[2022-12-23T10:01:29.695+0000] {processor.py:753} INFO - DAG(s) dict_keys(['Can_I_change_name_to_this']) retrieved from /opt/airflow/dags/dags.py
[2022-12-23T10:01:30.376+0000] {logging_mixin.py:137} INFO - [2022-12-23T10:01:30.376+0000] {dag.py:2676} INFO - Sync 1 DAGs
[2022-12-23T10:01:30.709+0000] {processor.py:175} INFO - Processing /opt/airflow/dags/dags.py took 1.392 seconds
[2022-12-23T10:02:06.382+0000] {processor.py:153} INFO - Started process (PID=2459) to work on /opt/airflow/dags/dags.py
[2022-12-23T10:02:06.386+0000] {processor.py:743} INFO - Processing file /opt/airflow/dags/dags.py for tasks to queue
[2022-12-23T10:02:06.388+0000] {logging_mixin.py:137} INFO - [2022-12-23T10:02:06.388+0000] {dagbag.py:538} INFO - Filling up the DagBag from /opt/airflow/dags/dags.py
[2022-12-23T10:02:06.482+0000] {logging_mixin.py:137} WARNING - /home/airflow/.local/lib/python3.7/site-packages/airflow_dbt/hooks/dbt_hook.py:7 DeprecationWarning: The `airflow.hooks.base_hook.BaseHook` class is deprecated. Please use `'airflow.hooks.base.BaseHook'`.
[2022-12-23T10:02:06.486+0000] {logging_mixin.py:137} WARNING - /home/airflow/.local/lib/python3.7/site-packages/airflow_dbt/operators/dbt_operator.py:6 RemovedInAirflow3Warning: This decorator is deprecated.

In previous versions, all subclasses of BaseOperator must use apply_default decorator for the `default_args` feature to work properly.

In current version, it is optional. The decorator is applied automatically using the metaclass.
[2022-12-23T10:02:06.490+0000] {logging_mixin.py:137} WARNING - /home/airflow/.local/lib/python3.7/site-packages/airflow_dbt/operators/__init__.py:1 RemovedInAirflow3Warning: This decorator is deprecated.

In previous versions, all subclasses of BaseOperator must use apply_default decorator for the `default_args` feature to work properly.

In current version, it is optional. The decorator is applied automatically using the metaclass.
[2022-12-23T10:02:06.510+0000] {processor.py:753} INFO - DAG(s) dict_keys(['Can_I_change_name_to_this']) retrieved from /opt/airflow/dags/dags.py
[2022-12-23T10:02:06.687+0000] {logging_mixin.py:137} INFO - [2022-12-23T10:02:06.686+0000] {dag.py:2676} INFO - Sync 1 DAGs
[2022-12-23T10:02:06.797+0000] {processor.py:175} INFO - Processing /opt/airflow/dags/dags.py took 0.421 seconds
[2022-12-23T10:02:43.190+0000] {processor.py:153} INFO - Started process (PID=2522) to work on /opt/airflow/dags/dags.py
[2022-12-23T10:02:43.197+0000] {processor.py:743} INFO - Processing file /opt/airflow/dags/dags.py for tasks to queue
[2022-12-23T10:02:43.202+0000] {logging_mixin.py:137} INFO - [2022-12-23T10:02:43.202+0000] {dagbag.py:538} INFO - Filling up the DagBag from /opt/airflow/dags/dags.py
[2022-12-23T10:02:43.257+0000] {logging_mixin.py:137} WARNING - /home/airflow/.local/lib/python3.7/site-packages/airflow_dbt/hooks/dbt_hook.py:7 DeprecationWarning: The `airflow.hooks.base_hook.BaseHook` class is deprecated. Please use `'airflow.hooks.base.BaseHook'`.
[2022-12-23T10:02:43.265+0000] {logging_mixin.py:137} WARNING - /home/airflow/.local/lib/python3.7/site-packages/airflow_dbt/operators/dbt_operator.py:6 RemovedInAirflow3Warning: This decorator is deprecated.

In previous versions, all subclasses of BaseOperator must use apply_default decorator for the `default_args` feature to work properly.

In current version, it is optional. The decorator is applied automatically using the metaclass.
[2022-12-23T10:02:43.294+0000] {logging_mixin.py:137} WARNING - /home/airflow/.local/lib/python3.7/site-packages/airflow_dbt/operators/__init__.py:1 RemovedInAirflow3Warning: This decorator is deprecated.

In previous versions, all subclasses of BaseOperator must use apply_default decorator for the `default_args` feature to work properly.

In current version, it is optional. The decorator is applied automatically using the metaclass.
[2022-12-23T10:02:43.324+0000] {processor.py:753} INFO - DAG(s) dict_keys(['Can_I_change_name_to_this']) retrieved from /opt/airflow/dags/dags.py
[2022-12-23T10:02:43.418+0000] {logging_mixin.py:137} INFO - [2022-12-23T10:02:43.418+0000] {dag.py:2676} INFO - Sync 1 DAGs
[2022-12-23T10:02:43.548+0000] {processor.py:175} INFO - Processing /opt/airflow/dags/dags.py took 0.361 seconds
[2022-12-23T10:03:14.523+0000] {processor.py:153} INFO - Started process (PID=2590) to work on /opt/airflow/dags/dags.py
[2022-12-23T10:03:14.527+0000] {processor.py:743} INFO - Processing file /opt/airflow/dags/dags.py for tasks to queue
[2022-12-23T10:03:14.530+0000] {logging_mixin.py:137} INFO - [2022-12-23T10:03:14.530+0000] {dagbag.py:538} INFO - Filling up the DagBag from /opt/airflow/dags/dags.py
[2022-12-23T10:03:14.574+0000] {logging_mixin.py:137} WARNING - /home/airflow/.local/lib/python3.7/site-packages/airflow_dbt/hooks/dbt_hook.py:7 DeprecationWarning: The `airflow.hooks.base_hook.BaseHook` class is deprecated. Please use `'airflow.hooks.base.BaseHook'`.
[2022-12-23T10:03:14.580+0000] {logging_mixin.py:137} WARNING - /home/airflow/.local/lib/python3.7/site-packages/airflow_dbt/operators/dbt_operator.py:6 RemovedInAirflow3Warning: This decorator is deprecated.

In previous versions, all subclasses of BaseOperator must use apply_default decorator for the `default_args` feature to work properly.

In current version, it is optional. The decorator is applied automatically using the metaclass.
[2022-12-23T10:03:14.587+0000] {logging_mixin.py:137} WARNING - /home/airflow/.local/lib/python3.7/site-packages/airflow_dbt/operators/__init__.py:1 RemovedInAirflow3Warning: This decorator is deprecated.

In previous versions, all subclasses of BaseOperator must use apply_default decorator for the `default_args` feature to work properly.

In current version, it is optional. The decorator is applied automatically using the metaclass.
[2022-12-23T10:03:14.609+0000] {processor.py:753} INFO - DAG(s) dict_keys(['Can_I_change_name_to_this']) retrieved from /opt/airflow/dags/dags.py
[2022-12-23T10:03:14.668+0000] {logging_mixin.py:137} INFO - [2022-12-23T10:03:14.668+0000] {dag.py:2676} INFO - Sync 1 DAGs
[2022-12-23T10:03:14.743+0000] {processor.py:175} INFO - Processing /opt/airflow/dags/dags.py took 0.226 seconds
[2022-12-23T10:03:45.280+0000] {processor.py:153} INFO - Started process (PID=2661) to work on /opt/airflow/dags/dags.py
[2022-12-23T10:03:45.291+0000] {processor.py:743} INFO - Processing file /opt/airflow/dags/dags.py for tasks to queue
[2022-12-23T10:03:45.302+0000] {logging_mixin.py:137} INFO - [2022-12-23T10:03:45.302+0000] {dagbag.py:538} INFO - Filling up the DagBag from /opt/airflow/dags/dags.py
[2022-12-23T10:03:45.404+0000] {logging_mixin.py:137} WARNING - /home/airflow/.local/lib/python3.7/site-packages/airflow_dbt/hooks/dbt_hook.py:7 DeprecationWarning: The `airflow.hooks.base_hook.BaseHook` class is deprecated. Please use `'airflow.hooks.base.BaseHook'`.
[2022-12-23T10:03:45.422+0000] {logging_mixin.py:137} WARNING - /home/airflow/.local/lib/python3.7/site-packages/airflow_dbt/operators/dbt_operator.py:6 RemovedInAirflow3Warning: This decorator is deprecated.

In previous versions, all subclasses of BaseOperator must use apply_default decorator for the `default_args` feature to work properly.

In current version, it is optional. The decorator is applied automatically using the metaclass.
[2022-12-23T10:03:45.440+0000] {logging_mixin.py:137} WARNING - /home/airflow/.local/lib/python3.7/site-packages/airflow_dbt/operators/__init__.py:1 RemovedInAirflow3Warning: This decorator is deprecated.

In previous versions, all subclasses of BaseOperator must use apply_default decorator for the `default_args` feature to work properly.

In current version, it is optional. The decorator is applied automatically using the metaclass.
[2022-12-23T10:03:45.522+0000] {processor.py:753} INFO - DAG(s) dict_keys(['Can_I_change_name_to_this']) retrieved from /opt/airflow/dags/dags.py
[2022-12-23T10:03:45.716+0000] {logging_mixin.py:137} INFO - [2022-12-23T10:03:45.716+0000] {dag.py:2676} INFO - Sync 1 DAGs
[2022-12-23T10:03:45.906+0000] {processor.py:175} INFO - Processing /opt/airflow/dags/dags.py took 0.689 seconds
