[2022-12-17T03:11:48.433+0000] {taskinstance.py:1165} INFO - Dependencies all met for <TaskInstance: Can_I_change_name_to_this.task_9 manual__2022-12-17T03:10:54.152849+00:00 [queued]>
[2022-12-17T03:11:48.453+0000] {taskinstance.py:1165} INFO - Dependencies all met for <TaskInstance: Can_I_change_name_to_this.task_9 manual__2022-12-17T03:10:54.152849+00:00 [queued]>
[2022-12-17T03:11:48.456+0000] {taskinstance.py:1362} INFO - 
--------------------------------------------------------------------------------
[2022-12-17T03:11:48.459+0000] {taskinstance.py:1363} INFO - Starting attempt 1 of 1
[2022-12-17T03:11:48.466+0000] {taskinstance.py:1364} INFO - 
--------------------------------------------------------------------------------
[2022-12-17T03:11:48.498+0000] {taskinstance.py:1383} INFO - Executing <Task(BashOperator): task_9> on 2022-12-17 03:10:54.152849+00:00
[2022-12-17T03:11:48.513+0000] {standard_task_runner.py:55} INFO - Started process 657 to run task
[2022-12-17T03:11:48.528+0000] {standard_task_runner.py:82} INFO - Running: ['***', 'tasks', 'run', 'Can_I_change_name_to_this', 'task_9', 'manual__2022-12-17T03:10:54.152849+00:00', '--job-id', '94', '--raw', '--subdir', 'DAGS_FOLDER/dags.py', '--cfg-path', '/tmp/tmptj6c897h']
[2022-12-17T03:11:48.534+0000] {standard_task_runner.py:83} INFO - Job 94: Subtask task_9
[2022-12-17T03:11:48.647+0000] {task_command.py:376} INFO - Running <TaskInstance: Can_I_change_name_to_this.task_9 manual__2022-12-17T03:10:54.152849+00:00 [running]> on host c8f80f7eb8b2
[2022-12-17T03:11:48.796+0000] {taskinstance.py:1592} INFO - Exporting the following env vars:
AIRFLOW_CTX_DAG_OWNER=***
AIRFLOW_CTX_DAG_ID=Can_I_change_name_to_this
AIRFLOW_CTX_TASK_ID=task_9
AIRFLOW_CTX_EXECUTION_DATE=2022-12-17T03:10:54.152849+00:00
AIRFLOW_CTX_TRY_NUMBER=1
AIRFLOW_CTX_DAG_RUN_ID=manual__2022-12-17T03:10:54.152849+00:00
[2022-12-17T03:11:48.799+0000] {subprocess.py:63} INFO - Tmp dir root location: 
 /tmp
[2022-12-17T03:11:48.805+0000] {subprocess.py:75} INFO - Running command: ['/bin/bash', '-c', 'rm -f /opt/***/zone1/*']
[2022-12-17T03:11:48.838+0000] {subprocess.py:86} INFO - Output:
[2022-12-17T03:11:48.872+0000] {subprocess.py:97} INFO - Command exited with return code 0
[2022-12-17T03:11:48.995+0000] {taskinstance.py:1406} INFO - Marking task as SUCCESS. dag_id=Can_I_change_name_to_this, task_id=task_9, execution_date=20221217T031054, start_date=20221217T031148, end_date=20221217T031148
[2022-12-17T03:11:49.054+0000] {local_task_job.py:159} INFO - Task exited with return code 0
[2022-12-17T03:11:49.338+0000] {taskinstance.py:2623} INFO - 0 downstream tasks scheduled from follow-on schedule check
