[2022-12-20T10:08:53.073+0000] {taskinstance.py:1087} INFO - Dependencies all met for <TaskInstance: Can_I_change_name_to_this.remove_raw manual__2022-12-20T10:07:36.200107+00:00 [queued]>
[2022-12-20T10:08:53.091+0000] {taskinstance.py:1087} INFO - Dependencies all met for <TaskInstance: Can_I_change_name_to_this.remove_raw manual__2022-12-20T10:07:36.200107+00:00 [queued]>
[2022-12-20T10:08:53.094+0000] {taskinstance.py:1283} INFO - 
--------------------------------------------------------------------------------
[2022-12-20T10:08:53.097+0000] {taskinstance.py:1284} INFO - Starting attempt 1 of 1
[2022-12-20T10:08:53.098+0000] {taskinstance.py:1285} INFO - 
--------------------------------------------------------------------------------
[2022-12-20T10:08:53.146+0000] {taskinstance.py:1304} INFO - Executing <Task(BashOperator): remove_raw> on 2022-12-20 10:07:36.200107+00:00
[2022-12-20T10:08:53.170+0000] {standard_task_runner.py:55} INFO - Started process 3238 to run task
[2022-12-20T10:08:53.188+0000] {standard_task_runner.py:82} INFO - Running: ['***', 'tasks', 'run', 'Can_I_change_name_to_this', 'remove_raw', 'manual__2022-12-20T10:07:36.200107+00:00', '--job-id', '177', '--raw', '--subdir', 'DAGS_FOLDER/dags.py', '--cfg-path', '/tmp/tmpxa09ji48']
[2022-12-20T10:08:53.193+0000] {standard_task_runner.py:83} INFO - Job 177: Subtask remove_raw
[2022-12-20T10:08:53.312+0000] {task_command.py:389} INFO - Running <TaskInstance: Can_I_change_name_to_this.remove_raw manual__2022-12-20T10:07:36.200107+00:00 [running]> on host 502390ac5559
[2022-12-20T10:08:53.388+0000] {taskinstance.py:1513} INFO - Exporting the following env vars:
AIRFLOW_CTX_DAG_OWNER=***
AIRFLOW_CTX_DAG_ID=Can_I_change_name_to_this
AIRFLOW_CTX_TASK_ID=remove_raw
AIRFLOW_CTX_EXECUTION_DATE=2022-12-20T10:07:36.200107+00:00
AIRFLOW_CTX_TRY_NUMBER=1
AIRFLOW_CTX_DAG_RUN_ID=manual__2022-12-20T10:07:36.200107+00:00
[2022-12-20T10:08:53.392+0000] {subprocess.py:63} INFO - Tmp dir root location: 
 /tmp
[2022-12-20T10:08:53.395+0000] {subprocess.py:75} INFO - Running command: ['/bin/bash', '-c', 'rm -f /opt/***/zone1/*']
[2022-12-20T10:08:53.413+0000] {subprocess.py:86} INFO - Output:
[2022-12-20T10:08:53.436+0000] {subprocess.py:97} INFO - Command exited with return code 0
[2022-12-20T10:08:53.466+0000] {taskinstance.py:1327} INFO - Marking task as SUCCESS. dag_id=Can_I_change_name_to_this, task_id=remove_raw, execution_date=20221220T100736, start_date=20221220T100853, end_date=20221220T100853
[2022-12-20T10:08:53.521+0000] {local_task_job.py:159} INFO - Task exited with return code 0
[2022-12-20T10:08:53.551+0000] {taskinstance.py:2582} INFO - 0 downstream tasks scheduled from follow-on schedule check
