[2022-12-19T15:08:24.066+0000] {taskinstance.py:1087} INFO - Dependencies all met for <TaskInstance: Can_I_change_name_to_this.scrape_counter scheduled__2022-12-18T10:00:00+00:00 [queued]>
[2022-12-19T15:08:24.080+0000] {taskinstance.py:1087} INFO - Dependencies all met for <TaskInstance: Can_I_change_name_to_this.scrape_counter scheduled__2022-12-18T10:00:00+00:00 [queued]>
[2022-12-19T15:08:24.081+0000] {taskinstance.py:1283} INFO - 
--------------------------------------------------------------------------------
[2022-12-19T15:08:24.084+0000] {taskinstance.py:1284} INFO - Starting attempt 1 of 1
[2022-12-19T15:08:24.085+0000] {taskinstance.py:1285} INFO - 
--------------------------------------------------------------------------------
[2022-12-19T15:08:24.115+0000] {taskinstance.py:1304} INFO - Executing <Task(BashOperator): scrape_counter> on 2022-12-18 10:00:00+00:00
[2022-12-19T15:08:24.129+0000] {standard_task_runner.py:55} INFO - Started process 80 to run task
[2022-12-19T15:08:24.141+0000] {standard_task_runner.py:82} INFO - Running: ['***', 'tasks', 'run', 'Can_I_change_name_to_this', 'scrape_counter', 'scheduled__2022-12-18T10:00:00+00:00', '--job-id', '150', '--raw', '--subdir', 'DAGS_FOLDER/dags.py', '--cfg-path', '/tmp/tmpyr6yjrau']
[2022-12-19T15:08:24.143+0000] {standard_task_runner.py:83} INFO - Job 150: Subtask scrape_counter
[2022-12-19T15:08:24.222+0000] {task_command.py:389} INFO - Running <TaskInstance: Can_I_change_name_to_this.scrape_counter scheduled__2022-12-18T10:00:00+00:00 [running]> on host 502390ac5559
[2022-12-19T15:08:24.307+0000] {taskinstance.py:1513} INFO - Exporting the following env vars:
AIRFLOW_CTX_DAG_OWNER=***
AIRFLOW_CTX_DAG_ID=Can_I_change_name_to_this
AIRFLOW_CTX_TASK_ID=scrape_counter
AIRFLOW_CTX_EXECUTION_DATE=2022-12-18T10:00:00+00:00
AIRFLOW_CTX_TRY_NUMBER=1
AIRFLOW_CTX_DAG_RUN_ID=scheduled__2022-12-18T10:00:00+00:00
[2022-12-19T15:08:24.312+0000] {subprocess.py:63} INFO - Tmp dir root location: 
 /tmp
[2022-12-19T15:08:24.314+0000] {subprocess.py:75} INFO - Running command: ['/bin/bash', '-c', 'python /opt/***/tasks/lol_champ_counter_stat.py ']
[2022-12-19T15:08:24.334+0000] {subprocess.py:86} INFO - Output:
[2022-12-19T15:08:28.231+0000] {subprocess.py:93} INFO - {"message": "now scraping the champ counter stat", "time": "2022-12-19T15:08:28.220238"}
[2022-12-19T15:08:28.276+0000] {subprocess.py:93} INFO - 2022-12-19 15:08:28 [scrapy.utils.log] INFO: Scrapy 2.7.1 started (bot: scrapybot)
[2022-12-19T15:08:28.286+0000] {subprocess.py:93} INFO - 2022-12-19 15:08:28 [scrapy.utils.log] INFO: Versions: lxml 4.9.1.0, libxml2 2.9.14, cssselect 1.2.0, parsel 1.7.0, w3lib 2.1.1, Twisted 22.10.0, Python 3.7.15 (default, Nov 15 2022, 10:39:17) - [GCC 10.2.1 20210110], pyOpenSSL 22.0.0 (OpenSSL 1.1.1n  15 Mar 2022), cryptography 36.0.2, Platform Linux-5.10.124-linuxkit-aarch64-with-debian-11.5
[2022-12-19T15:08:28.297+0000] {subprocess.py:93} INFO - 2022-12-19 15:08:28 [scrapy.crawler] INFO: Overridden settings:
[2022-12-19T15:08:28.299+0000] {subprocess.py:93} INFO - {}
[2022-12-19T15:08:28.317+0000] {subprocess.py:93} INFO - 2022-12-19 15:08:28 [py.warnings] WARNING: /home/***/.local/lib/python3.7/site-packages/scrapy/utils/request.py:231: ScrapyDeprecationWarning: '2.6' is a deprecated value for the 'REQUEST_FINGERPRINTER_IMPLEMENTATION' setting.
[2022-12-19T15:08:28.320+0000] {subprocess.py:93} INFO - 
[2022-12-19T15:08:28.321+0000] {subprocess.py:93} INFO - It is also the default value. In other words, it is normal to get this warning if you have not defined a value for the 'REQUEST_FINGERPRINTER_IMPLEMENTATION' setting. This is so for backward compatibility reasons, but it will change in a future version of Scrapy.
[2022-12-19T15:08:28.326+0000] {subprocess.py:93} INFO - 
[2022-12-19T15:08:28.330+0000] {subprocess.py:93} INFO - See the documentation of the 'REQUEST_FINGERPRINTER_IMPLEMENTATION' setting for information on how to handle this deprecation.
[2022-12-19T15:08:28.332+0000] {subprocess.py:93} INFO -   return cls(crawler)
[2022-12-19T15:08:28.334+0000] {subprocess.py:93} INFO - 
[2022-12-19T15:08:28.346+0000] {subprocess.py:93} INFO - 2022-12-19 15:08:28 [scrapy.utils.log] DEBUG: Using reactor: twisted.internet.epollreactor.EPollReactor
[2022-12-19T15:08:28.410+0000] {subprocess.py:93} INFO - 2022-12-19 15:08:28 [scrapy.extensions.telnet] INFO: Telnet Password: c8daf87218f043ed
[2022-12-19T15:08:28.576+0000] {subprocess.py:93} INFO - 2022-12-19 15:08:28 [scrapy.middleware] INFO: Enabled extensions:
[2022-12-19T15:08:28.581+0000] {subprocess.py:93} INFO - ['scrapy.extensions.corestats.CoreStats',
[2022-12-19T15:08:28.598+0000] {subprocess.py:93} INFO -  'scrapy.extensions.telnet.TelnetConsole',
[2022-12-19T15:08:28.600+0000] {subprocess.py:93} INFO -  'scrapy.extensions.memusage.MemoryUsage',
[2022-12-19T15:08:28.603+0000] {subprocess.py:93} INFO -  'scrapy.extensions.logstats.LogStats']
[2022-12-19T15:08:30.543+0000] {subprocess.py:93} INFO - 2022-12-19 15:08:30 [scrapy.middleware] INFO: Enabled downloader middlewares:
[2022-12-19T15:08:30.562+0000] {subprocess.py:93} INFO - ['scrapy.downloadermiddlewares.httpauth.HttpAuthMiddleware',
[2022-12-19T15:08:30.580+0000] {subprocess.py:93} INFO -  'scrapy.downloadermiddlewares.downloadtimeout.DownloadTimeoutMiddleware',
[2022-12-19T15:08:30.583+0000] {subprocess.py:93} INFO -  'scrapy.downloadermiddlewares.defaultheaders.DefaultHeadersMiddleware',
[2022-12-19T15:08:30.585+0000] {subprocess.py:93} INFO -  'scrapy.downloadermiddlewares.useragent.UserAgentMiddleware',
[2022-12-19T15:08:30.587+0000] {subprocess.py:93} INFO -  'scrapy.downloadermiddlewares.retry.RetryMiddleware',
[2022-12-19T15:08:30.590+0000] {subprocess.py:93} INFO -  'scrapy.downloadermiddlewares.redirect.MetaRefreshMiddleware',
[2022-12-19T15:08:30.592+0000] {subprocess.py:93} INFO -  'scrapy.downloadermiddlewares.httpcompression.HttpCompressionMiddleware',
[2022-12-19T15:08:30.597+0000] {subprocess.py:93} INFO -  'scrapy.downloadermiddlewares.redirect.RedirectMiddleware',
[2022-12-19T15:08:30.605+0000] {subprocess.py:93} INFO -  'scrapy.downloadermiddlewares.cookies.CookiesMiddleware',
[2022-12-19T15:08:30.606+0000] {subprocess.py:93} INFO -  'scrapy.downloadermiddlewares.httpproxy.HttpProxyMiddleware',
[2022-12-19T15:08:30.607+0000] {subprocess.py:93} INFO -  'scrapy.downloadermiddlewares.stats.DownloaderStats']
[2022-12-19T15:08:30.611+0000] {subprocess.py:93} INFO - 2022-12-19 15:08:30 [scrapy.middleware] INFO: Enabled spider middlewares:
[2022-12-19T15:08:30.614+0000] {subprocess.py:93} INFO - ['scrapy.spidermiddlewares.httperror.HttpErrorMiddleware',
[2022-12-19T15:08:30.618+0000] {subprocess.py:93} INFO -  'scrapy.spidermiddlewares.offsite.OffsiteMiddleware',
[2022-12-19T15:08:30.619+0000] {subprocess.py:93} INFO -  'scrapy.spidermiddlewares.referer.RefererMiddleware',
[2022-12-19T15:08:30.621+0000] {subprocess.py:93} INFO -  'scrapy.spidermiddlewares.urllength.UrlLengthMiddleware',
[2022-12-19T15:08:30.626+0000] {subprocess.py:93} INFO -  'scrapy.spidermiddlewares.depth.DepthMiddleware']
[2022-12-19T15:08:30.679+0000] {subprocess.py:93} INFO - 2022-12-19 15:08:30 [scrapy.middleware] INFO: Enabled item pipelines:
[2022-12-19T15:08:30.774+0000] {subprocess.py:93} INFO - []
[2022-12-19T15:08:30.788+0000] {subprocess.py:93} INFO - 2022-12-19 15:08:30 [scrapy.core.engine] INFO: Spider opened
[2022-12-19T15:08:31.034+0000] {subprocess.py:93} INFO - 2022-12-19 15:08:31 [scrapy.extensions.logstats] INFO: Crawled 0 pages (at 0 pages/min), scraped 0 items (at 0 items/min)
[2022-12-19T15:08:31.074+0000] {subprocess.py:93} INFO - 2022-12-19 15:08:31 [scrapy.extensions.telnet] INFO: Telnet console listening on 127.0.0.1:6024
[2022-12-19T15:08:32.311+0000] {subprocess.py:93} INFO - 2022-12-19 15:08:32 [scrapy.core.engine] DEBUG: Crawled (200) <GET https://www.metasrc.com/5v5/stats> (referer: None)
[2022-12-19T15:08:32.539+0000] {subprocess.py:93} INFO - 2022-12-19 15:08:32 [scrapy.core.engine] DEBUG: Crawled (200) <GET https://www.metasrc.com/5v5/champion/aatrox/top> (referer: https://www.metasrc.com/5v5/stats)
[2022-12-19T15:08:33.322+0000] {subprocess.py:93} INFO - 2022-12-19 15:08:33 [scrapy.core.engine] DEBUG: Crawled (200) <GET https://www.metasrc.com/5v5/champion/diana/jungle> (referer: https://www.metasrc.com/5v5/stats)
[2022-12-19T15:08:33.508+0000] {subprocess.py:93} INFO - 2022-12-19 15:08:33 [scrapy.core.engine] DEBUG: Crawled (200) <GET https://www.metasrc.com/5v5/champion/corki/mid> (referer: https://www.metasrc.com/5v5/stats)
[2022-12-19T15:08:33.818+0000] {subprocess.py:93} INFO - 2022-12-19 15:08:33 [scrapy.core.engine] DEBUG: Crawled (200) <GET https://www.metasrc.com/5v5/champion/cassiopeia/top> (referer: https://www.metasrc.com/5v5/stats)
[2022-12-19T15:08:33.839+0000] {subprocess.py:93} INFO - 2022-12-19 15:08:33 [scrapy.core.engine] DEBUG: Crawled (200) <GET https://www.metasrc.com/5v5/champion/diana/mid> (referer: https://www.metasrc.com/5v5/stats)
[2022-12-19T15:08:33.858+0000] {subprocess.py:93} INFO - 2022-12-19 15:08:33 [scrapy.core.engine] DEBUG: Crawled (200) <GET https://www.metasrc.com/5v5/champion/chogath/top> (referer: https://www.metasrc.com/5v5/stats)
[2022-12-19T15:08:33.914+0000] {subprocess.py:93} INFO - 2022-12-19 15:08:33 [scrapy.core.engine] DEBUG: Crawled (200) <GET https://www.metasrc.com/5v5/champion/chogath/mid> (referer: https://www.metasrc.com/5v5/stats)
[2022-12-19T15:08:33.917+0000] {subprocess.py:93} INFO - 2022-12-19 15:08:33 [scrapy.core.engine] DEBUG: Crawled (200) <GET https://www.metasrc.com/5v5/champion/cassiopeia/adc> (referer: https://www.metasrc.com/5v5/stats)
[2022-12-19T15:08:33.919+0000] {subprocess.py:93} INFO - 2022-12-19 15:08:33 [scrapy.core.engine] DEBUG: Crawled (200) <GET https://www.metasrc.com/5v5/champion/darius/top> (referer: https://www.metasrc.com/5v5/stats)
[2022-12-19T15:08:34.462+0000] {subprocess.py:93} INFO - 2022-12-19 15:08:34 [scrapy.core.engine] DEBUG: Crawled (200) <GET https://www.metasrc.com/5v5/champion/cassiopeia/mid> (referer: https://www.metasrc.com/5v5/stats)
[2022-12-19T15:08:34.613+0000] {subprocess.py:93} INFO - 2022-12-19 15:08:34 [scrapy.core.engine] DEBUG: Crawled (200) <GET https://www.metasrc.com/5v5/champion/camille/top> (referer: https://www.metasrc.com/5v5/stats)
[2022-12-19T15:08:34.623+0000] {subprocess.py:93} INFO - 2022-12-19 15:08:34 [scrapy.core.engine] DEBUG: Crawled (200) <GET https://www.metasrc.com/5v5/champion/brand/support> (referer: https://www.metasrc.com/5v5/stats)
[2022-12-19T15:08:34.632+0000] {subprocess.py:93} INFO - 2022-12-19 15:08:34 [scrapy.core.engine] DEBUG: Crawled (200) <GET https://www.metasrc.com/5v5/champion/brand/mid> (referer: https://www.metasrc.com/5v5/stats)
[2022-12-19T15:08:34.649+0000] {subprocess.py:93} INFO - 2022-12-19 15:08:34 [scrapy.core.engine] DEBUG: Crawled (200) <GET https://www.metasrc.com/5v5/champion/kindred/jungle> (referer: https://www.metasrc.com/5v5/stats)
[2022-12-19T15:08:34.714+0000] {subprocess.py:93} INFO - 2022-12-19 15:08:34 [scrapy.core.engine] DEBUG: Crawled (200) <GET https://www.metasrc.com/5v5/champion/caitlyn/adc> (referer: https://www.metasrc.com/5v5/stats)
[2022-12-19T15:08:35.030+0000] {subprocess.py:93} INFO - 2022-12-19 15:08:35 [scrapy.core.engine] DEBUG: Crawled (200) <GET https://www.metasrc.com/5v5/champion/braum/support> (referer: https://www.metasrc.com/5v5/stats)
[2022-12-19T15:08:35.037+0000] {subprocess.py:93} INFO - 2022-12-19 15:08:35 [scrapy.core.engine] DEBUG: Crawled (200) <GET https://www.metasrc.com/5v5/champion/blitzcrank/support> (referer: https://www.metasrc.com/5v5/stats)
[2022-12-19T15:08:35.331+0000] {subprocess.py:93} INFO - 2022-12-19 15:08:35 [scrapy.core.engine] DEBUG: Crawled (200) <GET https://www.metasrc.com/5v5/champion/zilean/support> (referer: https://www.metasrc.com/5v5/stats)
[2022-12-19T15:08:35.370+0000] {subprocess.py:93} INFO - 2022-12-19 15:08:35 [scrapy.core.engine] DEBUG: Crawled (200) <GET https://www.metasrc.com/5v5/champion/zyra/support> (referer: https://www.metasrc.com/5v5/stats)
[2022-12-19T15:08:35.512+0000] {subprocess.py:93} INFO - 2022-12-19 15:08:35 [scrapy.core.engine] DEBUG: Crawled (200) <GET https://www.metasrc.com/5v5/champion/zilean/mid> (referer: https://www.metasrc.com/5v5/stats)
[2022-12-19T15:08:35.517+0000] {subprocess.py:93} INFO - 2022-12-19 15:08:35 [scrapy.core.engine] DEBUG: Crawled (200) <GET https://www.metasrc.com/5v5/champion/zoe/support> (referer: https://www.metasrc.com/5v5/stats)
[2022-12-19T15:08:35.651+0000] {subprocess.py:93} INFO - 2022-12-19 15:08:35 [scrapy.core.engine] DEBUG: Crawled (200) <GET https://www.metasrc.com/5v5/champion/zoe/mid> (referer: https://www.metasrc.com/5v5/stats)
[2022-12-19T15:08:35.901+0000] {subprocess.py:93} INFO - 2022-12-19 15:08:35 [scrapy.core.engine] DEBUG: Crawled (200) <GET https://www.metasrc.com/5v5/champion/ziggs/support> (referer: https://www.metasrc.com/5v5/stats)
[2022-12-19T15:08:36.077+0000] {subprocess.py:93} INFO - 2022-12-19 15:08:36 [scrapy.core.engine] DEBUG: Crawled (200) <GET https://www.metasrc.com/5v5/champion/ziggs/mid> (referer: https://www.metasrc.com/5v5/stats)
[2022-12-19T15:08:36.123+0000] {subprocess.py:93} INFO - 2022-12-19 15:08:36 [scrapy.core.engine] DEBUG: Crawled (200) <GET https://www.metasrc.com/5v5/champion/ziggs/adc> (referer: https://www.metasrc.com/5v5/stats)
[2022-12-19T15:08:36.246+0000] {subprocess.py:93} INFO - 2022-12-19 15:08:36 [scrapy.core.engine] DEBUG: Crawled (200) <GET https://www.metasrc.com/5v5/champion/zeri/adc> (referer: https://www.metasrc.com/5v5/stats)
[2022-12-19T15:08:37.556+0000] {subprocess.py:93} INFO - 2022-12-19 15:08:37 [scrapy.core.engine] DEBUG: Crawled (200) <GET https://www.metasrc.com/5v5/champion/zed/mid> (referer: https://www.metasrc.com/5v5/stats)
[2022-12-19T15:08:37.577+0000] {subprocess.py:93} INFO - 2022-12-19 15:08:37 [scrapy.core.engine] DEBUG: Crawled (200) <GET https://www.metasrc.com/5v5/champion/zed/jungle> (referer: https://www.metasrc.com/5v5/stats)
[2022-12-19T15:08:37.593+0000] {subprocess.py:93} INFO - 2022-12-19 15:08:37 [scrapy.core.engine] DEBUG: Crawled (200) <GET https://www.metasrc.com/5v5/champion/yuumi/support> (referer: https://www.metasrc.com/5v5/stats)
[2022-12-19T15:08:37.599+0000] {subprocess.py:93} INFO - 2022-12-19 15:08:37 [scrapy.core.engine] DEBUG: Crawled (200) <GET https://www.metasrc.com/5v5/champion/zac/top> (referer: https://www.metasrc.com/5v5/stats)
[2022-12-19T15:08:37.608+0000] {subprocess.py:93} INFO - 2022-12-19 15:08:37 [scrapy.core.engine] DEBUG: Crawled (200) <GET https://www.metasrc.com/5v5/champion/zac/jungle> (referer: https://www.metasrc.com/5v5/stats)
[2022-12-19T15:08:37.616+0000] {subprocess.py:93} INFO - 2022-12-19 15:08:37 [scrapy.core.engine] DEBUG: Crawled (200) <GET https://www.metasrc.com/5v5/champion/yorick/top> (referer: https://www.metasrc.com/5v5/stats)
[2022-12-19T15:08:37.621+0000] {subprocess.py:93} INFO - 2022-12-19 15:08:37 [scrapy.core.engine] DEBUG: Crawled (200) <GET https://www.metasrc.com/5v5/champion/yone/top> (referer: https://www.metasrc.com/5v5/stats)
[2022-12-19T15:08:37.627+0000] {subprocess.py:93} INFO - 2022-12-19 15:08:37 [scrapy.core.engine] DEBUG: Crawled (200) <GET https://www.metasrc.com/5v5/champion/yone/mid> (referer: https://www.metasrc.com/5v5/stats)
[2022-12-19T15:08:38.633+0000] {subprocess.py:93} INFO - 2022-12-19 15:08:38 [scrapy.core.engine] DEBUG: Crawled (200) <GET https://www.metasrc.com/5v5/champion/xerath/support> (referer: https://www.metasrc.com/5v5/stats)
[2022-12-19T15:08:38.664+0000] {subprocess.py:93} INFO - 2022-12-19 15:08:38 [scrapy.core.engine] DEBUG: Crawled (200) <GET https://www.metasrc.com/5v5/champion/xerath/mid> (referer: https://www.metasrc.com/5v5/stats)
[2022-12-19T15:08:38.733+0000] {subprocess.py:93} INFO - 2022-12-19 15:08:38 [scrapy.core.engine] DEBUG: Crawled (200) <GET https://www.metasrc.com/5v5/champion/monkeyking/top> (referer: https://www.metasrc.com/5v5/stats)
[2022-12-19T15:08:38.749+0000] {subprocess.py:93} INFO - 2022-12-19 15:08:38 [scrapy.core.engine] DEBUG: Crawled (200) <GET https://www.metasrc.com/5v5/champion/yasuo/top> (referer: https://www.metasrc.com/5v5/stats)
[2022-12-19T15:08:38.770+0000] {subprocess.py:93} INFO - 2022-12-19 15:08:38 [scrapy.core.engine] DEBUG: Crawled (200) <GET https://www.metasrc.com/5v5/champion/xinzhao/jungle> (referer: https://www.metasrc.com/5v5/stats)
[2022-12-19T15:08:38.788+0000] {subprocess.py:93} INFO - 2022-12-19 15:08:38 [scrapy.core.engine] DEBUG: Crawled (200) <GET https://www.metasrc.com/5v5/champion/yasuo/mid> (referer: https://www.metasrc.com/5v5/stats)
[2022-12-19T15:08:38.972+0000] {subprocess.py:93} INFO - 2022-12-19 15:08:38 [scrapy.core.engine] DEBUG: Crawled (200) <GET https://www.metasrc.com/5v5/champion/monkeyking/jungle> (referer: https://www.metasrc.com/5v5/stats)
[2022-12-19T15:08:38.980+0000] {subprocess.py:93} INFO - 2022-12-19 15:08:38 [scrapy.core.engine] DEBUG: Crawled (200) <GET https://www.metasrc.com/5v5/champion/yasuo/adc> (referer: https://www.metasrc.com/5v5/stats)
[2022-12-19T15:08:38.986+0000] {subprocess.py:93} INFO - 2022-12-19 15:08:38 [scrapy.core.engine] DEBUG: Crawled (200) <GET https://www.metasrc.com/5v5/champion/xayah/adc> (referer: https://www.metasrc.com/5v5/stats)
[2022-12-19T15:08:40.527+0000] {subprocess.py:93} INFO - 2022-12-19 15:08:40 [scrapy.core.engine] DEBUG: Crawled (200) <GET https://www.metasrc.com/5v5/champion/volibear/top> (referer: https://www.metasrc.com/5v5/stats)
[2022-12-19T15:08:40.536+0000] {subprocess.py:93} INFO - 2022-12-19 15:08:40 [scrapy.core.engine] DEBUG: Crawled (200) <GET https://www.metasrc.com/5v5/champion/warwick/jungle> (referer: https://www.metasrc.com/5v5/stats)
[2022-12-19T15:08:40.538+0000] {subprocess.py:93} INFO - 2022-12-19 15:08:40 [scrapy.core.engine] DEBUG: Crawled (200) <GET https://www.metasrc.com/5v5/champion/warwick/top> (referer: https://www.metasrc.com/5v5/stats)
[2022-12-19T15:08:40.549+0000] {subprocess.py:93} INFO - 2022-12-19 15:08:40 [scrapy.core.engine] DEBUG: Crawled (200) <GET https://www.metasrc.com/5v5/champion/vladimir/mid> (referer: https://www.metasrc.com/5v5/stats)
[2022-12-19T15:08:40.554+0000] {subprocess.py:93} INFO - 2022-12-19 15:08:40 [scrapy.core.engine] DEBUG: Crawled (200) <GET https://www.metasrc.com/5v5/champion/viego/jungle> (referer: https://www.metasrc.com/5v5/stats)
[2022-12-19T15:08:40.571+0000] {subprocess.py:93} INFO - 2022-12-19 15:08:40 [scrapy.core.engine] DEBUG: Crawled (200) <GET https://www.metasrc.com/5v5/champion/vladimir/top> (referer: https://www.metasrc.com/5v5/stats)
[2022-12-19T15:08:40.579+0000] {subprocess.py:93} INFO - 2022-12-19 15:08:40 [scrapy.core.engine] DEBUG: Crawled (200) <GET https://www.metasrc.com/5v5/champion/volibear/jungle> (referer: https://www.metasrc.com/5v5/stats)
[2022-12-19T15:08:40.588+0000] {subprocess.py:93} INFO - 2022-12-19 15:08:40 [scrapy.core.engine] DEBUG: Crawled (200) <GET https://www.metasrc.com/5v5/champion/viktor/mid> (referer: https://www.metasrc.com/5v5/stats)
[2022-12-19T15:08:44.000+0000] {subprocess.py:93} INFO - 2022-12-19 15:08:43 [scrapy.core.engine] DEBUG: Crawled (200) <GET https://www.metasrc.com/5v5/champion/velkoz/mid> (referer: https://www.metasrc.com/5v5/stats)
[2022-12-19T15:08:44.007+0000] {subprocess.py:93} INFO - 2022-12-19 15:08:44 [scrapy.core.engine] DEBUG: Crawled (200) <GET https://www.metasrc.com/5v5/champion/vi/jungle> (referer: https://www.metasrc.com/5v5/stats)
[2022-12-19T15:08:44.012+0000] {subprocess.py:93} INFO - 2022-12-19 15:08:44 [scrapy.core.engine] DEBUG: Crawled (200) <GET https://www.metasrc.com/5v5/champion/velkoz/support> (referer: https://www.metasrc.com/5v5/stats)
[2022-12-19T15:08:44.021+0000] {subprocess.py:93} INFO - 2022-12-19 15:08:44 [scrapy.core.engine] DEBUG: Crawled (200) <GET https://www.metasrc.com/5v5/champion/vex/mid> (referer: https://www.metasrc.com/5v5/stats)
[2022-12-19T15:08:44.027+0000] {subprocess.py:93} INFO - 2022-12-19 15:08:44 [scrapy.core.engine] DEBUG: Crawled (200) <GET https://www.metasrc.com/5v5/champion/veigar/adc> (referer: https://www.metasrc.com/5v5/stats)
[2022-12-19T15:08:44.044+0000] {subprocess.py:93} INFO - 2022-12-19 15:08:44 [scrapy.core.engine] DEBUG: Crawled (200) <GET https://www.metasrc.com/5v5/champion/vayne/top> (referer: https://www.metasrc.com/5v5/stats)
[2022-12-19T15:08:44.051+0000] {subprocess.py:93} INFO - 2022-12-19 15:08:44 [scrapy.core.engine] DEBUG: Crawled (200) <GET https://www.metasrc.com/5v5/champion/veigar/support> (referer: https://www.metasrc.com/5v5/stats)
[2022-12-19T15:08:44.061+0000] {subprocess.py:93} INFO - 2022-12-19 15:08:44 [scrapy.core.engine] DEBUG: Crawled (200) <GET https://www.metasrc.com/5v5/champion/veigar/mid> (referer: https://www.metasrc.com/5v5/stats)
[2022-12-19T15:08:45.219+0000] {subprocess.py:93} INFO - 2022-12-19 15:08:45 [scrapy.core.engine] DEBUG: Crawled (200) <GET https://www.metasrc.com/5v5/champion/urgot/top> (referer: https://www.metasrc.com/5v5/stats)
[2022-12-19T15:08:45.272+0000] {subprocess.py:93} INFO - 2022-12-19 15:08:45 [scrapy.core.engine] DEBUG: Crawled (200) <GET https://www.metasrc.com/5v5/champion/varus/mid> (referer: https://www.metasrc.com/5v5/stats)
[2022-12-19T15:08:45.353+0000] {subprocess.py:93} INFO - 2022-12-19 15:08:45 [scrapy.core.engine] DEBUG: Crawled (200) <GET https://www.metasrc.com/5v5/champion/varus/adc> (referer: https://www.metasrc.com/5v5/stats)
[2022-12-19T15:08:45.384+0000] {subprocess.py:93} INFO - 2022-12-19 15:08:45 [scrapy.core.engine] DEBUG: Crawled (200) <GET https://www.metasrc.com/5v5/champion/vayne/adc> (referer: https://www.metasrc.com/5v5/stats)
[2022-12-19T15:08:45.812+0000] {subprocess.py:93} INFO - 2022-12-19 15:08:45 [scrapy.core.engine] DEBUG: Crawled (200) <GET https://www.metasrc.com/5v5/champion/udyr/jungle> (referer: https://www.metasrc.com/5v5/stats)
[2022-12-19T15:08:45.828+0000] {subprocess.py:93} INFO - 2022-12-19 15:08:45 [scrapy.core.engine] DEBUG: Crawled (200) <GET https://www.metasrc.com/5v5/champion/twitch/support> (referer: https://www.metasrc.com/5v5/stats)
[2022-12-19T15:08:45.831+0000] {subprocess.py:93} INFO - 2022-12-19 15:08:45 [scrapy.core.engine] DEBUG: Crawled (200) <GET https://www.metasrc.com/5v5/champion/twitch/mid> (referer: https://www.metasrc.com/5v5/stats)
[2022-12-19T15:08:45.837+0000] {subprocess.py:93} INFO - 2022-12-19 15:08:45 [scrapy.core.engine] DEBUG: Crawled (200) <GET https://www.metasrc.com/5v5/champion/twitch/adc> (referer: https://www.metasrc.com/5v5/stats)
[2022-12-19T15:08:45.959+0000] {subprocess.py:93} INFO - 2022-12-19 15:08:45 [scrapy.core.engine] DEBUG: Crawled (200) <GET https://www.metasrc.com/5v5/champion/twistedfate/mid> (referer: https://www.metasrc.com/5v5/stats)
[2022-12-19T15:08:46.821+0000] {subprocess.py:93} INFO - 2022-12-19 15:08:46 [scrapy.core.engine] DEBUG: Crawled (200) <GET https://www.metasrc.com/5v5/champion/teemo/top> (referer: https://www.metasrc.com/5v5/stats)
[2022-12-19T15:08:46.876+0000] {subprocess.py:93} INFO - 2022-12-19 15:08:46 [scrapy.core.engine] DEBUG: Crawled (200) <GET https://www.metasrc.com/5v5/champion/tristana/adc> (referer: https://www.metasrc.com/5v5/stats)
[2022-12-19T15:08:46.915+0000] {subprocess.py:93} INFO - 2022-12-19 15:08:46 [scrapy.core.engine] DEBUG: Crawled (200) <GET https://www.metasrc.com/5v5/champion/thresh/support> (referer: https://www.metasrc.com/5v5/stats)
[2022-12-19T15:08:46.964+0000] {subprocess.py:93} INFO - 2022-12-19 15:08:46 [scrapy.core.engine] DEBUG: Crawled (200) <GET https://www.metasrc.com/5v5/champion/tryndamere/mid> (referer: https://www.metasrc.com/5v5/stats)
[2022-12-19T15:08:47.069+0000] {subprocess.py:93} INFO - 2022-12-19 15:08:47 [scrapy.core.engine] DEBUG: Crawled (200) <GET https://www.metasrc.com/5v5/champion/tryndamere/top> (referer: https://www.metasrc.com/5v5/stats)
[2022-12-19T15:08:47.101+0000] {subprocess.py:93} INFO - 2022-12-19 15:08:47 [scrapy.core.engine] DEBUG: Crawled (200) <GET https://www.metasrc.com/5v5/champion/trundle/top> (referer: https://www.metasrc.com/5v5/stats)
[2022-12-19T15:08:49.461+0000] {subprocess.py:93} INFO - 2022-12-19 15:08:49 [scrapy.core.engine] DEBUG: Crawled (200) <GET https://www.metasrc.com/5v5/champion/trundle/jungle> (referer: https://www.metasrc.com/5v5/stats)
[2022-12-19T15:08:49.515+0000] {subprocess.py:93} INFO - 2022-12-19 15:08:49 [scrapy.core.engine] DEBUG: Crawled (200) <GET https://www.metasrc.com/5v5/champion/tristana/mid> (referer: https://www.metasrc.com/5v5/stats)
[2022-12-19T15:08:51.638+0000] {subprocess.py:93} INFO - 2022-12-19 15:08:51 [scrapy.core.engine] DEBUG: Crawled (200) <GET https://www.metasrc.com/5v5/champion/talon/jungle> (referer: https://www.metasrc.com/5v5/stats)
[2022-12-19T15:08:51.680+0000] {subprocess.py:93} INFO - 2022-12-19 15:08:51 [scrapy.core.engine] DEBUG: Crawled (200) <GET https://www.metasrc.com/5v5/champion/talon/mid> (referer: https://www.metasrc.com/5v5/stats)
[2022-12-19T15:08:51.686+0000] {subprocess.py:93} INFO - 2022-12-19 15:08:51 [scrapy.core.engine] DEBUG: Crawled (200) <GET https://www.metasrc.com/5v5/champion/taliyah/jungle> (referer: https://www.metasrc.com/5v5/stats)
[2022-12-19T15:08:51.700+0000] {subprocess.py:93} INFO - 2022-12-19 15:08:51 [scrapy.core.engine] DEBUG: Crawled (200) <GET https://www.metasrc.com/5v5/champion/taliyah/support> (referer: https://www.metasrc.com/5v5/stats)
[2022-12-19T15:08:51.717+0000] {subprocess.py:93} INFO - 2022-12-19 15:08:51 [scrapy.core.engine] DEBUG: Crawled (200) <GET https://www.metasrc.com/5v5/champion/taliyah/mid> (referer: https://www.metasrc.com/5v5/stats)
[2022-12-19T15:08:51.725+0000] {subprocess.py:93} INFO - 2022-12-19 15:08:51 [scrapy.core.engine] DEBUG: Crawled (200) <GET https://www.metasrc.com/5v5/champion/taric/support> (referer: https://www.metasrc.com/5v5/stats)
[2022-12-19T15:08:53.669+0000] {subprocess.py:93} INFO - 2022-12-19 15:08:53 [scrapy.core.engine] DEBUG: Crawled (200) <GET https://www.metasrc.com/5v5/champion/tahmkench/support> (referer: https://www.metasrc.com/5v5/stats)
[2022-12-19T15:08:53.682+0000] {subprocess.py:93} INFO - 2022-12-19 15:08:53 [scrapy.core.engine] DEBUG: Crawled (200) <GET https://www.metasrc.com/5v5/champion/tahmkench/top> (referer: https://www.metasrc.com/5v5/stats)
[2022-12-19T15:08:55.097+0000] {subprocess.py:93} INFO - 2022-12-19 15:08:55 [scrapy.core.engine] DEBUG: Crawled (200) <GET https://www.metasrc.com/5v5/champion/swain/mid> (referer: https://www.metasrc.com/5v5/stats)
[2022-12-19T15:08:55.240+0000] {subprocess.py:93} INFO - 2022-12-19 15:08:55 [scrapy.core.engine] DEBUG: Crawled (200) <GET https://www.metasrc.com/5v5/champion/sona/support> (referer: https://www.metasrc.com/5v5/stats)
[2022-12-19T15:08:55.657+0000] {subprocess.py:93} INFO - 2022-12-19 15:08:55 [scrapy.core.engine] DEBUG: Crawled (200) <GET https://www.metasrc.com/5v5/champion/swain/support> (referer: https://www.metasrc.com/5v5/stats)
[2022-12-19T15:08:55.897+0000] {subprocess.py:93} INFO - 2022-12-19 15:08:55 [scrapy.core.engine] DEBUG: Crawled (200) <GET https://www.metasrc.com/5v5/champion/soraka/support> (referer: https://www.metasrc.com/5v5/stats)
[2022-12-19T15:08:55.903+0000] {subprocess.py:93} INFO - 2022-12-19 15:08:55 [scrapy.core.engine] DEBUG: Crawled (200) <GET https://www.metasrc.com/5v5/champion/syndra/mid> (referer: https://www.metasrc.com/5v5/stats)
[2022-12-19T15:08:55.910+0000] {subprocess.py:93} INFO - 2022-12-19 15:08:55 [scrapy.core.engine] DEBUG: Crawled (200) <GET https://www.metasrc.com/5v5/champion/sylas/jungle> (referer: https://www.metasrc.com/5v5/stats)
[2022-12-19T15:08:55.912+0000] {subprocess.py:93} INFO - 2022-12-19 15:08:55 [scrapy.core.engine] DEBUG: Crawled (200) <GET https://www.metasrc.com/5v5/champion/skarner/top> (referer: https://www.metasrc.com/5v5/stats)
[2022-12-19T15:08:55.917+0000] {subprocess.py:93} INFO - 2022-12-19 15:08:55 [scrapy.core.engine] DEBUG: Crawled (200) <GET https://www.metasrc.com/5v5/champion/sylas/mid> (referer: https://www.metasrc.com/5v5/stats)
[2022-12-19T15:08:57.663+0000] {subprocess.py:93} INFO - 2022-12-19 15:08:57 [scrapy.core.engine] DEBUG: Crawled (200) <GET https://www.metasrc.com/5v5/champion/shen/support> (referer: https://www.metasrc.com/5v5/stats)
[2022-12-19T15:08:57.679+0000] {subprocess.py:93} INFO - 2022-12-19 15:08:57 [scrapy.core.engine] DEBUG: Crawled (200) <GET https://www.metasrc.com/5v5/champion/shyvana/jungle> (referer: https://www.metasrc.com/5v5/stats)
[2022-12-19T15:08:57.697+0000] {subprocess.py:93} INFO - 2022-12-19 15:08:57 [scrapy.core.engine] DEBUG: Crawled (200) <GET https://www.metasrc.com/5v5/champion/skarner/jungle> (referer: https://www.metasrc.com/5v5/stats)
[2022-12-19T15:08:57.707+0000] {subprocess.py:93} INFO - 2022-12-19 15:08:57 [scrapy.core.engine] DEBUG: Crawled (200) <GET https://www.metasrc.com/5v5/champion/singed/mid> (referer: https://www.metasrc.com/5v5/stats)
[2022-12-19T15:08:57.733+0000] {subprocess.py:93} INFO - 2022-12-19 15:08:57 [scrapy.core.engine] DEBUG: Crawled (200) <GET https://www.metasrc.com/5v5/champion/singed/top> (referer: https://www.metasrc.com/5v5/stats)
[2022-12-19T15:08:57.741+0000] {subprocess.py:93} INFO - 2022-12-19 15:08:57 [scrapy.core.engine] DEBUG: Crawled (200) <GET https://www.metasrc.com/5v5/champion/shyvana/top> (referer: https://www.metasrc.com/5v5/stats)
[2022-12-19T15:08:57.757+0000] {subprocess.py:93} INFO - 2022-12-19 15:08:57 [scrapy.core.engine] DEBUG: Crawled (200) <GET https://www.metasrc.com/5v5/champion/sion/top> (referer: https://www.metasrc.com/5v5/stats)
[2022-12-19T15:08:57.766+0000] {subprocess.py:93} INFO - 2022-12-19 15:08:57 [scrapy.core.engine] DEBUG: Crawled (200) <GET https://www.metasrc.com/5v5/champion/sivir/adc> (referer: https://www.metasrc.com/5v5/stats)
[2022-12-19T15:08:58.757+0000] {subprocess.py:93} INFO - 2022-12-19 15:08:58 [scrapy.core.engine] DEBUG: Crawled (200) <GET https://www.metasrc.com/5v5/champion/shen/top> (referer: https://www.metasrc.com/5v5/stats)
[2022-12-19T15:08:58.780+0000] {subprocess.py:93} INFO - 2022-12-19 15:08:58 [scrapy.core.engine] DEBUG: Crawled (200) <GET https://www.metasrc.com/5v5/champion/seraphine/support> (referer: https://www.metasrc.com/5v5/stats)
[2022-12-19T15:08:58.860+0000] {subprocess.py:93} INFO - 2022-12-19 15:08:58 [scrapy.core.engine] DEBUG: Crawled (200) <GET https://www.metasrc.com/5v5/champion/seraphine/adc> (referer: https://www.metasrc.com/5v5/stats)
[2022-12-19T15:08:59.056+0000] {subprocess.py:93} INFO - 2022-12-19 15:08:59 [scrapy.core.engine] DEBUG: Crawled (200) <GET https://www.metasrc.com/5v5/champion/shaco/jungle> (referer: https://www.metasrc.com/5v5/stats)
[2022-12-19T15:08:59.111+0000] {subprocess.py:93} INFO - 2022-12-19 15:08:59 [scrapy.core.engine] DEBUG: Crawled (200) <GET https://www.metasrc.com/5v5/champion/shaco/support> (referer: https://www.metasrc.com/5v5/stats)
[2022-12-19T15:08:59.240+0000] {subprocess.py:93} INFO - 2022-12-19 15:08:59 [scrapy.core.engine] DEBUG: Crawled (200) <GET https://www.metasrc.com/5v5/champion/sett/top> (referer: https://www.metasrc.com/5v5/stats)
[2022-12-19T15:08:59.589+0000] {subprocess.py:93} INFO - 2022-12-19 15:08:59 [scrapy.core.engine] DEBUG: Crawled (200) <GET https://www.metasrc.com/5v5/champion/sejuani/top> (referer: https://www.metasrc.com/5v5/stats)
[2022-12-19T15:08:59.726+0000] {subprocess.py:93} INFO - 2022-12-19 15:08:59 [scrapy.core.engine] DEBUG: Crawled (200) <GET https://www.metasrc.com/5v5/champion/senna/support> (referer: https://www.metasrc.com/5v5/stats)
[2022-12-19T15:09:00.471+0000] {subprocess.py:93} INFO - 2022-12-19 15:09:00 [scrapy.core.engine] DEBUG: Crawled (200) <GET https://www.metasrc.com/5v5/champion/ryze/top> (referer: https://www.metasrc.com/5v5/stats)
[2022-12-19T15:09:00.537+0000] {subprocess.py:93} INFO - 2022-12-19 15:09:00 [scrapy.core.engine] DEBUG: Crawled (200) <GET https://www.metasrc.com/5v5/champion/samira/adc> (referer: https://www.metasrc.com/5v5/stats)
[2022-12-19T15:09:00.546+0000] {subprocess.py:93} INFO - 2022-12-19 15:09:00 [scrapy.core.engine] DEBUG: Crawled (200) <GET https://www.metasrc.com/5v5/champion/sejuani/jungle> (referer: https://www.metasrc.com/5v5/stats)
[2022-12-19T15:09:01.317+0000] {subprocess.py:93} INFO - 2022-12-19 15:09:01 [scrapy.core.engine] DEBUG: Crawled (200) <GET https://www.metasrc.com/5v5/champion/ryze/mid> (referer: https://www.metasrc.com/5v5/stats)
[2022-12-19T15:09:01.327+0000] {subprocess.py:93} INFO - 2022-12-19 15:09:01 [scrapy.core.engine] DEBUG: Crawled (200) <GET https://www.metasrc.com/5v5/champion/rumble/jungle> (referer: https://www.metasrc.com/5v5/stats)
[2022-12-19T15:09:01.367+0000] {subprocess.py:93} INFO - 2022-12-19 15:09:01 [scrapy.core.engine] DEBUG: Crawled (200) <GET https://www.metasrc.com/5v5/champion/rumble/top> (referer: https://www.metasrc.com/5v5/stats)
[2022-12-19T15:09:01.628+0000] {subprocess.py:93} INFO - 2022-12-19 15:09:01 [scrapy.core.engine] DEBUG: Crawled (200) <GET https://www.metasrc.com/5v5/champion/rumble/mid> (referer: https://www.metasrc.com/5v5/stats)
[2022-12-19T15:09:01.773+0000] {subprocess.py:93} INFO - 2022-12-19 15:09:01 [scrapy.core.engine] DEBUG: Crawled (200) <GET https://www.metasrc.com/5v5/champion/riven/top> (referer: https://www.metasrc.com/5v5/stats)
[2022-12-19T15:09:02.135+0000] {subprocess.py:93} INFO - 2022-12-19 15:09:02 [scrapy.core.engine] DEBUG: Crawled (200) <GET https://www.metasrc.com/5v5/champion/rengar/jungle> (referer: https://www.metasrc.com/5v5/stats)
[2022-12-19T15:09:02.164+0000] {subprocess.py:93} INFO - 2022-12-19 15:09:02 [scrapy.core.engine] DEBUG: Crawled (200) <GET https://www.metasrc.com/5v5/champion/renekton/mid> (referer: https://www.metasrc.com/5v5/stats)
[2022-12-19T15:09:02.312+0000] {subprocess.py:93} INFO - 2022-12-19 15:09:02 [scrapy.core.engine] DEBUG: Crawled (200) <GET https://www.metasrc.com/5v5/champion/rengar/top> (referer: https://www.metasrc.com/5v5/stats)
[2022-12-19T15:09:02.763+0000] {subprocess.py:93} INFO - 2022-12-19 15:09:02 [scrapy.core.engine] DEBUG: Crawled (200) <GET https://www.metasrc.com/5v5/champion/reksai/jungle> (referer: https://www.metasrc.com/5v5/stats)
[2022-12-19T15:09:02.797+0000] {subprocess.py:93} INFO - 2022-12-19 15:09:02 [scrapy.core.engine] DEBUG: Crawled (200) <GET https://www.metasrc.com/5v5/champion/rell/support> (referer: https://www.metasrc.com/5v5/stats)
[2022-12-19T15:09:02.839+0000] {subprocess.py:93} INFO - 2022-12-19 15:09:02 [scrapy.core.engine] DEBUG: Crawled (200) <GET https://www.metasrc.com/5v5/champion/renekton/top> (referer: https://www.metasrc.com/5v5/stats)
[2022-12-19T15:09:02.896+0000] {subprocess.py:93} INFO - 2022-12-19 15:09:02 [scrapy.core.engine] DEBUG: Crawled (200) <GET https://www.metasrc.com/5v5/champion/renata/support> (referer: https://www.metasrc.com/5v5/stats)
[2022-12-19T15:09:02.925+0000] {subprocess.py:93} INFO - 2022-12-19 15:09:02 [scrapy.core.engine] DEBUG: Crawled (200) <GET https://www.metasrc.com/5v5/champion/rammus/jungle> (referer: https://www.metasrc.com/5v5/stats)
[2022-12-19T15:09:04.678+0000] {subprocess.py:93} INFO - 2022-12-19 15:09:04 [scrapy.core.engine] DEBUG: Crawled (200) <GET https://www.metasrc.com/5v5/champion/quinn/top> (referer: https://www.metasrc.com/5v5/stats)
[2022-12-19T15:09:04.688+0000] {subprocess.py:93} INFO - 2022-12-19 15:09:04 [scrapy.core.engine] DEBUG: Crawled (200) <GET https://www.metasrc.com/5v5/champion/rakan/support> (referer: https://www.metasrc.com/5v5/stats)
[2022-12-19T15:09:04.700+0000] {subprocess.py:93} INFO - 2022-12-19 15:09:04 [scrapy.core.engine] DEBUG: Crawled (200) <GET https://www.metasrc.com/5v5/champion/quinn/adc> (referer: https://www.metasrc.com/5v5/stats)
[2022-12-19T15:09:05.585+0000] {subprocess.py:93} INFO - 2022-12-19 15:09:05 [scrapy.core.engine] DEBUG: Crawled (200) <GET https://www.metasrc.com/5v5/champion/quinn/mid> (referer: https://www.metasrc.com/5v5/stats)
[2022-12-19T15:09:05.613+0000] {subprocess.py:93} INFO - 2022-12-19 15:09:05 [scrapy.core.engine] DEBUG: Crawled (200) <GET https://www.metasrc.com/5v5/champion/qiyana/jungle> (referer: https://www.metasrc.com/5v5/stats)
[2022-12-19T15:09:05.638+0000] {subprocess.py:93} INFO - 2022-12-19 15:09:05 [scrapy.core.engine] DEBUG: Crawled (200) <GET https://www.metasrc.com/5v5/champion/poppy/support> (referer: https://www.metasrc.com/5v5/stats)
[2022-12-19T15:09:05.657+0000] {subprocess.py:93} INFO - 2022-12-19 15:09:05 [scrapy.core.engine] DEBUG: Crawled (200) <GET https://www.metasrc.com/5v5/champion/qiyana/mid> (referer: https://www.metasrc.com/5v5/stats)
[2022-12-19T15:09:05.679+0000] {subprocess.py:93} INFO - 2022-12-19 15:09:05 [scrapy.core.engine] DEBUG: Crawled (200) <GET https://www.metasrc.com/5v5/champion/pyke/support> (referer: https://www.metasrc.com/5v5/stats)
[2022-12-19T15:09:05.807+0000] {subprocess.py:93} INFO - 2022-12-19 15:09:05 [scrapy.core.engine] DEBUG: Crawled (200) <GET https://www.metasrc.com/5v5/champion/poppy/jungle> (referer: https://www.metasrc.com/5v5/stats)
[2022-12-19T15:09:05.819+0000] {subprocess.py:93} INFO - 2022-12-19 15:09:05 [scrapy.core.engine] DEBUG: Crawled (200) <GET https://www.metasrc.com/5v5/champion/poppy/top> (referer: https://www.metasrc.com/5v5/stats)
[2022-12-19T15:09:05.836+0000] {subprocess.py:93} INFO - 2022-12-19 15:09:05 [scrapy.core.engine] DEBUG: Crawled (200) <GET https://www.metasrc.com/5v5/champion/pantheon/support> (referer: https://www.metasrc.com/5v5/stats)
[2022-12-19T15:09:07.405+0000] {subprocess.py:93} INFO - 2022-12-19 15:09:07 [scrapy.core.engine] DEBUG: Crawled (200) <GET https://www.metasrc.com/5v5/champion/nunu/jungle> (referer: https://www.metasrc.com/5v5/stats)
[2022-12-19T15:09:07.435+0000] {subprocess.py:93} INFO - 2022-12-19 15:09:07 [scrapy.core.engine] DEBUG: Crawled (200) <GET https://www.metasrc.com/5v5/champion/nocturne/jungle> (referer: https://www.metasrc.com/5v5/stats)
[2022-12-19T15:09:07.460+0000] {subprocess.py:93} INFO - 2022-12-19 15:09:07 [scrapy.core.engine] DEBUG: Crawled (200) <GET https://www.metasrc.com/5v5/champion/olaf/top> (referer: https://www.metasrc.com/5v5/stats)
[2022-12-19T15:09:07.476+0000] {subprocess.py:93} INFO - 2022-12-19 15:09:07 [scrapy.core.engine] DEBUG: Crawled (200) <GET https://www.metasrc.com/5v5/champion/pantheon/mid> (referer: https://www.metasrc.com/5v5/stats)
[2022-12-19T15:09:07.493+0000] {subprocess.py:93} INFO - 2022-12-19 15:09:07 [scrapy.core.engine] DEBUG: Crawled (200) <GET https://www.metasrc.com/5v5/champion/pantheon/top> (referer: https://www.metasrc.com/5v5/stats)
[2022-12-19T15:09:07.535+0000] {subprocess.py:93} INFO - 2022-12-19 15:09:07 [scrapy.core.engine] DEBUG: Crawled (200) <GET https://www.metasrc.com/5v5/champion/olaf/jungle> (referer: https://www.metasrc.com/5v5/stats)
[2022-12-19T15:09:07.587+0000] {subprocess.py:93} INFO - 2022-12-19 15:09:07 [scrapy.core.engine] DEBUG: Crawled (200) <GET https://www.metasrc.com/5v5/champion/orianna/mid> (referer: https://www.metasrc.com/5v5/stats)
[2022-12-19T15:09:07.630+0000] {subprocess.py:93} INFO - 2022-12-19 15:09:07 [scrapy.core.engine] DEBUG: Crawled (200) <GET https://www.metasrc.com/5v5/champion/ornn/top> (referer: https://www.metasrc.com/5v5/stats)
[2022-12-19T15:09:10.365+0000] {subprocess.py:93} INFO - 2022-12-19 15:09:10 [scrapy.core.engine] DEBUG: Crawled (200) <GET https://www.metasrc.com/5v5/champion/neeko/support> (referer: https://www.metasrc.com/5v5/stats)
[2022-12-19T15:09:10.373+0000] {subprocess.py:93} INFO - 2022-12-19 15:09:10 [scrapy.core.engine] DEBUG: Crawled (200) <GET https://www.metasrc.com/5v5/champion/neeko/mid> (referer: https://www.metasrc.com/5v5/stats)
[2022-12-19T15:09:10.380+0000] {subprocess.py:93} INFO - 2022-12-19 15:09:10 [scrapy.core.engine] DEBUG: Crawled (200) <GET https://www.metasrc.com/5v5/champion/nasus/top> (referer: https://www.metasrc.com/5v5/stats)
[2022-12-19T15:09:10.387+0000] {subprocess.py:93} INFO - 2022-12-19 15:09:10 [scrapy.core.engine] DEBUG: Crawled (200) <GET https://www.metasrc.com/5v5/champion/nidalee/jungle> (referer: https://www.metasrc.com/5v5/stats)
[2022-12-19T15:09:10.412+0000] {subprocess.py:93} INFO - 2022-12-19 15:09:10 [scrapy.core.engine] DEBUG: Crawled (200) <GET https://www.metasrc.com/5v5/champion/nasus/mid> (referer: https://www.metasrc.com/5v5/stats)
[2022-12-19T15:09:10.423+0000] {subprocess.py:93} INFO - 2022-12-19 15:09:10 [scrapy.core.engine] DEBUG: Crawled (200) <GET https://www.metasrc.com/5v5/champion/nautilus/support> (referer: https://www.metasrc.com/5v5/stats)
[2022-12-19T15:09:10.429+0000] {subprocess.py:93} INFO - 2022-12-19 15:09:10 [scrapy.core.engine] DEBUG: Crawled (200) <GET https://www.metasrc.com/5v5/champion/nami/support> (referer: https://www.metasrc.com/5v5/stats)
[2022-12-19T15:09:10.454+0000] {subprocess.py:93} INFO - 2022-12-19 15:09:10 [scrapy.core.engine] DEBUG: Crawled (200) <GET https://www.metasrc.com/5v5/champion/nilah/adc> (referer: https://www.metasrc.com/5v5/stats)
[2022-12-19T15:09:11.171+0000] {subprocess.py:93} INFO - 2022-12-19 15:09:11 [scrapy.core.engine] DEBUG: Crawled (200) <GET https://www.metasrc.com/5v5/champion/maokai/support> (referer: https://www.metasrc.com/5v5/stats)
[2022-12-19T15:09:11.330+0000] {subprocess.py:93} INFO - 2022-12-19 15:09:11 [scrapy.core.engine] DEBUG: Crawled (200) <GET https://www.metasrc.com/5v5/champion/mordekaiser/jungle> (referer: https://www.metasrc.com/5v5/stats)
[2022-12-19T15:09:11.342+0000] {subprocess.py:93} INFO - 2022-12-19 15:09:11 [scrapy.core.engine] DEBUG: Crawled (200) <GET https://www.metasrc.com/5v5/champion/maokai/jungle> (referer: https://www.metasrc.com/5v5/stats)
[2022-12-19T15:09:11.349+0000] {subprocess.py:93} INFO - 2022-12-19 15:09:11 [scrapy.core.engine] DEBUG: Crawled (200) <GET https://www.metasrc.com/5v5/champion/morgana/support> (referer: https://www.metasrc.com/5v5/stats)
[2022-12-19T15:09:11.360+0000] {subprocess.py:93} INFO - 2022-12-19 15:09:11 [scrapy.core.engine] DEBUG: Crawled (200) <GET https://www.metasrc.com/5v5/champion/masteryi/jungle> (referer: https://www.metasrc.com/5v5/stats)
[2022-12-19T15:09:11.367+0000] {subprocess.py:93} INFO - 2022-12-19 15:09:11 [scrapy.core.engine] DEBUG: Crawled (200) <GET https://www.metasrc.com/5v5/champion/mordekaiser/top> (referer: https://www.metasrc.com/5v5/stats)
[2022-12-19T15:09:11.376+0000] {subprocess.py:93} INFO - 2022-12-19 15:09:11 [scrapy.core.engine] DEBUG: Crawled (200) <GET https://www.metasrc.com/5v5/champion/missfortune/adc> (referer: https://www.metasrc.com/5v5/stats)
[2022-12-19T15:09:11.383+0000] {subprocess.py:93} INFO - 2022-12-19 15:09:11 [scrapy.core.engine] DEBUG: Crawled (200) <GET https://www.metasrc.com/5v5/champion/maokai/top> (referer: https://www.metasrc.com/5v5/stats)
[2022-12-19T15:09:12.091+0000] {subprocess.py:93} INFO - 2022-12-19 15:09:12 [scrapy.core.engine] DEBUG: Crawled (200) <GET https://www.metasrc.com/5v5/champion/malzahar/mid> (referer: https://www.metasrc.com/5v5/stats)
[2022-12-19T15:09:12.204+0000] {subprocess.py:93} INFO - 2022-12-19 15:09:12 [scrapy.core.engine] DEBUG: Crawled (200) <GET https://www.metasrc.com/5v5/champion/lucian/adc> (referer: https://www.metasrc.com/5v5/stats)
[2022-12-19T15:09:12.361+0000] {subprocess.py:93} INFO - 2022-12-19 15:09:12 [scrapy.core.engine] DEBUG: Crawled (200) <GET https://www.metasrc.com/5v5/champion/malphite/mid> (referer: https://www.metasrc.com/5v5/stats)
[2022-12-19T15:09:12.382+0000] {subprocess.py:93} INFO - 2022-12-19 15:09:12 [scrapy.core.engine] DEBUG: Crawled (200) <GET https://www.metasrc.com/5v5/champion/malphite/support> (referer: https://www.metasrc.com/5v5/stats)
[2022-12-19T15:09:12.397+0000] {subprocess.py:93} INFO - 2022-12-19 15:09:12 [scrapy.core.engine] DEBUG: Crawled (200) <GET https://www.metasrc.com/5v5/champion/malphite/top> (referer: https://www.metasrc.com/5v5/stats)
[2022-12-19T15:09:12.403+0000] {subprocess.py:93} INFO - 2022-12-19 15:09:12 [scrapy.core.engine] DEBUG: Crawled (200) <GET https://www.metasrc.com/5v5/champion/lux/mid> (referer: https://www.metasrc.com/5v5/stats)
[2022-12-19T15:09:12.408+0000] {subprocess.py:93} INFO - 2022-12-19 15:09:12 [scrapy.core.engine] DEBUG: Crawled (200) <GET https://www.metasrc.com/5v5/champion/lux/support> (referer: https://www.metasrc.com/5v5/stats)
[2022-12-19T15:09:12.412+0000] {subprocess.py:93} INFO - 2022-12-19 15:09:12 [scrapy.core.engine] DEBUG: Crawled (200) <GET https://www.metasrc.com/5v5/champion/lulu/support> (referer: https://www.metasrc.com/5v5/stats)
[2022-12-19T15:09:12.912+0000] {subprocess.py:93} INFO - 2022-12-19 15:09:12 [scrapy.core.engine] DEBUG: Crawled (200) <GET https://www.metasrc.com/5v5/champion/lissandra/mid> (referer: https://www.metasrc.com/5v5/stats)
[2022-12-19T15:09:13.199+0000] {subprocess.py:93} INFO - 2022-12-19 15:09:13 [scrapy.core.engine] DEBUG: Crawled (200) <GET https://www.metasrc.com/5v5/champion/lillia/top> (referer: https://www.metasrc.com/5v5/stats)
[2022-12-19T15:09:13.272+0000] {subprocess.py:93} INFO - 2022-12-19 15:09:13 [scrapy.core.engine] DEBUG: Crawled (200) <GET https://www.metasrc.com/5v5/champion/leona/support> (referer: https://www.metasrc.com/5v5/stats)
[2022-12-19T15:09:13.287+0000] {subprocess.py:93} INFO - 2022-12-19 15:09:13 [scrapy.core.engine] DEBUG: Crawled (200) <GET https://www.metasrc.com/5v5/champion/kled/mid> (referer: https://www.metasrc.com/5v5/stats)
[2022-12-19T15:09:13.296+0000] {subprocess.py:93} INFO - 2022-12-19 15:09:13 [scrapy.core.engine] DEBUG: Crawled (200) <GET https://www.metasrc.com/5v5/champion/leblanc/mid> (referer: https://www.metasrc.com/5v5/stats)
[2022-12-19T15:09:13.342+0000] {subprocess.py:93} INFO - 2022-12-19 15:09:13 [scrapy.core.engine] DEBUG: Crawled (200) <GET https://www.metasrc.com/5v5/champion/kogmaw/adc> (referer: https://www.metasrc.com/5v5/stats)
[2022-12-19T15:09:13.361+0000] {subprocess.py:93} INFO - 2022-12-19 15:09:13 [scrapy.core.engine] DEBUG: Crawled (200) <GET https://www.metasrc.com/5v5/champion/lillia/jungle> (referer: https://www.metasrc.com/5v5/stats)
[2022-12-19T15:09:13.368+0000] {subprocess.py:93} INFO - 2022-12-19 15:09:13 [scrapy.core.engine] DEBUG: Crawled (200) <GET https://www.metasrc.com/5v5/champion/leesin/jungle> (referer: https://www.metasrc.com/5v5/stats)
[2022-12-19T15:09:13.770+0000] {subprocess.py:93} INFO - 2022-12-19 15:09:13 [scrapy.core.engine] DEBUG: Crawled (200) <GET https://www.metasrc.com/5v5/champion/kled/top> (referer: https://www.metasrc.com/5v5/stats)
[2022-12-19T15:09:14.101+0000] {subprocess.py:93} INFO - 2022-12-19 15:09:14 [scrapy.core.engine] DEBUG: Crawled (200) <GET https://www.metasrc.com/5v5/champion/khazix/jungle> (referer: https://www.metasrc.com/5v5/stats)
[2022-12-19T15:09:14.118+0000] {subprocess.py:93} INFO - 2022-12-19 15:09:14 [scrapy.core.engine] DEBUG: Crawled (200) <GET https://www.metasrc.com/5v5/champion/katarina/mid> (referer: https://www.metasrc.com/5v5/stats)
[2022-12-19T15:09:14.150+0000] {subprocess.py:93} INFO - 2022-12-19 15:09:14 [scrapy.core.engine] DEBUG: Crawled (200) <GET https://www.metasrc.com/5v5/champion/kennen/top> (referer: https://www.metasrc.com/5v5/stats)
[2022-12-19T15:09:14.153+0000] {subprocess.py:93} INFO - 2022-12-19 15:09:14 [scrapy.core.engine] DEBUG: Crawled (200) <GET https://www.metasrc.com/5v5/champion/kennen/mid> (referer: https://www.metasrc.com/5v5/stats)
[2022-12-19T15:09:14.167+0000] {subprocess.py:93} INFO - 2022-12-19 15:09:14 [scrapy.core.engine] DEBUG: Crawled (200) <GET https://www.metasrc.com/5v5/champion/kayn/jungle> (referer: https://www.metasrc.com/5v5/stats)
[2022-12-19T15:09:14.354+0000] {subprocess.py:93} INFO - 2022-12-19 15:09:14 [scrapy.core.engine] DEBUG: Crawled (200) <GET https://www.metasrc.com/5v5/champion/kayle/mid> (referer: https://www.metasrc.com/5v5/stats)
[2022-12-19T15:09:14.365+0000] {subprocess.py:93} INFO - 2022-12-19 15:09:14 [scrapy.core.engine] DEBUG: Crawled (200) <GET https://www.metasrc.com/5v5/champion/kayle/top> (referer: https://www.metasrc.com/5v5/stats)
[2022-12-19T15:09:14.727+0000] {subprocess.py:93} INFO - 2022-12-19 15:09:14 [scrapy.core.engine] DEBUG: Crawled (200) <GET https://www.metasrc.com/5v5/champion/kassadin/mid> (referer: https://www.metasrc.com/5v5/stats)
[2022-12-19T15:09:14.807+0000] {subprocess.py:93} INFO - 2022-12-19 15:09:14 [scrapy.core.engine] DEBUG: Crawled (200) <GET https://www.metasrc.com/5v5/champion/karthus/jungle> (referer: https://www.metasrc.com/5v5/stats)
[2022-12-19T15:09:15.038+0000] {subprocess.py:93} INFO - 2022-12-19 15:09:15 [scrapy.core.engine] DEBUG: Crawled (200) <GET https://www.metasrc.com/5v5/champion/karthus/adc> (referer: https://www.metasrc.com/5v5/stats)
[2022-12-19T15:09:15.117+0000] {subprocess.py:93} INFO - 2022-12-19 15:09:15 [scrapy.core.engine] DEBUG: Crawled (200) <GET https://www.metasrc.com/5v5/champion/ksante/top> (referer: https://www.metasrc.com/5v5/stats)
[2022-12-19T15:09:15.126+0000] {subprocess.py:93} INFO - 2022-12-19 15:09:15 [scrapy.core.engine] DEBUG: Crawled (200) <GET https://www.metasrc.com/5v5/champion/kalista/adc> (referer: https://www.metasrc.com/5v5/stats)
[2022-12-19T15:09:15.294+0000] {subprocess.py:93} INFO - 2022-12-19 15:09:15 [scrapy.core.engine] DEBUG: Crawled (200) <GET https://www.metasrc.com/5v5/champion/karthus/mid> (referer: https://www.metasrc.com/5v5/stats)
[2022-12-19T15:09:15.301+0000] {subprocess.py:93} INFO - 2022-12-19 15:09:15 [scrapy.core.engine] DEBUG: Crawled (200) <GET https://www.metasrc.com/5v5/champion/karma/support> (referer: https://www.metasrc.com/5v5/stats)
[2022-12-19T15:09:15.371+0000] {subprocess.py:93} INFO - 2022-12-19 15:09:15 [scrapy.core.engine] DEBUG: Crawled (200) <GET https://www.metasrc.com/5v5/champion/kaisa/adc> (referer: https://www.metasrc.com/5v5/stats)
[2022-12-19T15:09:15.617+0000] {subprocess.py:93} INFO - 2022-12-19 15:09:15 [scrapy.core.engine] DEBUG: Crawled (200) <GET https://www.metasrc.com/5v5/champion/jinx/adc> (referer: https://www.metasrc.com/5v5/stats)
[2022-12-19T15:09:15.787+0000] {subprocess.py:93} INFO - 2022-12-19 15:09:15 [scrapy.core.engine] DEBUG: Crawled (200) <GET https://www.metasrc.com/5v5/champion/jhin/adc> (referer: https://www.metasrc.com/5v5/stats)
[2022-12-19T15:09:15.917+0000] {subprocess.py:93} INFO - 2022-12-19 15:09:15 [scrapy.core.engine] DEBUG: Crawled (200) <GET https://www.metasrc.com/5v5/champion/jayce/top> (referer: https://www.metasrc.com/5v5/stats)
[2022-12-19T15:09:15.973+0000] {subprocess.py:93} INFO - 2022-12-19 15:09:15 [scrapy.core.engine] DEBUG: Crawled (200) <GET https://www.metasrc.com/5v5/champion/jayce/mid> (referer: https://www.metasrc.com/5v5/stats)
[2022-12-19T15:09:16.078+0000] {subprocess.py:93} INFO - 2022-12-19 15:09:16 [scrapy.core.engine] DEBUG: Crawled (200) <GET https://www.metasrc.com/5v5/champion/janna/support> (referer: https://www.metasrc.com/5v5/stats)
[2022-12-19T15:09:16.128+0000] {subprocess.py:93} INFO - 2022-12-19 15:09:16 [scrapy.core.engine] DEBUG: Crawled (200) <GET https://www.metasrc.com/5v5/champion/jax/jungle> (referer: https://www.metasrc.com/5v5/stats)
[2022-12-19T15:09:16.270+0000] {subprocess.py:93} INFO - 2022-12-19 15:09:16 [scrapy.core.engine] DEBUG: Crawled (200) <GET https://www.metasrc.com/5v5/champion/jarvaniv/jungle> (referer: https://www.metasrc.com/5v5/stats)
[2022-12-19T15:09:16.350+0000] {subprocess.py:93} INFO - 2022-12-19 15:09:16 [scrapy.core.engine] DEBUG: Crawled (200) <GET https://www.metasrc.com/5v5/champion/jax/top> (referer: https://www.metasrc.com/5v5/stats)
[2022-12-19T15:09:16.490+0000] {subprocess.py:93} INFO - 2022-12-19 15:09:16 [scrapy.core.engine] DEBUG: Crawled (200) <GET https://www.metasrc.com/5v5/champion/ivern/support> (referer: https://www.metasrc.com/5v5/stats)
[2022-12-19T15:09:16.631+0000] {subprocess.py:93} INFO - 2022-12-19 15:09:16 [scrapy.core.engine] DEBUG: Crawled (200) <GET https://www.metasrc.com/5v5/champion/ivern/jungle> (referer: https://www.metasrc.com/5v5/stats)
[2022-12-19T15:09:16.888+0000] {subprocess.py:93} INFO - 2022-12-19 15:09:16 [scrapy.core.engine] DEBUG: Crawled (200) <GET https://www.metasrc.com/5v5/champion/heimerdinger/top> (referer: https://www.metasrc.com/5v5/stats)
[2022-12-19T15:09:16.953+0000] {subprocess.py:93} INFO - 2022-12-19 15:09:16 [scrapy.core.engine] DEBUG: Crawled (200) <GET https://www.metasrc.com/5v5/champion/irelia/top> (referer: https://www.metasrc.com/5v5/stats)
[2022-12-19T15:09:16.965+0000] {subprocess.py:93} INFO - 2022-12-19 15:09:16 [scrapy.core.engine] DEBUG: Crawled (200) <GET https://www.metasrc.com/5v5/champion/irelia/mid> (referer: https://www.metasrc.com/5v5/stats)
[2022-12-19T15:09:16.986+0000] {subprocess.py:93} INFO - 2022-12-19 15:09:16 [scrapy.core.engine] DEBUG: Crawled (200) <GET https://www.metasrc.com/5v5/champion/illaoi/top> (referer: https://www.metasrc.com/5v5/stats)
[2022-12-19T15:09:17.136+0000] {subprocess.py:93} INFO - 2022-12-19 15:09:17 [scrapy.core.engine] DEBUG: Crawled (200) <GET https://www.metasrc.com/5v5/champion/heimerdinger/mid> (referer: https://www.metasrc.com/5v5/stats)
[2022-12-19T15:09:17.270+0000] {subprocess.py:93} INFO - 2022-12-19 15:09:17 [scrapy.core.engine] DEBUG: Crawled (200) <GET https://www.metasrc.com/5v5/champion/heimerdinger/support> (referer: https://www.metasrc.com/5v5/stats)
[2022-12-19T15:09:17.371+0000] {subprocess.py:93} INFO - 2022-12-19 15:09:17 [scrapy.core.engine] DEBUG: Crawled (200) <GET https://www.metasrc.com/5v5/champion/hecarim/jungle> (referer: https://www.metasrc.com/5v5/stats)
[2022-12-19T15:09:17.537+0000] {subprocess.py:93} INFO - 2022-12-19 15:09:17 [scrapy.core.engine] DEBUG: Crawled (200) <GET https://www.metasrc.com/5v5/champion/gwen/jungle> (referer: https://www.metasrc.com/5v5/stats)
[2022-12-19T15:09:17.850+0000] {subprocess.py:93} INFO - 2022-12-19 15:09:17 [scrapy.core.engine] DEBUG: Crawled (200) <GET https://www.metasrc.com/5v5/champion/gwen/top> (referer: https://www.metasrc.com/5v5/stats)
[2022-12-19T15:09:17.873+0000] {subprocess.py:93} INFO - 2022-12-19 15:09:17 [scrapy.core.engine] DEBUG: Crawled (200) <GET https://www.metasrc.com/5v5/champion/gragas/support> (referer: https://www.metasrc.com/5v5/stats)
[2022-12-19T15:09:17.907+0000] {subprocess.py:93} INFO - 2022-12-19 15:09:17 [scrapy.core.engine] DEBUG: Crawled (200) <GET https://www.metasrc.com/5v5/champion/graves/jungle> (referer: https://www.metasrc.com/5v5/stats)
[2022-12-19T15:09:17.929+0000] {subprocess.py:93} INFO - 2022-12-19 15:09:17 [scrapy.core.engine] DEBUG: Crawled (200) <GET https://www.metasrc.com/5v5/champion/gragas/top> (referer: https://www.metasrc.com/5v5/stats)
[2022-12-19T15:09:18.105+0000] {subprocess.py:93} INFO - 2022-12-19 15:09:18 [scrapy.core.engine] DEBUG: Crawled (200) <GET https://www.metasrc.com/5v5/champion/gragas/jungle> (referer: https://www.metasrc.com/5v5/stats)
[2022-12-19T15:09:18.206+0000] {subprocess.py:93} INFO - 2022-12-19 15:09:18 [scrapy.core.engine] DEBUG: Crawled (200) <GET https://www.metasrc.com/5v5/champion/gragas/mid> (referer: https://www.metasrc.com/5v5/stats)
[2022-12-19T15:09:18.329+0000] {subprocess.py:93} INFO - 2022-12-19 15:09:18 [scrapy.core.engine] DEBUG: Crawled (200) <GET https://www.metasrc.com/5v5/champion/gnar/top> (referer: https://www.metasrc.com/5v5/stats)
[2022-12-19T15:09:18.464+0000] {subprocess.py:93} INFO - 2022-12-19 15:09:18 [scrapy.core.engine] DEBUG: Crawled (200) <GET https://www.metasrc.com/5v5/champion/garen/top> (referer: https://www.metasrc.com/5v5/stats)
[2022-12-19T15:09:18.772+0000] {subprocess.py:93} INFO - 2022-12-19 15:09:18 [scrapy.core.engine] DEBUG: Crawled (200) <GET https://www.metasrc.com/5v5/champion/gangplank/mid> (referer: https://www.metasrc.com/5v5/stats)
[2022-12-19T15:09:18.893+0000] {subprocess.py:93} INFO - 2022-12-19 15:09:18 [scrapy.core.engine] DEBUG: Crawled (200) <GET https://www.metasrc.com/5v5/champion/gangplank/top> (referer: https://www.metasrc.com/5v5/stats)
[2022-12-19T15:09:19.032+0000] {subprocess.py:93} INFO - 2022-12-19 15:09:18 [scrapy.core.engine] DEBUG: Crawled (200) <GET https://www.metasrc.com/5v5/champion/galio/support> (referer: https://www.metasrc.com/5v5/stats)
[2022-12-19T15:09:19.152+0000] {subprocess.py:93} INFO - 2022-12-19 15:09:18 [scrapy.core.engine] DEBUG: Crawled (200) <GET https://www.metasrc.com/5v5/champion/galio/mid> (referer: https://www.metasrc.com/5v5/stats)
[2022-12-19T15:09:21.472+0000] {subprocess.py:93} INFO - 2022-12-19 15:09:21 [scrapy.core.engine] DEBUG: Crawled (200) <GET https://www.metasrc.com/5v5/champion/fiora/top> (referer: https://www.metasrc.com/5v5/stats)
[2022-12-19T15:09:21.496+0000] {subprocess.py:93} INFO - 2022-12-19 15:09:21 [scrapy.core.engine] DEBUG: Crawled (200) <GET https://www.metasrc.com/5v5/champion/fizz/mid> (referer: https://www.metasrc.com/5v5/stats)
[2022-12-19T15:09:21.508+0000] {subprocess.py:93} INFO - 2022-12-19 15:09:21 [scrapy.core.engine] DEBUG: Crawled (200) <GET https://www.metasrc.com/5v5/champion/fiddlesticks/support> (referer: https://www.metasrc.com/5v5/stats)
[2022-12-19T15:09:21.524+0000] {subprocess.py:93} INFO - 2022-12-19 15:09:21 [scrapy.core.engine] DEBUG: Crawled (200) <GET https://www.metasrc.com/5v5/champion/fiddlesticks/jungle> (referer: https://www.metasrc.com/5v5/stats)
[2022-12-19T15:09:21.536+0000] {subprocess.py:93} INFO - 2022-12-19 15:09:21 [scrapy.core.engine] DEBUG: Crawled (200) <GET https://www.metasrc.com/5v5/champion/ezreal/adc> (referer: https://www.metasrc.com/5v5/stats)
[2022-12-19T15:09:24.257+0000] {subprocess.py:93} INFO - 2022-12-19 15:09:22 [scrapy.core.engine] DEBUG: Crawled (200) <GET https://www.metasrc.com/5v5/champion/evelynn/jungle> (referer: https://www.metasrc.com/5v5/stats)
[2022-12-19T15:09:24.614+0000] {subprocess.py:93} INFO - 2022-12-19 15:09:23 [scrapy.core.engine] DEBUG: Crawled (200) <GET https://www.metasrc.com/5v5/champion/ekko/mid> (referer: https://www.metasrc.com/5v5/stats)
[2022-12-19T15:09:24.620+0000] {subprocess.py:93} INFO - 2022-12-19 15:09:23 [scrapy.core.engine] DEBUG: Crawled (200) <GET https://www.metasrc.com/5v5/champion/elise/jungle> (referer: https://www.metasrc.com/5v5/stats)
[2022-12-19T15:09:24.623+0000] {subprocess.py:93} INFO - 2022-12-19 15:09:23 [scrapy.core.engine] DEBUG: Crawled (200) <GET https://www.metasrc.com/5v5/champion/drmundo/top> (referer: https://www.metasrc.com/5v5/stats)
[2022-12-19T15:09:24.631+0000] {subprocess.py:93} INFO - 2022-12-19 15:09:24 [scrapy.core.engine] DEBUG: Crawled (200) <GET https://www.metasrc.com/5v5/champion/drmundo/jungle> (referer: https://www.metasrc.com/5v5/stats)
[2022-12-19T15:09:24.635+0000] {subprocess.py:93} INFO - 2022-12-19 15:09:24 [scrapy.core.engine] DEBUG: Crawled (200) <GET https://www.metasrc.com/5v5/champion/draven/adc> (referer: https://www.metasrc.com/5v5/stats)
[2022-12-19T15:09:24.638+0000] {subprocess.py:93} INFO - 2022-12-19 15:09:24 [scrapy.core.engine] DEBUG: Crawled (200) <GET https://www.metasrc.com/5v5/champion/belveth/jungle> (referer: https://www.metasrc.com/5v5/stats)
[2022-12-19T15:09:24.640+0000] {subprocess.py:93} INFO - 2022-12-19 15:09:24 [scrapy.core.engine] DEBUG: Crawled (200) <GET https://www.metasrc.com/5v5/champion/ekko/jungle> (referer: https://www.metasrc.com/5v5/stats)
[2022-12-19T15:09:25.490+0000] {subprocess.py:93} INFO - 2022-12-19 15:09:25 [scrapy.core.engine] DEBUG: Crawled (200) <GET https://www.metasrc.com/5v5/champion/bard/support> (referer: https://www.metasrc.com/5v5/stats)
[2022-12-19T15:09:25.534+0000] {subprocess.py:93} INFO - 2022-12-19 15:09:25 [scrapy.core.engine] DEBUG: Crawled (200) <GET https://www.metasrc.com/5v5/champion/azir/mid> (referer: https://www.metasrc.com/5v5/stats)
[2022-12-19T15:09:26.534+0000] {subprocess.py:93} INFO - 2022-12-19 15:09:26 [scrapy.core.engine] DEBUG: Crawled (200) <GET https://www.metasrc.com/5v5/champion/annie/mid> (referer: https://www.metasrc.com/5v5/stats)
[2022-12-19T15:09:26.624+0000] {subprocess.py:93} INFO - 2022-12-19 15:09:26 [scrapy.core.engine] DEBUG: Crawled (200) <GET https://www.metasrc.com/5v5/champion/annie/support> (referer: https://www.metasrc.com/5v5/stats)
[2022-12-19T15:09:26.685+0000] {subprocess.py:93} INFO - 2022-12-19 15:09:26 [scrapy.core.engine] DEBUG: Crawled (200) <GET https://www.metasrc.com/5v5/champion/ashe/adc> (referer: https://www.metasrc.com/5v5/stats)
[2022-12-19T15:09:26.705+0000] {subprocess.py:93} INFO - 2022-12-19 15:09:26 [scrapy.core.engine] DEBUG: Crawled (200) <GET https://www.metasrc.com/5v5/champion/aphelios/adc> (referer: https://www.metasrc.com/5v5/stats)
[2022-12-19T15:09:26.787+0000] {subprocess.py:93} INFO - 2022-12-19 15:09:26 [scrapy.core.engine] DEBUG: Crawled (200) <GET https://www.metasrc.com/5v5/champion/anivia/support> (referer: https://www.metasrc.com/5v5/stats)
[2022-12-19T15:09:26.859+0000] {subprocess.py:93} INFO - 2022-12-19 15:09:26 [scrapy.core.engine] DEBUG: Crawled (200) <GET https://www.metasrc.com/5v5/champion/aurelionsol/mid> (referer: https://www.metasrc.com/5v5/stats)
[2022-12-19T15:09:26.939+0000] {subprocess.py:93} INFO - 2022-12-19 15:09:26 [scrapy.core.engine] DEBUG: Crawled (200) <GET https://www.metasrc.com/5v5/champion/ashe/support> (referer: https://www.metasrc.com/5v5/stats)
[2022-12-19T15:09:28.251+0000] {subprocess.py:93} INFO - 2022-12-19 15:09:28 [scrapy.core.engine] DEBUG: Crawled (200) <GET https://www.metasrc.com/5v5/champion/amumu/jungle> (referer: https://www.metasrc.com/5v5/stats)
[2022-12-19T15:09:28.323+0000] {subprocess.py:93} INFO - 2022-12-19 15:09:28 [scrapy.core.engine] DEBUG: Crawled (200) <GET https://www.metasrc.com/5v5/champion/anivia/mid> (referer: https://www.metasrc.com/5v5/stats)
[2022-12-19T15:09:29.346+0000] {subprocess.py:93} INFO - 2022-12-19 15:09:29 [scrapy.core.engine] DEBUG: Crawled (200) <GET https://www.metasrc.com/5v5/champion/akshan/top> (referer: https://www.metasrc.com/5v5/stats)
[2022-12-19T15:09:29.539+0000] {subprocess.py:93} INFO - 2022-12-19 15:09:29 [scrapy.core.engine] DEBUG: Crawled (200) <GET https://www.metasrc.com/5v5/champion/akshan/mid> (referer: https://www.metasrc.com/5v5/stats)
[2022-12-19T15:09:29.574+0000] {subprocess.py:93} INFO - 2022-12-19 15:09:29 [scrapy.core.engine] DEBUG: Crawled (200) <GET https://www.metasrc.com/5v5/champion/akali/mid> (referer: https://www.metasrc.com/5v5/stats)
[2022-12-19T15:09:30.091+0000] {subprocess.py:93} INFO - 2022-12-19 15:09:30 [scrapy.core.engine] DEBUG: Crawled (200) <GET https://www.metasrc.com/5v5/champion/alistar/support> (referer: https://www.metasrc.com/5v5/stats)
[2022-12-19T15:09:30.111+0000] {subprocess.py:93} INFO - 2022-12-19 15:09:30 [scrapy.core.engine] DEBUG: Crawled (200) <GET https://www.metasrc.com/5v5/champion/amumu/support> (referer: https://www.metasrc.com/5v5/stats)
[2022-12-19T15:09:30.408+0000] {subprocess.py:93} INFO - 2022-12-19 15:09:30 [scrapy.core.engine] DEBUG: Crawled (200) <GET https://www.metasrc.com/5v5/champion/akali/top> (referer: https://www.metasrc.com/5v5/stats)
[2022-12-19T15:09:37.192+0000] {subprocess.py:93} INFO - 2022-12-19 15:09:37 [scrapy.core.engine] DEBUG: Crawled (200) <GET https://www.metasrc.com/5v5/champion/ahri/mid> (referer: https://www.metasrc.com/5v5/stats)
[2022-12-19T15:09:37.830+0000] {subprocess.py:93} INFO - 2022-12-19 15:09:37 [scrapy.extensions.logstats] INFO: Crawled 253 pages (at 253 pages/min), scraped 0 items (at 0 items/min)
[2022-12-19T15:09:38.051+0000] {subprocess.py:93} INFO - 2022-12-19 15:09:38 [scrapy.core.engine] INFO: Closing spider (finished)
[2022-12-19T15:09:38.060+0000] {subprocess.py:93} INFO - 2022-12-19 15:09:38 [scrapy.statscollectors] INFO: Dumping Scrapy stats:
[2022-12-19T15:09:38.081+0000] {subprocess.py:93} INFO - {'downloader/request_bytes': 93413,
[2022-12-19T15:09:38.100+0000] {subprocess.py:93} INFO -  'downloader/request_count': 253,
[2022-12-19T15:09:38.110+0000] {subprocess.py:93} INFO -  'downloader/request_method_count/GET': 253,
[2022-12-19T15:09:38.121+0000] {subprocess.py:93} INFO -  'downloader/response_bytes': 13869263,
[2022-12-19T15:09:38.141+0000] {subprocess.py:93} INFO -  'downloader/response_count': 253,
[2022-12-19T15:09:38.151+0000] {subprocess.py:93} INFO -  'downloader/response_status_count/200': 253,
[2022-12-19T15:09:38.163+0000] {subprocess.py:93} INFO -  'elapsed_time_seconds': 67.017474,
[2022-12-19T15:09:38.164+0000] {subprocess.py:93} INFO -  'finish_reason': 'finished',
[2022-12-19T15:09:38.165+0000] {subprocess.py:93} INFO -  'finish_time': datetime.datetime(2022, 12, 19, 15, 9, 38, 51347),
[2022-12-19T15:09:38.166+0000] {subprocess.py:93} INFO -  'httpcompression/response_bytes': 169351667,
[2022-12-19T15:09:38.167+0000] {subprocess.py:93} INFO -  'httpcompression/response_count': 253,
[2022-12-19T15:09:38.168+0000] {subprocess.py:93} INFO -  'log_count/DEBUG': 254,
[2022-12-19T15:09:38.169+0000] {subprocess.py:93} INFO -  'log_count/INFO': 11,
[2022-12-19T15:09:38.170+0000] {subprocess.py:93} INFO -  'log_count/WARNING': 1,
[2022-12-19T15:09:38.185+0000] {subprocess.py:93} INFO -  'memusage/max': 411533312,
[2022-12-19T15:09:38.210+0000] {subprocess.py:93} INFO -  'memusage/startup': 239431680,
[2022-12-19T15:09:38.222+0000] {subprocess.py:93} INFO -  'request_depth_max': 1,
[2022-12-19T15:09:38.229+0000] {subprocess.py:93} INFO -  'response_received_count': 253,
[2022-12-19T15:09:38.232+0000] {subprocess.py:93} INFO -  'scheduler/dequeued': 253,
[2022-12-19T15:09:38.233+0000] {subprocess.py:93} INFO -  'scheduler/dequeued/memory': 253,
[2022-12-19T15:09:38.237+0000] {subprocess.py:93} INFO -  'scheduler/enqueued': 253,
[2022-12-19T15:09:38.238+0000] {subprocess.py:93} INFO -  'scheduler/enqueued/memory': 253,
[2022-12-19T15:09:38.238+0000] {subprocess.py:93} INFO -  'start_time': datetime.datetime(2022, 12, 19, 15, 8, 31, 33873)}
[2022-12-19T15:09:38.239+0000] {subprocess.py:93} INFO - 2022-12-19 15:09:38 [scrapy.core.engine] INFO: Spider closed (finished)
[2022-12-19T15:09:38.240+0000] {subprocess.py:93} INFO - {"message": "successfully scrape champ counter stat", "time": "2022-12-19T15:09:38.151344"}
[2022-12-19T15:09:38.242+0000] {subprocess.py:93} INFO - 2022-12-19 15:09:38 [__main__] INFO: successfully scrape champ counter stat
[2022-12-19T15:09:38.243+0000] {subprocess.py:93} INFO - {"message": "scrapying champ counter stat have used 69.52658674s", "time": "2022-12-19T15:09:38.171126"}
[2022-12-19T15:09:38.243+0000] {subprocess.py:93} INFO - 2022-12-19 15:09:38 [__main__] INFO: scrapying champ counter stat have used 69.52658674s
[2022-12-19T15:09:38.280+0000] {subprocess.py:93} INFO - {"message": "scrapying champ counter stat have used cpu scpustats(ctx_switches=1059419, interrupts=716843, soft_interrupts=307487, syscalls=0)% and disk sdiskusage(total=245107195904, used=234636693504, free=10470502400, percent=95.7)%", "time": "2022-12-19T15:09:38.233428"}
[2022-12-19T15:09:38.293+0000] {subprocess.py:93} INFO - 2022-12-19 15:09:38 [__main__] INFO: scrapying champ counter stat have used cpu scpustats(ctx_switches=1059419, interrupts=716843, soft_interrupts=307487, syscalls=0)% and disk sdiskusage(total=245107195904, used=234636693504, free=10470502400, percent=95.7)%
[2022-12-19T15:09:41.336+0000] {subprocess.py:97} INFO - Command exited with return code 0
[2022-12-19T15:09:41.712+0000] {taskinstance.py:1327} INFO - Marking task as SUCCESS. dag_id=Can_I_change_name_to_this, task_id=scrape_counter, execution_date=20221218T100000, start_date=20221219T150824, end_date=20221219T150941
[2022-12-19T15:09:41.954+0000] {local_task_job.py:159} INFO - Task exited with return code 0
[2022-12-19T15:09:42.160+0000] {taskinstance.py:2582} INFO - 0 downstream tasks scheduled from follow-on schedule check
