[2022-11-28T02:33:07.811+0000] {taskinstance.py:1165} INFO - Dependencies all met for <TaskInstance: Can_I_change_name_to_this.task_1 manual__2022-11-28T02:33:06.928114+00:00 [queued]>
[2022-11-28T02:33:07.827+0000] {taskinstance.py:1165} INFO - Dependencies all met for <TaskInstance: Can_I_change_name_to_this.task_1 manual__2022-11-28T02:33:06.928114+00:00 [queued]>
[2022-11-28T02:33:07.829+0000] {taskinstance.py:1362} INFO - 
--------------------------------------------------------------------------------
[2022-11-28T02:33:07.832+0000] {taskinstance.py:1363} INFO - Starting attempt 1 of 1
[2022-11-28T02:33:07.833+0000] {taskinstance.py:1364} INFO - 
--------------------------------------------------------------------------------
[2022-11-28T02:33:07.849+0000] {taskinstance.py:1383} INFO - Executing <Task(BashOperator): task_1> on 2022-11-28 02:33:06.928114+00:00
[2022-11-28T02:33:07.855+0000] {standard_task_runner.py:55} INFO - Started process 239 to run task
[2022-11-28T02:33:07.866+0000] {standard_task_runner.py:82} INFO - Running: ['***', 'tasks', 'run', 'Can_I_change_name_to_this', 'task_1', 'manual__2022-11-28T02:33:06.928114+00:00', '--job-id', '6', '--raw', '--subdir', 'DAGS_FOLDER/dags.py', '--cfg-path', '/tmp/tmprzau_0sa']
[2022-11-28T02:33:07.868+0000] {standard_task_runner.py:83} INFO - Job 6: Subtask task_1
[2022-11-28T02:33:07.974+0000] {task_command.py:376} INFO - Running <TaskInstance: Can_I_change_name_to_this.task_1 manual__2022-11-28T02:33:06.928114+00:00 [running]> on host 7667c9be398a
[2022-11-28T02:33:08.036+0000] {taskinstance.py:1592} INFO - Exporting the following env vars:
AIRFLOW_CTX_DAG_OWNER=***
AIRFLOW_CTX_DAG_ID=Can_I_change_name_to_this
AIRFLOW_CTX_TASK_ID=task_1
AIRFLOW_CTX_EXECUTION_DATE=2022-11-28T02:33:06.928114+00:00
AIRFLOW_CTX_TRY_NUMBER=1
AIRFLOW_CTX_DAG_RUN_ID=manual__2022-11-28T02:33:06.928114+00:00
[2022-11-28T02:33:08.040+0000] {subprocess.py:63} INFO - Tmp dir root location: 
 /tmp
[2022-11-28T02:33:08.043+0000] {subprocess.py:75} INFO - Running command: ['/bin/bash', '-c', 'python /opt/***/tasks/lol_champ_basic_stat.py ']
[2022-11-28T02:33:08.065+0000] {subprocess.py:86} INFO - Output:
[2022-11-28T02:33:09.177+0000] {subprocess.py:93} INFO - 2022-11-28 02:33:09,177 | __main__ |lol_champ_basic_stat.py | INFO | now scraping the champ basic stat
[2022-11-28T02:33:09.180+0000] {subprocess.py:93} INFO - 2022-11-28 02:33:09 [scrapy.utils.log] INFO: Scrapy 2.7.1 started (bot: scrapybot)
[2022-11-28T02:33:09.185+0000] {subprocess.py:93} INFO - 2022-11-28 02:33:09 [scrapy.utils.log] INFO: Versions: lxml 4.9.1.0, libxml2 2.9.14, cssselect 1.2.0, parsel 1.7.0, w3lib 2.0.1, Twisted 22.10.0, Python 3.7.15 (default, Oct 25 2022, 07:08:46) - [GCC 10.2.1 20210110], pyOpenSSL 22.0.0 (OpenSSL 1.1.1n  15 Mar 2022), cryptography 36.0.2, Platform Linux-5.10.124-linuxkit-aarch64-with-debian-11.5
[2022-11-28T02:33:09.187+0000] {subprocess.py:93} INFO - 2022-11-28 02:33:09 [scrapy.crawler] INFO: Overridden settings:
[2022-11-28T02:33:09.188+0000] {subprocess.py:93} INFO - {}
[2022-11-28T02:33:09.189+0000] {subprocess.py:93} INFO - 2022-11-28 02:33:09 [py.warnings] WARNING: /home/***/.local/lib/python3.7/site-packages/scrapy/utils/request.py:231: ScrapyDeprecationWarning: '2.6' is a deprecated value for the 'REQUEST_FINGERPRINTER_IMPLEMENTATION' setting.
[2022-11-28T02:33:09.190+0000] {subprocess.py:93} INFO - 
[2022-11-28T02:33:09.190+0000] {subprocess.py:93} INFO - It is also the default value. In other words, it is normal to get this warning if you have not defined a value for the 'REQUEST_FINGERPRINTER_IMPLEMENTATION' setting. This is so for backward compatibility reasons, but it will change in a future version of Scrapy.
[2022-11-28T02:33:09.191+0000] {subprocess.py:93} INFO - 
[2022-11-28T02:33:09.192+0000] {subprocess.py:93} INFO - See the documentation of the 'REQUEST_FINGERPRINTER_IMPLEMENTATION' setting for information on how to handle this deprecation.
[2022-11-28T02:33:09.194+0000] {subprocess.py:93} INFO -   return cls(crawler)
[2022-11-28T02:33:09.195+0000] {subprocess.py:93} INFO - 
[2022-11-28T02:33:09.197+0000] {subprocess.py:93} INFO - 2022-11-28 02:33:09 [scrapy.utils.log] DEBUG: Using reactor: twisted.internet.epollreactor.EPollReactor
[2022-11-28T02:33:09.208+0000] {subprocess.py:93} INFO - 2022-11-28 02:33:09 [scrapy.extensions.telnet] INFO: Telnet Password: 5316fad5ddac9123
[2022-11-28T02:33:09.232+0000] {subprocess.py:93} INFO - 2022-11-28 02:33:09 [scrapy.middleware] INFO: Enabled extensions:
[2022-11-28T02:33:09.234+0000] {subprocess.py:93} INFO - ['scrapy.extensions.corestats.CoreStats',
[2022-11-28T02:33:09.236+0000] {subprocess.py:93} INFO -  'scrapy.extensions.telnet.TelnetConsole',
[2022-11-28T02:33:09.238+0000] {subprocess.py:93} INFO -  'scrapy.extensions.memusage.MemoryUsage',
[2022-11-28T02:33:09.239+0000] {subprocess.py:93} INFO -  'scrapy.extensions.logstats.LogStats']
[2022-11-28T02:33:09.382+0000] {subprocess.py:93} INFO - 2022-11-28 02:33:09 [scrapy.middleware] INFO: Enabled downloader middlewares:
[2022-11-28T02:33:09.386+0000] {subprocess.py:93} INFO - ['scrapy.downloadermiddlewares.httpauth.HttpAuthMiddleware',
[2022-11-28T02:33:09.388+0000] {subprocess.py:93} INFO -  'scrapy.downloadermiddlewares.downloadtimeout.DownloadTimeoutMiddleware',
[2022-11-28T02:33:09.389+0000] {subprocess.py:93} INFO -  'scrapy.downloadermiddlewares.defaultheaders.DefaultHeadersMiddleware',
[2022-11-28T02:33:09.392+0000] {subprocess.py:93} INFO -  'scrapy.downloadermiddlewares.useragent.UserAgentMiddleware',
[2022-11-28T02:33:09.393+0000] {subprocess.py:93} INFO -  'scrapy.downloadermiddlewares.retry.RetryMiddleware',
[2022-11-28T02:33:09.396+0000] {subprocess.py:93} INFO -  'scrapy.downloadermiddlewares.redirect.MetaRefreshMiddleware',
[2022-11-28T02:33:09.398+0000] {subprocess.py:93} INFO -  'scrapy.downloadermiddlewares.httpcompression.HttpCompressionMiddleware',
[2022-11-28T02:33:09.398+0000] {subprocess.py:93} INFO -  'scrapy.downloadermiddlewares.redirect.RedirectMiddleware',
[2022-11-28T02:33:09.399+0000] {subprocess.py:93} INFO -  'scrapy.downloadermiddlewares.cookies.CookiesMiddleware',
[2022-11-28T02:33:09.400+0000] {subprocess.py:93} INFO -  'scrapy.downloadermiddlewares.httpproxy.HttpProxyMiddleware',
[2022-11-28T02:33:09.403+0000] {subprocess.py:93} INFO -  'scrapy.downloadermiddlewares.stats.DownloaderStats']
[2022-11-28T02:33:09.408+0000] {subprocess.py:93} INFO - 2022-11-28 02:33:09 [scrapy.middleware] INFO: Enabled spider middlewares:
[2022-11-28T02:33:09.410+0000] {subprocess.py:93} INFO - ['scrapy.spidermiddlewares.httperror.HttpErrorMiddleware',
[2022-11-28T02:33:09.413+0000] {subprocess.py:93} INFO -  'scrapy.spidermiddlewares.offsite.OffsiteMiddleware',
[2022-11-28T02:33:09.431+0000] {subprocess.py:93} INFO -  'scrapy.spidermiddlewares.referer.RefererMiddleware',
[2022-11-28T02:33:09.439+0000] {subprocess.py:93} INFO -  'scrapy.spidermiddlewares.urllength.UrlLengthMiddleware',
[2022-11-28T02:33:09.442+0000] {subprocess.py:93} INFO -  'scrapy.spidermiddlewares.depth.DepthMiddleware']
[2022-11-28T02:33:09.444+0000] {subprocess.py:93} INFO - 2022-11-28 02:33:09 [scrapy.middleware] INFO: Enabled item pipelines:
[2022-11-28T02:33:09.447+0000] {subprocess.py:93} INFO - []
[2022-11-28T02:33:09.449+0000] {subprocess.py:93} INFO - 2022-11-28 02:33:09 [scrapy.core.engine] INFO: Spider opened
[2022-11-28T02:33:09.477+0000] {subprocess.py:93} INFO - 2022-11-28 02:33:09 [scrapy.extensions.logstats] INFO: Crawled 0 pages (at 0 pages/min), scraped 0 items (at 0 items/min)
[2022-11-28T02:33:09.479+0000] {subprocess.py:93} INFO - 2022-11-28 02:33:09 [scrapy.extensions.telnet] INFO: Telnet console listening on 127.0.0.1:6024
[2022-11-28T02:33:09.583+0000] {subprocess.py:93} INFO - 2022-11-28 02:33:09 [scrapy.core.engine] DEBUG: Crawled (200) <GET https://www.metasrc.com/5v5/stats> (referer: None)
[2022-11-28T02:33:09.702+0000] {subprocess.py:93} INFO - 2022-11-28 02:33:09 [scrapy.core.scraper] ERROR: Spider error processing <GET https://www.metasrc.com/5v5/stats> (referer: None)
[2022-11-28T02:33:09.704+0000] {subprocess.py:93} INFO - Traceback (most recent call last):
[2022-11-28T02:33:09.707+0000] {subprocess.py:93} INFO -   File "/home/***/.local/lib/python3.7/site-packages/twisted/internet/defer.py", line 893, in _runCallbacks
[2022-11-28T02:33:09.710+0000] {subprocess.py:93} INFO -     current.result, *args, **kwargs
[2022-11-28T02:33:09.711+0000] {subprocess.py:93} INFO -   File "/home/***/.local/lib/python3.7/site-packages/scrapy/spiders/__init__.py", line 67, in _parse
[2022-11-28T02:33:09.712+0000] {subprocess.py:93} INFO -     return self.parse(response, **kwargs)
[2022-11-28T02:33:09.714+0000] {subprocess.py:93} INFO -   File "/opt/***/tasks/lol_champ_basic_stat.py", line 24, in parse
[2022-11-28T02:33:09.716+0000] {subprocess.py:93} INFO -     with open("/opt/***/zone1/lol_basic_stat.json","w") as f_in1:
[2022-11-28T02:33:09.717+0000] {subprocess.py:93} INFO - FileNotFoundError: [Errno 2] No such file or directory: '/opt/***/zone1/lol_basic_stat.json'
[2022-11-28T02:33:09.803+0000] {subprocess.py:93} INFO - 2022-11-28 02:33:09 [scrapy.core.engine] INFO: Closing spider (finished)
[2022-11-28T02:33:09.805+0000] {subprocess.py:93} INFO - 2022-11-28 02:33:09 [scrapy.statscollectors] INFO: Dumping Scrapy stats:
[2022-11-28T02:33:09.806+0000] {subprocess.py:93} INFO - {'downloader/request_bytes': 310,
[2022-11-28T02:33:09.807+0000] {subprocess.py:93} INFO -  'downloader/request_count': 1,
[2022-11-28T02:33:09.808+0000] {subprocess.py:93} INFO -  'downloader/request_method_count/GET': 1,
[2022-11-28T02:33:09.809+0000] {subprocess.py:93} INFO -  'downloader/response_bytes': 34991,
[2022-11-28T02:33:09.811+0000] {subprocess.py:93} INFO -  'downloader/response_count': 1,
[2022-11-28T02:33:09.812+0000] {subprocess.py:93} INFO -  'downloader/response_status_count/200': 1,
[2022-11-28T02:33:09.814+0000] {subprocess.py:93} INFO -  'elapsed_time_seconds': 0.326383,
[2022-11-28T02:33:09.815+0000] {subprocess.py:93} INFO -  'finish_reason': 'finished',
[2022-11-28T02:33:09.817+0000] {subprocess.py:93} INFO -  'finish_time': datetime.datetime(2022, 11, 28, 2, 33, 9, 803490),
[2022-11-28T02:33:09.819+0000] {subprocess.py:93} INFO -  'httpcompression/response_bytes': 504554,
[2022-11-28T02:33:09.821+0000] {subprocess.py:93} INFO -  'httpcompression/response_count': 1,
[2022-11-28T02:33:09.822+0000] {subprocess.py:93} INFO -  'log_count/DEBUG': 2,
[2022-11-28T02:33:09.826+0000] {subprocess.py:93} INFO -  'log_count/ERROR': 1,
[2022-11-28T02:33:09.835+0000] {subprocess.py:93} INFO -  'log_count/INFO': 10,
[2022-11-28T02:33:09.837+0000] {subprocess.py:93} INFO -  'log_count/WARNING': 1,
[2022-11-28T02:33:09.844+0000] {subprocess.py:93} INFO -  'memusage/max': 236965888,
[2022-11-28T02:33:09.847+0000] {subprocess.py:93} INFO -  'memusage/startup': 236965888,
[2022-11-28T02:33:09.850+0000] {subprocess.py:93} INFO -  'response_received_count': 1,
[2022-11-28T02:33:09.852+0000] {subprocess.py:93} INFO -  'scheduler/dequeued': 1,
[2022-11-28T02:33:09.855+0000] {subprocess.py:93} INFO -  'scheduler/dequeued/memory': 1,
[2022-11-28T02:33:09.860+0000] {subprocess.py:93} INFO -  'scheduler/enqueued': 1,
[2022-11-28T02:33:09.861+0000] {subprocess.py:93} INFO -  'scheduler/enqueued/memory': 1,
[2022-11-28T02:33:09.863+0000] {subprocess.py:93} INFO -  'spider_exceptions/FileNotFoundError': 1,
[2022-11-28T02:33:09.865+0000] {subprocess.py:93} INFO -  'start_time': datetime.datetime(2022, 11, 28, 2, 33, 9, 477107)}
[2022-11-28T02:33:09.866+0000] {subprocess.py:93} INFO - 2022-11-28 02:33:09 [scrapy.core.engine] INFO: Spider closed (finished)
[2022-11-28T02:33:09.868+0000] {subprocess.py:93} INFO - 2022-11-28 02:33:09,819 | __main__ |lol_champ_basic_stat.py | INFO | successfully scrape champ basic stat
[2022-11-28T02:33:09.870+0000] {subprocess.py:93} INFO - 2022-11-28 02:33:09 [__main__] INFO: successfully scrape champ basic stat
[2022-11-28T02:33:09.872+0000] {subprocess.py:93} INFO - 2022-11-28 02:33:09,827 | __main__ |lol_champ_basic_stat.py | INFO | scrapying champ stat have used 0.6491313749999676
[2022-11-28T02:33:09.879+0000] {subprocess.py:93} INFO - 2022-11-28 02:33:09 [__main__] INFO: scrapying champ stat have used 0.6491313749999676
[2022-11-28T02:33:09.882+0000] {subprocess.py:93} INFO - 2022-11-28 02:33:09,835 | __main__ |lol_champ_basic_stat.py | INFO | scrapying champ stat have used cpu <function cpu_stats at 0xffffa3e95320>% and disk <function disk_usage at 0xffffa3e95560>%
[2022-11-28T02:33:09.884+0000] {subprocess.py:93} INFO - 2022-11-28 02:33:09 [__main__] INFO: scrapying champ stat have used cpu <function cpu_stats at 0xffffa3e95320>% and disk <function disk_usage at 0xffffa3e95560>%
[2022-11-28T02:33:10.012+0000] {subprocess.py:97} INFO - Command exited with return code 0
[2022-11-28T02:33:10.115+0000] {taskinstance.py:1406} INFO - Marking task as SUCCESS. dag_id=Can_I_change_name_to_this, task_id=task_1, execution_date=20221128T023306, start_date=20221128T023307, end_date=20221128T023310
[2022-11-28T02:33:10.202+0000] {local_task_job.py:159} INFO - Task exited with return code 0
[2022-11-28T02:33:10.246+0000] {taskinstance.py:2623} INFO - 0 downstream tasks scheduled from follow-on schedule check
