[2022-12-19T15:09:48.778+0000] {taskinstance.py:1087} INFO - Dependencies all met for <TaskInstance: Can_I_change_name_to_this.counter_data_cleansing scheduled__2022-12-18T10:00:00+00:00 [queued]>
[2022-12-19T15:09:48.820+0000] {taskinstance.py:1087} INFO - Dependencies all met for <TaskInstance: Can_I_change_name_to_this.counter_data_cleansing scheduled__2022-12-18T10:00:00+00:00 [queued]>
[2022-12-19T15:09:48.822+0000] {taskinstance.py:1283} INFO - 
--------------------------------------------------------------------------------
[2022-12-19T15:09:48.826+0000] {taskinstance.py:1284} INFO - Starting attempt 1 of 1
[2022-12-19T15:09:48.828+0000] {taskinstance.py:1285} INFO - 
--------------------------------------------------------------------------------
[2022-12-19T15:09:48.855+0000] {taskinstance.py:1304} INFO - Executing <Task(BashOperator): counter_data_cleansing> on 2022-12-18 10:00:00+00:00
[2022-12-19T15:09:48.925+0000] {standard_task_runner.py:55} INFO - Started process 166 to run task
[2022-12-19T15:09:48.959+0000] {standard_task_runner.py:82} INFO - Running: ['***', 'tasks', 'run', 'Can_I_change_name_to_this', 'counter_data_cleansing', 'scheduled__2022-12-18T10:00:00+00:00', '--job-id', '153', '--raw', '--subdir', 'DAGS_FOLDER/dags.py', '--cfg-path', '/tmp/tmpyp8yt428']
[2022-12-19T15:09:48.961+0000] {standard_task_runner.py:83} INFO - Job 153: Subtask counter_data_cleansing
[2022-12-19T15:09:49.129+0000] {task_command.py:389} INFO - Running <TaskInstance: Can_I_change_name_to_this.counter_data_cleansing scheduled__2022-12-18T10:00:00+00:00 [running]> on host 502390ac5559
[2022-12-19T15:09:49.215+0000] {taskinstance.py:1513} INFO - Exporting the following env vars:
AIRFLOW_CTX_DAG_OWNER=***
AIRFLOW_CTX_DAG_ID=Can_I_change_name_to_this
AIRFLOW_CTX_TASK_ID=counter_data_cleansing
AIRFLOW_CTX_EXECUTION_DATE=2022-12-18T10:00:00+00:00
AIRFLOW_CTX_TRY_NUMBER=1
AIRFLOW_CTX_DAG_RUN_ID=scheduled__2022-12-18T10:00:00+00:00
[2022-12-19T15:09:49.225+0000] {subprocess.py:63} INFO - Tmp dir root location: 
 /tmp
[2022-12-19T15:09:49.232+0000] {subprocess.py:75} INFO - Running command: ['/bin/bash', '-c', 'python /opt/***/tasks/data_cleansing_counter_stat.py']
[2022-12-19T15:09:49.279+0000] {subprocess.py:86} INFO - Output:
[2022-12-19T15:09:57.805+0000] {subprocess.py:93} INFO - 2022-12-19 15:09:57 +0000 - dagster - DEBUG - counter_stat_job - beeba044-3104-4b10-a47f-9e7b04519515 - 167 - RUN_START - Started execution of run for "counter_stat_job".
[2022-12-19T15:09:57.909+0000] {subprocess.py:93} INFO - 2022-12-19 15:09:57 +0000 - dagster - DEBUG - counter_stat_job - beeba044-3104-4b10-a47f-9e7b04519515 - 167 - ENGINE_EVENT - Executing steps in process (pid: 167)
[2022-12-19T15:09:58.308+0000] {subprocess.py:93} INFO - 2022-12-19 15:09:57 +0000 - dagster - DEBUG - counter_stat_job - beeba044-3104-4b10-a47f-9e7b04519515 - 167 - RESOURCE_INIT_STARTED - Starting initialization of resources [io_manager].
[2022-12-19T15:09:59.099+0000] {subprocess.py:93} INFO - 2022-12-19 15:09:59 +0000 - dagster - DEBUG - counter_stat_job - beeba044-3104-4b10-a47f-9e7b04519515 - 167 - RESOURCE_INIT_SUCCESS - Finished initialization of resources [io_manager].
[2022-12-19T15:09:59.165+0000] {subprocess.py:93} INFO - 2022-12-19 15:09:59 +0000 - dagster - DEBUG - counter_stat_job - beeba044-3104-4b10-a47f-9e7b04519515 - 167 - LOGS_CAPTURED - Started capturing logs in process (pid: 167).
[2022-12-19T15:09:59.424+0000] {subprocess.py:93} INFO - 2022-12-19 15:09:59 +0000 - dagster - DEBUG - counter_stat_job - beeba044-3104-4b10-a47f-9e7b04519515 - 167 - read_json - STEP_START - Started execution of step "read_json".
[2022-12-19T15:10:04.599+0000] {subprocess.py:93} INFO - 2022-12-19 15:10:04 +0000 - dagster - DEBUG - counter_stat_job - beeba044-3104-4b10-a47f-9e7b04519515 - 167 - read_json - STEP_OUTPUT - Yielded output "result" of type "DataFrame". (Type check passed).
[2022-12-19T15:10:04.609+0000] {subprocess.py:93} INFO - 2022-12-19 15:10:04 +0000 - dagster - DEBUG - counter_stat_job - beeba044-3104-4b10-a47f-9e7b04519515 - 167 - read_json - HANDLED_OUTPUT - Handled output "result" using IO manager "io_manager"
[2022-12-19T15:10:04.615+0000] {subprocess.py:93} INFO - 2022-12-19 15:10:04 +0000 - dagster - DEBUG - counter_stat_job - beeba044-3104-4b10-a47f-9e7b04519515 - 167 - read_json - STEP_SUCCESS - Finished execution of step "read_json" in 6.06s.
[2022-12-19T15:10:04.633+0000] {subprocess.py:93} INFO - 2022-12-19 15:10:04 +0000 - dagster - DEBUG - counter_stat_job - beeba044-3104-4b10-a47f-9e7b04519515 - 167 - data_cleansing - STEP_START - Started execution of step "data_cleansing".
[2022-12-19T15:10:04.638+0000] {subprocess.py:93} INFO - 2022-12-19 15:10:04 +0000 - dagster - DEBUG - counter_stat_job - beeba044-3104-4b10-a47f-9e7b04519515 - 167 - data_cleansing - LOADED_INPUT - Loaded input "df" using input manager "io_manager", from output "result" of step "read_json"
[2022-12-19T15:10:04.642+0000] {subprocess.py:93} INFO - 2022-12-19 15:10:04 +0000 - dagster - DEBUG - counter_stat_job - beeba044-3104-4b10-a47f-9e7b04519515 - 167 - data_cleansing - STEP_INPUT - Got input "df" of type "DataFrame". (Type check passed).
[2022-12-19T15:10:04.757+0000] {subprocess.py:93} INFO - 2022-12-19 15:10:04 +0000 - dagster - DEBUG - counter_stat_job - beeba044-3104-4b10-a47f-9e7b04519515 - 167 - data_cleansing - STEP_OUTPUT - Yielded output "result" of type "DataFrame". (Type check passed).
[2022-12-19T15:10:04.761+0000] {subprocess.py:93} INFO - 2022-12-19 15:10:04 +0000 - dagster - DEBUG - counter_stat_job - beeba044-3104-4b10-a47f-9e7b04519515 - 167 - data_cleansing - HANDLED_OUTPUT - Handled output "result" using IO manager "io_manager"
[2022-12-19T15:10:04.763+0000] {subprocess.py:93} INFO - 2022-12-19 15:10:04 +0000 - dagster - DEBUG - counter_stat_job - beeba044-3104-4b10-a47f-9e7b04519515 - 167 - data_cleansing - STEP_SUCCESS - Finished execution of step "data_cleansing" in 116ms.
[2022-12-19T15:10:04.773+0000] {subprocess.py:93} INFO - 2022-12-19 15:10:04 +0000 - dagster - DEBUG - counter_stat_job - beeba044-3104-4b10-a47f-9e7b04519515 - 167 - df_to_file - STEP_START - Started execution of step "df_to_file".
[2022-12-19T15:10:04.788+0000] {subprocess.py:93} INFO - 2022-12-19 15:10:04 +0000 - dagster - DEBUG - counter_stat_job - beeba044-3104-4b10-a47f-9e7b04519515 - 167 - df_to_file - LOADED_INPUT - Loaded input "df" using input manager "io_manager", from output "result" of step "data_cleansing"
[2022-12-19T15:10:04.795+0000] {subprocess.py:93} INFO - 2022-12-19 15:10:04 +0000 - dagster - DEBUG - counter_stat_job - beeba044-3104-4b10-a47f-9e7b04519515 - 167 - df_to_file - STEP_INPUT - Got input "df" of type "DataFrame". (Type check passed).
[2022-12-19T15:10:04.945+0000] {subprocess.py:93} INFO - 2022-12-19 15:10:04 +0000 - dagster - DEBUG - counter_stat_job - beeba044-3104-4b10-a47f-9e7b04519515 - 167 - df_to_file - STEP_OUTPUT - Yielded output "result" of type "Any". (Type check passed).
[2022-12-19T15:10:04.953+0000] {subprocess.py:93} INFO - 2022-12-19 15:10:04 +0000 - dagster - DEBUG - counter_stat_job - beeba044-3104-4b10-a47f-9e7b04519515 - 167 - df_to_file - HANDLED_OUTPUT - Handled output "result" using IO manager "io_manager"
[2022-12-19T15:10:04.956+0000] {subprocess.py:93} INFO - 2022-12-19 15:10:04 +0000 - dagster - DEBUG - counter_stat_job - beeba044-3104-4b10-a47f-9e7b04519515 - 167 - df_to_file - STEP_SUCCESS - Finished execution of step "df_to_file" in 155ms.
[2022-12-19T15:10:04.970+0000] {subprocess.py:93} INFO - 2022-12-19 15:10:04 +0000 - dagster - DEBUG - counter_stat_job - beeba044-3104-4b10-a47f-9e7b04519515 - 167 - df_to_pg - STEP_START - Started execution of step "df_to_pg".
[2022-12-19T15:10:04.974+0000] {subprocess.py:93} INFO - 2022-12-19 15:10:04 +0000 - dagster - DEBUG - counter_stat_job - beeba044-3104-4b10-a47f-9e7b04519515 - 167 - df_to_pg - LOADED_INPUT - Loaded input "df" using input manager "io_manager", from output "result" of step "data_cleansing"
[2022-12-19T15:10:04.976+0000] {subprocess.py:93} INFO - 2022-12-19 15:10:04 +0000 - dagster - DEBUG - counter_stat_job - beeba044-3104-4b10-a47f-9e7b04519515 - 167 - df_to_pg - STEP_INPUT - Got input "df" of type "DataFrame". (Type check passed).
[2022-12-19T15:10:07.854+0000] {subprocess.py:93} INFO - 2022-12-19 15:10:07 +0000 - dagster - DEBUG - counter_stat_job - beeba044-3104-4b10-a47f-9e7b04519515 - 167 - df_to_pg - STEP_OUTPUT - Yielded output "result" of type "Any". (Type check passed).
[2022-12-19T15:10:07.869+0000] {subprocess.py:93} INFO - 2022-12-19 15:10:07 +0000 - dagster - DEBUG - counter_stat_job - beeba044-3104-4b10-a47f-9e7b04519515 - 167 - df_to_pg - HANDLED_OUTPUT - Handled output "result" using IO manager "io_manager"
[2022-12-19T15:10:07.871+0000] {subprocess.py:93} INFO - 2022-12-19 15:10:07 +0000 - dagster - DEBUG - counter_stat_job - beeba044-3104-4b10-a47f-9e7b04519515 - 167 - df_to_pg - STEP_SUCCESS - Finished execution of step "df_to_pg" in 2.88s.
[2022-12-19T15:10:07.873+0000] {subprocess.py:93} INFO - 2022-12-19 15:10:07 +0000 - dagster - DEBUG - counter_stat_job - beeba044-3104-4b10-a47f-9e7b04519515 - 167 - ENGINE_EVENT - Finished steps in process (pid: 167) in 10.6s
[2022-12-19T15:10:07.883+0000] {subprocess.py:93} INFO - 2022-12-19 15:10:07 +0000 - dagster - DEBUG - counter_stat_job - beeba044-3104-4b10-a47f-9e7b04519515 - 167 - RUN_SUCCESS - Finished execution of run for "counter_stat_job".
[2022-12-19T15:10:07.902+0000] {subprocess.py:93} INFO - {"message": "successfully put lol_basic_stat to pg and redshift", "time": "2022-12-19T15:10:07.902204"}
[2022-12-19T15:10:07.905+0000] {subprocess.py:93} INFO - {"message": "put lol_basic_stat to pg and file have used 11.754421087999987s", "time": "2022-12-19T15:10:07.904143"}
[2022-12-19T15:10:08.904+0000] {subprocess.py:97} INFO - Command exited with return code 0
[2022-12-19T15:10:09.372+0000] {taskinstance.py:1327} INFO - Marking task as SUCCESS. dag_id=Can_I_change_name_to_this, task_id=counter_data_cleansing, execution_date=20221218T100000, start_date=20221219T150948, end_date=20221219T151009
[2022-12-19T15:10:11.810+0000] {local_task_job.py:159} INFO - Task exited with return code 0
[2022-12-19T15:10:15.013+0000] {taskinstance.py:2582} INFO - 0 downstream tasks scheduled from follow-on schedule check
