[2022-12-26T10:04:51.219+0000] {taskinstance.py:1087} INFO - Dependencies all met for <TaskInstance: Can_I_change_name_to_this.task_3 manual__2022-12-26T10:04:02.255034+00:00 [queued]>
[2022-12-26T10:04:51.228+0000] {taskinstance.py:1087} INFO - Dependencies all met for <TaskInstance: Can_I_change_name_to_this.task_3 manual__2022-12-26T10:04:02.255034+00:00 [queued]>
[2022-12-26T10:04:51.229+0000] {taskinstance.py:1283} INFO - 
--------------------------------------------------------------------------------
[2022-12-26T10:04:51.230+0000] {taskinstance.py:1284} INFO - Starting attempt 1 of 1
[2022-12-26T10:04:51.234+0000] {taskinstance.py:1285} INFO - 
--------------------------------------------------------------------------------
[2022-12-26T10:04:51.252+0000] {taskinstance.py:1304} INFO - Executing <Task(BashOperator): task_3> on 2022-12-26 10:04:02.255034+00:00
[2022-12-26T10:04:51.280+0000] {standard_task_runner.py:55} INFO - Started process 332 to run task
[2022-12-26T10:04:51.287+0000] {standard_task_runner.py:82} INFO - Running: ['***', 'tasks', 'run', 'Can_I_change_name_to_this', 'task_3', 'manual__2022-12-26T10:04:02.255034+00:00', '--job-id', '273', '--raw', '--subdir', 'DAGS_FOLDER/dags.py', '--cfg-path', '/tmp/tmpuig9y_ru']
[2022-12-26T10:04:51.289+0000] {standard_task_runner.py:83} INFO - Job 273: Subtask task_3
[2022-12-26T10:04:51.358+0000] {task_command.py:389} INFO - Running <TaskInstance: Can_I_change_name_to_this.task_3 manual__2022-12-26T10:04:02.255034+00:00 [running]> on host 502390ac5559
[2022-12-26T10:04:51.433+0000] {taskinstance.py:1513} INFO - Exporting the following env vars:
AIRFLOW_CTX_DAG_OWNER=***
AIRFLOW_CTX_DAG_ID=Can_I_change_name_to_this
AIRFLOW_CTX_TASK_ID=task_3
AIRFLOW_CTX_EXECUTION_DATE=2022-12-26T10:04:02.255034+00:00
AIRFLOW_CTX_TRY_NUMBER=1
AIRFLOW_CTX_DAG_RUN_ID=manual__2022-12-26T10:04:02.255034+00:00
[2022-12-26T10:04:51.437+0000] {subprocess.py:63} INFO - Tmp dir root location: 
 /tmp
[2022-12-26T10:04:51.439+0000] {subprocess.py:75} INFO - Running command: ['/bin/bash', '-c', 'sleep 1']
[2022-12-26T10:04:51.473+0000] {subprocess.py:86} INFO - Output:
[2022-12-26T10:04:52.505+0000] {subprocess.py:97} INFO - Command exited with return code 0
[2022-12-26T10:04:52.572+0000] {taskinstance.py:1327} INFO - Marking task as SUCCESS. dag_id=Can_I_change_name_to_this, task_id=task_3, execution_date=20221226T100402, start_date=20221226T100451, end_date=20221226T100452
[2022-12-26T10:04:52.645+0000] {local_task_job.py:159} INFO - Task exited with return code 0
[2022-12-26T10:04:52.696+0000] {taskinstance.py:2582} INFO - 3 downstream tasks scheduled from follow-on schedule check
