[2022-12-17T09:55:27.102+0000] {taskinstance.py:1087} INFO - Dependencies all met for <TaskInstance: Can_I_change_name_to_this.task_6 manual__2022-12-17T09:53:31.433840+00:00 [queued]>
[2022-12-17T09:55:27.235+0000] {taskinstance.py:1087} INFO - Dependencies all met for <TaskInstance: Can_I_change_name_to_this.task_6 manual__2022-12-17T09:53:31.433840+00:00 [queued]>
[2022-12-17T09:55:27.247+0000] {taskinstance.py:1283} INFO - 
--------------------------------------------------------------------------------
[2022-12-17T09:55:27.260+0000] {taskinstance.py:1284} INFO - Starting attempt 1 of 1
[2022-12-17T09:55:27.263+0000] {taskinstance.py:1285} INFO - 
--------------------------------------------------------------------------------
[2022-12-17T09:55:27.489+0000] {taskinstance.py:1304} INFO - Executing <Task(BashOperator): task_6> on 2022-12-17 09:53:31.433840+00:00
[2022-12-17T09:55:27.547+0000] {standard_task_runner.py:55} INFO - Started process 1844 to run task
[2022-12-17T09:55:27.584+0000] {standard_task_runner.py:82} INFO - Running: ['***', 'tasks', 'run', 'Can_I_change_name_to_this', 'task_6', 'manual__2022-12-17T09:53:31.433840+00:00', '--job-id', '112', '--raw', '--subdir', 'DAGS_FOLDER/dags.py', '--cfg-path', '/tmp/tmphmvoomtu']
[2022-12-17T09:55:27.592+0000] {standard_task_runner.py:83} INFO - Job 112: Subtask task_6
[2022-12-17T09:55:29.124+0000] {task_command.py:389} INFO - Running <TaskInstance: Can_I_change_name_to_this.task_6 manual__2022-12-17T09:53:31.433840+00:00 [running]> on host 502390ac5559
[2022-12-17T09:55:33.672+0000] {taskinstance.py:1513} INFO - Exporting the following env vars:
AIRFLOW_CTX_DAG_OWNER=***
AIRFLOW_CTX_DAG_ID=Can_I_change_name_to_this
AIRFLOW_CTX_TASK_ID=task_6
AIRFLOW_CTX_EXECUTION_DATE=2022-12-17T09:53:31.433840+00:00
AIRFLOW_CTX_TRY_NUMBER=1
AIRFLOW_CTX_DAG_RUN_ID=manual__2022-12-17T09:53:31.433840+00:00
[2022-12-17T09:55:33.855+0000] {subprocess.py:63} INFO - Tmp dir root location: 
 /tmp
[2022-12-17T09:55:33.974+0000] {subprocess.py:75} INFO - Running command: ['/bin/bash', '-c', 'python /opt/***/tasks/data_cleansing_basic_stat.py']
[2022-12-17T09:55:34.363+0000] {subprocess.py:86} INFO - Output:
[2022-12-17T09:55:39.865+0000] {subprocess.py:93} INFO - 2022-12-17 09:55:39 +0000 - dagster - DEBUG - data_cleansing_whole_job - 2029b7da-1a9a-4584-b173-d48c88c50723 - 1845 - RUN_START - Started execution of run for "data_cleansing_whole_job".
[2022-12-17T09:55:39.876+0000] {subprocess.py:93} INFO - 2022-12-17 09:55:39 +0000 - dagster - DEBUG - data_cleansing_whole_job - 2029b7da-1a9a-4584-b173-d48c88c50723 - 1845 - ENGINE_EVENT - Executing steps in process (pid: 1845)
[2022-12-17T09:55:39.879+0000] {subprocess.py:93} INFO - 2022-12-17 09:55:39 +0000 - dagster - DEBUG - data_cleansing_whole_job - 2029b7da-1a9a-4584-b173-d48c88c50723 - 1845 - RESOURCE_INIT_STARTED - Starting initialization of resources [io_manager].
[2022-12-17T09:55:39.880+0000] {subprocess.py:93} INFO - 2022-12-17 09:55:39 +0000 - dagster - DEBUG - data_cleansing_whole_job - 2029b7da-1a9a-4584-b173-d48c88c50723 - 1845 - RESOURCE_INIT_SUCCESS - Finished initialization of resources [io_manager].
[2022-12-17T09:55:39.881+0000] {subprocess.py:93} INFO - 2022-12-17 09:55:39 +0000 - dagster - DEBUG - data_cleansing_whole_job - 2029b7da-1a9a-4584-b173-d48c88c50723 - 1845 - LOGS_CAPTURED - Started capturing logs in process (pid: 1845).
[2022-12-17T09:55:39.882+0000] {subprocess.py:93} INFO - 2022-12-17 09:55:39 +0000 - dagster - DEBUG - data_cleansing_whole_job - 2029b7da-1a9a-4584-b173-d48c88c50723 - 1845 - reading_json - STEP_START - Started execution of step "reading_json".
[2022-12-17T09:55:39.897+0000] {subprocess.py:93} INFO - 2022-12-17 09:55:39 +0000 - dagster - DEBUG - data_cleansing_whole_job - 2029b7da-1a9a-4584-b173-d48c88c50723 - 1845 - reading_json - STEP_OUTPUT - Yielded output "result" of type "DataFrame". (Type check passed).
[2022-12-17T09:55:39.898+0000] {subprocess.py:93} INFO - 2022-12-17 09:55:39 +0000 - dagster - DEBUG - data_cleansing_whole_job - 2029b7da-1a9a-4584-b173-d48c88c50723 - 1845 - reading_json - HANDLED_OUTPUT - Handled output "result" using IO manager "io_manager"
[2022-12-17T09:55:39.900+0000] {subprocess.py:93} INFO - 2022-12-17 09:55:39 +0000 - dagster - DEBUG - data_cleansing_whole_job - 2029b7da-1a9a-4584-b173-d48c88c50723 - 1845 - reading_json - STEP_SUCCESS - Finished execution of step "reading_json" in 28ms.
[2022-12-17T09:55:39.901+0000] {subprocess.py:93} INFO - 2022-12-17 09:55:39 +0000 - dagster - DEBUG - data_cleansing_whole_job - 2029b7da-1a9a-4584-b173-d48c88c50723 - 1845 - data_validation - STEP_START - Started execution of step "data_validation".
[2022-12-17T09:55:39.901+0000] {subprocess.py:93} INFO - 2022-12-17 09:55:39 +0000 - dagster - DEBUG - data_cleansing_whole_job - 2029b7da-1a9a-4584-b173-d48c88c50723 - 1845 - data_validation - LOADED_INPUT - Loaded input "df" using input manager "io_manager", from output "result" of step "reading_json"
[2022-12-17T09:55:39.903+0000] {subprocess.py:93} INFO - 2022-12-17 09:55:39 +0000 - dagster - DEBUG - data_cleansing_whole_job - 2029b7da-1a9a-4584-b173-d48c88c50723 - 1845 - data_validation - STEP_INPUT - Got input "df" of type "DataFrame". (Type check passed).
[2022-12-17T09:55:39.914+0000] {subprocess.py:93} INFO - 2022-12-17 09:55:39 +0000 - dagster - DEBUG - data_cleansing_whole_job - 2029b7da-1a9a-4584-b173-d48c88c50723 - 1845 - data_validation - STEP_OUTPUT - Yielded output "result" of type "DataFrame". (Type check passed).
[2022-12-17T09:55:39.916+0000] {subprocess.py:93} INFO - 2022-12-17 09:55:39 +0000 - dagster - DEBUG - data_cleansing_whole_job - 2029b7da-1a9a-4584-b173-d48c88c50723 - 1845 - data_validation - HANDLED_OUTPUT - Handled output "result" using IO manager "io_manager"
[2022-12-17T09:55:39.919+0000] {subprocess.py:93} INFO - 2022-12-17 09:55:39 +0000 - dagster - DEBUG - data_cleansing_whole_job - 2029b7da-1a9a-4584-b173-d48c88c50723 - 1845 - data_validation - STEP_SUCCESS - Finished execution of step "data_validation" in 13ms.
[2022-12-17T09:55:39.924+0000] {subprocess.py:93} INFO - 2022-12-17 09:55:39 +0000 - dagster - DEBUG - data_cleansing_whole_job - 2029b7da-1a9a-4584-b173-d48c88c50723 - 1845 - data_cleaning - STEP_START - Started execution of step "data_cleaning".
[2022-12-17T09:55:39.925+0000] {subprocess.py:93} INFO - 2022-12-17 09:55:39 +0000 - dagster - DEBUG - data_cleansing_whole_job - 2029b7da-1a9a-4584-b173-d48c88c50723 - 1845 - data_cleaning - LOADED_INPUT - Loaded input "df" using input manager "io_manager", from output "result" of step "data_validation"
[2022-12-17T09:55:39.926+0000] {subprocess.py:93} INFO - 2022-12-17 09:55:39 +0000 - dagster - DEBUG - data_cleansing_whole_job - 2029b7da-1a9a-4584-b173-d48c88c50723 - 1845 - data_cleaning - STEP_INPUT - Got input "df" of type "DataFrame". (Type check passed).
[2022-12-17T09:55:39.927+0000] {subprocess.py:93} INFO - {"message": "now perform data cleansing on lol_basic_stat", "time": "2022-12-17T09:55:39.921716"}
[2022-12-17T09:55:39.935+0000] {subprocess.py:93} INFO - {"message": "successfully perform data cleansing on lol_basic_stat", "time": "2022-12-17T09:55:39.935641"}
[2022-12-17T09:55:39.940+0000] {subprocess.py:93} INFO - {"message": "Now putting dataframe into pg and redshift", "time": "2022-12-17T09:55:39.940008"}
[2022-12-17T09:55:39.943+0000] {subprocess.py:93} INFO - 2022-12-17 09:55:39 +0000 - dagster - DEBUG - data_cleansing_whole_job - 2029b7da-1a9a-4584-b173-d48c88c50723 - 1845 - data_cleaning - STEP_OUTPUT - Yielded output "result" of type "DataFrame". (Type check passed).
[2022-12-17T09:55:39.947+0000] {subprocess.py:93} INFO - 2022-12-17 09:55:39 +0000 - dagster - DEBUG - data_cleansing_whole_job - 2029b7da-1a9a-4584-b173-d48c88c50723 - 1845 - data_cleaning - HANDLED_OUTPUT - Handled output "result" using IO manager "io_manager"
[2022-12-17T09:55:39.950+0000] {subprocess.py:93} INFO - 2022-12-17 09:55:39 +0000 - dagster - DEBUG - data_cleansing_whole_job - 2029b7da-1a9a-4584-b173-d48c88c50723 - 1845 - data_cleaning - STEP_SUCCESS - Finished execution of step "data_cleaning" in 23ms.
[2022-12-17T09:55:39.953+0000] {subprocess.py:93} INFO - 2022-12-17 09:55:39 +0000 - dagster - DEBUG - data_cleansing_whole_job - 2029b7da-1a9a-4584-b173-d48c88c50723 - 1845 - df_to_file - STEP_START - Started execution of step "df_to_file".
[2022-12-17T09:55:39.962+0000] {subprocess.py:93} INFO - 2022-12-17 09:55:39 +0000 - dagster - DEBUG - data_cleansing_whole_job - 2029b7da-1a9a-4584-b173-d48c88c50723 - 1845 - df_to_file - LOADED_INPUT - Loaded input "df" using input manager "io_manager", from output "result" of step "data_cleaning"
[2022-12-17T09:55:39.965+0000] {subprocess.py:93} INFO - 2022-12-17 09:55:39 +0000 - dagster - DEBUG - data_cleansing_whole_job - 2029b7da-1a9a-4584-b173-d48c88c50723 - 1845 - df_to_file - STEP_INPUT - Got input "df" of type "DataFrame". (Type check passed).
[2022-12-17T09:55:39.982+0000] {subprocess.py:93} INFO - 2022-12-17 09:55:39 +0000 - dagster - DEBUG - data_cleansing_whole_job - 2029b7da-1a9a-4584-b173-d48c88c50723 - 1845 - df_to_file - STEP_OUTPUT - Yielded output "result" of type "Any". (Type check passed).
[2022-12-17T09:55:39.984+0000] {subprocess.py:93} INFO - 2022-12-17 09:55:39 +0000 - dagster - DEBUG - data_cleansing_whole_job - 2029b7da-1a9a-4584-b173-d48c88c50723 - 1845 - df_to_file - HANDLED_OUTPUT - Handled output "result" using IO manager "io_manager"
[2022-12-17T09:55:39.990+0000] {subprocess.py:93} INFO - 2022-12-17 09:55:39 +0000 - dagster - DEBUG - data_cleansing_whole_job - 2029b7da-1a9a-4584-b173-d48c88c50723 - 1845 - df_to_file - STEP_SUCCESS - Finished execution of step "df_to_file" in 32ms.
[2022-12-17T09:55:39.995+0000] {subprocess.py:93} INFO - 2022-12-17 09:55:39 +0000 - dagster - DEBUG - data_cleansing_whole_job - 2029b7da-1a9a-4584-b173-d48c88c50723 - 1845 - sending_to_pg - STEP_START - Started execution of step "sending_to_pg".
[2022-12-17T09:55:40.028+0000] {subprocess.py:93} INFO - 2022-12-17 09:55:39 +0000 - dagster - DEBUG - data_cleansing_whole_job - 2029b7da-1a9a-4584-b173-d48c88c50723 - 1845 - sending_to_pg - LOADED_INPUT - Loaded input "df" using input manager "io_manager", from output "result" of step "data_cleaning"
[2022-12-17T09:55:40.038+0000] {subprocess.py:93} INFO - 2022-12-17 09:55:39 +0000 - dagster - DEBUG - data_cleansing_whole_job - 2029b7da-1a9a-4584-b173-d48c88c50723 - 1845 - sending_to_pg - STEP_INPUT - Got input "df" of type "DataFrame". (Type check passed).
[2022-12-17T09:55:40.649+0000] {subprocess.py:93} INFO - {"message": "successfully put lol_basic_stat to pg and redshift", "time": "2022-12-17T09:55:40.647289"}
[2022-12-17T09:55:40.660+0000] {subprocess.py:93} INFO - 2022-12-17 09:55:40 +0000 - dagster - DEBUG - data_cleansing_whole_job - 2029b7da-1a9a-4584-b173-d48c88c50723 - 1845 - sending_to_pg - STEP_OUTPUT - Yielded output "result" of type "Any". (Type check passed).
[2022-12-17T09:55:40.665+0000] {subprocess.py:93} INFO - 2022-12-17 09:55:40 +0000 - dagster - DEBUG - data_cleansing_whole_job - 2029b7da-1a9a-4584-b173-d48c88c50723 - 1845 - sending_to_pg - HANDLED_OUTPUT - Handled output "result" using IO manager "io_manager"
[2022-12-17T09:55:40.668+0000] {subprocess.py:93} INFO - 2022-12-17 09:55:40 +0000 - dagster - DEBUG - data_cleansing_whole_job - 2029b7da-1a9a-4584-b173-d48c88c50723 - 1845 - sending_to_pg - STEP_SUCCESS - Finished execution of step "sending_to_pg" in 667ms.
[2022-12-17T09:55:40.672+0000] {subprocess.py:93} INFO - 2022-12-17 09:55:40 +0000 - dagster - DEBUG - data_cleansing_whole_job - 2029b7da-1a9a-4584-b173-d48c88c50723 - 1845 - ENGINE_EVENT - Finished steps in process (pid: 1845) in 806ms
[2022-12-17T09:55:40.686+0000] {subprocess.py:93} INFO - 2022-12-17 09:55:40 +0000 - dagster - DEBUG - data_cleansing_whole_job - 2029b7da-1a9a-4584-b173-d48c88c50723 - 1845 - RUN_SUCCESS - Finished execution of run for "data_cleansing_whole_job".
[2022-12-17T09:55:40.701+0000] {subprocess.py:93} INFO - {"message": "put lol_basic_stat to pg and redshift have used 1.0312794170022244s", "time": "2022-12-17T09:55:40.701135"}
[2022-12-17T09:55:42.138+0000] {subprocess.py:97} INFO - Command exited with return code 0
[2022-12-17T09:55:42.487+0000] {taskinstance.py:1327} INFO - Marking task as SUCCESS. dag_id=Can_I_change_name_to_this, task_id=task_6, execution_date=20221217T095331, start_date=20221217T095527, end_date=20221217T095542
[2022-12-17T09:55:42.711+0000] {local_task_job.py:159} INFO - Task exited with return code 0
[2022-12-17T09:55:42.803+0000] {taskinstance.py:2582} INFO - 0 downstream tasks scheduled from follow-on schedule check
