[2022-12-26T10:05:48.137+0000] {taskinstance.py:1087} INFO - Dependencies all met for <TaskInstance: Can_I_change_name_to_this.remove_processed manual__2022-12-26T10:04:02.255034+00:00 [queued]>
[2022-12-26T10:05:48.148+0000] {taskinstance.py:1087} INFO - Dependencies all met for <TaskInstance: Can_I_change_name_to_this.remove_processed manual__2022-12-26T10:04:02.255034+00:00 [queued]>
[2022-12-26T10:05:48.149+0000] {taskinstance.py:1283} INFO - 
--------------------------------------------------------------------------------
[2022-12-26T10:05:48.150+0000] {taskinstance.py:1284} INFO - Starting attempt 1 of 1
[2022-12-26T10:05:48.150+0000] {taskinstance.py:1285} INFO - 
--------------------------------------------------------------------------------
[2022-12-26T10:05:48.160+0000] {taskinstance.py:1304} INFO - Executing <Task(BashOperator): remove_processed> on 2022-12-26 10:04:02.255034+00:00
[2022-12-26T10:05:48.166+0000] {standard_task_runner.py:55} INFO - Started process 435 to run task
[2022-12-26T10:05:48.169+0000] {standard_task_runner.py:82} INFO - Running: ['***', 'tasks', 'run', 'Can_I_change_name_to_this', 'remove_processed', 'manual__2022-12-26T10:04:02.255034+00:00', '--job-id', '283', '--raw', '--subdir', 'DAGS_FOLDER/dags.py', '--cfg-path', '/tmp/tmp7q3o5v3k']
[2022-12-26T10:05:48.170+0000] {standard_task_runner.py:83} INFO - Job 283: Subtask remove_processed
[2022-12-26T10:05:48.216+0000] {task_command.py:389} INFO - Running <TaskInstance: Can_I_change_name_to_this.remove_processed manual__2022-12-26T10:04:02.255034+00:00 [running]> on host 502390ac5559
[2022-12-26T10:05:48.272+0000] {taskinstance.py:1513} INFO - Exporting the following env vars:
AIRFLOW_CTX_DAG_OWNER=***
AIRFLOW_CTX_DAG_ID=Can_I_change_name_to_this
AIRFLOW_CTX_TASK_ID=remove_processed
AIRFLOW_CTX_EXECUTION_DATE=2022-12-26T10:04:02.255034+00:00
AIRFLOW_CTX_TRY_NUMBER=1
AIRFLOW_CTX_DAG_RUN_ID=manual__2022-12-26T10:04:02.255034+00:00
[2022-12-26T10:05:48.276+0000] {subprocess.py:63} INFO - Tmp dir root location: 
 /tmp
[2022-12-26T10:05:48.280+0000] {subprocess.py:75} INFO - Running command: ['/bin/bash', '-c', 'rm -f /opt/***/processed_zone/*']
[2022-12-26T10:05:48.293+0000] {subprocess.py:86} INFO - Output:
[2022-12-26T10:05:48.324+0000] {subprocess.py:97} INFO - Command exited with return code 0
[2022-12-26T10:05:48.345+0000] {taskinstance.py:1327} INFO - Marking task as SUCCESS. dag_id=Can_I_change_name_to_this, task_id=remove_processed, execution_date=20221226T100402, start_date=20221226T100548, end_date=20221226T100548
[2022-12-26T10:05:48.381+0000] {local_task_job.py:159} INFO - Task exited with return code 0
[2022-12-26T10:05:48.403+0000] {taskinstance.py:2582} INFO - 0 downstream tasks scheduled from follow-on schedule check
