[2022-12-22T09:20:46.551+0000] {processor.py:153} INFO - Started process (PID=68) to work on /home/airflow/.local/lib/python3.7/site-packages/airflow/example_dags/example_subdag_operator.py
[2022-12-22T09:20:46.553+0000] {processor.py:743} INFO - Processing file /home/airflow/.local/lib/python3.7/site-packages/airflow/example_dags/example_subdag_operator.py for tasks to queue
[2022-12-22T09:20:46.555+0000] {logging_mixin.py:137} INFO - [2022-12-22T09:20:46.555+0000] {dagbag.py:538} INFO - Filling up the DagBag from /home/airflow/.local/lib/python3.7/site-packages/airflow/example_dags/example_subdag_operator.py
[2022-12-22T09:20:46.593+0000] {processor.py:753} INFO - DAG(s) dict_keys(['example_subdag_operator.section-1', 'example_subdag_operator.section-2', 'example_subdag_operator']) retrieved from /home/airflow/.local/lib/python3.7/site-packages/airflow/example_dags/example_subdag_operator.py
[2022-12-22T09:20:46.630+0000] {logging_mixin.py:137} INFO - [2022-12-22T09:20:46.630+0000] {dag.py:2676} INFO - Sync 3 DAGs
[2022-12-22T09:20:46.652+0000] {logging_mixin.py:137} INFO - [2022-12-22T09:20:46.652+0000] {dag.py:3427} INFO - Setting next_dagrun for example_subdag_operator to 2022-01-01T00:00:00+00:00, run_after=2022-01-01T00:00:00+00:00
[2022-12-22T09:20:46.655+0000] {logging_mixin.py:137} INFO - [2022-12-22T09:20:46.655+0000] {dag.py:3427} INFO - Setting next_dagrun for example_subdag_operator.section-1 to None, run_after=None
[2022-12-22T09:20:46.658+0000] {logging_mixin.py:137} INFO - [2022-12-22T09:20:46.658+0000] {dag.py:3427} INFO - Setting next_dagrun for example_subdag_operator.section-2 to None, run_after=None
[2022-12-22T09:20:46.670+0000] {logging_mixin.py:137} INFO - [2022-12-22T09:20:46.670+0000] {dag.py:2676} INFO - Sync 2 DAGs
[2022-12-22T09:20:46.677+0000] {logging_mixin.py:137} INFO - [2022-12-22T09:20:46.677+0000] {dag.py:3427} INFO - Setting next_dagrun for example_subdag_operator.section-1 to None, run_after=None
[2022-12-22T09:20:46.678+0000] {logging_mixin.py:137} INFO - [2022-12-22T09:20:46.678+0000] {dag.py:3427} INFO - Setting next_dagrun for example_subdag_operator.section-2 to None, run_after=None
[2022-12-22T09:20:46.690+0000] {processor.py:175} INFO - Processing /home/airflow/.local/lib/python3.7/site-packages/airflow/example_dags/example_subdag_operator.py took 0.141 seconds
[2022-12-22T09:21:17.846+0000] {processor.py:153} INFO - Started process (PID=130) to work on /home/airflow/.local/lib/python3.7/site-packages/airflow/example_dags/example_subdag_operator.py
[2022-12-22T09:21:17.852+0000] {processor.py:743} INFO - Processing file /home/airflow/.local/lib/python3.7/site-packages/airflow/example_dags/example_subdag_operator.py for tasks to queue
[2022-12-22T09:21:17.854+0000] {logging_mixin.py:137} INFO - [2022-12-22T09:21:17.854+0000] {dagbag.py:538} INFO - Filling up the DagBag from /home/airflow/.local/lib/python3.7/site-packages/airflow/example_dags/example_subdag_operator.py
[2022-12-22T09:21:17.884+0000] {processor.py:753} INFO - DAG(s) dict_keys(['example_subdag_operator.section-1', 'example_subdag_operator.section-2', 'example_subdag_operator']) retrieved from /home/airflow/.local/lib/python3.7/site-packages/airflow/example_dags/example_subdag_operator.py
[2022-12-22T09:21:17.921+0000] {logging_mixin.py:137} INFO - [2022-12-22T09:21:17.921+0000] {dag.py:2676} INFO - Sync 3 DAGs
[2022-12-22T09:21:17.959+0000] {logging_mixin.py:137} INFO - [2022-12-22T09:21:17.959+0000] {dag.py:3427} INFO - Setting next_dagrun for example_subdag_operator to 2022-01-01T00:00:00+00:00, run_after=2022-01-01T00:00:00+00:00
[2022-12-22T09:21:17.970+0000] {logging_mixin.py:137} INFO - [2022-12-22T09:21:17.970+0000] {dag.py:3427} INFO - Setting next_dagrun for example_subdag_operator.section-1 to None, run_after=None
[2022-12-22T09:21:17.972+0000] {logging_mixin.py:137} INFO - [2022-12-22T09:21:17.972+0000] {dag.py:3427} INFO - Setting next_dagrun for example_subdag_operator.section-2 to None, run_after=None
[2022-12-22T09:21:17.982+0000] {logging_mixin.py:137} INFO - [2022-12-22T09:21:17.982+0000] {dag.py:2676} INFO - Sync 2 DAGs
[2022-12-22T09:21:17.992+0000] {logging_mixin.py:137} INFO - [2022-12-22T09:21:17.992+0000] {dag.py:3427} INFO - Setting next_dagrun for example_subdag_operator.section-1 to None, run_after=None
[2022-12-22T09:21:17.995+0000] {logging_mixin.py:137} INFO - [2022-12-22T09:21:17.995+0000] {dag.py:3427} INFO - Setting next_dagrun for example_subdag_operator.section-2 to None, run_after=None
[2022-12-22T09:21:18.018+0000] {processor.py:175} INFO - Processing /home/airflow/.local/lib/python3.7/site-packages/airflow/example_dags/example_subdag_operator.py took 0.174 seconds
[2022-12-22T09:21:48.581+0000] {processor.py:153} INFO - Started process (PID=200) to work on /home/airflow/.local/lib/python3.7/site-packages/airflow/example_dags/example_subdag_operator.py
[2022-12-22T09:21:48.591+0000] {processor.py:743} INFO - Processing file /home/airflow/.local/lib/python3.7/site-packages/airflow/example_dags/example_subdag_operator.py for tasks to queue
[2022-12-22T09:21:48.593+0000] {logging_mixin.py:137} INFO - [2022-12-22T09:21:48.593+0000] {dagbag.py:538} INFO - Filling up the DagBag from /home/airflow/.local/lib/python3.7/site-packages/airflow/example_dags/example_subdag_operator.py
[2022-12-22T09:21:48.656+0000] {processor.py:753} INFO - DAG(s) dict_keys(['example_subdag_operator.section-1', 'example_subdag_operator.section-2', 'example_subdag_operator']) retrieved from /home/airflow/.local/lib/python3.7/site-packages/airflow/example_dags/example_subdag_operator.py
[2022-12-22T09:21:48.707+0000] {logging_mixin.py:137} INFO - [2022-12-22T09:21:48.706+0000] {dag.py:2676} INFO - Sync 3 DAGs
[2022-12-22T09:21:48.747+0000] {logging_mixin.py:137} INFO - [2022-12-22T09:21:48.746+0000] {dag.py:3427} INFO - Setting next_dagrun for example_subdag_operator to 2022-01-01T00:00:00+00:00, run_after=2022-01-01T00:00:00+00:00
[2022-12-22T09:21:48.768+0000] {logging_mixin.py:137} INFO - [2022-12-22T09:21:48.768+0000] {dag.py:3427} INFO - Setting next_dagrun for example_subdag_operator.section-1 to None, run_after=None
[2022-12-22T09:21:48.770+0000] {logging_mixin.py:137} INFO - [2022-12-22T09:21:48.770+0000] {dag.py:3427} INFO - Setting next_dagrun for example_subdag_operator.section-2 to None, run_after=None
[2022-12-22T09:21:48.784+0000] {logging_mixin.py:137} INFO - [2022-12-22T09:21:48.783+0000] {dag.py:2676} INFO - Sync 2 DAGs
[2022-12-22T09:21:48.792+0000] {logging_mixin.py:137} INFO - [2022-12-22T09:21:48.792+0000] {dag.py:3427} INFO - Setting next_dagrun for example_subdag_operator.section-1 to None, run_after=None
[2022-12-22T09:21:48.793+0000] {logging_mixin.py:137} INFO - [2022-12-22T09:21:48.793+0000] {dag.py:3427} INFO - Setting next_dagrun for example_subdag_operator.section-2 to None, run_after=None
[2022-12-22T09:21:48.813+0000] {processor.py:175} INFO - Processing /home/airflow/.local/lib/python3.7/site-packages/airflow/example_dags/example_subdag_operator.py took 0.245 seconds
[2022-12-22T09:22:19.717+0000] {processor.py:153} INFO - Started process (PID=256) to work on /home/airflow/.local/lib/python3.7/site-packages/airflow/example_dags/example_subdag_operator.py
[2022-12-22T09:22:19.720+0000] {processor.py:743} INFO - Processing file /home/airflow/.local/lib/python3.7/site-packages/airflow/example_dags/example_subdag_operator.py for tasks to queue
[2022-12-22T09:22:19.723+0000] {logging_mixin.py:137} INFO - [2022-12-22T09:22:19.723+0000] {dagbag.py:538} INFO - Filling up the DagBag from /home/airflow/.local/lib/python3.7/site-packages/airflow/example_dags/example_subdag_operator.py
[2022-12-22T09:22:19.767+0000] {processor.py:753} INFO - DAG(s) dict_keys(['example_subdag_operator.section-1', 'example_subdag_operator.section-2', 'example_subdag_operator']) retrieved from /home/airflow/.local/lib/python3.7/site-packages/airflow/example_dags/example_subdag_operator.py
[2022-12-22T09:22:19.799+0000] {logging_mixin.py:137} INFO - [2022-12-22T09:22:19.799+0000] {dag.py:2676} INFO - Sync 3 DAGs
[2022-12-22T09:22:19.822+0000] {logging_mixin.py:137} INFO - [2022-12-22T09:22:19.822+0000] {dag.py:3427} INFO - Setting next_dagrun for example_subdag_operator to 2022-01-01T00:00:00+00:00, run_after=2022-01-01T00:00:00+00:00
[2022-12-22T09:22:19.826+0000] {logging_mixin.py:137} INFO - [2022-12-22T09:22:19.826+0000] {dag.py:3427} INFO - Setting next_dagrun for example_subdag_operator.section-1 to None, run_after=None
[2022-12-22T09:22:19.827+0000] {logging_mixin.py:137} INFO - [2022-12-22T09:22:19.827+0000] {dag.py:3427} INFO - Setting next_dagrun for example_subdag_operator.section-2 to None, run_after=None
[2022-12-22T09:22:19.833+0000] {logging_mixin.py:137} INFO - [2022-12-22T09:22:19.833+0000] {dag.py:2676} INFO - Sync 2 DAGs
[2022-12-22T09:22:19.837+0000] {logging_mixin.py:137} INFO - [2022-12-22T09:22:19.837+0000] {dag.py:3427} INFO - Setting next_dagrun for example_subdag_operator.section-1 to None, run_after=None
[2022-12-22T09:22:19.838+0000] {logging_mixin.py:137} INFO - [2022-12-22T09:22:19.838+0000] {dag.py:3427} INFO - Setting next_dagrun for example_subdag_operator.section-2 to None, run_after=None
[2022-12-22T09:22:19.850+0000] {processor.py:175} INFO - Processing /home/airflow/.local/lib/python3.7/site-packages/airflow/example_dags/example_subdag_operator.py took 0.137 seconds
[2022-12-22T09:22:53.336+0000] {processor.py:153} INFO - Started process (PID=331) to work on /home/airflow/.local/lib/python3.7/site-packages/airflow/example_dags/example_subdag_operator.py
[2022-12-22T09:22:53.341+0000] {processor.py:743} INFO - Processing file /home/airflow/.local/lib/python3.7/site-packages/airflow/example_dags/example_subdag_operator.py for tasks to queue
[2022-12-22T09:22:53.342+0000] {logging_mixin.py:137} INFO - [2022-12-22T09:22:53.342+0000] {dagbag.py:538} INFO - Filling up the DagBag from /home/airflow/.local/lib/python3.7/site-packages/airflow/example_dags/example_subdag_operator.py
[2022-12-22T09:22:53.476+0000] {processor.py:753} INFO - DAG(s) dict_keys(['example_subdag_operator.section-1', 'example_subdag_operator.section-2', 'example_subdag_operator']) retrieved from /home/airflow/.local/lib/python3.7/site-packages/airflow/example_dags/example_subdag_operator.py
[2022-12-22T09:22:53.509+0000] {logging_mixin.py:137} INFO - [2022-12-22T09:22:53.509+0000] {dag.py:2676} INFO - Sync 3 DAGs
[2022-12-22T09:22:53.538+0000] {logging_mixin.py:137} INFO - [2022-12-22T09:22:53.538+0000] {dag.py:3427} INFO - Setting next_dagrun for example_subdag_operator to 2022-01-01T00:00:00+00:00, run_after=2022-01-01T00:00:00+00:00
[2022-12-22T09:22:53.545+0000] {logging_mixin.py:137} INFO - [2022-12-22T09:22:53.545+0000] {dag.py:3427} INFO - Setting next_dagrun for example_subdag_operator.section-1 to None, run_after=None
[2022-12-22T09:22:53.547+0000] {logging_mixin.py:137} INFO - [2022-12-22T09:22:53.547+0000] {dag.py:3427} INFO - Setting next_dagrun for example_subdag_operator.section-2 to None, run_after=None
[2022-12-22T09:22:53.557+0000] {logging_mixin.py:137} INFO - [2022-12-22T09:22:53.557+0000] {dag.py:2676} INFO - Sync 2 DAGs
[2022-12-22T09:22:53.571+0000] {logging_mixin.py:137} INFO - [2022-12-22T09:22:53.571+0000] {dag.py:3427} INFO - Setting next_dagrun for example_subdag_operator.section-1 to None, run_after=None
[2022-12-22T09:22:53.576+0000] {logging_mixin.py:137} INFO - [2022-12-22T09:22:53.576+0000] {dag.py:3427} INFO - Setting next_dagrun for example_subdag_operator.section-2 to None, run_after=None
[2022-12-22T09:22:53.603+0000] {processor.py:175} INFO - Processing /home/airflow/.local/lib/python3.7/site-packages/airflow/example_dags/example_subdag_operator.py took 0.270 seconds
[2022-12-22T09:23:26.023+0000] {processor.py:153} INFO - Started process (PID=390) to work on /home/airflow/.local/lib/python3.7/site-packages/airflow/example_dags/example_subdag_operator.py
[2022-12-22T09:23:26.027+0000] {processor.py:743} INFO - Processing file /home/airflow/.local/lib/python3.7/site-packages/airflow/example_dags/example_subdag_operator.py for tasks to queue
[2022-12-22T09:23:26.029+0000] {logging_mixin.py:137} INFO - [2022-12-22T09:23:26.029+0000] {dagbag.py:538} INFO - Filling up the DagBag from /home/airflow/.local/lib/python3.7/site-packages/airflow/example_dags/example_subdag_operator.py
[2022-12-22T09:23:26.086+0000] {processor.py:753} INFO - DAG(s) dict_keys(['example_subdag_operator.section-1', 'example_subdag_operator.section-2', 'example_subdag_operator']) retrieved from /home/airflow/.local/lib/python3.7/site-packages/airflow/example_dags/example_subdag_operator.py
[2022-12-22T09:23:26.154+0000] {logging_mixin.py:137} INFO - [2022-12-22T09:23:26.154+0000] {dag.py:2676} INFO - Sync 3 DAGs
[2022-12-22T09:23:26.183+0000] {logging_mixin.py:137} INFO - [2022-12-22T09:23:26.183+0000] {dag.py:3427} INFO - Setting next_dagrun for example_subdag_operator to 2022-01-01T00:00:00+00:00, run_after=2022-01-01T00:00:00+00:00
[2022-12-22T09:23:26.187+0000] {logging_mixin.py:137} INFO - [2022-12-22T09:23:26.187+0000] {dag.py:3427} INFO - Setting next_dagrun for example_subdag_operator.section-1 to None, run_after=None
[2022-12-22T09:23:26.199+0000] {logging_mixin.py:137} INFO - [2022-12-22T09:23:26.199+0000] {dag.py:3427} INFO - Setting next_dagrun for example_subdag_operator.section-2 to None, run_after=None
[2022-12-22T09:23:26.215+0000] {logging_mixin.py:137} INFO - [2022-12-22T09:23:26.215+0000] {dag.py:2676} INFO - Sync 2 DAGs
[2022-12-22T09:23:26.226+0000] {logging_mixin.py:137} INFO - [2022-12-22T09:23:26.226+0000] {dag.py:3427} INFO - Setting next_dagrun for example_subdag_operator.section-1 to None, run_after=None
[2022-12-22T09:23:26.229+0000] {logging_mixin.py:137} INFO - [2022-12-22T09:23:26.229+0000] {dag.py:3427} INFO - Setting next_dagrun for example_subdag_operator.section-2 to None, run_after=None
[2022-12-22T09:23:26.252+0000] {processor.py:175} INFO - Processing /home/airflow/.local/lib/python3.7/site-packages/airflow/example_dags/example_subdag_operator.py took 0.234 seconds
[2022-12-22T09:23:58.457+0000] {processor.py:153} INFO - Started process (PID=453) to work on /home/airflow/.local/lib/python3.7/site-packages/airflow/example_dags/example_subdag_operator.py
[2022-12-22T09:23:58.461+0000] {processor.py:743} INFO - Processing file /home/airflow/.local/lib/python3.7/site-packages/airflow/example_dags/example_subdag_operator.py for tasks to queue
[2022-12-22T09:23:58.465+0000] {logging_mixin.py:137} INFO - [2022-12-22T09:23:58.465+0000] {dagbag.py:538} INFO - Filling up the DagBag from /home/airflow/.local/lib/python3.7/site-packages/airflow/example_dags/example_subdag_operator.py
[2022-12-22T09:23:58.502+0000] {processor.py:753} INFO - DAG(s) dict_keys(['example_subdag_operator.section-1', 'example_subdag_operator.section-2', 'example_subdag_operator']) retrieved from /home/airflow/.local/lib/python3.7/site-packages/airflow/example_dags/example_subdag_operator.py
[2022-12-22T09:23:58.526+0000] {logging_mixin.py:137} INFO - [2022-12-22T09:23:58.526+0000] {dag.py:2676} INFO - Sync 3 DAGs
[2022-12-22T09:23:58.549+0000] {logging_mixin.py:137} INFO - [2022-12-22T09:23:58.549+0000] {dag.py:3427} INFO - Setting next_dagrun for example_subdag_operator to 2022-01-01T00:00:00+00:00, run_after=2022-01-01T00:00:00+00:00
[2022-12-22T09:23:58.554+0000] {logging_mixin.py:137} INFO - [2022-12-22T09:23:58.554+0000] {dag.py:3427} INFO - Setting next_dagrun for example_subdag_operator.section-1 to None, run_after=None
[2022-12-22T09:23:58.564+0000] {logging_mixin.py:137} INFO - [2022-12-22T09:23:58.564+0000] {dag.py:3427} INFO - Setting next_dagrun for example_subdag_operator.section-2 to None, run_after=None
[2022-12-22T09:23:58.574+0000] {logging_mixin.py:137} INFO - [2022-12-22T09:23:58.573+0000] {dag.py:2676} INFO - Sync 2 DAGs
[2022-12-22T09:23:58.585+0000] {logging_mixin.py:137} INFO - [2022-12-22T09:23:58.584+0000] {dag.py:3427} INFO - Setting next_dagrun for example_subdag_operator.section-1 to None, run_after=None
[2022-12-22T09:23:58.590+0000] {logging_mixin.py:137} INFO - [2022-12-22T09:23:58.590+0000] {dag.py:3427} INFO - Setting next_dagrun for example_subdag_operator.section-2 to None, run_after=None
[2022-12-22T09:23:58.603+0000] {processor.py:175} INFO - Processing /home/airflow/.local/lib/python3.7/site-packages/airflow/example_dags/example_subdag_operator.py took 0.149 seconds
[2022-12-22T09:24:28.803+0000] {processor.py:153} INFO - Started process (PID=512) to work on /home/airflow/.local/lib/python3.7/site-packages/airflow/example_dags/example_subdag_operator.py
[2022-12-22T09:24:28.810+0000] {processor.py:743} INFO - Processing file /home/airflow/.local/lib/python3.7/site-packages/airflow/example_dags/example_subdag_operator.py for tasks to queue
[2022-12-22T09:24:28.814+0000] {logging_mixin.py:137} INFO - [2022-12-22T09:24:28.814+0000] {dagbag.py:538} INFO - Filling up the DagBag from /home/airflow/.local/lib/python3.7/site-packages/airflow/example_dags/example_subdag_operator.py
[2022-12-22T09:24:28.856+0000] {processor.py:753} INFO - DAG(s) dict_keys(['example_subdag_operator.section-1', 'example_subdag_operator.section-2', 'example_subdag_operator']) retrieved from /home/airflow/.local/lib/python3.7/site-packages/airflow/example_dags/example_subdag_operator.py
[2022-12-22T09:24:28.887+0000] {logging_mixin.py:137} INFO - [2022-12-22T09:24:28.886+0000] {dag.py:2676} INFO - Sync 3 DAGs
[2022-12-22T09:24:28.907+0000] {logging_mixin.py:137} INFO - [2022-12-22T09:24:28.906+0000] {dag.py:3427} INFO - Setting next_dagrun for example_subdag_operator to 2022-01-01T00:00:00+00:00, run_after=2022-01-01T00:00:00+00:00
[2022-12-22T09:24:28.910+0000] {logging_mixin.py:137} INFO - [2022-12-22T09:24:28.910+0000] {dag.py:3427} INFO - Setting next_dagrun for example_subdag_operator.section-1 to None, run_after=None
[2022-12-22T09:24:28.912+0000] {logging_mixin.py:137} INFO - [2022-12-22T09:24:28.912+0000] {dag.py:3427} INFO - Setting next_dagrun for example_subdag_operator.section-2 to None, run_after=None
[2022-12-22T09:24:28.918+0000] {logging_mixin.py:137} INFO - [2022-12-22T09:24:28.918+0000] {dag.py:2676} INFO - Sync 2 DAGs
[2022-12-22T09:24:28.922+0000] {logging_mixin.py:137} INFO - [2022-12-22T09:24:28.922+0000] {dag.py:3427} INFO - Setting next_dagrun for example_subdag_operator.section-1 to None, run_after=None
[2022-12-22T09:24:28.928+0000] {logging_mixin.py:137} INFO - [2022-12-22T09:24:28.928+0000] {dag.py:3427} INFO - Setting next_dagrun for example_subdag_operator.section-2 to None, run_after=None
[2022-12-22T09:24:28.939+0000] {processor.py:175} INFO - Processing /home/airflow/.local/lib/python3.7/site-packages/airflow/example_dags/example_subdag_operator.py took 0.141 seconds
[2022-12-22T09:24:59.504+0000] {processor.py:153} INFO - Started process (PID=573) to work on /home/airflow/.local/lib/python3.7/site-packages/airflow/example_dags/example_subdag_operator.py
[2022-12-22T09:24:59.506+0000] {processor.py:743} INFO - Processing file /home/airflow/.local/lib/python3.7/site-packages/airflow/example_dags/example_subdag_operator.py for tasks to queue
[2022-12-22T09:24:59.510+0000] {logging_mixin.py:137} INFO - [2022-12-22T09:24:59.510+0000] {dagbag.py:538} INFO - Filling up the DagBag from /home/airflow/.local/lib/python3.7/site-packages/airflow/example_dags/example_subdag_operator.py
[2022-12-22T09:24:59.533+0000] {processor.py:753} INFO - DAG(s) dict_keys(['example_subdag_operator.section-1', 'example_subdag_operator.section-2', 'example_subdag_operator']) retrieved from /home/airflow/.local/lib/python3.7/site-packages/airflow/example_dags/example_subdag_operator.py
[2022-12-22T09:24:59.561+0000] {logging_mixin.py:137} INFO - [2022-12-22T09:24:59.561+0000] {dag.py:2676} INFO - Sync 3 DAGs
[2022-12-22T09:24:59.581+0000] {logging_mixin.py:137} INFO - [2022-12-22T09:24:59.581+0000] {dag.py:3427} INFO - Setting next_dagrun for example_subdag_operator to 2022-01-01T00:00:00+00:00, run_after=2022-01-01T00:00:00+00:00
[2022-12-22T09:24:59.585+0000] {logging_mixin.py:137} INFO - [2022-12-22T09:24:59.585+0000] {dag.py:3427} INFO - Setting next_dagrun for example_subdag_operator.section-1 to None, run_after=None
[2022-12-22T09:24:59.587+0000] {logging_mixin.py:137} INFO - [2022-12-22T09:24:59.587+0000] {dag.py:3427} INFO - Setting next_dagrun for example_subdag_operator.section-2 to None, run_after=None
[2022-12-22T09:24:59.594+0000] {logging_mixin.py:137} INFO - [2022-12-22T09:24:59.593+0000] {dag.py:2676} INFO - Sync 2 DAGs
[2022-12-22T09:24:59.600+0000] {logging_mixin.py:137} INFO - [2022-12-22T09:24:59.600+0000] {dag.py:3427} INFO - Setting next_dagrun for example_subdag_operator.section-1 to None, run_after=None
[2022-12-22T09:24:59.601+0000] {logging_mixin.py:137} INFO - [2022-12-22T09:24:59.601+0000] {dag.py:3427} INFO - Setting next_dagrun for example_subdag_operator.section-2 to None, run_after=None
[2022-12-22T09:24:59.617+0000] {processor.py:175} INFO - Processing /home/airflow/.local/lib/python3.7/site-packages/airflow/example_dags/example_subdag_operator.py took 0.117 seconds
[2022-12-22T09:25:30.301+0000] {processor.py:153} INFO - Started process (PID=636) to work on /home/airflow/.local/lib/python3.7/site-packages/airflow/example_dags/example_subdag_operator.py
[2022-12-22T09:25:30.303+0000] {processor.py:743} INFO - Processing file /home/airflow/.local/lib/python3.7/site-packages/airflow/example_dags/example_subdag_operator.py for tasks to queue
[2022-12-22T09:25:30.304+0000] {logging_mixin.py:137} INFO - [2022-12-22T09:25:30.304+0000] {dagbag.py:538} INFO - Filling up the DagBag from /home/airflow/.local/lib/python3.7/site-packages/airflow/example_dags/example_subdag_operator.py
[2022-12-22T09:25:30.327+0000] {processor.py:753} INFO - DAG(s) dict_keys(['example_subdag_operator.section-1', 'example_subdag_operator.section-2', 'example_subdag_operator']) retrieved from /home/airflow/.local/lib/python3.7/site-packages/airflow/example_dags/example_subdag_operator.py
[2022-12-22T09:25:30.345+0000] {logging_mixin.py:137} INFO - [2022-12-22T09:25:30.345+0000] {dag.py:2676} INFO - Sync 3 DAGs
[2022-12-22T09:25:30.360+0000] {logging_mixin.py:137} INFO - [2022-12-22T09:25:30.360+0000] {dag.py:3427} INFO - Setting next_dagrun for example_subdag_operator to 2022-01-01T00:00:00+00:00, run_after=2022-01-01T00:00:00+00:00
[2022-12-22T09:25:30.363+0000] {logging_mixin.py:137} INFO - [2022-12-22T09:25:30.363+0000] {dag.py:3427} INFO - Setting next_dagrun for example_subdag_operator.section-1 to None, run_after=None
[2022-12-22T09:25:30.366+0000] {logging_mixin.py:137} INFO - [2022-12-22T09:25:30.366+0000] {dag.py:3427} INFO - Setting next_dagrun for example_subdag_operator.section-2 to None, run_after=None
[2022-12-22T09:25:30.372+0000] {logging_mixin.py:137} INFO - [2022-12-22T09:25:30.372+0000] {dag.py:2676} INFO - Sync 2 DAGs
[2022-12-22T09:25:30.377+0000] {logging_mixin.py:137} INFO - [2022-12-22T09:25:30.377+0000] {dag.py:3427} INFO - Setting next_dagrun for example_subdag_operator.section-1 to None, run_after=None
[2022-12-22T09:25:30.378+0000] {logging_mixin.py:137} INFO - [2022-12-22T09:25:30.378+0000] {dag.py:3427} INFO - Setting next_dagrun for example_subdag_operator.section-2 to None, run_after=None
[2022-12-22T09:25:30.385+0000] {processor.py:175} INFO - Processing /home/airflow/.local/lib/python3.7/site-packages/airflow/example_dags/example_subdag_operator.py took 0.086 seconds
[2022-12-22T09:26:01.000+0000] {processor.py:153} INFO - Started process (PID=698) to work on /home/airflow/.local/lib/python3.7/site-packages/airflow/example_dags/example_subdag_operator.py
[2022-12-22T09:26:01.002+0000] {processor.py:743} INFO - Processing file /home/airflow/.local/lib/python3.7/site-packages/airflow/example_dags/example_subdag_operator.py for tasks to queue
[2022-12-22T09:26:01.003+0000] {logging_mixin.py:137} INFO - [2022-12-22T09:26:01.003+0000] {dagbag.py:538} INFO - Filling up the DagBag from /home/airflow/.local/lib/python3.7/site-packages/airflow/example_dags/example_subdag_operator.py
[2022-12-22T09:26:01.027+0000] {processor.py:753} INFO - DAG(s) dict_keys(['example_subdag_operator.section-1', 'example_subdag_operator.section-2', 'example_subdag_operator']) retrieved from /home/airflow/.local/lib/python3.7/site-packages/airflow/example_dags/example_subdag_operator.py
[2022-12-22T09:26:01.051+0000] {logging_mixin.py:137} INFO - [2022-12-22T09:26:01.051+0000] {dag.py:2676} INFO - Sync 3 DAGs
[2022-12-22T09:26:01.071+0000] {logging_mixin.py:137} INFO - [2022-12-22T09:26:01.071+0000] {dag.py:3427} INFO - Setting next_dagrun for example_subdag_operator to 2022-01-01T00:00:00+00:00, run_after=2022-01-01T00:00:00+00:00
[2022-12-22T09:26:01.082+0000] {logging_mixin.py:137} INFO - [2022-12-22T09:26:01.082+0000] {dag.py:3427} INFO - Setting next_dagrun for example_subdag_operator.section-1 to None, run_after=None
[2022-12-22T09:26:01.085+0000] {logging_mixin.py:137} INFO - [2022-12-22T09:26:01.084+0000] {dag.py:3427} INFO - Setting next_dagrun for example_subdag_operator.section-2 to None, run_after=None
[2022-12-22T09:26:01.092+0000] {logging_mixin.py:137} INFO - [2022-12-22T09:26:01.091+0000] {dag.py:2676} INFO - Sync 2 DAGs
[2022-12-22T09:26:01.096+0000] {logging_mixin.py:137} INFO - [2022-12-22T09:26:01.096+0000] {dag.py:3427} INFO - Setting next_dagrun for example_subdag_operator.section-1 to None, run_after=None
[2022-12-22T09:26:01.097+0000] {logging_mixin.py:137} INFO - [2022-12-22T09:26:01.097+0000] {dag.py:3427} INFO - Setting next_dagrun for example_subdag_operator.section-2 to None, run_after=None
[2022-12-22T09:26:01.113+0000] {processor.py:175} INFO - Processing /home/airflow/.local/lib/python3.7/site-packages/airflow/example_dags/example_subdag_operator.py took 0.116 seconds
[2022-12-22T09:27:34.153+0000] {processor.py:153} INFO - Started process (PID=791) to work on /home/airflow/.local/lib/python3.7/site-packages/airflow/example_dags/example_subdag_operator.py
[2022-12-22T09:27:34.166+0000] {processor.py:743} INFO - Processing file /home/airflow/.local/lib/python3.7/site-packages/airflow/example_dags/example_subdag_operator.py for tasks to queue
[2022-12-22T09:27:34.225+0000] {logging_mixin.py:137} INFO - [2022-12-22T09:27:34.223+0000] {dagbag.py:538} INFO - Filling up the DagBag from /home/airflow/.local/lib/python3.7/site-packages/airflow/example_dags/example_subdag_operator.py
[2022-12-22T09:27:34.684+0000] {processor.py:753} INFO - DAG(s) dict_keys(['example_subdag_operator.section-1', 'example_subdag_operator.section-2', 'example_subdag_operator']) retrieved from /home/airflow/.local/lib/python3.7/site-packages/airflow/example_dags/example_subdag_operator.py
[2022-12-22T09:27:34.968+0000] {logging_mixin.py:137} INFO - [2022-12-22T09:27:34.967+0000] {dag.py:2676} INFO - Sync 3 DAGs
[2022-12-22T09:27:35.266+0000] {logging_mixin.py:137} INFO - [2022-12-22T09:27:35.265+0000] {dag.py:3427} INFO - Setting next_dagrun for example_subdag_operator to 2022-01-01T00:00:00+00:00, run_after=2022-01-01T00:00:00+00:00
[2022-12-22T09:27:35.314+0000] {logging_mixin.py:137} INFO - [2022-12-22T09:27:35.314+0000] {dag.py:3427} INFO - Setting next_dagrun for example_subdag_operator.section-1 to None, run_after=None
[2022-12-22T09:27:35.331+0000] {logging_mixin.py:137} INFO - [2022-12-22T09:27:35.331+0000] {dag.py:3427} INFO - Setting next_dagrun for example_subdag_operator.section-2 to None, run_after=None
[2022-12-22T09:27:35.435+0000] {logging_mixin.py:137} INFO - [2022-12-22T09:27:35.435+0000] {dag.py:2676} INFO - Sync 2 DAGs
[2022-12-22T09:27:35.481+0000] {logging_mixin.py:137} INFO - [2022-12-22T09:27:35.480+0000] {dag.py:3427} INFO - Setting next_dagrun for example_subdag_operator.section-1 to None, run_after=None
[2022-12-22T09:27:35.487+0000] {logging_mixin.py:137} INFO - [2022-12-22T09:27:35.487+0000] {dag.py:3427} INFO - Setting next_dagrun for example_subdag_operator.section-2 to None, run_after=None
[2022-12-22T09:27:35.572+0000] {processor.py:175} INFO - Processing /home/airflow/.local/lib/python3.7/site-packages/airflow/example_dags/example_subdag_operator.py took 1.511 seconds
[2022-12-22T09:28:06.860+0000] {processor.py:153} INFO - Started process (PID=857) to work on /home/airflow/.local/lib/python3.7/site-packages/airflow/example_dags/example_subdag_operator.py
[2022-12-22T09:28:06.870+0000] {processor.py:743} INFO - Processing file /home/airflow/.local/lib/python3.7/site-packages/airflow/example_dags/example_subdag_operator.py for tasks to queue
[2022-12-22T09:28:06.877+0000] {logging_mixin.py:137} INFO - [2022-12-22T09:28:06.877+0000] {dagbag.py:538} INFO - Filling up the DagBag from /home/airflow/.local/lib/python3.7/site-packages/airflow/example_dags/example_subdag_operator.py
[2022-12-22T09:28:07.009+0000] {processor.py:753} INFO - DAG(s) dict_keys(['example_subdag_operator.section-1', 'example_subdag_operator.section-2', 'example_subdag_operator']) retrieved from /home/airflow/.local/lib/python3.7/site-packages/airflow/example_dags/example_subdag_operator.py
[2022-12-22T09:28:07.055+0000] {logging_mixin.py:137} INFO - [2022-12-22T09:28:07.054+0000] {dag.py:2676} INFO - Sync 3 DAGs
[2022-12-22T09:28:07.370+0000] {logging_mixin.py:137} INFO - [2022-12-22T09:28:07.370+0000] {dag.py:3427} INFO - Setting next_dagrun for example_subdag_operator to 2022-01-01T00:00:00+00:00, run_after=2022-01-01T00:00:00+00:00
[2022-12-22T09:28:07.377+0000] {logging_mixin.py:137} INFO - [2022-12-22T09:28:07.377+0000] {dag.py:3427} INFO - Setting next_dagrun for example_subdag_operator.section-1 to None, run_after=None
[2022-12-22T09:28:07.380+0000] {logging_mixin.py:137} INFO - [2022-12-22T09:28:07.380+0000] {dag.py:3427} INFO - Setting next_dagrun for example_subdag_operator.section-2 to None, run_after=None
[2022-12-22T09:28:07.393+0000] {logging_mixin.py:137} INFO - [2022-12-22T09:28:07.393+0000] {dag.py:2676} INFO - Sync 2 DAGs
[2022-12-22T09:28:07.401+0000] {logging_mixin.py:137} INFO - [2022-12-22T09:28:07.401+0000] {dag.py:3427} INFO - Setting next_dagrun for example_subdag_operator.section-1 to None, run_after=None
[2022-12-22T09:28:07.405+0000] {logging_mixin.py:137} INFO - [2022-12-22T09:28:07.404+0000] {dag.py:3427} INFO - Setting next_dagrun for example_subdag_operator.section-2 to None, run_after=None
[2022-12-22T09:28:07.414+0000] {processor.py:175} INFO - Processing /home/airflow/.local/lib/python3.7/site-packages/airflow/example_dags/example_subdag_operator.py took 0.580 seconds
[2022-12-22T09:28:38.132+0000] {processor.py:153} INFO - Started process (PID=919) to work on /home/airflow/.local/lib/python3.7/site-packages/airflow/example_dags/example_subdag_operator.py
[2022-12-22T09:28:38.136+0000] {processor.py:743} INFO - Processing file /home/airflow/.local/lib/python3.7/site-packages/airflow/example_dags/example_subdag_operator.py for tasks to queue
[2022-12-22T09:28:38.138+0000] {logging_mixin.py:137} INFO - [2022-12-22T09:28:38.138+0000] {dagbag.py:538} INFO - Filling up the DagBag from /home/airflow/.local/lib/python3.7/site-packages/airflow/example_dags/example_subdag_operator.py
[2022-12-22T09:28:38.195+0000] {processor.py:753} INFO - DAG(s) dict_keys(['example_subdag_operator.section-1', 'example_subdag_operator.section-2', 'example_subdag_operator']) retrieved from /home/airflow/.local/lib/python3.7/site-packages/airflow/example_dags/example_subdag_operator.py
[2022-12-22T09:28:38.226+0000] {logging_mixin.py:137} INFO - [2022-12-22T09:28:38.226+0000] {dag.py:2676} INFO - Sync 3 DAGs
[2022-12-22T09:28:38.257+0000] {logging_mixin.py:137} INFO - [2022-12-22T09:28:38.257+0000] {dag.py:3427} INFO - Setting next_dagrun for example_subdag_operator to 2022-01-01T00:00:00+00:00, run_after=2022-01-01T00:00:00+00:00
[2022-12-22T09:28:38.262+0000] {logging_mixin.py:137} INFO - [2022-12-22T09:28:38.262+0000] {dag.py:3427} INFO - Setting next_dagrun for example_subdag_operator.section-1 to None, run_after=None
[2022-12-22T09:28:38.264+0000] {logging_mixin.py:137} INFO - [2022-12-22T09:28:38.264+0000] {dag.py:3427} INFO - Setting next_dagrun for example_subdag_operator.section-2 to None, run_after=None
[2022-12-22T09:28:38.277+0000] {logging_mixin.py:137} INFO - [2022-12-22T09:28:38.277+0000] {dag.py:2676} INFO - Sync 2 DAGs
[2022-12-22T09:28:38.284+0000] {logging_mixin.py:137} INFO - [2022-12-22T09:28:38.284+0000] {dag.py:3427} INFO - Setting next_dagrun for example_subdag_operator.section-1 to None, run_after=None
[2022-12-22T09:28:38.286+0000] {logging_mixin.py:137} INFO - [2022-12-22T09:28:38.286+0000] {dag.py:3427} INFO - Setting next_dagrun for example_subdag_operator.section-2 to None, run_after=None
[2022-12-22T09:28:38.296+0000] {processor.py:175} INFO - Processing /home/airflow/.local/lib/python3.7/site-packages/airflow/example_dags/example_subdag_operator.py took 0.175 seconds
[2022-12-22T09:29:08.966+0000] {processor.py:153} INFO - Started process (PID=982) to work on /home/airflow/.local/lib/python3.7/site-packages/airflow/example_dags/example_subdag_operator.py
[2022-12-22T09:29:08.970+0000] {processor.py:743} INFO - Processing file /home/airflow/.local/lib/python3.7/site-packages/airflow/example_dags/example_subdag_operator.py for tasks to queue
[2022-12-22T09:29:08.989+0000] {logging_mixin.py:137} INFO - [2022-12-22T09:29:08.988+0000] {dagbag.py:538} INFO - Filling up the DagBag from /home/airflow/.local/lib/python3.7/site-packages/airflow/example_dags/example_subdag_operator.py
[2022-12-22T09:29:09.160+0000] {processor.py:753} INFO - DAG(s) dict_keys(['example_subdag_operator.section-1', 'example_subdag_operator.section-2', 'example_subdag_operator']) retrieved from /home/airflow/.local/lib/python3.7/site-packages/airflow/example_dags/example_subdag_operator.py
[2022-12-22T09:29:09.225+0000] {logging_mixin.py:137} INFO - [2022-12-22T09:29:09.225+0000] {dag.py:2676} INFO - Sync 3 DAGs
[2022-12-22T09:29:09.269+0000] {logging_mixin.py:137} INFO - [2022-12-22T09:29:09.268+0000] {dag.py:3427} INFO - Setting next_dagrun for example_subdag_operator to 2022-01-01T00:00:00+00:00, run_after=2022-01-01T00:00:00+00:00
[2022-12-22T09:29:09.274+0000] {logging_mixin.py:137} INFO - [2022-12-22T09:29:09.274+0000] {dag.py:3427} INFO - Setting next_dagrun for example_subdag_operator.section-1 to None, run_after=None
[2022-12-22T09:29:09.277+0000] {logging_mixin.py:137} INFO - [2022-12-22T09:29:09.277+0000] {dag.py:3427} INFO - Setting next_dagrun for example_subdag_operator.section-2 to None, run_after=None
[2022-12-22T09:29:09.298+0000] {logging_mixin.py:137} INFO - [2022-12-22T09:29:09.298+0000] {dag.py:2676} INFO - Sync 2 DAGs
[2022-12-22T09:29:09.305+0000] {logging_mixin.py:137} INFO - [2022-12-22T09:29:09.305+0000] {dag.py:3427} INFO - Setting next_dagrun for example_subdag_operator.section-1 to None, run_after=None
[2022-12-22T09:29:09.307+0000] {logging_mixin.py:137} INFO - [2022-12-22T09:29:09.307+0000] {dag.py:3427} INFO - Setting next_dagrun for example_subdag_operator.section-2 to None, run_after=None
[2022-12-22T09:29:09.320+0000] {processor.py:175} INFO - Processing /home/airflow/.local/lib/python3.7/site-packages/airflow/example_dags/example_subdag_operator.py took 0.377 seconds
[2022-12-22T09:29:39.754+0000] {processor.py:153} INFO - Started process (PID=1045) to work on /home/airflow/.local/lib/python3.7/site-packages/airflow/example_dags/example_subdag_operator.py
[2022-12-22T09:29:39.761+0000] {processor.py:743} INFO - Processing file /home/airflow/.local/lib/python3.7/site-packages/airflow/example_dags/example_subdag_operator.py for tasks to queue
[2022-12-22T09:29:39.771+0000] {logging_mixin.py:137} INFO - [2022-12-22T09:29:39.771+0000] {dagbag.py:538} INFO - Filling up the DagBag from /home/airflow/.local/lib/python3.7/site-packages/airflow/example_dags/example_subdag_operator.py
[2022-12-22T09:29:39.836+0000] {processor.py:753} INFO - DAG(s) dict_keys(['example_subdag_operator.section-1', 'example_subdag_operator.section-2', 'example_subdag_operator']) retrieved from /home/airflow/.local/lib/python3.7/site-packages/airflow/example_dags/example_subdag_operator.py
[2022-12-22T09:29:39.885+0000] {logging_mixin.py:137} INFO - [2022-12-22T09:29:39.885+0000] {dag.py:2676} INFO - Sync 3 DAGs
[2022-12-22T09:29:39.911+0000] {logging_mixin.py:137} INFO - [2022-12-22T09:29:39.911+0000] {dag.py:3427} INFO - Setting next_dagrun for example_subdag_operator to 2022-01-01T00:00:00+00:00, run_after=2022-01-01T00:00:00+00:00
[2022-12-22T09:29:39.921+0000] {logging_mixin.py:137} INFO - [2022-12-22T09:29:39.920+0000] {dag.py:3427} INFO - Setting next_dagrun for example_subdag_operator.section-1 to None, run_after=None
[2022-12-22T09:29:39.947+0000] {logging_mixin.py:137} INFO - [2022-12-22T09:29:39.946+0000] {dag.py:3427} INFO - Setting next_dagrun for example_subdag_operator.section-2 to None, run_after=None
[2022-12-22T09:29:39.958+0000] {logging_mixin.py:137} INFO - [2022-12-22T09:29:39.957+0000] {dag.py:2676} INFO - Sync 2 DAGs
[2022-12-22T09:29:39.963+0000] {logging_mixin.py:137} INFO - [2022-12-22T09:29:39.963+0000] {dag.py:3427} INFO - Setting next_dagrun for example_subdag_operator.section-1 to None, run_after=None
[2022-12-22T09:29:39.965+0000] {logging_mixin.py:137} INFO - [2022-12-22T09:29:39.964+0000] {dag.py:3427} INFO - Setting next_dagrun for example_subdag_operator.section-2 to None, run_after=None
[2022-12-22T09:29:39.977+0000] {processor.py:175} INFO - Processing /home/airflow/.local/lib/python3.7/site-packages/airflow/example_dags/example_subdag_operator.py took 0.237 seconds
[2022-12-22T09:30:10.059+0000] {processor.py:153} INFO - Started process (PID=1108) to work on /home/airflow/.local/lib/python3.7/site-packages/airflow/example_dags/example_subdag_operator.py
[2022-12-22T09:30:10.062+0000] {processor.py:743} INFO - Processing file /home/airflow/.local/lib/python3.7/site-packages/airflow/example_dags/example_subdag_operator.py for tasks to queue
[2022-12-22T09:30:10.064+0000] {logging_mixin.py:137} INFO - [2022-12-22T09:30:10.063+0000] {dagbag.py:538} INFO - Filling up the DagBag from /home/airflow/.local/lib/python3.7/site-packages/airflow/example_dags/example_subdag_operator.py
[2022-12-22T09:30:10.109+0000] {processor.py:753} INFO - DAG(s) dict_keys(['example_subdag_operator.section-1', 'example_subdag_operator.section-2', 'example_subdag_operator']) retrieved from /home/airflow/.local/lib/python3.7/site-packages/airflow/example_dags/example_subdag_operator.py
[2022-12-22T09:30:10.136+0000] {logging_mixin.py:137} INFO - [2022-12-22T09:30:10.136+0000] {dag.py:2676} INFO - Sync 3 DAGs
[2022-12-22T09:30:10.156+0000] {logging_mixin.py:137} INFO - [2022-12-22T09:30:10.156+0000] {dag.py:3427} INFO - Setting next_dagrun for example_subdag_operator to 2022-01-01T00:00:00+00:00, run_after=2022-01-01T00:00:00+00:00
[2022-12-22T09:30:10.160+0000] {logging_mixin.py:137} INFO - [2022-12-22T09:30:10.160+0000] {dag.py:3427} INFO - Setting next_dagrun for example_subdag_operator.section-1 to None, run_after=None
[2022-12-22T09:30:10.163+0000] {logging_mixin.py:137} INFO - [2022-12-22T09:30:10.163+0000] {dag.py:3427} INFO - Setting next_dagrun for example_subdag_operator.section-2 to None, run_after=None
[2022-12-22T09:30:10.174+0000] {logging_mixin.py:137} INFO - [2022-12-22T09:30:10.174+0000] {dag.py:2676} INFO - Sync 2 DAGs
[2022-12-22T09:30:10.193+0000] {logging_mixin.py:137} INFO - [2022-12-22T09:30:10.192+0000] {dag.py:3427} INFO - Setting next_dagrun for example_subdag_operator.section-1 to None, run_after=None
[2022-12-22T09:30:10.197+0000] {logging_mixin.py:137} INFO - [2022-12-22T09:30:10.197+0000] {dag.py:3427} INFO - Setting next_dagrun for example_subdag_operator.section-2 to None, run_after=None
[2022-12-22T09:30:10.230+0000] {processor.py:175} INFO - Processing /home/airflow/.local/lib/python3.7/site-packages/airflow/example_dags/example_subdag_operator.py took 0.176 seconds
[2022-12-22T09:30:46.301+0000] {processor.py:153} INFO - Started process (PID=1167) to work on /home/airflow/.local/lib/python3.7/site-packages/airflow/example_dags/example_subdag_operator.py
[2022-12-22T09:30:46.356+0000] {processor.py:743} INFO - Processing file /home/airflow/.local/lib/python3.7/site-packages/airflow/example_dags/example_subdag_operator.py for tasks to queue
[2022-12-22T09:30:46.378+0000] {logging_mixin.py:137} INFO - [2022-12-22T09:30:46.373+0000] {dagbag.py:538} INFO - Filling up the DagBag from /home/airflow/.local/lib/python3.7/site-packages/airflow/example_dags/example_subdag_operator.py
[2022-12-22T09:30:46.758+0000] {processor.py:753} INFO - DAG(s) dict_keys(['example_subdag_operator.section-1', 'example_subdag_operator.section-2', 'example_subdag_operator']) retrieved from /home/airflow/.local/lib/python3.7/site-packages/airflow/example_dags/example_subdag_operator.py
[2022-12-22T09:30:47.056+0000] {logging_mixin.py:137} INFO - [2022-12-22T09:30:47.055+0000] {dag.py:2676} INFO - Sync 3 DAGs
[2022-12-22T09:30:47.427+0000] {logging_mixin.py:137} INFO - [2022-12-22T09:30:47.427+0000] {dag.py:3427} INFO - Setting next_dagrun for example_subdag_operator to 2022-01-01T00:00:00+00:00, run_after=2022-01-01T00:00:00+00:00
[2022-12-22T09:30:47.507+0000] {logging_mixin.py:137} INFO - [2022-12-22T09:30:47.506+0000] {dag.py:3427} INFO - Setting next_dagrun for example_subdag_operator.section-1 to None, run_after=None
[2022-12-22T09:30:47.647+0000] {logging_mixin.py:137} INFO - [2022-12-22T09:30:47.646+0000] {dag.py:3427} INFO - Setting next_dagrun for example_subdag_operator.section-2 to None, run_after=None
[2022-12-22T09:30:48.004+0000] {logging_mixin.py:137} INFO - [2022-12-22T09:30:48.000+0000] {dag.py:2676} INFO - Sync 2 DAGs
[2022-12-22T09:30:48.703+0000] {logging_mixin.py:137} INFO - [2022-12-22T09:30:48.699+0000] {dag.py:3427} INFO - Setting next_dagrun for example_subdag_operator.section-1 to None, run_after=None
[2022-12-22T09:30:48.738+0000] {logging_mixin.py:137} INFO - [2022-12-22T09:30:48.736+0000] {dag.py:3427} INFO - Setting next_dagrun for example_subdag_operator.section-2 to None, run_after=None
[2022-12-22T09:30:49.137+0000] {processor.py:175} INFO - Processing /home/airflow/.local/lib/python3.7/site-packages/airflow/example_dags/example_subdag_operator.py took 2.901 seconds
[2022-12-22T09:31:20.202+0000] {processor.py:153} INFO - Started process (PID=1230) to work on /home/airflow/.local/lib/python3.7/site-packages/airflow/example_dags/example_subdag_operator.py
[2022-12-22T09:31:20.221+0000] {processor.py:743} INFO - Processing file /home/airflow/.local/lib/python3.7/site-packages/airflow/example_dags/example_subdag_operator.py for tasks to queue
[2022-12-22T09:31:20.227+0000] {logging_mixin.py:137} INFO - [2022-12-22T09:31:20.227+0000] {dagbag.py:538} INFO - Filling up the DagBag from /home/airflow/.local/lib/python3.7/site-packages/airflow/example_dags/example_subdag_operator.py
[2022-12-22T09:31:21.004+0000] {processor.py:753} INFO - DAG(s) dict_keys(['example_subdag_operator.section-1', 'example_subdag_operator.section-2', 'example_subdag_operator']) retrieved from /home/airflow/.local/lib/python3.7/site-packages/airflow/example_dags/example_subdag_operator.py
[2022-12-22T09:31:21.170+0000] {logging_mixin.py:137} INFO - [2022-12-22T09:31:21.169+0000] {dag.py:2676} INFO - Sync 3 DAGs
[2022-12-22T09:31:21.316+0000] {logging_mixin.py:137} INFO - [2022-12-22T09:31:21.314+0000] {dag.py:3427} INFO - Setting next_dagrun for example_subdag_operator to 2022-01-01T00:00:00+00:00, run_after=2022-01-01T00:00:00+00:00
[2022-12-22T09:31:21.961+0000] {logging_mixin.py:137} INFO - [2022-12-22T09:31:21.948+0000] {dag.py:3427} INFO - Setting next_dagrun for example_subdag_operator.section-1 to None, run_after=None
[2022-12-22T09:31:21.980+0000] {logging_mixin.py:137} INFO - [2022-12-22T09:31:21.979+0000] {dag.py:3427} INFO - Setting next_dagrun for example_subdag_operator.section-2 to None, run_after=None
[2022-12-22T09:31:22.075+0000] {logging_mixin.py:137} INFO - [2022-12-22T09:31:22.075+0000] {dag.py:2676} INFO - Sync 2 DAGs
[2022-12-22T09:31:22.100+0000] {logging_mixin.py:137} INFO - [2022-12-22T09:31:22.100+0000] {dag.py:3427} INFO - Setting next_dagrun for example_subdag_operator.section-1 to None, run_after=None
[2022-12-22T09:31:22.104+0000] {logging_mixin.py:137} INFO - [2022-12-22T09:31:22.103+0000] {dag.py:3427} INFO - Setting next_dagrun for example_subdag_operator.section-2 to None, run_after=None
[2022-12-22T09:31:22.173+0000] {processor.py:175} INFO - Processing /home/airflow/.local/lib/python3.7/site-packages/airflow/example_dags/example_subdag_operator.py took 2.048 seconds
[2022-12-22T09:31:52.639+0000] {processor.py:153} INFO - Started process (PID=1283) to work on /home/airflow/.local/lib/python3.7/site-packages/airflow/example_dags/example_subdag_operator.py
[2022-12-22T09:31:52.643+0000] {processor.py:743} INFO - Processing file /home/airflow/.local/lib/python3.7/site-packages/airflow/example_dags/example_subdag_operator.py for tasks to queue
[2022-12-22T09:31:52.646+0000] {logging_mixin.py:137} INFO - [2022-12-22T09:31:52.645+0000] {dagbag.py:538} INFO - Filling up the DagBag from /home/airflow/.local/lib/python3.7/site-packages/airflow/example_dags/example_subdag_operator.py
[2022-12-22T09:31:52.728+0000] {processor.py:753} INFO - DAG(s) dict_keys(['example_subdag_operator.section-1', 'example_subdag_operator.section-2', 'example_subdag_operator']) retrieved from /home/airflow/.local/lib/python3.7/site-packages/airflow/example_dags/example_subdag_operator.py
[2022-12-22T09:31:52.767+0000] {logging_mixin.py:137} INFO - [2022-12-22T09:31:52.767+0000] {dag.py:2676} INFO - Sync 3 DAGs
[2022-12-22T09:31:52.797+0000] {logging_mixin.py:137} INFO - [2022-12-22T09:31:52.797+0000] {dag.py:3427} INFO - Setting next_dagrun for example_subdag_operator to 2022-01-01T00:00:00+00:00, run_after=2022-01-01T00:00:00+00:00
[2022-12-22T09:31:52.807+0000] {logging_mixin.py:137} INFO - [2022-12-22T09:31:52.806+0000] {dag.py:3427} INFO - Setting next_dagrun for example_subdag_operator.section-1 to None, run_after=None
[2022-12-22T09:31:52.812+0000] {logging_mixin.py:137} INFO - [2022-12-22T09:31:52.812+0000] {dag.py:3427} INFO - Setting next_dagrun for example_subdag_operator.section-2 to None, run_after=None
[2022-12-22T09:31:52.830+0000] {logging_mixin.py:137} INFO - [2022-12-22T09:31:52.829+0000] {dag.py:2676} INFO - Sync 2 DAGs
[2022-12-22T09:31:52.866+0000] {logging_mixin.py:137} INFO - [2022-12-22T09:31:52.865+0000] {dag.py:3427} INFO - Setting next_dagrun for example_subdag_operator.section-1 to None, run_after=None
[2022-12-22T09:31:52.874+0000] {logging_mixin.py:137} INFO - [2022-12-22T09:31:52.874+0000] {dag.py:3427} INFO - Setting next_dagrun for example_subdag_operator.section-2 to None, run_after=None
[2022-12-22T09:31:52.921+0000] {processor.py:175} INFO - Processing /home/airflow/.local/lib/python3.7/site-packages/airflow/example_dags/example_subdag_operator.py took 0.293 seconds
[2022-12-22T09:32:23.538+0000] {processor.py:153} INFO - Started process (PID=1358) to work on /home/airflow/.local/lib/python3.7/site-packages/airflow/example_dags/example_subdag_operator.py
[2022-12-22T09:32:23.559+0000] {processor.py:743} INFO - Processing file /home/airflow/.local/lib/python3.7/site-packages/airflow/example_dags/example_subdag_operator.py for tasks to queue
[2022-12-22T09:32:23.567+0000] {logging_mixin.py:137} INFO - [2022-12-22T09:32:23.567+0000] {dagbag.py:538} INFO - Filling up the DagBag from /home/airflow/.local/lib/python3.7/site-packages/airflow/example_dags/example_subdag_operator.py
[2022-12-22T09:32:23.782+0000] {processor.py:753} INFO - DAG(s) dict_keys(['example_subdag_operator.section-1', 'example_subdag_operator.section-2', 'example_subdag_operator']) retrieved from /home/airflow/.local/lib/python3.7/site-packages/airflow/example_dags/example_subdag_operator.py
[2022-12-22T09:32:23.831+0000] {logging_mixin.py:137} INFO - [2022-12-22T09:32:23.831+0000] {dag.py:2676} INFO - Sync 3 DAGs
[2022-12-22T09:32:23.923+0000] {logging_mixin.py:137} INFO - [2022-12-22T09:32:23.923+0000] {dag.py:3427} INFO - Setting next_dagrun for example_subdag_operator to 2022-01-01T00:00:00+00:00, run_after=2022-01-01T00:00:00+00:00
[2022-12-22T09:32:23.930+0000] {logging_mixin.py:137} INFO - [2022-12-22T09:32:23.930+0000] {dag.py:3427} INFO - Setting next_dagrun for example_subdag_operator.section-1 to None, run_after=None
[2022-12-22T09:32:23.933+0000] {logging_mixin.py:137} INFO - [2022-12-22T09:32:23.933+0000] {dag.py:3427} INFO - Setting next_dagrun for example_subdag_operator.section-2 to None, run_after=None
[2022-12-22T09:32:23.943+0000] {logging_mixin.py:137} INFO - [2022-12-22T09:32:23.942+0000] {dag.py:2676} INFO - Sync 2 DAGs
[2022-12-22T09:32:23.949+0000] {logging_mixin.py:137} INFO - [2022-12-22T09:32:23.949+0000] {dag.py:3427} INFO - Setting next_dagrun for example_subdag_operator.section-1 to None, run_after=None
[2022-12-22T09:32:23.951+0000] {logging_mixin.py:137} INFO - [2022-12-22T09:32:23.950+0000] {dag.py:3427} INFO - Setting next_dagrun for example_subdag_operator.section-2 to None, run_after=None
[2022-12-22T09:32:23.973+0000] {processor.py:175} INFO - Processing /home/airflow/.local/lib/python3.7/site-packages/airflow/example_dags/example_subdag_operator.py took 0.483 seconds
[2022-12-22T09:32:54.402+0000] {processor.py:153} INFO - Started process (PID=1422) to work on /home/airflow/.local/lib/python3.7/site-packages/airflow/example_dags/example_subdag_operator.py
[2022-12-22T09:32:54.405+0000] {processor.py:743} INFO - Processing file /home/airflow/.local/lib/python3.7/site-packages/airflow/example_dags/example_subdag_operator.py for tasks to queue
[2022-12-22T09:32:54.409+0000] {logging_mixin.py:137} INFO - [2022-12-22T09:32:54.408+0000] {dagbag.py:538} INFO - Filling up the DagBag from /home/airflow/.local/lib/python3.7/site-packages/airflow/example_dags/example_subdag_operator.py
[2022-12-22T09:32:54.481+0000] {processor.py:753} INFO - DAG(s) dict_keys(['example_subdag_operator.section-1', 'example_subdag_operator.section-2', 'example_subdag_operator']) retrieved from /home/airflow/.local/lib/python3.7/site-packages/airflow/example_dags/example_subdag_operator.py
[2022-12-22T09:32:54.511+0000] {logging_mixin.py:137} INFO - [2022-12-22T09:32:54.511+0000] {dag.py:2676} INFO - Sync 3 DAGs
[2022-12-22T09:32:54.538+0000] {logging_mixin.py:137} INFO - [2022-12-22T09:32:54.538+0000] {dag.py:3427} INFO - Setting next_dagrun for example_subdag_operator to 2022-01-01T00:00:00+00:00, run_after=2022-01-01T00:00:00+00:00
[2022-12-22T09:32:54.542+0000] {logging_mixin.py:137} INFO - [2022-12-22T09:32:54.542+0000] {dag.py:3427} INFO - Setting next_dagrun for example_subdag_operator.section-1 to None, run_after=None
[2022-12-22T09:32:54.546+0000] {logging_mixin.py:137} INFO - [2022-12-22T09:32:54.546+0000] {dag.py:3427} INFO - Setting next_dagrun for example_subdag_operator.section-2 to None, run_after=None
[2022-12-22T09:32:54.554+0000] {logging_mixin.py:137} INFO - [2022-12-22T09:32:54.554+0000] {dag.py:2676} INFO - Sync 2 DAGs
[2022-12-22T09:32:54.560+0000] {logging_mixin.py:137} INFO - [2022-12-22T09:32:54.559+0000] {dag.py:3427} INFO - Setting next_dagrun for example_subdag_operator.section-1 to None, run_after=None
[2022-12-22T09:32:54.564+0000] {logging_mixin.py:137} INFO - [2022-12-22T09:32:54.563+0000] {dag.py:3427} INFO - Setting next_dagrun for example_subdag_operator.section-2 to None, run_after=None
[2022-12-22T09:32:54.573+0000] {processor.py:175} INFO - Processing /home/airflow/.local/lib/python3.7/site-packages/airflow/example_dags/example_subdag_operator.py took 0.178 seconds
[2022-12-22T09:33:24.723+0000] {processor.py:153} INFO - Started process (PID=1485) to work on /home/airflow/.local/lib/python3.7/site-packages/airflow/example_dags/example_subdag_operator.py
[2022-12-22T09:33:24.726+0000] {processor.py:743} INFO - Processing file /home/airflow/.local/lib/python3.7/site-packages/airflow/example_dags/example_subdag_operator.py for tasks to queue
[2022-12-22T09:33:24.728+0000] {logging_mixin.py:137} INFO - [2022-12-22T09:33:24.728+0000] {dagbag.py:538} INFO - Filling up the DagBag from /home/airflow/.local/lib/python3.7/site-packages/airflow/example_dags/example_subdag_operator.py
[2022-12-22T09:33:24.770+0000] {processor.py:753} INFO - DAG(s) dict_keys(['example_subdag_operator.section-1', 'example_subdag_operator.section-2', 'example_subdag_operator']) retrieved from /home/airflow/.local/lib/python3.7/site-packages/airflow/example_dags/example_subdag_operator.py
[2022-12-22T09:33:24.798+0000] {logging_mixin.py:137} INFO - [2022-12-22T09:33:24.798+0000] {dag.py:2676} INFO - Sync 3 DAGs
[2022-12-22T09:33:24.857+0000] {logging_mixin.py:137} INFO - [2022-12-22T09:33:24.857+0000] {dag.py:3427} INFO - Setting next_dagrun for example_subdag_operator to 2022-01-01T00:00:00+00:00, run_after=2022-01-01T00:00:00+00:00
[2022-12-22T09:33:24.862+0000] {logging_mixin.py:137} INFO - [2022-12-22T09:33:24.862+0000] {dag.py:3427} INFO - Setting next_dagrun for example_subdag_operator.section-1 to None, run_after=None
[2022-12-22T09:33:24.864+0000] {logging_mixin.py:137} INFO - [2022-12-22T09:33:24.864+0000] {dag.py:3427} INFO - Setting next_dagrun for example_subdag_operator.section-2 to None, run_after=None
[2022-12-22T09:33:24.876+0000] {logging_mixin.py:137} INFO - [2022-12-22T09:33:24.876+0000] {dag.py:2676} INFO - Sync 2 DAGs
[2022-12-22T09:33:24.883+0000] {logging_mixin.py:137} INFO - [2022-12-22T09:33:24.883+0000] {dag.py:3427} INFO - Setting next_dagrun for example_subdag_operator.section-1 to None, run_after=None
[2022-12-22T09:33:24.884+0000] {logging_mixin.py:137} INFO - [2022-12-22T09:33:24.884+0000] {dag.py:3427} INFO - Setting next_dagrun for example_subdag_operator.section-2 to None, run_after=None
[2022-12-22T09:33:24.904+0000] {processor.py:175} INFO - Processing /home/airflow/.local/lib/python3.7/site-packages/airflow/example_dags/example_subdag_operator.py took 0.184 seconds
[2022-12-22T09:34:01.841+0000] {processor.py:153} INFO - Started process (PID=1547) to work on /home/airflow/.local/lib/python3.7/site-packages/airflow/example_dags/example_subdag_operator.py
[2022-12-22T09:34:01.851+0000] {processor.py:743} INFO - Processing file /home/airflow/.local/lib/python3.7/site-packages/airflow/example_dags/example_subdag_operator.py for tasks to queue
[2022-12-22T09:34:01.858+0000] {logging_mixin.py:137} INFO - [2022-12-22T09:34:01.857+0000] {dagbag.py:538} INFO - Filling up the DagBag from /home/airflow/.local/lib/python3.7/site-packages/airflow/example_dags/example_subdag_operator.py
[2022-12-22T09:34:02.022+0000] {processor.py:753} INFO - DAG(s) dict_keys(['example_subdag_operator.section-1', 'example_subdag_operator.section-2', 'example_subdag_operator']) retrieved from /home/airflow/.local/lib/python3.7/site-packages/airflow/example_dags/example_subdag_operator.py
[2022-12-22T09:34:02.130+0000] {logging_mixin.py:137} INFO - [2022-12-22T09:34:02.129+0000] {dag.py:2676} INFO - Sync 3 DAGs
[2022-12-22T09:34:02.266+0000] {logging_mixin.py:137} INFO - [2022-12-22T09:34:02.265+0000] {dag.py:3427} INFO - Setting next_dagrun for example_subdag_operator to 2022-01-01T00:00:00+00:00, run_after=2022-01-01T00:00:00+00:00
[2022-12-22T09:34:02.290+0000] {logging_mixin.py:137} INFO - [2022-12-22T09:34:02.289+0000] {dag.py:3427} INFO - Setting next_dagrun for example_subdag_operator.section-1 to None, run_after=None
[2022-12-22T09:34:02.301+0000] {logging_mixin.py:137} INFO - [2022-12-22T09:34:02.300+0000] {dag.py:3427} INFO - Setting next_dagrun for example_subdag_operator.section-2 to None, run_after=None
[2022-12-22T09:34:02.334+0000] {logging_mixin.py:137} INFO - [2022-12-22T09:34:02.333+0000] {dag.py:2676} INFO - Sync 2 DAGs
[2022-12-22T09:34:02.358+0000] {logging_mixin.py:137} INFO - [2022-12-22T09:34:02.357+0000] {dag.py:3427} INFO - Setting next_dagrun for example_subdag_operator.section-1 to None, run_after=None
[2022-12-22T09:34:02.363+0000] {logging_mixin.py:137} INFO - [2022-12-22T09:34:02.362+0000] {dag.py:3427} INFO - Setting next_dagrun for example_subdag_operator.section-2 to None, run_after=None
[2022-12-22T09:34:02.412+0000] {processor.py:175} INFO - Processing /home/airflow/.local/lib/python3.7/site-packages/airflow/example_dags/example_subdag_operator.py took 0.588 seconds
[2022-12-22T09:45:41.216+0000] {processor.py:153} INFO - Started process (PID=1670) to work on /home/airflow/.local/lib/python3.7/site-packages/airflow/example_dags/example_subdag_operator.py
[2022-12-22T09:45:43.762+0000] {processor.py:743} INFO - Processing file /home/airflow/.local/lib/python3.7/site-packages/airflow/example_dags/example_subdag_operator.py for tasks to queue
[2022-12-22T09:45:44.273+0000] {logging_mixin.py:137} INFO - [2022-12-22T09:45:44.109+0000] {dagbag.py:538} INFO - Filling up the DagBag from /home/airflow/.local/lib/python3.7/site-packages/airflow/example_dags/example_subdag_operator.py
[2022-12-22T09:46:33.926+0000] {logging_mixin.py:137} INFO - [2022-12-22T09:46:32.721+0000] {timeout.py:68} ERROR - Process timed out, PID: 1670
[2022-12-22T12:53:24.890+0000] {processor.py:153} INFO - Started process (PID=59) to work on /home/airflow/.local/lib/python3.7/site-packages/airflow/example_dags/example_subdag_operator.py
[2022-12-22T12:53:25.137+0000] {processor.py:743} INFO - Processing file /home/airflow/.local/lib/python3.7/site-packages/airflow/example_dags/example_subdag_operator.py for tasks to queue
[2022-12-22T12:53:25.208+0000] {logging_mixin.py:137} INFO - [2022-12-22T12:53:25.208+0000] {dagbag.py:538} INFO - Filling up the DagBag from /home/airflow/.local/lib/python3.7/site-packages/airflow/example_dags/example_subdag_operator.py
[2022-12-22T12:53:29.525+0000] {processor.py:753} INFO - DAG(s) dict_keys(['example_subdag_operator.section-1', 'example_subdag_operator.section-2', 'example_subdag_operator']) retrieved from /home/airflow/.local/lib/python3.7/site-packages/airflow/example_dags/example_subdag_operator.py
[2022-12-22T12:53:48.452+0000] {logging_mixin.py:137} INFO - [2022-12-22T12:53:48.447+0000] {dag.py:2676} INFO - Sync 3 DAGs
[2022-12-22T12:53:51.702+0000] {logging_mixin.py:137} INFO - [2022-12-22T12:53:51.398+0000] {dag.py:3427} INFO - Setting next_dagrun for example_subdag_operator to 2022-01-01T00:00:00+00:00, run_after=2022-01-01T00:00:00+00:00
[2022-12-22T12:53:52.327+0000] {logging_mixin.py:137} INFO - [2022-12-22T12:53:52.323+0000] {dag.py:3427} INFO - Setting next_dagrun for example_subdag_operator.section-1 to None, run_after=None
[2022-12-22T12:53:52.507+0000] {logging_mixin.py:137} INFO - [2022-12-22T12:53:52.506+0000] {dag.py:3427} INFO - Setting next_dagrun for example_subdag_operator.section-2 to None, run_after=None
[2022-12-22T12:53:52.665+0000] {logging_mixin.py:137} INFO - [2022-12-22T12:53:52.665+0000] {dag.py:2676} INFO - Sync 2 DAGs
[2022-12-22T12:53:52.763+0000] {logging_mixin.py:137} INFO - [2022-12-22T12:53:52.763+0000] {dag.py:3427} INFO - Setting next_dagrun for example_subdag_operator.section-1 to None, run_after=None
[2022-12-22T12:53:52.775+0000] {logging_mixin.py:137} INFO - [2022-12-22T12:53:52.775+0000] {dag.py:3427} INFO - Setting next_dagrun for example_subdag_operator.section-2 to None, run_after=None
[2022-12-22T12:53:52.992+0000] {processor.py:175} INFO - Processing /home/airflow/.local/lib/python3.7/site-packages/airflow/example_dags/example_subdag_operator.py took 27.895 seconds
[2022-12-22T13:29:16.309+0000] {processor.py:153} INFO - Started process (PID=56) to work on /home/airflow/.local/lib/python3.7/site-packages/airflow/example_dags/example_subdag_operator.py
[2022-12-22T13:29:16.312+0000] {processor.py:743} INFO - Processing file /home/airflow/.local/lib/python3.7/site-packages/airflow/example_dags/example_subdag_operator.py for tasks to queue
[2022-12-22T13:29:16.314+0000] {logging_mixin.py:137} INFO - [2022-12-22T13:29:16.314+0000] {dagbag.py:538} INFO - Filling up the DagBag from /home/airflow/.local/lib/python3.7/site-packages/airflow/example_dags/example_subdag_operator.py
[2022-12-22T13:29:16.355+0000] {processor.py:753} INFO - DAG(s) dict_keys(['example_subdag_operator.section-1', 'example_subdag_operator.section-2', 'example_subdag_operator']) retrieved from /home/airflow/.local/lib/python3.7/site-packages/airflow/example_dags/example_subdag_operator.py
[2022-12-22T13:29:16.394+0000] {logging_mixin.py:137} INFO - [2022-12-22T13:29:16.394+0000] {dag.py:2676} INFO - Sync 3 DAGs
[2022-12-22T13:29:16.563+0000] {logging_mixin.py:137} INFO - [2022-12-22T13:29:16.563+0000] {dag.py:3427} INFO - Setting next_dagrun for example_subdag_operator to 2022-01-01T00:00:00+00:00, run_after=2022-01-01T00:00:00+00:00
[2022-12-22T13:29:16.575+0000] {logging_mixin.py:137} INFO - [2022-12-22T13:29:16.575+0000] {dag.py:3427} INFO - Setting next_dagrun for example_subdag_operator.section-1 to None, run_after=None
[2022-12-22T13:29:16.581+0000] {logging_mixin.py:137} INFO - [2022-12-22T13:29:16.581+0000] {dag.py:3427} INFO - Setting next_dagrun for example_subdag_operator.section-2 to None, run_after=None
[2022-12-22T13:29:16.640+0000] {logging_mixin.py:137} INFO - [2022-12-22T13:29:16.640+0000] {dag.py:2676} INFO - Sync 2 DAGs
[2022-12-22T13:29:16.707+0000] {logging_mixin.py:137} INFO - [2022-12-22T13:29:16.704+0000] {dag.py:3427} INFO - Setting next_dagrun for example_subdag_operator.section-1 to None, run_after=None
[2022-12-22T13:29:16.729+0000] {logging_mixin.py:137} INFO - [2022-12-22T13:29:16.728+0000] {dag.py:3427} INFO - Setting next_dagrun for example_subdag_operator.section-2 to None, run_after=None
[2022-12-22T13:29:16.812+0000] {processor.py:175} INFO - Processing /home/airflow/.local/lib/python3.7/site-packages/airflow/example_dags/example_subdag_operator.py took 0.508 seconds
[2022-12-22T13:29:47.739+0000] {processor.py:153} INFO - Started process (PID=128) to work on /home/airflow/.local/lib/python3.7/site-packages/airflow/example_dags/example_subdag_operator.py
[2022-12-22T13:29:47.742+0000] {processor.py:743} INFO - Processing file /home/airflow/.local/lib/python3.7/site-packages/airflow/example_dags/example_subdag_operator.py for tasks to queue
[2022-12-22T13:29:47.744+0000] {logging_mixin.py:137} INFO - [2022-12-22T13:29:47.743+0000] {dagbag.py:538} INFO - Filling up the DagBag from /home/airflow/.local/lib/python3.7/site-packages/airflow/example_dags/example_subdag_operator.py
[2022-12-22T13:29:47.789+0000] {processor.py:753} INFO - DAG(s) dict_keys(['example_subdag_operator.section-1', 'example_subdag_operator.section-2', 'example_subdag_operator']) retrieved from /home/airflow/.local/lib/python3.7/site-packages/airflow/example_dags/example_subdag_operator.py
[2022-12-22T13:29:47.820+0000] {logging_mixin.py:137} INFO - [2022-12-22T13:29:47.820+0000] {dag.py:2676} INFO - Sync 3 DAGs
[2022-12-22T13:29:47.840+0000] {logging_mixin.py:137} INFO - [2022-12-22T13:29:47.840+0000] {dag.py:3427} INFO - Setting next_dagrun for example_subdag_operator to 2022-01-01T00:00:00+00:00, run_after=2022-01-01T00:00:00+00:00
[2022-12-22T13:29:47.843+0000] {logging_mixin.py:137} INFO - [2022-12-22T13:29:47.843+0000] {dag.py:3427} INFO - Setting next_dagrun for example_subdag_operator.section-1 to None, run_after=None
[2022-12-22T13:29:47.845+0000] {logging_mixin.py:137} INFO - [2022-12-22T13:29:47.845+0000] {dag.py:3427} INFO - Setting next_dagrun for example_subdag_operator.section-2 to None, run_after=None
[2022-12-22T13:29:47.853+0000] {logging_mixin.py:137} INFO - [2022-12-22T13:29:47.853+0000] {dag.py:2676} INFO - Sync 2 DAGs
[2022-12-22T13:29:47.860+0000] {logging_mixin.py:137} INFO - [2022-12-22T13:29:47.860+0000] {dag.py:3427} INFO - Setting next_dagrun for example_subdag_operator.section-1 to None, run_after=None
[2022-12-22T13:29:47.861+0000] {logging_mixin.py:137} INFO - [2022-12-22T13:29:47.861+0000] {dag.py:3427} INFO - Setting next_dagrun for example_subdag_operator.section-2 to None, run_after=None
[2022-12-22T13:29:47.870+0000] {processor.py:175} INFO - Processing /home/airflow/.local/lib/python3.7/site-packages/airflow/example_dags/example_subdag_operator.py took 0.137 seconds
[2022-12-22T13:30:18.128+0000] {processor.py:153} INFO - Started process (PID=194) to work on /home/airflow/.local/lib/python3.7/site-packages/airflow/example_dags/example_subdag_operator.py
[2022-12-22T13:30:18.133+0000] {processor.py:743} INFO - Processing file /home/airflow/.local/lib/python3.7/site-packages/airflow/example_dags/example_subdag_operator.py for tasks to queue
[2022-12-22T13:30:18.135+0000] {logging_mixin.py:137} INFO - [2022-12-22T13:30:18.135+0000] {dagbag.py:538} INFO - Filling up the DagBag from /home/airflow/.local/lib/python3.7/site-packages/airflow/example_dags/example_subdag_operator.py
[2022-12-22T13:30:18.175+0000] {processor.py:753} INFO - DAG(s) dict_keys(['example_subdag_operator.section-1', 'example_subdag_operator.section-2', 'example_subdag_operator']) retrieved from /home/airflow/.local/lib/python3.7/site-packages/airflow/example_dags/example_subdag_operator.py
[2022-12-22T13:30:18.209+0000] {logging_mixin.py:137} INFO - [2022-12-22T13:30:18.208+0000] {dag.py:2676} INFO - Sync 3 DAGs
[2022-12-22T13:30:18.227+0000] {logging_mixin.py:137} INFO - [2022-12-22T13:30:18.227+0000] {dag.py:3427} INFO - Setting next_dagrun for example_subdag_operator to 2022-01-01T00:00:00+00:00, run_after=2022-01-01T00:00:00+00:00
[2022-12-22T13:30:18.231+0000] {logging_mixin.py:137} INFO - [2022-12-22T13:30:18.231+0000] {dag.py:3427} INFO - Setting next_dagrun for example_subdag_operator.section-1 to None, run_after=None
[2022-12-22T13:30:18.234+0000] {logging_mixin.py:137} INFO - [2022-12-22T13:30:18.234+0000] {dag.py:3427} INFO - Setting next_dagrun for example_subdag_operator.section-2 to None, run_after=None
[2022-12-22T13:30:18.240+0000] {logging_mixin.py:137} INFO - [2022-12-22T13:30:18.240+0000] {dag.py:2676} INFO - Sync 2 DAGs
[2022-12-22T13:30:18.245+0000] {logging_mixin.py:137} INFO - [2022-12-22T13:30:18.244+0000] {dag.py:3427} INFO - Setting next_dagrun for example_subdag_operator.section-1 to None, run_after=None
[2022-12-22T13:30:18.246+0000] {logging_mixin.py:137} INFO - [2022-12-22T13:30:18.246+0000] {dag.py:3427} INFO - Setting next_dagrun for example_subdag_operator.section-2 to None, run_after=None
[2022-12-22T13:30:18.255+0000] {processor.py:175} INFO - Processing /home/airflow/.local/lib/python3.7/site-packages/airflow/example_dags/example_subdag_operator.py took 0.134 seconds
[2022-12-22T13:30:48.590+0000] {processor.py:153} INFO - Started process (PID=260) to work on /home/airflow/.local/lib/python3.7/site-packages/airflow/example_dags/example_subdag_operator.py
[2022-12-22T13:30:48.593+0000] {processor.py:743} INFO - Processing file /home/airflow/.local/lib/python3.7/site-packages/airflow/example_dags/example_subdag_operator.py for tasks to queue
[2022-12-22T13:30:48.594+0000] {logging_mixin.py:137} INFO - [2022-12-22T13:30:48.594+0000] {dagbag.py:538} INFO - Filling up the DagBag from /home/airflow/.local/lib/python3.7/site-packages/airflow/example_dags/example_subdag_operator.py
[2022-12-22T13:30:48.616+0000] {processor.py:753} INFO - DAG(s) dict_keys(['example_subdag_operator.section-1', 'example_subdag_operator.section-2', 'example_subdag_operator']) retrieved from /home/airflow/.local/lib/python3.7/site-packages/airflow/example_dags/example_subdag_operator.py
[2022-12-22T13:30:48.642+0000] {logging_mixin.py:137} INFO - [2022-12-22T13:30:48.641+0000] {dag.py:2676} INFO - Sync 3 DAGs
[2022-12-22T13:30:48.670+0000] {logging_mixin.py:137} INFO - [2022-12-22T13:30:48.670+0000] {dag.py:3427} INFO - Setting next_dagrun for example_subdag_operator to 2022-01-01T00:00:00+00:00, run_after=2022-01-01T00:00:00+00:00
[2022-12-22T13:30:48.674+0000] {logging_mixin.py:137} INFO - [2022-12-22T13:30:48.674+0000] {dag.py:3427} INFO - Setting next_dagrun for example_subdag_operator.section-1 to None, run_after=None
[2022-12-22T13:30:48.676+0000] {logging_mixin.py:137} INFO - [2022-12-22T13:30:48.676+0000] {dag.py:3427} INFO - Setting next_dagrun for example_subdag_operator.section-2 to None, run_after=None
[2022-12-22T13:30:48.685+0000] {logging_mixin.py:137} INFO - [2022-12-22T13:30:48.684+0000] {dag.py:2676} INFO - Sync 2 DAGs
[2022-12-22T13:30:48.689+0000] {logging_mixin.py:137} INFO - [2022-12-22T13:30:48.689+0000] {dag.py:3427} INFO - Setting next_dagrun for example_subdag_operator.section-1 to None, run_after=None
[2022-12-22T13:30:48.690+0000] {logging_mixin.py:137} INFO - [2022-12-22T13:30:48.690+0000] {dag.py:3427} INFO - Setting next_dagrun for example_subdag_operator.section-2 to None, run_after=None
[2022-12-22T13:30:48.698+0000] {processor.py:175} INFO - Processing /home/airflow/.local/lib/python3.7/site-packages/airflow/example_dags/example_subdag_operator.py took 0.110 seconds
[2022-12-22T13:31:18.800+0000] {processor.py:153} INFO - Started process (PID=332) to work on /home/airflow/.local/lib/python3.7/site-packages/airflow/example_dags/example_subdag_operator.py
[2022-12-22T13:31:18.802+0000] {processor.py:743} INFO - Processing file /home/airflow/.local/lib/python3.7/site-packages/airflow/example_dags/example_subdag_operator.py for tasks to queue
[2022-12-22T13:31:18.804+0000] {logging_mixin.py:137} INFO - [2022-12-22T13:31:18.804+0000] {dagbag.py:538} INFO - Filling up the DagBag from /home/airflow/.local/lib/python3.7/site-packages/airflow/example_dags/example_subdag_operator.py
[2022-12-22T13:31:18.826+0000] {processor.py:753} INFO - DAG(s) dict_keys(['example_subdag_operator.section-1', 'example_subdag_operator.section-2', 'example_subdag_operator']) retrieved from /home/airflow/.local/lib/python3.7/site-packages/airflow/example_dags/example_subdag_operator.py
[2022-12-22T13:31:18.846+0000] {logging_mixin.py:137} INFO - [2022-12-22T13:31:18.846+0000] {dag.py:2676} INFO - Sync 3 DAGs
[2022-12-22T13:31:18.862+0000] {logging_mixin.py:137} INFO - [2022-12-22T13:31:18.862+0000] {dag.py:3427} INFO - Setting next_dagrun for example_subdag_operator to 2022-01-01T00:00:00+00:00, run_after=2022-01-01T00:00:00+00:00
[2022-12-22T13:31:18.865+0000] {logging_mixin.py:137} INFO - [2022-12-22T13:31:18.865+0000] {dag.py:3427} INFO - Setting next_dagrun for example_subdag_operator.section-1 to None, run_after=None
[2022-12-22T13:31:18.867+0000] {logging_mixin.py:137} INFO - [2022-12-22T13:31:18.867+0000] {dag.py:3427} INFO - Setting next_dagrun for example_subdag_operator.section-2 to None, run_after=None
[2022-12-22T13:31:18.872+0000] {logging_mixin.py:137} INFO - [2022-12-22T13:31:18.872+0000] {dag.py:2676} INFO - Sync 2 DAGs
[2022-12-22T13:31:18.876+0000] {logging_mixin.py:137} INFO - [2022-12-22T13:31:18.876+0000] {dag.py:3427} INFO - Setting next_dagrun for example_subdag_operator.section-1 to None, run_after=None
[2022-12-22T13:31:18.877+0000] {logging_mixin.py:137} INFO - [2022-12-22T13:31:18.877+0000] {dag.py:3427} INFO - Setting next_dagrun for example_subdag_operator.section-2 to None, run_after=None
[2022-12-22T13:31:18.884+0000] {processor.py:175} INFO - Processing /home/airflow/.local/lib/python3.7/site-packages/airflow/example_dags/example_subdag_operator.py took 0.086 seconds
[2022-12-22T13:31:49.428+0000] {processor.py:153} INFO - Started process (PID=410) to work on /home/airflow/.local/lib/python3.7/site-packages/airflow/example_dags/example_subdag_operator.py
[2022-12-22T13:31:49.430+0000] {processor.py:743} INFO - Processing file /home/airflow/.local/lib/python3.7/site-packages/airflow/example_dags/example_subdag_operator.py for tasks to queue
[2022-12-22T13:31:49.431+0000] {logging_mixin.py:137} INFO - [2022-12-22T13:31:49.431+0000] {dagbag.py:538} INFO - Filling up the DagBag from /home/airflow/.local/lib/python3.7/site-packages/airflow/example_dags/example_subdag_operator.py
[2022-12-22T13:31:49.458+0000] {processor.py:753} INFO - DAG(s) dict_keys(['example_subdag_operator.section-1', 'example_subdag_operator.section-2', 'example_subdag_operator']) retrieved from /home/airflow/.local/lib/python3.7/site-packages/airflow/example_dags/example_subdag_operator.py
[2022-12-22T13:31:49.477+0000] {logging_mixin.py:137} INFO - [2022-12-22T13:31:49.477+0000] {dag.py:2676} INFO - Sync 3 DAGs
[2022-12-22T13:31:49.496+0000] {logging_mixin.py:137} INFO - [2022-12-22T13:31:49.495+0000] {dag.py:3427} INFO - Setting next_dagrun for example_subdag_operator to 2022-01-01T00:00:00+00:00, run_after=2022-01-01T00:00:00+00:00
[2022-12-22T13:31:49.499+0000] {logging_mixin.py:137} INFO - [2022-12-22T13:31:49.499+0000] {dag.py:3427} INFO - Setting next_dagrun for example_subdag_operator.section-1 to None, run_after=None
[2022-12-22T13:31:49.502+0000] {logging_mixin.py:137} INFO - [2022-12-22T13:31:49.502+0000] {dag.py:3427} INFO - Setting next_dagrun for example_subdag_operator.section-2 to None, run_after=None
[2022-12-22T13:31:49.512+0000] {logging_mixin.py:137} INFO - [2022-12-22T13:31:49.512+0000] {dag.py:2676} INFO - Sync 2 DAGs
[2022-12-22T13:31:49.517+0000] {logging_mixin.py:137} INFO - [2022-12-22T13:31:49.517+0000] {dag.py:3427} INFO - Setting next_dagrun for example_subdag_operator.section-1 to None, run_after=None
[2022-12-22T13:31:49.518+0000] {logging_mixin.py:137} INFO - [2022-12-22T13:31:49.518+0000] {dag.py:3427} INFO - Setting next_dagrun for example_subdag_operator.section-2 to None, run_after=None
[2022-12-22T13:31:49.530+0000] {processor.py:175} INFO - Processing /home/airflow/.local/lib/python3.7/site-packages/airflow/example_dags/example_subdag_operator.py took 0.105 seconds
