[2022-12-22T09:20:49.321+0000] {processor.py:153} INFO - Started process (PID=76) to work on /home/airflow/.local/lib/python3.7/site-packages/airflow/example_dags/example_nested_branch_dag.py
[2022-12-22T09:20:49.326+0000] {processor.py:743} INFO - Processing file /home/airflow/.local/lib/python3.7/site-packages/airflow/example_dags/example_nested_branch_dag.py for tasks to queue
[2022-12-22T09:20:49.336+0000] {logging_mixin.py:137} INFO - [2022-12-22T09:20:49.335+0000] {dagbag.py:538} INFO - Filling up the DagBag from /home/airflow/.local/lib/python3.7/site-packages/airflow/example_dags/example_nested_branch_dag.py
[2022-12-22T09:20:49.384+0000] {processor.py:753} INFO - DAG(s) dict_keys(['example_nested_branch_dag']) retrieved from /home/airflow/.local/lib/python3.7/site-packages/airflow/example_dags/example_nested_branch_dag.py
[2022-12-22T09:20:49.465+0000] {logging_mixin.py:137} INFO - [2022-12-22T09:20:49.465+0000] {dag.py:2676} INFO - Sync 1 DAGs
[2022-12-22T09:20:49.545+0000] {logging_mixin.py:137} INFO - [2022-12-22T09:20:49.544+0000] {dag.py:3427} INFO - Setting next_dagrun for example_nested_branch_dag to 2022-12-21T00:00:00+00:00, run_after=2022-12-22T00:00:00+00:00
[2022-12-22T09:20:49.591+0000] {processor.py:175} INFO - Processing /home/airflow/.local/lib/python3.7/site-packages/airflow/example_dags/example_nested_branch_dag.py took 0.278 seconds
[2022-12-22T09:21:19.891+0000] {processor.py:153} INFO - Started process (PID=138) to work on /home/airflow/.local/lib/python3.7/site-packages/airflow/example_dags/example_nested_branch_dag.py
[2022-12-22T09:21:19.897+0000] {processor.py:743} INFO - Processing file /home/airflow/.local/lib/python3.7/site-packages/airflow/example_dags/example_nested_branch_dag.py for tasks to queue
[2022-12-22T09:21:19.898+0000] {logging_mixin.py:137} INFO - [2022-12-22T09:21:19.898+0000] {dagbag.py:538} INFO - Filling up the DagBag from /home/airflow/.local/lib/python3.7/site-packages/airflow/example_dags/example_nested_branch_dag.py
[2022-12-22T09:21:19.928+0000] {processor.py:753} INFO - DAG(s) dict_keys(['example_nested_branch_dag']) retrieved from /home/airflow/.local/lib/python3.7/site-packages/airflow/example_dags/example_nested_branch_dag.py
[2022-12-22T09:21:20.015+0000] {logging_mixin.py:137} INFO - [2022-12-22T09:21:20.014+0000] {dag.py:2676} INFO - Sync 1 DAGs
[2022-12-22T09:21:20.047+0000] {logging_mixin.py:137} INFO - [2022-12-22T09:21:20.047+0000] {dag.py:3427} INFO - Setting next_dagrun for example_nested_branch_dag to 2022-12-21T00:00:00+00:00, run_after=2022-12-22T00:00:00+00:00
[2022-12-22T09:21:20.097+0000] {processor.py:175} INFO - Processing /home/airflow/.local/lib/python3.7/site-packages/airflow/example_dags/example_nested_branch_dag.py took 0.211 seconds
[2022-12-22T09:22:07.905+0000] {processor.py:153} INFO - Started process (PID=213) to work on /home/airflow/.local/lib/python3.7/site-packages/airflow/example_dags/example_nested_branch_dag.py
[2022-12-22T09:22:07.911+0000] {processor.py:743} INFO - Processing file /home/airflow/.local/lib/python3.7/site-packages/airflow/example_dags/example_nested_branch_dag.py for tasks to queue
[2022-12-22T09:22:07.926+0000] {logging_mixin.py:137} INFO - [2022-12-22T09:22:07.926+0000] {dagbag.py:538} INFO - Filling up the DagBag from /home/airflow/.local/lib/python3.7/site-packages/airflow/example_dags/example_nested_branch_dag.py
[2022-12-22T09:22:08.005+0000] {processor.py:753} INFO - DAG(s) dict_keys(['example_nested_branch_dag']) retrieved from /home/airflow/.local/lib/python3.7/site-packages/airflow/example_dags/example_nested_branch_dag.py
[2022-12-22T09:22:08.058+0000] {logging_mixin.py:137} INFO - [2022-12-22T09:22:08.058+0000] {dag.py:2676} INFO - Sync 1 DAGs
[2022-12-22T09:22:08.080+0000] {logging_mixin.py:137} INFO - [2022-12-22T09:22:08.079+0000] {dag.py:3427} INFO - Setting next_dagrun for example_nested_branch_dag to 2022-12-21T00:00:00+00:00, run_after=2022-12-22T00:00:00+00:00
[2022-12-22T09:22:08.103+0000] {processor.py:175} INFO - Processing /home/airflow/.local/lib/python3.7/site-packages/airflow/example_dags/example_nested_branch_dag.py took 0.227 seconds
[2022-12-22T09:22:40.913+0000] {processor.py:153} INFO - Started process (PID=288) to work on /home/airflow/.local/lib/python3.7/site-packages/airflow/example_dags/example_nested_branch_dag.py
[2022-12-22T09:22:41.098+0000] {processor.py:743} INFO - Processing file /home/airflow/.local/lib/python3.7/site-packages/airflow/example_dags/example_nested_branch_dag.py for tasks to queue
[2022-12-22T09:22:41.105+0000] {logging_mixin.py:137} INFO - [2022-12-22T09:22:41.105+0000] {dagbag.py:538} INFO - Filling up the DagBag from /home/airflow/.local/lib/python3.7/site-packages/airflow/example_dags/example_nested_branch_dag.py
[2022-12-22T09:22:41.192+0000] {processor.py:753} INFO - DAG(s) dict_keys(['example_nested_branch_dag']) retrieved from /home/airflow/.local/lib/python3.7/site-packages/airflow/example_dags/example_nested_branch_dag.py
[2022-12-22T09:22:41.392+0000] {logging_mixin.py:137} INFO - [2022-12-22T09:22:41.391+0000] {dag.py:2676} INFO - Sync 1 DAGs
[2022-12-22T09:22:41.599+0000] {logging_mixin.py:137} INFO - [2022-12-22T09:22:41.598+0000] {dag.py:3427} INFO - Setting next_dagrun for example_nested_branch_dag to 2022-12-21T00:00:00+00:00, run_after=2022-12-22T00:00:00+00:00
[2022-12-22T09:22:41.666+0000] {processor.py:175} INFO - Processing /home/airflow/.local/lib/python3.7/site-packages/airflow/example_dags/example_nested_branch_dag.py took 0.762 seconds
[2022-12-22T09:23:11.898+0000] {processor.py:153} INFO - Started process (PID=350) to work on /home/airflow/.local/lib/python3.7/site-packages/airflow/example_dags/example_nested_branch_dag.py
[2022-12-22T09:23:11.900+0000] {processor.py:743} INFO - Processing file /home/airflow/.local/lib/python3.7/site-packages/airflow/example_dags/example_nested_branch_dag.py for tasks to queue
[2022-12-22T09:23:11.903+0000] {logging_mixin.py:137} INFO - [2022-12-22T09:23:11.902+0000] {dagbag.py:538} INFO - Filling up the DagBag from /home/airflow/.local/lib/python3.7/site-packages/airflow/example_dags/example_nested_branch_dag.py
[2022-12-22T09:23:11.941+0000] {processor.py:753} INFO - DAG(s) dict_keys(['example_nested_branch_dag']) retrieved from /home/airflow/.local/lib/python3.7/site-packages/airflow/example_dags/example_nested_branch_dag.py
[2022-12-22T09:23:11.997+0000] {logging_mixin.py:137} INFO - [2022-12-22T09:23:11.997+0000] {dag.py:2676} INFO - Sync 1 DAGs
[2022-12-22T09:23:12.055+0000] {logging_mixin.py:137} INFO - [2022-12-22T09:23:12.054+0000] {dag.py:3427} INFO - Setting next_dagrun for example_nested_branch_dag to 2022-12-21T00:00:00+00:00, run_after=2022-12-22T00:00:00+00:00
[2022-12-22T09:23:12.082+0000] {processor.py:175} INFO - Processing /home/airflow/.local/lib/python3.7/site-packages/airflow/example_dags/example_nested_branch_dag.py took 0.192 seconds
[2022-12-22T09:23:42.494+0000] {processor.py:153} INFO - Started process (PID=413) to work on /home/airflow/.local/lib/python3.7/site-packages/airflow/example_dags/example_nested_branch_dag.py
[2022-12-22T09:23:42.500+0000] {processor.py:743} INFO - Processing file /home/airflow/.local/lib/python3.7/site-packages/airflow/example_dags/example_nested_branch_dag.py for tasks to queue
[2022-12-22T09:23:42.502+0000] {logging_mixin.py:137} INFO - [2022-12-22T09:23:42.502+0000] {dagbag.py:538} INFO - Filling up the DagBag from /home/airflow/.local/lib/python3.7/site-packages/airflow/example_dags/example_nested_branch_dag.py
[2022-12-22T09:23:42.561+0000] {processor.py:753} INFO - DAG(s) dict_keys(['example_nested_branch_dag']) retrieved from /home/airflow/.local/lib/python3.7/site-packages/airflow/example_dags/example_nested_branch_dag.py
[2022-12-22T09:23:42.640+0000] {logging_mixin.py:137} INFO - [2022-12-22T09:23:42.639+0000] {dag.py:2676} INFO - Sync 1 DAGs
[2022-12-22T09:23:42.687+0000] {logging_mixin.py:137} INFO - [2022-12-22T09:23:42.687+0000] {dag.py:3427} INFO - Setting next_dagrun for example_nested_branch_dag to 2022-12-21T00:00:00+00:00, run_after=2022-12-22T00:00:00+00:00
[2022-12-22T09:23:42.719+0000] {processor.py:175} INFO - Processing /home/airflow/.local/lib/python3.7/site-packages/airflow/example_dags/example_nested_branch_dag.py took 0.231 seconds
[2022-12-22T09:24:14.423+0000] {processor.py:153} INFO - Started process (PID=476) to work on /home/airflow/.local/lib/python3.7/site-packages/airflow/example_dags/example_nested_branch_dag.py
[2022-12-22T09:24:14.430+0000] {processor.py:743} INFO - Processing file /home/airflow/.local/lib/python3.7/site-packages/airflow/example_dags/example_nested_branch_dag.py for tasks to queue
[2022-12-22T09:24:14.431+0000] {logging_mixin.py:137} INFO - [2022-12-22T09:24:14.430+0000] {dagbag.py:538} INFO - Filling up the DagBag from /home/airflow/.local/lib/python3.7/site-packages/airflow/example_dags/example_nested_branch_dag.py
[2022-12-22T09:24:14.453+0000] {processor.py:753} INFO - DAG(s) dict_keys(['example_nested_branch_dag']) retrieved from /home/airflow/.local/lib/python3.7/site-packages/airflow/example_dags/example_nested_branch_dag.py
[2022-12-22T09:24:14.495+0000] {logging_mixin.py:137} INFO - [2022-12-22T09:24:14.495+0000] {dag.py:2676} INFO - Sync 1 DAGs
[2022-12-22T09:24:14.526+0000] {logging_mixin.py:137} INFO - [2022-12-22T09:24:14.526+0000] {dag.py:3427} INFO - Setting next_dagrun for example_nested_branch_dag to 2022-12-21T00:00:00+00:00, run_after=2022-12-22T00:00:00+00:00
[2022-12-22T09:24:14.545+0000] {processor.py:175} INFO - Processing /home/airflow/.local/lib/python3.7/site-packages/airflow/example_dags/example_nested_branch_dag.py took 0.126 seconds
[2022-12-22T09:24:44.971+0000] {processor.py:153} INFO - Started process (PID=538) to work on /home/airflow/.local/lib/python3.7/site-packages/airflow/example_dags/example_nested_branch_dag.py
[2022-12-22T09:24:44.973+0000] {processor.py:743} INFO - Processing file /home/airflow/.local/lib/python3.7/site-packages/airflow/example_dags/example_nested_branch_dag.py for tasks to queue
[2022-12-22T09:24:44.976+0000] {logging_mixin.py:137} INFO - [2022-12-22T09:24:44.976+0000] {dagbag.py:538} INFO - Filling up the DagBag from /home/airflow/.local/lib/python3.7/site-packages/airflow/example_dags/example_nested_branch_dag.py
[2022-12-22T09:24:44.997+0000] {processor.py:753} INFO - DAG(s) dict_keys(['example_nested_branch_dag']) retrieved from /home/airflow/.local/lib/python3.7/site-packages/airflow/example_dags/example_nested_branch_dag.py
[2022-12-22T09:24:45.029+0000] {logging_mixin.py:137} INFO - [2022-12-22T09:24:45.029+0000] {dag.py:2676} INFO - Sync 1 DAGs
[2022-12-22T09:24:45.049+0000] {logging_mixin.py:137} INFO - [2022-12-22T09:24:45.049+0000] {dag.py:3427} INFO - Setting next_dagrun for example_nested_branch_dag to 2022-12-21T00:00:00+00:00, run_after=2022-12-22T00:00:00+00:00
[2022-12-22T09:24:45.062+0000] {processor.py:175} INFO - Processing /home/airflow/.local/lib/python3.7/site-packages/airflow/example_dags/example_nested_branch_dag.py took 0.093 seconds
[2022-12-22T09:25:15.278+0000] {processor.py:153} INFO - Started process (PID=602) to work on /home/airflow/.local/lib/python3.7/site-packages/airflow/example_dags/example_nested_branch_dag.py
[2022-12-22T09:25:15.284+0000] {processor.py:743} INFO - Processing file /home/airflow/.local/lib/python3.7/site-packages/airflow/example_dags/example_nested_branch_dag.py for tasks to queue
[2022-12-22T09:25:15.289+0000] {logging_mixin.py:137} INFO - [2022-12-22T09:25:15.288+0000] {dagbag.py:538} INFO - Filling up the DagBag from /home/airflow/.local/lib/python3.7/site-packages/airflow/example_dags/example_nested_branch_dag.py
[2022-12-22T09:25:15.317+0000] {processor.py:753} INFO - DAG(s) dict_keys(['example_nested_branch_dag']) retrieved from /home/airflow/.local/lib/python3.7/site-packages/airflow/example_dags/example_nested_branch_dag.py
[2022-12-22T09:25:15.370+0000] {logging_mixin.py:137} INFO - [2022-12-22T09:25:15.369+0000] {dag.py:2676} INFO - Sync 1 DAGs
[2022-12-22T09:25:15.406+0000] {logging_mixin.py:137} INFO - [2022-12-22T09:25:15.406+0000] {dag.py:3427} INFO - Setting next_dagrun for example_nested_branch_dag to 2022-12-21T00:00:00+00:00, run_after=2022-12-22T00:00:00+00:00
[2022-12-22T09:25:15.436+0000] {processor.py:175} INFO - Processing /home/airflow/.local/lib/python3.7/site-packages/airflow/example_dags/example_nested_branch_dag.py took 0.163 seconds
[2022-12-22T09:25:46.455+0000] {processor.py:153} INFO - Started process (PID=664) to work on /home/airflow/.local/lib/python3.7/site-packages/airflow/example_dags/example_nested_branch_dag.py
[2022-12-22T09:25:46.473+0000] {processor.py:743} INFO - Processing file /home/airflow/.local/lib/python3.7/site-packages/airflow/example_dags/example_nested_branch_dag.py for tasks to queue
[2022-12-22T09:25:46.474+0000] {logging_mixin.py:137} INFO - [2022-12-22T09:25:46.474+0000] {dagbag.py:538} INFO - Filling up the DagBag from /home/airflow/.local/lib/python3.7/site-packages/airflow/example_dags/example_nested_branch_dag.py
[2022-12-22T09:25:46.495+0000] {processor.py:753} INFO - DAG(s) dict_keys(['example_nested_branch_dag']) retrieved from /home/airflow/.local/lib/python3.7/site-packages/airflow/example_dags/example_nested_branch_dag.py
[2022-12-22T09:25:46.540+0000] {logging_mixin.py:137} INFO - [2022-12-22T09:25:46.540+0000] {dag.py:2676} INFO - Sync 1 DAGs
[2022-12-22T09:25:46.557+0000] {logging_mixin.py:137} INFO - [2022-12-22T09:25:46.557+0000] {dag.py:3427} INFO - Setting next_dagrun for example_nested_branch_dag to 2022-12-21T00:00:00+00:00, run_after=2022-12-22T00:00:00+00:00
[2022-12-22T09:25:46.571+0000] {processor.py:175} INFO - Processing /home/airflow/.local/lib/python3.7/site-packages/airflow/example_dags/example_nested_branch_dag.py took 0.118 seconds
[2022-12-22T09:26:20.156+0000] {processor.py:153} INFO - Started process (PID=740) to work on /home/airflow/.local/lib/python3.7/site-packages/airflow/example_dags/example_nested_branch_dag.py
[2022-12-22T09:26:20.162+0000] {processor.py:743} INFO - Processing file /home/airflow/.local/lib/python3.7/site-packages/airflow/example_dags/example_nested_branch_dag.py for tasks to queue
[2022-12-22T09:26:20.169+0000] {logging_mixin.py:137} INFO - [2022-12-22T09:26:20.169+0000] {dagbag.py:538} INFO - Filling up the DagBag from /home/airflow/.local/lib/python3.7/site-packages/airflow/example_dags/example_nested_branch_dag.py
[2022-12-22T09:26:20.226+0000] {processor.py:753} INFO - DAG(s) dict_keys(['example_nested_branch_dag']) retrieved from /home/airflow/.local/lib/python3.7/site-packages/airflow/example_dags/example_nested_branch_dag.py
[2022-12-22T09:26:20.371+0000] {logging_mixin.py:137} INFO - [2022-12-22T09:26:20.371+0000] {dag.py:2676} INFO - Sync 1 DAGs
[2022-12-22T09:26:20.419+0000] {logging_mixin.py:137} INFO - [2022-12-22T09:26:20.418+0000] {dag.py:3427} INFO - Setting next_dagrun for example_nested_branch_dag to 2022-12-21T00:00:00+00:00, run_after=2022-12-22T00:00:00+00:00
[2022-12-22T09:26:20.476+0000] {processor.py:175} INFO - Processing /home/airflow/.local/lib/python3.7/site-packages/airflow/example_dags/example_nested_branch_dag.py took 0.326 seconds
[2022-12-22T09:27:40.576+0000] {processor.py:153} INFO - Started process (PID=802) to work on /home/airflow/.local/lib/python3.7/site-packages/airflow/example_dags/example_nested_branch_dag.py
[2022-12-22T09:27:40.581+0000] {processor.py:743} INFO - Processing file /home/airflow/.local/lib/python3.7/site-packages/airflow/example_dags/example_nested_branch_dag.py for tasks to queue
[2022-12-22T09:27:40.589+0000] {logging_mixin.py:137} INFO - [2022-12-22T09:27:40.588+0000] {dagbag.py:538} INFO - Filling up the DagBag from /home/airflow/.local/lib/python3.7/site-packages/airflow/example_dags/example_nested_branch_dag.py
[2022-12-22T09:27:40.671+0000] {processor.py:753} INFO - DAG(s) dict_keys(['example_nested_branch_dag']) retrieved from /home/airflow/.local/lib/python3.7/site-packages/airflow/example_dags/example_nested_branch_dag.py
[2022-12-22T09:27:40.784+0000] {logging_mixin.py:137} INFO - [2022-12-22T09:27:40.784+0000] {dag.py:2676} INFO - Sync 1 DAGs
[2022-12-22T09:27:40.817+0000] {logging_mixin.py:137} INFO - [2022-12-22T09:27:40.817+0000] {dag.py:3427} INFO - Setting next_dagrun for example_nested_branch_dag to 2022-12-21T00:00:00+00:00, run_after=2022-12-22T00:00:00+00:00
[2022-12-22T09:27:40.838+0000] {processor.py:175} INFO - Processing /home/airflow/.local/lib/python3.7/site-packages/airflow/example_dags/example_nested_branch_dag.py took 0.268 seconds
[2022-12-22T09:28:11.647+0000] {processor.py:153} INFO - Started process (PID=873) to work on /home/airflow/.local/lib/python3.7/site-packages/airflow/example_dags/example_nested_branch_dag.py
[2022-12-22T09:28:11.684+0000] {processor.py:743} INFO - Processing file /home/airflow/.local/lib/python3.7/site-packages/airflow/example_dags/example_nested_branch_dag.py for tasks to queue
[2022-12-22T09:28:11.710+0000] {logging_mixin.py:137} INFO - [2022-12-22T09:28:11.709+0000] {dagbag.py:538} INFO - Filling up the DagBag from /home/airflow/.local/lib/python3.7/site-packages/airflow/example_dags/example_nested_branch_dag.py
[2022-12-22T09:28:11.830+0000] {processor.py:753} INFO - DAG(s) dict_keys(['example_nested_branch_dag']) retrieved from /home/airflow/.local/lib/python3.7/site-packages/airflow/example_dags/example_nested_branch_dag.py
[2022-12-22T09:28:12.834+0000] {logging_mixin.py:137} INFO - [2022-12-22T09:28:12.833+0000] {dag.py:2676} INFO - Sync 1 DAGs
[2022-12-22T09:28:13.195+0000] {logging_mixin.py:137} INFO - [2022-12-22T09:28:13.192+0000] {dag.py:3427} INFO - Setting next_dagrun for example_nested_branch_dag to 2022-12-21T00:00:00+00:00, run_after=2022-12-22T00:00:00+00:00
[2022-12-22T09:28:13.394+0000] {processor.py:175} INFO - Processing /home/airflow/.local/lib/python3.7/site-packages/airflow/example_dags/example_nested_branch_dag.py took 1.755 seconds
[2022-12-22T09:28:45.338+0000] {processor.py:153} INFO - Started process (PID=939) to work on /home/airflow/.local/lib/python3.7/site-packages/airflow/example_dags/example_nested_branch_dag.py
[2022-12-22T09:28:45.346+0000] {processor.py:743} INFO - Processing file /home/airflow/.local/lib/python3.7/site-packages/airflow/example_dags/example_nested_branch_dag.py for tasks to queue
[2022-12-22T09:28:45.354+0000] {logging_mixin.py:137} INFO - [2022-12-22T09:28:45.353+0000] {dagbag.py:538} INFO - Filling up the DagBag from /home/airflow/.local/lib/python3.7/site-packages/airflow/example_dags/example_nested_branch_dag.py
[2022-12-22T09:28:45.554+0000] {processor.py:753} INFO - DAG(s) dict_keys(['example_nested_branch_dag']) retrieved from /home/airflow/.local/lib/python3.7/site-packages/airflow/example_dags/example_nested_branch_dag.py
[2022-12-22T09:28:45.920+0000] {logging_mixin.py:137} INFO - [2022-12-22T09:28:45.919+0000] {dag.py:2676} INFO - Sync 1 DAGs
[2022-12-22T09:28:46.033+0000] {logging_mixin.py:137} INFO - [2022-12-22T09:28:46.033+0000] {dag.py:3427} INFO - Setting next_dagrun for example_nested_branch_dag to 2022-12-21T00:00:00+00:00, run_after=2022-12-22T00:00:00+00:00
[2022-12-22T09:28:46.095+0000] {processor.py:175} INFO - Processing /home/airflow/.local/lib/python3.7/site-packages/airflow/example_dags/example_nested_branch_dag.py took 0.812 seconds
[2022-12-22T09:29:16.499+0000] {processor.py:153} INFO - Started process (PID=990) to work on /home/airflow/.local/lib/python3.7/site-packages/airflow/example_dags/example_nested_branch_dag.py
[2022-12-22T09:29:16.522+0000] {processor.py:743} INFO - Processing file /home/airflow/.local/lib/python3.7/site-packages/airflow/example_dags/example_nested_branch_dag.py for tasks to queue
[2022-12-22T09:29:16.529+0000] {logging_mixin.py:137} INFO - [2022-12-22T09:29:16.529+0000] {dagbag.py:538} INFO - Filling up the DagBag from /home/airflow/.local/lib/python3.7/site-packages/airflow/example_dags/example_nested_branch_dag.py
[2022-12-22T09:29:16.578+0000] {processor.py:753} INFO - DAG(s) dict_keys(['example_nested_branch_dag']) retrieved from /home/airflow/.local/lib/python3.7/site-packages/airflow/example_dags/example_nested_branch_dag.py
[2022-12-22T09:29:16.676+0000] {logging_mixin.py:137} INFO - [2022-12-22T09:29:16.675+0000] {dag.py:2676} INFO - Sync 1 DAGs
[2022-12-22T09:29:16.709+0000] {logging_mixin.py:137} INFO - [2022-12-22T09:29:16.709+0000] {dag.py:3427} INFO - Setting next_dagrun for example_nested_branch_dag to 2022-12-21T00:00:00+00:00, run_after=2022-12-22T00:00:00+00:00
[2022-12-22T09:29:16.745+0000] {processor.py:175} INFO - Processing /home/airflow/.local/lib/python3.7/site-packages/airflow/example_dags/example_nested_branch_dag.py took 0.256 seconds
[2022-12-22T09:29:47.706+0000] {processor.py:153} INFO - Started process (PID=1053) to work on /home/airflow/.local/lib/python3.7/site-packages/airflow/example_dags/example_nested_branch_dag.py
[2022-12-22T09:29:47.710+0000] {processor.py:743} INFO - Processing file /home/airflow/.local/lib/python3.7/site-packages/airflow/example_dags/example_nested_branch_dag.py for tasks to queue
[2022-12-22T09:29:47.713+0000] {logging_mixin.py:137} INFO - [2022-12-22T09:29:47.712+0000] {dagbag.py:538} INFO - Filling up the DagBag from /home/airflow/.local/lib/python3.7/site-packages/airflow/example_dags/example_nested_branch_dag.py
[2022-12-22T09:29:47.766+0000] {processor.py:753} INFO - DAG(s) dict_keys(['example_nested_branch_dag']) retrieved from /home/airflow/.local/lib/python3.7/site-packages/airflow/example_dags/example_nested_branch_dag.py
[2022-12-22T09:29:47.860+0000] {logging_mixin.py:137} INFO - [2022-12-22T09:29:47.860+0000] {dag.py:2676} INFO - Sync 1 DAGs
[2022-12-22T09:29:47.894+0000] {logging_mixin.py:137} INFO - [2022-12-22T09:29:47.894+0000] {dag.py:3427} INFO - Setting next_dagrun for example_nested_branch_dag to 2022-12-21T00:00:00+00:00, run_after=2022-12-22T00:00:00+00:00
[2022-12-22T09:29:47.920+0000] {processor.py:175} INFO - Processing /home/airflow/.local/lib/python3.7/site-packages/airflow/example_dags/example_nested_branch_dag.py took 0.224 seconds
[2022-12-22T09:30:18.236+0000] {processor.py:153} INFO - Started process (PID=1116) to work on /home/airflow/.local/lib/python3.7/site-packages/airflow/example_dags/example_nested_branch_dag.py
[2022-12-22T09:30:18.238+0000] {processor.py:743} INFO - Processing file /home/airflow/.local/lib/python3.7/site-packages/airflow/example_dags/example_nested_branch_dag.py for tasks to queue
[2022-12-22T09:30:18.240+0000] {logging_mixin.py:137} INFO - [2022-12-22T09:30:18.239+0000] {dagbag.py:538} INFO - Filling up the DagBag from /home/airflow/.local/lib/python3.7/site-packages/airflow/example_dags/example_nested_branch_dag.py
[2022-12-22T09:30:18.285+0000] {processor.py:753} INFO - DAG(s) dict_keys(['example_nested_branch_dag']) retrieved from /home/airflow/.local/lib/python3.7/site-packages/airflow/example_dags/example_nested_branch_dag.py
[2022-12-22T09:30:18.348+0000] {logging_mixin.py:137} INFO - [2022-12-22T09:30:18.348+0000] {dag.py:2676} INFO - Sync 1 DAGs
[2022-12-22T09:30:18.375+0000] {logging_mixin.py:137} INFO - [2022-12-22T09:30:18.375+0000] {dag.py:3427} INFO - Setting next_dagrun for example_nested_branch_dag to 2022-12-21T00:00:00+00:00, run_after=2022-12-22T00:00:00+00:00
[2022-12-22T09:30:18.393+0000] {processor.py:175} INFO - Processing /home/airflow/.local/lib/python3.7/site-packages/airflow/example_dags/example_nested_branch_dag.py took 0.161 seconds
[2022-12-22T09:30:51.044+0000] {processor.py:153} INFO - Started process (PID=1178) to work on /home/airflow/.local/lib/python3.7/site-packages/airflow/example_dags/example_nested_branch_dag.py
[2022-12-22T09:30:51.118+0000] {processor.py:743} INFO - Processing file /home/airflow/.local/lib/python3.7/site-packages/airflow/example_dags/example_nested_branch_dag.py for tasks to queue
[2022-12-22T09:30:51.144+0000] {logging_mixin.py:137} INFO - [2022-12-22T09:30:51.144+0000] {dagbag.py:538} INFO - Filling up the DagBag from /home/airflow/.local/lib/python3.7/site-packages/airflow/example_dags/example_nested_branch_dag.py
[2022-12-22T09:30:51.166+0000] {processor.py:753} INFO - DAG(s) dict_keys(['example_nested_branch_dag']) retrieved from /home/airflow/.local/lib/python3.7/site-packages/airflow/example_dags/example_nested_branch_dag.py
[2022-12-22T09:30:51.201+0000] {logging_mixin.py:137} INFO - [2022-12-22T09:30:51.201+0000] {dag.py:2676} INFO - Sync 1 DAGs
[2022-12-22T09:30:51.228+0000] {logging_mixin.py:137} INFO - [2022-12-22T09:30:51.228+0000] {dag.py:3427} INFO - Setting next_dagrun for example_nested_branch_dag to 2022-12-21T00:00:00+00:00, run_after=2022-12-22T00:00:00+00:00
[2022-12-22T09:30:51.266+0000] {processor.py:175} INFO - Processing /home/airflow/.local/lib/python3.7/site-packages/airflow/example_dags/example_nested_branch_dag.py took 0.226 seconds
[2022-12-22T09:31:30.266+0000] {processor.py:153} INFO - Started process (PID=1241) to work on /home/airflow/.local/lib/python3.7/site-packages/airflow/example_dags/example_nested_branch_dag.py
[2022-12-22T09:31:30.308+0000] {processor.py:743} INFO - Processing file /home/airflow/.local/lib/python3.7/site-packages/airflow/example_dags/example_nested_branch_dag.py for tasks to queue
[2022-12-22T09:31:30.319+0000] {logging_mixin.py:137} INFO - [2022-12-22T09:31:30.319+0000] {dagbag.py:538} INFO - Filling up the DagBag from /home/airflow/.local/lib/python3.7/site-packages/airflow/example_dags/example_nested_branch_dag.py
[2022-12-22T09:31:30.372+0000] {processor.py:753} INFO - DAG(s) dict_keys(['example_nested_branch_dag']) retrieved from /home/airflow/.local/lib/python3.7/site-packages/airflow/example_dags/example_nested_branch_dag.py
[2022-12-22T09:31:30.441+0000] {logging_mixin.py:137} INFO - [2022-12-22T09:31:30.440+0000] {dag.py:2676} INFO - Sync 1 DAGs
[2022-12-22T09:31:30.481+0000] {logging_mixin.py:137} INFO - [2022-12-22T09:31:30.481+0000] {dag.py:3427} INFO - Setting next_dagrun for example_nested_branch_dag to 2022-12-21T00:00:00+00:00, run_after=2022-12-22T00:00:00+00:00
[2022-12-22T09:31:30.529+0000] {processor.py:175} INFO - Processing /home/airflow/.local/lib/python3.7/site-packages/airflow/example_dags/example_nested_branch_dag.py took 0.269 seconds
[2022-12-22T09:32:00.811+0000] {processor.py:153} INFO - Started process (PID=1303) to work on /home/airflow/.local/lib/python3.7/site-packages/airflow/example_dags/example_nested_branch_dag.py
[2022-12-22T09:32:01.079+0000] {processor.py:743} INFO - Processing file /home/airflow/.local/lib/python3.7/site-packages/airflow/example_dags/example_nested_branch_dag.py for tasks to queue
[2022-12-22T09:32:01.104+0000] {logging_mixin.py:137} INFO - [2022-12-22T09:32:01.104+0000] {dagbag.py:538} INFO - Filling up the DagBag from /home/airflow/.local/lib/python3.7/site-packages/airflow/example_dags/example_nested_branch_dag.py
[2022-12-22T09:32:01.477+0000] {processor.py:753} INFO - DAG(s) dict_keys(['example_nested_branch_dag']) retrieved from /home/airflow/.local/lib/python3.7/site-packages/airflow/example_dags/example_nested_branch_dag.py
[2022-12-22T09:32:01.907+0000] {logging_mixin.py:137} INFO - [2022-12-22T09:32:01.899+0000] {dag.py:2676} INFO - Sync 1 DAGs
[2022-12-22T09:32:01.990+0000] {logging_mixin.py:137} INFO - [2022-12-22T09:32:01.989+0000] {dag.py:3427} INFO - Setting next_dagrun for example_nested_branch_dag to 2022-12-21T00:00:00+00:00, run_after=2022-12-22T00:00:00+00:00
[2022-12-22T09:32:03.006+0000] {processor.py:175} INFO - Processing /home/airflow/.local/lib/python3.7/site-packages/airflow/example_dags/example_nested_branch_dag.py took 2.242 seconds
[2022-12-22T09:32:36.362+0000] {processor.py:153} INFO - Started process (PID=1374) to work on /home/airflow/.local/lib/python3.7/site-packages/airflow/example_dags/example_nested_branch_dag.py
[2022-12-22T09:32:36.389+0000] {processor.py:743} INFO - Processing file /home/airflow/.local/lib/python3.7/site-packages/airflow/example_dags/example_nested_branch_dag.py for tasks to queue
[2022-12-22T09:32:36.395+0000] {logging_mixin.py:137} INFO - [2022-12-22T09:32:36.395+0000] {dagbag.py:538} INFO - Filling up the DagBag from /home/airflow/.local/lib/python3.7/site-packages/airflow/example_dags/example_nested_branch_dag.py
[2022-12-22T09:32:36.509+0000] {processor.py:753} INFO - DAG(s) dict_keys(['example_nested_branch_dag']) retrieved from /home/airflow/.local/lib/python3.7/site-packages/airflow/example_dags/example_nested_branch_dag.py
[2022-12-22T09:32:36.622+0000] {logging_mixin.py:137} INFO - [2022-12-22T09:32:36.622+0000] {dag.py:2676} INFO - Sync 1 DAGs
[2022-12-22T09:32:36.677+0000] {logging_mixin.py:137} INFO - [2022-12-22T09:32:36.677+0000] {dag.py:3427} INFO - Setting next_dagrun for example_nested_branch_dag to 2022-12-21T00:00:00+00:00, run_after=2022-12-22T00:00:00+00:00
[2022-12-22T09:32:36.758+0000] {processor.py:175} INFO - Processing /home/airflow/.local/lib/python3.7/site-packages/airflow/example_dags/example_nested_branch_dag.py took 0.430 seconds
[2022-12-22T09:33:07.228+0000] {processor.py:153} INFO - Started process (PID=1442) to work on /home/airflow/.local/lib/python3.7/site-packages/airflow/example_dags/example_nested_branch_dag.py
[2022-12-22T09:33:07.232+0000] {processor.py:743} INFO - Processing file /home/airflow/.local/lib/python3.7/site-packages/airflow/example_dags/example_nested_branch_dag.py for tasks to queue
[2022-12-22T09:33:07.234+0000] {logging_mixin.py:137} INFO - [2022-12-22T09:33:07.233+0000] {dagbag.py:538} INFO - Filling up the DagBag from /home/airflow/.local/lib/python3.7/site-packages/airflow/example_dags/example_nested_branch_dag.py
[2022-12-22T09:33:07.268+0000] {processor.py:753} INFO - DAG(s) dict_keys(['example_nested_branch_dag']) retrieved from /home/airflow/.local/lib/python3.7/site-packages/airflow/example_dags/example_nested_branch_dag.py
[2022-12-22T09:33:07.336+0000] {logging_mixin.py:137} INFO - [2022-12-22T09:33:07.336+0000] {dag.py:2676} INFO - Sync 1 DAGs
[2022-12-22T09:33:07.364+0000] {logging_mixin.py:137} INFO - [2022-12-22T09:33:07.364+0000] {dag.py:3427} INFO - Setting next_dagrun for example_nested_branch_dag to 2022-12-21T00:00:00+00:00, run_after=2022-12-22T00:00:00+00:00
[2022-12-22T09:33:07.379+0000] {processor.py:175} INFO - Processing /home/airflow/.local/lib/python3.7/site-packages/airflow/example_dags/example_nested_branch_dag.py took 0.156 seconds
[2022-12-22T09:33:37.454+0000] {processor.py:153} INFO - Started process (PID=1504) to work on /home/airflow/.local/lib/python3.7/site-packages/airflow/example_dags/example_nested_branch_dag.py
[2022-12-22T09:33:37.462+0000] {processor.py:743} INFO - Processing file /home/airflow/.local/lib/python3.7/site-packages/airflow/example_dags/example_nested_branch_dag.py for tasks to queue
[2022-12-22T09:33:37.463+0000] {logging_mixin.py:137} INFO - [2022-12-22T09:33:37.463+0000] {dagbag.py:538} INFO - Filling up the DagBag from /home/airflow/.local/lib/python3.7/site-packages/airflow/example_dags/example_nested_branch_dag.py
[2022-12-22T09:33:37.481+0000] {processor.py:753} INFO - DAG(s) dict_keys(['example_nested_branch_dag']) retrieved from /home/airflow/.local/lib/python3.7/site-packages/airflow/example_dags/example_nested_branch_dag.py
[2022-12-22T09:33:37.517+0000] {logging_mixin.py:137} INFO - [2022-12-22T09:33:37.517+0000] {dag.py:2676} INFO - Sync 1 DAGs
[2022-12-22T09:33:37.533+0000] {logging_mixin.py:137} INFO - [2022-12-22T09:33:37.533+0000] {dag.py:3427} INFO - Setting next_dagrun for example_nested_branch_dag to 2022-12-21T00:00:00+00:00, run_after=2022-12-22T00:00:00+00:00
[2022-12-22T09:33:37.546+0000] {processor.py:175} INFO - Processing /home/airflow/.local/lib/python3.7/site-packages/airflow/example_dags/example_nested_branch_dag.py took 0.094 seconds
[2022-12-22T10:00:33.413+0000] {processor.py:153} INFO - Started process (PID=1801) to work on /home/airflow/.local/lib/python3.7/site-packages/airflow/example_dags/example_nested_branch_dag.py
[2022-12-22T10:00:37.838+0000] {processor.py:743} INFO - Processing file /home/airflow/.local/lib/python3.7/site-packages/airflow/example_dags/example_nested_branch_dag.py for tasks to queue
[2022-12-22T10:00:40.500+0000] {logging_mixin.py:137} INFO - [2022-12-22T10:00:40.021+0000] {dagbag.py:538} INFO - Filling up the DagBag from /home/airflow/.local/lib/python3.7/site-packages/airflow/example_dags/example_nested_branch_dag.py
[2022-12-22T10:01:20.683+0000] {logging_mixin.py:137} INFO - [2022-12-22T10:01:15.771+0000] {timeout.py:68} ERROR - Process timed out, PID: 1801
[2022-12-22T10:01:42.473+0000] {logging_mixin.py:137} INFO - [2022-12-22T10:01:21.391+0000] {dagbag.py:343} ERROR - Failed to import: /home/airflow/.local/lib/python3.7/site-packages/airflow/example_dags/example_nested_branch_dag.py
Traceback (most recent call last):
  File "/home/airflow/.local/lib/python3.7/site-packages/airflow/models/dagbag.py", line 339, in parse
    loader.exec_module(new_module)
  File "<frozen importlib._bootstrap_external>", line 728, in exec_module
  File "<frozen importlib._bootstrap>", line 219, in _call_with_frames_removed
  File "/home/airflow/.local/lib/python3.7/site-packages/airflow/example_dags/example_nested_branch_dag.py", line 27, in <module>
    from airflow.decorators import task
  File "/home/airflow/.local/lib/python3.7/site-packages/airflow/decorators/__init__.py", line 21, in <module>
    from airflow.decorators.base import TaskDecorator
  File "/home/airflow/.local/lib/python3.7/site-packages/airflow/decorators/base.py", line 155, in <module>
    class DecoratedOperator(BaseOperator):
  File "/home/airflow/.local/lib/python3.7/site-packages/airflow/models/baseoperator.py", line 438, in __new__
    new_cls.__init__ = cls._apply_defaults(new_cls.__init__)
  File "/home/airflow/.local/lib/python3.7/site-packages/airflow/models/baseoperator.py", line 334, in _apply_defaults
    for (name, param) in sig_cache.parameters.items()
  File "/home/airflow/.local/lib/python3.7/site-packages/airflow/models/baseoperator.py", line 335, in <dictcomp>
    if param.name != "self" and param.kind not in (param.VAR_POSITIONAL, param.VAR_KEYWORD)
  File "/usr/local/lib/python3.7/inspect.py", line 2517, in name
    @property
  File "/home/airflow/.local/lib/python3.7/site-packages/airflow/utils/timeout.py", line 69, in handle_timeout
    raise AirflowTaskTimeout(self.error_message)
airflow.exceptions.AirflowTaskTimeout: DagBag import timeout for /home/airflow/.local/lib/python3.7/site-packages/airflow/example_dags/example_nested_branch_dag.py after 30.0s.
Please take a look at these docs to improve your DAG import time:
* https://airflow.apache.org/docs/apache-airflow/2.5.0/best-practices.html#top-level-python-code
* https://airflow.apache.org/docs/apache-airflow/2.5.0/best-practices.html#reducing-dag-complexity, PID: 1801
[2022-12-22T10:02:00.684+0000] {processor.py:755} WARNING - No viable dags retrieved from /home/airflow/.local/lib/python3.7/site-packages/airflow/example_dags/example_nested_branch_dag.py
[2022-12-22T12:54:10.661+0000] {processor.py:153} INFO - Started process (PID=91) to work on /home/airflow/.local/lib/python3.7/site-packages/airflow/example_dags/example_nested_branch_dag.py
[2022-12-22T12:54:10.711+0000] {processor.py:743} INFO - Processing file /home/airflow/.local/lib/python3.7/site-packages/airflow/example_dags/example_nested_branch_dag.py for tasks to queue
[2022-12-22T12:54:10.719+0000] {logging_mixin.py:137} INFO - [2022-12-22T12:54:10.719+0000] {dagbag.py:538} INFO - Filling up the DagBag from /home/airflow/.local/lib/python3.7/site-packages/airflow/example_dags/example_nested_branch_dag.py
[2022-12-22T12:54:12.212+0000] {processor.py:753} INFO - DAG(s) dict_keys(['example_nested_branch_dag']) retrieved from /home/airflow/.local/lib/python3.7/site-packages/airflow/example_dags/example_nested_branch_dag.py
[2022-12-22T12:54:15.615+0000] {logging_mixin.py:137} INFO - [2022-12-22T12:54:15.613+0000] {dag.py:2676} INFO - Sync 1 DAGs
[2022-12-22T12:54:16.646+0000] {logging_mixin.py:137} INFO - [2022-12-22T12:54:16.626+0000] {dag.py:3427} INFO - Setting next_dagrun for example_nested_branch_dag to 2022-12-21T00:00:00+00:00, run_after=2022-12-22T00:00:00+00:00
[2022-12-22T12:54:17.129+0000] {processor.py:175} INFO - Processing /home/airflow/.local/lib/python3.7/site-packages/airflow/example_dags/example_nested_branch_dag.py took 6.513 seconds
[2022-12-22T13:29:20.817+0000] {processor.py:153} INFO - Started process (PID=75) to work on /home/airflow/.local/lib/python3.7/site-packages/airflow/example_dags/example_nested_branch_dag.py
[2022-12-22T13:29:20.820+0000] {processor.py:743} INFO - Processing file /home/airflow/.local/lib/python3.7/site-packages/airflow/example_dags/example_nested_branch_dag.py for tasks to queue
[2022-12-22T13:29:20.825+0000] {logging_mixin.py:137} INFO - [2022-12-22T13:29:20.825+0000] {dagbag.py:538} INFO - Filling up the DagBag from /home/airflow/.local/lib/python3.7/site-packages/airflow/example_dags/example_nested_branch_dag.py
[2022-12-22T13:29:20.994+0000] {processor.py:753} INFO - DAG(s) dict_keys(['example_nested_branch_dag']) retrieved from /home/airflow/.local/lib/python3.7/site-packages/airflow/example_dags/example_nested_branch_dag.py
[2022-12-22T13:29:21.224+0000] {logging_mixin.py:137} INFO - [2022-12-22T13:29:21.224+0000] {dag.py:2676} INFO - Sync 1 DAGs
[2022-12-22T13:29:21.317+0000] {logging_mixin.py:137} INFO - [2022-12-22T13:29:21.317+0000] {dag.py:3427} INFO - Setting next_dagrun for example_nested_branch_dag to 2022-12-21T00:00:00+00:00, run_after=2022-12-22T00:00:00+00:00
[2022-12-22T13:29:21.383+0000] {processor.py:175} INFO - Processing /home/airflow/.local/lib/python3.7/site-packages/airflow/example_dags/example_nested_branch_dag.py took 0.586 seconds
[2022-12-22T13:29:53.430+0000] {processor.py:153} INFO - Started process (PID=139) to work on /home/airflow/.local/lib/python3.7/site-packages/airflow/example_dags/example_nested_branch_dag.py
[2022-12-22T13:29:53.434+0000] {processor.py:743} INFO - Processing file /home/airflow/.local/lib/python3.7/site-packages/airflow/example_dags/example_nested_branch_dag.py for tasks to queue
[2022-12-22T13:29:53.440+0000] {logging_mixin.py:137} INFO - [2022-12-22T13:29:53.439+0000] {dagbag.py:538} INFO - Filling up the DagBag from /home/airflow/.local/lib/python3.7/site-packages/airflow/example_dags/example_nested_branch_dag.py
[2022-12-22T13:29:53.499+0000] {processor.py:753} INFO - DAG(s) dict_keys(['example_nested_branch_dag']) retrieved from /home/airflow/.local/lib/python3.7/site-packages/airflow/example_dags/example_nested_branch_dag.py
[2022-12-22T13:29:53.591+0000] {logging_mixin.py:137} INFO - [2022-12-22T13:29:53.591+0000] {dag.py:2676} INFO - Sync 1 DAGs
[2022-12-22T13:29:53.619+0000] {logging_mixin.py:137} INFO - [2022-12-22T13:29:53.619+0000] {dag.py:3427} INFO - Setting next_dagrun for example_nested_branch_dag to 2022-12-21T00:00:00+00:00, run_after=2022-12-22T00:00:00+00:00
[2022-12-22T13:29:53.650+0000] {processor.py:175} INFO - Processing /home/airflow/.local/lib/python3.7/site-packages/airflow/example_dags/example_nested_branch_dag.py took 0.238 seconds
[2022-12-22T13:30:24.052+0000] {processor.py:153} INFO - Started process (PID=202) to work on /home/airflow/.local/lib/python3.7/site-packages/airflow/example_dags/example_nested_branch_dag.py
[2022-12-22T13:30:24.060+0000] {processor.py:743} INFO - Processing file /home/airflow/.local/lib/python3.7/site-packages/airflow/example_dags/example_nested_branch_dag.py for tasks to queue
[2022-12-22T13:30:24.064+0000] {logging_mixin.py:137} INFO - [2022-12-22T13:30:24.064+0000] {dagbag.py:538} INFO - Filling up the DagBag from /home/airflow/.local/lib/python3.7/site-packages/airflow/example_dags/example_nested_branch_dag.py
[2022-12-22T13:30:24.130+0000] {processor.py:753} INFO - DAG(s) dict_keys(['example_nested_branch_dag']) retrieved from /home/airflow/.local/lib/python3.7/site-packages/airflow/example_dags/example_nested_branch_dag.py
[2022-12-22T13:30:24.195+0000] {logging_mixin.py:137} INFO - [2022-12-22T13:30:24.189+0000] {dag.py:2676} INFO - Sync 1 DAGs
[2022-12-22T13:30:24.255+0000] {logging_mixin.py:137} INFO - [2022-12-22T13:30:24.255+0000] {dag.py:3427} INFO - Setting next_dagrun for example_nested_branch_dag to 2022-12-21T00:00:00+00:00, run_after=2022-12-22T00:00:00+00:00
[2022-12-22T13:30:24.285+0000] {processor.py:175} INFO - Processing /home/airflow/.local/lib/python3.7/site-packages/airflow/example_dags/example_nested_branch_dag.py took 0.243 seconds
[2022-12-22T13:30:54.594+0000] {processor.py:153} INFO - Started process (PID=275) to work on /home/airflow/.local/lib/python3.7/site-packages/airflow/example_dags/example_nested_branch_dag.py
[2022-12-22T13:30:54.596+0000] {processor.py:743} INFO - Processing file /home/airflow/.local/lib/python3.7/site-packages/airflow/example_dags/example_nested_branch_dag.py for tasks to queue
[2022-12-22T13:30:54.599+0000] {logging_mixin.py:137} INFO - [2022-12-22T13:30:54.599+0000] {dagbag.py:538} INFO - Filling up the DagBag from /home/airflow/.local/lib/python3.7/site-packages/airflow/example_dags/example_nested_branch_dag.py
[2022-12-22T13:30:54.616+0000] {processor.py:753} INFO - DAG(s) dict_keys(['example_nested_branch_dag']) retrieved from /home/airflow/.local/lib/python3.7/site-packages/airflow/example_dags/example_nested_branch_dag.py
[2022-12-22T13:30:54.658+0000] {logging_mixin.py:137} INFO - [2022-12-22T13:30:54.657+0000] {dag.py:2676} INFO - Sync 1 DAGs
[2022-12-22T13:30:54.721+0000] {logging_mixin.py:137} INFO - [2022-12-22T13:30:54.721+0000] {dag.py:3427} INFO - Setting next_dagrun for example_nested_branch_dag to 2022-12-21T00:00:00+00:00, run_after=2022-12-22T00:00:00+00:00
[2022-12-22T13:30:54.744+0000] {processor.py:175} INFO - Processing /home/airflow/.local/lib/python3.7/site-packages/airflow/example_dags/example_nested_branch_dag.py took 0.152 seconds
[2022-12-22T13:31:25.430+0000] {processor.py:153} INFO - Started process (PID=352) to work on /home/airflow/.local/lib/python3.7/site-packages/airflow/example_dags/example_nested_branch_dag.py
[2022-12-22T13:31:25.432+0000] {processor.py:743} INFO - Processing file /home/airflow/.local/lib/python3.7/site-packages/airflow/example_dags/example_nested_branch_dag.py for tasks to queue
[2022-12-22T13:31:25.433+0000] {logging_mixin.py:137} INFO - [2022-12-22T13:31:25.433+0000] {dagbag.py:538} INFO - Filling up the DagBag from /home/airflow/.local/lib/python3.7/site-packages/airflow/example_dags/example_nested_branch_dag.py
[2022-12-22T13:31:25.451+0000] {processor.py:753} INFO - DAG(s) dict_keys(['example_nested_branch_dag']) retrieved from /home/airflow/.local/lib/python3.7/site-packages/airflow/example_dags/example_nested_branch_dag.py
[2022-12-22T13:31:25.483+0000] {logging_mixin.py:137} INFO - [2022-12-22T13:31:25.483+0000] {dag.py:2676} INFO - Sync 1 DAGs
[2022-12-22T13:31:25.513+0000] {logging_mixin.py:137} INFO - [2022-12-22T13:31:25.512+0000] {dag.py:3427} INFO - Setting next_dagrun for example_nested_branch_dag to 2022-12-21T00:00:00+00:00, run_after=2022-12-22T00:00:00+00:00
[2022-12-22T13:31:25.535+0000] {processor.py:175} INFO - Processing /home/airflow/.local/lib/python3.7/site-packages/airflow/example_dags/example_nested_branch_dag.py took 0.107 seconds
[2022-12-22T13:31:56.050+0000] {processor.py:153} INFO - Started process (PID=418) to work on /home/airflow/.local/lib/python3.7/site-packages/airflow/example_dags/example_nested_branch_dag.py
[2022-12-22T13:31:56.052+0000] {processor.py:743} INFO - Processing file /home/airflow/.local/lib/python3.7/site-packages/airflow/example_dags/example_nested_branch_dag.py for tasks to queue
[2022-12-22T13:31:56.053+0000] {logging_mixin.py:137} INFO - [2022-12-22T13:31:56.053+0000] {dagbag.py:538} INFO - Filling up the DagBag from /home/airflow/.local/lib/python3.7/site-packages/airflow/example_dags/example_nested_branch_dag.py
[2022-12-22T13:31:56.069+0000] {processor.py:753} INFO - DAG(s) dict_keys(['example_nested_branch_dag']) retrieved from /home/airflow/.local/lib/python3.7/site-packages/airflow/example_dags/example_nested_branch_dag.py
[2022-12-22T13:31:56.093+0000] {logging_mixin.py:137} INFO - [2022-12-22T13:31:56.093+0000] {dag.py:2676} INFO - Sync 1 DAGs
[2022-12-22T13:31:56.110+0000] {logging_mixin.py:137} INFO - [2022-12-22T13:31:56.110+0000] {dag.py:3427} INFO - Setting next_dagrun for example_nested_branch_dag to 2022-12-21T00:00:00+00:00, run_after=2022-12-22T00:00:00+00:00
[2022-12-22T13:31:56.124+0000] {processor.py:175} INFO - Processing /home/airflow/.local/lib/python3.7/site-packages/airflow/example_dags/example_nested_branch_dag.py took 0.077 seconds
