[2022-12-22T09:20:49.643+0000] {processor.py:153} INFO - Started process (PID=78) to work on /home/airflow/.local/lib/python3.7/site-packages/airflow/example_dags/example_branch_python_dop_operator_3.py
[2022-12-22T09:20:49.645+0000] {processor.py:743} INFO - Processing file /home/airflow/.local/lib/python3.7/site-packages/airflow/example_dags/example_branch_python_dop_operator_3.py for tasks to queue
[2022-12-22T09:20:49.646+0000] {logging_mixin.py:137} INFO - [2022-12-22T09:20:49.646+0000] {dagbag.py:538} INFO - Filling up the DagBag from /home/airflow/.local/lib/python3.7/site-packages/airflow/example_dags/example_branch_python_dop_operator_3.py
[2022-12-22T09:20:49.683+0000] {processor.py:753} INFO - DAG(s) dict_keys(['example_branch_dop_operator_v3']) retrieved from /home/airflow/.local/lib/python3.7/site-packages/airflow/example_dags/example_branch_python_dop_operator_3.py
[2022-12-22T09:20:49.757+0000] {logging_mixin.py:137} INFO - [2022-12-22T09:20:49.756+0000] {dag.py:2676} INFO - Sync 1 DAGs
[2022-12-22T09:20:49.834+0000] {logging_mixin.py:137} INFO - [2022-12-22T09:20:49.834+0000] {dag.py:3427} INFO - Setting next_dagrun for example_branch_dop_operator_v3 to 2022-12-22T09:19:00+00:00, run_after=2022-12-22T09:20:00+00:00
[2022-12-22T09:20:49.878+0000] {processor.py:175} INFO - Processing /home/airflow/.local/lib/python3.7/site-packages/airflow/example_dags/example_branch_python_dop_operator_3.py took 0.239 seconds
[2022-12-22T09:21:20.517+0000] {processor.py:153} INFO - Started process (PID=140) to work on /home/airflow/.local/lib/python3.7/site-packages/airflow/example_dags/example_branch_python_dop_operator_3.py
[2022-12-22T09:21:20.526+0000] {processor.py:743} INFO - Processing file /home/airflow/.local/lib/python3.7/site-packages/airflow/example_dags/example_branch_python_dop_operator_3.py for tasks to queue
[2022-12-22T09:21:20.528+0000] {logging_mixin.py:137} INFO - [2022-12-22T09:21:20.528+0000] {dagbag.py:538} INFO - Filling up the DagBag from /home/airflow/.local/lib/python3.7/site-packages/airflow/example_dags/example_branch_python_dop_operator_3.py
[2022-12-22T09:21:20.582+0000] {processor.py:753} INFO - DAG(s) dict_keys(['example_branch_dop_operator_v3']) retrieved from /home/airflow/.local/lib/python3.7/site-packages/airflow/example_dags/example_branch_python_dop_operator_3.py
[2022-12-22T09:21:20.663+0000] {logging_mixin.py:137} INFO - [2022-12-22T09:21:20.663+0000] {dag.py:2676} INFO - Sync 1 DAGs
[2022-12-22T09:21:20.700+0000] {logging_mixin.py:137} INFO - [2022-12-22T09:21:20.700+0000] {dag.py:3427} INFO - Setting next_dagrun for example_branch_dop_operator_v3 to 2022-12-22T09:20:00+00:00, run_after=2022-12-22T09:21:00+00:00
[2022-12-22T09:21:20.744+0000] {processor.py:175} INFO - Processing /home/airflow/.local/lib/python3.7/site-packages/airflow/example_dags/example_branch_python_dop_operator_3.py took 0.233 seconds
[2022-12-22T09:22:08.153+0000] {processor.py:153} INFO - Started process (PID=215) to work on /home/airflow/.local/lib/python3.7/site-packages/airflow/example_dags/example_branch_python_dop_operator_3.py
[2022-12-22T09:22:08.158+0000] {processor.py:743} INFO - Processing file /home/airflow/.local/lib/python3.7/site-packages/airflow/example_dags/example_branch_python_dop_operator_3.py for tasks to queue
[2022-12-22T09:22:08.160+0000] {logging_mixin.py:137} INFO - [2022-12-22T09:22:08.160+0000] {dagbag.py:538} INFO - Filling up the DagBag from /home/airflow/.local/lib/python3.7/site-packages/airflow/example_dags/example_branch_python_dop_operator_3.py
[2022-12-22T09:22:08.221+0000] {processor.py:753} INFO - DAG(s) dict_keys(['example_branch_dop_operator_v3']) retrieved from /home/airflow/.local/lib/python3.7/site-packages/airflow/example_dags/example_branch_python_dop_operator_3.py
[2022-12-22T09:22:08.270+0000] {logging_mixin.py:137} INFO - [2022-12-22T09:22:08.270+0000] {dag.py:2676} INFO - Sync 1 DAGs
[2022-12-22T09:22:08.305+0000] {logging_mixin.py:137} INFO - [2022-12-22T09:22:08.305+0000] {dag.py:3427} INFO - Setting next_dagrun for example_branch_dop_operator_v3 to 2022-12-22T09:21:00+00:00, run_after=2022-12-22T09:22:00+00:00
[2022-12-22T09:22:08.338+0000] {processor.py:175} INFO - Processing /home/airflow/.local/lib/python3.7/site-packages/airflow/example_dags/example_branch_python_dop_operator_3.py took 0.188 seconds
[2022-12-22T09:22:41.960+0000] {processor.py:153} INFO - Started process (PID=290) to work on /home/airflow/.local/lib/python3.7/site-packages/airflow/example_dags/example_branch_python_dop_operator_3.py
[2022-12-22T09:22:41.968+0000] {processor.py:743} INFO - Processing file /home/airflow/.local/lib/python3.7/site-packages/airflow/example_dags/example_branch_python_dop_operator_3.py for tasks to queue
[2022-12-22T09:22:41.995+0000] {logging_mixin.py:137} INFO - [2022-12-22T09:22:41.994+0000] {dagbag.py:538} INFO - Filling up the DagBag from /home/airflow/.local/lib/python3.7/site-packages/airflow/example_dags/example_branch_python_dop_operator_3.py
[2022-12-22T09:22:42.247+0000] {processor.py:753} INFO - DAG(s) dict_keys(['example_branch_dop_operator_v3']) retrieved from /home/airflow/.local/lib/python3.7/site-packages/airflow/example_dags/example_branch_python_dop_operator_3.py
[2022-12-22T09:22:42.881+0000] {logging_mixin.py:137} INFO - [2022-12-22T09:22:42.881+0000] {dag.py:2676} INFO - Sync 1 DAGs
[2022-12-22T09:22:43.140+0000] {logging_mixin.py:137} INFO - [2022-12-22T09:22:43.138+0000] {dag.py:3427} INFO - Setting next_dagrun for example_branch_dop_operator_v3 to 2022-12-22T09:21:00+00:00, run_after=2022-12-22T09:22:00+00:00
[2022-12-22T09:22:43.339+0000] {processor.py:175} INFO - Processing /home/airflow/.local/lib/python3.7/site-packages/airflow/example_dags/example_branch_python_dop_operator_3.py took 1.393 seconds
[2022-12-22T09:23:14.191+0000] {processor.py:153} INFO - Started process (PID=352) to work on /home/airflow/.local/lib/python3.7/site-packages/airflow/example_dags/example_branch_python_dop_operator_3.py
[2022-12-22T09:23:14.197+0000] {processor.py:743} INFO - Processing file /home/airflow/.local/lib/python3.7/site-packages/airflow/example_dags/example_branch_python_dop_operator_3.py for tasks to queue
[2022-12-22T09:23:14.211+0000] {logging_mixin.py:137} INFO - [2022-12-22T09:23:14.211+0000] {dagbag.py:538} INFO - Filling up the DagBag from /home/airflow/.local/lib/python3.7/site-packages/airflow/example_dags/example_branch_python_dop_operator_3.py
[2022-12-22T09:23:14.293+0000] {processor.py:753} INFO - DAG(s) dict_keys(['example_branch_dop_operator_v3']) retrieved from /home/airflow/.local/lib/python3.7/site-packages/airflow/example_dags/example_branch_python_dop_operator_3.py
[2022-12-22T09:23:14.361+0000] {logging_mixin.py:137} INFO - [2022-12-22T09:23:14.361+0000] {dag.py:2676} INFO - Sync 1 DAGs
[2022-12-22T09:23:14.397+0000] {logging_mixin.py:137} INFO - [2022-12-22T09:23:14.396+0000] {dag.py:3427} INFO - Setting next_dagrun for example_branch_dop_operator_v3 to 2022-12-22T09:22:00+00:00, run_after=2022-12-22T09:23:00+00:00
[2022-12-22T09:23:14.416+0000] {processor.py:175} INFO - Processing /home/airflow/.local/lib/python3.7/site-packages/airflow/example_dags/example_branch_python_dop_operator_3.py took 0.238 seconds
[2022-12-22T09:23:45.282+0000] {processor.py:153} INFO - Started process (PID=424) to work on /home/airflow/.local/lib/python3.7/site-packages/airflow/example_dags/example_branch_python_dop_operator_3.py
[2022-12-22T09:23:45.353+0000] {processor.py:743} INFO - Processing file /home/airflow/.local/lib/python3.7/site-packages/airflow/example_dags/example_branch_python_dop_operator_3.py for tasks to queue
[2022-12-22T09:23:45.378+0000] {logging_mixin.py:137} INFO - [2022-12-22T09:23:45.378+0000] {dagbag.py:538} INFO - Filling up the DagBag from /home/airflow/.local/lib/python3.7/site-packages/airflow/example_dags/example_branch_python_dop_operator_3.py
[2022-12-22T09:23:45.494+0000] {processor.py:753} INFO - DAG(s) dict_keys(['example_branch_dop_operator_v3']) retrieved from /home/airflow/.local/lib/python3.7/site-packages/airflow/example_dags/example_branch_python_dop_operator_3.py
[2022-12-22T09:23:45.698+0000] {logging_mixin.py:137} INFO - [2022-12-22T09:23:45.698+0000] {dag.py:2676} INFO - Sync 1 DAGs
[2022-12-22T09:23:45.791+0000] {logging_mixin.py:137} INFO - [2022-12-22T09:23:45.791+0000] {dag.py:3427} INFO - Setting next_dagrun for example_branch_dop_operator_v3 to 2022-12-22T09:22:00+00:00, run_after=2022-12-22T09:23:00+00:00
[2022-12-22T09:23:45.847+0000] {processor.py:175} INFO - Processing /home/airflow/.local/lib/python3.7/site-packages/airflow/example_dags/example_branch_python_dop_operator_3.py took 0.571 seconds
[2022-12-22T09:24:16.677+0000] {processor.py:153} INFO - Started process (PID=478) to work on /home/airflow/.local/lib/python3.7/site-packages/airflow/example_dags/example_branch_python_dop_operator_3.py
[2022-12-22T09:24:16.681+0000] {processor.py:743} INFO - Processing file /home/airflow/.local/lib/python3.7/site-packages/airflow/example_dags/example_branch_python_dop_operator_3.py for tasks to queue
[2022-12-22T09:24:16.682+0000] {logging_mixin.py:137} INFO - [2022-12-22T09:24:16.682+0000] {dagbag.py:538} INFO - Filling up the DagBag from /home/airflow/.local/lib/python3.7/site-packages/airflow/example_dags/example_branch_python_dop_operator_3.py
[2022-12-22T09:24:16.713+0000] {processor.py:753} INFO - DAG(s) dict_keys(['example_branch_dop_operator_v3']) retrieved from /home/airflow/.local/lib/python3.7/site-packages/airflow/example_dags/example_branch_python_dop_operator_3.py
[2022-12-22T09:24:16.747+0000] {logging_mixin.py:137} INFO - [2022-12-22T09:24:16.747+0000] {dag.py:2676} INFO - Sync 1 DAGs
[2022-12-22T09:24:16.767+0000] {logging_mixin.py:137} INFO - [2022-12-22T09:24:16.767+0000] {dag.py:3427} INFO - Setting next_dagrun for example_branch_dop_operator_v3 to 2022-12-22T09:23:00+00:00, run_after=2022-12-22T09:24:00+00:00
[2022-12-22T09:24:16.779+0000] {processor.py:175} INFO - Processing /home/airflow/.local/lib/python3.7/site-packages/airflow/example_dags/example_branch_python_dop_operator_3.py took 0.109 seconds
[2022-12-22T09:24:47.231+0000] {processor.py:153} INFO - Started process (PID=540) to work on /home/airflow/.local/lib/python3.7/site-packages/airflow/example_dags/example_branch_python_dop_operator_3.py
[2022-12-22T09:24:47.320+0000] {processor.py:743} INFO - Processing file /home/airflow/.local/lib/python3.7/site-packages/airflow/example_dags/example_branch_python_dop_operator_3.py for tasks to queue
[2022-12-22T09:24:47.391+0000] {logging_mixin.py:137} INFO - [2022-12-22T09:24:47.391+0000] {dagbag.py:538} INFO - Filling up the DagBag from /home/airflow/.local/lib/python3.7/site-packages/airflow/example_dags/example_branch_python_dop_operator_3.py
[2022-12-22T09:24:48.544+0000] {processor.py:753} INFO - DAG(s) dict_keys(['example_branch_dop_operator_v3']) retrieved from /home/airflow/.local/lib/python3.7/site-packages/airflow/example_dags/example_branch_python_dop_operator_3.py
[2022-12-22T09:24:48.814+0000] {logging_mixin.py:137} INFO - [2022-12-22T09:24:48.814+0000] {dag.py:2676} INFO - Sync 1 DAGs
[2022-12-22T09:24:48.899+0000] {logging_mixin.py:137} INFO - [2022-12-22T09:24:48.899+0000] {dag.py:3427} INFO - Setting next_dagrun for example_branch_dop_operator_v3 to 2022-12-22T09:23:00+00:00, run_after=2022-12-22T09:24:00+00:00
[2022-12-22T09:24:48.960+0000] {processor.py:175} INFO - Processing /home/airflow/.local/lib/python3.7/site-packages/airflow/example_dags/example_branch_python_dop_operator_3.py took 1.734 seconds
[2022-12-22T09:25:19.707+0000] {processor.py:153} INFO - Started process (PID=616) to work on /home/airflow/.local/lib/python3.7/site-packages/airflow/example_dags/example_branch_python_dop_operator_3.py
[2022-12-22T09:25:19.736+0000] {processor.py:743} INFO - Processing file /home/airflow/.local/lib/python3.7/site-packages/airflow/example_dags/example_branch_python_dop_operator_3.py for tasks to queue
[2022-12-22T09:25:19.741+0000] {logging_mixin.py:137} INFO - [2022-12-22T09:25:19.741+0000] {dagbag.py:538} INFO - Filling up the DagBag from /home/airflow/.local/lib/python3.7/site-packages/airflow/example_dags/example_branch_python_dop_operator_3.py
[2022-12-22T09:25:19.923+0000] {processor.py:753} INFO - DAG(s) dict_keys(['example_branch_dop_operator_v3']) retrieved from /home/airflow/.local/lib/python3.7/site-packages/airflow/example_dags/example_branch_python_dop_operator_3.py
[2022-12-22T09:25:20.447+0000] {logging_mixin.py:137} INFO - [2022-12-22T09:25:20.446+0000] {dag.py:2676} INFO - Sync 1 DAGs
[2022-12-22T09:25:20.728+0000] {logging_mixin.py:137} INFO - [2022-12-22T09:25:20.727+0000] {dag.py:3427} INFO - Setting next_dagrun for example_branch_dop_operator_v3 to 2022-12-22T09:24:00+00:00, run_after=2022-12-22T09:25:00+00:00
[2022-12-22T09:25:20.944+0000] {processor.py:175} INFO - Processing /home/airflow/.local/lib/python3.7/site-packages/airflow/example_dags/example_branch_python_dop_operator_3.py took 1.247 seconds
[2022-12-22T09:25:51.866+0000] {processor.py:153} INFO - Started process (PID=678) to work on /home/airflow/.local/lib/python3.7/site-packages/airflow/example_dags/example_branch_python_dop_operator_3.py
[2022-12-22T09:25:51.877+0000] {processor.py:743} INFO - Processing file /home/airflow/.local/lib/python3.7/site-packages/airflow/example_dags/example_branch_python_dop_operator_3.py for tasks to queue
[2022-12-22T09:25:51.893+0000] {logging_mixin.py:137} INFO - [2022-12-22T09:25:51.893+0000] {dagbag.py:538} INFO - Filling up the DagBag from /home/airflow/.local/lib/python3.7/site-packages/airflow/example_dags/example_branch_python_dop_operator_3.py
[2022-12-22T09:25:51.974+0000] {processor.py:753} INFO - DAG(s) dict_keys(['example_branch_dop_operator_v3']) retrieved from /home/airflow/.local/lib/python3.7/site-packages/airflow/example_dags/example_branch_python_dop_operator_3.py
[2022-12-22T09:25:52.387+0000] {logging_mixin.py:137} INFO - [2022-12-22T09:25:52.387+0000] {dag.py:2676} INFO - Sync 1 DAGs
[2022-12-22T09:25:52.665+0000] {logging_mixin.py:137} INFO - [2022-12-22T09:25:52.665+0000] {dag.py:3427} INFO - Setting next_dagrun for example_branch_dop_operator_v3 to 2022-12-22T09:24:00+00:00, run_after=2022-12-22T09:25:00+00:00
[2022-12-22T09:25:52.798+0000] {processor.py:175} INFO - Processing /home/airflow/.local/lib/python3.7/site-packages/airflow/example_dags/example_branch_python_dop_operator_3.py took 0.956 seconds
[2022-12-22T09:26:29.582+0000] {processor.py:153} INFO - Started process (PID=742) to work on /home/airflow/.local/lib/python3.7/site-packages/airflow/example_dags/example_branch_python_dop_operator_3.py
[2022-12-22T09:26:29.644+0000] {processor.py:743} INFO - Processing file /home/airflow/.local/lib/python3.7/site-packages/airflow/example_dags/example_branch_python_dop_operator_3.py for tasks to queue
[2022-12-22T09:26:29.679+0000] {logging_mixin.py:137} INFO - [2022-12-22T09:26:29.678+0000] {dagbag.py:538} INFO - Filling up the DagBag from /home/airflow/.local/lib/python3.7/site-packages/airflow/example_dags/example_branch_python_dop_operator_3.py
[2022-12-22T09:26:40.946+0000] {processor.py:753} INFO - DAG(s) dict_keys(['example_branch_dop_operator_v3']) retrieved from /home/airflow/.local/lib/python3.7/site-packages/airflow/example_dags/example_branch_python_dop_operator_3.py
[2022-12-22T09:26:53.301+0000] {logging_mixin.py:137} INFO - [2022-12-22T09:26:53.222+0000] {dag.py:2676} INFO - Sync 1 DAGs
[2022-12-22T09:26:55.128+0000] {logging_mixin.py:137} INFO - [2022-12-22T09:26:55.128+0000] {dag.py:3427} INFO - Setting next_dagrun for example_branch_dop_operator_v3 to 2022-12-22T09:25:00+00:00, run_after=2022-12-22T09:26:00+00:00
[2022-12-22T09:26:55.440+0000] {processor.py:175} INFO - Processing /home/airflow/.local/lib/python3.7/site-packages/airflow/example_dags/example_branch_python_dop_operator_3.py took 25.965 seconds
[2022-12-22T09:27:46.888+0000] {processor.py:153} INFO - Started process (PID=837) to work on /home/airflow/.local/lib/python3.7/site-packages/airflow/example_dags/example_branch_python_dop_operator_3.py
[2022-12-22T09:27:46.898+0000] {processor.py:743} INFO - Processing file /home/airflow/.local/lib/python3.7/site-packages/airflow/example_dags/example_branch_python_dop_operator_3.py for tasks to queue
[2022-12-22T09:27:46.904+0000] {logging_mixin.py:137} INFO - [2022-12-22T09:27:46.904+0000] {dagbag.py:538} INFO - Filling up the DagBag from /home/airflow/.local/lib/python3.7/site-packages/airflow/example_dags/example_branch_python_dop_operator_3.py
[2022-12-22T09:27:46.941+0000] {processor.py:753} INFO - DAG(s) dict_keys(['example_branch_dop_operator_v3']) retrieved from /home/airflow/.local/lib/python3.7/site-packages/airflow/example_dags/example_branch_python_dop_operator_3.py
[2022-12-22T09:27:46.982+0000] {logging_mixin.py:137} INFO - [2022-12-22T09:27:46.982+0000] {dag.py:2676} INFO - Sync 1 DAGs
[2022-12-22T09:27:47.021+0000] {logging_mixin.py:137} INFO - [2022-12-22T09:27:47.021+0000] {dag.py:3427} INFO - Setting next_dagrun for example_branch_dop_operator_v3 to 2022-12-22T09:26:00+00:00, run_after=2022-12-22T09:27:00+00:00
[2022-12-22T09:27:47.050+0000] {processor.py:175} INFO - Processing /home/airflow/.local/lib/python3.7/site-packages/airflow/example_dags/example_branch_python_dop_operator_3.py took 0.167 seconds
[2022-12-22T09:28:20.913+0000] {processor.py:153} INFO - Started process (PID=892) to work on /home/airflow/.local/lib/python3.7/site-packages/airflow/example_dags/example_branch_python_dop_operator_3.py
[2022-12-22T09:28:20.923+0000] {processor.py:743} INFO - Processing file /home/airflow/.local/lib/python3.7/site-packages/airflow/example_dags/example_branch_python_dop_operator_3.py for tasks to queue
[2022-12-22T09:28:20.925+0000] {logging_mixin.py:137} INFO - [2022-12-22T09:28:20.925+0000] {dagbag.py:538} INFO - Filling up the DagBag from /home/airflow/.local/lib/python3.7/site-packages/airflow/example_dags/example_branch_python_dop_operator_3.py
[2022-12-22T09:28:20.971+0000] {processor.py:753} INFO - DAG(s) dict_keys(['example_branch_dop_operator_v3']) retrieved from /home/airflow/.local/lib/python3.7/site-packages/airflow/example_dags/example_branch_python_dop_operator_3.py
[2022-12-22T09:28:21.071+0000] {logging_mixin.py:137} INFO - [2022-12-22T09:28:21.071+0000] {dag.py:2676} INFO - Sync 1 DAGs
[2022-12-22T09:28:21.113+0000] {logging_mixin.py:137} INFO - [2022-12-22T09:28:21.113+0000] {dag.py:3427} INFO - Setting next_dagrun for example_branch_dop_operator_v3 to 2022-12-22T09:27:00+00:00, run_after=2022-12-22T09:28:00+00:00
[2022-12-22T09:28:21.139+0000] {processor.py:175} INFO - Processing /home/airflow/.local/lib/python3.7/site-packages/airflow/example_dags/example_branch_python_dop_operator_3.py took 0.231 seconds
[2022-12-22T09:28:51.477+0000] {processor.py:153} INFO - Started process (PID=955) to work on /home/airflow/.local/lib/python3.7/site-packages/airflow/example_dags/example_branch_python_dop_operator_3.py
[2022-12-22T09:28:51.481+0000] {processor.py:743} INFO - Processing file /home/airflow/.local/lib/python3.7/site-packages/airflow/example_dags/example_branch_python_dop_operator_3.py for tasks to queue
[2022-12-22T09:28:51.485+0000] {logging_mixin.py:137} INFO - [2022-12-22T09:28:51.484+0000] {dagbag.py:538} INFO - Filling up the DagBag from /home/airflow/.local/lib/python3.7/site-packages/airflow/example_dags/example_branch_python_dop_operator_3.py
[2022-12-22T09:28:51.508+0000] {processor.py:753} INFO - DAG(s) dict_keys(['example_branch_dop_operator_v3']) retrieved from /home/airflow/.local/lib/python3.7/site-packages/airflow/example_dags/example_branch_python_dop_operator_3.py
[2022-12-22T09:28:51.535+0000] {logging_mixin.py:137} INFO - [2022-12-22T09:28:51.535+0000] {dag.py:2676} INFO - Sync 1 DAGs
[2022-12-22T09:28:51.568+0000] {logging_mixin.py:137} INFO - [2022-12-22T09:28:51.568+0000] {dag.py:3427} INFO - Setting next_dagrun for example_branch_dop_operator_v3 to 2022-12-22T09:27:00+00:00, run_after=2022-12-22T09:28:00+00:00
[2022-12-22T09:28:51.589+0000] {processor.py:175} INFO - Processing /home/airflow/.local/lib/python3.7/site-packages/airflow/example_dags/example_branch_python_dop_operator_3.py took 0.115 seconds
[2022-12-22T09:29:23.550+0000] {processor.py:153} INFO - Started process (PID=1017) to work on /home/airflow/.local/lib/python3.7/site-packages/airflow/example_dags/example_branch_python_dop_operator_3.py
[2022-12-22T09:29:23.562+0000] {processor.py:743} INFO - Processing file /home/airflow/.local/lib/python3.7/site-packages/airflow/example_dags/example_branch_python_dop_operator_3.py for tasks to queue
[2022-12-22T09:29:23.567+0000] {logging_mixin.py:137} INFO - [2022-12-22T09:29:23.567+0000] {dagbag.py:538} INFO - Filling up the DagBag from /home/airflow/.local/lib/python3.7/site-packages/airflow/example_dags/example_branch_python_dop_operator_3.py
[2022-12-22T09:29:23.590+0000] {processor.py:753} INFO - DAG(s) dict_keys(['example_branch_dop_operator_v3']) retrieved from /home/airflow/.local/lib/python3.7/site-packages/airflow/example_dags/example_branch_python_dop_operator_3.py
[2022-12-22T09:29:23.619+0000] {logging_mixin.py:137} INFO - [2022-12-22T09:29:23.619+0000] {dag.py:2676} INFO - Sync 1 DAGs
[2022-12-22T09:29:23.643+0000] {logging_mixin.py:137} INFO - [2022-12-22T09:29:23.643+0000] {dag.py:3427} INFO - Setting next_dagrun for example_branch_dop_operator_v3 to 2022-12-22T09:28:00+00:00, run_after=2022-12-22T09:29:00+00:00
[2022-12-22T09:29:23.669+0000] {processor.py:175} INFO - Processing /home/airflow/.local/lib/python3.7/site-packages/airflow/example_dags/example_branch_python_dop_operator_3.py took 0.122 seconds
[2022-12-22T09:29:55.108+0000] {processor.py:153} INFO - Started process (PID=1081) to work on /home/airflow/.local/lib/python3.7/site-packages/airflow/example_dags/example_branch_python_dop_operator_3.py
[2022-12-22T09:29:55.111+0000] {processor.py:743} INFO - Processing file /home/airflow/.local/lib/python3.7/site-packages/airflow/example_dags/example_branch_python_dop_operator_3.py for tasks to queue
[2022-12-22T09:29:55.114+0000] {logging_mixin.py:137} INFO - [2022-12-22T09:29:55.114+0000] {dagbag.py:538} INFO - Filling up the DagBag from /home/airflow/.local/lib/python3.7/site-packages/airflow/example_dags/example_branch_python_dop_operator_3.py
[2022-12-22T09:29:55.141+0000] {processor.py:753} INFO - DAG(s) dict_keys(['example_branch_dop_operator_v3']) retrieved from /home/airflow/.local/lib/python3.7/site-packages/airflow/example_dags/example_branch_python_dop_operator_3.py
[2022-12-22T09:29:55.264+0000] {logging_mixin.py:137} INFO - [2022-12-22T09:29:55.264+0000] {dag.py:2676} INFO - Sync 1 DAGs
[2022-12-22T09:29:55.309+0000] {logging_mixin.py:137} INFO - [2022-12-22T09:29:55.309+0000] {dag.py:3427} INFO - Setting next_dagrun for example_branch_dop_operator_v3 to 2022-12-22T09:28:00+00:00, run_after=2022-12-22T09:29:00+00:00
[2022-12-22T09:29:55.339+0000] {processor.py:175} INFO - Processing /home/airflow/.local/lib/python3.7/site-packages/airflow/example_dags/example_branch_python_dop_operator_3.py took 0.234 seconds
[2022-12-22T09:30:26.488+0000] {processor.py:153} INFO - Started process (PID=1143) to work on /home/airflow/.local/lib/python3.7/site-packages/airflow/example_dags/example_branch_python_dop_operator_3.py
[2022-12-22T09:30:26.492+0000] {processor.py:743} INFO - Processing file /home/airflow/.local/lib/python3.7/site-packages/airflow/example_dags/example_branch_python_dop_operator_3.py for tasks to queue
[2022-12-22T09:30:26.493+0000] {logging_mixin.py:137} INFO - [2022-12-22T09:30:26.493+0000] {dagbag.py:538} INFO - Filling up the DagBag from /home/airflow/.local/lib/python3.7/site-packages/airflow/example_dags/example_branch_python_dop_operator_3.py
[2022-12-22T09:30:26.508+0000] {processor.py:753} INFO - DAG(s) dict_keys(['example_branch_dop_operator_v3']) retrieved from /home/airflow/.local/lib/python3.7/site-packages/airflow/example_dags/example_branch_python_dop_operator_3.py
[2022-12-22T09:30:26.539+0000] {logging_mixin.py:137} INFO - [2022-12-22T09:30:26.539+0000] {dag.py:2676} INFO - Sync 1 DAGs
[2022-12-22T09:30:26.567+0000] {logging_mixin.py:137} INFO - [2022-12-22T09:30:26.567+0000] {dag.py:3427} INFO - Setting next_dagrun for example_branch_dop_operator_v3 to 2022-12-22T09:29:00+00:00, run_after=2022-12-22T09:30:00+00:00
[2022-12-22T09:30:26.581+0000] {processor.py:175} INFO - Processing /home/airflow/.local/lib/python3.7/site-packages/airflow/example_dags/example_branch_python_dop_operator_3.py took 0.096 seconds
[2022-12-22T09:31:06.360+0000] {processor.py:153} INFO - Started process (PID=1206) to work on /home/airflow/.local/lib/python3.7/site-packages/airflow/example_dags/example_branch_python_dop_operator_3.py
[2022-12-22T09:31:06.381+0000] {processor.py:743} INFO - Processing file /home/airflow/.local/lib/python3.7/site-packages/airflow/example_dags/example_branch_python_dop_operator_3.py for tasks to queue
[2022-12-22T09:31:06.393+0000] {logging_mixin.py:137} INFO - [2022-12-22T09:31:06.391+0000] {dagbag.py:538} INFO - Filling up the DagBag from /home/airflow/.local/lib/python3.7/site-packages/airflow/example_dags/example_branch_python_dop_operator_3.py
[2022-12-22T09:31:06.543+0000] {processor.py:753} INFO - DAG(s) dict_keys(['example_branch_dop_operator_v3']) retrieved from /home/airflow/.local/lib/python3.7/site-packages/airflow/example_dags/example_branch_python_dop_operator_3.py
[2022-12-22T09:31:06.698+0000] {logging_mixin.py:137} INFO - [2022-12-22T09:31:06.698+0000] {dag.py:2676} INFO - Sync 1 DAGs
[2022-12-22T09:31:07.062+0000] {logging_mixin.py:137} INFO - [2022-12-22T09:31:07.062+0000] {dag.py:3427} INFO - Setting next_dagrun for example_branch_dop_operator_v3 to 2022-12-22T09:30:00+00:00, run_after=2022-12-22T09:31:00+00:00
[2022-12-22T09:31:07.657+0000] {processor.py:175} INFO - Processing /home/airflow/.local/lib/python3.7/site-packages/airflow/example_dags/example_branch_python_dop_operator_3.py took 1.389 seconds
[2022-12-22T09:31:38.057+0000] {processor.py:153} INFO - Started process (PID=1263) to work on /home/airflow/.local/lib/python3.7/site-packages/airflow/example_dags/example_branch_python_dop_operator_3.py
[2022-12-22T09:31:38.060+0000] {processor.py:743} INFO - Processing file /home/airflow/.local/lib/python3.7/site-packages/airflow/example_dags/example_branch_python_dop_operator_3.py for tasks to queue
[2022-12-22T09:31:38.062+0000] {logging_mixin.py:137} INFO - [2022-12-22T09:31:38.061+0000] {dagbag.py:538} INFO - Filling up the DagBag from /home/airflow/.local/lib/python3.7/site-packages/airflow/example_dags/example_branch_python_dop_operator_3.py
[2022-12-22T09:31:38.129+0000] {processor.py:753} INFO - DAG(s) dict_keys(['example_branch_dop_operator_v3']) retrieved from /home/airflow/.local/lib/python3.7/site-packages/airflow/example_dags/example_branch_python_dop_operator_3.py
[2022-12-22T09:31:38.193+0000] {logging_mixin.py:137} INFO - [2022-12-22T09:31:38.193+0000] {dag.py:2676} INFO - Sync 1 DAGs
[2022-12-22T09:31:38.270+0000] {logging_mixin.py:137} INFO - [2022-12-22T09:31:38.270+0000] {dag.py:3427} INFO - Setting next_dagrun for example_branch_dop_operator_v3 to 2022-12-22T09:30:00+00:00, run_after=2022-12-22T09:31:00+00:00
[2022-12-22T09:31:38.334+0000] {processor.py:175} INFO - Processing /home/airflow/.local/lib/python3.7/site-packages/airflow/example_dags/example_branch_python_dop_operator_3.py took 0.280 seconds
[2022-12-22T09:32:08.832+0000] {processor.py:153} INFO - Started process (PID=1331) to work on /home/airflow/.local/lib/python3.7/site-packages/airflow/example_dags/example_branch_python_dop_operator_3.py
[2022-12-22T09:32:08.840+0000] {processor.py:743} INFO - Processing file /home/airflow/.local/lib/python3.7/site-packages/airflow/example_dags/example_branch_python_dop_operator_3.py for tasks to queue
[2022-12-22T09:32:08.844+0000] {logging_mixin.py:137} INFO - [2022-12-22T09:32:08.844+0000] {dagbag.py:538} INFO - Filling up the DagBag from /home/airflow/.local/lib/python3.7/site-packages/airflow/example_dags/example_branch_python_dop_operator_3.py
[2022-12-22T09:32:08.910+0000] {processor.py:753} INFO - DAG(s) dict_keys(['example_branch_dop_operator_v3']) retrieved from /home/airflow/.local/lib/python3.7/site-packages/airflow/example_dags/example_branch_python_dop_operator_3.py
[2022-12-22T09:32:09.020+0000] {logging_mixin.py:137} INFO - [2022-12-22T09:32:09.020+0000] {dag.py:2676} INFO - Sync 1 DAGs
[2022-12-22T09:32:09.059+0000] {logging_mixin.py:137} INFO - [2022-12-22T09:32:09.059+0000] {dag.py:3427} INFO - Setting next_dagrun for example_branch_dop_operator_v3 to 2022-12-22T09:31:00+00:00, run_after=2022-12-22T09:32:00+00:00
[2022-12-22T09:32:09.207+0000] {processor.py:175} INFO - Processing /home/airflow/.local/lib/python3.7/site-packages/airflow/example_dags/example_branch_python_dop_operator_3.py took 0.380 seconds
[2022-12-22T09:32:40.246+0000] {processor.py:153} INFO - Started process (PID=1395) to work on /home/airflow/.local/lib/python3.7/site-packages/airflow/example_dags/example_branch_python_dop_operator_3.py
[2022-12-22T09:32:40.254+0000] {processor.py:743} INFO - Processing file /home/airflow/.local/lib/python3.7/site-packages/airflow/example_dags/example_branch_python_dop_operator_3.py for tasks to queue
[2022-12-22T09:32:40.256+0000] {logging_mixin.py:137} INFO - [2022-12-22T09:32:40.256+0000] {dagbag.py:538} INFO - Filling up the DagBag from /home/airflow/.local/lib/python3.7/site-packages/airflow/example_dags/example_branch_python_dop_operator_3.py
[2022-12-22T09:32:40.330+0000] {processor.py:753} INFO - DAG(s) dict_keys(['example_branch_dop_operator_v3']) retrieved from /home/airflow/.local/lib/python3.7/site-packages/airflow/example_dags/example_branch_python_dop_operator_3.py
[2022-12-22T09:32:40.577+0000] {logging_mixin.py:137} INFO - [2022-12-22T09:32:40.577+0000] {dag.py:2676} INFO - Sync 1 DAGs
[2022-12-22T09:32:40.694+0000] {logging_mixin.py:137} INFO - [2022-12-22T09:32:40.692+0000] {dag.py:3427} INFO - Setting next_dagrun for example_branch_dop_operator_v3 to 2022-12-22T09:31:00+00:00, run_after=2022-12-22T09:32:00+00:00
[2022-12-22T09:32:40.761+0000] {processor.py:175} INFO - Processing /home/airflow/.local/lib/python3.7/site-packages/airflow/example_dags/example_branch_python_dop_operator_3.py took 0.561 seconds
[2022-12-22T09:33:11.524+0000] {processor.py:153} INFO - Started process (PID=1457) to work on /home/airflow/.local/lib/python3.7/site-packages/airflow/example_dags/example_branch_python_dop_operator_3.py
[2022-12-22T09:33:11.535+0000] {processor.py:743} INFO - Processing file /home/airflow/.local/lib/python3.7/site-packages/airflow/example_dags/example_branch_python_dop_operator_3.py for tasks to queue
[2022-12-22T09:33:11.542+0000] {logging_mixin.py:137} INFO - [2022-12-22T09:33:11.542+0000] {dagbag.py:538} INFO - Filling up the DagBag from /home/airflow/.local/lib/python3.7/site-packages/airflow/example_dags/example_branch_python_dop_operator_3.py
[2022-12-22T09:33:11.582+0000] {processor.py:753} INFO - DAG(s) dict_keys(['example_branch_dop_operator_v3']) retrieved from /home/airflow/.local/lib/python3.7/site-packages/airflow/example_dags/example_branch_python_dop_operator_3.py
[2022-12-22T09:33:11.649+0000] {logging_mixin.py:137} INFO - [2022-12-22T09:33:11.648+0000] {dag.py:2676} INFO - Sync 1 DAGs
[2022-12-22T09:33:11.676+0000] {logging_mixin.py:137} INFO - [2022-12-22T09:33:11.676+0000] {dag.py:3427} INFO - Setting next_dagrun for example_branch_dop_operator_v3 to 2022-12-22T09:32:00+00:00, run_after=2022-12-22T09:33:00+00:00
[2022-12-22T09:33:11.694+0000] {processor.py:175} INFO - Processing /home/airflow/.local/lib/python3.7/site-packages/airflow/example_dags/example_branch_python_dop_operator_3.py took 0.179 seconds
[2022-12-22T09:33:41.817+0000] {processor.py:153} INFO - Started process (PID=1519) to work on /home/airflow/.local/lib/python3.7/site-packages/airflow/example_dags/example_branch_python_dop_operator_3.py
[2022-12-22T09:33:41.825+0000] {processor.py:743} INFO - Processing file /home/airflow/.local/lib/python3.7/site-packages/airflow/example_dags/example_branch_python_dop_operator_3.py for tasks to queue
[2022-12-22T09:33:41.830+0000] {logging_mixin.py:137} INFO - [2022-12-22T09:33:41.830+0000] {dagbag.py:538} INFO - Filling up the DagBag from /home/airflow/.local/lib/python3.7/site-packages/airflow/example_dags/example_branch_python_dop_operator_3.py
[2022-12-22T09:33:41.872+0000] {processor.py:753} INFO - DAG(s) dict_keys(['example_branch_dop_operator_v3']) retrieved from /home/airflow/.local/lib/python3.7/site-packages/airflow/example_dags/example_branch_python_dop_operator_3.py
[2022-12-22T09:33:41.912+0000] {logging_mixin.py:137} INFO - [2022-12-22T09:33:41.912+0000] {dag.py:2676} INFO - Sync 1 DAGs
[2022-12-22T09:33:41.940+0000] {logging_mixin.py:137} INFO - [2022-12-22T09:33:41.940+0000] {dag.py:3427} INFO - Setting next_dagrun for example_branch_dop_operator_v3 to 2022-12-22T09:32:00+00:00, run_after=2022-12-22T09:33:00+00:00
[2022-12-22T09:33:41.953+0000] {processor.py:175} INFO - Processing /home/airflow/.local/lib/python3.7/site-packages/airflow/example_dags/example_branch_python_dop_operator_3.py took 0.139 seconds
[2022-12-22T12:54:18.359+0000] {processor.py:153} INFO - Started process (PID=99) to work on /home/airflow/.local/lib/python3.7/site-packages/airflow/example_dags/example_branch_python_dop_operator_3.py
[2022-12-22T12:54:19.394+0000] {processor.py:743} INFO - Processing file /home/airflow/.local/lib/python3.7/site-packages/airflow/example_dags/example_branch_python_dop_operator_3.py for tasks to queue
[2022-12-22T12:54:19.750+0000] {logging_mixin.py:137} INFO - [2022-12-22T12:54:19.749+0000] {dagbag.py:538} INFO - Filling up the DagBag from /home/airflow/.local/lib/python3.7/site-packages/airflow/example_dags/example_branch_python_dop_operator_3.py
[2022-12-22T12:54:21.221+0000] {processor.py:753} INFO - DAG(s) dict_keys(['example_branch_dop_operator_v3']) retrieved from /home/airflow/.local/lib/python3.7/site-packages/airflow/example_dags/example_branch_python_dop_operator_3.py
[2022-12-22T12:54:22.401+0000] {logging_mixin.py:137} INFO - [2022-12-22T12:54:22.401+0000] {dag.py:2676} INFO - Sync 1 DAGs
[2022-12-22T12:54:22.645+0000] {logging_mixin.py:137} INFO - [2022-12-22T12:54:22.645+0000] {dag.py:3427} INFO - Setting next_dagrun for example_branch_dop_operator_v3 to 2022-12-22T12:53:00+00:00, run_after=2022-12-22T12:54:00+00:00
[2022-12-22T12:54:23.628+0000] {processor.py:175} INFO - Processing /home/airflow/.local/lib/python3.7/site-packages/airflow/example_dags/example_branch_python_dop_operator_3.py took 5.333 seconds
[2022-12-22T13:29:21.521+0000] {processor.py:153} INFO - Started process (PID=77) to work on /home/airflow/.local/lib/python3.7/site-packages/airflow/example_dags/example_branch_python_dop_operator_3.py
[2022-12-22T13:29:21.525+0000] {processor.py:743} INFO - Processing file /home/airflow/.local/lib/python3.7/site-packages/airflow/example_dags/example_branch_python_dop_operator_3.py for tasks to queue
[2022-12-22T13:29:21.528+0000] {logging_mixin.py:137} INFO - [2022-12-22T13:29:21.527+0000] {dagbag.py:538} INFO - Filling up the DagBag from /home/airflow/.local/lib/python3.7/site-packages/airflow/example_dags/example_branch_python_dop_operator_3.py
[2022-12-22T13:29:21.688+0000] {processor.py:753} INFO - DAG(s) dict_keys(['example_branch_dop_operator_v3']) retrieved from /home/airflow/.local/lib/python3.7/site-packages/airflow/example_dags/example_branch_python_dop_operator_3.py
[2022-12-22T13:29:21.957+0000] {logging_mixin.py:137} INFO - [2022-12-22T13:29:21.955+0000] {dag.py:2676} INFO - Sync 1 DAGs
[2022-12-22T13:29:22.109+0000] {logging_mixin.py:137} INFO - [2022-12-22T13:29:22.108+0000] {dag.py:3427} INFO - Setting next_dagrun for example_branch_dop_operator_v3 to 2022-12-22T13:28:00+00:00, run_after=2022-12-22T13:29:00+00:00
[2022-12-22T13:29:22.206+0000] {processor.py:175} INFO - Processing /home/airflow/.local/lib/python3.7/site-packages/airflow/example_dags/example_branch_python_dop_operator_3.py took 0.704 seconds
[2022-12-22T13:29:53.739+0000] {processor.py:153} INFO - Started process (PID=141) to work on /home/airflow/.local/lib/python3.7/site-packages/airflow/example_dags/example_branch_python_dop_operator_3.py
[2022-12-22T13:29:53.752+0000] {processor.py:743} INFO - Processing file /home/airflow/.local/lib/python3.7/site-packages/airflow/example_dags/example_branch_python_dop_operator_3.py for tasks to queue
[2022-12-22T13:29:53.761+0000] {logging_mixin.py:137} INFO - [2022-12-22T13:29:53.761+0000] {dagbag.py:538} INFO - Filling up the DagBag from /home/airflow/.local/lib/python3.7/site-packages/airflow/example_dags/example_branch_python_dop_operator_3.py
[2022-12-22T13:29:53.942+0000] {processor.py:753} INFO - DAG(s) dict_keys(['example_branch_dop_operator_v3']) retrieved from /home/airflow/.local/lib/python3.7/site-packages/airflow/example_dags/example_branch_python_dop_operator_3.py
[2022-12-22T13:29:54.153+0000] {logging_mixin.py:137} INFO - [2022-12-22T13:29:54.152+0000] {dag.py:2676} INFO - Sync 1 DAGs
[2022-12-22T13:29:54.292+0000] {logging_mixin.py:137} INFO - [2022-12-22T13:29:54.292+0000] {dag.py:3427} INFO - Setting next_dagrun for example_branch_dop_operator_v3 to 2022-12-22T13:28:00+00:00, run_after=2022-12-22T13:29:00+00:00
[2022-12-22T13:29:54.318+0000] {processor.py:175} INFO - Processing /home/airflow/.local/lib/python3.7/site-packages/airflow/example_dags/example_branch_python_dop_operator_3.py took 0.589 seconds
[2022-12-22T13:30:24.485+0000] {processor.py:153} INFO - Started process (PID=204) to work on /home/airflow/.local/lib/python3.7/site-packages/airflow/example_dags/example_branch_python_dop_operator_3.py
[2022-12-22T13:30:24.487+0000] {processor.py:743} INFO - Processing file /home/airflow/.local/lib/python3.7/site-packages/airflow/example_dags/example_branch_python_dop_operator_3.py for tasks to queue
[2022-12-22T13:30:24.488+0000] {logging_mixin.py:137} INFO - [2022-12-22T13:30:24.488+0000] {dagbag.py:538} INFO - Filling up the DagBag from /home/airflow/.local/lib/python3.7/site-packages/airflow/example_dags/example_branch_python_dop_operator_3.py
[2022-12-22T13:30:24.506+0000] {processor.py:753} INFO - DAG(s) dict_keys(['example_branch_dop_operator_v3']) retrieved from /home/airflow/.local/lib/python3.7/site-packages/airflow/example_dags/example_branch_python_dop_operator_3.py
[2022-12-22T13:30:24.540+0000] {logging_mixin.py:137} INFO - [2022-12-22T13:30:24.540+0000] {dag.py:2676} INFO - Sync 1 DAGs
[2022-12-22T13:30:24.563+0000] {logging_mixin.py:137} INFO - [2022-12-22T13:30:24.563+0000] {dag.py:3427} INFO - Setting next_dagrun for example_branch_dop_operator_v3 to 2022-12-22T13:29:00+00:00, run_after=2022-12-22T13:30:00+00:00
[2022-12-22T13:30:24.581+0000] {processor.py:175} INFO - Processing /home/airflow/.local/lib/python3.7/site-packages/airflow/example_dags/example_branch_python_dop_operator_3.py took 0.099 seconds
[2022-12-22T13:30:54.793+0000] {processor.py:153} INFO - Started process (PID=279) to work on /home/airflow/.local/lib/python3.7/site-packages/airflow/example_dags/example_branch_python_dop_operator_3.py
[2022-12-22T13:30:54.800+0000] {processor.py:743} INFO - Processing file /home/airflow/.local/lib/python3.7/site-packages/airflow/example_dags/example_branch_python_dop_operator_3.py for tasks to queue
[2022-12-22T13:30:54.802+0000] {logging_mixin.py:137} INFO - [2022-12-22T13:30:54.801+0000] {dagbag.py:538} INFO - Filling up the DagBag from /home/airflow/.local/lib/python3.7/site-packages/airflow/example_dags/example_branch_python_dop_operator_3.py
[2022-12-22T13:30:54.856+0000] {processor.py:753} INFO - DAG(s) dict_keys(['example_branch_dop_operator_v3']) retrieved from /home/airflow/.local/lib/python3.7/site-packages/airflow/example_dags/example_branch_python_dop_operator_3.py
[2022-12-22T13:30:54.895+0000] {logging_mixin.py:137} INFO - [2022-12-22T13:30:54.895+0000] {dag.py:2676} INFO - Sync 1 DAGs
[2022-12-22T13:30:54.947+0000] {logging_mixin.py:137} INFO - [2022-12-22T13:30:54.946+0000] {dag.py:3427} INFO - Setting next_dagrun for example_branch_dop_operator_v3 to 2022-12-22T13:29:00+00:00, run_after=2022-12-22T13:30:00+00:00
[2022-12-22T13:30:54.974+0000] {processor.py:175} INFO - Processing /home/airflow/.local/lib/python3.7/site-packages/airflow/example_dags/example_branch_python_dop_operator_3.py took 0.186 seconds
[2022-12-22T13:31:25.559+0000] {processor.py:153} INFO - Started process (PID=354) to work on /home/airflow/.local/lib/python3.7/site-packages/airflow/example_dags/example_branch_python_dop_operator_3.py
[2022-12-22T13:31:25.562+0000] {processor.py:743} INFO - Processing file /home/airflow/.local/lib/python3.7/site-packages/airflow/example_dags/example_branch_python_dop_operator_3.py for tasks to queue
[2022-12-22T13:31:25.565+0000] {logging_mixin.py:137} INFO - [2022-12-22T13:31:25.565+0000] {dagbag.py:538} INFO - Filling up the DagBag from /home/airflow/.local/lib/python3.7/site-packages/airflow/example_dags/example_branch_python_dop_operator_3.py
[2022-12-22T13:31:25.584+0000] {processor.py:753} INFO - DAG(s) dict_keys(['example_branch_dop_operator_v3']) retrieved from /home/airflow/.local/lib/python3.7/site-packages/airflow/example_dags/example_branch_python_dop_operator_3.py
[2022-12-22T13:31:25.617+0000] {logging_mixin.py:137} INFO - [2022-12-22T13:31:25.616+0000] {dag.py:2676} INFO - Sync 1 DAGs
[2022-12-22T13:31:25.646+0000] {logging_mixin.py:137} INFO - [2022-12-22T13:31:25.645+0000] {dag.py:3427} INFO - Setting next_dagrun for example_branch_dop_operator_v3 to 2022-12-22T13:30:00+00:00, run_after=2022-12-22T13:31:00+00:00
[2022-12-22T13:31:25.663+0000] {processor.py:175} INFO - Processing /home/airflow/.local/lib/python3.7/site-packages/airflow/example_dags/example_branch_python_dop_operator_3.py took 0.107 seconds
[2022-12-22T13:31:56.146+0000] {processor.py:153} INFO - Started process (PID=420) to work on /home/airflow/.local/lib/python3.7/site-packages/airflow/example_dags/example_branch_python_dop_operator_3.py
[2022-12-22T13:31:56.148+0000] {processor.py:743} INFO - Processing file /home/airflow/.local/lib/python3.7/site-packages/airflow/example_dags/example_branch_python_dop_operator_3.py for tasks to queue
[2022-12-22T13:31:56.149+0000] {logging_mixin.py:137} INFO - [2022-12-22T13:31:56.149+0000] {dagbag.py:538} INFO - Filling up the DagBag from /home/airflow/.local/lib/python3.7/site-packages/airflow/example_dags/example_branch_python_dop_operator_3.py
[2022-12-22T13:31:56.165+0000] {processor.py:753} INFO - DAG(s) dict_keys(['example_branch_dop_operator_v3']) retrieved from /home/airflow/.local/lib/python3.7/site-packages/airflow/example_dags/example_branch_python_dop_operator_3.py
[2022-12-22T13:31:56.188+0000] {logging_mixin.py:137} INFO - [2022-12-22T13:31:56.188+0000] {dag.py:2676} INFO - Sync 1 DAGs
[2022-12-22T13:31:56.208+0000] {logging_mixin.py:137} INFO - [2022-12-22T13:31:56.208+0000] {dag.py:3427} INFO - Setting next_dagrun for example_branch_dop_operator_v3 to 2022-12-22T13:30:00+00:00, run_after=2022-12-22T13:31:00+00:00
[2022-12-22T13:31:56.220+0000] {processor.py:175} INFO - Processing /home/airflow/.local/lib/python3.7/site-packages/airflow/example_dags/example_branch_python_dop_operator_3.py took 0.077 seconds
