[2022-12-22T09:20:47.170+0000] {processor.py:153} INFO - Started process (PID=72) to work on /home/airflow/.local/lib/python3.7/site-packages/airflow/example_dags/example_latest_only_with_trigger.py
[2022-12-22T09:20:47.176+0000] {processor.py:743} INFO - Processing file /home/airflow/.local/lib/python3.7/site-packages/airflow/example_dags/example_latest_only_with_trigger.py for tasks to queue
[2022-12-22T09:20:47.178+0000] {logging_mixin.py:137} INFO - [2022-12-22T09:20:47.178+0000] {dagbag.py:538} INFO - Filling up the DagBag from /home/airflow/.local/lib/python3.7/site-packages/airflow/example_dags/example_latest_only_with_trigger.py
[2022-12-22T09:20:47.196+0000] {processor.py:753} INFO - DAG(s) dict_keys(['latest_only_with_trigger']) retrieved from /home/airflow/.local/lib/python3.7/site-packages/airflow/example_dags/example_latest_only_with_trigger.py
[2022-12-22T09:20:47.224+0000] {logging_mixin.py:137} INFO - [2022-12-22T09:20:47.224+0000] {dag.py:2676} INFO - Sync 1 DAGs
[2022-12-22T09:20:47.247+0000] {logging_mixin.py:137} INFO - [2022-12-22T09:20:47.247+0000] {dag.py:3427} INFO - Setting next_dagrun for latest_only_with_trigger to 2022-12-22T05:20:47.247199+00:00, run_after=2022-12-22T09:20:47.247199+00:00
[2022-12-22T09:20:47.585+0000] {processor.py:175} INFO - Processing /home/airflow/.local/lib/python3.7/site-packages/airflow/example_dags/example_latest_only_with_trigger.py took 0.418 seconds
[2022-12-22T09:21:18.200+0000] {processor.py:153} INFO - Started process (PID=134) to work on /home/airflow/.local/lib/python3.7/site-packages/airflow/example_dags/example_latest_only_with_trigger.py
[2022-12-22T09:21:18.202+0000] {processor.py:743} INFO - Processing file /home/airflow/.local/lib/python3.7/site-packages/airflow/example_dags/example_latest_only_with_trigger.py for tasks to queue
[2022-12-22T09:21:18.203+0000] {logging_mixin.py:137} INFO - [2022-12-22T09:21:18.203+0000] {dagbag.py:538} INFO - Filling up the DagBag from /home/airflow/.local/lib/python3.7/site-packages/airflow/example_dags/example_latest_only_with_trigger.py
[2022-12-22T09:21:18.219+0000] {processor.py:753} INFO - DAG(s) dict_keys(['latest_only_with_trigger']) retrieved from /home/airflow/.local/lib/python3.7/site-packages/airflow/example_dags/example_latest_only_with_trigger.py
[2022-12-22T09:21:18.267+0000] {logging_mixin.py:137} INFO - [2022-12-22T09:21:18.265+0000] {dag.py:2676} INFO - Sync 1 DAGs
[2022-12-22T09:21:18.298+0000] {logging_mixin.py:137} INFO - [2022-12-22T09:21:18.298+0000] {dag.py:3427} INFO - Setting next_dagrun for latest_only_with_trigger to 2022-12-22T05:21:18.298224+00:00, run_after=2022-12-22T09:21:18.298224+00:00
[2022-12-22T09:21:18.320+0000] {processor.py:175} INFO - Processing /home/airflow/.local/lib/python3.7/site-packages/airflow/example_dags/example_latest_only_with_trigger.py took 0.123 seconds
[2022-12-22T09:21:49.554+0000] {processor.py:153} INFO - Started process (PID=206) to work on /home/airflow/.local/lib/python3.7/site-packages/airflow/example_dags/example_latest_only_with_trigger.py
[2022-12-22T09:21:49.558+0000] {processor.py:743} INFO - Processing file /home/airflow/.local/lib/python3.7/site-packages/airflow/example_dags/example_latest_only_with_trigger.py for tasks to queue
[2022-12-22T09:21:49.563+0000] {logging_mixin.py:137} INFO - [2022-12-22T09:21:49.561+0000] {dagbag.py:538} INFO - Filling up the DagBag from /home/airflow/.local/lib/python3.7/site-packages/airflow/example_dags/example_latest_only_with_trigger.py
[2022-12-22T09:21:49.616+0000] {processor.py:753} INFO - DAG(s) dict_keys(['latest_only_with_trigger']) retrieved from /home/airflow/.local/lib/python3.7/site-packages/airflow/example_dags/example_latest_only_with_trigger.py
[2022-12-22T09:21:49.727+0000] {logging_mixin.py:137} INFO - [2022-12-22T09:21:49.727+0000] {dag.py:2676} INFO - Sync 1 DAGs
[2022-12-22T09:21:49.792+0000] {logging_mixin.py:137} INFO - [2022-12-22T09:21:49.792+0000] {dag.py:3427} INFO - Setting next_dagrun for latest_only_with_trigger to 2022-12-22T05:21:49.792295+00:00, run_after=2022-12-22T09:21:49.792295+00:00
[2022-12-22T09:21:50.057+0000] {processor.py:175} INFO - Processing /home/airflow/.local/lib/python3.7/site-packages/airflow/example_dags/example_latest_only_with_trigger.py took 0.507 seconds
[2022-12-22T09:22:21.039+0000] {processor.py:153} INFO - Started process (PID=259) to work on /home/airflow/.local/lib/python3.7/site-packages/airflow/example_dags/example_latest_only_with_trigger.py
[2022-12-22T09:22:21.041+0000] {processor.py:743} INFO - Processing file /home/airflow/.local/lib/python3.7/site-packages/airflow/example_dags/example_latest_only_with_trigger.py for tasks to queue
[2022-12-22T09:22:21.043+0000] {logging_mixin.py:137} INFO - [2022-12-22T09:22:21.043+0000] {dagbag.py:538} INFO - Filling up the DagBag from /home/airflow/.local/lib/python3.7/site-packages/airflow/example_dags/example_latest_only_with_trigger.py
[2022-12-22T09:22:21.059+0000] {processor.py:753} INFO - DAG(s) dict_keys(['latest_only_with_trigger']) retrieved from /home/airflow/.local/lib/python3.7/site-packages/airflow/example_dags/example_latest_only_with_trigger.py
[2022-12-22T09:22:21.093+0000] {logging_mixin.py:137} INFO - [2022-12-22T09:22:21.093+0000] {dag.py:2676} INFO - Sync 1 DAGs
[2022-12-22T09:22:21.112+0000] {logging_mixin.py:137} INFO - [2022-12-22T09:22:21.112+0000] {dag.py:3427} INFO - Setting next_dagrun for latest_only_with_trigger to 2022-12-22T05:22:21.112460+00:00, run_after=2022-12-22T09:22:21.112460+00:00
[2022-12-22T09:22:21.126+0000] {processor.py:175} INFO - Processing /home/airflow/.local/lib/python3.7/site-packages/airflow/example_dags/example_latest_only_with_trigger.py took 0.091 seconds
[2022-12-22T09:22:53.973+0000] {processor.py:153} INFO - Started process (PID=334) to work on /home/airflow/.local/lib/python3.7/site-packages/airflow/example_dags/example_latest_only_with_trigger.py
[2022-12-22T09:22:53.977+0000] {processor.py:743} INFO - Processing file /home/airflow/.local/lib/python3.7/site-packages/airflow/example_dags/example_latest_only_with_trigger.py for tasks to queue
[2022-12-22T09:22:53.982+0000] {logging_mixin.py:137} INFO - [2022-12-22T09:22:53.982+0000] {dagbag.py:538} INFO - Filling up the DagBag from /home/airflow/.local/lib/python3.7/site-packages/airflow/example_dags/example_latest_only_with_trigger.py
[2022-12-22T09:22:53.999+0000] {processor.py:753} INFO - DAG(s) dict_keys(['latest_only_with_trigger']) retrieved from /home/airflow/.local/lib/python3.7/site-packages/airflow/example_dags/example_latest_only_with_trigger.py
[2022-12-22T09:22:54.022+0000] {logging_mixin.py:137} INFO - [2022-12-22T09:22:54.022+0000] {dag.py:2676} INFO - Sync 1 DAGs
[2022-12-22T09:22:54.038+0000] {logging_mixin.py:137} INFO - [2022-12-22T09:22:54.038+0000] {dag.py:3427} INFO - Setting next_dagrun for latest_only_with_trigger to 2022-12-22T05:22:54.038181+00:00, run_after=2022-12-22T09:22:54.038181+00:00
[2022-12-22T09:22:54.062+0000] {processor.py:175} INFO - Processing /home/airflow/.local/lib/python3.7/site-packages/airflow/example_dags/example_latest_only_with_trigger.py took 0.091 seconds
[2022-12-22T09:23:26.424+0000] {processor.py:153} INFO - Started process (PID=393) to work on /home/airflow/.local/lib/python3.7/site-packages/airflow/example_dags/example_latest_only_with_trigger.py
[2022-12-22T09:23:26.433+0000] {processor.py:743} INFO - Processing file /home/airflow/.local/lib/python3.7/site-packages/airflow/example_dags/example_latest_only_with_trigger.py for tasks to queue
[2022-12-22T09:23:26.436+0000] {logging_mixin.py:137} INFO - [2022-12-22T09:23:26.436+0000] {dagbag.py:538} INFO - Filling up the DagBag from /home/airflow/.local/lib/python3.7/site-packages/airflow/example_dags/example_latest_only_with_trigger.py
[2022-12-22T09:23:26.451+0000] {processor.py:753} INFO - DAG(s) dict_keys(['latest_only_with_trigger']) retrieved from /home/airflow/.local/lib/python3.7/site-packages/airflow/example_dags/example_latest_only_with_trigger.py
[2022-12-22T09:23:26.502+0000] {logging_mixin.py:137} INFO - [2022-12-22T09:23:26.502+0000] {dag.py:2676} INFO - Sync 1 DAGs
[2022-12-22T09:23:26.535+0000] {logging_mixin.py:137} INFO - [2022-12-22T09:23:26.534+0000] {dag.py:3427} INFO - Setting next_dagrun for latest_only_with_trigger to 2022-12-22T05:23:26.534604+00:00, run_after=2022-12-22T09:23:26.534604+00:00
[2022-12-22T09:23:26.571+0000] {processor.py:175} INFO - Processing /home/airflow/.local/lib/python3.7/site-packages/airflow/example_dags/example_latest_only_with_trigger.py took 0.150 seconds
[2022-12-22T09:23:58.756+0000] {processor.py:153} INFO - Started process (PID=456) to work on /home/airflow/.local/lib/python3.7/site-packages/airflow/example_dags/example_latest_only_with_trigger.py
[2022-12-22T09:23:58.761+0000] {processor.py:743} INFO - Processing file /home/airflow/.local/lib/python3.7/site-packages/airflow/example_dags/example_latest_only_with_trigger.py for tasks to queue
[2022-12-22T09:23:58.762+0000] {logging_mixin.py:137} INFO - [2022-12-22T09:23:58.762+0000] {dagbag.py:538} INFO - Filling up the DagBag from /home/airflow/.local/lib/python3.7/site-packages/airflow/example_dags/example_latest_only_with_trigger.py
[2022-12-22T09:23:58.774+0000] {processor.py:753} INFO - DAG(s) dict_keys(['latest_only_with_trigger']) retrieved from /home/airflow/.local/lib/python3.7/site-packages/airflow/example_dags/example_latest_only_with_trigger.py
[2022-12-22T09:23:58.801+0000] {logging_mixin.py:137} INFO - [2022-12-22T09:23:58.800+0000] {dag.py:2676} INFO - Sync 1 DAGs
[2022-12-22T09:23:58.817+0000] {logging_mixin.py:137} INFO - [2022-12-22T09:23:58.817+0000] {dag.py:3427} INFO - Setting next_dagrun for latest_only_with_trigger to 2022-12-22T05:23:58.817300+00:00, run_after=2022-12-22T09:23:58.817300+00:00
[2022-12-22T09:23:58.833+0000] {processor.py:175} INFO - Processing /home/airflow/.local/lib/python3.7/site-packages/airflow/example_dags/example_latest_only_with_trigger.py took 0.079 seconds
[2022-12-22T09:24:29.255+0000] {processor.py:153} INFO - Started process (PID=518) to work on /home/airflow/.local/lib/python3.7/site-packages/airflow/example_dags/example_latest_only_with_trigger.py
[2022-12-22T09:24:29.264+0000] {processor.py:743} INFO - Processing file /home/airflow/.local/lib/python3.7/site-packages/airflow/example_dags/example_latest_only_with_trigger.py for tasks to queue
[2022-12-22T09:24:29.266+0000] {logging_mixin.py:137} INFO - [2022-12-22T09:24:29.265+0000] {dagbag.py:538} INFO - Filling up the DagBag from /home/airflow/.local/lib/python3.7/site-packages/airflow/example_dags/example_latest_only_with_trigger.py
[2022-12-22T09:24:29.291+0000] {processor.py:753} INFO - DAG(s) dict_keys(['latest_only_with_trigger']) retrieved from /home/airflow/.local/lib/python3.7/site-packages/airflow/example_dags/example_latest_only_with_trigger.py
[2022-12-22T09:24:29.330+0000] {logging_mixin.py:137} INFO - [2022-12-22T09:24:29.330+0000] {dag.py:2676} INFO - Sync 1 DAGs
[2022-12-22T09:24:29.346+0000] {logging_mixin.py:137} INFO - [2022-12-22T09:24:29.346+0000] {dag.py:3427} INFO - Setting next_dagrun for latest_only_with_trigger to 2022-12-22T05:24:29.346321+00:00, run_after=2022-12-22T09:24:29.346321+00:00
[2022-12-22T09:24:29.479+0000] {processor.py:175} INFO - Processing /home/airflow/.local/lib/python3.7/site-packages/airflow/example_dags/example_latest_only_with_trigger.py took 0.228 seconds
[2022-12-22T09:25:00.127+0000] {processor.py:153} INFO - Started process (PID=581) to work on /home/airflow/.local/lib/python3.7/site-packages/airflow/example_dags/example_latest_only_with_trigger.py
[2022-12-22T09:25:00.142+0000] {processor.py:743} INFO - Processing file /home/airflow/.local/lib/python3.7/site-packages/airflow/example_dags/example_latest_only_with_trigger.py for tasks to queue
[2022-12-22T09:25:00.145+0000] {logging_mixin.py:137} INFO - [2022-12-22T09:25:00.145+0000] {dagbag.py:538} INFO - Filling up the DagBag from /home/airflow/.local/lib/python3.7/site-packages/airflow/example_dags/example_latest_only_with_trigger.py
[2022-12-22T09:25:00.158+0000] {processor.py:753} INFO - DAG(s) dict_keys(['latest_only_with_trigger']) retrieved from /home/airflow/.local/lib/python3.7/site-packages/airflow/example_dags/example_latest_only_with_trigger.py
[2022-12-22T09:25:00.189+0000] {logging_mixin.py:137} INFO - [2022-12-22T09:25:00.189+0000] {dag.py:2676} INFO - Sync 1 DAGs
[2022-12-22T09:25:00.208+0000] {logging_mixin.py:137} INFO - [2022-12-22T09:25:00.207+0000] {dag.py:3427} INFO - Setting next_dagrun for latest_only_with_trigger to 2022-12-22T05:25:00.207841+00:00, run_after=2022-12-22T09:25:00.207841+00:00
[2022-12-22T09:25:00.221+0000] {processor.py:175} INFO - Processing /home/airflow/.local/lib/python3.7/site-packages/airflow/example_dags/example_latest_only_with_trigger.py took 0.097 seconds
[2022-12-22T09:25:30.509+0000] {processor.py:153} INFO - Started process (PID=640) to work on /home/airflow/.local/lib/python3.7/site-packages/airflow/example_dags/example_latest_only_with_trigger.py
[2022-12-22T09:25:30.511+0000] {processor.py:743} INFO - Processing file /home/airflow/.local/lib/python3.7/site-packages/airflow/example_dags/example_latest_only_with_trigger.py for tasks to queue
[2022-12-22T09:25:30.512+0000] {logging_mixin.py:137} INFO - [2022-12-22T09:25:30.512+0000] {dagbag.py:538} INFO - Filling up the DagBag from /home/airflow/.local/lib/python3.7/site-packages/airflow/example_dags/example_latest_only_with_trigger.py
[2022-12-22T09:25:30.523+0000] {processor.py:753} INFO - DAG(s) dict_keys(['latest_only_with_trigger']) retrieved from /home/airflow/.local/lib/python3.7/site-packages/airflow/example_dags/example_latest_only_with_trigger.py
[2022-12-22T09:25:30.547+0000] {logging_mixin.py:137} INFO - [2022-12-22T09:25:30.547+0000] {dag.py:2676} INFO - Sync 1 DAGs
[2022-12-22T09:25:30.566+0000] {logging_mixin.py:137} INFO - [2022-12-22T09:25:30.566+0000] {dag.py:3427} INFO - Setting next_dagrun for latest_only_with_trigger to 2022-12-22T05:25:30.566124+00:00, run_after=2022-12-22T09:25:30.566124+00:00
[2022-12-22T09:25:30.593+0000] {processor.py:175} INFO - Processing /home/airflow/.local/lib/python3.7/site-packages/airflow/example_dags/example_latest_only_with_trigger.py took 0.087 seconds
[2022-12-22T09:26:01.218+0000] {processor.py:153} INFO - Started process (PID=701) to work on /home/airflow/.local/lib/python3.7/site-packages/airflow/example_dags/example_latest_only_with_trigger.py
[2022-12-22T09:26:01.219+0000] {processor.py:743} INFO - Processing file /home/airflow/.local/lib/python3.7/site-packages/airflow/example_dags/example_latest_only_with_trigger.py for tasks to queue
[2022-12-22T09:26:01.220+0000] {logging_mixin.py:137} INFO - [2022-12-22T09:26:01.220+0000] {dagbag.py:538} INFO - Filling up the DagBag from /home/airflow/.local/lib/python3.7/site-packages/airflow/example_dags/example_latest_only_with_trigger.py
[2022-12-22T09:26:01.230+0000] {processor.py:753} INFO - DAG(s) dict_keys(['latest_only_with_trigger']) retrieved from /home/airflow/.local/lib/python3.7/site-packages/airflow/example_dags/example_latest_only_with_trigger.py
[2022-12-22T09:26:01.266+0000] {logging_mixin.py:137} INFO - [2022-12-22T09:26:01.266+0000] {dag.py:2676} INFO - Sync 1 DAGs
[2022-12-22T09:26:01.288+0000] {logging_mixin.py:137} INFO - [2022-12-22T09:26:01.287+0000] {dag.py:3427} INFO - Setting next_dagrun for latest_only_with_trigger to 2022-12-22T05:26:01.287807+00:00, run_after=2022-12-22T09:26:01.287807+00:00
[2022-12-22T09:26:01.303+0000] {processor.py:175} INFO - Processing /home/airflow/.local/lib/python3.7/site-packages/airflow/example_dags/example_latest_only_with_trigger.py took 0.087 seconds
[2022-12-22T09:27:36.609+0000] {processor.py:153} INFO - Started process (PID=795) to work on /home/airflow/.local/lib/python3.7/site-packages/airflow/example_dags/example_latest_only_with_trigger.py
[2022-12-22T09:27:36.636+0000] {processor.py:743} INFO - Processing file /home/airflow/.local/lib/python3.7/site-packages/airflow/example_dags/example_latest_only_with_trigger.py for tasks to queue
[2022-12-22T09:27:36.643+0000] {logging_mixin.py:137} INFO - [2022-12-22T09:27:36.643+0000] {dagbag.py:538} INFO - Filling up the DagBag from /home/airflow/.local/lib/python3.7/site-packages/airflow/example_dags/example_latest_only_with_trigger.py
[2022-12-22T09:27:36.731+0000] {processor.py:753} INFO - DAG(s) dict_keys(['latest_only_with_trigger']) retrieved from /home/airflow/.local/lib/python3.7/site-packages/airflow/example_dags/example_latest_only_with_trigger.py
[2022-12-22T09:27:36.813+0000] {logging_mixin.py:137} INFO - [2022-12-22T09:27:36.813+0000] {dag.py:2676} INFO - Sync 1 DAGs
[2022-12-22T09:27:36.879+0000] {logging_mixin.py:137} INFO - [2022-12-22T09:27:36.879+0000] {dag.py:3427} INFO - Setting next_dagrun for latest_only_with_trigger to 2022-12-22T05:27:36.878513+00:00, run_after=2022-12-22T09:27:36.878513+00:00
[2022-12-22T09:27:37.019+0000] {processor.py:175} INFO - Processing /home/airflow/.local/lib/python3.7/site-packages/airflow/example_dags/example_latest_only_with_trigger.py took 0.422 seconds
[2022-12-22T09:28:07.639+0000] {processor.py:153} INFO - Started process (PID=861) to work on /home/airflow/.local/lib/python3.7/site-packages/airflow/example_dags/example_latest_only_with_trigger.py
[2022-12-22T09:28:07.645+0000] {processor.py:743} INFO - Processing file /home/airflow/.local/lib/python3.7/site-packages/airflow/example_dags/example_latest_only_with_trigger.py for tasks to queue
[2022-12-22T09:28:07.661+0000] {logging_mixin.py:137} INFO - [2022-12-22T09:28:07.661+0000] {dagbag.py:538} INFO - Filling up the DagBag from /home/airflow/.local/lib/python3.7/site-packages/airflow/example_dags/example_latest_only_with_trigger.py
[2022-12-22T09:28:07.736+0000] {processor.py:753} INFO - DAG(s) dict_keys(['latest_only_with_trigger']) retrieved from /home/airflow/.local/lib/python3.7/site-packages/airflow/example_dags/example_latest_only_with_trigger.py
[2022-12-22T09:28:07.786+0000] {logging_mixin.py:137} INFO - [2022-12-22T09:28:07.786+0000] {dag.py:2676} INFO - Sync 1 DAGs
[2022-12-22T09:28:07.828+0000] {logging_mixin.py:137} INFO - [2022-12-22T09:28:07.827+0000] {dag.py:3427} INFO - Setting next_dagrun for latest_only_with_trigger to 2022-12-22T05:28:07.825555+00:00, run_after=2022-12-22T09:28:07.825555+00:00
[2022-12-22T09:28:07.871+0000] {processor.py:175} INFO - Processing /home/airflow/.local/lib/python3.7/site-packages/airflow/example_dags/example_latest_only_with_trigger.py took 0.235 seconds
[2022-12-22T09:28:38.446+0000] {processor.py:153} INFO - Started process (PID=923) to work on /home/airflow/.local/lib/python3.7/site-packages/airflow/example_dags/example_latest_only_with_trigger.py
[2022-12-22T09:28:38.447+0000] {processor.py:743} INFO - Processing file /home/airflow/.local/lib/python3.7/site-packages/airflow/example_dags/example_latest_only_with_trigger.py for tasks to queue
[2022-12-22T09:28:38.448+0000] {logging_mixin.py:137} INFO - [2022-12-22T09:28:38.448+0000] {dagbag.py:538} INFO - Filling up the DagBag from /home/airflow/.local/lib/python3.7/site-packages/airflow/example_dags/example_latest_only_with_trigger.py
[2022-12-22T09:28:38.458+0000] {processor.py:753} INFO - DAG(s) dict_keys(['latest_only_with_trigger']) retrieved from /home/airflow/.local/lib/python3.7/site-packages/airflow/example_dags/example_latest_only_with_trigger.py
[2022-12-22T09:28:38.486+0000] {logging_mixin.py:137} INFO - [2022-12-22T09:28:38.486+0000] {dag.py:2676} INFO - Sync 1 DAGs
[2022-12-22T09:28:38.506+0000] {logging_mixin.py:137} INFO - [2022-12-22T09:28:38.506+0000] {dag.py:3427} INFO - Setting next_dagrun for latest_only_with_trigger to 2022-12-22T05:28:38.506166+00:00, run_after=2022-12-22T09:28:38.506166+00:00
[2022-12-22T09:28:38.523+0000] {processor.py:175} INFO - Processing /home/airflow/.local/lib/python3.7/site-packages/airflow/example_dags/example_latest_only_with_trigger.py took 0.079 seconds
[2022-12-22T09:29:09.483+0000] {processor.py:153} INFO - Started process (PID=986) to work on /home/airflow/.local/lib/python3.7/site-packages/airflow/example_dags/example_latest_only_with_trigger.py
[2022-12-22T09:29:09.486+0000] {processor.py:743} INFO - Processing file /home/airflow/.local/lib/python3.7/site-packages/airflow/example_dags/example_latest_only_with_trigger.py for tasks to queue
[2022-12-22T09:29:09.488+0000] {logging_mixin.py:137} INFO - [2022-12-22T09:29:09.488+0000] {dagbag.py:538} INFO - Filling up the DagBag from /home/airflow/.local/lib/python3.7/site-packages/airflow/example_dags/example_latest_only_with_trigger.py
[2022-12-22T09:29:09.501+0000] {processor.py:753} INFO - DAG(s) dict_keys(['latest_only_with_trigger']) retrieved from /home/airflow/.local/lib/python3.7/site-packages/airflow/example_dags/example_latest_only_with_trigger.py
[2022-12-22T09:29:09.530+0000] {logging_mixin.py:137} INFO - [2022-12-22T09:29:09.530+0000] {dag.py:2676} INFO - Sync 1 DAGs
[2022-12-22T09:29:09.554+0000] {logging_mixin.py:137} INFO - [2022-12-22T09:29:09.554+0000] {dag.py:3427} INFO - Setting next_dagrun for latest_only_with_trigger to 2022-12-22T05:29:09.554145+00:00, run_after=2022-12-22T09:29:09.554145+00:00
[2022-12-22T09:29:09.568+0000] {processor.py:175} INFO - Processing /home/airflow/.local/lib/python3.7/site-packages/airflow/example_dags/example_latest_only_with_trigger.py took 0.087 seconds
[2022-12-22T09:29:40.124+0000] {processor.py:153} INFO - Started process (PID=1049) to work on /home/airflow/.local/lib/python3.7/site-packages/airflow/example_dags/example_latest_only_with_trigger.py
[2022-12-22T09:29:40.127+0000] {processor.py:743} INFO - Processing file /home/airflow/.local/lib/python3.7/site-packages/airflow/example_dags/example_latest_only_with_trigger.py for tasks to queue
[2022-12-22T09:29:40.131+0000] {logging_mixin.py:137} INFO - [2022-12-22T09:29:40.131+0000] {dagbag.py:538} INFO - Filling up the DagBag from /home/airflow/.local/lib/python3.7/site-packages/airflow/example_dags/example_latest_only_with_trigger.py
[2022-12-22T09:29:40.150+0000] {processor.py:753} INFO - DAG(s) dict_keys(['latest_only_with_trigger']) retrieved from /home/airflow/.local/lib/python3.7/site-packages/airflow/example_dags/example_latest_only_with_trigger.py
[2022-12-22T09:29:40.201+0000] {logging_mixin.py:137} INFO - [2022-12-22T09:29:40.200+0000] {dag.py:2676} INFO - Sync 1 DAGs
[2022-12-22T09:29:40.230+0000] {logging_mixin.py:137} INFO - [2022-12-22T09:29:40.229+0000] {dag.py:3427} INFO - Setting next_dagrun for latest_only_with_trigger to 2022-12-22T05:29:40.227549+00:00, run_after=2022-12-22T09:29:40.227549+00:00
[2022-12-22T09:29:40.245+0000] {processor.py:175} INFO - Processing /home/airflow/.local/lib/python3.7/site-packages/airflow/example_dags/example_latest_only_with_trigger.py took 0.126 seconds
[2022-12-22T09:30:10.610+0000] {processor.py:153} INFO - Started process (PID=1112) to work on /home/airflow/.local/lib/python3.7/site-packages/airflow/example_dags/example_latest_only_with_trigger.py
[2022-12-22T09:30:10.619+0000] {processor.py:743} INFO - Processing file /home/airflow/.local/lib/python3.7/site-packages/airflow/example_dags/example_latest_only_with_trigger.py for tasks to queue
[2022-12-22T09:30:10.623+0000] {logging_mixin.py:137} INFO - [2022-12-22T09:30:10.623+0000] {dagbag.py:538} INFO - Filling up the DagBag from /home/airflow/.local/lib/python3.7/site-packages/airflow/example_dags/example_latest_only_with_trigger.py
[2022-12-22T09:30:10.657+0000] {processor.py:753} INFO - DAG(s) dict_keys(['latest_only_with_trigger']) retrieved from /home/airflow/.local/lib/python3.7/site-packages/airflow/example_dags/example_latest_only_with_trigger.py
[2022-12-22T09:30:10.710+0000] {logging_mixin.py:137} INFO - [2022-12-22T09:30:10.710+0000] {dag.py:2676} INFO - Sync 1 DAGs
[2022-12-22T09:30:10.753+0000] {logging_mixin.py:137} INFO - [2022-12-22T09:30:10.753+0000] {dag.py:3427} INFO - Setting next_dagrun for latest_only_with_trigger to 2022-12-22T05:30:10.753328+00:00, run_after=2022-12-22T09:30:10.753328+00:00
[2022-12-22T09:30:10.782+0000] {processor.py:175} INFO - Processing /home/airflow/.local/lib/python3.7/site-packages/airflow/example_dags/example_latest_only_with_trigger.py took 0.178 seconds
[2022-12-22T09:30:49.703+0000] {processor.py:153} INFO - Started process (PID=1174) to work on /home/airflow/.local/lib/python3.7/site-packages/airflow/example_dags/example_latest_only_with_trigger.py
[2022-12-22T09:30:49.710+0000] {processor.py:743} INFO - Processing file /home/airflow/.local/lib/python3.7/site-packages/airflow/example_dags/example_latest_only_with_trigger.py for tasks to queue
[2022-12-22T09:30:49.719+0000] {logging_mixin.py:137} INFO - [2022-12-22T09:30:49.719+0000] {dagbag.py:538} INFO - Filling up the DagBag from /home/airflow/.local/lib/python3.7/site-packages/airflow/example_dags/example_latest_only_with_trigger.py
[2022-12-22T09:30:49.792+0000] {processor.py:753} INFO - DAG(s) dict_keys(['latest_only_with_trigger']) retrieved from /home/airflow/.local/lib/python3.7/site-packages/airflow/example_dags/example_latest_only_with_trigger.py
[2022-12-22T09:30:49.933+0000] {logging_mixin.py:137} INFO - [2022-12-22T09:30:49.933+0000] {dag.py:2676} INFO - Sync 1 DAGs
[2022-12-22T09:30:50.036+0000] {logging_mixin.py:137} INFO - [2022-12-22T09:30:50.036+0000] {dag.py:3427} INFO - Setting next_dagrun for latest_only_with_trigger to 2022-12-22T05:30:50.035981+00:00, run_after=2022-12-22T09:30:50.035981+00:00
[2022-12-22T09:30:50.103+0000] {processor.py:175} INFO - Processing /home/airflow/.local/lib/python3.7/site-packages/airflow/example_dags/example_latest_only_with_trigger.py took 0.418 seconds
[2022-12-22T09:31:28.406+0000] {processor.py:153} INFO - Started process (PID=1237) to work on /home/airflow/.local/lib/python3.7/site-packages/airflow/example_dags/example_latest_only_with_trigger.py
[2022-12-22T09:31:28.415+0000] {processor.py:743} INFO - Processing file /home/airflow/.local/lib/python3.7/site-packages/airflow/example_dags/example_latest_only_with_trigger.py for tasks to queue
[2022-12-22T09:31:28.422+0000] {logging_mixin.py:137} INFO - [2022-12-22T09:31:28.421+0000] {dagbag.py:538} INFO - Filling up the DagBag from /home/airflow/.local/lib/python3.7/site-packages/airflow/example_dags/example_latest_only_with_trigger.py
[2022-12-22T09:31:28.542+0000] {processor.py:753} INFO - DAG(s) dict_keys(['latest_only_with_trigger']) retrieved from /home/airflow/.local/lib/python3.7/site-packages/airflow/example_dags/example_latest_only_with_trigger.py
[2022-12-22T09:31:29.040+0000] {logging_mixin.py:137} INFO - [2022-12-22T09:31:29.040+0000] {dag.py:2676} INFO - Sync 1 DAGs
[2022-12-22T09:31:29.240+0000] {logging_mixin.py:137} INFO - [2022-12-22T09:31:29.239+0000] {dag.py:3427} INFO - Setting next_dagrun for latest_only_with_trigger to 2022-12-22T05:31:29.239014+00:00, run_after=2022-12-22T09:31:29.239014+00:00
[2022-12-22T09:31:29.408+0000] {processor.py:175} INFO - Processing /home/airflow/.local/lib/python3.7/site-packages/airflow/example_dags/example_latest_only_with_trigger.py took 1.019 seconds
[2022-12-22T09:31:59.935+0000] {processor.py:153} INFO - Started process (PID=1299) to work on /home/airflow/.local/lib/python3.7/site-packages/airflow/example_dags/example_latest_only_with_trigger.py
[2022-12-22T09:31:59.948+0000] {processor.py:743} INFO - Processing file /home/airflow/.local/lib/python3.7/site-packages/airflow/example_dags/example_latest_only_with_trigger.py for tasks to queue
[2022-12-22T09:31:59.955+0000] {logging_mixin.py:137} INFO - [2022-12-22T09:31:59.955+0000] {dagbag.py:538} INFO - Filling up the DagBag from /home/airflow/.local/lib/python3.7/site-packages/airflow/example_dags/example_latest_only_with_trigger.py
[2022-12-22T09:32:00.030+0000] {processor.py:753} INFO - DAG(s) dict_keys(['latest_only_with_trigger']) retrieved from /home/airflow/.local/lib/python3.7/site-packages/airflow/example_dags/example_latest_only_with_trigger.py
[2022-12-22T09:32:00.105+0000] {logging_mixin.py:137} INFO - [2022-12-22T09:32:00.105+0000] {dag.py:2676} INFO - Sync 1 DAGs
[2022-12-22T09:32:00.137+0000] {logging_mixin.py:137} INFO - [2022-12-22T09:32:00.136+0000] {dag.py:3427} INFO - Setting next_dagrun for latest_only_with_trigger to 2022-12-22T05:32:00.136426+00:00, run_after=2022-12-22T09:32:00.136426+00:00
[2022-12-22T09:32:00.169+0000] {processor.py:175} INFO - Processing /home/airflow/.local/lib/python3.7/site-packages/airflow/example_dags/example_latest_only_with_trigger.py took 0.261 seconds
[2022-12-22T09:32:30.318+0000] {processor.py:153} INFO - Started process (PID=1362) to work on /home/airflow/.local/lib/python3.7/site-packages/airflow/example_dags/example_latest_only_with_trigger.py
[2022-12-22T09:32:30.327+0000] {processor.py:743} INFO - Processing file /home/airflow/.local/lib/python3.7/site-packages/airflow/example_dags/example_latest_only_with_trigger.py for tasks to queue
[2022-12-22T09:32:30.333+0000] {logging_mixin.py:137} INFO - [2022-12-22T09:32:30.333+0000] {dagbag.py:538} INFO - Filling up the DagBag from /home/airflow/.local/lib/python3.7/site-packages/airflow/example_dags/example_latest_only_with_trigger.py
[2022-12-22T09:32:30.348+0000] {processor.py:753} INFO - DAG(s) dict_keys(['latest_only_with_trigger']) retrieved from /home/airflow/.local/lib/python3.7/site-packages/airflow/example_dags/example_latest_only_with_trigger.py
[2022-12-22T09:32:30.381+0000] {logging_mixin.py:137} INFO - [2022-12-22T09:32:30.381+0000] {dag.py:2676} INFO - Sync 1 DAGs
[2022-12-22T09:32:30.413+0000] {logging_mixin.py:137} INFO - [2022-12-22T09:32:30.413+0000] {dag.py:3427} INFO - Setting next_dagrun for latest_only_with_trigger to 2022-12-22T05:32:30.411173+00:00, run_after=2022-12-22T09:32:30.411173+00:00
[2022-12-22T09:32:30.441+0000] {processor.py:175} INFO - Processing /home/airflow/.local/lib/python3.7/site-packages/airflow/example_dags/example_latest_only_with_trigger.py took 0.125 seconds
[2022-12-22T09:33:01.686+0000] {processor.py:153} INFO - Started process (PID=1426) to work on /home/airflow/.local/lib/python3.7/site-packages/airflow/example_dags/example_latest_only_with_trigger.py
[2022-12-22T09:33:01.688+0000] {processor.py:743} INFO - Processing file /home/airflow/.local/lib/python3.7/site-packages/airflow/example_dags/example_latest_only_with_trigger.py for tasks to queue
[2022-12-22T09:33:01.690+0000] {logging_mixin.py:137} INFO - [2022-12-22T09:33:01.690+0000] {dagbag.py:538} INFO - Filling up the DagBag from /home/airflow/.local/lib/python3.7/site-packages/airflow/example_dags/example_latest_only_with_trigger.py
[2022-12-22T09:33:01.700+0000] {processor.py:753} INFO - DAG(s) dict_keys(['latest_only_with_trigger']) retrieved from /home/airflow/.local/lib/python3.7/site-packages/airflow/example_dags/example_latest_only_with_trigger.py
[2022-12-22T09:33:01.722+0000] {logging_mixin.py:137} INFO - [2022-12-22T09:33:01.722+0000] {dag.py:2676} INFO - Sync 1 DAGs
[2022-12-22T09:33:01.736+0000] {logging_mixin.py:137} INFO - [2022-12-22T09:33:01.736+0000] {dag.py:3427} INFO - Setting next_dagrun for latest_only_with_trigger to 2022-12-22T05:33:01.735992+00:00, run_after=2022-12-22T09:33:01.735992+00:00
[2022-12-22T09:33:01.747+0000] {processor.py:175} INFO - Processing /home/airflow/.local/lib/python3.7/site-packages/airflow/example_dags/example_latest_only_with_trigger.py took 0.063 seconds
[2022-12-22T09:33:32.514+0000] {processor.py:153} INFO - Started process (PID=1497) to work on /home/airflow/.local/lib/python3.7/site-packages/airflow/example_dags/example_latest_only_with_trigger.py
[2022-12-22T09:33:32.519+0000] {processor.py:743} INFO - Processing file /home/airflow/.local/lib/python3.7/site-packages/airflow/example_dags/example_latest_only_with_trigger.py for tasks to queue
[2022-12-22T09:33:32.523+0000] {logging_mixin.py:137} INFO - [2022-12-22T09:33:32.522+0000] {dagbag.py:538} INFO - Filling up the DagBag from /home/airflow/.local/lib/python3.7/site-packages/airflow/example_dags/example_latest_only_with_trigger.py
[2022-12-22T09:33:32.563+0000] {processor.py:753} INFO - DAG(s) dict_keys(['latest_only_with_trigger']) retrieved from /home/airflow/.local/lib/python3.7/site-packages/airflow/example_dags/example_latest_only_with_trigger.py
[2022-12-22T09:33:32.633+0000] {logging_mixin.py:137} INFO - [2022-12-22T09:33:32.633+0000] {dag.py:2676} INFO - Sync 1 DAGs
[2022-12-22T09:33:32.880+0000] {logging_mixin.py:137} INFO - [2022-12-22T09:33:32.879+0000] {dag.py:3427} INFO - Setting next_dagrun for latest_only_with_trigger to 2022-12-22T05:33:32.870559+00:00, run_after=2022-12-22T09:33:32.870559+00:00
[2022-12-22T09:33:33.331+0000] {processor.py:175} INFO - Processing /home/airflow/.local/lib/python3.7/site-packages/airflow/example_dags/example_latest_only_with_trigger.py took 0.825 seconds
[2022-12-22T09:34:05.798+0000] {processor.py:153} INFO - Started process (PID=1551) to work on /home/airflow/.local/lib/python3.7/site-packages/airflow/example_dags/example_latest_only_with_trigger.py
[2022-12-22T09:34:05.827+0000] {processor.py:743} INFO - Processing file /home/airflow/.local/lib/python3.7/site-packages/airflow/example_dags/example_latest_only_with_trigger.py for tasks to queue
[2022-12-22T09:34:05.865+0000] {logging_mixin.py:137} INFO - [2022-12-22T09:34:05.865+0000] {dagbag.py:538} INFO - Filling up the DagBag from /home/airflow/.local/lib/python3.7/site-packages/airflow/example_dags/example_latest_only_with_trigger.py
[2022-12-22T09:34:06.046+0000] {processor.py:753} INFO - DAG(s) dict_keys(['latest_only_with_trigger']) retrieved from /home/airflow/.local/lib/python3.7/site-packages/airflow/example_dags/example_latest_only_with_trigger.py
[2022-12-22T09:34:06.648+0000] {logging_mixin.py:137} INFO - [2022-12-22T09:34:06.647+0000] {dag.py:2676} INFO - Sync 1 DAGs
[2022-12-22T09:42:20.321+0000] {logging_mixin.py:137} INFO - [2022-12-22T09:42:19.481+0000] {dag.py:3427} INFO - Setting next_dagrun for latest_only_with_trigger to 2022-12-22T05:42:19.114494+00:00, run_after=2022-12-22T09:42:19.114494+00:00
[2022-12-22T09:42:27.373+0000] {processor.py:175} INFO - Processing /home/airflow/.local/lib/python3.7/site-packages/airflow/example_dags/example_latest_only_with_trigger.py took 41.158 seconds
[2022-12-22T09:58:06.200+0000] {processor.py:153} INFO - Started process (PID=1757) to work on /home/airflow/.local/lib/python3.7/site-packages/airflow/example_dags/example_latest_only_with_trigger.py
[2022-12-22T09:58:10.021+0000] {processor.py:743} INFO - Processing file /home/airflow/.local/lib/python3.7/site-packages/airflow/example_dags/example_latest_only_with_trigger.py for tasks to queue
[2022-12-22T09:58:11.750+0000] {logging_mixin.py:137} INFO - [2022-12-22T09:58:11.538+0000] {dagbag.py:538} INFO - Filling up the DagBag from /home/airflow/.local/lib/python3.7/site-packages/airflow/example_dags/example_latest_only_with_trigger.py
[2022-12-22T12:54:07.249+0000] {processor.py:153} INFO - Started process (PID=81) to work on /home/airflow/.local/lib/python3.7/site-packages/airflow/example_dags/example_latest_only_with_trigger.py
[2022-12-22T12:54:07.264+0000] {processor.py:743} INFO - Processing file /home/airflow/.local/lib/python3.7/site-packages/airflow/example_dags/example_latest_only_with_trigger.py for tasks to queue
[2022-12-22T12:54:07.270+0000] {logging_mixin.py:137} INFO - [2022-12-22T12:54:07.270+0000] {dagbag.py:538} INFO - Filling up the DagBag from /home/airflow/.local/lib/python3.7/site-packages/airflow/example_dags/example_latest_only_with_trigger.py
[2022-12-22T12:54:07.468+0000] {processor.py:753} INFO - DAG(s) dict_keys(['latest_only_with_trigger']) retrieved from /home/airflow/.local/lib/python3.7/site-packages/airflow/example_dags/example_latest_only_with_trigger.py
[2022-12-22T12:54:07.777+0000] {logging_mixin.py:137} INFO - [2022-12-22T12:54:07.776+0000] {dag.py:2676} INFO - Sync 1 DAGs
[2022-12-22T12:54:08.073+0000] {logging_mixin.py:137} INFO - [2022-12-22T12:54:08.072+0000] {dag.py:3427} INFO - Setting next_dagrun for latest_only_with_trigger to 2022-12-22T08:54:08.061249+00:00, run_after=2022-12-22T12:54:08.061249+00:00
[2022-12-22T12:54:08.232+0000] {processor.py:175} INFO - Processing /home/airflow/.local/lib/python3.7/site-packages/airflow/example_dags/example_latest_only_with_trigger.py took 1.007 seconds
[2022-12-22T13:29:18.589+0000] {processor.py:153} INFO - Started process (PID=68) to work on /home/airflow/.local/lib/python3.7/site-packages/airflow/example_dags/example_latest_only_with_trigger.py
[2022-12-22T13:29:18.606+0000] {processor.py:743} INFO - Processing file /home/airflow/.local/lib/python3.7/site-packages/airflow/example_dags/example_latest_only_with_trigger.py for tasks to queue
[2022-12-22T13:29:18.623+0000] {logging_mixin.py:137} INFO - [2022-12-22T13:29:18.622+0000] {dagbag.py:538} INFO - Filling up the DagBag from /home/airflow/.local/lib/python3.7/site-packages/airflow/example_dags/example_latest_only_with_trigger.py
[2022-12-22T13:29:18.702+0000] {processor.py:753} INFO - DAG(s) dict_keys(['latest_only_with_trigger']) retrieved from /home/airflow/.local/lib/python3.7/site-packages/airflow/example_dags/example_latest_only_with_trigger.py
[2022-12-22T13:29:18.904+0000] {logging_mixin.py:137} INFO - [2022-12-22T13:29:18.904+0000] {dag.py:2676} INFO - Sync 1 DAGs
[2022-12-22T13:29:19.051+0000] {logging_mixin.py:137} INFO - [2022-12-22T13:29:19.051+0000] {dag.py:3427} INFO - Setting next_dagrun for latest_only_with_trigger to 2022-12-22T09:29:19.050148+00:00, run_after=2022-12-22T13:29:19.050148+00:00
[2022-12-22T13:29:19.522+0000] {processor.py:175} INFO - Processing /home/airflow/.local/lib/python3.7/site-packages/airflow/example_dags/example_latest_only_with_trigger.py took 0.946 seconds
[2022-12-22T13:29:49.839+0000] {processor.py:153} INFO - Started process (PID=135) to work on /home/airflow/.local/lib/python3.7/site-packages/airflow/example_dags/example_latest_only_with_trigger.py
[2022-12-22T13:29:49.848+0000] {processor.py:743} INFO - Processing file /home/airflow/.local/lib/python3.7/site-packages/airflow/example_dags/example_latest_only_with_trigger.py for tasks to queue
[2022-12-22T13:29:49.856+0000] {logging_mixin.py:137} INFO - [2022-12-22T13:29:49.856+0000] {dagbag.py:538} INFO - Filling up the DagBag from /home/airflow/.local/lib/python3.7/site-packages/airflow/example_dags/example_latest_only_with_trigger.py
[2022-12-22T13:29:50.053+0000] {processor.py:753} INFO - DAG(s) dict_keys(['latest_only_with_trigger']) retrieved from /home/airflow/.local/lib/python3.7/site-packages/airflow/example_dags/example_latest_only_with_trigger.py
[2022-12-22T13:29:50.346+0000] {logging_mixin.py:137} INFO - [2022-12-22T13:29:50.346+0000] {dag.py:2676} INFO - Sync 1 DAGs
[2022-12-22T13:29:50.977+0000] {logging_mixin.py:137} INFO - [2022-12-22T13:29:50.977+0000] {dag.py:3427} INFO - Setting next_dagrun for latest_only_with_trigger to 2022-12-22T09:29:50.947120+00:00, run_after=2022-12-22T13:29:50.947120+00:00
[2022-12-22T13:29:51.594+0000] {processor.py:175} INFO - Processing /home/airflow/.local/lib/python3.7/site-packages/airflow/example_dags/example_latest_only_with_trigger.py took 1.770 seconds
[2022-12-22T13:30:22.558+0000] {processor.py:153} INFO - Started process (PID=198) to work on /home/airflow/.local/lib/python3.7/site-packages/airflow/example_dags/example_latest_only_with_trigger.py
[2022-12-22T13:30:22.561+0000] {processor.py:743} INFO - Processing file /home/airflow/.local/lib/python3.7/site-packages/airflow/example_dags/example_latest_only_with_trigger.py for tasks to queue
[2022-12-22T13:30:22.563+0000] {logging_mixin.py:137} INFO - [2022-12-22T13:30:22.563+0000] {dagbag.py:538} INFO - Filling up the DagBag from /home/airflow/.local/lib/python3.7/site-packages/airflow/example_dags/example_latest_only_with_trigger.py
[2022-12-22T13:30:22.577+0000] {processor.py:753} INFO - DAG(s) dict_keys(['latest_only_with_trigger']) retrieved from /home/airflow/.local/lib/python3.7/site-packages/airflow/example_dags/example_latest_only_with_trigger.py
[2022-12-22T13:30:22.604+0000] {logging_mixin.py:137} INFO - [2022-12-22T13:30:22.604+0000] {dag.py:2676} INFO - Sync 1 DAGs
[2022-12-22T13:30:22.620+0000] {logging_mixin.py:137} INFO - [2022-12-22T13:30:22.620+0000] {dag.py:3427} INFO - Setting next_dagrun for latest_only_with_trigger to 2022-12-22T09:30:22.619810+00:00, run_after=2022-12-22T13:30:22.619810+00:00
[2022-12-22T13:30:22.634+0000] {processor.py:175} INFO - Processing /home/airflow/.local/lib/python3.7/site-packages/airflow/example_dags/example_latest_only_with_trigger.py took 0.079 seconds
[2022-12-22T13:30:53.014+0000] {processor.py:153} INFO - Started process (PID=264) to work on /home/airflow/.local/lib/python3.7/site-packages/airflow/example_dags/example_latest_only_with_trigger.py
[2022-12-22T13:30:53.016+0000] {processor.py:743} INFO - Processing file /home/airflow/.local/lib/python3.7/site-packages/airflow/example_dags/example_latest_only_with_trigger.py for tasks to queue
[2022-12-22T13:30:53.020+0000] {logging_mixin.py:137} INFO - [2022-12-22T13:30:53.019+0000] {dagbag.py:538} INFO - Filling up the DagBag from /home/airflow/.local/lib/python3.7/site-packages/airflow/example_dags/example_latest_only_with_trigger.py
[2022-12-22T13:30:53.047+0000] {processor.py:753} INFO - DAG(s) dict_keys(['latest_only_with_trigger']) retrieved from /home/airflow/.local/lib/python3.7/site-packages/airflow/example_dags/example_latest_only_with_trigger.py
[2022-12-22T13:30:53.088+0000] {logging_mixin.py:137} INFO - [2022-12-22T13:30:53.088+0000] {dag.py:2676} INFO - Sync 1 DAGs
[2022-12-22T13:30:53.117+0000] {logging_mixin.py:137} INFO - [2022-12-22T13:30:53.116+0000] {dag.py:3427} INFO - Setting next_dagrun for latest_only_with_trigger to 2022-12-22T09:30:53.116317+00:00, run_after=2022-12-22T13:30:53.116317+00:00
[2022-12-22T13:30:53.133+0000] {processor.py:175} INFO - Processing /home/airflow/.local/lib/python3.7/site-packages/airflow/example_dags/example_latest_only_with_trigger.py took 0.122 seconds
[2022-12-22T13:31:24.083+0000] {processor.py:153} INFO - Started process (PID=348) to work on /home/airflow/.local/lib/python3.7/site-packages/airflow/example_dags/example_latest_only_with_trigger.py
[2022-12-22T13:31:24.085+0000] {processor.py:743} INFO - Processing file /home/airflow/.local/lib/python3.7/site-packages/airflow/example_dags/example_latest_only_with_trigger.py for tasks to queue
[2022-12-22T13:31:24.086+0000] {logging_mixin.py:137} INFO - [2022-12-22T13:31:24.086+0000] {dagbag.py:538} INFO - Filling up the DagBag from /home/airflow/.local/lib/python3.7/site-packages/airflow/example_dags/example_latest_only_with_trigger.py
[2022-12-22T13:31:24.105+0000] {processor.py:753} INFO - DAG(s) dict_keys(['latest_only_with_trigger']) retrieved from /home/airflow/.local/lib/python3.7/site-packages/airflow/example_dags/example_latest_only_with_trigger.py
[2022-12-22T13:31:24.146+0000] {logging_mixin.py:137} INFO - [2022-12-22T13:31:24.146+0000] {dag.py:2676} INFO - Sync 1 DAGs
[2022-12-22T13:31:24.175+0000] {logging_mixin.py:137} INFO - [2022-12-22T13:31:24.175+0000] {dag.py:3427} INFO - Setting next_dagrun for latest_only_with_trigger to 2022-12-22T09:31:24.175247+00:00, run_after=2022-12-22T13:31:24.175247+00:00
[2022-12-22T13:31:24.196+0000] {processor.py:175} INFO - Processing /home/airflow/.local/lib/python3.7/site-packages/airflow/example_dags/example_latest_only_with_trigger.py took 0.115 seconds
[2022-12-22T13:31:54.818+0000] {processor.py:153} INFO - Started process (PID=414) to work on /home/airflow/.local/lib/python3.7/site-packages/airflow/example_dags/example_latest_only_with_trigger.py
[2022-12-22T13:31:54.820+0000] {processor.py:743} INFO - Processing file /home/airflow/.local/lib/python3.7/site-packages/airflow/example_dags/example_latest_only_with_trigger.py for tasks to queue
[2022-12-22T13:31:54.822+0000] {logging_mixin.py:137} INFO - [2022-12-22T13:31:54.821+0000] {dagbag.py:538} INFO - Filling up the DagBag from /home/airflow/.local/lib/python3.7/site-packages/airflow/example_dags/example_latest_only_with_trigger.py
[2022-12-22T13:31:54.838+0000] {processor.py:753} INFO - DAG(s) dict_keys(['latest_only_with_trigger']) retrieved from /home/airflow/.local/lib/python3.7/site-packages/airflow/example_dags/example_latest_only_with_trigger.py
[2022-12-22T13:31:54.868+0000] {logging_mixin.py:137} INFO - [2022-12-22T13:31:54.868+0000] {dag.py:2676} INFO - Sync 1 DAGs
[2022-12-22T13:31:54.886+0000] {logging_mixin.py:137} INFO - [2022-12-22T13:31:54.885+0000] {dag.py:3427} INFO - Setting next_dagrun for latest_only_with_trigger to 2022-12-22T09:31:54.885720+00:00, run_after=2022-12-22T13:31:54.885720+00:00
[2022-12-22T13:31:54.899+0000] {processor.py:175} INFO - Processing /home/airflow/.local/lib/python3.7/site-packages/airflow/example_dags/example_latest_only_with_trigger.py took 0.084 seconds
