[2022-12-22T09:20:44.415+0000] {processor.py:153} INFO - Started process (PID=59) to work on /home/airflow/.local/lib/python3.7/site-packages/airflow/example_dags/example_branch_day_of_week_operator.py
[2022-12-22T09:20:44.805+0000] {processor.py:743} INFO - Processing file /home/airflow/.local/lib/python3.7/site-packages/airflow/example_dags/example_branch_day_of_week_operator.py for tasks to queue
[2022-12-22T09:20:44.809+0000] {logging_mixin.py:137} INFO - [2022-12-22T09:20:44.808+0000] {dagbag.py:538} INFO - Filling up the DagBag from /home/airflow/.local/lib/python3.7/site-packages/airflow/example_dags/example_branch_day_of_week_operator.py
[2022-12-22T09:20:44.838+0000] {processor.py:753} INFO - DAG(s) dict_keys(['example_weekday_branch_operator']) retrieved from /home/airflow/.local/lib/python3.7/site-packages/airflow/example_dags/example_branch_day_of_week_operator.py
[2022-12-22T09:20:45.242+0000] {logging_mixin.py:137} INFO - [2022-12-22T09:20:45.242+0000] {dag.py:2676} INFO - Sync 1 DAGs
[2022-12-22T09:20:45.293+0000] {logging_mixin.py:137} INFO - [2022-12-22T09:20:45.293+0000] {dag.py:3427} INFO - Setting next_dagrun for example_weekday_branch_operator to 2022-12-21T00:00:00+00:00, run_after=2022-12-22T00:00:00+00:00
[2022-12-22T09:20:45.334+0000] {processor.py:175} INFO - Processing /home/airflow/.local/lib/python3.7/site-packages/airflow/example_dags/example_branch_day_of_week_operator.py took 0.930 seconds
[2022-12-22T09:21:15.835+0000] {processor.py:153} INFO - Started process (PID=121) to work on /home/airflow/.local/lib/python3.7/site-packages/airflow/example_dags/example_branch_day_of_week_operator.py
[2022-12-22T09:21:15.837+0000] {processor.py:743} INFO - Processing file /home/airflow/.local/lib/python3.7/site-packages/airflow/example_dags/example_branch_day_of_week_operator.py for tasks to queue
[2022-12-22T09:21:15.839+0000] {logging_mixin.py:137} INFO - [2022-12-22T09:21:15.839+0000] {dagbag.py:538} INFO - Filling up the DagBag from /home/airflow/.local/lib/python3.7/site-packages/airflow/example_dags/example_branch_day_of_week_operator.py
[2022-12-22T09:21:15.862+0000] {processor.py:753} INFO - DAG(s) dict_keys(['example_weekday_branch_operator']) retrieved from /home/airflow/.local/lib/python3.7/site-packages/airflow/example_dags/example_branch_day_of_week_operator.py
[2022-12-22T09:21:15.904+0000] {logging_mixin.py:137} INFO - [2022-12-22T09:21:15.904+0000] {dag.py:2676} INFO - Sync 1 DAGs
[2022-12-22T09:21:15.930+0000] {logging_mixin.py:137} INFO - [2022-12-22T09:21:15.930+0000] {dag.py:3427} INFO - Setting next_dagrun for example_weekday_branch_operator to 2022-12-21T00:00:00+00:00, run_after=2022-12-22T00:00:00+00:00
[2022-12-22T09:21:15.951+0000] {processor.py:175} INFO - Processing /home/airflow/.local/lib/python3.7/site-packages/airflow/example_dags/example_branch_day_of_week_operator.py took 0.121 seconds
[2022-12-22T09:21:46.707+0000] {processor.py:153} INFO - Started process (PID=184) to work on /home/airflow/.local/lib/python3.7/site-packages/airflow/example_dags/example_branch_day_of_week_operator.py
[2022-12-22T09:21:46.709+0000] {processor.py:743} INFO - Processing file /home/airflow/.local/lib/python3.7/site-packages/airflow/example_dags/example_branch_day_of_week_operator.py for tasks to queue
[2022-12-22T09:21:46.712+0000] {logging_mixin.py:137} INFO - [2022-12-22T09:21:46.712+0000] {dagbag.py:538} INFO - Filling up the DagBag from /home/airflow/.local/lib/python3.7/site-packages/airflow/example_dags/example_branch_day_of_week_operator.py
[2022-12-22T09:21:46.732+0000] {processor.py:753} INFO - DAG(s) dict_keys(['example_weekday_branch_operator']) retrieved from /home/airflow/.local/lib/python3.7/site-packages/airflow/example_dags/example_branch_day_of_week_operator.py
[2022-12-22T09:21:46.763+0000] {logging_mixin.py:137} INFO - [2022-12-22T09:21:46.763+0000] {dag.py:2676} INFO - Sync 1 DAGs
[2022-12-22T09:21:46.786+0000] {logging_mixin.py:137} INFO - [2022-12-22T09:21:46.786+0000] {dag.py:3427} INFO - Setting next_dagrun for example_weekday_branch_operator to 2022-12-21T00:00:00+00:00, run_after=2022-12-22T00:00:00+00:00
[2022-12-22T09:21:46.805+0000] {processor.py:175} INFO - Processing /home/airflow/.local/lib/python3.7/site-packages/airflow/example_dags/example_branch_day_of_week_operator.py took 0.102 seconds
[2022-12-22T09:22:16.987+0000] {processor.py:153} INFO - Started process (PID=247) to work on /home/airflow/.local/lib/python3.7/site-packages/airflow/example_dags/example_branch_day_of_week_operator.py
[2022-12-22T09:22:16.988+0000] {processor.py:743} INFO - Processing file /home/airflow/.local/lib/python3.7/site-packages/airflow/example_dags/example_branch_day_of_week_operator.py for tasks to queue
[2022-12-22T09:22:16.989+0000] {logging_mixin.py:137} INFO - [2022-12-22T09:22:16.989+0000] {dagbag.py:538} INFO - Filling up the DagBag from /home/airflow/.local/lib/python3.7/site-packages/airflow/example_dags/example_branch_day_of_week_operator.py
[2022-12-22T09:22:17.001+0000] {processor.py:753} INFO - DAG(s) dict_keys(['example_weekday_branch_operator']) retrieved from /home/airflow/.local/lib/python3.7/site-packages/airflow/example_dags/example_branch_day_of_week_operator.py
[2022-12-22T09:22:17.031+0000] {logging_mixin.py:137} INFO - [2022-12-22T09:22:17.031+0000] {dag.py:2676} INFO - Sync 1 DAGs
[2022-12-22T09:22:17.054+0000] {logging_mixin.py:137} INFO - [2022-12-22T09:22:17.054+0000] {dag.py:3427} INFO - Setting next_dagrun for example_weekday_branch_operator to 2022-12-21T00:00:00+00:00, run_after=2022-12-22T00:00:00+00:00
[2022-12-22T09:22:17.074+0000] {processor.py:175} INFO - Processing /home/airflow/.local/lib/python3.7/site-packages/airflow/example_dags/example_branch_day_of_week_operator.py took 0.090 seconds
[2022-12-22T09:22:49.525+0000] {processor.py:153} INFO - Started process (PID=310) to work on /home/airflow/.local/lib/python3.7/site-packages/airflow/example_dags/example_branch_day_of_week_operator.py
[2022-12-22T09:22:49.540+0000] {processor.py:743} INFO - Processing file /home/airflow/.local/lib/python3.7/site-packages/airflow/example_dags/example_branch_day_of_week_operator.py for tasks to queue
[2022-12-22T09:22:49.542+0000] {logging_mixin.py:137} INFO - [2022-12-22T09:22:49.542+0000] {dagbag.py:538} INFO - Filling up the DagBag from /home/airflow/.local/lib/python3.7/site-packages/airflow/example_dags/example_branch_day_of_week_operator.py
[2022-12-22T09:22:49.596+0000] {processor.py:753} INFO - DAG(s) dict_keys(['example_weekday_branch_operator']) retrieved from /home/airflow/.local/lib/python3.7/site-packages/airflow/example_dags/example_branch_day_of_week_operator.py
[2022-12-22T09:22:49.638+0000] {logging_mixin.py:137} INFO - [2022-12-22T09:22:49.638+0000] {dag.py:2676} INFO - Sync 1 DAGs
[2022-12-22T09:22:49.676+0000] {logging_mixin.py:137} INFO - [2022-12-22T09:22:49.676+0000] {dag.py:3427} INFO - Setting next_dagrun for example_weekday_branch_operator to 2022-12-21T00:00:00+00:00, run_after=2022-12-22T00:00:00+00:00
[2022-12-22T09:22:49.802+0000] {processor.py:175} INFO - Processing /home/airflow/.local/lib/python3.7/site-packages/airflow/example_dags/example_branch_day_of_week_operator.py took 0.281 seconds
[2022-12-22T09:23:20.294+0000] {processor.py:153} INFO - Started process (PID=373) to work on /home/airflow/.local/lib/python3.7/site-packages/airflow/example_dags/example_branch_day_of_week_operator.py
[2022-12-22T09:23:20.297+0000] {processor.py:743} INFO - Processing file /home/airflow/.local/lib/python3.7/site-packages/airflow/example_dags/example_branch_day_of_week_operator.py for tasks to queue
[2022-12-22T09:23:20.302+0000] {logging_mixin.py:137} INFO - [2022-12-22T09:23:20.302+0000] {dagbag.py:538} INFO - Filling up the DagBag from /home/airflow/.local/lib/python3.7/site-packages/airflow/example_dags/example_branch_day_of_week_operator.py
[2022-12-22T09:23:20.321+0000] {processor.py:753} INFO - DAG(s) dict_keys(['example_weekday_branch_operator']) retrieved from /home/airflow/.local/lib/python3.7/site-packages/airflow/example_dags/example_branch_day_of_week_operator.py
[2022-12-22T09:23:20.369+0000] {logging_mixin.py:137} INFO - [2022-12-22T09:23:20.369+0000] {dag.py:2676} INFO - Sync 1 DAGs
[2022-12-22T09:23:20.404+0000] {logging_mixin.py:137} INFO - [2022-12-22T09:23:20.404+0000] {dag.py:3427} INFO - Setting next_dagrun for example_weekday_branch_operator to 2022-12-21T00:00:00+00:00, run_after=2022-12-22T00:00:00+00:00
[2022-12-22T09:23:20.429+0000] {processor.py:175} INFO - Processing /home/airflow/.local/lib/python3.7/site-packages/airflow/example_dags/example_branch_day_of_week_operator.py took 0.141 seconds
[2022-12-22T09:23:50.909+0000] {processor.py:153} INFO - Started process (PID=436) to work on /home/airflow/.local/lib/python3.7/site-packages/airflow/example_dags/example_branch_day_of_week_operator.py
[2022-12-22T09:23:50.916+0000] {processor.py:743} INFO - Processing file /home/airflow/.local/lib/python3.7/site-packages/airflow/example_dags/example_branch_day_of_week_operator.py for tasks to queue
[2022-12-22T09:23:50.918+0000] {logging_mixin.py:137} INFO - [2022-12-22T09:23:50.917+0000] {dagbag.py:538} INFO - Filling up the DagBag from /home/airflow/.local/lib/python3.7/site-packages/airflow/example_dags/example_branch_day_of_week_operator.py
[2022-12-22T09:23:50.936+0000] {processor.py:753} INFO - DAG(s) dict_keys(['example_weekday_branch_operator']) retrieved from /home/airflow/.local/lib/python3.7/site-packages/airflow/example_dags/example_branch_day_of_week_operator.py
[2022-12-22T09:23:50.979+0000] {logging_mixin.py:137} INFO - [2022-12-22T09:23:50.979+0000] {dag.py:2676} INFO - Sync 1 DAGs
[2022-12-22T09:23:51.014+0000] {logging_mixin.py:137} INFO - [2022-12-22T09:23:51.014+0000] {dag.py:3427} INFO - Setting next_dagrun for example_weekday_branch_operator to 2022-12-21T00:00:00+00:00, run_after=2022-12-22T00:00:00+00:00
[2022-12-22T09:23:51.081+0000] {processor.py:175} INFO - Processing /home/airflow/.local/lib/python3.7/site-packages/airflow/example_dags/example_branch_day_of_week_operator.py took 0.175 seconds
[2022-12-22T09:24:21.151+0000] {processor.py:153} INFO - Started process (PID=498) to work on /home/airflow/.local/lib/python3.7/site-packages/airflow/example_dags/example_branch_day_of_week_operator.py
[2022-12-22T09:24:21.155+0000] {processor.py:743} INFO - Processing file /home/airflow/.local/lib/python3.7/site-packages/airflow/example_dags/example_branch_day_of_week_operator.py for tasks to queue
[2022-12-22T09:24:21.156+0000] {logging_mixin.py:137} INFO - [2022-12-22T09:24:21.156+0000] {dagbag.py:538} INFO - Filling up the DagBag from /home/airflow/.local/lib/python3.7/site-packages/airflow/example_dags/example_branch_day_of_week_operator.py
[2022-12-22T09:24:21.180+0000] {processor.py:753} INFO - DAG(s) dict_keys(['example_weekday_branch_operator']) retrieved from /home/airflow/.local/lib/python3.7/site-packages/airflow/example_dags/example_branch_day_of_week_operator.py
[2022-12-22T09:24:21.227+0000] {logging_mixin.py:137} INFO - [2022-12-22T09:24:21.227+0000] {dag.py:2676} INFO - Sync 1 DAGs
[2022-12-22T09:24:21.261+0000] {logging_mixin.py:137} INFO - [2022-12-22T09:24:21.260+0000] {dag.py:3427} INFO - Setting next_dagrun for example_weekday_branch_operator to 2022-12-21T00:00:00+00:00, run_after=2022-12-22T00:00:00+00:00
[2022-12-22T09:24:21.281+0000] {processor.py:175} INFO - Processing /home/airflow/.local/lib/python3.7/site-packages/airflow/example_dags/example_branch_day_of_week_operator.py took 0.133 seconds
[2022-12-22T09:24:52.035+0000] {processor.py:153} INFO - Started process (PID=560) to work on /home/airflow/.local/lib/python3.7/site-packages/airflow/example_dags/example_branch_day_of_week_operator.py
[2022-12-22T09:24:52.038+0000] {processor.py:743} INFO - Processing file /home/airflow/.local/lib/python3.7/site-packages/airflow/example_dags/example_branch_day_of_week_operator.py for tasks to queue
[2022-12-22T09:24:52.039+0000] {logging_mixin.py:137} INFO - [2022-12-22T09:24:52.039+0000] {dagbag.py:538} INFO - Filling up the DagBag from /home/airflow/.local/lib/python3.7/site-packages/airflow/example_dags/example_branch_day_of_week_operator.py
[2022-12-22T09:24:52.063+0000] {processor.py:753} INFO - DAG(s) dict_keys(['example_weekday_branch_operator']) retrieved from /home/airflow/.local/lib/python3.7/site-packages/airflow/example_dags/example_branch_day_of_week_operator.py
[2022-12-22T09:24:52.101+0000] {logging_mixin.py:137} INFO - [2022-12-22T09:24:52.101+0000] {dag.py:2676} INFO - Sync 1 DAGs
[2022-12-22T09:24:52.123+0000] {logging_mixin.py:137} INFO - [2022-12-22T09:24:52.123+0000] {dag.py:3427} INFO - Setting next_dagrun for example_weekday_branch_operator to 2022-12-21T00:00:00+00:00, run_after=2022-12-22T00:00:00+00:00
[2022-12-22T09:24:52.140+0000] {processor.py:175} INFO - Processing /home/airflow/.local/lib/python3.7/site-packages/airflow/example_dags/example_branch_day_of_week_operator.py took 0.108 seconds
[2022-12-22T09:25:25.715+0000] {processor.py:153} INFO - Started process (PID=624) to work on /home/airflow/.local/lib/python3.7/site-packages/airflow/example_dags/example_branch_day_of_week_operator.py
[2022-12-22T09:25:25.724+0000] {processor.py:743} INFO - Processing file /home/airflow/.local/lib/python3.7/site-packages/airflow/example_dags/example_branch_day_of_week_operator.py for tasks to queue
[2022-12-22T09:25:25.736+0000] {logging_mixin.py:137} INFO - [2022-12-22T09:25:25.733+0000] {dagbag.py:538} INFO - Filling up the DagBag from /home/airflow/.local/lib/python3.7/site-packages/airflow/example_dags/example_branch_day_of_week_operator.py
[2022-12-22T09:25:25.838+0000] {processor.py:753} INFO - DAG(s) dict_keys(['example_weekday_branch_operator']) retrieved from /home/airflow/.local/lib/python3.7/site-packages/airflow/example_dags/example_branch_day_of_week_operator.py
[2022-12-22T09:25:25.959+0000] {logging_mixin.py:137} INFO - [2022-12-22T09:25:25.958+0000] {dag.py:2676} INFO - Sync 1 DAGs
[2022-12-22T09:25:25.997+0000] {logging_mixin.py:137} INFO - [2022-12-22T09:25:25.997+0000] {dag.py:3427} INFO - Setting next_dagrun for example_weekday_branch_operator to 2022-12-21T00:00:00+00:00, run_after=2022-12-22T00:00:00+00:00
[2022-12-22T09:25:26.049+0000] {processor.py:175} INFO - Processing /home/airflow/.local/lib/python3.7/site-packages/airflow/example_dags/example_branch_day_of_week_operator.py took 0.365 seconds
[2022-12-22T09:25:56.844+0000] {processor.py:153} INFO - Started process (PID=686) to work on /home/airflow/.local/lib/python3.7/site-packages/airflow/example_dags/example_branch_day_of_week_operator.py
[2022-12-22T09:25:56.849+0000] {processor.py:743} INFO - Processing file /home/airflow/.local/lib/python3.7/site-packages/airflow/example_dags/example_branch_day_of_week_operator.py for tasks to queue
[2022-12-22T09:25:56.851+0000] {logging_mixin.py:137} INFO - [2022-12-22T09:25:56.851+0000] {dagbag.py:538} INFO - Filling up the DagBag from /home/airflow/.local/lib/python3.7/site-packages/airflow/example_dags/example_branch_day_of_week_operator.py
[2022-12-22T09:25:56.869+0000] {processor.py:753} INFO - DAG(s) dict_keys(['example_weekday_branch_operator']) retrieved from /home/airflow/.local/lib/python3.7/site-packages/airflow/example_dags/example_branch_day_of_week_operator.py
[2022-12-22T09:25:56.907+0000] {logging_mixin.py:137} INFO - [2022-12-22T09:25:56.907+0000] {dag.py:2676} INFO - Sync 1 DAGs
[2022-12-22T09:25:56.933+0000] {logging_mixin.py:137} INFO - [2022-12-22T09:25:56.933+0000] {dag.py:3427} INFO - Setting next_dagrun for example_weekday_branch_operator to 2022-12-21T00:00:00+00:00, run_after=2022-12-22T00:00:00+00:00
[2022-12-22T09:25:56.951+0000] {processor.py:175} INFO - Processing /home/airflow/.local/lib/python3.7/site-packages/airflow/example_dags/example_branch_day_of_week_operator.py took 0.110 seconds
[2022-12-22T09:27:01.144+0000] {processor.py:153} INFO - Started process (PID=761) to work on /home/airflow/.local/lib/python3.7/site-packages/airflow/example_dags/example_branch_day_of_week_operator.py
[2022-12-22T09:27:01.154+0000] {processor.py:743} INFO - Processing file /home/airflow/.local/lib/python3.7/site-packages/airflow/example_dags/example_branch_day_of_week_operator.py for tasks to queue
[2022-12-22T09:27:01.160+0000] {logging_mixin.py:137} INFO - [2022-12-22T09:27:01.159+0000] {dagbag.py:538} INFO - Filling up the DagBag from /home/airflow/.local/lib/python3.7/site-packages/airflow/example_dags/example_branch_day_of_week_operator.py
[2022-12-22T09:27:01.231+0000] {processor.py:753} INFO - DAG(s) dict_keys(['example_weekday_branch_operator']) retrieved from /home/airflow/.local/lib/python3.7/site-packages/airflow/example_dags/example_branch_day_of_week_operator.py
[2022-12-22T09:27:01.426+0000] {logging_mixin.py:137} INFO - [2022-12-22T09:27:01.426+0000] {dag.py:2676} INFO - Sync 1 DAGs
[2022-12-22T09:27:01.571+0000] {logging_mixin.py:137} INFO - [2022-12-22T09:27:01.570+0000] {dag.py:3427} INFO - Setting next_dagrun for example_weekday_branch_operator to 2022-12-21T00:00:00+00:00, run_after=2022-12-22T00:00:00+00:00
[2022-12-22T09:27:01.693+0000] {processor.py:175} INFO - Processing /home/airflow/.local/lib/python3.7/site-packages/airflow/example_dags/example_branch_day_of_week_operator.py took 0.563 seconds
[2022-12-22T09:27:45.364+0000] {processor.py:153} INFO - Started process (PID=832) to work on /home/airflow/.local/lib/python3.7/site-packages/airflow/example_dags/example_branch_day_of_week_operator.py
[2022-12-22T09:27:45.412+0000] {processor.py:743} INFO - Processing file /home/airflow/.local/lib/python3.7/site-packages/airflow/example_dags/example_branch_day_of_week_operator.py for tasks to queue
[2022-12-22T09:27:45.417+0000] {logging_mixin.py:137} INFO - [2022-12-22T09:27:45.416+0000] {dagbag.py:538} INFO - Filling up the DagBag from /home/airflow/.local/lib/python3.7/site-packages/airflow/example_dags/example_branch_day_of_week_operator.py
[2022-12-22T09:27:45.660+0000] {processor.py:753} INFO - DAG(s) dict_keys(['example_weekday_branch_operator']) retrieved from /home/airflow/.local/lib/python3.7/site-packages/airflow/example_dags/example_branch_day_of_week_operator.py
[2022-12-22T09:27:45.893+0000] {logging_mixin.py:137} INFO - [2022-12-22T09:27:45.892+0000] {dag.py:2676} INFO - Sync 1 DAGs
[2022-12-22T09:27:46.075+0000] {logging_mixin.py:137} INFO - [2022-12-22T09:27:46.075+0000] {dag.py:3427} INFO - Setting next_dagrun for example_weekday_branch_operator to 2022-12-21T00:00:00+00:00, run_after=2022-12-22T00:00:00+00:00
[2022-12-22T09:27:46.197+0000] {processor.py:175} INFO - Processing /home/airflow/.local/lib/python3.7/site-packages/airflow/example_dags/example_branch_day_of_week_operator.py took 0.839 seconds
[2022-12-22T09:28:20.395+0000] {processor.py:153} INFO - Started process (PID=886) to work on /home/airflow/.local/lib/python3.7/site-packages/airflow/example_dags/example_branch_day_of_week_operator.py
[2022-12-22T09:28:20.400+0000] {processor.py:743} INFO - Processing file /home/airflow/.local/lib/python3.7/site-packages/airflow/example_dags/example_branch_day_of_week_operator.py for tasks to queue
[2022-12-22T09:28:20.404+0000] {logging_mixin.py:137} INFO - [2022-12-22T09:28:20.403+0000] {dagbag.py:538} INFO - Filling up the DagBag from /home/airflow/.local/lib/python3.7/site-packages/airflow/example_dags/example_branch_day_of_week_operator.py
[2022-12-22T09:28:20.433+0000] {processor.py:753} INFO - DAG(s) dict_keys(['example_weekday_branch_operator']) retrieved from /home/airflow/.local/lib/python3.7/site-packages/airflow/example_dags/example_branch_day_of_week_operator.py
[2022-12-22T09:28:20.480+0000] {logging_mixin.py:137} INFO - [2022-12-22T09:28:20.480+0000] {dag.py:2676} INFO - Sync 1 DAGs
[2022-12-22T09:28:20.514+0000] {logging_mixin.py:137} INFO - [2022-12-22T09:28:20.514+0000] {dag.py:3427} INFO - Setting next_dagrun for example_weekday_branch_operator to 2022-12-21T00:00:00+00:00, run_after=2022-12-22T00:00:00+00:00
[2022-12-22T09:28:20.542+0000] {processor.py:175} INFO - Processing /home/airflow/.local/lib/python3.7/site-packages/airflow/example_dags/example_branch_day_of_week_operator.py took 0.150 seconds
[2022-12-22T09:28:50.991+0000] {processor.py:153} INFO - Started process (PID=948) to work on /home/airflow/.local/lib/python3.7/site-packages/airflow/example_dags/example_branch_day_of_week_operator.py
[2022-12-22T09:28:50.995+0000] {processor.py:743} INFO - Processing file /home/airflow/.local/lib/python3.7/site-packages/airflow/example_dags/example_branch_day_of_week_operator.py for tasks to queue
[2022-12-22T09:28:50.999+0000] {logging_mixin.py:137} INFO - [2022-12-22T09:28:50.999+0000] {dagbag.py:538} INFO - Filling up the DagBag from /home/airflow/.local/lib/python3.7/site-packages/airflow/example_dags/example_branch_day_of_week_operator.py
[2022-12-22T09:28:51.016+0000] {processor.py:753} INFO - DAG(s) dict_keys(['example_weekday_branch_operator']) retrieved from /home/airflow/.local/lib/python3.7/site-packages/airflow/example_dags/example_branch_day_of_week_operator.py
[2022-12-22T09:28:51.059+0000] {logging_mixin.py:137} INFO - [2022-12-22T09:28:51.059+0000] {dag.py:2676} INFO - Sync 1 DAGs
[2022-12-22T09:28:51.097+0000] {logging_mixin.py:137} INFO - [2022-12-22T09:28:51.097+0000] {dag.py:3427} INFO - Setting next_dagrun for example_weekday_branch_operator to 2022-12-21T00:00:00+00:00, run_after=2022-12-22T00:00:00+00:00
[2022-12-22T09:28:51.117+0000] {processor.py:175} INFO - Processing /home/airflow/.local/lib/python3.7/site-packages/airflow/example_dags/example_branch_day_of_week_operator.py took 0.129 seconds
[2022-12-22T09:29:23.013+0000] {processor.py:153} INFO - Started process (PID=1011) to work on /home/airflow/.local/lib/python3.7/site-packages/airflow/example_dags/example_branch_day_of_week_operator.py
[2022-12-22T09:29:23.018+0000] {processor.py:743} INFO - Processing file /home/airflow/.local/lib/python3.7/site-packages/airflow/example_dags/example_branch_day_of_week_operator.py for tasks to queue
[2022-12-22T09:29:23.019+0000] {logging_mixin.py:137} INFO - [2022-12-22T09:29:23.019+0000] {dagbag.py:538} INFO - Filling up the DagBag from /home/airflow/.local/lib/python3.7/site-packages/airflow/example_dags/example_branch_day_of_week_operator.py
[2022-12-22T09:29:23.031+0000] {processor.py:753} INFO - DAG(s) dict_keys(['example_weekday_branch_operator']) retrieved from /home/airflow/.local/lib/python3.7/site-packages/airflow/example_dags/example_branch_day_of_week_operator.py
[2022-12-22T09:29:23.057+0000] {logging_mixin.py:137} INFO - [2022-12-22T09:29:23.057+0000] {dag.py:2676} INFO - Sync 1 DAGs
[2022-12-22T09:29:23.076+0000] {logging_mixin.py:137} INFO - [2022-12-22T09:29:23.076+0000] {dag.py:3427} INFO - Setting next_dagrun for example_weekday_branch_operator to 2022-12-21T00:00:00+00:00, run_after=2022-12-22T00:00:00+00:00
[2022-12-22T09:29:23.116+0000] {processor.py:175} INFO - Processing /home/airflow/.local/lib/python3.7/site-packages/airflow/example_dags/example_branch_day_of_week_operator.py took 0.106 seconds
[2022-12-22T09:29:54.005+0000] {processor.py:153} INFO - Started process (PID=1074) to work on /home/airflow/.local/lib/python3.7/site-packages/airflow/example_dags/example_branch_day_of_week_operator.py
[2022-12-22T09:29:54.014+0000] {processor.py:743} INFO - Processing file /home/airflow/.local/lib/python3.7/site-packages/airflow/example_dags/example_branch_day_of_week_operator.py for tasks to queue
[2022-12-22T09:29:54.016+0000] {logging_mixin.py:137} INFO - [2022-12-22T09:29:54.016+0000] {dagbag.py:538} INFO - Filling up the DagBag from /home/airflow/.local/lib/python3.7/site-packages/airflow/example_dags/example_branch_day_of_week_operator.py
[2022-12-22T09:29:54.035+0000] {processor.py:753} INFO - DAG(s) dict_keys(['example_weekday_branch_operator']) retrieved from /home/airflow/.local/lib/python3.7/site-packages/airflow/example_dags/example_branch_day_of_week_operator.py
[2022-12-22T09:29:54.082+0000] {logging_mixin.py:137} INFO - [2022-12-22T09:29:54.082+0000] {dag.py:2676} INFO - Sync 1 DAGs
[2022-12-22T09:29:54.131+0000] {logging_mixin.py:137} INFO - [2022-12-22T09:29:54.131+0000] {dag.py:3427} INFO - Setting next_dagrun for example_weekday_branch_operator to 2022-12-21T00:00:00+00:00, run_after=2022-12-22T00:00:00+00:00
[2022-12-22T09:29:54.171+0000] {processor.py:175} INFO - Processing /home/airflow/.local/lib/python3.7/site-packages/airflow/example_dags/example_branch_day_of_week_operator.py took 0.168 seconds
[2022-12-22T09:30:25.163+0000] {processor.py:153} INFO - Started process (PID=1136) to work on /home/airflow/.local/lib/python3.7/site-packages/airflow/example_dags/example_branch_day_of_week_operator.py
[2022-12-22T09:30:25.173+0000] {processor.py:743} INFO - Processing file /home/airflow/.local/lib/python3.7/site-packages/airflow/example_dags/example_branch_day_of_week_operator.py for tasks to queue
[2022-12-22T09:30:25.188+0000] {logging_mixin.py:137} INFO - [2022-12-22T09:30:25.188+0000] {dagbag.py:538} INFO - Filling up the DagBag from /home/airflow/.local/lib/python3.7/site-packages/airflow/example_dags/example_branch_day_of_week_operator.py
[2022-12-22T09:30:25.245+0000] {processor.py:753} INFO - DAG(s) dict_keys(['example_weekday_branch_operator']) retrieved from /home/airflow/.local/lib/python3.7/site-packages/airflow/example_dags/example_branch_day_of_week_operator.py
[2022-12-22T09:30:25.369+0000] {logging_mixin.py:137} INFO - [2022-12-22T09:30:25.369+0000] {dag.py:2676} INFO - Sync 1 DAGs
[2022-12-22T09:30:25.406+0000] {logging_mixin.py:137} INFO - [2022-12-22T09:30:25.406+0000] {dag.py:3427} INFO - Setting next_dagrun for example_weekday_branch_operator to 2022-12-21T00:00:00+00:00, run_after=2022-12-22T00:00:00+00:00
[2022-12-22T09:30:25.507+0000] {processor.py:175} INFO - Processing /home/airflow/.local/lib/python3.7/site-packages/airflow/example_dags/example_branch_day_of_week_operator.py took 0.348 seconds
[2022-12-22T09:30:55.806+0000] {processor.py:153} INFO - Started process (PID=1186) to work on /home/airflow/.local/lib/python3.7/site-packages/airflow/example_dags/example_branch_day_of_week_operator.py
[2022-12-22T09:30:55.811+0000] {processor.py:743} INFO - Processing file /home/airflow/.local/lib/python3.7/site-packages/airflow/example_dags/example_branch_day_of_week_operator.py for tasks to queue
[2022-12-22T09:30:55.819+0000] {logging_mixin.py:137} INFO - [2022-12-22T09:30:55.819+0000] {dagbag.py:538} INFO - Filling up the DagBag from /home/airflow/.local/lib/python3.7/site-packages/airflow/example_dags/example_branch_day_of_week_operator.py
[2022-12-22T09:30:55.871+0000] {processor.py:753} INFO - DAG(s) dict_keys(['example_weekday_branch_operator']) retrieved from /home/airflow/.local/lib/python3.7/site-packages/airflow/example_dags/example_branch_day_of_week_operator.py
[2022-12-22T09:30:56.193+0000] {logging_mixin.py:137} INFO - [2022-12-22T09:30:56.192+0000] {dag.py:2676} INFO - Sync 1 DAGs
[2022-12-22T09:30:56.303+0000] {logging_mixin.py:137} INFO - [2022-12-22T09:30:56.302+0000] {dag.py:3427} INFO - Setting next_dagrun for example_weekday_branch_operator to 2022-12-21T00:00:00+00:00, run_after=2022-12-22T00:00:00+00:00
[2022-12-22T09:30:56.398+0000] {processor.py:175} INFO - Processing /home/airflow/.local/lib/python3.7/site-packages/airflow/example_dags/example_branch_day_of_week_operator.py took 0.599 seconds
[2022-12-22T09:31:33.097+0000] {processor.py:153} INFO - Started process (PID=1247) to work on /home/airflow/.local/lib/python3.7/site-packages/airflow/example_dags/example_branch_day_of_week_operator.py
[2022-12-22T09:31:33.100+0000] {processor.py:743} INFO - Processing file /home/airflow/.local/lib/python3.7/site-packages/airflow/example_dags/example_branch_day_of_week_operator.py for tasks to queue
[2022-12-22T09:31:33.102+0000] {logging_mixin.py:137} INFO - [2022-12-22T09:31:33.101+0000] {dagbag.py:538} INFO - Filling up the DagBag from /home/airflow/.local/lib/python3.7/site-packages/airflow/example_dags/example_branch_day_of_week_operator.py
[2022-12-22T09:31:33.121+0000] {processor.py:753} INFO - DAG(s) dict_keys(['example_weekday_branch_operator']) retrieved from /home/airflow/.local/lib/python3.7/site-packages/airflow/example_dags/example_branch_day_of_week_operator.py
[2022-12-22T09:31:33.160+0000] {logging_mixin.py:137} INFO - [2022-12-22T09:31:33.160+0000] {dag.py:2676} INFO - Sync 1 DAGs
[2022-12-22T09:31:33.184+0000] {logging_mixin.py:137} INFO - [2022-12-22T09:31:33.184+0000] {dag.py:3427} INFO - Setting next_dagrun for example_weekday_branch_operator to 2022-12-21T00:00:00+00:00, run_after=2022-12-22T00:00:00+00:00
[2022-12-22T09:31:33.215+0000] {processor.py:175} INFO - Processing /home/airflow/.local/lib/python3.7/site-packages/airflow/example_dags/example_branch_day_of_week_operator.py took 0.121 seconds
[2022-12-22T09:32:04.535+0000] {processor.py:153} INFO - Started process (PID=1308) to work on /home/airflow/.local/lib/python3.7/site-packages/airflow/example_dags/example_branch_day_of_week_operator.py
[2022-12-22T09:32:04.550+0000] {processor.py:743} INFO - Processing file /home/airflow/.local/lib/python3.7/site-packages/airflow/example_dags/example_branch_day_of_week_operator.py for tasks to queue
[2022-12-22T09:32:04.552+0000] {logging_mixin.py:137} INFO - [2022-12-22T09:32:04.552+0000] {dagbag.py:538} INFO - Filling up the DagBag from /home/airflow/.local/lib/python3.7/site-packages/airflow/example_dags/example_branch_day_of_week_operator.py
[2022-12-22T09:32:04.606+0000] {processor.py:753} INFO - DAG(s) dict_keys(['example_weekday_branch_operator']) retrieved from /home/airflow/.local/lib/python3.7/site-packages/airflow/example_dags/example_branch_day_of_week_operator.py
[2022-12-22T09:32:04.729+0000] {logging_mixin.py:137} INFO - [2022-12-22T09:32:04.729+0000] {dag.py:2676} INFO - Sync 1 DAGs
[2022-12-22T09:32:04.781+0000] {logging_mixin.py:137} INFO - [2022-12-22T09:32:04.780+0000] {dag.py:3427} INFO - Setting next_dagrun for example_weekday_branch_operator to 2022-12-21T00:00:00+00:00, run_after=2022-12-22T00:00:00+00:00
[2022-12-22T09:32:04.845+0000] {processor.py:175} INFO - Processing /home/airflow/.local/lib/python3.7/site-packages/airflow/example_dags/example_branch_day_of_week_operator.py took 0.324 seconds
[2022-12-22T09:32:37.177+0000] {processor.py:153} INFO - Started process (PID=1380) to work on /home/airflow/.local/lib/python3.7/site-packages/airflow/example_dags/example_branch_day_of_week_operator.py
[2022-12-22T09:32:37.180+0000] {processor.py:743} INFO - Processing file /home/airflow/.local/lib/python3.7/site-packages/airflow/example_dags/example_branch_day_of_week_operator.py for tasks to queue
[2022-12-22T09:32:37.187+0000] {logging_mixin.py:137} INFO - [2022-12-22T09:32:37.186+0000] {dagbag.py:538} INFO - Filling up the DagBag from /home/airflow/.local/lib/python3.7/site-packages/airflow/example_dags/example_branch_day_of_week_operator.py
[2022-12-22T09:32:37.258+0000] {processor.py:753} INFO - DAG(s) dict_keys(['example_weekday_branch_operator']) retrieved from /home/airflow/.local/lib/python3.7/site-packages/airflow/example_dags/example_branch_day_of_week_operator.py
[2022-12-22T09:32:37.321+0000] {logging_mixin.py:137} INFO - [2022-12-22T09:32:37.321+0000] {dag.py:2676} INFO - Sync 1 DAGs
[2022-12-22T09:32:37.370+0000] {logging_mixin.py:137} INFO - [2022-12-22T09:32:37.370+0000] {dag.py:3427} INFO - Setting next_dagrun for example_weekday_branch_operator to 2022-12-21T00:00:00+00:00, run_after=2022-12-22T00:00:00+00:00
[2022-12-22T09:32:37.407+0000] {processor.py:175} INFO - Processing /home/airflow/.local/lib/python3.7/site-packages/airflow/example_dags/example_branch_day_of_week_operator.py took 0.251 seconds
[2022-12-22T09:33:07.570+0000] {processor.py:153} INFO - Started process (PID=1446) to work on /home/airflow/.local/lib/python3.7/site-packages/airflow/example_dags/example_branch_day_of_week_operator.py
[2022-12-22T09:33:07.572+0000] {processor.py:743} INFO - Processing file /home/airflow/.local/lib/python3.7/site-packages/airflow/example_dags/example_branch_day_of_week_operator.py for tasks to queue
[2022-12-22T09:33:07.573+0000] {logging_mixin.py:137} INFO - [2022-12-22T09:33:07.573+0000] {dagbag.py:538} INFO - Filling up the DagBag from /home/airflow/.local/lib/python3.7/site-packages/airflow/example_dags/example_branch_day_of_week_operator.py
[2022-12-22T09:33:07.597+0000] {processor.py:753} INFO - DAG(s) dict_keys(['example_weekday_branch_operator']) retrieved from /home/airflow/.local/lib/python3.7/site-packages/airflow/example_dags/example_branch_day_of_week_operator.py
[2022-12-22T09:33:07.638+0000] {logging_mixin.py:137} INFO - [2022-12-22T09:33:07.638+0000] {dag.py:2676} INFO - Sync 1 DAGs
[2022-12-22T09:33:07.668+0000] {logging_mixin.py:137} INFO - [2022-12-22T09:33:07.667+0000] {dag.py:3427} INFO - Setting next_dagrun for example_weekday_branch_operator to 2022-12-21T00:00:00+00:00, run_after=2022-12-22T00:00:00+00:00
[2022-12-22T09:33:07.699+0000] {processor.py:175} INFO - Processing /home/airflow/.local/lib/python3.7/site-packages/airflow/example_dags/example_branch_day_of_week_operator.py took 0.131 seconds
[2022-12-22T09:33:37.738+0000] {processor.py:153} INFO - Started process (PID=1507) to work on /home/airflow/.local/lib/python3.7/site-packages/airflow/example_dags/example_branch_day_of_week_operator.py
[2022-12-22T09:33:37.740+0000] {processor.py:743} INFO - Processing file /home/airflow/.local/lib/python3.7/site-packages/airflow/example_dags/example_branch_day_of_week_operator.py for tasks to queue
[2022-12-22T09:33:37.741+0000] {logging_mixin.py:137} INFO - [2022-12-22T09:33:37.741+0000] {dagbag.py:538} INFO - Filling up the DagBag from /home/airflow/.local/lib/python3.7/site-packages/airflow/example_dags/example_branch_day_of_week_operator.py
[2022-12-22T09:33:37.754+0000] {processor.py:753} INFO - DAG(s) dict_keys(['example_weekday_branch_operator']) retrieved from /home/airflow/.local/lib/python3.7/site-packages/airflow/example_dags/example_branch_day_of_week_operator.py
[2022-12-22T09:33:37.782+0000] {logging_mixin.py:137} INFO - [2022-12-22T09:33:37.781+0000] {dag.py:2676} INFO - Sync 1 DAGs
[2022-12-22T09:33:37.798+0000] {logging_mixin.py:137} INFO - [2022-12-22T09:33:37.798+0000] {dag.py:3427} INFO - Setting next_dagrun for example_weekday_branch_operator to 2022-12-21T00:00:00+00:00, run_after=2022-12-22T00:00:00+00:00
[2022-12-22T09:33:37.814+0000] {processor.py:175} INFO - Processing /home/airflow/.local/lib/python3.7/site-packages/airflow/example_dags/example_branch_day_of_week_operator.py took 0.078 seconds
[2022-12-22T09:42:48.906+0000] {processor.py:153} INFO - Started process (PID=1582) to work on /home/airflow/.local/lib/python3.7/site-packages/airflow/example_dags/example_branch_day_of_week_operator.py
[2022-12-22T09:42:49.581+0000] {processor.py:743} INFO - Processing file /home/airflow/.local/lib/python3.7/site-packages/airflow/example_dags/example_branch_day_of_week_operator.py for tasks to queue
[2022-12-22T09:42:49.672+0000] {logging_mixin.py:137} INFO - [2022-12-22T09:42:49.672+0000] {dagbag.py:538} INFO - Filling up the DagBag from /home/airflow/.local/lib/python3.7/site-packages/airflow/example_dags/example_branch_day_of_week_operator.py
[2022-12-22T09:42:50.671+0000] {processor.py:753} INFO - DAG(s) dict_keys(['example_weekday_branch_operator']) retrieved from /home/airflow/.local/lib/python3.7/site-packages/airflow/example_dags/example_branch_day_of_week_operator.py
[2022-12-22T09:42:52.385+0000] {logging_mixin.py:137} INFO - [2022-12-22T09:42:52.368+0000] {dag.py:2676} INFO - Sync 1 DAGs
[2022-12-22T09:42:54.465+0000] {logging_mixin.py:137} INFO - [2022-12-22T09:42:54.464+0000] {dag.py:3427} INFO - Setting next_dagrun for example_weekday_branch_operator to 2022-12-21T00:00:00+00:00, run_after=2022-12-22T00:00:00+00:00
[2022-12-22T09:42:54.915+0000] {processor.py:175} INFO - Processing /home/airflow/.local/lib/python3.7/site-packages/airflow/example_dags/example_branch_day_of_week_operator.py took 6.097 seconds
[2022-12-22T12:53:15.590+0000] {processor.py:153} INFO - Started process (PID=47) to work on /home/airflow/.local/lib/python3.7/site-packages/airflow/example_dags/example_branch_day_of_week_operator.py
[2022-12-22T12:53:15.611+0000] {processor.py:743} INFO - Processing file /home/airflow/.local/lib/python3.7/site-packages/airflow/example_dags/example_branch_day_of_week_operator.py for tasks to queue
[2022-12-22T12:53:15.617+0000] {logging_mixin.py:137} INFO - [2022-12-22T12:53:15.616+0000] {dagbag.py:538} INFO - Filling up the DagBag from /home/airflow/.local/lib/python3.7/site-packages/airflow/example_dags/example_branch_day_of_week_operator.py
[2022-12-22T12:53:15.727+0000] {processor.py:753} INFO - DAG(s) dict_keys(['example_weekday_branch_operator']) retrieved from /home/airflow/.local/lib/python3.7/site-packages/airflow/example_dags/example_branch_day_of_week_operator.py
[2022-12-22T12:53:15.912+0000] {logging_mixin.py:137} INFO - [2022-12-22T12:53:15.911+0000] {dag.py:2676} INFO - Sync 1 DAGs
[2022-12-22T12:53:16.040+0000] {logging_mixin.py:137} INFO - [2022-12-22T12:53:16.039+0000] {dag.py:3427} INFO - Setting next_dagrun for example_weekday_branch_operator to 2022-12-21T00:00:00+00:00, run_after=2022-12-22T00:00:00+00:00
[2022-12-22T12:53:16.222+0000] {processor.py:175} INFO - Processing /home/airflow/.local/lib/python3.7/site-packages/airflow/example_dags/example_branch_day_of_week_operator.py took 0.637 seconds
[2022-12-22T13:03:17.836+0000] {processor.py:153} INFO - Started process (PID=277) to work on /home/airflow/.local/lib/python3.7/site-packages/airflow/example_dags/example_branch_day_of_week_operator.py
[2022-12-22T13:03:18.656+0000] {processor.py:743} INFO - Processing file /home/airflow/.local/lib/python3.7/site-packages/airflow/example_dags/example_branch_day_of_week_operator.py for tasks to queue
[2022-12-22T13:03:19.034+0000] {logging_mixin.py:137} INFO - [2022-12-22T13:03:18.900+0000] {dagbag.py:538} INFO - Filling up the DagBag from /home/airflow/.local/lib/python3.7/site-packages/airflow/example_dags/example_branch_day_of_week_operator.py
[2022-12-22T13:29:14.455+0000] {processor.py:153} INFO - Started process (PID=47) to work on /home/airflow/.local/lib/python3.7/site-packages/airflow/example_dags/example_branch_day_of_week_operator.py
[2022-12-22T13:29:14.464+0000] {processor.py:743} INFO - Processing file /home/airflow/.local/lib/python3.7/site-packages/airflow/example_dags/example_branch_day_of_week_operator.py for tasks to queue
[2022-12-22T13:29:14.467+0000] {logging_mixin.py:137} INFO - [2022-12-22T13:29:14.466+0000] {dagbag.py:538} INFO - Filling up the DagBag from /home/airflow/.local/lib/python3.7/site-packages/airflow/example_dags/example_branch_day_of_week_operator.py
[2022-12-22T13:29:14.510+0000] {processor.py:753} INFO - DAG(s) dict_keys(['example_weekday_branch_operator']) retrieved from /home/airflow/.local/lib/python3.7/site-packages/airflow/example_dags/example_branch_day_of_week_operator.py
[2022-12-22T13:29:14.563+0000] {logging_mixin.py:137} INFO - [2022-12-22T13:29:14.563+0000] {dag.py:2676} INFO - Sync 1 DAGs
[2022-12-22T13:29:14.609+0000] {logging_mixin.py:137} INFO - [2022-12-22T13:29:14.609+0000] {dag.py:3427} INFO - Setting next_dagrun for example_weekday_branch_operator to 2022-12-21T00:00:00+00:00, run_after=2022-12-22T00:00:00+00:00
[2022-12-22T13:29:14.638+0000] {processor.py:175} INFO - Processing /home/airflow/.local/lib/python3.7/site-packages/airflow/example_dags/example_branch_day_of_week_operator.py took 0.191 seconds
[2022-12-22T13:29:44.842+0000] {processor.py:153} INFO - Started process (PID=109) to work on /home/airflow/.local/lib/python3.7/site-packages/airflow/example_dags/example_branch_day_of_week_operator.py
[2022-12-22T13:29:44.843+0000] {processor.py:743} INFO - Processing file /home/airflow/.local/lib/python3.7/site-packages/airflow/example_dags/example_branch_day_of_week_operator.py for tasks to queue
[2022-12-22T13:29:44.846+0000] {logging_mixin.py:137} INFO - [2022-12-22T13:29:44.846+0000] {dagbag.py:538} INFO - Filling up the DagBag from /home/airflow/.local/lib/python3.7/site-packages/airflow/example_dags/example_branch_day_of_week_operator.py
[2022-12-22T13:29:44.906+0000] {processor.py:753} INFO - DAG(s) dict_keys(['example_weekday_branch_operator']) retrieved from /home/airflow/.local/lib/python3.7/site-packages/airflow/example_dags/example_branch_day_of_week_operator.py
[2022-12-22T13:29:44.966+0000] {logging_mixin.py:137} INFO - [2022-12-22T13:29:44.966+0000] {dag.py:2676} INFO - Sync 1 DAGs
[2022-12-22T13:29:44.999+0000] {logging_mixin.py:137} INFO - [2022-12-22T13:29:44.999+0000] {dag.py:3427} INFO - Setting next_dagrun for example_weekday_branch_operator to 2022-12-21T00:00:00+00:00, run_after=2022-12-22T00:00:00+00:00
[2022-12-22T13:29:45.028+0000] {processor.py:175} INFO - Processing /home/airflow/.local/lib/python3.7/site-packages/airflow/example_dags/example_branch_day_of_week_operator.py took 0.189 seconds
[2022-12-22T13:30:15.536+0000] {processor.py:153} INFO - Started process (PID=182) to work on /home/airflow/.local/lib/python3.7/site-packages/airflow/example_dags/example_branch_day_of_week_operator.py
[2022-12-22T13:30:15.539+0000] {processor.py:743} INFO - Processing file /home/airflow/.local/lib/python3.7/site-packages/airflow/example_dags/example_branch_day_of_week_operator.py for tasks to queue
[2022-12-22T13:30:15.540+0000] {logging_mixin.py:137} INFO - [2022-12-22T13:30:15.540+0000] {dagbag.py:538} INFO - Filling up the DagBag from /home/airflow/.local/lib/python3.7/site-packages/airflow/example_dags/example_branch_day_of_week_operator.py
[2022-12-22T13:30:15.576+0000] {processor.py:753} INFO - DAG(s) dict_keys(['example_weekday_branch_operator']) retrieved from /home/airflow/.local/lib/python3.7/site-packages/airflow/example_dags/example_branch_day_of_week_operator.py
[2022-12-22T13:30:15.665+0000] {logging_mixin.py:137} INFO - [2022-12-22T13:30:15.664+0000] {dag.py:2676} INFO - Sync 1 DAGs
[2022-12-22T13:30:15.710+0000] {logging_mixin.py:137} INFO - [2022-12-22T13:30:15.710+0000] {dag.py:3427} INFO - Setting next_dagrun for example_weekday_branch_operator to 2022-12-21T00:00:00+00:00, run_after=2022-12-22T00:00:00+00:00
[2022-12-22T13:30:15.750+0000] {processor.py:175} INFO - Processing /home/airflow/.local/lib/python3.7/site-packages/airflow/example_dags/example_branch_day_of_week_operator.py took 0.218 seconds
[2022-12-22T13:30:45.962+0000] {processor.py:153} INFO - Started process (PID=251) to work on /home/airflow/.local/lib/python3.7/site-packages/airflow/example_dags/example_branch_day_of_week_operator.py
[2022-12-22T13:30:45.965+0000] {processor.py:743} INFO - Processing file /home/airflow/.local/lib/python3.7/site-packages/airflow/example_dags/example_branch_day_of_week_operator.py for tasks to queue
[2022-12-22T13:30:45.967+0000] {logging_mixin.py:137} INFO - [2022-12-22T13:30:45.967+0000] {dagbag.py:538} INFO - Filling up the DagBag from /home/airflow/.local/lib/python3.7/site-packages/airflow/example_dags/example_branch_day_of_week_operator.py
[2022-12-22T13:30:46.008+0000] {processor.py:753} INFO - DAG(s) dict_keys(['example_weekday_branch_operator']) retrieved from /home/airflow/.local/lib/python3.7/site-packages/airflow/example_dags/example_branch_day_of_week_operator.py
[2022-12-22T13:30:46.069+0000] {logging_mixin.py:137} INFO - [2022-12-22T13:30:46.068+0000] {dag.py:2676} INFO - Sync 1 DAGs
[2022-12-22T13:30:46.102+0000] {logging_mixin.py:137} INFO - [2022-12-22T13:30:46.102+0000] {dag.py:3427} INFO - Setting next_dagrun for example_weekday_branch_operator to 2022-12-21T00:00:00+00:00, run_after=2022-12-22T00:00:00+00:00
[2022-12-22T13:30:46.121+0000] {processor.py:175} INFO - Processing /home/airflow/.local/lib/python3.7/site-packages/airflow/example_dags/example_branch_day_of_week_operator.py took 0.163 seconds
[2022-12-22T13:31:17.183+0000] {processor.py:153} INFO - Started process (PID=323) to work on /home/airflow/.local/lib/python3.7/site-packages/airflow/example_dags/example_branch_day_of_week_operator.py
[2022-12-22T13:31:17.189+0000] {processor.py:743} INFO - Processing file /home/airflow/.local/lib/python3.7/site-packages/airflow/example_dags/example_branch_day_of_week_operator.py for tasks to queue
[2022-12-22T13:31:17.191+0000] {logging_mixin.py:137} INFO - [2022-12-22T13:31:17.190+0000] {dagbag.py:538} INFO - Filling up the DagBag from /home/airflow/.local/lib/python3.7/site-packages/airflow/example_dags/example_branch_day_of_week_operator.py
[2022-12-22T13:31:17.219+0000] {processor.py:753} INFO - DAG(s) dict_keys(['example_weekday_branch_operator']) retrieved from /home/airflow/.local/lib/python3.7/site-packages/airflow/example_dags/example_branch_day_of_week_operator.py
[2022-12-22T13:31:17.270+0000] {logging_mixin.py:137} INFO - [2022-12-22T13:31:17.270+0000] {dag.py:2676} INFO - Sync 1 DAGs
[2022-12-22T13:31:17.304+0000] {logging_mixin.py:137} INFO - [2022-12-22T13:31:17.304+0000] {dag.py:3427} INFO - Setting next_dagrun for example_weekday_branch_operator to 2022-12-21T00:00:00+00:00, run_after=2022-12-22T00:00:00+00:00
[2022-12-22T13:31:17.325+0000] {processor.py:175} INFO - Processing /home/airflow/.local/lib/python3.7/site-packages/airflow/example_dags/example_branch_day_of_week_operator.py took 0.149 seconds
[2022-12-22T13:31:47.653+0000] {processor.py:153} INFO - Started process (PID=401) to work on /home/airflow/.local/lib/python3.7/site-packages/airflow/example_dags/example_branch_day_of_week_operator.py
[2022-12-22T13:31:47.655+0000] {processor.py:743} INFO - Processing file /home/airflow/.local/lib/python3.7/site-packages/airflow/example_dags/example_branch_day_of_week_operator.py for tasks to queue
[2022-12-22T13:31:47.657+0000] {logging_mixin.py:137} INFO - [2022-12-22T13:31:47.657+0000] {dagbag.py:538} INFO - Filling up the DagBag from /home/airflow/.local/lib/python3.7/site-packages/airflow/example_dags/example_branch_day_of_week_operator.py
[2022-12-22T13:31:47.692+0000] {processor.py:753} INFO - DAG(s) dict_keys(['example_weekday_branch_operator']) retrieved from /home/airflow/.local/lib/python3.7/site-packages/airflow/example_dags/example_branch_day_of_week_operator.py
[2022-12-22T13:31:47.727+0000] {logging_mixin.py:137} INFO - [2022-12-22T13:31:47.726+0000] {dag.py:2676} INFO - Sync 1 DAGs
[2022-12-22T13:31:47.746+0000] {logging_mixin.py:137} INFO - [2022-12-22T13:31:47.746+0000] {dag.py:3427} INFO - Setting next_dagrun for example_weekday_branch_operator to 2022-12-21T00:00:00+00:00, run_after=2022-12-22T00:00:00+00:00
[2022-12-22T13:31:47.760+0000] {processor.py:175} INFO - Processing /home/airflow/.local/lib/python3.7/site-packages/airflow/example_dags/example_branch_day_of_week_operator.py took 0.110 seconds
