[2022-12-22T09:20:46.471+0000] {processor.py:153} INFO - Started process (PID=67) to work on /home/airflow/.local/lib/python3.7/site-packages/airflow/example_dags/example_kubernetes_executor.py
[2022-12-22T09:20:46.474+0000] {processor.py:743} INFO - Processing file /home/airflow/.local/lib/python3.7/site-packages/airflow/example_dags/example_kubernetes_executor.py for tasks to queue
[2022-12-22T09:20:46.487+0000] {logging_mixin.py:137} INFO - [2022-12-22T09:20:46.487+0000] {dagbag.py:538} INFO - Filling up the DagBag from /home/airflow/.local/lib/python3.7/site-packages/airflow/example_dags/example_kubernetes_executor.py
[2022-12-22T09:20:46.543+0000] {processor.py:753} INFO - DAG(s) dict_keys(['example_kubernetes_executor']) retrieved from /home/airflow/.local/lib/python3.7/site-packages/airflow/example_dags/example_kubernetes_executor.py
[2022-12-22T09:20:46.596+0000] {logging_mixin.py:137} INFO - [2022-12-22T09:20:46.596+0000] {dag.py:2676} INFO - Sync 1 DAGs
[2022-12-22T09:20:46.621+0000] {logging_mixin.py:137} INFO - [2022-12-22T09:20:46.621+0000] {dag.py:3427} INFO - Setting next_dagrun for example_kubernetes_executor to None, run_after=None
[2022-12-22T09:20:46.638+0000] {processor.py:175} INFO - Processing /home/airflow/.local/lib/python3.7/site-packages/airflow/example_dags/example_kubernetes_executor.py took 0.171 seconds
[2022-12-22T09:21:17.670+0000] {processor.py:153} INFO - Started process (PID=129) to work on /home/airflow/.local/lib/python3.7/site-packages/airflow/example_dags/example_kubernetes_executor.py
[2022-12-22T09:21:17.673+0000] {processor.py:743} INFO - Processing file /home/airflow/.local/lib/python3.7/site-packages/airflow/example_dags/example_kubernetes_executor.py for tasks to queue
[2022-12-22T09:21:17.675+0000] {logging_mixin.py:137} INFO - [2022-12-22T09:21:17.675+0000] {dagbag.py:538} INFO - Filling up the DagBag from /home/airflow/.local/lib/python3.7/site-packages/airflow/example_dags/example_kubernetes_executor.py
[2022-12-22T09:21:17.716+0000] {processor.py:753} INFO - DAG(s) dict_keys(['example_kubernetes_executor']) retrieved from /home/airflow/.local/lib/python3.7/site-packages/airflow/example_dags/example_kubernetes_executor.py
[2022-12-22T09:21:17.765+0000] {logging_mixin.py:137} INFO - [2022-12-22T09:21:17.765+0000] {dag.py:2676} INFO - Sync 1 DAGs
[2022-12-22T09:21:17.786+0000] {logging_mixin.py:137} INFO - [2022-12-22T09:21:17.786+0000] {dag.py:3427} INFO - Setting next_dagrun for example_kubernetes_executor to None, run_after=None
[2022-12-22T09:21:17.809+0000] {processor.py:175} INFO - Processing /home/airflow/.local/lib/python3.7/site-packages/airflow/example_dags/example_kubernetes_executor.py took 0.142 seconds
[2022-12-22T09:21:48.532+0000] {processor.py:153} INFO - Started process (PID=199) to work on /home/airflow/.local/lib/python3.7/site-packages/airflow/example_dags/example_kubernetes_executor.py
[2022-12-22T09:21:48.535+0000] {processor.py:743} INFO - Processing file /home/airflow/.local/lib/python3.7/site-packages/airflow/example_dags/example_kubernetes_executor.py for tasks to queue
[2022-12-22T09:21:48.541+0000] {logging_mixin.py:137} INFO - [2022-12-22T09:21:48.541+0000] {dagbag.py:538} INFO - Filling up the DagBag from /home/airflow/.local/lib/python3.7/site-packages/airflow/example_dags/example_kubernetes_executor.py
[2022-12-22T09:21:48.689+0000] {processor.py:753} INFO - DAG(s) dict_keys(['example_kubernetes_executor']) retrieved from /home/airflow/.local/lib/python3.7/site-packages/airflow/example_dags/example_kubernetes_executor.py
[2022-12-22T09:21:48.768+0000] {logging_mixin.py:137} INFO - [2022-12-22T09:21:48.768+0000] {dag.py:2676} INFO - Sync 1 DAGs
[2022-12-22T09:21:48.798+0000] {logging_mixin.py:137} INFO - [2022-12-22T09:21:48.798+0000] {dag.py:3427} INFO - Setting next_dagrun for example_kubernetes_executor to None, run_after=None
[2022-12-22T09:21:48.831+0000] {processor.py:175} INFO - Processing /home/airflow/.local/lib/python3.7/site-packages/airflow/example_dags/example_kubernetes_executor.py took 0.305 seconds
[2022-12-22T09:22:19.717+0000] {processor.py:153} INFO - Started process (PID=255) to work on /home/airflow/.local/lib/python3.7/site-packages/airflow/example_dags/example_kubernetes_executor.py
[2022-12-22T09:22:19.721+0000] {processor.py:743} INFO - Processing file /home/airflow/.local/lib/python3.7/site-packages/airflow/example_dags/example_kubernetes_executor.py for tasks to queue
[2022-12-22T09:22:19.723+0000] {logging_mixin.py:137} INFO - [2022-12-22T09:22:19.723+0000] {dagbag.py:538} INFO - Filling up the DagBag from /home/airflow/.local/lib/python3.7/site-packages/airflow/example_dags/example_kubernetes_executor.py
[2022-12-22T09:22:19.768+0000] {processor.py:753} INFO - DAG(s) dict_keys(['example_kubernetes_executor']) retrieved from /home/airflow/.local/lib/python3.7/site-packages/airflow/example_dags/example_kubernetes_executor.py
[2022-12-22T09:22:19.811+0000] {logging_mixin.py:137} INFO - [2022-12-22T09:22:19.811+0000] {dag.py:2676} INFO - Sync 1 DAGs
[2022-12-22T09:22:19.828+0000] {logging_mixin.py:137} INFO - [2022-12-22T09:22:19.828+0000] {dag.py:3427} INFO - Setting next_dagrun for example_kubernetes_executor to None, run_after=None
[2022-12-22T09:22:19.841+0000] {processor.py:175} INFO - Processing /home/airflow/.local/lib/python3.7/site-packages/airflow/example_dags/example_kubernetes_executor.py took 0.129 seconds
[2022-12-22T09:22:53.266+0000] {processor.py:153} INFO - Started process (PID=330) to work on /home/airflow/.local/lib/python3.7/site-packages/airflow/example_dags/example_kubernetes_executor.py
[2022-12-22T09:22:53.268+0000] {processor.py:743} INFO - Processing file /home/airflow/.local/lib/python3.7/site-packages/airflow/example_dags/example_kubernetes_executor.py for tasks to queue
[2022-12-22T09:22:53.274+0000] {logging_mixin.py:137} INFO - [2022-12-22T09:22:53.274+0000] {dagbag.py:538} INFO - Filling up the DagBag from /home/airflow/.local/lib/python3.7/site-packages/airflow/example_dags/example_kubernetes_executor.py
[2022-12-22T09:22:53.368+0000] {processor.py:753} INFO - DAG(s) dict_keys(['example_kubernetes_executor']) retrieved from /home/airflow/.local/lib/python3.7/site-packages/airflow/example_dags/example_kubernetes_executor.py
[2022-12-22T09:22:53.476+0000] {logging_mixin.py:137} INFO - [2022-12-22T09:22:53.476+0000] {dag.py:2676} INFO - Sync 1 DAGs
[2022-12-22T09:22:53.503+0000] {logging_mixin.py:137} INFO - [2022-12-22T09:22:53.502+0000] {dag.py:3427} INFO - Setting next_dagrun for example_kubernetes_executor to None, run_after=None
[2022-12-22T09:22:53.533+0000] {processor.py:175} INFO - Processing /home/airflow/.local/lib/python3.7/site-packages/airflow/example_dags/example_kubernetes_executor.py took 0.270 seconds
[2022-12-22T09:23:25.949+0000] {processor.py:153} INFO - Started process (PID=389) to work on /home/airflow/.local/lib/python3.7/site-packages/airflow/example_dags/example_kubernetes_executor.py
[2022-12-22T09:23:25.953+0000] {processor.py:743} INFO - Processing file /home/airflow/.local/lib/python3.7/site-packages/airflow/example_dags/example_kubernetes_executor.py for tasks to queue
[2022-12-22T09:23:25.955+0000] {logging_mixin.py:137} INFO - [2022-12-22T09:23:25.955+0000] {dagbag.py:538} INFO - Filling up the DagBag from /home/airflow/.local/lib/python3.7/site-packages/airflow/example_dags/example_kubernetes_executor.py
[2022-12-22T09:23:26.002+0000] {processor.py:753} INFO - DAG(s) dict_keys(['example_kubernetes_executor']) retrieved from /home/airflow/.local/lib/python3.7/site-packages/airflow/example_dags/example_kubernetes_executor.py
[2022-12-22T09:23:26.077+0000] {logging_mixin.py:137} INFO - [2022-12-22T09:23:26.077+0000] {dag.py:2676} INFO - Sync 1 DAGs
[2022-12-22T09:23:26.123+0000] {logging_mixin.py:137} INFO - [2022-12-22T09:23:26.123+0000] {dag.py:3427} INFO - Setting next_dagrun for example_kubernetes_executor to None, run_after=None
[2022-12-22T09:23:26.153+0000] {processor.py:175} INFO - Processing /home/airflow/.local/lib/python3.7/site-packages/airflow/example_dags/example_kubernetes_executor.py took 0.207 seconds
[2022-12-22T09:23:56.485+0000] {processor.py:153} INFO - Started process (PID=449) to work on /home/airflow/.local/lib/python3.7/site-packages/airflow/example_dags/example_kubernetes_executor.py
[2022-12-22T09:23:56.538+0000] {processor.py:743} INFO - Processing file /home/airflow/.local/lib/python3.7/site-packages/airflow/example_dags/example_kubernetes_executor.py for tasks to queue
[2022-12-22T09:23:56.539+0000] {logging_mixin.py:137} INFO - [2022-12-22T09:23:56.539+0000] {dagbag.py:538} INFO - Filling up the DagBag from /home/airflow/.local/lib/python3.7/site-packages/airflow/example_dags/example_kubernetes_executor.py
[2022-12-22T09:23:57.838+0000] {processor.py:753} INFO - DAG(s) dict_keys(['example_kubernetes_executor']) retrieved from /home/airflow/.local/lib/python3.7/site-packages/airflow/example_dags/example_kubernetes_executor.py
[2022-12-22T09:23:58.001+0000] {logging_mixin.py:137} INFO - [2022-12-22T09:23:58.001+0000] {dag.py:2676} INFO - Sync 1 DAGs
[2022-12-22T09:23:58.059+0000] {logging_mixin.py:137} INFO - [2022-12-22T09:23:58.059+0000] {dag.py:3427} INFO - Setting next_dagrun for example_kubernetes_executor to None, run_after=None
[2022-12-22T09:23:58.127+0000] {processor.py:175} INFO - Processing /home/airflow/.local/lib/python3.7/site-packages/airflow/example_dags/example_kubernetes_executor.py took 1.644 seconds
[2022-12-22T09:24:28.513+0000] {processor.py:153} INFO - Started process (PID=509) to work on /home/airflow/.local/lib/python3.7/site-packages/airflow/example_dags/example_kubernetes_executor.py
[2022-12-22T09:24:28.516+0000] {processor.py:743} INFO - Processing file /home/airflow/.local/lib/python3.7/site-packages/airflow/example_dags/example_kubernetes_executor.py for tasks to queue
[2022-12-22T09:24:28.517+0000] {logging_mixin.py:137} INFO - [2022-12-22T09:24:28.517+0000] {dagbag.py:538} INFO - Filling up the DagBag from /home/airflow/.local/lib/python3.7/site-packages/airflow/example_dags/example_kubernetes_executor.py
[2022-12-22T09:24:28.655+0000] {processor.py:753} INFO - DAG(s) dict_keys(['example_kubernetes_executor']) retrieved from /home/airflow/.local/lib/python3.7/site-packages/airflow/example_dags/example_kubernetes_executor.py
[2022-12-22T09:24:28.714+0000] {logging_mixin.py:137} INFO - [2022-12-22T09:24:28.713+0000] {dag.py:2676} INFO - Sync 1 DAGs
[2022-12-22T09:24:28.733+0000] {logging_mixin.py:137} INFO - [2022-12-22T09:24:28.733+0000] {dag.py:3427} INFO - Setting next_dagrun for example_kubernetes_executor to None, run_after=None
[2022-12-22T09:24:28.762+0000] {processor.py:175} INFO - Processing /home/airflow/.local/lib/python3.7/site-packages/airflow/example_dags/example_kubernetes_executor.py took 0.252 seconds
[2022-12-22T09:24:59.489+0000] {processor.py:153} INFO - Started process (PID=572) to work on /home/airflow/.local/lib/python3.7/site-packages/airflow/example_dags/example_kubernetes_executor.py
[2022-12-22T09:24:59.494+0000] {processor.py:743} INFO - Processing file /home/airflow/.local/lib/python3.7/site-packages/airflow/example_dags/example_kubernetes_executor.py for tasks to queue
[2022-12-22T09:24:59.496+0000] {logging_mixin.py:137} INFO - [2022-12-22T09:24:59.496+0000] {dagbag.py:538} INFO - Filling up the DagBag from /home/airflow/.local/lib/python3.7/site-packages/airflow/example_dags/example_kubernetes_executor.py
[2022-12-22T09:24:59.591+0000] {processor.py:753} INFO - DAG(s) dict_keys(['example_kubernetes_executor']) retrieved from /home/airflow/.local/lib/python3.7/site-packages/airflow/example_dags/example_kubernetes_executor.py
[2022-12-22T09:24:59.662+0000] {logging_mixin.py:137} INFO - [2022-12-22T09:24:59.662+0000] {dag.py:2676} INFO - Sync 1 DAGs
[2022-12-22T09:24:59.683+0000] {logging_mixin.py:137} INFO - [2022-12-22T09:24:59.683+0000] {dag.py:3427} INFO - Setting next_dagrun for example_kubernetes_executor to None, run_after=None
[2022-12-22T09:24:59.699+0000] {processor.py:175} INFO - Processing /home/airflow/.local/lib/python3.7/site-packages/airflow/example_dags/example_kubernetes_executor.py took 0.212 seconds
[2022-12-22T09:25:30.201+0000] {processor.py:153} INFO - Started process (PID=635) to work on /home/airflow/.local/lib/python3.7/site-packages/airflow/example_dags/example_kubernetes_executor.py
[2022-12-22T09:25:30.203+0000] {processor.py:743} INFO - Processing file /home/airflow/.local/lib/python3.7/site-packages/airflow/example_dags/example_kubernetes_executor.py for tasks to queue
[2022-12-22T09:25:30.204+0000] {logging_mixin.py:137} INFO - [2022-12-22T09:25:30.204+0000] {dagbag.py:538} INFO - Filling up the DagBag from /home/airflow/.local/lib/python3.7/site-packages/airflow/example_dags/example_kubernetes_executor.py
[2022-12-22T09:25:30.242+0000] {processor.py:753} INFO - DAG(s) dict_keys(['example_kubernetes_executor']) retrieved from /home/airflow/.local/lib/python3.7/site-packages/airflow/example_dags/example_kubernetes_executor.py
[2022-12-22T09:25:30.273+0000] {logging_mixin.py:137} INFO - [2022-12-22T09:25:30.273+0000] {dag.py:2676} INFO - Sync 1 DAGs
[2022-12-22T09:25:30.290+0000] {logging_mixin.py:137} INFO - [2022-12-22T09:25:30.290+0000] {dag.py:3427} INFO - Setting next_dagrun for example_kubernetes_executor to None, run_after=None
[2022-12-22T09:25:30.303+0000] {processor.py:175} INFO - Processing /home/airflow/.local/lib/python3.7/site-packages/airflow/example_dags/example_kubernetes_executor.py took 0.105 seconds
[2022-12-22T09:26:00.859+0000] {processor.py:153} INFO - Started process (PID=697) to work on /home/airflow/.local/lib/python3.7/site-packages/airflow/example_dags/example_kubernetes_executor.py
[2022-12-22T09:26:00.861+0000] {processor.py:743} INFO - Processing file /home/airflow/.local/lib/python3.7/site-packages/airflow/example_dags/example_kubernetes_executor.py for tasks to queue
[2022-12-22T09:26:00.863+0000] {logging_mixin.py:137} INFO - [2022-12-22T09:26:00.863+0000] {dagbag.py:538} INFO - Filling up the DagBag from /home/airflow/.local/lib/python3.7/site-packages/airflow/example_dags/example_kubernetes_executor.py
[2022-12-22T09:26:00.936+0000] {processor.py:753} INFO - DAG(s) dict_keys(['example_kubernetes_executor']) retrieved from /home/airflow/.local/lib/python3.7/site-packages/airflow/example_dags/example_kubernetes_executor.py
[2022-12-22T09:26:00.980+0000] {logging_mixin.py:137} INFO - [2022-12-22T09:26:00.980+0000] {dag.py:2676} INFO - Sync 1 DAGs
[2022-12-22T09:26:01.000+0000] {logging_mixin.py:137} INFO - [2022-12-22T09:26:01.000+0000] {dag.py:3427} INFO - Setting next_dagrun for example_kubernetes_executor to None, run_after=None
[2022-12-22T09:26:01.014+0000] {processor.py:175} INFO - Processing /home/airflow/.local/lib/python3.7/site-packages/airflow/example_dags/example_kubernetes_executor.py took 0.157 seconds
[2022-12-22T09:27:21.766+0000] {processor.py:153} INFO - Started process (PID=778) to work on /home/airflow/.local/lib/python3.7/site-packages/airflow/example_dags/example_kubernetes_executor.py
[2022-12-22T09:27:21.839+0000] {processor.py:743} INFO - Processing file /home/airflow/.local/lib/python3.7/site-packages/airflow/example_dags/example_kubernetes_executor.py for tasks to queue
[2022-12-22T09:27:21.871+0000] {logging_mixin.py:137} INFO - [2022-12-22T09:27:21.871+0000] {dagbag.py:538} INFO - Filling up the DagBag from /home/airflow/.local/lib/python3.7/site-packages/airflow/example_dags/example_kubernetes_executor.py
[2022-12-22T09:27:31.720+0000] {processor.py:753} INFO - DAG(s) dict_keys(['example_kubernetes_executor']) retrieved from /home/airflow/.local/lib/python3.7/site-packages/airflow/example_dags/example_kubernetes_executor.py
[2022-12-22T09:27:33.417+0000] {logging_mixin.py:137} INFO - [2022-12-22T09:27:33.416+0000] {dag.py:2676} INFO - Sync 1 DAGs
[2022-12-22T09:27:33.558+0000] {logging_mixin.py:137} INFO - [2022-12-22T09:27:33.558+0000] {dag.py:3427} INFO - Setting next_dagrun for example_kubernetes_executor to None, run_after=None
[2022-12-22T09:27:33.700+0000] {processor.py:175} INFO - Processing /home/airflow/.local/lib/python3.7/site-packages/airflow/example_dags/example_kubernetes_executor.py took 12.059 seconds
[2022-12-22T09:28:04.132+0000] {processor.py:153} INFO - Started process (PID=856) to work on /home/airflow/.local/lib/python3.7/site-packages/airflow/example_dags/example_kubernetes_executor.py
[2022-12-22T09:28:04.136+0000] {processor.py:743} INFO - Processing file /home/airflow/.local/lib/python3.7/site-packages/airflow/example_dags/example_kubernetes_executor.py for tasks to queue
[2022-12-22T09:28:04.138+0000] {logging_mixin.py:137} INFO - [2022-12-22T09:28:04.138+0000] {dagbag.py:538} INFO - Filling up the DagBag from /home/airflow/.local/lib/python3.7/site-packages/airflow/example_dags/example_kubernetes_executor.py
[2022-12-22T09:28:04.226+0000] {processor.py:753} INFO - DAG(s) dict_keys(['example_kubernetes_executor']) retrieved from /home/airflow/.local/lib/python3.7/site-packages/airflow/example_dags/example_kubernetes_executor.py
[2022-12-22T09:28:04.336+0000] {logging_mixin.py:137} INFO - [2022-12-22T09:28:04.336+0000] {dag.py:2676} INFO - Sync 1 DAGs
[2022-12-22T09:28:04.367+0000] {logging_mixin.py:137} INFO - [2022-12-22T09:28:04.367+0000] {dag.py:3427} INFO - Setting next_dagrun for example_kubernetes_executor to None, run_after=None
[2022-12-22T09:28:04.398+0000] {processor.py:175} INFO - Processing /home/airflow/.local/lib/python3.7/site-packages/airflow/example_dags/example_kubernetes_executor.py took 0.272 seconds
[2022-12-22T09:28:35.057+0000] {processor.py:153} INFO - Started process (PID=918) to work on /home/airflow/.local/lib/python3.7/site-packages/airflow/example_dags/example_kubernetes_executor.py
[2022-12-22T09:28:35.064+0000] {processor.py:743} INFO - Processing file /home/airflow/.local/lib/python3.7/site-packages/airflow/example_dags/example_kubernetes_executor.py for tasks to queue
[2022-12-22T09:28:35.067+0000] {logging_mixin.py:137} INFO - [2022-12-22T09:28:35.066+0000] {dagbag.py:538} INFO - Filling up the DagBag from /home/airflow/.local/lib/python3.7/site-packages/airflow/example_dags/example_kubernetes_executor.py
[2022-12-22T09:28:35.139+0000] {processor.py:753} INFO - DAG(s) dict_keys(['example_kubernetes_executor']) retrieved from /home/airflow/.local/lib/python3.7/site-packages/airflow/example_dags/example_kubernetes_executor.py
[2022-12-22T09:28:35.211+0000] {logging_mixin.py:137} INFO - [2022-12-22T09:28:35.210+0000] {dag.py:2676} INFO - Sync 1 DAGs
[2022-12-22T09:28:35.233+0000] {logging_mixin.py:137} INFO - [2022-12-22T09:28:35.233+0000] {dag.py:3427} INFO - Setting next_dagrun for example_kubernetes_executor to None, run_after=None
[2022-12-22T09:28:35.253+0000] {processor.py:175} INFO - Processing /home/airflow/.local/lib/python3.7/site-packages/airflow/example_dags/example_kubernetes_executor.py took 0.206 seconds
[2022-12-22T09:29:06.079+0000] {processor.py:153} INFO - Started process (PID=981) to work on /home/airflow/.local/lib/python3.7/site-packages/airflow/example_dags/example_kubernetes_executor.py
[2022-12-22T09:29:06.085+0000] {processor.py:743} INFO - Processing file /home/airflow/.local/lib/python3.7/site-packages/airflow/example_dags/example_kubernetes_executor.py for tasks to queue
[2022-12-22T09:29:06.104+0000] {logging_mixin.py:137} INFO - [2022-12-22T09:29:06.104+0000] {dagbag.py:538} INFO - Filling up the DagBag from /home/airflow/.local/lib/python3.7/site-packages/airflow/example_dags/example_kubernetes_executor.py
[2022-12-22T09:29:06.234+0000] {processor.py:753} INFO - DAG(s) dict_keys(['example_kubernetes_executor']) retrieved from /home/airflow/.local/lib/python3.7/site-packages/airflow/example_dags/example_kubernetes_executor.py
[2022-12-22T09:29:06.459+0000] {logging_mixin.py:137} INFO - [2022-12-22T09:29:06.459+0000] {dag.py:2676} INFO - Sync 1 DAGs
[2022-12-22T09:29:06.522+0000] {logging_mixin.py:137} INFO - [2022-12-22T09:29:06.522+0000] {dag.py:3427} INFO - Setting next_dagrun for example_kubernetes_executor to None, run_after=None
[2022-12-22T09:29:06.589+0000] {processor.py:175} INFO - Processing /home/airflow/.local/lib/python3.7/site-packages/airflow/example_dags/example_kubernetes_executor.py took 0.515 seconds
[2022-12-22T09:29:38.214+0000] {processor.py:153} INFO - Started process (PID=1044) to work on /home/airflow/.local/lib/python3.7/site-packages/airflow/example_dags/example_kubernetes_executor.py
[2022-12-22T09:29:38.228+0000] {processor.py:743} INFO - Processing file /home/airflow/.local/lib/python3.7/site-packages/airflow/example_dags/example_kubernetes_executor.py for tasks to queue
[2022-12-22T09:29:38.231+0000] {logging_mixin.py:137} INFO - [2022-12-22T09:29:38.231+0000] {dagbag.py:538} INFO - Filling up the DagBag from /home/airflow/.local/lib/python3.7/site-packages/airflow/example_dags/example_kubernetes_executor.py
[2022-12-22T09:29:38.515+0000] {processor.py:753} INFO - DAG(s) dict_keys(['example_kubernetes_executor']) retrieved from /home/airflow/.local/lib/python3.7/site-packages/airflow/example_dags/example_kubernetes_executor.py
[2022-12-22T09:29:38.738+0000] {logging_mixin.py:137} INFO - [2022-12-22T09:29:38.737+0000] {dag.py:2676} INFO - Sync 1 DAGs
[2022-12-22T09:29:38.800+0000] {logging_mixin.py:137} INFO - [2022-12-22T09:29:38.799+0000] {dag.py:3427} INFO - Setting next_dagrun for example_kubernetes_executor to None, run_after=None
[2022-12-22T09:29:38.885+0000] {processor.py:175} INFO - Processing /home/airflow/.local/lib/python3.7/site-packages/airflow/example_dags/example_kubernetes_executor.py took 0.762 seconds
[2022-12-22T09:30:09.492+0000] {processor.py:153} INFO - Started process (PID=1107) to work on /home/airflow/.local/lib/python3.7/site-packages/airflow/example_dags/example_kubernetes_executor.py
[2022-12-22T09:30:09.504+0000] {processor.py:743} INFO - Processing file /home/airflow/.local/lib/python3.7/site-packages/airflow/example_dags/example_kubernetes_executor.py for tasks to queue
[2022-12-22T09:30:09.511+0000] {logging_mixin.py:137} INFO - [2022-12-22T09:30:09.509+0000] {dagbag.py:538} INFO - Filling up the DagBag from /home/airflow/.local/lib/python3.7/site-packages/airflow/example_dags/example_kubernetes_executor.py
[2022-12-22T09:30:09.774+0000] {processor.py:753} INFO - DAG(s) dict_keys(['example_kubernetes_executor']) retrieved from /home/airflow/.local/lib/python3.7/site-packages/airflow/example_dags/example_kubernetes_executor.py
[2022-12-22T09:30:10.014+0000] {logging_mixin.py:137} INFO - [2022-12-22T09:30:10.014+0000] {dag.py:2676} INFO - Sync 1 DAGs
[2022-12-22T09:30:10.044+0000] {logging_mixin.py:137} INFO - [2022-12-22T09:30:10.044+0000] {dag.py:3427} INFO - Setting next_dagrun for example_kubernetes_executor to None, run_after=None
[2022-12-22T09:30:10.067+0000] {processor.py:175} INFO - Processing /home/airflow/.local/lib/python3.7/site-packages/airflow/example_dags/example_kubernetes_executor.py took 0.625 seconds
[2022-12-22T09:30:42.531+0000] {processor.py:153} INFO - Started process (PID=1166) to work on /home/airflow/.local/lib/python3.7/site-packages/airflow/example_dags/example_kubernetes_executor.py
[2022-12-22T09:30:42.570+0000] {processor.py:743} INFO - Processing file /home/airflow/.local/lib/python3.7/site-packages/airflow/example_dags/example_kubernetes_executor.py for tasks to queue
[2022-12-22T09:30:42.580+0000] {logging_mixin.py:137} INFO - [2022-12-22T09:30:42.580+0000] {dagbag.py:538} INFO - Filling up the DagBag from /home/airflow/.local/lib/python3.7/site-packages/airflow/example_dags/example_kubernetes_executor.py
[2022-12-22T09:30:43.724+0000] {processor.py:753} INFO - DAG(s) dict_keys(['example_kubernetes_executor']) retrieved from /home/airflow/.local/lib/python3.7/site-packages/airflow/example_dags/example_kubernetes_executor.py
[2022-12-22T09:30:45.422+0000] {logging_mixin.py:137} INFO - [2022-12-22T09:30:45.421+0000] {dag.py:2676} INFO - Sync 1 DAGs
[2022-12-22T09:30:46.138+0000] {logging_mixin.py:137} INFO - [2022-12-22T09:30:46.126+0000] {dag.py:3427} INFO - Setting next_dagrun for example_kubernetes_executor to None, run_after=None
[2022-12-22T09:30:46.518+0000] {processor.py:175} INFO - Processing /home/airflow/.local/lib/python3.7/site-packages/airflow/example_dags/example_kubernetes_executor.py took 4.161 seconds
[2022-12-22T09:31:17.761+0000] {processor.py:153} INFO - Started process (PID=1220) to work on /home/airflow/.local/lib/python3.7/site-packages/airflow/example_dags/example_kubernetes_executor.py
[2022-12-22T09:31:17.782+0000] {processor.py:743} INFO - Processing file /home/airflow/.local/lib/python3.7/site-packages/airflow/example_dags/example_kubernetes_executor.py for tasks to queue
[2022-12-22T09:31:17.789+0000] {logging_mixin.py:137} INFO - [2022-12-22T09:31:17.789+0000] {dagbag.py:538} INFO - Filling up the DagBag from /home/airflow/.local/lib/python3.7/site-packages/airflow/example_dags/example_kubernetes_executor.py
[2022-12-22T09:31:18.150+0000] {processor.py:753} INFO - DAG(s) dict_keys(['example_kubernetes_executor']) retrieved from /home/airflow/.local/lib/python3.7/site-packages/airflow/example_dags/example_kubernetes_executor.py
[2022-12-22T09:31:19.132+0000] {logging_mixin.py:137} INFO - [2022-12-22T09:31:19.132+0000] {dag.py:2676} INFO - Sync 1 DAGs
[2022-12-22T09:31:19.258+0000] {logging_mixin.py:137} INFO - [2022-12-22T09:31:19.257+0000] {dag.py:3427} INFO - Setting next_dagrun for example_kubernetes_executor to None, run_after=None
[2022-12-22T09:31:19.519+0000] {processor.py:175} INFO - Processing /home/airflow/.local/lib/python3.7/site-packages/airflow/example_dags/example_kubernetes_executor.py took 1.805 seconds
[2022-12-22T09:31:50.599+0000] {processor.py:153} INFO - Started process (PID=1282) to work on /home/airflow/.local/lib/python3.7/site-packages/airflow/example_dags/example_kubernetes_executor.py
[2022-12-22T09:31:50.609+0000] {processor.py:743} INFO - Processing file /home/airflow/.local/lib/python3.7/site-packages/airflow/example_dags/example_kubernetes_executor.py for tasks to queue
[2022-12-22T09:31:50.613+0000] {logging_mixin.py:137} INFO - [2022-12-22T09:31:50.612+0000] {dagbag.py:538} INFO - Filling up the DagBag from /home/airflow/.local/lib/python3.7/site-packages/airflow/example_dags/example_kubernetes_executor.py
[2022-12-22T09:31:50.722+0000] {processor.py:753} INFO - DAG(s) dict_keys(['example_kubernetes_executor']) retrieved from /home/airflow/.local/lib/python3.7/site-packages/airflow/example_dags/example_kubernetes_executor.py
[2022-12-22T09:31:50.903+0000] {logging_mixin.py:137} INFO - [2022-12-22T09:31:50.903+0000] {dag.py:2676} INFO - Sync 1 DAGs
[2022-12-22T09:31:50.934+0000] {logging_mixin.py:137} INFO - [2022-12-22T09:31:50.933+0000] {dag.py:3427} INFO - Setting next_dagrun for example_kubernetes_executor to None, run_after=None
[2022-12-22T09:31:50.952+0000] {processor.py:175} INFO - Processing /home/airflow/.local/lib/python3.7/site-packages/airflow/example_dags/example_kubernetes_executor.py took 0.365 seconds
[2022-12-22T09:32:21.875+0000] {processor.py:153} INFO - Started process (PID=1345) to work on /home/airflow/.local/lib/python3.7/site-packages/airflow/example_dags/example_kubernetes_executor.py
[2022-12-22T09:32:21.900+0000] {processor.py:743} INFO - Processing file /home/airflow/.local/lib/python3.7/site-packages/airflow/example_dags/example_kubernetes_executor.py for tasks to queue
[2022-12-22T09:32:21.911+0000] {logging_mixin.py:137} INFO - [2022-12-22T09:32:21.911+0000] {dagbag.py:538} INFO - Filling up the DagBag from /home/airflow/.local/lib/python3.7/site-packages/airflow/example_dags/example_kubernetes_executor.py
[2022-12-22T09:32:22.052+0000] {processor.py:753} INFO - DAG(s) dict_keys(['example_kubernetes_executor']) retrieved from /home/airflow/.local/lib/python3.7/site-packages/airflow/example_dags/example_kubernetes_executor.py
[2022-12-22T09:32:22.193+0000] {logging_mixin.py:137} INFO - [2022-12-22T09:32:22.192+0000] {dag.py:2676} INFO - Sync 1 DAGs
[2022-12-22T09:32:22.250+0000] {logging_mixin.py:137} INFO - [2022-12-22T09:32:22.249+0000] {dag.py:3427} INFO - Setting next_dagrun for example_kubernetes_executor to None, run_after=None
[2022-12-22T09:32:22.301+0000] {processor.py:175} INFO - Processing /home/airflow/.local/lib/python3.7/site-packages/airflow/example_dags/example_kubernetes_executor.py took 0.452 seconds
[2022-12-22T09:32:52.765+0000] {processor.py:153} INFO - Started process (PID=1415) to work on /home/airflow/.local/lib/python3.7/site-packages/airflow/example_dags/example_kubernetes_executor.py
[2022-12-22T09:32:52.773+0000] {processor.py:743} INFO - Processing file /home/airflow/.local/lib/python3.7/site-packages/airflow/example_dags/example_kubernetes_executor.py for tasks to queue
[2022-12-22T09:32:52.780+0000] {logging_mixin.py:137} INFO - [2022-12-22T09:32:52.780+0000] {dagbag.py:538} INFO - Filling up the DagBag from /home/airflow/.local/lib/python3.7/site-packages/airflow/example_dags/example_kubernetes_executor.py
[2022-12-22T09:32:53.038+0000] {processor.py:753} INFO - DAG(s) dict_keys(['example_kubernetes_executor']) retrieved from /home/airflow/.local/lib/python3.7/site-packages/airflow/example_dags/example_kubernetes_executor.py
[2022-12-22T09:32:53.175+0000] {logging_mixin.py:137} INFO - [2022-12-22T09:32:53.175+0000] {dag.py:2676} INFO - Sync 1 DAGs
[2022-12-22T09:32:53.224+0000] {logging_mixin.py:137} INFO - [2022-12-22T09:32:53.224+0000] {dag.py:3427} INFO - Setting next_dagrun for example_kubernetes_executor to None, run_after=None
[2022-12-22T09:32:53.261+0000] {processor.py:175} INFO - Processing /home/airflow/.local/lib/python3.7/site-packages/airflow/example_dags/example_kubernetes_executor.py took 0.507 seconds
[2022-12-22T09:33:23.485+0000] {processor.py:153} INFO - Started process (PID=1484) to work on /home/airflow/.local/lib/python3.7/site-packages/airflow/example_dags/example_kubernetes_executor.py
[2022-12-22T09:33:23.491+0000] {processor.py:743} INFO - Processing file /home/airflow/.local/lib/python3.7/site-packages/airflow/example_dags/example_kubernetes_executor.py for tasks to queue
[2022-12-22T09:33:23.496+0000] {logging_mixin.py:137} INFO - [2022-12-22T09:33:23.495+0000] {dagbag.py:538} INFO - Filling up the DagBag from /home/airflow/.local/lib/python3.7/site-packages/airflow/example_dags/example_kubernetes_executor.py
[2022-12-22T09:33:23.572+0000] {processor.py:753} INFO - DAG(s) dict_keys(['example_kubernetes_executor']) retrieved from /home/airflow/.local/lib/python3.7/site-packages/airflow/example_dags/example_kubernetes_executor.py
[2022-12-22T09:33:23.637+0000] {logging_mixin.py:137} INFO - [2022-12-22T09:33:23.637+0000] {dag.py:2676} INFO - Sync 1 DAGs
[2022-12-22T09:33:23.658+0000] {logging_mixin.py:137} INFO - [2022-12-22T09:33:23.658+0000] {dag.py:3427} INFO - Setting next_dagrun for example_kubernetes_executor to None, run_after=None
[2022-12-22T09:33:23.671+0000] {processor.py:175} INFO - Processing /home/airflow/.local/lib/python3.7/site-packages/airflow/example_dags/example_kubernetes_executor.py took 0.192 seconds
[2022-12-22T09:33:54.739+0000] {processor.py:153} INFO - Started process (PID=1546) to work on /home/airflow/.local/lib/python3.7/site-packages/airflow/example_dags/example_kubernetes_executor.py
[2022-12-22T09:33:54.945+0000] {processor.py:743} INFO - Processing file /home/airflow/.local/lib/python3.7/site-packages/airflow/example_dags/example_kubernetes_executor.py for tasks to queue
[2022-12-22T09:33:55.225+0000] {logging_mixin.py:137} INFO - [2022-12-22T09:33:55.151+0000] {dagbag.py:538} INFO - Filling up the DagBag from /home/airflow/.local/lib/python3.7/site-packages/airflow/example_dags/example_kubernetes_executor.py
[2022-12-22T09:33:58.065+0000] {processor.py:753} INFO - DAG(s) dict_keys(['example_kubernetes_executor']) retrieved from /home/airflow/.local/lib/python3.7/site-packages/airflow/example_dags/example_kubernetes_executor.py
[2022-12-22T09:33:59.012+0000] {logging_mixin.py:137} INFO - [2022-12-22T09:33:58.993+0000] {dag.py:2676} INFO - Sync 1 DAGs
[2022-12-22T09:34:00.435+0000] {logging_mixin.py:137} INFO - [2022-12-22T09:34:00.432+0000] {dag.py:3427} INFO - Setting next_dagrun for example_kubernetes_executor to None, run_after=None
[2022-12-22T09:34:01.565+0000] {processor.py:175} INFO - Processing /home/airflow/.local/lib/python3.7/site-packages/airflow/example_dags/example_kubernetes_executor.py took 7.001 seconds
[2022-12-22T09:44:41.476+0000] {processor.py:153} INFO - Started process (PID=1648) to work on /home/airflow/.local/lib/python3.7/site-packages/airflow/example_dags/example_kubernetes_executor.py
[2022-12-22T09:44:41.685+0000] {processor.py:743} INFO - Processing file /home/airflow/.local/lib/python3.7/site-packages/airflow/example_dags/example_kubernetes_executor.py for tasks to queue
[2022-12-22T09:44:41.765+0000] {logging_mixin.py:137} INFO - [2022-12-22T09:44:41.764+0000] {dagbag.py:538} INFO - Filling up the DagBag from /home/airflow/.local/lib/python3.7/site-packages/airflow/example_dags/example_kubernetes_executor.py
[2022-12-22T09:44:56.862+0000] {processor.py:753} INFO - DAG(s) dict_keys(['example_kubernetes_executor']) retrieved from /home/airflow/.local/lib/python3.7/site-packages/airflow/example_dags/example_kubernetes_executor.py
[2022-12-22T09:45:31.520+0000] {logging_mixin.py:137} INFO - [2022-12-22T09:45:31.297+0000] {dag.py:2676} INFO - Sync 1 DAGs
[2022-12-22T12:53:23.004+0000] {processor.py:153} INFO - Started process (PID=58) to work on /home/airflow/.local/lib/python3.7/site-packages/airflow/example_dags/example_kubernetes_executor.py
[2022-12-22T12:53:23.028+0000] {processor.py:743} INFO - Processing file /home/airflow/.local/lib/python3.7/site-packages/airflow/example_dags/example_kubernetes_executor.py for tasks to queue
[2022-12-22T12:53:23.034+0000] {logging_mixin.py:137} INFO - [2022-12-22T12:53:23.034+0000] {dagbag.py:538} INFO - Filling up the DagBag from /home/airflow/.local/lib/python3.7/site-packages/airflow/example_dags/example_kubernetes_executor.py
[2022-12-22T12:53:23.365+0000] {processor.py:753} INFO - DAG(s) dict_keys(['example_kubernetes_executor']) retrieved from /home/airflow/.local/lib/python3.7/site-packages/airflow/example_dags/example_kubernetes_executor.py
[2022-12-22T12:53:24.961+0000] {logging_mixin.py:137} INFO - [2022-12-22T12:53:24.957+0000] {dag.py:2676} INFO - Sync 1 DAGs
[2022-12-22T12:53:27.676+0000] {logging_mixin.py:137} INFO - [2022-12-22T12:53:27.675+0000] {dag.py:3427} INFO - Setting next_dagrun for example_kubernetes_executor to None, run_after=None
[2022-12-22T12:53:40.334+0000] {processor.py:175} INFO - Processing /home/airflow/.local/lib/python3.7/site-packages/airflow/example_dags/example_kubernetes_executor.py took 17.036 seconds
[2022-12-22T13:29:16.134+0000] {processor.py:153} INFO - Started process (PID=55) to work on /home/airflow/.local/lib/python3.7/site-packages/airflow/example_dags/example_kubernetes_executor.py
[2022-12-22T13:29:16.138+0000] {processor.py:743} INFO - Processing file /home/airflow/.local/lib/python3.7/site-packages/airflow/example_dags/example_kubernetes_executor.py for tasks to queue
[2022-12-22T13:29:16.143+0000] {logging_mixin.py:137} INFO - [2022-12-22T13:29:16.142+0000] {dagbag.py:538} INFO - Filling up the DagBag from /home/airflow/.local/lib/python3.7/site-packages/airflow/example_dags/example_kubernetes_executor.py
[2022-12-22T13:29:16.199+0000] {processor.py:753} INFO - DAG(s) dict_keys(['example_kubernetes_executor']) retrieved from /home/airflow/.local/lib/python3.7/site-packages/airflow/example_dags/example_kubernetes_executor.py
[2022-12-22T13:29:16.317+0000] {logging_mixin.py:137} INFO - [2022-12-22T13:29:16.317+0000] {dag.py:2676} INFO - Sync 1 DAGs
[2022-12-22T13:29:16.367+0000] {logging_mixin.py:137} INFO - [2022-12-22T13:29:16.367+0000] {dag.py:3427} INFO - Setting next_dagrun for example_kubernetes_executor to None, run_after=None
[2022-12-22T13:29:16.391+0000] {processor.py:175} INFO - Processing /home/airflow/.local/lib/python3.7/site-packages/airflow/example_dags/example_kubernetes_executor.py took 0.265 seconds
[2022-12-22T13:29:46.656+0000] {processor.py:153} INFO - Started process (PID=117) to work on /home/airflow/.local/lib/python3.7/site-packages/airflow/example_dags/example_kubernetes_executor.py
[2022-12-22T13:29:46.659+0000] {processor.py:743} INFO - Processing file /home/airflow/.local/lib/python3.7/site-packages/airflow/example_dags/example_kubernetes_executor.py for tasks to queue
[2022-12-22T13:29:46.661+0000] {logging_mixin.py:137} INFO - [2022-12-22T13:29:46.661+0000] {dagbag.py:538} INFO - Filling up the DagBag from /home/airflow/.local/lib/python3.7/site-packages/airflow/example_dags/example_kubernetes_executor.py
[2022-12-22T13:29:46.707+0000] {processor.py:753} INFO - DAG(s) dict_keys(['example_kubernetes_executor']) retrieved from /home/airflow/.local/lib/python3.7/site-packages/airflow/example_dags/example_kubernetes_executor.py
[2022-12-22T13:29:46.741+0000] {logging_mixin.py:137} INFO - [2022-12-22T13:29:46.741+0000] {dag.py:2676} INFO - Sync 1 DAGs
[2022-12-22T13:29:46.761+0000] {logging_mixin.py:137} INFO - [2022-12-22T13:29:46.761+0000] {dag.py:3427} INFO - Setting next_dagrun for example_kubernetes_executor to None, run_after=None
[2022-12-22T13:29:46.775+0000] {processor.py:175} INFO - Processing /home/airflow/.local/lib/python3.7/site-packages/airflow/example_dags/example_kubernetes_executor.py took 0.122 seconds
[2022-12-22T13:30:18.086+0000] {processor.py:153} INFO - Started process (PID=193) to work on /home/airflow/.local/lib/python3.7/site-packages/airflow/example_dags/example_kubernetes_executor.py
[2022-12-22T13:30:18.088+0000] {processor.py:743} INFO - Processing file /home/airflow/.local/lib/python3.7/site-packages/airflow/example_dags/example_kubernetes_executor.py for tasks to queue
[2022-12-22T13:30:18.090+0000] {logging_mixin.py:137} INFO - [2022-12-22T13:30:18.090+0000] {dagbag.py:538} INFO - Filling up the DagBag from /home/airflow/.local/lib/python3.7/site-packages/airflow/example_dags/example_kubernetes_executor.py
[2022-12-22T13:30:18.133+0000] {processor.py:753} INFO - DAG(s) dict_keys(['example_kubernetes_executor']) retrieved from /home/airflow/.local/lib/python3.7/site-packages/airflow/example_dags/example_kubernetes_executor.py
[2022-12-22T13:30:18.174+0000] {logging_mixin.py:137} INFO - [2022-12-22T13:30:18.174+0000] {dag.py:2676} INFO - Sync 1 DAGs
[2022-12-22T13:30:18.205+0000] {logging_mixin.py:137} INFO - [2022-12-22T13:30:18.205+0000] {dag.py:3427} INFO - Setting next_dagrun for example_kubernetes_executor to None, run_after=None
[2022-12-22T13:30:18.218+0000] {processor.py:175} INFO - Processing /home/airflow/.local/lib/python3.7/site-packages/airflow/example_dags/example_kubernetes_executor.py took 0.135 seconds
[2022-12-22T13:30:48.551+0000] {processor.py:153} INFO - Started process (PID=259) to work on /home/airflow/.local/lib/python3.7/site-packages/airflow/example_dags/example_kubernetes_executor.py
[2022-12-22T13:30:48.554+0000] {processor.py:743} INFO - Processing file /home/airflow/.local/lib/python3.7/site-packages/airflow/example_dags/example_kubernetes_executor.py for tasks to queue
[2022-12-22T13:30:48.556+0000] {logging_mixin.py:137} INFO - [2022-12-22T13:30:48.556+0000] {dagbag.py:538} INFO - Filling up the DagBag from /home/airflow/.local/lib/python3.7/site-packages/airflow/example_dags/example_kubernetes_executor.py
[2022-12-22T13:30:48.597+0000] {processor.py:753} INFO - DAG(s) dict_keys(['example_kubernetes_executor']) retrieved from /home/airflow/.local/lib/python3.7/site-packages/airflow/example_dags/example_kubernetes_executor.py
[2022-12-22T13:30:48.631+0000] {logging_mixin.py:137} INFO - [2022-12-22T13:30:48.631+0000] {dag.py:2676} INFO - Sync 1 DAGs
[2022-12-22T13:30:48.650+0000] {logging_mixin.py:137} INFO - [2022-12-22T13:30:48.650+0000] {dag.py:3427} INFO - Setting next_dagrun for example_kubernetes_executor to None, run_after=None
[2022-12-22T13:30:48.670+0000] {processor.py:175} INFO - Processing /home/airflow/.local/lib/python3.7/site-packages/airflow/example_dags/example_kubernetes_executor.py took 0.122 seconds
[2022-12-22T13:31:18.696+0000] {processor.py:153} INFO - Started process (PID=331) to work on /home/airflow/.local/lib/python3.7/site-packages/airflow/example_dags/example_kubernetes_executor.py
[2022-12-22T13:31:18.697+0000] {processor.py:743} INFO - Processing file /home/airflow/.local/lib/python3.7/site-packages/airflow/example_dags/example_kubernetes_executor.py for tasks to queue
[2022-12-22T13:31:18.698+0000] {logging_mixin.py:137} INFO - [2022-12-22T13:31:18.698+0000] {dagbag.py:538} INFO - Filling up the DagBag from /home/airflow/.local/lib/python3.7/site-packages/airflow/example_dags/example_kubernetes_executor.py
[2022-12-22T13:31:18.721+0000] {processor.py:753} INFO - DAG(s) dict_keys(['example_kubernetes_executor']) retrieved from /home/airflow/.local/lib/python3.7/site-packages/airflow/example_dags/example_kubernetes_executor.py
[2022-12-22T13:31:18.749+0000] {logging_mixin.py:137} INFO - [2022-12-22T13:31:18.749+0000] {dag.py:2676} INFO - Sync 1 DAGs
[2022-12-22T13:31:18.765+0000] {logging_mixin.py:137} INFO - [2022-12-22T13:31:18.765+0000] {dag.py:3427} INFO - Setting next_dagrun for example_kubernetes_executor to None, run_after=None
[2022-12-22T13:31:18.778+0000] {processor.py:175} INFO - Processing /home/airflow/.local/lib/python3.7/site-packages/airflow/example_dags/example_kubernetes_executor.py took 0.085 seconds
[2022-12-22T13:31:49.423+0000] {processor.py:153} INFO - Started process (PID=409) to work on /home/airflow/.local/lib/python3.7/site-packages/airflow/example_dags/example_kubernetes_executor.py
[2022-12-22T13:31:49.424+0000] {processor.py:743} INFO - Processing file /home/airflow/.local/lib/python3.7/site-packages/airflow/example_dags/example_kubernetes_executor.py for tasks to queue
[2022-12-22T13:31:49.426+0000] {logging_mixin.py:137} INFO - [2022-12-22T13:31:49.426+0000] {dagbag.py:538} INFO - Filling up the DagBag from /home/airflow/.local/lib/python3.7/site-packages/airflow/example_dags/example_kubernetes_executor.py
[2022-12-22T13:31:49.452+0000] {processor.py:753} INFO - DAG(s) dict_keys(['example_kubernetes_executor']) retrieved from /home/airflow/.local/lib/python3.7/site-packages/airflow/example_dags/example_kubernetes_executor.py
[2022-12-22T13:31:49.480+0000] {logging_mixin.py:137} INFO - [2022-12-22T13:31:49.480+0000] {dag.py:2676} INFO - Sync 1 DAGs
[2022-12-22T13:31:49.500+0000] {logging_mixin.py:137} INFO - [2022-12-22T13:31:49.500+0000] {dag.py:3427} INFO - Setting next_dagrun for example_kubernetes_executor to None, run_after=None
[2022-12-22T13:31:49.521+0000] {processor.py:175} INFO - Processing /home/airflow/.local/lib/python3.7/site-packages/airflow/example_dags/example_kubernetes_executor.py took 0.100 seconds
