[2022-12-22T09:20:46.673+0000] {processor.py:153} INFO - Started process (PID=69) to work on /home/airflow/.local/lib/python3.7/site-packages/airflow/example_dags/example_datasets.py
[2022-12-22T09:20:46.675+0000] {processor.py:743} INFO - Processing file /home/airflow/.local/lib/python3.7/site-packages/airflow/example_dags/example_datasets.py for tasks to queue
[2022-12-22T09:20:46.676+0000] {logging_mixin.py:137} INFO - [2022-12-22T09:20:46.676+0000] {dagbag.py:538} INFO - Filling up the DagBag from /home/airflow/.local/lib/python3.7/site-packages/airflow/example_dags/example_datasets.py
[2022-12-22T09:20:46.696+0000] {processor.py:753} INFO - DAG(s) dict_keys(['dataset_produces_2', 'dataset_consumes_unknown_never_scheduled', 'dataset_consumes_1', 'dataset_consumes_1_and_2', 'dataset_produces_1', 'dataset_consumes_1_never_scheduled']) retrieved from /home/airflow/.local/lib/python3.7/site-packages/airflow/example_dags/example_datasets.py
[2022-12-22T09:20:46.805+0000] {logging_mixin.py:137} INFO - [2022-12-22T09:20:46.805+0000] {dag.py:2676} INFO - Sync 6 DAGs
[2022-12-22T09:20:46.834+0000] {logging_mixin.py:137} INFO - [2022-12-22T09:20:46.834+0000] {dag.py:3427} INFO - Setting next_dagrun for dataset_consumes_1 to None, run_after=None
[2022-12-22T09:20:46.840+0000] {logging_mixin.py:137} INFO - [2022-12-22T09:20:46.840+0000] {dag.py:3427} INFO - Setting next_dagrun for dataset_consumes_1_and_2 to None, run_after=None
[2022-12-22T09:20:46.844+0000] {logging_mixin.py:137} INFO - [2022-12-22T09:20:46.844+0000] {dag.py:3427} INFO - Setting next_dagrun for dataset_consumes_1_never_scheduled to None, run_after=None
[2022-12-22T09:20:46.846+0000] {logging_mixin.py:137} INFO - [2022-12-22T09:20:46.846+0000] {dag.py:3427} INFO - Setting next_dagrun for dataset_consumes_unknown_never_scheduled to None, run_after=None
[2022-12-22T09:20:46.852+0000] {logging_mixin.py:137} INFO - [2022-12-22T09:20:46.852+0000] {dag.py:3427} INFO - Setting next_dagrun for dataset_produces_1 to 2022-12-21T00:00:00+00:00, run_after=2022-12-22T00:00:00+00:00
[2022-12-22T09:20:46.855+0000] {logging_mixin.py:137} INFO - [2022-12-22T09:20:46.855+0000] {dag.py:3427} INFO - Setting next_dagrun for dataset_produces_2 to None, run_after=None
[2022-12-22T09:20:47.139+0000] {processor.py:175} INFO - Processing /home/airflow/.local/lib/python3.7/site-packages/airflow/example_dags/example_datasets.py took 0.469 seconds
[2022-12-22T09:21:17.852+0000] {processor.py:153} INFO - Started process (PID=131) to work on /home/airflow/.local/lib/python3.7/site-packages/airflow/example_dags/example_datasets.py
[2022-12-22T09:21:17.855+0000] {processor.py:743} INFO - Processing file /home/airflow/.local/lib/python3.7/site-packages/airflow/example_dags/example_datasets.py for tasks to queue
[2022-12-22T09:21:17.857+0000] {logging_mixin.py:137} INFO - [2022-12-22T09:21:17.856+0000] {dagbag.py:538} INFO - Filling up the DagBag from /home/airflow/.local/lib/python3.7/site-packages/airflow/example_dags/example_datasets.py
[2022-12-22T09:21:17.874+0000] {processor.py:753} INFO - DAG(s) dict_keys(['dataset_consumes_unknown_never_scheduled', 'dataset_consumes_1', 'dataset_consumes_1_and_2', 'dataset_produces_2', 'dataset_produces_1', 'dataset_consumes_1_never_scheduled']) retrieved from /home/airflow/.local/lib/python3.7/site-packages/airflow/example_dags/example_datasets.py
[2022-12-22T09:21:17.945+0000] {logging_mixin.py:137} INFO - [2022-12-22T09:21:17.945+0000] {dag.py:2676} INFO - Sync 6 DAGs
[2022-12-22T09:21:17.993+0000] {logging_mixin.py:137} INFO - [2022-12-22T09:21:17.993+0000] {dag.py:3427} INFO - Setting next_dagrun for dataset_consumes_1 to None, run_after=None
[2022-12-22T09:21:18.001+0000] {logging_mixin.py:137} INFO - [2022-12-22T09:21:18.001+0000] {dag.py:3427} INFO - Setting next_dagrun for dataset_consumes_1_and_2 to None, run_after=None
[2022-12-22T09:21:18.008+0000] {logging_mixin.py:137} INFO - [2022-12-22T09:21:18.007+0000] {dag.py:3427} INFO - Setting next_dagrun for dataset_consumes_1_never_scheduled to None, run_after=None
[2022-12-22T09:21:18.012+0000] {logging_mixin.py:137} INFO - [2022-12-22T09:21:18.011+0000] {dag.py:3427} INFO - Setting next_dagrun for dataset_consumes_unknown_never_scheduled to None, run_after=None
[2022-12-22T09:21:18.017+0000] {logging_mixin.py:137} INFO - [2022-12-22T09:21:18.016+0000] {dag.py:3427} INFO - Setting next_dagrun for dataset_produces_1 to 2022-12-21T00:00:00+00:00, run_after=2022-12-22T00:00:00+00:00
[2022-12-22T09:21:18.023+0000] {logging_mixin.py:137} INFO - [2022-12-22T09:21:18.023+0000] {dag.py:3427} INFO - Setting next_dagrun for dataset_produces_2 to None, run_after=None
[2022-12-22T09:21:18.065+0000] {processor.py:175} INFO - Processing /home/airflow/.local/lib/python3.7/site-packages/airflow/example_dags/example_datasets.py took 0.216 seconds
[2022-12-22T09:21:48.867+0000] {processor.py:153} INFO - Started process (PID=203) to work on /home/airflow/.local/lib/python3.7/site-packages/airflow/example_dags/example_datasets.py
[2022-12-22T09:21:48.870+0000] {processor.py:743} INFO - Processing file /home/airflow/.local/lib/python3.7/site-packages/airflow/example_dags/example_datasets.py for tasks to queue
[2022-12-22T09:21:48.872+0000] {logging_mixin.py:137} INFO - [2022-12-22T09:21:48.872+0000] {dagbag.py:538} INFO - Filling up the DagBag from /home/airflow/.local/lib/python3.7/site-packages/airflow/example_dags/example_datasets.py
[2022-12-22T09:21:48.892+0000] {processor.py:753} INFO - DAG(s) dict_keys(['dataset_consumes_1_and_2', 'dataset_produces_1', 'dataset_consumes_1', 'dataset_produces_2', 'dataset_consumes_1_never_scheduled', 'dataset_consumes_unknown_never_scheduled']) retrieved from /home/airflow/.local/lib/python3.7/site-packages/airflow/example_dags/example_datasets.py
[2022-12-22T09:21:48.940+0000] {logging_mixin.py:137} INFO - [2022-12-22T09:21:48.940+0000] {dag.py:2676} INFO - Sync 6 DAGs
[2022-12-22T09:21:48.984+0000] {logging_mixin.py:137} INFO - [2022-12-22T09:21:48.984+0000] {dag.py:3427} INFO - Setting next_dagrun for dataset_consumes_1 to None, run_after=None
[2022-12-22T09:21:49.012+0000] {logging_mixin.py:137} INFO - [2022-12-22T09:21:49.012+0000] {dag.py:3427} INFO - Setting next_dagrun for dataset_consumes_1_and_2 to None, run_after=None
[2022-12-22T09:21:49.020+0000] {logging_mixin.py:137} INFO - [2022-12-22T09:21:49.019+0000] {dag.py:3427} INFO - Setting next_dagrun for dataset_consumes_1_never_scheduled to None, run_after=None
[2022-12-22T09:21:49.023+0000] {logging_mixin.py:137} INFO - [2022-12-22T09:21:49.023+0000] {dag.py:3427} INFO - Setting next_dagrun for dataset_consumes_unknown_never_scheduled to None, run_after=None
[2022-12-22T09:21:49.027+0000] {logging_mixin.py:137} INFO - [2022-12-22T09:21:49.027+0000] {dag.py:3427} INFO - Setting next_dagrun for dataset_produces_1 to 2022-12-21T00:00:00+00:00, run_after=2022-12-22T00:00:00+00:00
[2022-12-22T09:21:49.030+0000] {logging_mixin.py:137} INFO - [2022-12-22T09:21:49.029+0000] {dag.py:3427} INFO - Setting next_dagrun for dataset_produces_2 to None, run_after=None
[2022-12-22T09:21:49.072+0000] {processor.py:175} INFO - Processing /home/airflow/.local/lib/python3.7/site-packages/airflow/example_dags/example_datasets.py took 0.209 seconds
[2022-12-22T09:22:19.880+0000] {processor.py:153} INFO - Started process (PID=257) to work on /home/airflow/.local/lib/python3.7/site-packages/airflow/example_dags/example_datasets.py
[2022-12-22T09:22:19.881+0000] {processor.py:743} INFO - Processing file /home/airflow/.local/lib/python3.7/site-packages/airflow/example_dags/example_datasets.py for tasks to queue
[2022-12-22T09:22:19.894+0000] {logging_mixin.py:137} INFO - [2022-12-22T09:22:19.894+0000] {dagbag.py:538} INFO - Filling up the DagBag from /home/airflow/.local/lib/python3.7/site-packages/airflow/example_dags/example_datasets.py
[2022-12-22T09:22:19.914+0000] {processor.py:753} INFO - DAG(s) dict_keys(['dataset_produces_1', 'dataset_consumes_1', 'dataset_produces_2', 'dataset_consumes_1_never_scheduled', 'dataset_consumes_unknown_never_scheduled', 'dataset_consumes_1_and_2']) retrieved from /home/airflow/.local/lib/python3.7/site-packages/airflow/example_dags/example_datasets.py
[2022-12-22T09:22:19.960+0000] {logging_mixin.py:137} INFO - [2022-12-22T09:22:19.960+0000] {dag.py:2676} INFO - Sync 6 DAGs
[2022-12-22T09:22:19.983+0000] {logging_mixin.py:137} INFO - [2022-12-22T09:22:19.983+0000] {dag.py:3427} INFO - Setting next_dagrun for dataset_consumes_1 to None, run_after=None
[2022-12-22T09:22:19.987+0000] {logging_mixin.py:137} INFO - [2022-12-22T09:22:19.987+0000] {dag.py:3427} INFO - Setting next_dagrun for dataset_consumes_1_and_2 to None, run_after=None
[2022-12-22T09:22:19.990+0000] {logging_mixin.py:137} INFO - [2022-12-22T09:22:19.989+0000] {dag.py:3427} INFO - Setting next_dagrun for dataset_consumes_1_never_scheduled to None, run_after=None
[2022-12-22T09:22:19.991+0000] {logging_mixin.py:137} INFO - [2022-12-22T09:22:19.991+0000] {dag.py:3427} INFO - Setting next_dagrun for dataset_consumes_unknown_never_scheduled to None, run_after=None
[2022-12-22T09:22:19.995+0000] {logging_mixin.py:137} INFO - [2022-12-22T09:22:19.995+0000] {dag.py:3427} INFO - Setting next_dagrun for dataset_produces_1 to 2022-12-21T00:00:00+00:00, run_after=2022-12-22T00:00:00+00:00
[2022-12-22T09:22:19.997+0000] {logging_mixin.py:137} INFO - [2022-12-22T09:22:19.996+0000] {dag.py:3427} INFO - Setting next_dagrun for dataset_produces_2 to None, run_after=None
[2022-12-22T09:22:20.028+0000] {processor.py:175} INFO - Processing /home/airflow/.local/lib/python3.7/site-packages/airflow/example_dags/example_datasets.py took 0.152 seconds
[2022-12-22T09:22:53.689+0000] {processor.py:153} INFO - Started process (PID=332) to work on /home/airflow/.local/lib/python3.7/site-packages/airflow/example_dags/example_datasets.py
[2022-12-22T09:22:53.700+0000] {processor.py:743} INFO - Processing file /home/airflow/.local/lib/python3.7/site-packages/airflow/example_dags/example_datasets.py for tasks to queue
[2022-12-22T09:22:53.714+0000] {logging_mixin.py:137} INFO - [2022-12-22T09:22:53.714+0000] {dagbag.py:538} INFO - Filling up the DagBag from /home/airflow/.local/lib/python3.7/site-packages/airflow/example_dags/example_datasets.py
[2022-12-22T09:22:53.778+0000] {processor.py:753} INFO - DAG(s) dict_keys(['dataset_consumes_1_and_2', 'dataset_produces_1', 'dataset_produces_2', 'dataset_consumes_unknown_never_scheduled', 'dataset_consumes_1', 'dataset_consumes_1_never_scheduled']) retrieved from /home/airflow/.local/lib/python3.7/site-packages/airflow/example_dags/example_datasets.py
[2022-12-22T09:22:53.829+0000] {logging_mixin.py:137} INFO - [2022-12-22T09:22:53.829+0000] {dag.py:2676} INFO - Sync 6 DAGs
[2022-12-22T09:22:53.858+0000] {logging_mixin.py:137} INFO - [2022-12-22T09:22:53.858+0000] {dag.py:3427} INFO - Setting next_dagrun for dataset_consumes_1 to None, run_after=None
[2022-12-22T09:22:53.862+0000] {logging_mixin.py:137} INFO - [2022-12-22T09:22:53.862+0000] {dag.py:3427} INFO - Setting next_dagrun for dataset_consumes_1_and_2 to None, run_after=None
[2022-12-22T09:22:53.872+0000] {logging_mixin.py:137} INFO - [2022-12-22T09:22:53.872+0000] {dag.py:3427} INFO - Setting next_dagrun for dataset_consumes_1_never_scheduled to None, run_after=None
[2022-12-22T09:22:53.875+0000] {logging_mixin.py:137} INFO - [2022-12-22T09:22:53.875+0000] {dag.py:3427} INFO - Setting next_dagrun for dataset_consumes_unknown_never_scheduled to None, run_after=None
[2022-12-22T09:22:53.878+0000] {logging_mixin.py:137} INFO - [2022-12-22T09:22:53.878+0000] {dag.py:3427} INFO - Setting next_dagrun for dataset_produces_1 to 2022-12-21T00:00:00+00:00, run_after=2022-12-22T00:00:00+00:00
[2022-12-22T09:22:53.881+0000] {logging_mixin.py:137} INFO - [2022-12-22T09:22:53.881+0000] {dag.py:3427} INFO - Setting next_dagrun for dataset_produces_2 to None, run_after=None
[2022-12-22T09:22:53.935+0000] {processor.py:175} INFO - Processing /home/airflow/.local/lib/python3.7/site-packages/airflow/example_dags/example_datasets.py took 0.249 seconds
[2022-12-22T09:23:26.189+0000] {processor.py:153} INFO - Started process (PID=391) to work on /home/airflow/.local/lib/python3.7/site-packages/airflow/example_dags/example_datasets.py
[2022-12-22T09:23:26.201+0000] {processor.py:743} INFO - Processing file /home/airflow/.local/lib/python3.7/site-packages/airflow/example_dags/example_datasets.py for tasks to queue
[2022-12-22T09:23:26.203+0000] {logging_mixin.py:137} INFO - [2022-12-22T09:23:26.203+0000] {dagbag.py:538} INFO - Filling up the DagBag from /home/airflow/.local/lib/python3.7/site-packages/airflow/example_dags/example_datasets.py
[2022-12-22T09:23:26.235+0000] {processor.py:753} INFO - DAG(s) dict_keys(['dataset_produces_1', 'dataset_consumes_1_and_2', 'dataset_consumes_1_never_scheduled', 'dataset_consumes_1', 'dataset_produces_2', 'dataset_consumes_unknown_never_scheduled']) retrieved from /home/airflow/.local/lib/python3.7/site-packages/airflow/example_dags/example_datasets.py
[2022-12-22T09:23:26.290+0000] {logging_mixin.py:137} INFO - [2022-12-22T09:23:26.290+0000] {dag.py:2676} INFO - Sync 6 DAGs
[2022-12-22T09:23:26.322+0000] {logging_mixin.py:137} INFO - [2022-12-22T09:23:26.322+0000] {dag.py:3427} INFO - Setting next_dagrun for dataset_consumes_1 to None, run_after=None
[2022-12-22T09:23:26.328+0000] {logging_mixin.py:137} INFO - [2022-12-22T09:23:26.327+0000] {dag.py:3427} INFO - Setting next_dagrun for dataset_consumes_1_and_2 to None, run_after=None
[2022-12-22T09:23:26.333+0000] {logging_mixin.py:137} INFO - [2022-12-22T09:23:26.333+0000] {dag.py:3427} INFO - Setting next_dagrun for dataset_consumes_1_never_scheduled to None, run_after=None
[2022-12-22T09:23:26.336+0000] {logging_mixin.py:137} INFO - [2022-12-22T09:23:26.335+0000] {dag.py:3427} INFO - Setting next_dagrun for dataset_consumes_unknown_never_scheduled to None, run_after=None
[2022-12-22T09:23:26.339+0000] {logging_mixin.py:137} INFO - [2022-12-22T09:23:26.339+0000] {dag.py:3427} INFO - Setting next_dagrun for dataset_produces_1 to 2022-12-21T00:00:00+00:00, run_after=2022-12-22T00:00:00+00:00
[2022-12-22T09:23:26.342+0000] {logging_mixin.py:137} INFO - [2022-12-22T09:23:26.342+0000] {dag.py:3427} INFO - Setting next_dagrun for dataset_produces_2 to None, run_after=None
[2022-12-22T09:23:26.388+0000] {processor.py:175} INFO - Processing /home/airflow/.local/lib/python3.7/site-packages/airflow/example_dags/example_datasets.py took 0.202 seconds
[2022-12-22T09:23:58.593+0000] {processor.py:153} INFO - Started process (PID=454) to work on /home/airflow/.local/lib/python3.7/site-packages/airflow/example_dags/example_datasets.py
[2022-12-22T09:23:58.595+0000] {processor.py:743} INFO - Processing file /home/airflow/.local/lib/python3.7/site-packages/airflow/example_dags/example_datasets.py for tasks to queue
[2022-12-22T09:23:58.597+0000] {logging_mixin.py:137} INFO - [2022-12-22T09:23:58.597+0000] {dagbag.py:538} INFO - Filling up the DagBag from /home/airflow/.local/lib/python3.7/site-packages/airflow/example_dags/example_datasets.py
[2022-12-22T09:23:58.617+0000] {processor.py:753} INFO - DAG(s) dict_keys(['dataset_consumes_1_never_scheduled', 'dataset_consumes_1', 'dataset_produces_2', 'dataset_consumes_unknown_never_scheduled', 'dataset_produces_1', 'dataset_consumes_1_and_2']) retrieved from /home/airflow/.local/lib/python3.7/site-packages/airflow/example_dags/example_datasets.py
[2022-12-22T09:23:58.663+0000] {logging_mixin.py:137} INFO - [2022-12-22T09:23:58.663+0000] {dag.py:2676} INFO - Sync 6 DAGs
[2022-12-22T09:23:58.686+0000] {logging_mixin.py:137} INFO - [2022-12-22T09:23:58.686+0000] {dag.py:3427} INFO - Setting next_dagrun for dataset_consumes_1 to None, run_after=None
[2022-12-22T09:23:58.693+0000] {logging_mixin.py:137} INFO - [2022-12-22T09:23:58.693+0000] {dag.py:3427} INFO - Setting next_dagrun for dataset_consumes_1_and_2 to None, run_after=None
[2022-12-22T09:23:58.696+0000] {logging_mixin.py:137} INFO - [2022-12-22T09:23:58.696+0000] {dag.py:3427} INFO - Setting next_dagrun for dataset_consumes_1_never_scheduled to None, run_after=None
[2022-12-22T09:23:58.699+0000] {logging_mixin.py:137} INFO - [2022-12-22T09:23:58.699+0000] {dag.py:3427} INFO - Setting next_dagrun for dataset_consumes_unknown_never_scheduled to None, run_after=None
[2022-12-22T09:23:58.702+0000] {logging_mixin.py:137} INFO - [2022-12-22T09:23:58.702+0000] {dag.py:3427} INFO - Setting next_dagrun for dataset_produces_1 to 2022-12-21T00:00:00+00:00, run_after=2022-12-22T00:00:00+00:00
[2022-12-22T09:23:58.706+0000] {logging_mixin.py:137} INFO - [2022-12-22T09:23:58.706+0000] {dag.py:3427} INFO - Setting next_dagrun for dataset_produces_2 to None, run_after=None
[2022-12-22T09:23:58.741+0000] {processor.py:175} INFO - Processing /home/airflow/.local/lib/python3.7/site-packages/airflow/example_dags/example_datasets.py took 0.155 seconds
[2022-12-22T09:24:28.831+0000] {processor.py:153} INFO - Started process (PID=513) to work on /home/airflow/.local/lib/python3.7/site-packages/airflow/example_dags/example_datasets.py
[2022-12-22T09:24:28.836+0000] {processor.py:743} INFO - Processing file /home/airflow/.local/lib/python3.7/site-packages/airflow/example_dags/example_datasets.py for tasks to queue
[2022-12-22T09:24:28.837+0000] {logging_mixin.py:137} INFO - [2022-12-22T09:24:28.837+0000] {dagbag.py:538} INFO - Filling up the DagBag from /home/airflow/.local/lib/python3.7/site-packages/airflow/example_dags/example_datasets.py
[2022-12-22T09:24:28.860+0000] {processor.py:753} INFO - DAG(s) dict_keys(['dataset_consumes_1', 'dataset_consumes_1_and_2', 'dataset_consumes_1_never_scheduled', 'dataset_produces_2', 'dataset_produces_1', 'dataset_consumes_unknown_never_scheduled']) retrieved from /home/airflow/.local/lib/python3.7/site-packages/airflow/example_dags/example_datasets.py
[2022-12-22T09:24:28.904+0000] {logging_mixin.py:137} INFO - [2022-12-22T09:24:28.904+0000] {dag.py:2676} INFO - Sync 6 DAGs
[2022-12-22T09:24:28.923+0000] {logging_mixin.py:137} INFO - [2022-12-22T09:24:28.923+0000] {dag.py:3427} INFO - Setting next_dagrun for dataset_consumes_1 to None, run_after=None
[2022-12-22T09:24:28.930+0000] {logging_mixin.py:137} INFO - [2022-12-22T09:24:28.930+0000] {dag.py:3427} INFO - Setting next_dagrun for dataset_consumes_1_and_2 to None, run_after=None
[2022-12-22T09:24:28.932+0000] {logging_mixin.py:137} INFO - [2022-12-22T09:24:28.932+0000] {dag.py:3427} INFO - Setting next_dagrun for dataset_consumes_1_never_scheduled to None, run_after=None
[2022-12-22T09:24:28.934+0000] {logging_mixin.py:137} INFO - [2022-12-22T09:24:28.934+0000] {dag.py:3427} INFO - Setting next_dagrun for dataset_consumes_unknown_never_scheduled to None, run_after=None
[2022-12-22T09:24:28.936+0000] {logging_mixin.py:137} INFO - [2022-12-22T09:24:28.936+0000] {dag.py:3427} INFO - Setting next_dagrun for dataset_produces_1 to 2022-12-21T00:00:00+00:00, run_after=2022-12-22T00:00:00+00:00
[2022-12-22T09:24:28.938+0000] {logging_mixin.py:137} INFO - [2022-12-22T09:24:28.938+0000] {dag.py:3427} INFO - Setting next_dagrun for dataset_produces_2 to None, run_after=None
[2022-12-22T09:24:28.977+0000] {processor.py:175} INFO - Processing /home/airflow/.local/lib/python3.7/site-packages/airflow/example_dags/example_datasets.py took 0.150 seconds
[2022-12-22T09:24:59.644+0000] {processor.py:153} INFO - Started process (PID=574) to work on /home/airflow/.local/lib/python3.7/site-packages/airflow/example_dags/example_datasets.py
[2022-12-22T09:24:59.646+0000] {processor.py:743} INFO - Processing file /home/airflow/.local/lib/python3.7/site-packages/airflow/example_dags/example_datasets.py for tasks to queue
[2022-12-22T09:24:59.648+0000] {logging_mixin.py:137} INFO - [2022-12-22T09:24:59.647+0000] {dagbag.py:538} INFO - Filling up the DagBag from /home/airflow/.local/lib/python3.7/site-packages/airflow/example_dags/example_datasets.py
[2022-12-22T09:24:59.675+0000] {processor.py:753} INFO - DAG(s) dict_keys(['dataset_produces_2', 'dataset_produces_1', 'dataset_consumes_1_and_2', 'dataset_consumes_1_never_scheduled', 'dataset_consumes_1', 'dataset_consumes_unknown_never_scheduled']) retrieved from /home/airflow/.local/lib/python3.7/site-packages/airflow/example_dags/example_datasets.py
[2022-12-22T09:24:59.720+0000] {logging_mixin.py:137} INFO - [2022-12-22T09:24:59.720+0000] {dag.py:2676} INFO - Sync 6 DAGs
[2022-12-22T09:24:59.741+0000] {logging_mixin.py:137} INFO - [2022-12-22T09:24:59.741+0000] {dag.py:3427} INFO - Setting next_dagrun for dataset_consumes_1 to None, run_after=None
[2022-12-22T09:24:59.745+0000] {logging_mixin.py:137} INFO - [2022-12-22T09:24:59.745+0000] {dag.py:3427} INFO - Setting next_dagrun for dataset_consumes_1_and_2 to None, run_after=None
[2022-12-22T09:24:59.750+0000] {logging_mixin.py:137} INFO - [2022-12-22T09:24:59.750+0000] {dag.py:3427} INFO - Setting next_dagrun for dataset_consumes_1_never_scheduled to None, run_after=None
[2022-12-22T09:24:59.752+0000] {logging_mixin.py:137} INFO - [2022-12-22T09:24:59.752+0000] {dag.py:3427} INFO - Setting next_dagrun for dataset_consumes_unknown_never_scheduled to None, run_after=None
[2022-12-22T09:24:59.754+0000] {logging_mixin.py:137} INFO - [2022-12-22T09:24:59.754+0000] {dag.py:3427} INFO - Setting next_dagrun for dataset_produces_1 to 2022-12-21T00:00:00+00:00, run_after=2022-12-22T00:00:00+00:00
[2022-12-22T09:24:59.756+0000] {logging_mixin.py:137} INFO - [2022-12-22T09:24:59.756+0000] {dag.py:3427} INFO - Setting next_dagrun for dataset_produces_2 to None, run_after=None
[2022-12-22T09:24:59.779+0000] {processor.py:175} INFO - Processing /home/airflow/.local/lib/python3.7/site-packages/airflow/example_dags/example_datasets.py took 0.137 seconds
[2022-12-22T09:25:30.326+0000] {processor.py:153} INFO - Started process (PID=637) to work on /home/airflow/.local/lib/python3.7/site-packages/airflow/example_dags/example_datasets.py
[2022-12-22T09:25:30.327+0000] {processor.py:743} INFO - Processing file /home/airflow/.local/lib/python3.7/site-packages/airflow/example_dags/example_datasets.py for tasks to queue
[2022-12-22T09:25:30.328+0000] {logging_mixin.py:137} INFO - [2022-12-22T09:25:30.328+0000] {dagbag.py:538} INFO - Filling up the DagBag from /home/airflow/.local/lib/python3.7/site-packages/airflow/example_dags/example_datasets.py
[2022-12-22T09:25:30.339+0000] {processor.py:753} INFO - DAG(s) dict_keys(['dataset_produces_1', 'dataset_consumes_1_and_2', 'dataset_produces_2', 'dataset_consumes_1', 'dataset_consumes_unknown_never_scheduled', 'dataset_consumes_1_never_scheduled']) retrieved from /home/airflow/.local/lib/python3.7/site-packages/airflow/example_dags/example_datasets.py
[2022-12-22T09:25:30.372+0000] {logging_mixin.py:137} INFO - [2022-12-22T09:25:30.372+0000] {dag.py:2676} INFO - Sync 6 DAGs
[2022-12-22T09:25:30.390+0000] {logging_mixin.py:137} INFO - [2022-12-22T09:25:30.390+0000] {dag.py:3427} INFO - Setting next_dagrun for dataset_consumes_1 to None, run_after=None
[2022-12-22T09:25:30.394+0000] {logging_mixin.py:137} INFO - [2022-12-22T09:25:30.394+0000] {dag.py:3427} INFO - Setting next_dagrun for dataset_consumes_1_and_2 to None, run_after=None
[2022-12-22T09:25:30.395+0000] {logging_mixin.py:137} INFO - [2022-12-22T09:25:30.395+0000] {dag.py:3427} INFO - Setting next_dagrun for dataset_consumes_1_never_scheduled to None, run_after=None
[2022-12-22T09:25:30.397+0000] {logging_mixin.py:137} INFO - [2022-12-22T09:25:30.397+0000] {dag.py:3427} INFO - Setting next_dagrun for dataset_consumes_unknown_never_scheduled to None, run_after=None
[2022-12-22T09:25:30.399+0000] {logging_mixin.py:137} INFO - [2022-12-22T09:25:30.399+0000] {dag.py:3427} INFO - Setting next_dagrun for dataset_produces_1 to 2022-12-21T00:00:00+00:00, run_after=2022-12-22T00:00:00+00:00
[2022-12-22T09:25:30.401+0000] {logging_mixin.py:137} INFO - [2022-12-22T09:25:30.401+0000] {dag.py:3427} INFO - Setting next_dagrun for dataset_produces_2 to None, run_after=None
[2022-12-22T09:25:30.422+0000] {processor.py:175} INFO - Processing /home/airflow/.local/lib/python3.7/site-packages/airflow/example_dags/example_datasets.py took 0.098 seconds
[2022-12-22T09:26:01.036+0000] {processor.py:153} INFO - Started process (PID=699) to work on /home/airflow/.local/lib/python3.7/site-packages/airflow/example_dags/example_datasets.py
[2022-12-22T09:26:01.038+0000] {processor.py:743} INFO - Processing file /home/airflow/.local/lib/python3.7/site-packages/airflow/example_dags/example_datasets.py for tasks to queue
[2022-12-22T09:26:01.041+0000] {logging_mixin.py:137} INFO - [2022-12-22T09:26:01.041+0000] {dagbag.py:538} INFO - Filling up the DagBag from /home/airflow/.local/lib/python3.7/site-packages/airflow/example_dags/example_datasets.py
[2022-12-22T09:26:01.059+0000] {processor.py:753} INFO - DAG(s) dict_keys(['dataset_produces_1', 'dataset_produces_2', 'dataset_consumes_1_never_scheduled', 'dataset_consumes_1', 'dataset_consumes_unknown_never_scheduled', 'dataset_consumes_1_and_2']) retrieved from /home/airflow/.local/lib/python3.7/site-packages/airflow/example_dags/example_datasets.py
[2022-12-22T09:26:01.107+0000] {logging_mixin.py:137} INFO - [2022-12-22T09:26:01.107+0000] {dag.py:2676} INFO - Sync 6 DAGs
[2022-12-22T09:26:01.130+0000] {logging_mixin.py:137} INFO - [2022-12-22T09:26:01.130+0000] {dag.py:3427} INFO - Setting next_dagrun for dataset_consumes_1 to None, run_after=None
[2022-12-22T09:26:01.134+0000] {logging_mixin.py:137} INFO - [2022-12-22T09:26:01.134+0000] {dag.py:3427} INFO - Setting next_dagrun for dataset_consumes_1_and_2 to None, run_after=None
[2022-12-22T09:26:01.136+0000] {logging_mixin.py:137} INFO - [2022-12-22T09:26:01.136+0000] {dag.py:3427} INFO - Setting next_dagrun for dataset_consumes_1_never_scheduled to None, run_after=None
[2022-12-22T09:26:01.153+0000] {logging_mixin.py:137} INFO - [2022-12-22T09:26:01.153+0000] {dag.py:3427} INFO - Setting next_dagrun for dataset_consumes_unknown_never_scheduled to None, run_after=None
[2022-12-22T09:26:01.156+0000] {logging_mixin.py:137} INFO - [2022-12-22T09:26:01.156+0000] {dag.py:3427} INFO - Setting next_dagrun for dataset_produces_1 to 2022-12-21T00:00:00+00:00, run_after=2022-12-22T00:00:00+00:00
[2022-12-22T09:26:01.162+0000] {logging_mixin.py:137} INFO - [2022-12-22T09:26:01.162+0000] {dag.py:3427} INFO - Setting next_dagrun for dataset_produces_2 to None, run_after=None
[2022-12-22T09:26:01.190+0000] {processor.py:175} INFO - Processing /home/airflow/.local/lib/python3.7/site-packages/airflow/example_dags/example_datasets.py took 0.156 seconds
[2022-12-22T09:27:34.200+0000] {processor.py:153} INFO - Started process (PID=792) to work on /home/airflow/.local/lib/python3.7/site-packages/airflow/example_dags/example_datasets.py
[2022-12-22T09:27:34.213+0000] {processor.py:743} INFO - Processing file /home/airflow/.local/lib/python3.7/site-packages/airflow/example_dags/example_datasets.py for tasks to queue
[2022-12-22T09:27:34.225+0000] {logging_mixin.py:137} INFO - [2022-12-22T09:27:34.223+0000] {dagbag.py:538} INFO - Filling up the DagBag from /home/airflow/.local/lib/python3.7/site-packages/airflow/example_dags/example_datasets.py
[2022-12-22T09:27:34.580+0000] {processor.py:753} INFO - DAG(s) dict_keys(['dataset_consumes_1_never_scheduled', 'dataset_produces_1', 'dataset_consumes_unknown_never_scheduled', 'dataset_produces_2', 'dataset_consumes_1', 'dataset_consumes_1_and_2']) retrieved from /home/airflow/.local/lib/python3.7/site-packages/airflow/example_dags/example_datasets.py
[2022-12-22T09:27:35.144+0000] {logging_mixin.py:137} INFO - [2022-12-22T09:27:35.143+0000] {dag.py:2676} INFO - Sync 6 DAGs
[2022-12-22T09:27:35.246+0000] {logging_mixin.py:137} INFO - [2022-12-22T09:27:35.246+0000] {dag.py:3427} INFO - Setting next_dagrun for dataset_consumes_1 to None, run_after=None
[2022-12-22T09:27:35.263+0000] {logging_mixin.py:137} INFO - [2022-12-22T09:27:35.263+0000] {dag.py:3427} INFO - Setting next_dagrun for dataset_consumes_1_and_2 to None, run_after=None
[2022-12-22T09:27:35.265+0000] {logging_mixin.py:137} INFO - [2022-12-22T09:27:35.265+0000] {dag.py:3427} INFO - Setting next_dagrun for dataset_consumes_1_never_scheduled to None, run_after=None
[2022-12-22T09:27:35.277+0000] {logging_mixin.py:137} INFO - [2022-12-22T09:27:35.277+0000] {dag.py:3427} INFO - Setting next_dagrun for dataset_consumes_unknown_never_scheduled to None, run_after=None
[2022-12-22T09:27:35.314+0000] {logging_mixin.py:137} INFO - [2022-12-22T09:27:35.313+0000] {dag.py:3427} INFO - Setting next_dagrun for dataset_produces_1 to 2022-12-21T00:00:00+00:00, run_after=2022-12-22T00:00:00+00:00
[2022-12-22T09:27:35.348+0000] {logging_mixin.py:137} INFO - [2022-12-22T09:27:35.347+0000] {dag.py:3427} INFO - Setting next_dagrun for dataset_produces_2 to None, run_after=None
[2022-12-22T09:27:35.507+0000] {processor.py:175} INFO - Processing /home/airflow/.local/lib/python3.7/site-packages/airflow/example_dags/example_datasets.py took 1.459 seconds
[2022-12-22T09:28:06.860+0000] {processor.py:153} INFO - Started process (PID=858) to work on /home/airflow/.local/lib/python3.7/site-packages/airflow/example_dags/example_datasets.py
[2022-12-22T09:28:06.869+0000] {processor.py:743} INFO - Processing file /home/airflow/.local/lib/python3.7/site-packages/airflow/example_dags/example_datasets.py for tasks to queue
[2022-12-22T09:28:06.877+0000] {logging_mixin.py:137} INFO - [2022-12-22T09:28:06.877+0000] {dagbag.py:538} INFO - Filling up the DagBag from /home/airflow/.local/lib/python3.7/site-packages/airflow/example_dags/example_datasets.py
[2022-12-22T09:28:06.955+0000] {processor.py:753} INFO - DAG(s) dict_keys(['dataset_consumes_unknown_never_scheduled', 'dataset_consumes_1', 'dataset_consumes_1_never_scheduled', 'dataset_produces_1', 'dataset_produces_2', 'dataset_consumes_1_and_2']) retrieved from /home/airflow/.local/lib/python3.7/site-packages/airflow/example_dags/example_datasets.py
[2022-12-22T09:28:07.156+0000] {logging_mixin.py:137} INFO - [2022-12-22T09:28:07.156+0000] {dag.py:2676} INFO - Sync 6 DAGs
[2022-12-22T09:28:07.373+0000] {logging_mixin.py:137} INFO - [2022-12-22T09:28:07.373+0000] {dag.py:3427} INFO - Setting next_dagrun for dataset_consumes_1 to None, run_after=None
[2022-12-22T09:28:07.378+0000] {logging_mixin.py:137} INFO - [2022-12-22T09:28:07.378+0000] {dag.py:3427} INFO - Setting next_dagrun for dataset_consumes_1_and_2 to None, run_after=None
[2022-12-22T09:28:07.380+0000] {logging_mixin.py:137} INFO - [2022-12-22T09:28:07.380+0000] {dag.py:3427} INFO - Setting next_dagrun for dataset_consumes_1_never_scheduled to None, run_after=None
[2022-12-22T09:28:07.383+0000] {logging_mixin.py:137} INFO - [2022-12-22T09:28:07.383+0000] {dag.py:3427} INFO - Setting next_dagrun for dataset_consumes_unknown_never_scheduled to None, run_after=None
[2022-12-22T09:28:07.392+0000] {logging_mixin.py:137} INFO - [2022-12-22T09:28:07.392+0000] {dag.py:3427} INFO - Setting next_dagrun for dataset_produces_1 to 2022-12-21T00:00:00+00:00, run_after=2022-12-22T00:00:00+00:00
[2022-12-22T09:28:07.397+0000] {logging_mixin.py:137} INFO - [2022-12-22T09:28:07.397+0000] {dag.py:3427} INFO - Setting next_dagrun for dataset_produces_2 to None, run_after=None
[2022-12-22T09:28:07.482+0000] {processor.py:175} INFO - Processing /home/airflow/.local/lib/python3.7/site-packages/airflow/example_dags/example_datasets.py took 0.636 seconds
[2022-12-22T09:28:38.134+0000] {processor.py:153} INFO - Started process (PID=920) to work on /home/airflow/.local/lib/python3.7/site-packages/airflow/example_dags/example_datasets.py
[2022-12-22T09:28:38.137+0000] {processor.py:743} INFO - Processing file /home/airflow/.local/lib/python3.7/site-packages/airflow/example_dags/example_datasets.py for tasks to queue
[2022-12-22T09:28:38.140+0000] {logging_mixin.py:137} INFO - [2022-12-22T09:28:38.140+0000] {dagbag.py:538} INFO - Filling up the DagBag from /home/airflow/.local/lib/python3.7/site-packages/airflow/example_dags/example_datasets.py
[2022-12-22T09:28:38.169+0000] {processor.py:753} INFO - DAG(s) dict_keys(['dataset_consumes_unknown_never_scheduled', 'dataset_consumes_1_and_2', 'dataset_produces_2', 'dataset_consumes_1_never_scheduled', 'dataset_consumes_1', 'dataset_produces_1']) retrieved from /home/airflow/.local/lib/python3.7/site-packages/airflow/example_dags/example_datasets.py
[2022-12-22T09:28:38.239+0000] {logging_mixin.py:137} INFO - [2022-12-22T09:28:38.239+0000] {dag.py:2676} INFO - Sync 6 DAGs
[2022-12-22T09:28:38.264+0000] {logging_mixin.py:137} INFO - [2022-12-22T09:28:38.264+0000] {dag.py:3427} INFO - Setting next_dagrun for dataset_consumes_1 to None, run_after=None
[2022-12-22T09:28:38.268+0000] {logging_mixin.py:137} INFO - [2022-12-22T09:28:38.268+0000] {dag.py:3427} INFO - Setting next_dagrun for dataset_consumes_1_and_2 to None, run_after=None
[2022-12-22T09:28:38.275+0000] {logging_mixin.py:137} INFO - [2022-12-22T09:28:38.275+0000] {dag.py:3427} INFO - Setting next_dagrun for dataset_consumes_1_never_scheduled to None, run_after=None
[2022-12-22T09:28:38.277+0000] {logging_mixin.py:137} INFO - [2022-12-22T09:28:38.277+0000] {dag.py:3427} INFO - Setting next_dagrun for dataset_consumes_unknown_never_scheduled to None, run_after=None
[2022-12-22T09:28:38.281+0000] {logging_mixin.py:137} INFO - [2022-12-22T09:28:38.281+0000] {dag.py:3427} INFO - Setting next_dagrun for dataset_produces_1 to 2022-12-21T00:00:00+00:00, run_after=2022-12-22T00:00:00+00:00
[2022-12-22T09:28:38.283+0000] {logging_mixin.py:137} INFO - [2022-12-22T09:28:38.283+0000] {dag.py:3427} INFO - Setting next_dagrun for dataset_produces_2 to None, run_after=None
[2022-12-22T09:28:38.311+0000] {processor.py:175} INFO - Processing /home/airflow/.local/lib/python3.7/site-packages/airflow/example_dags/example_datasets.py took 0.187 seconds
[2022-12-22T09:29:08.968+0000] {processor.py:153} INFO - Started process (PID=983) to work on /home/airflow/.local/lib/python3.7/site-packages/airflow/example_dags/example_datasets.py
[2022-12-22T09:29:08.986+0000] {processor.py:743} INFO - Processing file /home/airflow/.local/lib/python3.7/site-packages/airflow/example_dags/example_datasets.py for tasks to queue
[2022-12-22T09:29:08.989+0000] {logging_mixin.py:137} INFO - [2022-12-22T09:29:08.989+0000] {dagbag.py:538} INFO - Filling up the DagBag from /home/airflow/.local/lib/python3.7/site-packages/airflow/example_dags/example_datasets.py
[2022-12-22T09:29:09.094+0000] {processor.py:753} INFO - DAG(s) dict_keys(['dataset_consumes_unknown_never_scheduled', 'dataset_produces_2', 'dataset_consumes_1', 'dataset_consumes_1_never_scheduled', 'dataset_consumes_1_and_2', 'dataset_produces_1']) retrieved from /home/airflow/.local/lib/python3.7/site-packages/airflow/example_dags/example_datasets.py
[2022-12-22T09:29:09.238+0000] {logging_mixin.py:137} INFO - [2022-12-22T09:29:09.237+0000] {dag.py:2676} INFO - Sync 6 DAGs
[2022-12-22T09:29:09.268+0000] {logging_mixin.py:137} INFO - [2022-12-22T09:29:09.268+0000] {dag.py:3427} INFO - Setting next_dagrun for dataset_consumes_1 to None, run_after=None
[2022-12-22T09:29:09.272+0000] {logging_mixin.py:137} INFO - [2022-12-22T09:29:09.271+0000] {dag.py:3427} INFO - Setting next_dagrun for dataset_consumes_1_and_2 to None, run_after=None
[2022-12-22T09:29:09.274+0000] {logging_mixin.py:137} INFO - [2022-12-22T09:29:09.273+0000] {dag.py:3427} INFO - Setting next_dagrun for dataset_consumes_1_never_scheduled to None, run_after=None
[2022-12-22T09:29:09.275+0000] {logging_mixin.py:137} INFO - [2022-12-22T09:29:09.275+0000] {dag.py:3427} INFO - Setting next_dagrun for dataset_consumes_unknown_never_scheduled to None, run_after=None
[2022-12-22T09:29:09.279+0000] {logging_mixin.py:137} INFO - [2022-12-22T09:29:09.279+0000] {dag.py:3427} INFO - Setting next_dagrun for dataset_produces_1 to 2022-12-21T00:00:00+00:00, run_after=2022-12-22T00:00:00+00:00
[2022-12-22T09:29:09.285+0000] {logging_mixin.py:137} INFO - [2022-12-22T09:29:09.284+0000] {dag.py:3427} INFO - Setting next_dagrun for dataset_produces_2 to None, run_after=None
[2022-12-22T09:29:09.327+0000] {processor.py:175} INFO - Processing /home/airflow/.local/lib/python3.7/site-packages/airflow/example_dags/example_datasets.py took 0.372 seconds
[2022-12-22T09:29:39.742+0000] {processor.py:153} INFO - Started process (PID=1046) to work on /home/airflow/.local/lib/python3.7/site-packages/airflow/example_dags/example_datasets.py
[2022-12-22T09:29:39.746+0000] {processor.py:743} INFO - Processing file /home/airflow/.local/lib/python3.7/site-packages/airflow/example_dags/example_datasets.py for tasks to queue
[2022-12-22T09:29:39.753+0000] {logging_mixin.py:137} INFO - [2022-12-22T09:29:39.753+0000] {dagbag.py:538} INFO - Filling up the DagBag from /home/airflow/.local/lib/python3.7/site-packages/airflow/example_dags/example_datasets.py
[2022-12-22T09:29:39.791+0000] {processor.py:753} INFO - DAG(s) dict_keys(['dataset_produces_2', 'dataset_consumes_1_never_scheduled', 'dataset_consumes_1', 'dataset_consumes_1_and_2', 'dataset_produces_1', 'dataset_consumes_unknown_never_scheduled']) retrieved from /home/airflow/.local/lib/python3.7/site-packages/airflow/example_dags/example_datasets.py
[2022-12-22T09:29:39.851+0000] {logging_mixin.py:137} INFO - [2022-12-22T09:29:39.851+0000] {dag.py:2676} INFO - Sync 6 DAGs
[2022-12-22T09:29:39.888+0000] {logging_mixin.py:137} INFO - [2022-12-22T09:29:39.888+0000] {dag.py:3427} INFO - Setting next_dagrun for dataset_consumes_1 to None, run_after=None
[2022-12-22T09:29:39.892+0000] {logging_mixin.py:137} INFO - [2022-12-22T09:29:39.892+0000] {dag.py:3427} INFO - Setting next_dagrun for dataset_consumes_1_and_2 to None, run_after=None
[2022-12-22T09:29:39.897+0000] {logging_mixin.py:137} INFO - [2022-12-22T09:29:39.897+0000] {dag.py:3427} INFO - Setting next_dagrun for dataset_consumes_1_never_scheduled to None, run_after=None
[2022-12-22T09:29:39.901+0000] {logging_mixin.py:137} INFO - [2022-12-22T09:29:39.901+0000] {dag.py:3427} INFO - Setting next_dagrun for dataset_consumes_unknown_never_scheduled to None, run_after=None
[2022-12-22T09:29:39.904+0000] {logging_mixin.py:137} INFO - [2022-12-22T09:29:39.904+0000] {dag.py:3427} INFO - Setting next_dagrun for dataset_produces_1 to 2022-12-21T00:00:00+00:00, run_after=2022-12-22T00:00:00+00:00
[2022-12-22T09:29:39.910+0000] {logging_mixin.py:137} INFO - [2022-12-22T09:29:39.909+0000] {dag.py:3427} INFO - Setting next_dagrun for dataset_produces_2 to None, run_after=None
[2022-12-22T09:29:39.974+0000] {processor.py:175} INFO - Processing /home/airflow/.local/lib/python3.7/site-packages/airflow/example_dags/example_datasets.py took 0.234 seconds
[2022-12-22T09:30:10.112+0000] {processor.py:153} INFO - Started process (PID=1109) to work on /home/airflow/.local/lib/python3.7/site-packages/airflow/example_dags/example_datasets.py
[2022-12-22T09:30:10.114+0000] {processor.py:743} INFO - Processing file /home/airflow/.local/lib/python3.7/site-packages/airflow/example_dags/example_datasets.py for tasks to queue
[2022-12-22T09:30:10.116+0000] {logging_mixin.py:137} INFO - [2022-12-22T09:30:10.116+0000] {dagbag.py:538} INFO - Filling up the DagBag from /home/airflow/.local/lib/python3.7/site-packages/airflow/example_dags/example_datasets.py
[2022-12-22T09:30:10.132+0000] {processor.py:753} INFO - DAG(s) dict_keys(['dataset_consumes_unknown_never_scheduled', 'dataset_consumes_1_never_scheduled', 'dataset_consumes_1', 'dataset_produces_1', 'dataset_produces_2', 'dataset_consumes_1_and_2']) retrieved from /home/airflow/.local/lib/python3.7/site-packages/airflow/example_dags/example_datasets.py
[2022-12-22T09:30:10.197+0000] {logging_mixin.py:137} INFO - [2022-12-22T09:30:10.197+0000] {dag.py:2676} INFO - Sync 6 DAGs
[2022-12-22T09:30:10.248+0000] {logging_mixin.py:137} INFO - [2022-12-22T09:30:10.248+0000] {dag.py:3427} INFO - Setting next_dagrun for dataset_consumes_1 to None, run_after=None
[2022-12-22T09:30:10.265+0000] {logging_mixin.py:137} INFO - [2022-12-22T09:30:10.264+0000] {dag.py:3427} INFO - Setting next_dagrun for dataset_consumes_1_and_2 to None, run_after=None
[2022-12-22T09:30:10.275+0000] {logging_mixin.py:137} INFO - [2022-12-22T09:30:10.274+0000] {dag.py:3427} INFO - Setting next_dagrun for dataset_consumes_1_never_scheduled to None, run_after=None
[2022-12-22T09:30:10.280+0000] {logging_mixin.py:137} INFO - [2022-12-22T09:30:10.280+0000] {dag.py:3427} INFO - Setting next_dagrun for dataset_consumes_unknown_never_scheduled to None, run_after=None
[2022-12-22T09:30:10.293+0000] {logging_mixin.py:137} INFO - [2022-12-22T09:30:10.293+0000] {dag.py:3427} INFO - Setting next_dagrun for dataset_produces_1 to 2022-12-21T00:00:00+00:00, run_after=2022-12-22T00:00:00+00:00
[2022-12-22T09:30:10.299+0000] {logging_mixin.py:137} INFO - [2022-12-22T09:30:10.298+0000] {dag.py:3427} INFO - Setting next_dagrun for dataset_produces_2 to None, run_after=None
[2022-12-22T09:30:10.354+0000] {processor.py:175} INFO - Processing /home/airflow/.local/lib/python3.7/site-packages/airflow/example_dags/example_datasets.py took 0.245 seconds
[2022-12-22T09:30:46.841+0000] {processor.py:153} INFO - Started process (PID=1171) to work on /home/airflow/.local/lib/python3.7/site-packages/airflow/example_dags/example_datasets.py
[2022-12-22T09:30:46.862+0000] {processor.py:743} INFO - Processing file /home/airflow/.local/lib/python3.7/site-packages/airflow/example_dags/example_datasets.py for tasks to queue
[2022-12-22T09:30:46.871+0000] {logging_mixin.py:137} INFO - [2022-12-22T09:30:46.871+0000] {dagbag.py:538} INFO - Filling up the DagBag from /home/airflow/.local/lib/python3.7/site-packages/airflow/example_dags/example_datasets.py
[2022-12-22T09:30:47.117+0000] {processor.py:753} INFO - DAG(s) dict_keys(['dataset_consumes_1_never_scheduled', 'dataset_produces_1', 'dataset_consumes_unknown_never_scheduled', 'dataset_consumes_1', 'dataset_consumes_1_and_2', 'dataset_produces_2']) retrieved from /home/airflow/.local/lib/python3.7/site-packages/airflow/example_dags/example_datasets.py
[2022-12-22T09:30:49.023+0000] {logging_mixin.py:137} INFO - [2022-12-22T09:30:49.019+0000] {dag.py:2676} INFO - Sync 6 DAGs
[2022-12-22T09:30:49.286+0000] {logging_mixin.py:137} INFO - [2022-12-22T09:30:49.285+0000] {dag.py:3427} INFO - Setting next_dagrun for dataset_consumes_1 to None, run_after=None
[2022-12-22T09:30:49.301+0000] {logging_mixin.py:137} INFO - [2022-12-22T09:30:49.301+0000] {dag.py:3427} INFO - Setting next_dagrun for dataset_consumes_1_and_2 to None, run_after=None
[2022-12-22T09:30:49.309+0000] {logging_mixin.py:137} INFO - [2022-12-22T09:30:49.309+0000] {dag.py:3427} INFO - Setting next_dagrun for dataset_consumes_1_never_scheduled to None, run_after=None
[2022-12-22T09:30:49.316+0000] {logging_mixin.py:137} INFO - [2022-12-22T09:30:49.316+0000] {dag.py:3427} INFO - Setting next_dagrun for dataset_consumes_unknown_never_scheduled to None, run_after=None
[2022-12-22T09:30:49.324+0000] {logging_mixin.py:137} INFO - [2022-12-22T09:30:49.324+0000] {dag.py:3427} INFO - Setting next_dagrun for dataset_produces_1 to 2022-12-21T00:00:00+00:00, run_after=2022-12-22T00:00:00+00:00
[2022-12-22T09:30:49.333+0000] {logging_mixin.py:137} INFO - [2022-12-22T09:30:49.332+0000] {dag.py:3427} INFO - Setting next_dagrun for dataset_produces_2 to None, run_after=None
[2022-12-22T09:30:49.465+0000] {processor.py:175} INFO - Processing /home/airflow/.local/lib/python3.7/site-packages/airflow/example_dags/example_datasets.py took 2.639 seconds
[2022-12-22T09:31:20.240+0000] {processor.py:153} INFO - Started process (PID=1231) to work on /home/airflow/.local/lib/python3.7/site-packages/airflow/example_dags/example_datasets.py
[2022-12-22T09:31:20.254+0000] {processor.py:743} INFO - Processing file /home/airflow/.local/lib/python3.7/site-packages/airflow/example_dags/example_datasets.py for tasks to queue
[2022-12-22T09:31:20.259+0000] {logging_mixin.py:137} INFO - [2022-12-22T09:31:20.258+0000] {dagbag.py:538} INFO - Filling up the DagBag from /home/airflow/.local/lib/python3.7/site-packages/airflow/example_dags/example_datasets.py
[2022-12-22T09:31:20.402+0000] {processor.py:753} INFO - DAG(s) dict_keys(['dataset_produces_1', 'dataset_consumes_1_never_scheduled', 'dataset_consumes_1_and_2', 'dataset_consumes_1', 'dataset_consumes_unknown_never_scheduled', 'dataset_produces_2']) retrieved from /home/airflow/.local/lib/python3.7/site-packages/airflow/example_dags/example_datasets.py
[2022-12-22T09:31:21.263+0000] {logging_mixin.py:137} INFO - [2022-12-22T09:31:21.261+0000] {dag.py:2676} INFO - Sync 6 DAGs
[2022-12-22T09:31:22.080+0000] {logging_mixin.py:137} INFO - [2022-12-22T09:31:22.079+0000] {dag.py:3427} INFO - Setting next_dagrun for dataset_consumes_1 to None, run_after=None
[2022-12-22T09:31:22.109+0000] {logging_mixin.py:137} INFO - [2022-12-22T09:31:22.109+0000] {dag.py:3427} INFO - Setting next_dagrun for dataset_consumes_1_and_2 to None, run_after=None
[2022-12-22T09:31:22.117+0000] {logging_mixin.py:137} INFO - [2022-12-22T09:31:22.116+0000] {dag.py:3427} INFO - Setting next_dagrun for dataset_consumes_1_never_scheduled to None, run_after=None
[2022-12-22T09:31:22.126+0000] {logging_mixin.py:137} INFO - [2022-12-22T09:31:22.126+0000] {dag.py:3427} INFO - Setting next_dagrun for dataset_consumes_unknown_never_scheduled to None, run_after=None
[2022-12-22T09:31:22.142+0000] {logging_mixin.py:137} INFO - [2022-12-22T09:31:22.141+0000] {dag.py:3427} INFO - Setting next_dagrun for dataset_produces_1 to 2022-12-21T00:00:00+00:00, run_after=2022-12-22T00:00:00+00:00
[2022-12-22T09:31:22.159+0000] {logging_mixin.py:137} INFO - [2022-12-22T09:31:22.159+0000] {dag.py:3427} INFO - Setting next_dagrun for dataset_produces_2 to None, run_after=None
[2022-12-22T09:31:22.453+0000] {processor.py:175} INFO - Processing /home/airflow/.local/lib/python3.7/site-packages/airflow/example_dags/example_datasets.py took 2.231 seconds
[2022-12-22T09:31:53.007+0000] {processor.py:153} INFO - Started process (PID=1291) to work on /home/airflow/.local/lib/python3.7/site-packages/airflow/example_dags/example_datasets.py
[2022-12-22T09:31:53.010+0000] {processor.py:743} INFO - Processing file /home/airflow/.local/lib/python3.7/site-packages/airflow/example_dags/example_datasets.py for tasks to queue
[2022-12-22T09:31:53.012+0000] {logging_mixin.py:137} INFO - [2022-12-22T09:31:53.012+0000] {dagbag.py:538} INFO - Filling up the DagBag from /home/airflow/.local/lib/python3.7/site-packages/airflow/example_dags/example_datasets.py
[2022-12-22T09:31:53.048+0000] {processor.py:753} INFO - DAG(s) dict_keys(['dataset_produces_1', 'dataset_consumes_1_and_2', 'dataset_consumes_1_never_scheduled', 'dataset_consumes_1', 'dataset_consumes_unknown_never_scheduled', 'dataset_produces_2']) retrieved from /home/airflow/.local/lib/python3.7/site-packages/airflow/example_dags/example_datasets.py
[2022-12-22T09:31:53.102+0000] {logging_mixin.py:137} INFO - [2022-12-22T09:31:53.101+0000] {dag.py:2676} INFO - Sync 6 DAGs
[2022-12-22T09:31:53.130+0000] {logging_mixin.py:137} INFO - [2022-12-22T09:31:53.130+0000] {dag.py:3427} INFO - Setting next_dagrun for dataset_consumes_1 to None, run_after=None
[2022-12-22T09:31:53.136+0000] {logging_mixin.py:137} INFO - [2022-12-22T09:31:53.136+0000] {dag.py:3427} INFO - Setting next_dagrun for dataset_consumes_1_and_2 to None, run_after=None
[2022-12-22T09:31:53.139+0000] {logging_mixin.py:137} INFO - [2022-12-22T09:31:53.139+0000] {dag.py:3427} INFO - Setting next_dagrun for dataset_consumes_1_never_scheduled to None, run_after=None
[2022-12-22T09:31:53.142+0000] {logging_mixin.py:137} INFO - [2022-12-22T09:31:53.142+0000] {dag.py:3427} INFO - Setting next_dagrun for dataset_consumes_unknown_never_scheduled to None, run_after=None
[2022-12-22T09:31:53.147+0000] {logging_mixin.py:137} INFO - [2022-12-22T09:31:53.147+0000] {dag.py:3427} INFO - Setting next_dagrun for dataset_produces_1 to 2022-12-21T00:00:00+00:00, run_after=2022-12-22T00:00:00+00:00
[2022-12-22T09:31:53.151+0000] {logging_mixin.py:137} INFO - [2022-12-22T09:31:53.151+0000] {dag.py:3427} INFO - Setting next_dagrun for dataset_produces_2 to None, run_after=None
[2022-12-22T09:31:53.193+0000] {processor.py:175} INFO - Processing /home/airflow/.local/lib/python3.7/site-packages/airflow/example_dags/example_datasets.py took 0.190 seconds
[2022-12-22T09:32:23.534+0000] {processor.py:153} INFO - Started process (PID=1359) to work on /home/airflow/.local/lib/python3.7/site-packages/airflow/example_dags/example_datasets.py
[2022-12-22T09:32:23.556+0000] {processor.py:743} INFO - Processing file /home/airflow/.local/lib/python3.7/site-packages/airflow/example_dags/example_datasets.py for tasks to queue
[2022-12-22T09:32:23.566+0000] {logging_mixin.py:137} INFO - [2022-12-22T09:32:23.566+0000] {dagbag.py:538} INFO - Filling up the DagBag from /home/airflow/.local/lib/python3.7/site-packages/airflow/example_dags/example_datasets.py
[2022-12-22T09:32:23.646+0000] {processor.py:753} INFO - DAG(s) dict_keys(['dataset_produces_2', 'dataset_produces_1', 'dataset_consumes_1_and_2', 'dataset_consumes_1', 'dataset_consumes_unknown_never_scheduled', 'dataset_consumes_1_never_scheduled']) retrieved from /home/airflow/.local/lib/python3.7/site-packages/airflow/example_dags/example_datasets.py
[2022-12-22T09:32:23.785+0000] {logging_mixin.py:137} INFO - [2022-12-22T09:32:23.785+0000] {dag.py:2676} INFO - Sync 6 DAGs
[2022-12-22T09:32:23.839+0000] {logging_mixin.py:137} INFO - [2022-12-22T09:32:23.839+0000] {dag.py:3427} INFO - Setting next_dagrun for dataset_consumes_1 to None, run_after=None
[2022-12-22T09:32:23.861+0000] {logging_mixin.py:137} INFO - [2022-12-22T09:32:23.861+0000] {dag.py:3427} INFO - Setting next_dagrun for dataset_consumes_1_and_2 to None, run_after=None
[2022-12-22T09:32:23.870+0000] {logging_mixin.py:137} INFO - [2022-12-22T09:32:23.870+0000] {dag.py:3427} INFO - Setting next_dagrun for dataset_consumes_1_never_scheduled to None, run_after=None
[2022-12-22T09:32:23.875+0000] {logging_mixin.py:137} INFO - [2022-12-22T09:32:23.875+0000] {dag.py:3427} INFO - Setting next_dagrun for dataset_consumes_unknown_never_scheduled to None, run_after=None
[2022-12-22T09:32:23.890+0000] {logging_mixin.py:137} INFO - [2022-12-22T09:32:23.890+0000] {dag.py:3427} INFO - Setting next_dagrun for dataset_produces_1 to 2022-12-21T00:00:00+00:00, run_after=2022-12-22T00:00:00+00:00
[2022-12-22T09:32:23.898+0000] {logging_mixin.py:137} INFO - [2022-12-22T09:32:23.898+0000] {dag.py:3427} INFO - Setting next_dagrun for dataset_produces_2 to None, run_after=None
[2022-12-22T09:32:23.953+0000] {processor.py:175} INFO - Processing /home/airflow/.local/lib/python3.7/site-packages/airflow/example_dags/example_datasets.py took 0.455 seconds
[2022-12-22T09:32:54.413+0000] {processor.py:153} INFO - Started process (PID=1423) to work on /home/airflow/.local/lib/python3.7/site-packages/airflow/example_dags/example_datasets.py
[2022-12-22T09:32:54.415+0000] {processor.py:743} INFO - Processing file /home/airflow/.local/lib/python3.7/site-packages/airflow/example_dags/example_datasets.py for tasks to queue
[2022-12-22T09:32:54.417+0000] {logging_mixin.py:137} INFO - [2022-12-22T09:32:54.417+0000] {dagbag.py:538} INFO - Filling up the DagBag from /home/airflow/.local/lib/python3.7/site-packages/airflow/example_dags/example_datasets.py
[2022-12-22T09:32:54.442+0000] {processor.py:753} INFO - DAG(s) dict_keys(['dataset_consumes_unknown_never_scheduled', 'dataset_produces_1', 'dataset_consumes_1_never_scheduled', 'dataset_consumes_1', 'dataset_produces_2', 'dataset_consumes_1_and_2']) retrieved from /home/airflow/.local/lib/python3.7/site-packages/airflow/example_dags/example_datasets.py
[2022-12-22T09:32:54.506+0000] {logging_mixin.py:137} INFO - [2022-12-22T09:32:54.506+0000] {dag.py:2676} INFO - Sync 6 DAGs
[2022-12-22T09:32:54.533+0000] {logging_mixin.py:137} INFO - [2022-12-22T09:32:54.533+0000] {dag.py:3427} INFO - Setting next_dagrun for dataset_consumes_1 to None, run_after=None
[2022-12-22T09:32:54.538+0000] {logging_mixin.py:137} INFO - [2022-12-22T09:32:54.538+0000] {dag.py:3427} INFO - Setting next_dagrun for dataset_consumes_1_and_2 to None, run_after=None
[2022-12-22T09:32:54.542+0000] {logging_mixin.py:137} INFO - [2022-12-22T09:32:54.542+0000] {dag.py:3427} INFO - Setting next_dagrun for dataset_consumes_1_never_scheduled to None, run_after=None
[2022-12-22T09:32:54.545+0000] {logging_mixin.py:137} INFO - [2022-12-22T09:32:54.545+0000] {dag.py:3427} INFO - Setting next_dagrun for dataset_consumes_unknown_never_scheduled to None, run_after=None
[2022-12-22T09:32:54.550+0000] {logging_mixin.py:137} INFO - [2022-12-22T09:32:54.549+0000] {dag.py:3427} INFO - Setting next_dagrun for dataset_produces_1 to 2022-12-21T00:00:00+00:00, run_after=2022-12-22T00:00:00+00:00
[2022-12-22T09:32:54.553+0000] {logging_mixin.py:137} INFO - [2022-12-22T09:32:54.552+0000] {dag.py:3427} INFO - Setting next_dagrun for dataset_produces_2 to None, run_after=None
[2022-12-22T09:32:54.586+0000] {processor.py:175} INFO - Processing /home/airflow/.local/lib/python3.7/site-packages/airflow/example_dags/example_datasets.py took 0.179 seconds
[2022-12-22T09:33:24.732+0000] {processor.py:153} INFO - Started process (PID=1486) to work on /home/airflow/.local/lib/python3.7/site-packages/airflow/example_dags/example_datasets.py
[2022-12-22T09:33:24.735+0000] {processor.py:743} INFO - Processing file /home/airflow/.local/lib/python3.7/site-packages/airflow/example_dags/example_datasets.py for tasks to queue
[2022-12-22T09:33:24.738+0000] {logging_mixin.py:137} INFO - [2022-12-22T09:33:24.738+0000] {dagbag.py:538} INFO - Filling up the DagBag from /home/airflow/.local/lib/python3.7/site-packages/airflow/example_dags/example_datasets.py
[2022-12-22T09:33:24.758+0000] {processor.py:753} INFO - DAG(s) dict_keys(['dataset_produces_1', 'dataset_consumes_1', 'dataset_consumes_unknown_never_scheduled', 'dataset_consumes_1_and_2', 'dataset_consumes_1_never_scheduled', 'dataset_produces_2']) retrieved from /home/airflow/.local/lib/python3.7/site-packages/airflow/example_dags/example_datasets.py
[2022-12-22T09:33:24.811+0000] {logging_mixin.py:137} INFO - [2022-12-22T09:33:24.811+0000] {dag.py:2676} INFO - Sync 6 DAGs
[2022-12-22T09:33:24.864+0000] {logging_mixin.py:137} INFO - [2022-12-22T09:33:24.864+0000] {dag.py:3427} INFO - Setting next_dagrun for dataset_consumes_1 to None, run_after=None
[2022-12-22T09:33:24.875+0000] {logging_mixin.py:137} INFO - [2022-12-22T09:33:24.875+0000] {dag.py:3427} INFO - Setting next_dagrun for dataset_consumes_1_and_2 to None, run_after=None
[2022-12-22T09:33:24.878+0000] {logging_mixin.py:137} INFO - [2022-12-22T09:33:24.878+0000] {dag.py:3427} INFO - Setting next_dagrun for dataset_consumes_1_never_scheduled to None, run_after=None
[2022-12-22T09:33:24.880+0000] {logging_mixin.py:137} INFO - [2022-12-22T09:33:24.880+0000] {dag.py:3427} INFO - Setting next_dagrun for dataset_consumes_unknown_never_scheduled to None, run_after=None
[2022-12-22T09:33:24.883+0000] {logging_mixin.py:137} INFO - [2022-12-22T09:33:24.883+0000] {dag.py:3427} INFO - Setting next_dagrun for dataset_produces_1 to 2022-12-21T00:00:00+00:00, run_after=2022-12-22T00:00:00+00:00
[2022-12-22T09:33:24.885+0000] {logging_mixin.py:137} INFO - [2022-12-22T09:33:24.885+0000] {dag.py:3427} INFO - Setting next_dagrun for dataset_produces_2 to None, run_after=None
[2022-12-22T09:33:24.933+0000] {processor.py:175} INFO - Processing /home/airflow/.local/lib/python3.7/site-packages/airflow/example_dags/example_datasets.py took 0.206 seconds
[2022-12-22T09:34:02.609+0000] {processor.py:153} INFO - Started process (PID=1548) to work on /home/airflow/.local/lib/python3.7/site-packages/airflow/example_dags/example_datasets.py
[2022-12-22T09:34:02.614+0000] {processor.py:743} INFO - Processing file /home/airflow/.local/lib/python3.7/site-packages/airflow/example_dags/example_datasets.py for tasks to queue
[2022-12-22T09:34:02.620+0000] {logging_mixin.py:137} INFO - [2022-12-22T09:34:02.620+0000] {dagbag.py:538} INFO - Filling up the DagBag from /home/airflow/.local/lib/python3.7/site-packages/airflow/example_dags/example_datasets.py
[2022-12-22T09:34:02.682+0000] {processor.py:753} INFO - DAG(s) dict_keys(['dataset_consumes_1_and_2', 'dataset_produces_1', 'dataset_consumes_1_never_scheduled', 'dataset_consumes_1', 'dataset_consumes_unknown_never_scheduled', 'dataset_produces_2']) retrieved from /home/airflow/.local/lib/python3.7/site-packages/airflow/example_dags/example_datasets.py
[2022-12-22T09:34:02.766+0000] {logging_mixin.py:137} INFO - [2022-12-22T09:34:02.766+0000] {dag.py:2676} INFO - Sync 6 DAGs
[2022-12-22T09:34:02.816+0000] {logging_mixin.py:137} INFO - [2022-12-22T09:34:02.816+0000] {dag.py:3427} INFO - Setting next_dagrun for dataset_consumes_1 to None, run_after=None
[2022-12-22T09:34:02.824+0000] {logging_mixin.py:137} INFO - [2022-12-22T09:34:02.823+0000] {dag.py:3427} INFO - Setting next_dagrun for dataset_consumes_1_and_2 to None, run_after=None
[2022-12-22T09:34:02.826+0000] {logging_mixin.py:137} INFO - [2022-12-22T09:34:02.826+0000] {dag.py:3427} INFO - Setting next_dagrun for dataset_consumes_1_never_scheduled to None, run_after=None
[2022-12-22T09:34:02.834+0000] {logging_mixin.py:137} INFO - [2022-12-22T09:34:02.834+0000] {dag.py:3427} INFO - Setting next_dagrun for dataset_consumes_unknown_never_scheduled to None, run_after=None
[2022-12-22T09:34:02.838+0000] {logging_mixin.py:137} INFO - [2022-12-22T09:34:02.838+0000] {dag.py:3427} INFO - Setting next_dagrun for dataset_produces_1 to 2022-12-21T00:00:00+00:00, run_after=2022-12-22T00:00:00+00:00
[2022-12-22T09:34:02.842+0000] {logging_mixin.py:137} INFO - [2022-12-22T09:34:02.842+0000] {dag.py:3427} INFO - Setting next_dagrun for dataset_produces_2 to None, run_after=None
[2022-12-22T09:34:02.999+0000] {processor.py:175} INFO - Processing /home/airflow/.local/lib/python3.7/site-packages/airflow/example_dags/example_datasets.py took 0.399 seconds
[2022-12-22T09:45:47.865+0000] {processor.py:153} INFO - Started process (PID=1672) to work on /home/airflow/.local/lib/python3.7/site-packages/airflow/example_dags/example_datasets.py
[2022-12-22T09:45:52.182+0000] {processor.py:743} INFO - Processing file /home/airflow/.local/lib/python3.7/site-packages/airflow/example_dags/example_datasets.py for tasks to queue
[2022-12-22T09:45:53.123+0000] {logging_mixin.py:137} INFO - [2022-12-22T09:45:52.907+0000] {dagbag.py:538} INFO - Filling up the DagBag from /home/airflow/.local/lib/python3.7/site-packages/airflow/example_dags/example_datasets.py
[2022-12-22T09:46:08.571+0000] {processor.py:753} INFO - DAG(s) dict_keys(['dataset_consumes_unknown_never_scheduled', 'dataset_consumes_1_never_scheduled', 'dataset_produces_2', 'dataset_produces_1', 'dataset_consumes_1', 'dataset_consumes_1_and_2']) retrieved from /home/airflow/.local/lib/python3.7/site-packages/airflow/example_dags/example_datasets.py
[2022-12-22T12:53:52.633+0000] {processor.py:153} INFO - Started process (PID=67) to work on /home/airflow/.local/lib/python3.7/site-packages/airflow/example_dags/example_datasets.py
[2022-12-22T12:53:52.645+0000] {processor.py:743} INFO - Processing file /home/airflow/.local/lib/python3.7/site-packages/airflow/example_dags/example_datasets.py for tasks to queue
[2022-12-22T12:53:52.689+0000] {logging_mixin.py:137} INFO - [2022-12-22T12:53:52.689+0000] {dagbag.py:538} INFO - Filling up the DagBag from /home/airflow/.local/lib/python3.7/site-packages/airflow/example_dags/example_datasets.py
[2022-12-22T12:53:57.050+0000] {processor.py:753} INFO - DAG(s) dict_keys(['dataset_produces_1', 'dataset_consumes_1_never_scheduled', 'dataset_produces_2', 'dataset_consumes_1_and_2', 'dataset_consumes_1', 'dataset_consumes_unknown_never_scheduled']) retrieved from /home/airflow/.local/lib/python3.7/site-packages/airflow/example_dags/example_datasets.py
[2022-12-22T12:54:01.401+0000] {logging_mixin.py:137} INFO - [2022-12-22T12:54:01.400+0000] {dag.py:2676} INFO - Sync 6 DAGs
[2022-12-22T12:54:05.424+0000] {logging_mixin.py:137} INFO - [2022-12-22T12:54:05.390+0000] {dag.py:3427} INFO - Setting next_dagrun for dataset_consumes_1 to None, run_after=None
[2022-12-22T12:54:05.536+0000] {logging_mixin.py:137} INFO - [2022-12-22T12:54:05.536+0000] {dag.py:3427} INFO - Setting next_dagrun for dataset_consumes_1_and_2 to None, run_after=None
[2022-12-22T12:54:05.568+0000] {logging_mixin.py:137} INFO - [2022-12-22T12:54:05.568+0000] {dag.py:3427} INFO - Setting next_dagrun for dataset_consumes_1_never_scheduled to None, run_after=None
[2022-12-22T12:54:05.585+0000] {logging_mixin.py:137} INFO - [2022-12-22T12:54:05.585+0000] {dag.py:3427} INFO - Setting next_dagrun for dataset_consumes_unknown_never_scheduled to None, run_after=None
[2022-12-22T12:54:05.736+0000] {logging_mixin.py:137} INFO - [2022-12-22T12:54:05.736+0000] {dag.py:3427} INFO - Setting next_dagrun for dataset_produces_1 to 2022-12-21T00:00:00+00:00, run_after=2022-12-22T00:00:00+00:00
[2022-12-22T12:54:05.749+0000] {logging_mixin.py:137} INFO - [2022-12-22T12:54:05.749+0000] {dag.py:3427} INFO - Setting next_dagrun for dataset_produces_2 to None, run_after=None
[2022-12-22T12:54:06.104+0000] {processor.py:175} INFO - Processing /home/airflow/.local/lib/python3.7/site-packages/airflow/example_dags/example_datasets.py took 13.780 seconds
[2022-12-22T13:29:16.456+0000] {processor.py:153} INFO - Started process (PID=57) to work on /home/airflow/.local/lib/python3.7/site-packages/airflow/example_dags/example_datasets.py
[2022-12-22T13:29:16.470+0000] {processor.py:743} INFO - Processing file /home/airflow/.local/lib/python3.7/site-packages/airflow/example_dags/example_datasets.py for tasks to queue
[2022-12-22T13:29:16.475+0000] {logging_mixin.py:137} INFO - [2022-12-22T13:29:16.475+0000] {dagbag.py:538} INFO - Filling up the DagBag from /home/airflow/.local/lib/python3.7/site-packages/airflow/example_dags/example_datasets.py
[2022-12-22T13:29:16.573+0000] {processor.py:753} INFO - DAG(s) dict_keys(['dataset_produces_1', 'dataset_consumes_1_never_scheduled', 'dataset_produces_2', 'dataset_consumes_unknown_never_scheduled', 'dataset_consumes_1', 'dataset_consumes_1_and_2']) retrieved from /home/airflow/.local/lib/python3.7/site-packages/airflow/example_dags/example_datasets.py
[2022-12-22T13:29:17.447+0000] {logging_mixin.py:137} INFO - [2022-12-22T13:29:17.446+0000] {dag.py:2676} INFO - Sync 6 DAGs
[2022-12-22T13:29:17.657+0000] {logging_mixin.py:137} INFO - [2022-12-22T13:29:17.657+0000] {dag.py:3427} INFO - Setting next_dagrun for dataset_consumes_1 to None, run_after=None
[2022-12-22T13:29:17.687+0000] {logging_mixin.py:137} INFO - [2022-12-22T13:29:17.687+0000] {dag.py:3427} INFO - Setting next_dagrun for dataset_consumes_1_and_2 to None, run_after=None
[2022-12-22T13:29:17.700+0000] {logging_mixin.py:137} INFO - [2022-12-22T13:29:17.692+0000] {dag.py:3427} INFO - Setting next_dagrun for dataset_consumes_1_never_scheduled to None, run_after=None
[2022-12-22T13:29:17.710+0000] {logging_mixin.py:137} INFO - [2022-12-22T13:29:17.710+0000] {dag.py:3427} INFO - Setting next_dagrun for dataset_consumes_unknown_never_scheduled to None, run_after=None
[2022-12-22T13:29:17.734+0000] {logging_mixin.py:137} INFO - [2022-12-22T13:29:17.734+0000] {dag.py:3427} INFO - Setting next_dagrun for dataset_produces_1 to 2022-12-21T00:00:00+00:00, run_after=2022-12-22T00:00:00+00:00
[2022-12-22T13:29:17.745+0000] {logging_mixin.py:137} INFO - [2022-12-22T13:29:17.745+0000] {dag.py:3427} INFO - Setting next_dagrun for dataset_produces_2 to None, run_after=None
[2022-12-22T13:29:17.981+0000] {processor.py:175} INFO - Processing /home/airflow/.local/lib/python3.7/site-packages/airflow/example_dags/example_datasets.py took 1.528 seconds
[2022-12-22T13:29:48.902+0000] {processor.py:153} INFO - Started process (PID=132) to work on /home/airflow/.local/lib/python3.7/site-packages/airflow/example_dags/example_datasets.py
[2022-12-22T13:29:48.904+0000] {processor.py:743} INFO - Processing file /home/airflow/.local/lib/python3.7/site-packages/airflow/example_dags/example_datasets.py for tasks to queue
[2022-12-22T13:29:48.906+0000] {logging_mixin.py:137} INFO - [2022-12-22T13:29:48.906+0000] {dagbag.py:538} INFO - Filling up the DagBag from /home/airflow/.local/lib/python3.7/site-packages/airflow/example_dags/example_datasets.py
[2022-12-22T13:29:48.972+0000] {processor.py:753} INFO - DAG(s) dict_keys(['dataset_consumes_1', 'dataset_consumes_unknown_never_scheduled', 'dataset_consumes_1_never_scheduled', 'dataset_consumes_1_and_2', 'dataset_produces_2', 'dataset_produces_1']) retrieved from /home/airflow/.local/lib/python3.7/site-packages/airflow/example_dags/example_datasets.py
[2022-12-22T13:29:49.067+0000] {logging_mixin.py:137} INFO - [2022-12-22T13:29:49.067+0000] {dag.py:2676} INFO - Sync 6 DAGs
[2022-12-22T13:29:49.410+0000] {logging_mixin.py:137} INFO - [2022-12-22T13:29:49.409+0000] {dag.py:3427} INFO - Setting next_dagrun for dataset_consumes_1 to None, run_after=None
[2022-12-22T13:29:49.494+0000] {logging_mixin.py:137} INFO - [2022-12-22T13:29:49.449+0000] {dag.py:3427} INFO - Setting next_dagrun for dataset_consumes_1_and_2 to None, run_after=None
[2022-12-22T13:29:49.515+0000] {logging_mixin.py:137} INFO - [2022-12-22T13:29:49.515+0000] {dag.py:3427} INFO - Setting next_dagrun for dataset_consumes_1_never_scheduled to None, run_after=None
[2022-12-22T13:29:49.520+0000] {logging_mixin.py:137} INFO - [2022-12-22T13:29:49.520+0000] {dag.py:3427} INFO - Setting next_dagrun for dataset_consumes_unknown_never_scheduled to None, run_after=None
[2022-12-22T13:29:49.539+0000] {logging_mixin.py:137} INFO - [2022-12-22T13:29:49.539+0000] {dag.py:3427} INFO - Setting next_dagrun for dataset_produces_1 to 2022-12-21T00:00:00+00:00, run_after=2022-12-22T00:00:00+00:00
[2022-12-22T13:29:49.543+0000] {logging_mixin.py:137} INFO - [2022-12-22T13:29:49.543+0000] {dag.py:3427} INFO - Setting next_dagrun for dataset_produces_2 to None, run_after=None
[2022-12-22T13:29:49.688+0000] {processor.py:175} INFO - Processing /home/airflow/.local/lib/python3.7/site-packages/airflow/example_dags/example_datasets.py took 0.795 seconds
[2022-12-22T13:30:20.351+0000] {processor.py:153} INFO - Started process (PID=195) to work on /home/airflow/.local/lib/python3.7/site-packages/airflow/example_dags/example_datasets.py
[2022-12-22T13:30:20.356+0000] {processor.py:743} INFO - Processing file /home/airflow/.local/lib/python3.7/site-packages/airflow/example_dags/example_datasets.py for tasks to queue
[2022-12-22T13:30:20.358+0000] {logging_mixin.py:137} INFO - [2022-12-22T13:30:20.358+0000] {dagbag.py:538} INFO - Filling up the DagBag from /home/airflow/.local/lib/python3.7/site-packages/airflow/example_dags/example_datasets.py
[2022-12-22T13:30:20.389+0000] {processor.py:753} INFO - DAG(s) dict_keys(['dataset_produces_1', 'dataset_consumes_1', 'dataset_consumes_1_never_scheduled', 'dataset_produces_2', 'dataset_consumes_unknown_never_scheduled', 'dataset_consumes_1_and_2']) retrieved from /home/airflow/.local/lib/python3.7/site-packages/airflow/example_dags/example_datasets.py
[2022-12-22T13:30:20.451+0000] {logging_mixin.py:137} INFO - [2022-12-22T13:30:20.451+0000] {dag.py:2676} INFO - Sync 6 DAGs
[2022-12-22T13:30:20.478+0000] {logging_mixin.py:137} INFO - [2022-12-22T13:30:20.478+0000] {dag.py:3427} INFO - Setting next_dagrun for dataset_consumes_1 to None, run_after=None
[2022-12-22T13:30:20.484+0000] {logging_mixin.py:137} INFO - [2022-12-22T13:30:20.484+0000] {dag.py:3427} INFO - Setting next_dagrun for dataset_consumes_1_and_2 to None, run_after=None
[2022-12-22T13:30:20.487+0000] {logging_mixin.py:137} INFO - [2022-12-22T13:30:20.487+0000] {dag.py:3427} INFO - Setting next_dagrun for dataset_consumes_1_never_scheduled to None, run_after=None
[2022-12-22T13:30:20.490+0000] {logging_mixin.py:137} INFO - [2022-12-22T13:30:20.489+0000] {dag.py:3427} INFO - Setting next_dagrun for dataset_consumes_unknown_never_scheduled to None, run_after=None
[2022-12-22T13:30:20.493+0000] {logging_mixin.py:137} INFO - [2022-12-22T13:30:20.493+0000] {dag.py:3427} INFO - Setting next_dagrun for dataset_produces_1 to 2022-12-21T00:00:00+00:00, run_after=2022-12-22T00:00:00+00:00
[2022-12-22T13:30:20.496+0000] {logging_mixin.py:137} INFO - [2022-12-22T13:30:20.496+0000] {dag.py:3427} INFO - Setting next_dagrun for dataset_produces_2 to None, run_after=None
[2022-12-22T13:30:20.540+0000] {processor.py:175} INFO - Processing /home/airflow/.local/lib/python3.7/site-packages/airflow/example_dags/example_datasets.py took 0.199 seconds
[2022-12-22T13:30:50.747+0000] {processor.py:153} INFO - Started process (PID=261) to work on /home/airflow/.local/lib/python3.7/site-packages/airflow/example_dags/example_datasets.py
[2022-12-22T13:30:50.749+0000] {processor.py:743} INFO - Processing file /home/airflow/.local/lib/python3.7/site-packages/airflow/example_dags/example_datasets.py for tasks to queue
[2022-12-22T13:30:50.751+0000] {logging_mixin.py:137} INFO - [2022-12-22T13:30:50.751+0000] {dagbag.py:538} INFO - Filling up the DagBag from /home/airflow/.local/lib/python3.7/site-packages/airflow/example_dags/example_datasets.py
[2022-12-22T13:30:50.786+0000] {processor.py:753} INFO - DAG(s) dict_keys(['dataset_produces_2', 'dataset_consumes_unknown_never_scheduled', 'dataset_consumes_1_never_scheduled', 'dataset_consumes_1', 'dataset_produces_1', 'dataset_consumes_1_and_2']) retrieved from /home/airflow/.local/lib/python3.7/site-packages/airflow/example_dags/example_datasets.py
[2022-12-22T13:30:50.872+0000] {logging_mixin.py:137} INFO - [2022-12-22T13:30:50.871+0000] {dag.py:2676} INFO - Sync 6 DAGs
[2022-12-22T13:30:50.907+0000] {logging_mixin.py:137} INFO - [2022-12-22T13:30:50.907+0000] {dag.py:3427} INFO - Setting next_dagrun for dataset_consumes_1 to None, run_after=None
[2022-12-22T13:30:50.912+0000] {logging_mixin.py:137} INFO - [2022-12-22T13:30:50.911+0000] {dag.py:3427} INFO - Setting next_dagrun for dataset_consumes_1_and_2 to None, run_after=None
[2022-12-22T13:30:50.914+0000] {logging_mixin.py:137} INFO - [2022-12-22T13:30:50.914+0000] {dag.py:3427} INFO - Setting next_dagrun for dataset_consumes_1_never_scheduled to None, run_after=None
[2022-12-22T13:30:50.916+0000] {logging_mixin.py:137} INFO - [2022-12-22T13:30:50.916+0000] {dag.py:3427} INFO - Setting next_dagrun for dataset_consumes_unknown_never_scheduled to None, run_after=None
[2022-12-22T13:30:50.920+0000] {logging_mixin.py:137} INFO - [2022-12-22T13:30:50.920+0000] {dag.py:3427} INFO - Setting next_dagrun for dataset_produces_1 to 2022-12-21T00:00:00+00:00, run_after=2022-12-22T00:00:00+00:00
[2022-12-22T13:30:50.922+0000] {logging_mixin.py:137} INFO - [2022-12-22T13:30:50.922+0000] {dag.py:3427} INFO - Setting next_dagrun for dataset_produces_2 to None, run_after=None
[2022-12-22T13:30:50.966+0000] {processor.py:175} INFO - Processing /home/airflow/.local/lib/python3.7/site-packages/airflow/example_dags/example_datasets.py took 0.225 seconds
[2022-12-22T13:31:21.870+0000] {processor.py:153} INFO - Started process (PID=342) to work on /home/airflow/.local/lib/python3.7/site-packages/airflow/example_dags/example_datasets.py
[2022-12-22T13:31:21.874+0000] {processor.py:743} INFO - Processing file /home/airflow/.local/lib/python3.7/site-packages/airflow/example_dags/example_datasets.py for tasks to queue
[2022-12-22T13:31:21.876+0000] {logging_mixin.py:137} INFO - [2022-12-22T13:31:21.876+0000] {dagbag.py:538} INFO - Filling up the DagBag from /home/airflow/.local/lib/python3.7/site-packages/airflow/example_dags/example_datasets.py
[2022-12-22T13:31:21.904+0000] {processor.py:753} INFO - DAG(s) dict_keys(['dataset_produces_1', 'dataset_consumes_1', 'dataset_consumes_1_never_scheduled', 'dataset_produces_2', 'dataset_consumes_unknown_never_scheduled', 'dataset_consumes_1_and_2']) retrieved from /home/airflow/.local/lib/python3.7/site-packages/airflow/example_dags/example_datasets.py
[2022-12-22T13:31:21.963+0000] {logging_mixin.py:137} INFO - [2022-12-22T13:31:21.963+0000] {dag.py:2676} INFO - Sync 6 DAGs
[2022-12-22T13:31:21.989+0000] {logging_mixin.py:137} INFO - [2022-12-22T13:31:21.988+0000] {dag.py:3427} INFO - Setting next_dagrun for dataset_consumes_1 to None, run_after=None
[2022-12-22T13:31:21.998+0000] {logging_mixin.py:137} INFO - [2022-12-22T13:31:21.998+0000] {dag.py:3427} INFO - Setting next_dagrun for dataset_consumes_1_and_2 to None, run_after=None
[2022-12-22T13:31:22.001+0000] {logging_mixin.py:137} INFO - [2022-12-22T13:31:22.001+0000] {dag.py:3427} INFO - Setting next_dagrun for dataset_consumes_1_never_scheduled to None, run_after=None
[2022-12-22T13:31:22.009+0000] {logging_mixin.py:137} INFO - [2022-12-22T13:31:22.008+0000] {dag.py:3427} INFO - Setting next_dagrun for dataset_consumes_unknown_never_scheduled to None, run_after=None
[2022-12-22T13:31:22.011+0000] {logging_mixin.py:137} INFO - [2022-12-22T13:31:22.011+0000] {dag.py:3427} INFO - Setting next_dagrun for dataset_produces_1 to 2022-12-21T00:00:00+00:00, run_after=2022-12-22T00:00:00+00:00
[2022-12-22T13:31:22.013+0000] {logging_mixin.py:137} INFO - [2022-12-22T13:31:22.013+0000] {dag.py:3427} INFO - Setting next_dagrun for dataset_produces_2 to None, run_after=None
[2022-12-22T13:31:22.064+0000] {processor.py:175} INFO - Processing /home/airflow/.local/lib/python3.7/site-packages/airflow/example_dags/example_datasets.py took 0.199 seconds
[2022-12-22T13:31:52.628+0000] {processor.py:153} INFO - Started process (PID=411) to work on /home/airflow/.local/lib/python3.7/site-packages/airflow/example_dags/example_datasets.py
[2022-12-22T13:31:52.634+0000] {processor.py:743} INFO - Processing file /home/airflow/.local/lib/python3.7/site-packages/airflow/example_dags/example_datasets.py for tasks to queue
[2022-12-22T13:31:52.635+0000] {logging_mixin.py:137} INFO - [2022-12-22T13:31:52.635+0000] {dagbag.py:538} INFO - Filling up the DagBag from /home/airflow/.local/lib/python3.7/site-packages/airflow/example_dags/example_datasets.py
[2022-12-22T13:31:52.670+0000] {processor.py:753} INFO - DAG(s) dict_keys(['dataset_produces_2', 'dataset_consumes_1_and_2', 'dataset_consumes_1', 'dataset_consumes_unknown_never_scheduled', 'dataset_produces_1', 'dataset_consumes_1_never_scheduled']) retrieved from /home/airflow/.local/lib/python3.7/site-packages/airflow/example_dags/example_datasets.py
[2022-12-22T13:31:52.727+0000] {logging_mixin.py:137} INFO - [2022-12-22T13:31:52.727+0000] {dag.py:2676} INFO - Sync 6 DAGs
[2022-12-22T13:31:52.746+0000] {logging_mixin.py:137} INFO - [2022-12-22T13:31:52.745+0000] {dag.py:3427} INFO - Setting next_dagrun for dataset_consumes_1 to None, run_after=None
[2022-12-22T13:31:52.751+0000] {logging_mixin.py:137} INFO - [2022-12-22T13:31:52.751+0000] {dag.py:3427} INFO - Setting next_dagrun for dataset_consumes_1_and_2 to None, run_after=None
[2022-12-22T13:31:52.753+0000] {logging_mixin.py:137} INFO - [2022-12-22T13:31:52.753+0000] {dag.py:3427} INFO - Setting next_dagrun for dataset_consumes_1_never_scheduled to None, run_after=None
[2022-12-22T13:31:52.755+0000] {logging_mixin.py:137} INFO - [2022-12-22T13:31:52.755+0000] {dag.py:3427} INFO - Setting next_dagrun for dataset_consumes_unknown_never_scheduled to None, run_after=None
[2022-12-22T13:31:52.757+0000] {logging_mixin.py:137} INFO - [2022-12-22T13:31:52.757+0000] {dag.py:3427} INFO - Setting next_dagrun for dataset_produces_1 to 2022-12-21T00:00:00+00:00, run_after=2022-12-22T00:00:00+00:00
[2022-12-22T13:31:52.759+0000] {logging_mixin.py:137} INFO - [2022-12-22T13:31:52.759+0000] {dag.py:3427} INFO - Setting next_dagrun for dataset_produces_2 to None, run_after=None
[2022-12-22T13:31:52.781+0000] {processor.py:175} INFO - Processing /home/airflow/.local/lib/python3.7/site-packages/airflow/example_dags/example_datasets.py took 0.161 seconds
