[2022-12-22T09:20:51.358+0000] {processor.py:153} INFO - Started process (PID=86) to work on /home/airflow/.local/lib/python3.7/site-packages/airflow/example_dags/example_sensors.py
[2022-12-22T09:20:51.363+0000] {processor.py:743} INFO - Processing file /home/airflow/.local/lib/python3.7/site-packages/airflow/example_dags/example_sensors.py for tasks to queue
[2022-12-22T09:20:51.367+0000] {logging_mixin.py:137} INFO - [2022-12-22T09:20:51.367+0000] {dagbag.py:538} INFO - Filling up the DagBag from /home/airflow/.local/lib/python3.7/site-packages/airflow/example_dags/example_sensors.py
[2022-12-22T09:20:51.393+0000] {processor.py:753} INFO - DAG(s) dict_keys(['example_sensors']) retrieved from /home/airflow/.local/lib/python3.7/site-packages/airflow/example_dags/example_sensors.py
[2022-12-22T09:20:51.423+0000] {logging_mixin.py:137} INFO - [2022-12-22T09:20:51.423+0000] {dag.py:2676} INFO - Sync 1 DAGs
[2022-12-22T09:20:51.453+0000] {logging_mixin.py:137} INFO - [2022-12-22T09:20:51.453+0000] {dag.py:3427} INFO - Setting next_dagrun for example_sensors to None, run_after=None
[2022-12-22T09:20:51.482+0000] {processor.py:175} INFO - Processing /home/airflow/.local/lib/python3.7/site-packages/airflow/example_dags/example_sensors.py took 0.128 seconds
[2022-12-22T09:21:21.775+0000] {processor.py:153} INFO - Started process (PID=148) to work on /home/airflow/.local/lib/python3.7/site-packages/airflow/example_dags/example_sensors.py
[2022-12-22T09:21:21.777+0000] {processor.py:743} INFO - Processing file /home/airflow/.local/lib/python3.7/site-packages/airflow/example_dags/example_sensors.py for tasks to queue
[2022-12-22T09:21:21.785+0000] {logging_mixin.py:137} INFO - [2022-12-22T09:21:21.784+0000] {dagbag.py:538} INFO - Filling up the DagBag from /home/airflow/.local/lib/python3.7/site-packages/airflow/example_dags/example_sensors.py
[2022-12-22T09:21:21.846+0000] {processor.py:753} INFO - DAG(s) dict_keys(['example_sensors']) retrieved from /home/airflow/.local/lib/python3.7/site-packages/airflow/example_dags/example_sensors.py
[2022-12-22T09:21:21.922+0000] {logging_mixin.py:137} INFO - [2022-12-22T09:21:21.921+0000] {dag.py:2676} INFO - Sync 1 DAGs
[2022-12-22T09:21:21.970+0000] {logging_mixin.py:137} INFO - [2022-12-22T09:21:21.970+0000] {dag.py:3427} INFO - Setting next_dagrun for example_sensors to None, run_after=None
[2022-12-22T09:21:22.017+0000] {processor.py:175} INFO - Processing /home/airflow/.local/lib/python3.7/site-packages/airflow/example_dags/example_sensors.py took 0.251 seconds
[2022-12-22T09:22:09.268+0000] {processor.py:153} INFO - Started process (PID=232) to work on /home/airflow/.local/lib/python3.7/site-packages/airflow/example_dags/example_sensors.py
[2022-12-22T09:22:09.271+0000] {processor.py:743} INFO - Processing file /home/airflow/.local/lib/python3.7/site-packages/airflow/example_dags/example_sensors.py for tasks to queue
[2022-12-22T09:22:09.273+0000] {logging_mixin.py:137} INFO - [2022-12-22T09:22:09.273+0000] {dagbag.py:538} INFO - Filling up the DagBag from /home/airflow/.local/lib/python3.7/site-packages/airflow/example_dags/example_sensors.py
[2022-12-22T09:22:09.308+0000] {processor.py:753} INFO - DAG(s) dict_keys(['example_sensors']) retrieved from /home/airflow/.local/lib/python3.7/site-packages/airflow/example_dags/example_sensors.py
[2022-12-22T09:22:09.363+0000] {logging_mixin.py:137} INFO - [2022-12-22T09:22:09.363+0000] {dag.py:2676} INFO - Sync 1 DAGs
[2022-12-22T09:22:09.395+0000] {logging_mixin.py:137} INFO - [2022-12-22T09:22:09.395+0000] {dag.py:3427} INFO - Setting next_dagrun for example_sensors to None, run_after=None
[2022-12-22T09:22:09.443+0000] {processor.py:175} INFO - Processing /home/airflow/.local/lib/python3.7/site-packages/airflow/example_dags/example_sensors.py took 0.178 seconds
[2022-12-22T09:22:47.191+0000] {processor.py:153} INFO - Started process (PID=305) to work on /home/airflow/.local/lib/python3.7/site-packages/airflow/example_dags/example_sensors.py
[2022-12-22T09:22:47.235+0000] {processor.py:743} INFO - Processing file /home/airflow/.local/lib/python3.7/site-packages/airflow/example_dags/example_sensors.py for tasks to queue
[2022-12-22T09:22:47.247+0000] {logging_mixin.py:137} INFO - [2022-12-22T09:22:47.246+0000] {dagbag.py:538} INFO - Filling up the DagBag from /home/airflow/.local/lib/python3.7/site-packages/airflow/example_dags/example_sensors.py
[2022-12-22T09:22:47.961+0000] {processor.py:753} INFO - DAG(s) dict_keys(['example_sensors']) retrieved from /home/airflow/.local/lib/python3.7/site-packages/airflow/example_dags/example_sensors.py
[2022-12-22T09:22:48.950+0000] {logging_mixin.py:137} INFO - [2022-12-22T09:22:48.949+0000] {dag.py:2676} INFO - Sync 1 DAGs
[2022-12-22T09:22:49.066+0000] {logging_mixin.py:137} INFO - [2022-12-22T09:22:49.066+0000] {dag.py:3427} INFO - Setting next_dagrun for example_sensors to None, run_after=None
[2022-12-22T09:22:49.124+0000] {processor.py:175} INFO - Processing /home/airflow/.local/lib/python3.7/site-packages/airflow/example_dags/example_sensors.py took 2.137 seconds
[2022-12-22T09:23:20.663+0000] {processor.py:153} INFO - Started process (PID=376) to work on /home/airflow/.local/lib/python3.7/site-packages/airflow/example_dags/example_sensors.py
[2022-12-22T09:23:20.672+0000] {processor.py:743} INFO - Processing file /home/airflow/.local/lib/python3.7/site-packages/airflow/example_dags/example_sensors.py for tasks to queue
[2022-12-22T09:23:20.678+0000] {logging_mixin.py:137} INFO - [2022-12-22T09:23:20.677+0000] {dagbag.py:538} INFO - Filling up the DagBag from /home/airflow/.local/lib/python3.7/site-packages/airflow/example_dags/example_sensors.py
[2022-12-22T09:23:20.715+0000] {processor.py:753} INFO - DAG(s) dict_keys(['example_sensors']) retrieved from /home/airflow/.local/lib/python3.7/site-packages/airflow/example_dags/example_sensors.py
[2022-12-22T09:23:20.763+0000] {logging_mixin.py:137} INFO - [2022-12-22T09:23:20.763+0000] {dag.py:2676} INFO - Sync 1 DAGs
[2022-12-22T09:23:20.788+0000] {logging_mixin.py:137} INFO - [2022-12-22T09:23:20.788+0000] {dag.py:3427} INFO - Setting next_dagrun for example_sensors to None, run_after=None
[2022-12-22T09:23:20.812+0000] {processor.py:175} INFO - Processing /home/airflow/.local/lib/python3.7/site-packages/airflow/example_dags/example_sensors.py took 0.151 seconds
[2022-12-22T09:23:51.340+0000] {processor.py:153} INFO - Started process (PID=440) to work on /home/airflow/.local/lib/python3.7/site-packages/airflow/example_dags/example_sensors.py
[2022-12-22T09:23:51.344+0000] {processor.py:743} INFO - Processing file /home/airflow/.local/lib/python3.7/site-packages/airflow/example_dags/example_sensors.py for tasks to queue
[2022-12-22T09:23:51.345+0000] {logging_mixin.py:137} INFO - [2022-12-22T09:23:51.345+0000] {dagbag.py:538} INFO - Filling up the DagBag from /home/airflow/.local/lib/python3.7/site-packages/airflow/example_dags/example_sensors.py
[2022-12-22T09:23:51.406+0000] {processor.py:753} INFO - DAG(s) dict_keys(['example_sensors']) retrieved from /home/airflow/.local/lib/python3.7/site-packages/airflow/example_dags/example_sensors.py
[2022-12-22T09:23:51.438+0000] {logging_mixin.py:137} INFO - [2022-12-22T09:23:51.438+0000] {dag.py:2676} INFO - Sync 1 DAGs
[2022-12-22T09:23:51.462+0000] {logging_mixin.py:137} INFO - [2022-12-22T09:23:51.462+0000] {dag.py:3427} INFO - Setting next_dagrun for example_sensors to None, run_after=None
[2022-12-22T09:23:51.495+0000] {processor.py:175} INFO - Processing /home/airflow/.local/lib/python3.7/site-packages/airflow/example_dags/example_sensors.py took 0.161 seconds
[2022-12-22T09:24:21.610+0000] {processor.py:153} INFO - Started process (PID=503) to work on /home/airflow/.local/lib/python3.7/site-packages/airflow/example_dags/example_sensors.py
[2022-12-22T09:24:21.620+0000] {processor.py:743} INFO - Processing file /home/airflow/.local/lib/python3.7/site-packages/airflow/example_dags/example_sensors.py for tasks to queue
[2022-12-22T09:24:21.622+0000] {logging_mixin.py:137} INFO - [2022-12-22T09:24:21.621+0000] {dagbag.py:538} INFO - Filling up the DagBag from /home/airflow/.local/lib/python3.7/site-packages/airflow/example_dags/example_sensors.py
[2022-12-22T09:24:21.663+0000] {processor.py:753} INFO - DAG(s) dict_keys(['example_sensors']) retrieved from /home/airflow/.local/lib/python3.7/site-packages/airflow/example_dags/example_sensors.py
[2022-12-22T09:24:21.700+0000] {logging_mixin.py:137} INFO - [2022-12-22T09:24:21.700+0000] {dag.py:2676} INFO - Sync 1 DAGs
[2022-12-22T09:24:21.730+0000] {logging_mixin.py:137} INFO - [2022-12-22T09:24:21.730+0000] {dag.py:3427} INFO - Setting next_dagrun for example_sensors to None, run_after=None
[2022-12-22T09:24:21.761+0000] {processor.py:175} INFO - Processing /home/airflow/.local/lib/python3.7/site-packages/airflow/example_dags/example_sensors.py took 0.154 seconds
[2022-12-22T09:24:52.476+0000] {processor.py:153} INFO - Started process (PID=566) to work on /home/airflow/.local/lib/python3.7/site-packages/airflow/example_dags/example_sensors.py
[2022-12-22T09:24:52.478+0000] {processor.py:743} INFO - Processing file /home/airflow/.local/lib/python3.7/site-packages/airflow/example_dags/example_sensors.py for tasks to queue
[2022-12-22T09:24:52.479+0000] {logging_mixin.py:137} INFO - [2022-12-22T09:24:52.479+0000] {dagbag.py:538} INFO - Filling up the DagBag from /home/airflow/.local/lib/python3.7/site-packages/airflow/example_dags/example_sensors.py
[2022-12-22T09:24:52.494+0000] {processor.py:753} INFO - DAG(s) dict_keys(['example_sensors']) retrieved from /home/airflow/.local/lib/python3.7/site-packages/airflow/example_dags/example_sensors.py
[2022-12-22T09:24:52.525+0000] {logging_mixin.py:137} INFO - [2022-12-22T09:24:52.524+0000] {dag.py:2676} INFO - Sync 1 DAGs
[2022-12-22T09:24:52.548+0000] {logging_mixin.py:137} INFO - [2022-12-22T09:24:52.548+0000] {dag.py:3427} INFO - Setting next_dagrun for example_sensors to None, run_after=None
[2022-12-22T09:24:52.561+0000] {processor.py:175} INFO - Processing /home/airflow/.local/lib/python3.7/site-packages/airflow/example_dags/example_sensors.py took 0.088 seconds
[2022-12-22T09:25:26.628+0000] {processor.py:153} INFO - Started process (PID=630) to work on /home/airflow/.local/lib/python3.7/site-packages/airflow/example_dags/example_sensors.py
[2022-12-22T09:25:26.647+0000] {processor.py:743} INFO - Processing file /home/airflow/.local/lib/python3.7/site-packages/airflow/example_dags/example_sensors.py for tasks to queue
[2022-12-22T09:25:26.648+0000] {logging_mixin.py:137} INFO - [2022-12-22T09:25:26.648+0000] {dagbag.py:538} INFO - Filling up the DagBag from /home/airflow/.local/lib/python3.7/site-packages/airflow/example_dags/example_sensors.py
[2022-12-22T09:25:26.710+0000] {processor.py:753} INFO - DAG(s) dict_keys(['example_sensors']) retrieved from /home/airflow/.local/lib/python3.7/site-packages/airflow/example_dags/example_sensors.py
[2022-12-22T09:25:26.754+0000] {logging_mixin.py:137} INFO - [2022-12-22T09:25:26.754+0000] {dag.py:2676} INFO - Sync 1 DAGs
[2022-12-22T09:25:26.771+0000] {logging_mixin.py:137} INFO - [2022-12-22T09:25:26.771+0000] {dag.py:3427} INFO - Setting next_dagrun for example_sensors to None, run_after=None
[2022-12-22T09:25:26.794+0000] {processor.py:175} INFO - Processing /home/airflow/.local/lib/python3.7/site-packages/airflow/example_dags/example_sensors.py took 0.168 seconds
[2022-12-22T09:25:57.303+0000] {processor.py:153} INFO - Started process (PID=692) to work on /home/airflow/.local/lib/python3.7/site-packages/airflow/example_dags/example_sensors.py
[2022-12-22T09:25:57.305+0000] {processor.py:743} INFO - Processing file /home/airflow/.local/lib/python3.7/site-packages/airflow/example_dags/example_sensors.py for tasks to queue
[2022-12-22T09:25:57.306+0000] {logging_mixin.py:137} INFO - [2022-12-22T09:25:57.306+0000] {dagbag.py:538} INFO - Filling up the DagBag from /home/airflow/.local/lib/python3.7/site-packages/airflow/example_dags/example_sensors.py
[2022-12-22T09:25:57.319+0000] {processor.py:753} INFO - DAG(s) dict_keys(['example_sensors']) retrieved from /home/airflow/.local/lib/python3.7/site-packages/airflow/example_dags/example_sensors.py
[2022-12-22T09:25:57.348+0000] {logging_mixin.py:137} INFO - [2022-12-22T09:25:57.347+0000] {dag.py:2676} INFO - Sync 1 DAGs
[2022-12-22T09:25:57.366+0000] {logging_mixin.py:137} INFO - [2022-12-22T09:25:57.366+0000] {dag.py:3427} INFO - Setting next_dagrun for example_sensors to None, run_after=None
[2022-12-22T09:25:57.379+0000] {processor.py:175} INFO - Processing /home/airflow/.local/lib/python3.7/site-packages/airflow/example_dags/example_sensors.py took 0.077 seconds
[2022-12-22T09:27:41.519+0000] {processor.py:153} INFO - Started process (PID=807) to work on /home/airflow/.local/lib/python3.7/site-packages/airflow/example_dags/example_sensors.py
[2022-12-22T09:27:41.531+0000] {processor.py:743} INFO - Processing file /home/airflow/.local/lib/python3.7/site-packages/airflow/example_dags/example_sensors.py for tasks to queue
[2022-12-22T09:27:41.537+0000] {logging_mixin.py:137} INFO - [2022-12-22T09:27:41.537+0000] {dagbag.py:538} INFO - Filling up the DagBag from /home/airflow/.local/lib/python3.7/site-packages/airflow/example_dags/example_sensors.py
[2022-12-22T09:27:41.588+0000] {processor.py:753} INFO - DAG(s) dict_keys(['example_sensors']) retrieved from /home/airflow/.local/lib/python3.7/site-packages/airflow/example_dags/example_sensors.py
[2022-12-22T09:27:41.621+0000] {logging_mixin.py:137} INFO - [2022-12-22T09:27:41.621+0000] {dag.py:2676} INFO - Sync 1 DAGs
[2022-12-22T09:27:41.650+0000] {logging_mixin.py:137} INFO - [2022-12-22T09:27:41.650+0000] {dag.py:3427} INFO - Setting next_dagrun for example_sensors to None, run_after=None
[2022-12-22T09:27:41.667+0000] {processor.py:175} INFO - Processing /home/airflow/.local/lib/python3.7/site-packages/airflow/example_dags/example_sensors.py took 0.158 seconds
[2022-12-22T09:28:17.468+0000] {processor.py:153} INFO - Started process (PID=881) to work on /home/airflow/.local/lib/python3.7/site-packages/airflow/example_dags/example_sensors.py
[2022-12-22T09:28:17.474+0000] {processor.py:743} INFO - Processing file /home/airflow/.local/lib/python3.7/site-packages/airflow/example_dags/example_sensors.py for tasks to queue
[2022-12-22T09:28:17.481+0000] {logging_mixin.py:137} INFO - [2022-12-22T09:28:17.481+0000] {dagbag.py:538} INFO - Filling up the DagBag from /home/airflow/.local/lib/python3.7/site-packages/airflow/example_dags/example_sensors.py
[2022-12-22T09:28:17.584+0000] {processor.py:753} INFO - DAG(s) dict_keys(['example_sensors']) retrieved from /home/airflow/.local/lib/python3.7/site-packages/airflow/example_dags/example_sensors.py
[2022-12-22T09:28:17.650+0000] {logging_mixin.py:137} INFO - [2022-12-22T09:28:17.649+0000] {dag.py:2676} INFO - Sync 1 DAGs
[2022-12-22T09:28:17.775+0000] {logging_mixin.py:137} INFO - [2022-12-22T09:28:17.775+0000] {dag.py:3427} INFO - Setting next_dagrun for example_sensors to None, run_after=None
[2022-12-22T09:28:17.887+0000] {processor.py:175} INFO - Processing /home/airflow/.local/lib/python3.7/site-packages/airflow/example_dags/example_sensors.py took 0.439 seconds
[2022-12-22T09:28:48.547+0000] {processor.py:153} INFO - Started process (PID=944) to work on /home/airflow/.local/lib/python3.7/site-packages/airflow/example_dags/example_sensors.py
[2022-12-22T09:28:48.558+0000] {processor.py:743} INFO - Processing file /home/airflow/.local/lib/python3.7/site-packages/airflow/example_dags/example_sensors.py for tasks to queue
[2022-12-22T09:28:48.560+0000] {logging_mixin.py:137} INFO - [2022-12-22T09:28:48.560+0000] {dagbag.py:538} INFO - Filling up the DagBag from /home/airflow/.local/lib/python3.7/site-packages/airflow/example_dags/example_sensors.py
[2022-12-22T09:28:48.586+0000] {processor.py:753} INFO - DAG(s) dict_keys(['example_sensors']) retrieved from /home/airflow/.local/lib/python3.7/site-packages/airflow/example_dags/example_sensors.py
[2022-12-22T09:28:48.631+0000] {logging_mixin.py:137} INFO - [2022-12-22T09:28:48.631+0000] {dag.py:2676} INFO - Sync 1 DAGs
[2022-12-22T09:28:48.649+0000] {logging_mixin.py:137} INFO - [2022-12-22T09:28:48.649+0000] {dag.py:3427} INFO - Setting next_dagrun for example_sensors to None, run_after=None
[2022-12-22T09:28:48.666+0000] {processor.py:175} INFO - Processing /home/airflow/.local/lib/python3.7/site-packages/airflow/example_dags/example_sensors.py took 0.123 seconds
[2022-12-22T09:29:19.537+0000] {processor.py:153} INFO - Started process (PID=1007) to work on /home/airflow/.local/lib/python3.7/site-packages/airflow/example_dags/example_sensors.py
[2022-12-22T09:29:19.544+0000] {processor.py:743} INFO - Processing file /home/airflow/.local/lib/python3.7/site-packages/airflow/example_dags/example_sensors.py for tasks to queue
[2022-12-22T09:29:19.551+0000] {logging_mixin.py:137} INFO - [2022-12-22T09:29:19.550+0000] {dagbag.py:538} INFO - Filling up the DagBag from /home/airflow/.local/lib/python3.7/site-packages/airflow/example_dags/example_sensors.py
[2022-12-22T09:29:19.629+0000] {processor.py:753} INFO - DAG(s) dict_keys(['example_sensors']) retrieved from /home/airflow/.local/lib/python3.7/site-packages/airflow/example_dags/example_sensors.py
[2022-12-22T09:29:20.035+0000] {logging_mixin.py:137} INFO - [2022-12-22T09:29:20.034+0000] {dag.py:2676} INFO - Sync 1 DAGs
[2022-12-22T09:29:21.281+0000] {logging_mixin.py:137} INFO - [2022-12-22T09:29:21.281+0000] {dag.py:3427} INFO - Setting next_dagrun for example_sensors to None, run_after=None
[2022-12-22T09:29:21.838+0000] {processor.py:175} INFO - Processing /home/airflow/.local/lib/python3.7/site-packages/airflow/example_dags/example_sensors.py took 2.309 seconds
[2022-12-22T09:29:52.171+0000] {processor.py:153} INFO - Started process (PID=1069) to work on /home/airflow/.local/lib/python3.7/site-packages/airflow/example_dags/example_sensors.py
[2022-12-22T09:29:52.185+0000] {processor.py:743} INFO - Processing file /home/airflow/.local/lib/python3.7/site-packages/airflow/example_dags/example_sensors.py for tasks to queue
[2022-12-22T09:29:52.195+0000] {logging_mixin.py:137} INFO - [2022-12-22T09:29:52.194+0000] {dagbag.py:538} INFO - Filling up the DagBag from /home/airflow/.local/lib/python3.7/site-packages/airflow/example_dags/example_sensors.py
[2022-12-22T09:29:52.327+0000] {processor.py:753} INFO - DAG(s) dict_keys(['example_sensors']) retrieved from /home/airflow/.local/lib/python3.7/site-packages/airflow/example_dags/example_sensors.py
[2022-12-22T09:29:52.583+0000] {logging_mixin.py:137} INFO - [2022-12-22T09:29:52.582+0000] {dag.py:2676} INFO - Sync 1 DAGs
[2022-12-22T09:29:52.832+0000] {logging_mixin.py:137} INFO - [2022-12-22T09:29:52.832+0000] {dag.py:3427} INFO - Setting next_dagrun for example_sensors to None, run_after=None
[2022-12-22T09:29:52.907+0000] {processor.py:175} INFO - Processing /home/airflow/.local/lib/python3.7/site-packages/airflow/example_dags/example_sensors.py took 0.747 seconds
[2022-12-22T09:30:23.338+0000] {processor.py:153} INFO - Started process (PID=1131) to work on /home/airflow/.local/lib/python3.7/site-packages/airflow/example_dags/example_sensors.py
[2022-12-22T09:30:23.352+0000] {processor.py:743} INFO - Processing file /home/airflow/.local/lib/python3.7/site-packages/airflow/example_dags/example_sensors.py for tasks to queue
[2022-12-22T09:30:23.357+0000] {logging_mixin.py:137} INFO - [2022-12-22T09:30:23.356+0000] {dagbag.py:538} INFO - Filling up the DagBag from /home/airflow/.local/lib/python3.7/site-packages/airflow/example_dags/example_sensors.py
[2022-12-22T09:30:23.463+0000] {processor.py:753} INFO - DAG(s) dict_keys(['example_sensors']) retrieved from /home/airflow/.local/lib/python3.7/site-packages/airflow/example_dags/example_sensors.py
[2022-12-22T09:30:23.609+0000] {logging_mixin.py:137} INFO - [2022-12-22T09:30:23.609+0000] {dag.py:2676} INFO - Sync 1 DAGs
[2022-12-22T09:30:23.702+0000] {logging_mixin.py:137} INFO - [2022-12-22T09:30:23.701+0000] {dag.py:3427} INFO - Setting next_dagrun for example_sensors to None, run_after=None
[2022-12-22T09:30:23.799+0000] {processor.py:175} INFO - Processing /home/airflow/.local/lib/python3.7/site-packages/airflow/example_dags/example_sensors.py took 0.469 seconds
[2022-12-22T09:30:54.844+0000] {processor.py:153} INFO - Started process (PID=1183) to work on /home/airflow/.local/lib/python3.7/site-packages/airflow/example_dags/example_sensors.py
[2022-12-22T09:30:54.850+0000] {processor.py:743} INFO - Processing file /home/airflow/.local/lib/python3.7/site-packages/airflow/example_dags/example_sensors.py for tasks to queue
[2022-12-22T09:30:54.859+0000] {logging_mixin.py:137} INFO - [2022-12-22T09:30:54.859+0000] {dagbag.py:538} INFO - Filling up the DagBag from /home/airflow/.local/lib/python3.7/site-packages/airflow/example_dags/example_sensors.py
[2022-12-22T09:30:54.953+0000] {processor.py:753} INFO - DAG(s) dict_keys(['example_sensors']) retrieved from /home/airflow/.local/lib/python3.7/site-packages/airflow/example_dags/example_sensors.py
[2022-12-22T09:30:55.045+0000] {logging_mixin.py:137} INFO - [2022-12-22T09:30:55.045+0000] {dag.py:2676} INFO - Sync 1 DAGs
[2022-12-22T09:30:55.086+0000] {logging_mixin.py:137} INFO - [2022-12-22T09:30:55.086+0000] {dag.py:3427} INFO - Setting next_dagrun for example_sensors to None, run_after=None
[2022-12-22T09:30:55.111+0000] {processor.py:175} INFO - Processing /home/airflow/.local/lib/python3.7/site-packages/airflow/example_dags/example_sensors.py took 0.287 seconds
[2022-12-22T09:31:33.405+0000] {processor.py:153} INFO - Started process (PID=1251) to work on /home/airflow/.local/lib/python3.7/site-packages/airflow/example_dags/example_sensors.py
[2022-12-22T09:31:33.408+0000] {processor.py:743} INFO - Processing file /home/airflow/.local/lib/python3.7/site-packages/airflow/example_dags/example_sensors.py for tasks to queue
[2022-12-22T09:31:33.412+0000] {logging_mixin.py:137} INFO - [2022-12-22T09:31:33.412+0000] {dagbag.py:538} INFO - Filling up the DagBag from /home/airflow/.local/lib/python3.7/site-packages/airflow/example_dags/example_sensors.py
[2022-12-22T09:31:33.444+0000] {processor.py:753} INFO - DAG(s) dict_keys(['example_sensors']) retrieved from /home/airflow/.local/lib/python3.7/site-packages/airflow/example_dags/example_sensors.py
[2022-12-22T09:31:33.480+0000] {logging_mixin.py:137} INFO - [2022-12-22T09:31:33.480+0000] {dag.py:2676} INFO - Sync 1 DAGs
[2022-12-22T09:31:33.503+0000] {logging_mixin.py:137} INFO - [2022-12-22T09:31:33.503+0000] {dag.py:3427} INFO - Setting next_dagrun for example_sensors to None, run_after=None
[2022-12-22T09:31:33.524+0000] {processor.py:175} INFO - Processing /home/airflow/.local/lib/python3.7/site-packages/airflow/example_dags/example_sensors.py took 0.121 seconds
[2022-12-22T09:32:06.527+0000] {processor.py:153} INFO - Started process (PID=1322) to work on /home/airflow/.local/lib/python3.7/site-packages/airflow/example_dags/example_sensors.py
[2022-12-22T09:32:06.573+0000] {processor.py:743} INFO - Processing file /home/airflow/.local/lib/python3.7/site-packages/airflow/example_dags/example_sensors.py for tasks to queue
[2022-12-22T09:32:06.577+0000] {logging_mixin.py:137} INFO - [2022-12-22T09:32:06.577+0000] {dagbag.py:538} INFO - Filling up the DagBag from /home/airflow/.local/lib/python3.7/site-packages/airflow/example_dags/example_sensors.py
[2022-12-22T09:32:06.628+0000] {processor.py:753} INFO - DAG(s) dict_keys(['example_sensors']) retrieved from /home/airflow/.local/lib/python3.7/site-packages/airflow/example_dags/example_sensors.py
[2022-12-22T09:32:06.700+0000] {logging_mixin.py:137} INFO - [2022-12-22T09:32:06.700+0000] {dag.py:2676} INFO - Sync 1 DAGs
[2022-12-22T09:32:06.784+0000] {logging_mixin.py:137} INFO - [2022-12-22T09:32:06.784+0000] {dag.py:3427} INFO - Setting next_dagrun for example_sensors to None, run_after=None
[2022-12-22T09:32:06.838+0000] {processor.py:175} INFO - Processing /home/airflow/.local/lib/python3.7/site-packages/airflow/example_dags/example_sensors.py took 0.315 seconds
[2022-12-22T09:32:39.421+0000] {processor.py:153} INFO - Started process (PID=1393) to work on /home/airflow/.local/lib/python3.7/site-packages/airflow/example_dags/example_sensors.py
[2022-12-22T09:32:39.426+0000] {processor.py:743} INFO - Processing file /home/airflow/.local/lib/python3.7/site-packages/airflow/example_dags/example_sensors.py for tasks to queue
[2022-12-22T09:32:39.436+0000] {logging_mixin.py:137} INFO - [2022-12-22T09:32:39.435+0000] {dagbag.py:538} INFO - Filling up the DagBag from /home/airflow/.local/lib/python3.7/site-packages/airflow/example_dags/example_sensors.py
[2022-12-22T09:32:39.533+0000] {processor.py:753} INFO - DAG(s) dict_keys(['example_sensors']) retrieved from /home/airflow/.local/lib/python3.7/site-packages/airflow/example_dags/example_sensors.py
[2022-12-22T09:32:39.904+0000] {logging_mixin.py:137} INFO - [2022-12-22T09:32:39.904+0000] {dag.py:2676} INFO - Sync 1 DAGs
[2022-12-22T09:32:39.970+0000] {logging_mixin.py:137} INFO - [2022-12-22T09:32:39.970+0000] {dag.py:3427} INFO - Setting next_dagrun for example_sensors to None, run_after=None
[2022-12-22T09:32:40.069+0000] {processor.py:175} INFO - Processing /home/airflow/.local/lib/python3.7/site-packages/airflow/example_dags/example_sensors.py took 0.672 seconds
[2022-12-22T09:33:10.427+0000] {processor.py:153} INFO - Started process (PID=1456) to work on /home/airflow/.local/lib/python3.7/site-packages/airflow/example_dags/example_sensors.py
[2022-12-22T09:33:10.429+0000] {processor.py:743} INFO - Processing file /home/airflow/.local/lib/python3.7/site-packages/airflow/example_dags/example_sensors.py for tasks to queue
[2022-12-22T09:33:10.430+0000] {logging_mixin.py:137} INFO - [2022-12-22T09:33:10.430+0000] {dagbag.py:538} INFO - Filling up the DagBag from /home/airflow/.local/lib/python3.7/site-packages/airflow/example_dags/example_sensors.py
[2022-12-22T09:33:10.458+0000] {processor.py:753} INFO - DAG(s) dict_keys(['example_sensors']) retrieved from /home/airflow/.local/lib/python3.7/site-packages/airflow/example_dags/example_sensors.py
[2022-12-22T09:33:10.497+0000] {logging_mixin.py:137} INFO - [2022-12-22T09:33:10.496+0000] {dag.py:2676} INFO - Sync 1 DAGs
[2022-12-22T09:33:10.518+0000] {logging_mixin.py:137} INFO - [2022-12-22T09:33:10.518+0000] {dag.py:3427} INFO - Setting next_dagrun for example_sensors to None, run_after=None
[2022-12-22T09:33:10.541+0000] {processor.py:175} INFO - Processing /home/airflow/.local/lib/python3.7/site-packages/airflow/example_dags/example_sensors.py took 0.116 seconds
[2022-12-22T09:33:40.738+0000] {processor.py:153} INFO - Started process (PID=1518) to work on /home/airflow/.local/lib/python3.7/site-packages/airflow/example_dags/example_sensors.py
[2022-12-22T09:33:40.767+0000] {processor.py:743} INFO - Processing file /home/airflow/.local/lib/python3.7/site-packages/airflow/example_dags/example_sensors.py for tasks to queue
[2022-12-22T09:33:40.771+0000] {logging_mixin.py:137} INFO - [2022-12-22T09:33:40.770+0000] {dagbag.py:538} INFO - Filling up the DagBag from /home/airflow/.local/lib/python3.7/site-packages/airflow/example_dags/example_sensors.py
[2022-12-22T09:33:40.800+0000] {processor.py:753} INFO - DAG(s) dict_keys(['example_sensors']) retrieved from /home/airflow/.local/lib/python3.7/site-packages/airflow/example_dags/example_sensors.py
[2022-12-22T09:33:40.829+0000] {logging_mixin.py:137} INFO - [2022-12-22T09:33:40.829+0000] {dag.py:2676} INFO - Sync 1 DAGs
[2022-12-22T09:33:40.845+0000] {logging_mixin.py:137} INFO - [2022-12-22T09:33:40.845+0000] {dag.py:3427} INFO - Setting next_dagrun for example_sensors to None, run_after=None
[2022-12-22T09:33:40.857+0000] {processor.py:175} INFO - Processing /home/airflow/.local/lib/python3.7/site-packages/airflow/example_dags/example_sensors.py took 0.122 seconds
[2022-12-22T12:55:42.254+0000] {processor.py:153} INFO - Started process (PID=152) to work on /home/airflow/.local/lib/python3.7/site-packages/airflow/example_dags/example_sensors.py
[2022-12-22T12:55:42.279+0000] {processor.py:743} INFO - Processing file /home/airflow/.local/lib/python3.7/site-packages/airflow/example_dags/example_sensors.py for tasks to queue
[2022-12-22T12:55:42.346+0000] {logging_mixin.py:137} INFO - [2022-12-22T12:55:42.346+0000] {dagbag.py:538} INFO - Filling up the DagBag from /home/airflow/.local/lib/python3.7/site-packages/airflow/example_dags/example_sensors.py
[2022-12-22T12:55:45.531+0000] {processor.py:753} INFO - DAG(s) dict_keys(['example_sensors']) retrieved from /home/airflow/.local/lib/python3.7/site-packages/airflow/example_dags/example_sensors.py
[2022-12-22T12:55:47.811+0000] {logging_mixin.py:137} INFO - [2022-12-22T12:55:47.807+0000] {dag.py:2676} INFO - Sync 1 DAGs
[2022-12-22T12:55:51.694+0000] {logging_mixin.py:137} INFO - [2022-12-22T12:55:51.654+0000] {dag.py:3427} INFO - Setting next_dagrun for example_sensors to None, run_after=None
[2022-12-22T12:55:52.207+0000] {processor.py:175} INFO - Processing /home/airflow/.local/lib/python3.7/site-packages/airflow/example_dags/example_sensors.py took 10.139 seconds
[2022-12-22T13:29:24.256+0000] {processor.py:153} INFO - Started process (PID=86) to work on /home/airflow/.local/lib/python3.7/site-packages/airflow/example_dags/example_sensors.py
[2022-12-22T13:29:24.262+0000] {processor.py:743} INFO - Processing file /home/airflow/.local/lib/python3.7/site-packages/airflow/example_dags/example_sensors.py for tasks to queue
[2022-12-22T13:29:24.264+0000] {logging_mixin.py:137} INFO - [2022-12-22T13:29:24.264+0000] {dagbag.py:538} INFO - Filling up the DagBag from /home/airflow/.local/lib/python3.7/site-packages/airflow/example_dags/example_sensors.py
[2022-12-22T13:29:24.358+0000] {processor.py:753} INFO - DAG(s) dict_keys(['example_sensors']) retrieved from /home/airflow/.local/lib/python3.7/site-packages/airflow/example_dags/example_sensors.py
[2022-12-22T13:29:24.425+0000] {logging_mixin.py:137} INFO - [2022-12-22T13:29:24.425+0000] {dag.py:2676} INFO - Sync 1 DAGs
[2022-12-22T13:29:24.534+0000] {logging_mixin.py:137} INFO - [2022-12-22T13:29:24.534+0000] {dag.py:3427} INFO - Setting next_dagrun for example_sensors to None, run_after=None
[2022-12-22T13:29:24.574+0000] {processor.py:175} INFO - Processing /home/airflow/.local/lib/python3.7/site-packages/airflow/example_dags/example_sensors.py took 0.326 seconds
[2022-12-22T13:29:55.118+0000] {processor.py:153} INFO - Started process (PID=150) to work on /home/airflow/.local/lib/python3.7/site-packages/airflow/example_dags/example_sensors.py
[2022-12-22T13:29:55.125+0000] {processor.py:743} INFO - Processing file /home/airflow/.local/lib/python3.7/site-packages/airflow/example_dags/example_sensors.py for tasks to queue
[2022-12-22T13:29:55.128+0000] {logging_mixin.py:137} INFO - [2022-12-22T13:29:55.128+0000] {dagbag.py:538} INFO - Filling up the DagBag from /home/airflow/.local/lib/python3.7/site-packages/airflow/example_dags/example_sensors.py
[2022-12-22T13:29:55.159+0000] {processor.py:753} INFO - DAG(s) dict_keys(['example_sensors']) retrieved from /home/airflow/.local/lib/python3.7/site-packages/airflow/example_dags/example_sensors.py
[2022-12-22T13:29:55.217+0000] {logging_mixin.py:137} INFO - [2022-12-22T13:29:55.217+0000] {dag.py:2676} INFO - Sync 1 DAGs
[2022-12-22T13:29:55.238+0000] {logging_mixin.py:137} INFO - [2022-12-22T13:29:55.237+0000] {dag.py:3427} INFO - Setting next_dagrun for example_sensors to None, run_after=None
[2022-12-22T13:29:55.255+0000] {processor.py:175} INFO - Processing /home/airflow/.local/lib/python3.7/site-packages/airflow/example_dags/example_sensors.py took 0.146 seconds
[2022-12-22T13:30:26.166+0000] {processor.py:153} INFO - Started process (PID=217) to work on /home/airflow/.local/lib/python3.7/site-packages/airflow/example_dags/example_sensors.py
[2022-12-22T13:30:26.172+0000] {processor.py:743} INFO - Processing file /home/airflow/.local/lib/python3.7/site-packages/airflow/example_dags/example_sensors.py for tasks to queue
[2022-12-22T13:30:26.179+0000] {logging_mixin.py:137} INFO - [2022-12-22T13:30:26.178+0000] {dagbag.py:538} INFO - Filling up the DagBag from /home/airflow/.local/lib/python3.7/site-packages/airflow/example_dags/example_sensors.py
[2022-12-22T13:30:26.254+0000] {processor.py:753} INFO - DAG(s) dict_keys(['example_sensors']) retrieved from /home/airflow/.local/lib/python3.7/site-packages/airflow/example_dags/example_sensors.py
[2022-12-22T13:30:26.311+0000] {logging_mixin.py:137} INFO - [2022-12-22T13:30:26.310+0000] {dag.py:2676} INFO - Sync 1 DAGs
[2022-12-22T13:30:26.380+0000] {logging_mixin.py:137} INFO - [2022-12-22T13:30:26.380+0000] {dag.py:3427} INFO - Setting next_dagrun for example_sensors to None, run_after=None
[2022-12-22T13:30:26.506+0000] {processor.py:175} INFO - Processing /home/airflow/.local/lib/python3.7/site-packages/airflow/example_dags/example_sensors.py took 0.346 seconds
[2022-12-22T13:30:57.297+0000] {processor.py:153} INFO - Started process (PID=291) to work on /home/airflow/.local/lib/python3.7/site-packages/airflow/example_dags/example_sensors.py
[2022-12-22T13:30:57.312+0000] {processor.py:743} INFO - Processing file /home/airflow/.local/lib/python3.7/site-packages/airflow/example_dags/example_sensors.py for tasks to queue
[2022-12-22T13:30:57.322+0000] {logging_mixin.py:137} INFO - [2022-12-22T13:30:57.322+0000] {dagbag.py:538} INFO - Filling up the DagBag from /home/airflow/.local/lib/python3.7/site-packages/airflow/example_dags/example_sensors.py
[2022-12-22T13:30:57.428+0000] {processor.py:753} INFO - DAG(s) dict_keys(['example_sensors']) retrieved from /home/airflow/.local/lib/python3.7/site-packages/airflow/example_dags/example_sensors.py
[2022-12-22T13:30:57.481+0000] {logging_mixin.py:137} INFO - [2022-12-22T13:30:57.476+0000] {dag.py:2676} INFO - Sync 1 DAGs
[2022-12-22T13:30:57.582+0000] {logging_mixin.py:137} INFO - [2022-12-22T13:30:57.582+0000] {dag.py:3427} INFO - Setting next_dagrun for example_sensors to None, run_after=None
[2022-12-22T13:30:57.699+0000] {processor.py:175} INFO - Processing /home/airflow/.local/lib/python3.7/site-packages/airflow/example_dags/example_sensors.py took 0.407 seconds
[2022-12-22T13:31:28.604+0000] {processor.py:153} INFO - Started process (PID=367) to work on /home/airflow/.local/lib/python3.7/site-packages/airflow/example_dags/example_sensors.py
[2022-12-22T13:31:28.607+0000] {processor.py:743} INFO - Processing file /home/airflow/.local/lib/python3.7/site-packages/airflow/example_dags/example_sensors.py for tasks to queue
[2022-12-22T13:31:28.608+0000] {logging_mixin.py:137} INFO - [2022-12-22T13:31:28.608+0000] {dagbag.py:538} INFO - Filling up the DagBag from /home/airflow/.local/lib/python3.7/site-packages/airflow/example_dags/example_sensors.py
[2022-12-22T13:31:28.625+0000] {processor.py:753} INFO - DAG(s) dict_keys(['example_sensors']) retrieved from /home/airflow/.local/lib/python3.7/site-packages/airflow/example_dags/example_sensors.py
[2022-12-22T13:31:28.655+0000] {logging_mixin.py:137} INFO - [2022-12-22T13:31:28.655+0000] {dag.py:2676} INFO - Sync 1 DAGs
[2022-12-22T13:31:28.672+0000] {logging_mixin.py:137} INFO - [2022-12-22T13:31:28.672+0000] {dag.py:3427} INFO - Setting next_dagrun for example_sensors to None, run_after=None
[2022-12-22T13:31:28.686+0000] {processor.py:175} INFO - Processing /home/airflow/.local/lib/python3.7/site-packages/airflow/example_dags/example_sensors.py took 0.087 seconds
