[2022-12-22T09:20:49.428+0000] {processor.py:153} INFO - Started process (PID=77) to work on /home/airflow/.local/lib/python3.7/site-packages/airflow/example_dags/tutorial.py
[2022-12-22T09:20:49.430+0000] {processor.py:743} INFO - Processing file /home/airflow/.local/lib/python3.7/site-packages/airflow/example_dags/tutorial.py for tasks to queue
[2022-12-22T09:20:49.438+0000] {logging_mixin.py:137} INFO - [2022-12-22T09:20:49.438+0000] {dagbag.py:538} INFO - Filling up the DagBag from /home/airflow/.local/lib/python3.7/site-packages/airflow/example_dags/tutorial.py
[2022-12-22T09:20:49.454+0000] {processor.py:753} INFO - DAG(s) dict_keys(['tutorial']) retrieved from /home/airflow/.local/lib/python3.7/site-packages/airflow/example_dags/tutorial.py
[2022-12-22T09:20:49.549+0000] {logging_mixin.py:137} INFO - [2022-12-22T09:20:49.548+0000] {dag.py:2676} INFO - Sync 1 DAGs
[2022-12-22T09:20:49.599+0000] {logging_mixin.py:137} INFO - [2022-12-22T09:20:49.599+0000] {dag.py:3427} INFO - Setting next_dagrun for tutorial to 2022-12-21T09:20:49.599010+00:00, run_after=2022-12-22T09:20:49.599010+00:00
[2022-12-22T09:20:49.630+0000] {processor.py:175} INFO - Processing /home/airflow/.local/lib/python3.7/site-packages/airflow/example_dags/tutorial.py took 0.206 seconds
[2022-12-22T09:21:20.233+0000] {processor.py:153} INFO - Started process (PID=139) to work on /home/airflow/.local/lib/python3.7/site-packages/airflow/example_dags/tutorial.py
[2022-12-22T09:21:20.237+0000] {processor.py:743} INFO - Processing file /home/airflow/.local/lib/python3.7/site-packages/airflow/example_dags/tutorial.py for tasks to queue
[2022-12-22T09:21:20.244+0000] {logging_mixin.py:137} INFO - [2022-12-22T09:21:20.244+0000] {dagbag.py:538} INFO - Filling up the DagBag from /home/airflow/.local/lib/python3.7/site-packages/airflow/example_dags/tutorial.py
[2022-12-22T09:21:20.273+0000] {processor.py:753} INFO - DAG(s) dict_keys(['tutorial']) retrieved from /home/airflow/.local/lib/python3.7/site-packages/airflow/example_dags/tutorial.py
[2022-12-22T09:21:20.379+0000] {logging_mixin.py:137} INFO - [2022-12-22T09:21:20.379+0000] {dag.py:2676} INFO - Sync 1 DAGs
[2022-12-22T09:21:20.416+0000] {logging_mixin.py:137} INFO - [2022-12-22T09:21:20.416+0000] {dag.py:3427} INFO - Setting next_dagrun for tutorial to 2022-12-21T09:21:20.415494+00:00, run_after=2022-12-22T09:21:20.415494+00:00
[2022-12-22T09:21:20.449+0000] {processor.py:175} INFO - Processing /home/airflow/.local/lib/python3.7/site-packages/airflow/example_dags/tutorial.py took 0.220 seconds
[2022-12-22T09:22:08.083+0000] {processor.py:153} INFO - Started process (PID=214) to work on /home/airflow/.local/lib/python3.7/site-packages/airflow/example_dags/tutorial.py
[2022-12-22T09:22:08.088+0000] {processor.py:743} INFO - Processing file /home/airflow/.local/lib/python3.7/site-packages/airflow/example_dags/tutorial.py for tasks to queue
[2022-12-22T09:22:08.092+0000] {logging_mixin.py:137} INFO - [2022-12-22T09:22:08.091+0000] {dagbag.py:538} INFO - Filling up the DagBag from /home/airflow/.local/lib/python3.7/site-packages/airflow/example_dags/tutorial.py
[2022-12-22T09:22:08.116+0000] {processor.py:753} INFO - DAG(s) dict_keys(['tutorial']) retrieved from /home/airflow/.local/lib/python3.7/site-packages/airflow/example_dags/tutorial.py
[2022-12-22T09:22:08.184+0000] {logging_mixin.py:137} INFO - [2022-12-22T09:22:08.184+0000] {dag.py:2676} INFO - Sync 1 DAGs
[2022-12-22T09:22:08.245+0000] {logging_mixin.py:137} INFO - [2022-12-22T09:22:08.245+0000] {dag.py:3427} INFO - Setting next_dagrun for tutorial to 2022-12-21T09:22:08.245214+00:00, run_after=2022-12-22T09:22:08.245214+00:00
[2022-12-22T09:22:08.271+0000] {processor.py:175} INFO - Processing /home/airflow/.local/lib/python3.7/site-packages/airflow/example_dags/tutorial.py took 0.192 seconds
[2022-12-22T09:22:40.913+0000] {processor.py:153} INFO - Started process (PID=289) to work on /home/airflow/.local/lib/python3.7/site-packages/airflow/example_dags/tutorial.py
[2022-12-22T09:22:41.100+0000] {processor.py:743} INFO - Processing file /home/airflow/.local/lib/python3.7/site-packages/airflow/example_dags/tutorial.py for tasks to queue
[2022-12-22T09:22:41.109+0000] {logging_mixin.py:137} INFO - [2022-12-22T09:22:41.109+0000] {dagbag.py:538} INFO - Filling up the DagBag from /home/airflow/.local/lib/python3.7/site-packages/airflow/example_dags/tutorial.py
[2022-12-22T09:22:41.167+0000] {processor.py:753} INFO - DAG(s) dict_keys(['tutorial']) retrieved from /home/airflow/.local/lib/python3.7/site-packages/airflow/example_dags/tutorial.py
[2022-12-22T09:22:41.388+0000] {logging_mixin.py:137} INFO - [2022-12-22T09:22:41.387+0000] {dag.py:2676} INFO - Sync 1 DAGs
[2022-12-22T09:22:41.554+0000] {logging_mixin.py:137} INFO - [2022-12-22T09:22:41.553+0000] {dag.py:3427} INFO - Setting next_dagrun for tutorial to 2022-12-21T09:22:41.550570+00:00, run_after=2022-12-22T09:22:41.550570+00:00
[2022-12-22T09:22:41.648+0000] {processor.py:175} INFO - Processing /home/airflow/.local/lib/python3.7/site-packages/airflow/example_dags/tutorial.py took 0.744 seconds
[2022-12-22T09:23:11.915+0000] {processor.py:153} INFO - Started process (PID=351) to work on /home/airflow/.local/lib/python3.7/site-packages/airflow/example_dags/tutorial.py
[2022-12-22T09:23:11.919+0000] {processor.py:743} INFO - Processing file /home/airflow/.local/lib/python3.7/site-packages/airflow/example_dags/tutorial.py for tasks to queue
[2022-12-22T09:23:11.921+0000] {logging_mixin.py:137} INFO - [2022-12-22T09:23:11.921+0000] {dagbag.py:538} INFO - Filling up the DagBag from /home/airflow/.local/lib/python3.7/site-packages/airflow/example_dags/tutorial.py
[2022-12-22T09:23:11.948+0000] {processor.py:753} INFO - DAG(s) dict_keys(['tutorial']) retrieved from /home/airflow/.local/lib/python3.7/site-packages/airflow/example_dags/tutorial.py
[2022-12-22T09:23:12.015+0000] {logging_mixin.py:137} INFO - [2022-12-22T09:23:12.015+0000] {dag.py:2676} INFO - Sync 1 DAGs
[2022-12-22T09:23:12.057+0000] {logging_mixin.py:137} INFO - [2022-12-22T09:23:12.056+0000] {dag.py:3427} INFO - Setting next_dagrun for tutorial to 2022-12-21T09:23:12.056384+00:00, run_after=2022-12-22T09:23:12.056384+00:00
[2022-12-22T09:23:12.082+0000] {processor.py:175} INFO - Processing /home/airflow/.local/lib/python3.7/site-packages/airflow/example_dags/tutorial.py took 0.178 seconds
[2022-12-22T09:23:42.494+0000] {processor.py:153} INFO - Started process (PID=414) to work on /home/airflow/.local/lib/python3.7/site-packages/airflow/example_dags/tutorial.py
[2022-12-22T09:23:42.500+0000] {processor.py:743} INFO - Processing file /home/airflow/.local/lib/python3.7/site-packages/airflow/example_dags/tutorial.py for tasks to queue
[2022-12-22T09:23:42.503+0000] {logging_mixin.py:137} INFO - [2022-12-22T09:23:42.503+0000] {dagbag.py:538} INFO - Filling up the DagBag from /home/airflow/.local/lib/python3.7/site-packages/airflow/example_dags/tutorial.py
[2022-12-22T09:23:42.548+0000] {processor.py:753} INFO - DAG(s) dict_keys(['tutorial']) retrieved from /home/airflow/.local/lib/python3.7/site-packages/airflow/example_dags/tutorial.py
[2022-12-22T09:23:42.632+0000] {logging_mixin.py:137} INFO - [2022-12-22T09:23:42.632+0000] {dag.py:2676} INFO - Sync 1 DAGs
[2022-12-22T09:23:42.670+0000] {logging_mixin.py:137} INFO - [2022-12-22T09:23:42.669+0000] {dag.py:3427} INFO - Setting next_dagrun for tutorial to 2022-12-21T09:23:42.669496+00:00, run_after=2022-12-22T09:23:42.669496+00:00
[2022-12-22T09:23:42.719+0000] {processor.py:175} INFO - Processing /home/airflow/.local/lib/python3.7/site-packages/airflow/example_dags/tutorial.py took 0.230 seconds
[2022-12-22T09:24:14.435+0000] {processor.py:153} INFO - Started process (PID=477) to work on /home/airflow/.local/lib/python3.7/site-packages/airflow/example_dags/tutorial.py
[2022-12-22T09:24:14.448+0000] {processor.py:743} INFO - Processing file /home/airflow/.local/lib/python3.7/site-packages/airflow/example_dags/tutorial.py for tasks to queue
[2022-12-22T09:24:14.451+0000] {logging_mixin.py:137} INFO - [2022-12-22T09:24:14.451+0000] {dagbag.py:538} INFO - Filling up the DagBag from /home/airflow/.local/lib/python3.7/site-packages/airflow/example_dags/tutorial.py
[2022-12-22T09:24:14.489+0000] {processor.py:753} INFO - DAG(s) dict_keys(['tutorial']) retrieved from /home/airflow/.local/lib/python3.7/site-packages/airflow/example_dags/tutorial.py
[2022-12-22T09:24:14.528+0000] {logging_mixin.py:137} INFO - [2022-12-22T09:24:14.528+0000] {dag.py:2676} INFO - Sync 1 DAGs
[2022-12-22T09:24:14.547+0000] {logging_mixin.py:137} INFO - [2022-12-22T09:24:14.547+0000] {dag.py:3427} INFO - Setting next_dagrun for tutorial to 2022-12-21T09:24:14.547018+00:00, run_after=2022-12-22T09:24:14.547018+00:00
[2022-12-22T09:24:14.572+0000] {processor.py:175} INFO - Processing /home/airflow/.local/lib/python3.7/site-packages/airflow/example_dags/tutorial.py took 0.140 seconds
[2022-12-22T09:24:44.986+0000] {processor.py:153} INFO - Started process (PID=539) to work on /home/airflow/.local/lib/python3.7/site-packages/airflow/example_dags/tutorial.py
[2022-12-22T09:24:44.990+0000] {processor.py:743} INFO - Processing file /home/airflow/.local/lib/python3.7/site-packages/airflow/example_dags/tutorial.py for tasks to queue
[2022-12-22T09:24:44.991+0000] {logging_mixin.py:137} INFO - [2022-12-22T09:24:44.991+0000] {dagbag.py:538} INFO - Filling up the DagBag from /home/airflow/.local/lib/python3.7/site-packages/airflow/example_dags/tutorial.py
[2022-12-22T09:24:45.007+0000] {processor.py:753} INFO - DAG(s) dict_keys(['tutorial']) retrieved from /home/airflow/.local/lib/python3.7/site-packages/airflow/example_dags/tutorial.py
[2022-12-22T09:24:45.033+0000] {logging_mixin.py:137} INFO - [2022-12-22T09:24:45.033+0000] {dag.py:2676} INFO - Sync 1 DAGs
[2022-12-22T09:24:45.051+0000] {logging_mixin.py:137} INFO - [2022-12-22T09:24:45.051+0000] {dag.py:3427} INFO - Setting next_dagrun for tutorial to 2022-12-21T09:24:45.051172+00:00, run_after=2022-12-22T09:24:45.051172+00:00
[2022-12-22T09:24:45.063+0000] {processor.py:175} INFO - Processing /home/airflow/.local/lib/python3.7/site-packages/airflow/example_dags/tutorial.py took 0.079 seconds
[2022-12-22T09:25:15.307+0000] {processor.py:153} INFO - Started process (PID=603) to work on /home/airflow/.local/lib/python3.7/site-packages/airflow/example_dags/tutorial.py
[2022-12-22T09:25:15.309+0000] {processor.py:743} INFO - Processing file /home/airflow/.local/lib/python3.7/site-packages/airflow/example_dags/tutorial.py for tasks to queue
[2022-12-22T09:25:15.312+0000] {logging_mixin.py:137} INFO - [2022-12-22T09:25:15.312+0000] {dagbag.py:538} INFO - Filling up the DagBag from /home/airflow/.local/lib/python3.7/site-packages/airflow/example_dags/tutorial.py
[2022-12-22T09:25:15.335+0000] {processor.py:753} INFO - DAG(s) dict_keys(['tutorial']) retrieved from /home/airflow/.local/lib/python3.7/site-packages/airflow/example_dags/tutorial.py
[2022-12-22T09:25:15.392+0000] {logging_mixin.py:137} INFO - [2022-12-22T09:25:15.391+0000] {dag.py:2676} INFO - Sync 1 DAGs
[2022-12-22T09:25:15.421+0000] {logging_mixin.py:137} INFO - [2022-12-22T09:25:15.421+0000] {dag.py:3427} INFO - Setting next_dagrun for tutorial to 2022-12-21T09:25:15.421181+00:00, run_after=2022-12-22T09:25:15.421181+00:00
[2022-12-22T09:25:15.465+0000] {processor.py:175} INFO - Processing /home/airflow/.local/lib/python3.7/site-packages/airflow/example_dags/tutorial.py took 0.162 seconds
[2022-12-22T09:25:46.455+0000] {processor.py:153} INFO - Started process (PID=665) to work on /home/airflow/.local/lib/python3.7/site-packages/airflow/example_dags/tutorial.py
[2022-12-22T09:25:46.472+0000] {processor.py:743} INFO - Processing file /home/airflow/.local/lib/python3.7/site-packages/airflow/example_dags/tutorial.py for tasks to queue
[2022-12-22T09:25:46.474+0000] {logging_mixin.py:137} INFO - [2022-12-22T09:25:46.474+0000] {dagbag.py:538} INFO - Filling up the DagBag from /home/airflow/.local/lib/python3.7/site-packages/airflow/example_dags/tutorial.py
[2022-12-22T09:25:46.483+0000] {processor.py:753} INFO - DAG(s) dict_keys(['tutorial']) retrieved from /home/airflow/.local/lib/python3.7/site-packages/airflow/example_dags/tutorial.py
[2022-12-22T09:25:46.507+0000] {logging_mixin.py:137} INFO - [2022-12-22T09:25:46.507+0000] {dag.py:2676} INFO - Sync 1 DAGs
[2022-12-22T09:25:46.528+0000] {logging_mixin.py:137} INFO - [2022-12-22T09:25:46.528+0000] {dag.py:3427} INFO - Setting next_dagrun for tutorial to 2022-12-21T09:25:46.528301+00:00, run_after=2022-12-22T09:25:46.528301+00:00
[2022-12-22T09:25:46.548+0000] {processor.py:175} INFO - Processing /home/airflow/.local/lib/python3.7/site-packages/airflow/example_dags/tutorial.py took 0.095 seconds
[2022-12-22T09:26:20.298+0000] {processor.py:153} INFO - Started process (PID=741) to work on /home/airflow/.local/lib/python3.7/site-packages/airflow/example_dags/tutorial.py
[2022-12-22T09:26:20.302+0000] {processor.py:743} INFO - Processing file /home/airflow/.local/lib/python3.7/site-packages/airflow/example_dags/tutorial.py for tasks to queue
[2022-12-22T09:26:20.306+0000] {logging_mixin.py:137} INFO - [2022-12-22T09:26:20.306+0000] {dagbag.py:538} INFO - Filling up the DagBag from /home/airflow/.local/lib/python3.7/site-packages/airflow/example_dags/tutorial.py
[2022-12-22T09:26:20.332+0000] {processor.py:753} INFO - DAG(s) dict_keys(['tutorial']) retrieved from /home/airflow/.local/lib/python3.7/site-packages/airflow/example_dags/tutorial.py
[2022-12-22T09:26:20.438+0000] {logging_mixin.py:137} INFO - [2022-12-22T09:26:20.438+0000] {dag.py:2676} INFO - Sync 1 DAGs
[2022-12-22T09:26:20.524+0000] {logging_mixin.py:137} INFO - [2022-12-22T09:26:20.523+0000] {dag.py:3427} INFO - Setting next_dagrun for tutorial to 2022-12-21T09:26:20.523178+00:00, run_after=2022-12-22T09:26:20.523178+00:00
[2022-12-22T09:26:20.652+0000] {processor.py:175} INFO - Processing /home/airflow/.local/lib/python3.7/site-packages/airflow/example_dags/tutorial.py took 0.357 seconds
[2022-12-22T09:27:40.891+0000] {processor.py:153} INFO - Started process (PID=803) to work on /home/airflow/.local/lib/python3.7/site-packages/airflow/example_dags/tutorial.py
[2022-12-22T09:27:40.894+0000] {processor.py:743} INFO - Processing file /home/airflow/.local/lib/python3.7/site-packages/airflow/example_dags/tutorial.py for tasks to queue
[2022-12-22T09:27:40.895+0000] {logging_mixin.py:137} INFO - [2022-12-22T09:27:40.895+0000] {dagbag.py:538} INFO - Filling up the DagBag from /home/airflow/.local/lib/python3.7/site-packages/airflow/example_dags/tutorial.py
[2022-12-22T09:27:40.967+0000] {processor.py:753} INFO - DAG(s) dict_keys(['tutorial']) retrieved from /home/airflow/.local/lib/python3.7/site-packages/airflow/example_dags/tutorial.py
[2022-12-22T09:27:41.166+0000] {logging_mixin.py:137} INFO - [2022-12-22T09:27:41.165+0000] {dag.py:2676} INFO - Sync 1 DAGs
[2022-12-22T09:27:41.205+0000] {logging_mixin.py:137} INFO - [2022-12-22T09:27:41.204+0000] {dag.py:3427} INFO - Setting next_dagrun for tutorial to 2022-12-21T09:27:41.203477+00:00, run_after=2022-12-22T09:27:41.203477+00:00
[2022-12-22T09:27:41.250+0000] {processor.py:175} INFO - Processing /home/airflow/.local/lib/python3.7/site-packages/airflow/example_dags/tutorial.py took 0.364 seconds
[2022-12-22T09:28:12.879+0000] {processor.py:153} INFO - Started process (PID=874) to work on /home/airflow/.local/lib/python3.7/site-packages/airflow/example_dags/tutorial.py
[2022-12-22T09:28:12.921+0000] {processor.py:743} INFO - Processing file /home/airflow/.local/lib/python3.7/site-packages/airflow/example_dags/tutorial.py for tasks to queue
[2022-12-22T09:28:12.930+0000] {logging_mixin.py:137} INFO - [2022-12-22T09:28:12.930+0000] {dagbag.py:538} INFO - Filling up the DagBag from /home/airflow/.local/lib/python3.7/site-packages/airflow/example_dags/tutorial.py
[2022-12-22T09:28:13.323+0000] {processor.py:753} INFO - DAG(s) dict_keys(['tutorial']) retrieved from /home/airflow/.local/lib/python3.7/site-packages/airflow/example_dags/tutorial.py
[2022-12-22T09:28:13.537+0000] {logging_mixin.py:137} INFO - [2022-12-22T09:28:13.537+0000] {dag.py:2676} INFO - Sync 1 DAGs
[2022-12-22T09:28:14.334+0000] {logging_mixin.py:137} INFO - [2022-12-22T09:28:14.331+0000] {dag.py:3427} INFO - Setting next_dagrun for tutorial to 2022-12-21T09:28:14.329719+00:00, run_after=2022-12-22T09:28:14.329719+00:00
[2022-12-22T09:28:15.828+0000] {processor.py:175} INFO - Processing /home/airflow/.local/lib/python3.7/site-packages/airflow/example_dags/tutorial.py took 2.941 seconds
[2022-12-22T09:28:46.183+0000] {processor.py:153} INFO - Started process (PID=940) to work on /home/airflow/.local/lib/python3.7/site-packages/airflow/example_dags/tutorial.py
[2022-12-22T09:28:46.187+0000] {processor.py:743} INFO - Processing file /home/airflow/.local/lib/python3.7/site-packages/airflow/example_dags/tutorial.py for tasks to queue
[2022-12-22T09:28:46.199+0000] {logging_mixin.py:137} INFO - [2022-12-22T09:28:46.198+0000] {dagbag.py:538} INFO - Filling up the DagBag from /home/airflow/.local/lib/python3.7/site-packages/airflow/example_dags/tutorial.py
[2022-12-22T09:28:46.260+0000] {processor.py:753} INFO - DAG(s) dict_keys(['tutorial']) retrieved from /home/airflow/.local/lib/python3.7/site-packages/airflow/example_dags/tutorial.py
[2022-12-22T09:28:46.322+0000] {logging_mixin.py:137} INFO - [2022-12-22T09:28:46.322+0000] {dag.py:2676} INFO - Sync 1 DAGs
[2022-12-22T09:28:46.353+0000] {logging_mixin.py:137} INFO - [2022-12-22T09:28:46.353+0000] {dag.py:3427} INFO - Setting next_dagrun for tutorial to 2022-12-21T09:28:46.353054+00:00, run_after=2022-12-22T09:28:46.353054+00:00
[2022-12-22T09:28:46.379+0000] {processor.py:175} INFO - Processing /home/airflow/.local/lib/python3.7/site-packages/airflow/example_dags/tutorial.py took 0.201 seconds
[2022-12-22T09:29:16.800+0000] {processor.py:153} INFO - Started process (PID=991) to work on /home/airflow/.local/lib/python3.7/site-packages/airflow/example_dags/tutorial.py
[2022-12-22T09:29:16.805+0000] {processor.py:743} INFO - Processing file /home/airflow/.local/lib/python3.7/site-packages/airflow/example_dags/tutorial.py for tasks to queue
[2022-12-22T09:29:16.808+0000] {logging_mixin.py:137} INFO - [2022-12-22T09:29:16.807+0000] {dagbag.py:538} INFO - Filling up the DagBag from /home/airflow/.local/lib/python3.7/site-packages/airflow/example_dags/tutorial.py
[2022-12-22T09:29:16.838+0000] {processor.py:753} INFO - DAG(s) dict_keys(['tutorial']) retrieved from /home/airflow/.local/lib/python3.7/site-packages/airflow/example_dags/tutorial.py
[2022-12-22T09:29:16.899+0000] {logging_mixin.py:137} INFO - [2022-12-22T09:29:16.899+0000] {dag.py:2676} INFO - Sync 1 DAGs
[2022-12-22T09:29:16.932+0000] {logging_mixin.py:137} INFO - [2022-12-22T09:29:16.932+0000] {dag.py:3427} INFO - Setting next_dagrun for tutorial to 2022-12-21T09:29:16.931922+00:00, run_after=2022-12-22T09:29:16.931922+00:00
[2022-12-22T09:29:16.952+0000] {processor.py:175} INFO - Processing /home/airflow/.local/lib/python3.7/site-packages/airflow/example_dags/tutorial.py took 0.161 seconds
[2022-12-22T09:29:47.706+0000] {processor.py:153} INFO - Started process (PID=1054) to work on /home/airflow/.local/lib/python3.7/site-packages/airflow/example_dags/tutorial.py
[2022-12-22T09:29:47.710+0000] {processor.py:743} INFO - Processing file /home/airflow/.local/lib/python3.7/site-packages/airflow/example_dags/tutorial.py for tasks to queue
[2022-12-22T09:29:47.712+0000] {logging_mixin.py:137} INFO - [2022-12-22T09:29:47.712+0000] {dagbag.py:538} INFO - Filling up the DagBag from /home/airflow/.local/lib/python3.7/site-packages/airflow/example_dags/tutorial.py
[2022-12-22T09:29:47.762+0000] {processor.py:753} INFO - DAG(s) dict_keys(['tutorial']) retrieved from /home/airflow/.local/lib/python3.7/site-packages/airflow/example_dags/tutorial.py
[2022-12-22T09:29:47.860+0000] {logging_mixin.py:137} INFO - [2022-12-22T09:29:47.860+0000] {dag.py:2676} INFO - Sync 1 DAGs
[2022-12-22T09:29:47.893+0000] {logging_mixin.py:137} INFO - [2022-12-22T09:29:47.893+0000] {dag.py:3427} INFO - Setting next_dagrun for tutorial to 2022-12-21T09:29:47.893239+00:00, run_after=2022-12-22T09:29:47.893239+00:00
[2022-12-22T09:29:47.918+0000] {processor.py:175} INFO - Processing /home/airflow/.local/lib/python3.7/site-packages/airflow/example_dags/tutorial.py took 0.221 seconds
[2022-12-22T09:30:18.236+0000] {processor.py:153} INFO - Started process (PID=1117) to work on /home/airflow/.local/lib/python3.7/site-packages/airflow/example_dags/tutorial.py
[2022-12-22T09:30:18.239+0000] {processor.py:743} INFO - Processing file /home/airflow/.local/lib/python3.7/site-packages/airflow/example_dags/tutorial.py for tasks to queue
[2022-12-22T09:30:18.240+0000] {logging_mixin.py:137} INFO - [2022-12-22T09:30:18.240+0000] {dagbag.py:538} INFO - Filling up the DagBag from /home/airflow/.local/lib/python3.7/site-packages/airflow/example_dags/tutorial.py
[2022-12-22T09:30:18.287+0000] {processor.py:753} INFO - DAG(s) dict_keys(['tutorial']) retrieved from /home/airflow/.local/lib/python3.7/site-packages/airflow/example_dags/tutorial.py
[2022-12-22T09:30:18.348+0000] {logging_mixin.py:137} INFO - [2022-12-22T09:30:18.348+0000] {dag.py:2676} INFO - Sync 1 DAGs
[2022-12-22T09:30:18.375+0000] {logging_mixin.py:137} INFO - [2022-12-22T09:30:18.375+0000] {dag.py:3427} INFO - Setting next_dagrun for tutorial to 2022-12-21T09:30:18.374857+00:00, run_after=2022-12-22T09:30:18.374857+00:00
[2022-12-22T09:30:18.393+0000] {processor.py:175} INFO - Processing /home/airflow/.local/lib/python3.7/site-packages/airflow/example_dags/tutorial.py took 0.161 seconds
[2022-12-22T09:30:51.122+0000] {processor.py:153} INFO - Started process (PID=1179) to work on /home/airflow/.local/lib/python3.7/site-packages/airflow/example_dags/tutorial.py
[2022-12-22T09:30:51.150+0000] {processor.py:743} INFO - Processing file /home/airflow/.local/lib/python3.7/site-packages/airflow/example_dags/tutorial.py for tasks to queue
[2022-12-22T09:30:51.152+0000] {logging_mixin.py:137} INFO - [2022-12-22T09:30:51.152+0000] {dagbag.py:538} INFO - Filling up the DagBag from /home/airflow/.local/lib/python3.7/site-packages/airflow/example_dags/tutorial.py
[2022-12-22T09:30:51.180+0000] {processor.py:753} INFO - DAG(s) dict_keys(['tutorial']) retrieved from /home/airflow/.local/lib/python3.7/site-packages/airflow/example_dags/tutorial.py
[2022-12-22T09:30:51.215+0000] {logging_mixin.py:137} INFO - [2022-12-22T09:30:51.214+0000] {dag.py:2676} INFO - Sync 1 DAGs
[2022-12-22T09:30:51.262+0000] {logging_mixin.py:137} INFO - [2022-12-22T09:30:51.261+0000] {dag.py:3427} INFO - Setting next_dagrun for tutorial to 2022-12-21T09:30:51.261428+00:00, run_after=2022-12-22T09:30:51.261428+00:00
[2022-12-22T09:30:51.326+0000] {processor.py:175} INFO - Processing /home/airflow/.local/lib/python3.7/site-packages/airflow/example_dags/tutorial.py took 0.207 seconds
[2022-12-22T09:31:30.633+0000] {processor.py:153} INFO - Started process (PID=1242) to work on /home/airflow/.local/lib/python3.7/site-packages/airflow/example_dags/tutorial.py
[2022-12-22T09:31:30.656+0000] {processor.py:743} INFO - Processing file /home/airflow/.local/lib/python3.7/site-packages/airflow/example_dags/tutorial.py for tasks to queue
[2022-12-22T09:31:30.661+0000] {logging_mixin.py:137} INFO - [2022-12-22T09:31:30.661+0000] {dagbag.py:538} INFO - Filling up the DagBag from /home/airflow/.local/lib/python3.7/site-packages/airflow/example_dags/tutorial.py
[2022-12-22T09:31:30.716+0000] {processor.py:753} INFO - DAG(s) dict_keys(['tutorial']) retrieved from /home/airflow/.local/lib/python3.7/site-packages/airflow/example_dags/tutorial.py
[2022-12-22T09:31:30.812+0000] {logging_mixin.py:137} INFO - [2022-12-22T09:31:30.812+0000] {dag.py:2676} INFO - Sync 1 DAGs
[2022-12-22T09:31:30.830+0000] {logging_mixin.py:137} INFO - [2022-12-22T09:31:30.830+0000] {dag.py:3427} INFO - Setting next_dagrun for tutorial to 2022-12-21T09:31:30.829631+00:00, run_after=2022-12-22T09:31:30.829631+00:00
[2022-12-22T09:31:30.962+0000] {processor.py:175} INFO - Processing /home/airflow/.local/lib/python3.7/site-packages/airflow/example_dags/tutorial.py took 0.333 seconds
[2022-12-22T09:32:03.224+0000] {processor.py:153} INFO - Started process (PID=1304) to work on /home/airflow/.local/lib/python3.7/site-packages/airflow/example_dags/tutorial.py
[2022-12-22T09:32:03.233+0000] {processor.py:743} INFO - Processing file /home/airflow/.local/lib/python3.7/site-packages/airflow/example_dags/tutorial.py for tasks to queue
[2022-12-22T09:32:03.251+0000] {logging_mixin.py:137} INFO - [2022-12-22T09:32:03.251+0000] {dagbag.py:538} INFO - Filling up the DagBag from /home/airflow/.local/lib/python3.7/site-packages/airflow/example_dags/tutorial.py
[2022-12-22T09:32:03.298+0000] {processor.py:753} INFO - DAG(s) dict_keys(['tutorial']) retrieved from /home/airflow/.local/lib/python3.7/site-packages/airflow/example_dags/tutorial.py
[2022-12-22T09:32:03.424+0000] {logging_mixin.py:137} INFO - [2022-12-22T09:32:03.422+0000] {dag.py:2676} INFO - Sync 1 DAGs
[2022-12-22T09:32:03.484+0000] {logging_mixin.py:137} INFO - [2022-12-22T09:32:03.483+0000] {dag.py:3427} INFO - Setting next_dagrun for tutorial to 2022-12-21T09:32:03.483600+00:00, run_after=2022-12-22T09:32:03.483600+00:00
[2022-12-22T09:32:03.555+0000] {processor.py:175} INFO - Processing /home/airflow/.local/lib/python3.7/site-packages/airflow/example_dags/tutorial.py took 0.340 seconds
[2022-12-22T09:32:36.654+0000] {processor.py:153} INFO - Started process (PID=1377) to work on /home/airflow/.local/lib/python3.7/site-packages/airflow/example_dags/tutorial.py
[2022-12-22T09:32:36.658+0000] {processor.py:743} INFO - Processing file /home/airflow/.local/lib/python3.7/site-packages/airflow/example_dags/tutorial.py for tasks to queue
[2022-12-22T09:32:36.662+0000] {logging_mixin.py:137} INFO - [2022-12-22T09:32:36.661+0000] {dagbag.py:538} INFO - Filling up the DagBag from /home/airflow/.local/lib/python3.7/site-packages/airflow/example_dags/tutorial.py
[2022-12-22T09:32:36.703+0000] {processor.py:753} INFO - DAG(s) dict_keys(['tutorial']) retrieved from /home/airflow/.local/lib/python3.7/site-packages/airflow/example_dags/tutorial.py
[2022-12-22T09:32:36.758+0000] {logging_mixin.py:137} INFO - [2022-12-22T09:32:36.758+0000] {dag.py:2676} INFO - Sync 1 DAGs
[2022-12-22T09:32:36.825+0000] {logging_mixin.py:137} INFO - [2022-12-22T09:32:36.825+0000] {dag.py:3427} INFO - Setting next_dagrun for tutorial to 2022-12-21T09:32:36.825333+00:00, run_after=2022-12-22T09:32:36.825333+00:00
[2022-12-22T09:32:36.856+0000] {processor.py:175} INFO - Processing /home/airflow/.local/lib/python3.7/site-packages/airflow/example_dags/tutorial.py took 0.205 seconds
[2022-12-22T09:33:07.546+0000] {processor.py:153} INFO - Started process (PID=1445) to work on /home/airflow/.local/lib/python3.7/site-packages/airflow/example_dags/tutorial.py
[2022-12-22T09:33:07.549+0000] {processor.py:743} INFO - Processing file /home/airflow/.local/lib/python3.7/site-packages/airflow/example_dags/tutorial.py for tasks to queue
[2022-12-22T09:33:07.550+0000] {logging_mixin.py:137} INFO - [2022-12-22T09:33:07.550+0000] {dagbag.py:538} INFO - Filling up the DagBag from /home/airflow/.local/lib/python3.7/site-packages/airflow/example_dags/tutorial.py
[2022-12-22T09:33:07.570+0000] {processor.py:753} INFO - DAG(s) dict_keys(['tutorial']) retrieved from /home/airflow/.local/lib/python3.7/site-packages/airflow/example_dags/tutorial.py
[2022-12-22T09:33:07.604+0000] {logging_mixin.py:137} INFO - [2022-12-22T09:33:07.604+0000] {dag.py:2676} INFO - Sync 1 DAGs
[2022-12-22T09:33:07.632+0000] {logging_mixin.py:137} INFO - [2022-12-22T09:33:07.632+0000] {dag.py:3427} INFO - Setting next_dagrun for tutorial to 2022-12-21T09:33:07.632287+00:00, run_after=2022-12-22T09:33:07.632287+00:00
[2022-12-22T09:33:07.651+0000] {processor.py:175} INFO - Processing /home/airflow/.local/lib/python3.7/site-packages/airflow/example_dags/tutorial.py took 0.107 seconds
[2022-12-22T09:33:37.774+0000] {processor.py:153} INFO - Started process (PID=1508) to work on /home/airflow/.local/lib/python3.7/site-packages/airflow/example_dags/tutorial.py
[2022-12-22T09:33:37.776+0000] {processor.py:743} INFO - Processing file /home/airflow/.local/lib/python3.7/site-packages/airflow/example_dags/tutorial.py for tasks to queue
[2022-12-22T09:33:37.777+0000] {logging_mixin.py:137} INFO - [2022-12-22T09:33:37.777+0000] {dagbag.py:538} INFO - Filling up the DagBag from /home/airflow/.local/lib/python3.7/site-packages/airflow/example_dags/tutorial.py
[2022-12-22T09:33:37.789+0000] {processor.py:753} INFO - DAG(s) dict_keys(['tutorial']) retrieved from /home/airflow/.local/lib/python3.7/site-packages/airflow/example_dags/tutorial.py
[2022-12-22T09:33:37.816+0000] {logging_mixin.py:137} INFO - [2022-12-22T09:33:37.816+0000] {dag.py:2676} INFO - Sync 1 DAGs
[2022-12-22T09:33:37.836+0000] {logging_mixin.py:137} INFO - [2022-12-22T09:33:37.836+0000] {dag.py:3427} INFO - Setting next_dagrun for tutorial to 2022-12-21T09:33:37.836481+00:00, run_after=2022-12-22T09:33:37.836481+00:00
[2022-12-22T09:33:37.850+0000] {processor.py:175} INFO - Processing /home/airflow/.local/lib/python3.7/site-packages/airflow/example_dags/tutorial.py took 0.079 seconds
[2022-12-22T12:54:17.418+0000] {processor.py:153} INFO - Started process (PID=98) to work on /home/airflow/.local/lib/python3.7/site-packages/airflow/example_dags/tutorial.py
[2022-12-22T12:54:17.567+0000] {processor.py:743} INFO - Processing file /home/airflow/.local/lib/python3.7/site-packages/airflow/example_dags/tutorial.py for tasks to queue
[2022-12-22T12:54:17.585+0000] {logging_mixin.py:137} INFO - [2022-12-22T12:54:17.585+0000] {dagbag.py:538} INFO - Filling up the DagBag from /home/airflow/.local/lib/python3.7/site-packages/airflow/example_dags/tutorial.py
[2022-12-22T12:54:19.822+0000] {processor.py:753} INFO - DAG(s) dict_keys(['tutorial']) retrieved from /home/airflow/.local/lib/python3.7/site-packages/airflow/example_dags/tutorial.py
[2022-12-22T12:54:21.597+0000] {logging_mixin.py:137} INFO - [2022-12-22T12:54:21.597+0000] {dag.py:2676} INFO - Sync 1 DAGs
[2022-12-22T12:54:22.524+0000] {logging_mixin.py:137} INFO - [2022-12-22T12:54:22.523+0000] {dag.py:3427} INFO - Setting next_dagrun for tutorial to 2022-12-21T12:54:22.388600+00:00, run_after=2022-12-22T12:54:22.388600+00:00
[2022-12-22T12:54:23.640+0000] {processor.py:175} INFO - Processing /home/airflow/.local/lib/python3.7/site-packages/airflow/example_dags/tutorial.py took 6.236 seconds
[2022-12-22T13:29:21.168+0000] {processor.py:153} INFO - Started process (PID=76) to work on /home/airflow/.local/lib/python3.7/site-packages/airflow/example_dags/tutorial.py
[2022-12-22T13:29:21.171+0000] {processor.py:743} INFO - Processing file /home/airflow/.local/lib/python3.7/site-packages/airflow/example_dags/tutorial.py for tasks to queue
[2022-12-22T13:29:21.174+0000] {logging_mixin.py:137} INFO - [2022-12-22T13:29:21.174+0000] {dagbag.py:538} INFO - Filling up the DagBag from /home/airflow/.local/lib/python3.7/site-packages/airflow/example_dags/tutorial.py
[2022-12-22T13:29:21.241+0000] {processor.py:753} INFO - DAG(s) dict_keys(['tutorial']) retrieved from /home/airflow/.local/lib/python3.7/site-packages/airflow/example_dags/tutorial.py
[2022-12-22T13:29:21.369+0000] {logging_mixin.py:137} INFO - [2022-12-22T13:29:21.368+0000] {dag.py:2676} INFO - Sync 1 DAGs
[2022-12-22T13:29:21.466+0000] {logging_mixin.py:137} INFO - [2022-12-22T13:29:21.466+0000] {dag.py:3427} INFO - Setting next_dagrun for tutorial to 2022-12-21T13:29:21.465665+00:00, run_after=2022-12-22T13:29:21.465665+00:00
[2022-12-22T13:29:21.610+0000] {processor.py:175} INFO - Processing /home/airflow/.local/lib/python3.7/site-packages/airflow/example_dags/tutorial.py took 0.448 seconds
[2022-12-22T13:29:53.460+0000] {processor.py:153} INFO - Started process (PID=140) to work on /home/airflow/.local/lib/python3.7/site-packages/airflow/example_dags/tutorial.py
[2022-12-22T13:29:53.464+0000] {processor.py:743} INFO - Processing file /home/airflow/.local/lib/python3.7/site-packages/airflow/example_dags/tutorial.py for tasks to queue
[2022-12-22T13:29:53.467+0000] {logging_mixin.py:137} INFO - [2022-12-22T13:29:53.467+0000] {dagbag.py:538} INFO - Filling up the DagBag from /home/airflow/.local/lib/python3.7/site-packages/airflow/example_dags/tutorial.py
[2022-12-22T13:29:53.500+0000] {processor.py:753} INFO - DAG(s) dict_keys(['tutorial']) retrieved from /home/airflow/.local/lib/python3.7/site-packages/airflow/example_dags/tutorial.py
[2022-12-22T13:29:53.598+0000] {logging_mixin.py:137} INFO - [2022-12-22T13:29:53.598+0000] {dag.py:2676} INFO - Sync 1 DAGs
[2022-12-22T13:29:53.634+0000] {logging_mixin.py:137} INFO - [2022-12-22T13:29:53.634+0000] {dag.py:3427} INFO - Setting next_dagrun for tutorial to 2022-12-21T13:29:53.634184+00:00, run_after=2022-12-22T13:29:53.634184+00:00
[2022-12-22T13:29:53.655+0000] {processor.py:175} INFO - Processing /home/airflow/.local/lib/python3.7/site-packages/airflow/example_dags/tutorial.py took 0.205 seconds
[2022-12-22T13:30:24.304+0000] {processor.py:153} INFO - Started process (PID=203) to work on /home/airflow/.local/lib/python3.7/site-packages/airflow/example_dags/tutorial.py
[2022-12-22T13:30:24.335+0000] {processor.py:743} INFO - Processing file /home/airflow/.local/lib/python3.7/site-packages/airflow/example_dags/tutorial.py for tasks to queue
[2022-12-22T13:30:24.339+0000] {logging_mixin.py:137} INFO - [2022-12-22T13:30:24.339+0000] {dagbag.py:538} INFO - Filling up the DagBag from /home/airflow/.local/lib/python3.7/site-packages/airflow/example_dags/tutorial.py
[2022-12-22T13:30:24.367+0000] {processor.py:753} INFO - DAG(s) dict_keys(['tutorial']) retrieved from /home/airflow/.local/lib/python3.7/site-packages/airflow/example_dags/tutorial.py
[2022-12-22T13:30:24.424+0000] {logging_mixin.py:137} INFO - [2022-12-22T13:30:24.423+0000] {dag.py:2676} INFO - Sync 1 DAGs
[2022-12-22T13:30:24.446+0000] {logging_mixin.py:137} INFO - [2022-12-22T13:30:24.446+0000] {dag.py:3427} INFO - Setting next_dagrun for tutorial to 2022-12-21T13:30:24.445933+00:00, run_after=2022-12-22T13:30:24.445933+00:00
[2022-12-22T13:30:24.458+0000] {processor.py:175} INFO - Processing /home/airflow/.local/lib/python3.7/site-packages/airflow/example_dags/tutorial.py took 0.158 seconds
[2022-12-22T13:30:54.793+0000] {processor.py:153} INFO - Started process (PID=278) to work on /home/airflow/.local/lib/python3.7/site-packages/airflow/example_dags/tutorial.py
[2022-12-22T13:30:54.803+0000] {processor.py:743} INFO - Processing file /home/airflow/.local/lib/python3.7/site-packages/airflow/example_dags/tutorial.py for tasks to queue
[2022-12-22T13:30:54.807+0000] {logging_mixin.py:137} INFO - [2022-12-22T13:30:54.807+0000] {dagbag.py:538} INFO - Filling up the DagBag from /home/airflow/.local/lib/python3.7/site-packages/airflow/example_dags/tutorial.py
[2022-12-22T13:30:54.865+0000] {processor.py:753} INFO - DAG(s) dict_keys(['tutorial']) retrieved from /home/airflow/.local/lib/python3.7/site-packages/airflow/example_dags/tutorial.py
[2022-12-22T13:30:54.940+0000] {logging_mixin.py:137} INFO - [2022-12-22T13:30:54.940+0000] {dag.py:2676} INFO - Sync 1 DAGs
[2022-12-22T13:30:54.977+0000] {logging_mixin.py:137} INFO - [2022-12-22T13:30:54.977+0000] {dag.py:3427} INFO - Setting next_dagrun for tutorial to 2022-12-21T13:30:54.977039+00:00, run_after=2022-12-22T13:30:54.977039+00:00
[2022-12-22T13:30:55.004+0000] {processor.py:175} INFO - Processing /home/airflow/.local/lib/python3.7/site-packages/airflow/example_dags/tutorial.py took 0.214 seconds
[2022-12-22T13:31:25.524+0000] {processor.py:153} INFO - Started process (PID=353) to work on /home/airflow/.local/lib/python3.7/site-packages/airflow/example_dags/tutorial.py
[2022-12-22T13:31:25.526+0000] {processor.py:743} INFO - Processing file /home/airflow/.local/lib/python3.7/site-packages/airflow/example_dags/tutorial.py for tasks to queue
[2022-12-22T13:31:25.528+0000] {logging_mixin.py:137} INFO - [2022-12-22T13:31:25.528+0000] {dagbag.py:538} INFO - Filling up the DagBag from /home/airflow/.local/lib/python3.7/site-packages/airflow/example_dags/tutorial.py
[2022-12-22T13:31:25.540+0000] {processor.py:753} INFO - DAG(s) dict_keys(['tutorial']) retrieved from /home/airflow/.local/lib/python3.7/site-packages/airflow/example_dags/tutorial.py
[2022-12-22T13:31:25.570+0000] {logging_mixin.py:137} INFO - [2022-12-22T13:31:25.570+0000] {dag.py:2676} INFO - Sync 1 DAGs
[2022-12-22T13:31:25.592+0000] {logging_mixin.py:137} INFO - [2022-12-22T13:31:25.592+0000] {dag.py:3427} INFO - Setting next_dagrun for tutorial to 2022-12-21T13:31:25.591877+00:00, run_after=2022-12-22T13:31:25.591877+00:00
[2022-12-22T13:31:25.609+0000] {processor.py:175} INFO - Processing /home/airflow/.local/lib/python3.7/site-packages/airflow/example_dags/tutorial.py took 0.088 seconds
[2022-12-22T13:31:56.119+0000] {processor.py:153} INFO - Started process (PID=419) to work on /home/airflow/.local/lib/python3.7/site-packages/airflow/example_dags/tutorial.py
[2022-12-22T13:31:56.120+0000] {processor.py:743} INFO - Processing file /home/airflow/.local/lib/python3.7/site-packages/airflow/example_dags/tutorial.py for tasks to queue
[2022-12-22T13:31:56.121+0000] {logging_mixin.py:137} INFO - [2022-12-22T13:31:56.121+0000] {dagbag.py:538} INFO - Filling up the DagBag from /home/airflow/.local/lib/python3.7/site-packages/airflow/example_dags/tutorial.py
[2022-12-22T13:31:56.132+0000] {processor.py:753} INFO - DAG(s) dict_keys(['tutorial']) retrieved from /home/airflow/.local/lib/python3.7/site-packages/airflow/example_dags/tutorial.py
[2022-12-22T13:31:56.157+0000] {logging_mixin.py:137} INFO - [2022-12-22T13:31:56.157+0000] {dag.py:2676} INFO - Sync 1 DAGs
[2022-12-22T13:31:56.173+0000] {logging_mixin.py:137} INFO - [2022-12-22T13:31:56.173+0000] {dag.py:3427} INFO - Setting next_dagrun for tutorial to 2022-12-21T13:31:56.173335+00:00, run_after=2022-12-22T13:31:56.173335+00:00
[2022-12-22T13:31:56.186+0000] {processor.py:175} INFO - Processing /home/airflow/.local/lib/python3.7/site-packages/airflow/example_dags/tutorial.py took 0.069 seconds
