[2022-12-17T03:11:45.249+0000] {taskinstance.py:1165} INFO - Dependencies all met for <TaskInstance: Can_I_change_name_to_this.task_10 manual__2022-12-17T03:10:54.152849+00:00 [queued]>
[2022-12-17T03:11:45.263+0000] {taskinstance.py:1165} INFO - Dependencies all met for <TaskInstance: Can_I_change_name_to_this.task_10 manual__2022-12-17T03:10:54.152849+00:00 [queued]>
[2022-12-17T03:11:45.264+0000] {taskinstance.py:1362} INFO - 
--------------------------------------------------------------------------------
[2022-12-17T03:11:45.266+0000] {taskinstance.py:1363} INFO - Starting attempt 1 of 1
[2022-12-17T03:11:45.269+0000] {taskinstance.py:1364} INFO - 
--------------------------------------------------------------------------------
[2022-12-17T03:11:45.283+0000] {taskinstance.py:1383} INFO - Executing <Task(BashOperator): task_10> on 2022-12-17 03:10:54.152849+00:00
[2022-12-17T03:11:45.290+0000] {standard_task_runner.py:55} INFO - Started process 646 to run task
[2022-12-17T03:11:45.295+0000] {standard_task_runner.py:82} INFO - Running: ['***', 'tasks', 'run', 'Can_I_change_name_to_this', 'task_10', 'manual__2022-12-17T03:10:54.152849+00:00', '--job-id', '92', '--raw', '--subdir', 'DAGS_FOLDER/dags.py', '--cfg-path', '/tmp/tmp1aqf7rh0']
[2022-12-17T03:11:45.296+0000] {standard_task_runner.py:83} INFO - Job 92: Subtask task_10
[2022-12-17T03:11:45.380+0000] {task_command.py:376} INFO - Running <TaskInstance: Can_I_change_name_to_this.task_10 manual__2022-12-17T03:10:54.152849+00:00 [running]> on host c8f80f7eb8b2
[2022-12-17T03:11:45.471+0000] {taskinstance.py:1592} INFO - Exporting the following env vars:
AIRFLOW_CTX_DAG_OWNER=***
AIRFLOW_CTX_DAG_ID=Can_I_change_name_to_this
AIRFLOW_CTX_TASK_ID=task_10
AIRFLOW_CTX_EXECUTION_DATE=2022-12-17T03:10:54.152849+00:00
AIRFLOW_CTX_TRY_NUMBER=1
AIRFLOW_CTX_DAG_RUN_ID=manual__2022-12-17T03:10:54.152849+00:00
[2022-12-17T03:11:45.479+0000] {subprocess.py:63} INFO - Tmp dir root location: 
 /tmp
[2022-12-17T03:11:45.483+0000] {subprocess.py:75} INFO - Running command: ['/bin/bash', '-c', 'sleep 1']
[2022-12-17T03:11:45.505+0000] {subprocess.py:86} INFO - Output:
[2022-12-17T03:11:46.530+0000] {subprocess.py:97} INFO - Command exited with return code 0
[2022-12-17T03:11:46.663+0000] {taskinstance.py:1406} INFO - Marking task as SUCCESS. dag_id=Can_I_change_name_to_this, task_id=task_10, execution_date=20221217T031054, start_date=20221217T031145, end_date=20221217T031146
[2022-12-17T03:11:46.716+0000] {local_task_job.py:159} INFO - Task exited with return code 0
[2022-12-17T03:11:46.756+0000] {taskinstance.py:2623} INFO - 2 downstream tasks scheduled from follow-on schedule check
