[2022-12-23T09:42:19.538+0000] {processor.py:153} INFO - Started process (PID=60) to work on /home/airflow/.local/lib/python3.7/site-packages/airflow/example_dags/example_latest_only_with_trigger.py
[2022-12-23T09:42:19.544+0000] {processor.py:743} INFO - Processing file /home/airflow/.local/lib/python3.7/site-packages/airflow/example_dags/example_latest_only_with_trigger.py for tasks to queue
[2022-12-23T09:42:19.549+0000] {logging_mixin.py:137} INFO - [2022-12-23T09:42:19.548+0000] {dagbag.py:538} INFO - Filling up the DagBag from /home/airflow/.local/lib/python3.7/site-packages/airflow/example_dags/example_latest_only_with_trigger.py
[2022-12-23T09:42:19.577+0000] {processor.py:753} INFO - DAG(s) dict_keys(['latest_only_with_trigger']) retrieved from /home/airflow/.local/lib/python3.7/site-packages/airflow/example_dags/example_latest_only_with_trigger.py
[2022-12-23T09:42:19.632+0000] {logging_mixin.py:137} INFO - [2022-12-23T09:42:19.632+0000] {dag.py:2676} INFO - Sync 1 DAGs
[2022-12-23T09:42:19.662+0000] {logging_mixin.py:137} INFO - [2022-12-23T09:42:19.662+0000] {dag.py:3427} INFO - Setting next_dagrun for latest_only_with_trigger to 2022-12-23T05:42:19.662430+00:00, run_after=2022-12-23T09:42:19.662430+00:00
[2022-12-23T09:42:19.682+0000] {processor.py:175} INFO - Processing /home/airflow/.local/lib/python3.7/site-packages/airflow/example_dags/example_latest_only_with_trigger.py took 0.156 seconds
[2022-12-23T09:42:50.420+0000] {processor.py:153} INFO - Started process (PID=123) to work on /home/airflow/.local/lib/python3.7/site-packages/airflow/example_dags/example_latest_only_with_trigger.py
[2022-12-23T09:42:50.422+0000] {processor.py:743} INFO - Processing file /home/airflow/.local/lib/python3.7/site-packages/airflow/example_dags/example_latest_only_with_trigger.py for tasks to queue
[2022-12-23T09:42:50.423+0000] {logging_mixin.py:137} INFO - [2022-12-23T09:42:50.423+0000] {dagbag.py:538} INFO - Filling up the DagBag from /home/airflow/.local/lib/python3.7/site-packages/airflow/example_dags/example_latest_only_with_trigger.py
[2022-12-23T09:42:50.437+0000] {processor.py:753} INFO - DAG(s) dict_keys(['latest_only_with_trigger']) retrieved from /home/airflow/.local/lib/python3.7/site-packages/airflow/example_dags/example_latest_only_with_trigger.py
[2022-12-23T09:42:50.467+0000] {logging_mixin.py:137} INFO - [2022-12-23T09:42:50.467+0000] {dag.py:2676} INFO - Sync 1 DAGs
[2022-12-23T09:42:50.487+0000] {logging_mixin.py:137} INFO - [2022-12-23T09:42:50.487+0000] {dag.py:3427} INFO - Setting next_dagrun for latest_only_with_trigger to 2022-12-23T05:42:50.487070+00:00, run_after=2022-12-23T09:42:50.487070+00:00
[2022-12-23T09:42:50.501+0000] {processor.py:175} INFO - Processing /home/airflow/.local/lib/python3.7/site-packages/airflow/example_dags/example_latest_only_with_trigger.py took 0.083 seconds
[2022-12-23T09:43:21.109+0000] {processor.py:153} INFO - Started process (PID=185) to work on /home/airflow/.local/lib/python3.7/site-packages/airflow/example_dags/example_latest_only_with_trigger.py
[2022-12-23T09:43:21.112+0000] {processor.py:743} INFO - Processing file /home/airflow/.local/lib/python3.7/site-packages/airflow/example_dags/example_latest_only_with_trigger.py for tasks to queue
[2022-12-23T09:43:21.115+0000] {logging_mixin.py:137} INFO - [2022-12-23T09:43:21.114+0000] {dagbag.py:538} INFO - Filling up the DagBag from /home/airflow/.local/lib/python3.7/site-packages/airflow/example_dags/example_latest_only_with_trigger.py
[2022-12-23T09:43:21.133+0000] {processor.py:753} INFO - DAG(s) dict_keys(['latest_only_with_trigger']) retrieved from /home/airflow/.local/lib/python3.7/site-packages/airflow/example_dags/example_latest_only_with_trigger.py
[2022-12-23T09:43:21.165+0000] {logging_mixin.py:137} INFO - [2022-12-23T09:43:21.165+0000] {dag.py:2676} INFO - Sync 1 DAGs
[2022-12-23T09:43:21.182+0000] {logging_mixin.py:137} INFO - [2022-12-23T09:43:21.182+0000] {dag.py:3427} INFO - Setting next_dagrun for latest_only_with_trigger to 2022-12-23T05:43:21.182053+00:00, run_after=2022-12-23T09:43:21.182053+00:00
[2022-12-23T09:43:21.201+0000] {processor.py:175} INFO - Processing /home/airflow/.local/lib/python3.7/site-packages/airflow/example_dags/example_latest_only_with_trigger.py took 0.095 seconds
[2022-12-23T09:43:51.522+0000] {processor.py:153} INFO - Started process (PID=259) to work on /home/airflow/.local/lib/python3.7/site-packages/airflow/example_dags/example_latest_only_with_trigger.py
[2022-12-23T09:43:51.525+0000] {processor.py:743} INFO - Processing file /home/airflow/.local/lib/python3.7/site-packages/airflow/example_dags/example_latest_only_with_trigger.py for tasks to queue
[2022-12-23T09:43:51.527+0000] {logging_mixin.py:137} INFO - [2022-12-23T09:43:51.527+0000] {dagbag.py:538} INFO - Filling up the DagBag from /home/airflow/.local/lib/python3.7/site-packages/airflow/example_dags/example_latest_only_with_trigger.py
[2022-12-23T09:43:51.543+0000] {processor.py:753} INFO - DAG(s) dict_keys(['latest_only_with_trigger']) retrieved from /home/airflow/.local/lib/python3.7/site-packages/airflow/example_dags/example_latest_only_with_trigger.py
[2022-12-23T09:43:51.578+0000] {logging_mixin.py:137} INFO - [2022-12-23T09:43:51.578+0000] {dag.py:2676} INFO - Sync 1 DAGs
[2022-12-23T09:43:51.603+0000] {logging_mixin.py:137} INFO - [2022-12-23T09:43:51.603+0000] {dag.py:3427} INFO - Setting next_dagrun for latest_only_with_trigger to 2022-12-23T05:43:51.602854+00:00, run_after=2022-12-23T09:43:51.602854+00:00
[2022-12-23T09:43:51.627+0000] {processor.py:175} INFO - Processing /home/airflow/.local/lib/python3.7/site-packages/airflow/example_dags/example_latest_only_with_trigger.py took 0.109 seconds
[2022-12-23T09:44:21.763+0000] {processor.py:153} INFO - Started process (PID=323) to work on /home/airflow/.local/lib/python3.7/site-packages/airflow/example_dags/example_latest_only_with_trigger.py
[2022-12-23T09:44:21.766+0000] {processor.py:743} INFO - Processing file /home/airflow/.local/lib/python3.7/site-packages/airflow/example_dags/example_latest_only_with_trigger.py for tasks to queue
[2022-12-23T09:44:21.767+0000] {logging_mixin.py:137} INFO - [2022-12-23T09:44:21.767+0000] {dagbag.py:538} INFO - Filling up the DagBag from /home/airflow/.local/lib/python3.7/site-packages/airflow/example_dags/example_latest_only_with_trigger.py
[2022-12-23T09:44:21.789+0000] {processor.py:753} INFO - DAG(s) dict_keys(['latest_only_with_trigger']) retrieved from /home/airflow/.local/lib/python3.7/site-packages/airflow/example_dags/example_latest_only_with_trigger.py
[2022-12-23T09:44:21.831+0000] {logging_mixin.py:137} INFO - [2022-12-23T09:44:21.831+0000] {dag.py:2676} INFO - Sync 1 DAGs
[2022-12-23T09:44:21.867+0000] {logging_mixin.py:137} INFO - [2022-12-23T09:44:21.867+0000] {dag.py:3427} INFO - Setting next_dagrun for latest_only_with_trigger to 2022-12-23T05:44:21.867422+00:00, run_after=2022-12-23T09:44:21.867422+00:00
[2022-12-23T09:44:21.890+0000] {processor.py:175} INFO - Processing /home/airflow/.local/lib/python3.7/site-packages/airflow/example_dags/example_latest_only_with_trigger.py took 0.130 seconds
[2022-12-23T09:44:51.919+0000] {processor.py:153} INFO - Started process (PID=385) to work on /home/airflow/.local/lib/python3.7/site-packages/airflow/example_dags/example_latest_only_with_trigger.py
[2022-12-23T09:44:51.920+0000] {processor.py:743} INFO - Processing file /home/airflow/.local/lib/python3.7/site-packages/airflow/example_dags/example_latest_only_with_trigger.py for tasks to queue
[2022-12-23T09:44:51.922+0000] {logging_mixin.py:137} INFO - [2022-12-23T09:44:51.922+0000] {dagbag.py:538} INFO - Filling up the DagBag from /home/airflow/.local/lib/python3.7/site-packages/airflow/example_dags/example_latest_only_with_trigger.py
[2022-12-23T09:44:51.933+0000] {processor.py:753} INFO - DAG(s) dict_keys(['latest_only_with_trigger']) retrieved from /home/airflow/.local/lib/python3.7/site-packages/airflow/example_dags/example_latest_only_with_trigger.py
[2022-12-23T09:44:51.957+0000] {logging_mixin.py:137} INFO - [2022-12-23T09:44:51.957+0000] {dag.py:2676} INFO - Sync 1 DAGs
[2022-12-23T09:44:51.974+0000] {logging_mixin.py:137} INFO - [2022-12-23T09:44:51.974+0000] {dag.py:3427} INFO - Setting next_dagrun for latest_only_with_trigger to 2022-12-23T05:44:51.973906+00:00, run_after=2022-12-23T09:44:51.973906+00:00
[2022-12-23T09:44:51.987+0000] {processor.py:175} INFO - Processing /home/airflow/.local/lib/python3.7/site-packages/airflow/example_dags/example_latest_only_with_trigger.py took 0.071 seconds
[2022-12-23T09:45:22.711+0000] {processor.py:153} INFO - Started process (PID=448) to work on /home/airflow/.local/lib/python3.7/site-packages/airflow/example_dags/example_latest_only_with_trigger.py
[2022-12-23T09:45:22.713+0000] {processor.py:743} INFO - Processing file /home/airflow/.local/lib/python3.7/site-packages/airflow/example_dags/example_latest_only_with_trigger.py for tasks to queue
[2022-12-23T09:45:22.715+0000] {logging_mixin.py:137} INFO - [2022-12-23T09:45:22.715+0000] {dagbag.py:538} INFO - Filling up the DagBag from /home/airflow/.local/lib/python3.7/site-packages/airflow/example_dags/example_latest_only_with_trigger.py
[2022-12-23T09:45:22.726+0000] {processor.py:753} INFO - DAG(s) dict_keys(['latest_only_with_trigger']) retrieved from /home/airflow/.local/lib/python3.7/site-packages/airflow/example_dags/example_latest_only_with_trigger.py
[2022-12-23T09:45:22.758+0000] {logging_mixin.py:137} INFO - [2022-12-23T09:45:22.758+0000] {dag.py:2676} INFO - Sync 1 DAGs
[2022-12-23T09:45:22.783+0000] {logging_mixin.py:137} INFO - [2022-12-23T09:45:22.783+0000] {dag.py:3427} INFO - Setting next_dagrun for latest_only_with_trigger to 2022-12-23T05:45:22.783193+00:00, run_after=2022-12-23T09:45:22.783193+00:00
[2022-12-23T09:45:22.802+0000] {processor.py:175} INFO - Processing /home/airflow/.local/lib/python3.7/site-packages/airflow/example_dags/example_latest_only_with_trigger.py took 0.093 seconds
[2022-12-23T09:45:53.178+0000] {processor.py:153} INFO - Started process (PID=523) to work on /home/airflow/.local/lib/python3.7/site-packages/airflow/example_dags/example_latest_only_with_trigger.py
[2022-12-23T09:45:53.181+0000] {processor.py:743} INFO - Processing file /home/airflow/.local/lib/python3.7/site-packages/airflow/example_dags/example_latest_only_with_trigger.py for tasks to queue
[2022-12-23T09:45:53.183+0000] {logging_mixin.py:137} INFO - [2022-12-23T09:45:53.183+0000] {dagbag.py:538} INFO - Filling up the DagBag from /home/airflow/.local/lib/python3.7/site-packages/airflow/example_dags/example_latest_only_with_trigger.py
[2022-12-23T09:45:53.200+0000] {processor.py:753} INFO - DAG(s) dict_keys(['latest_only_with_trigger']) retrieved from /home/airflow/.local/lib/python3.7/site-packages/airflow/example_dags/example_latest_only_with_trigger.py
[2022-12-23T09:45:53.251+0000] {logging_mixin.py:137} INFO - [2022-12-23T09:45:53.251+0000] {dag.py:2676} INFO - Sync 1 DAGs
[2022-12-23T09:45:53.280+0000] {logging_mixin.py:137} INFO - [2022-12-23T09:45:53.280+0000] {dag.py:3427} INFO - Setting next_dagrun for latest_only_with_trigger to 2022-12-23T05:45:53.279962+00:00, run_after=2022-12-23T09:45:53.279962+00:00
[2022-12-23T09:45:53.323+0000] {processor.py:175} INFO - Processing /home/airflow/.local/lib/python3.7/site-packages/airflow/example_dags/example_latest_only_with_trigger.py took 0.148 seconds
[2022-12-23T09:46:23.571+0000] {processor.py:153} INFO - Started process (PID=585) to work on /home/airflow/.local/lib/python3.7/site-packages/airflow/example_dags/example_latest_only_with_trigger.py
[2022-12-23T09:46:23.581+0000] {processor.py:743} INFO - Processing file /home/airflow/.local/lib/python3.7/site-packages/airflow/example_dags/example_latest_only_with_trigger.py for tasks to queue
[2022-12-23T09:46:23.583+0000] {logging_mixin.py:137} INFO - [2022-12-23T09:46:23.583+0000] {dagbag.py:538} INFO - Filling up the DagBag from /home/airflow/.local/lib/python3.7/site-packages/airflow/example_dags/example_latest_only_with_trigger.py
[2022-12-23T09:46:23.610+0000] {processor.py:753} INFO - DAG(s) dict_keys(['latest_only_with_trigger']) retrieved from /home/airflow/.local/lib/python3.7/site-packages/airflow/example_dags/example_latest_only_with_trigger.py
[2022-12-23T09:46:23.660+0000] {logging_mixin.py:137} INFO - [2022-12-23T09:46:23.660+0000] {dag.py:2676} INFO - Sync 1 DAGs
[2022-12-23T09:46:23.690+0000] {logging_mixin.py:137} INFO - [2022-12-23T09:46:23.690+0000] {dag.py:3427} INFO - Setting next_dagrun for latest_only_with_trigger to 2022-12-23T05:46:23.690603+00:00, run_after=2022-12-23T09:46:23.690603+00:00
[2022-12-23T09:46:23.719+0000] {processor.py:175} INFO - Processing /home/airflow/.local/lib/python3.7/site-packages/airflow/example_dags/example_latest_only_with_trigger.py took 0.153 seconds
[2022-12-23T09:46:54.514+0000] {processor.py:153} INFO - Started process (PID=660) to work on /home/airflow/.local/lib/python3.7/site-packages/airflow/example_dags/example_latest_only_with_trigger.py
[2022-12-23T09:46:54.517+0000] {processor.py:743} INFO - Processing file /home/airflow/.local/lib/python3.7/site-packages/airflow/example_dags/example_latest_only_with_trigger.py for tasks to queue
[2022-12-23T09:46:54.519+0000] {logging_mixin.py:137} INFO - [2022-12-23T09:46:54.519+0000] {dagbag.py:538} INFO - Filling up the DagBag from /home/airflow/.local/lib/python3.7/site-packages/airflow/example_dags/example_latest_only_with_trigger.py
[2022-12-23T09:46:54.549+0000] {processor.py:753} INFO - DAG(s) dict_keys(['latest_only_with_trigger']) retrieved from /home/airflow/.local/lib/python3.7/site-packages/airflow/example_dags/example_latest_only_with_trigger.py
[2022-12-23T09:46:54.600+0000] {logging_mixin.py:137} INFO - [2022-12-23T09:46:54.600+0000] {dag.py:2676} INFO - Sync 1 DAGs
[2022-12-23T09:46:54.652+0000] {logging_mixin.py:137} INFO - [2022-12-23T09:46:54.652+0000] {dag.py:3427} INFO - Setting next_dagrun for latest_only_with_trigger to 2022-12-23T05:46:54.651761+00:00, run_after=2022-12-23T09:46:54.651761+00:00
[2022-12-23T09:46:54.714+0000] {processor.py:175} INFO - Processing /home/airflow/.local/lib/python3.7/site-packages/airflow/example_dags/example_latest_only_with_trigger.py took 0.204 seconds
[2022-12-23T09:47:30.122+0000] {processor.py:153} INFO - Started process (PID=723) to work on /home/airflow/.local/lib/python3.7/site-packages/airflow/example_dags/example_latest_only_with_trigger.py
[2022-12-23T09:47:30.130+0000] {processor.py:743} INFO - Processing file /home/airflow/.local/lib/python3.7/site-packages/airflow/example_dags/example_latest_only_with_trigger.py for tasks to queue
[2022-12-23T09:47:30.133+0000] {logging_mixin.py:137} INFO - [2022-12-23T09:47:30.133+0000] {dagbag.py:538} INFO - Filling up the DagBag from /home/airflow/.local/lib/python3.7/site-packages/airflow/example_dags/example_latest_only_with_trigger.py
[2022-12-23T09:47:30.176+0000] {processor.py:753} INFO - DAG(s) dict_keys(['latest_only_with_trigger']) retrieved from /home/airflow/.local/lib/python3.7/site-packages/airflow/example_dags/example_latest_only_with_trigger.py
[2022-12-23T09:47:30.235+0000] {logging_mixin.py:137} INFO - [2022-12-23T09:47:30.235+0000] {dag.py:2676} INFO - Sync 1 DAGs
[2022-12-23T09:47:30.282+0000] {logging_mixin.py:137} INFO - [2022-12-23T09:47:30.282+0000] {dag.py:3427} INFO - Setting next_dagrun for latest_only_with_trigger to 2022-12-23T05:47:30.282319+00:00, run_after=2022-12-23T09:47:30.282319+00:00
[2022-12-23T09:47:30.315+0000] {processor.py:175} INFO - Processing /home/airflow/.local/lib/python3.7/site-packages/airflow/example_dags/example_latest_only_with_trigger.py took 0.201 seconds
[2022-12-23T09:48:00.456+0000] {processor.py:153} INFO - Started process (PID=787) to work on /home/airflow/.local/lib/python3.7/site-packages/airflow/example_dags/example_latest_only_with_trigger.py
[2022-12-23T09:48:00.458+0000] {processor.py:743} INFO - Processing file /home/airflow/.local/lib/python3.7/site-packages/airflow/example_dags/example_latest_only_with_trigger.py for tasks to queue
[2022-12-23T09:48:00.459+0000] {logging_mixin.py:137} INFO - [2022-12-23T09:48:00.459+0000] {dagbag.py:538} INFO - Filling up the DagBag from /home/airflow/.local/lib/python3.7/site-packages/airflow/example_dags/example_latest_only_with_trigger.py
[2022-12-23T09:48:00.478+0000] {processor.py:753} INFO - DAG(s) dict_keys(['latest_only_with_trigger']) retrieved from /home/airflow/.local/lib/python3.7/site-packages/airflow/example_dags/example_latest_only_with_trigger.py
[2022-12-23T09:48:00.514+0000] {logging_mixin.py:137} INFO - [2022-12-23T09:48:00.514+0000] {dag.py:2676} INFO - Sync 1 DAGs
[2022-12-23T09:48:00.548+0000] {logging_mixin.py:137} INFO - [2022-12-23T09:48:00.548+0000] {dag.py:3427} INFO - Setting next_dagrun for latest_only_with_trigger to 2022-12-23T05:48:00.548555+00:00, run_after=2022-12-23T09:48:00.548555+00:00
[2022-12-23T09:48:00.574+0000] {processor.py:175} INFO - Processing /home/airflow/.local/lib/python3.7/site-packages/airflow/example_dags/example_latest_only_with_trigger.py took 0.121 seconds
[2022-12-23T09:48:31.688+0000] {processor.py:153} INFO - Started process (PID=858) to work on /home/airflow/.local/lib/python3.7/site-packages/airflow/example_dags/example_latest_only_with_trigger.py
[2022-12-23T09:48:31.690+0000] {processor.py:743} INFO - Processing file /home/airflow/.local/lib/python3.7/site-packages/airflow/example_dags/example_latest_only_with_trigger.py for tasks to queue
[2022-12-23T09:48:31.692+0000] {logging_mixin.py:137} INFO - [2022-12-23T09:48:31.692+0000] {dagbag.py:538} INFO - Filling up the DagBag from /home/airflow/.local/lib/python3.7/site-packages/airflow/example_dags/example_latest_only_with_trigger.py
[2022-12-23T09:48:31.722+0000] {processor.py:753} INFO - DAG(s) dict_keys(['latest_only_with_trigger']) retrieved from /home/airflow/.local/lib/python3.7/site-packages/airflow/example_dags/example_latest_only_with_trigger.py
[2022-12-23T09:48:31.818+0000] {logging_mixin.py:137} INFO - [2022-12-23T09:48:31.817+0000] {dag.py:2676} INFO - Sync 1 DAGs
[2022-12-23T09:48:31.912+0000] {logging_mixin.py:137} INFO - [2022-12-23T09:48:31.912+0000] {dag.py:3427} INFO - Setting next_dagrun for latest_only_with_trigger to 2022-12-23T05:48:31.912050+00:00, run_after=2022-12-23T09:48:31.912050+00:00
[2022-12-23T09:48:31.941+0000] {processor.py:175} INFO - Processing /home/airflow/.local/lib/python3.7/site-packages/airflow/example_dags/example_latest_only_with_trigger.py took 0.256 seconds
[2022-12-23T09:49:02.619+0000] {processor.py:153} INFO - Started process (PID=921) to work on /home/airflow/.local/lib/python3.7/site-packages/airflow/example_dags/example_latest_only_with_trigger.py
[2022-12-23T09:49:02.628+0000] {processor.py:743} INFO - Processing file /home/airflow/.local/lib/python3.7/site-packages/airflow/example_dags/example_latest_only_with_trigger.py for tasks to queue
[2022-12-23T09:49:02.638+0000] {logging_mixin.py:137} INFO - [2022-12-23T09:49:02.638+0000] {dagbag.py:538} INFO - Filling up the DagBag from /home/airflow/.local/lib/python3.7/site-packages/airflow/example_dags/example_latest_only_with_trigger.py
[2022-12-23T09:49:02.699+0000] {processor.py:753} INFO - DAG(s) dict_keys(['latest_only_with_trigger']) retrieved from /home/airflow/.local/lib/python3.7/site-packages/airflow/example_dags/example_latest_only_with_trigger.py
[2022-12-23T09:49:02.839+0000] {logging_mixin.py:137} INFO - [2022-12-23T09:49:02.839+0000] {dag.py:2676} INFO - Sync 1 DAGs
[2022-12-23T09:49:02.926+0000] {logging_mixin.py:137} INFO - [2022-12-23T09:49:02.923+0000] {dag.py:3427} INFO - Setting next_dagrun for latest_only_with_trigger to 2022-12-23T05:49:02.923471+00:00, run_after=2022-12-23T09:49:02.923471+00:00
[2022-12-23T09:49:03.019+0000] {processor.py:175} INFO - Processing /home/airflow/.local/lib/python3.7/site-packages/airflow/example_dags/example_latest_only_with_trigger.py took 0.407 seconds
[2022-12-23T09:49:33.391+0000] {processor.py:153} INFO - Started process (PID=988) to work on /home/airflow/.local/lib/python3.7/site-packages/airflow/example_dags/example_latest_only_with_trigger.py
[2022-12-23T09:49:33.394+0000] {processor.py:743} INFO - Processing file /home/airflow/.local/lib/python3.7/site-packages/airflow/example_dags/example_latest_only_with_trigger.py for tasks to queue
[2022-12-23T09:49:33.409+0000] {logging_mixin.py:137} INFO - [2022-12-23T09:49:33.408+0000] {dagbag.py:538} INFO - Filling up the DagBag from /home/airflow/.local/lib/python3.7/site-packages/airflow/example_dags/example_latest_only_with_trigger.py
[2022-12-23T09:49:33.448+0000] {processor.py:753} INFO - DAG(s) dict_keys(['latest_only_with_trigger']) retrieved from /home/airflow/.local/lib/python3.7/site-packages/airflow/example_dags/example_latest_only_with_trigger.py
[2022-12-23T09:49:33.511+0000] {logging_mixin.py:137} INFO - [2022-12-23T09:49:33.511+0000] {dag.py:2676} INFO - Sync 1 DAGs
[2022-12-23T09:49:33.549+0000] {logging_mixin.py:137} INFO - [2022-12-23T09:49:33.549+0000] {dag.py:3427} INFO - Setting next_dagrun for latest_only_with_trigger to 2022-12-23T05:49:33.549137+00:00, run_after=2022-12-23T09:49:33.549137+00:00
[2022-12-23T09:49:33.593+0000] {processor.py:175} INFO - Processing /home/airflow/.local/lib/python3.7/site-packages/airflow/example_dags/example_latest_only_with_trigger.py took 0.211 seconds
[2022-12-23T09:50:07.716+0000] {processor.py:153} INFO - Started process (PID=1051) to work on /home/airflow/.local/lib/python3.7/site-packages/airflow/example_dags/example_latest_only_with_trigger.py
[2022-12-23T09:50:07.724+0000] {processor.py:743} INFO - Processing file /home/airflow/.local/lib/python3.7/site-packages/airflow/example_dags/example_latest_only_with_trigger.py for tasks to queue
[2022-12-23T09:50:07.730+0000] {logging_mixin.py:137} INFO - [2022-12-23T09:50:07.729+0000] {dagbag.py:538} INFO - Filling up the DagBag from /home/airflow/.local/lib/python3.7/site-packages/airflow/example_dags/example_latest_only_with_trigger.py
[2022-12-23T09:50:07.858+0000] {processor.py:753} INFO - DAG(s) dict_keys(['latest_only_with_trigger']) retrieved from /home/airflow/.local/lib/python3.7/site-packages/airflow/example_dags/example_latest_only_with_trigger.py
[2022-12-23T09:50:08.275+0000] {logging_mixin.py:137} INFO - [2022-12-23T09:50:08.272+0000] {dag.py:2676} INFO - Sync 1 DAGs
[2022-12-23T09:50:08.380+0000] {logging_mixin.py:137} INFO - [2022-12-23T09:50:08.379+0000] {dag.py:3427} INFO - Setting next_dagrun for latest_only_with_trigger to 2022-12-23T05:50:08.378955+00:00, run_after=2022-12-23T09:50:08.378955+00:00
[2022-12-23T09:50:08.446+0000] {processor.py:175} INFO - Processing /home/airflow/.local/lib/python3.7/site-packages/airflow/example_dags/example_latest_only_with_trigger.py took 0.743 seconds
[2022-12-23T09:50:38.887+0000] {processor.py:153} INFO - Started process (PID=1114) to work on /home/airflow/.local/lib/python3.7/site-packages/airflow/example_dags/example_latest_only_with_trigger.py
[2022-12-23T09:50:38.890+0000] {processor.py:743} INFO - Processing file /home/airflow/.local/lib/python3.7/site-packages/airflow/example_dags/example_latest_only_with_trigger.py for tasks to queue
[2022-12-23T09:50:38.892+0000] {logging_mixin.py:137} INFO - [2022-12-23T09:50:38.892+0000] {dagbag.py:538} INFO - Filling up the DagBag from /home/airflow/.local/lib/python3.7/site-packages/airflow/example_dags/example_latest_only_with_trigger.py
[2022-12-23T09:50:38.919+0000] {processor.py:753} INFO - DAG(s) dict_keys(['latest_only_with_trigger']) retrieved from /home/airflow/.local/lib/python3.7/site-packages/airflow/example_dags/example_latest_only_with_trigger.py
[2022-12-23T09:50:38.972+0000] {logging_mixin.py:137} INFO - [2022-12-23T09:50:38.972+0000] {dag.py:2676} INFO - Sync 1 DAGs
[2022-12-23T09:50:39.013+0000] {logging_mixin.py:137} INFO - [2022-12-23T09:50:39.013+0000] {dag.py:3427} INFO - Setting next_dagrun for latest_only_with_trigger to 2022-12-23T05:50:39.012901+00:00, run_after=2022-12-23T09:50:39.012901+00:00
[2022-12-23T09:50:39.039+0000] {processor.py:175} INFO - Processing /home/airflow/.local/lib/python3.7/site-packages/airflow/example_dags/example_latest_only_with_trigger.py took 0.158 seconds
[2022-12-23T09:51:09.497+0000] {processor.py:153} INFO - Started process (PID=1186) to work on /home/airflow/.local/lib/python3.7/site-packages/airflow/example_dags/example_latest_only_with_trigger.py
[2022-12-23T09:51:09.501+0000] {processor.py:743} INFO - Processing file /home/airflow/.local/lib/python3.7/site-packages/airflow/example_dags/example_latest_only_with_trigger.py for tasks to queue
[2022-12-23T09:51:09.504+0000] {logging_mixin.py:137} INFO - [2022-12-23T09:51:09.504+0000] {dagbag.py:538} INFO - Filling up the DagBag from /home/airflow/.local/lib/python3.7/site-packages/airflow/example_dags/example_latest_only_with_trigger.py
[2022-12-23T09:51:09.521+0000] {processor.py:753} INFO - DAG(s) dict_keys(['latest_only_with_trigger']) retrieved from /home/airflow/.local/lib/python3.7/site-packages/airflow/example_dags/example_latest_only_with_trigger.py
[2022-12-23T09:51:09.566+0000] {logging_mixin.py:137} INFO - [2022-12-23T09:51:09.565+0000] {dag.py:2676} INFO - Sync 1 DAGs
[2022-12-23T09:51:09.605+0000] {logging_mixin.py:137} INFO - [2022-12-23T09:51:09.605+0000] {dag.py:3427} INFO - Setting next_dagrun for latest_only_with_trigger to 2022-12-23T05:51:09.605320+00:00, run_after=2022-12-23T09:51:09.605320+00:00
[2022-12-23T09:51:09.647+0000] {processor.py:175} INFO - Processing /home/airflow/.local/lib/python3.7/site-packages/airflow/example_dags/example_latest_only_with_trigger.py took 0.156 seconds
[2022-12-23T09:51:39.877+0000] {processor.py:153} INFO - Started process (PID=1242) to work on /home/airflow/.local/lib/python3.7/site-packages/airflow/example_dags/example_latest_only_with_trigger.py
[2022-12-23T09:51:39.885+0000] {processor.py:743} INFO - Processing file /home/airflow/.local/lib/python3.7/site-packages/airflow/example_dags/example_latest_only_with_trigger.py for tasks to queue
[2022-12-23T09:51:39.887+0000] {logging_mixin.py:137} INFO - [2022-12-23T09:51:39.887+0000] {dagbag.py:538} INFO - Filling up the DagBag from /home/airflow/.local/lib/python3.7/site-packages/airflow/example_dags/example_latest_only_with_trigger.py
[2022-12-23T09:51:39.903+0000] {processor.py:753} INFO - DAG(s) dict_keys(['latest_only_with_trigger']) retrieved from /home/airflow/.local/lib/python3.7/site-packages/airflow/example_dags/example_latest_only_with_trigger.py
[2022-12-23T09:51:39.937+0000] {logging_mixin.py:137} INFO - [2022-12-23T09:51:39.937+0000] {dag.py:2676} INFO - Sync 1 DAGs
[2022-12-23T09:51:39.967+0000] {logging_mixin.py:137} INFO - [2022-12-23T09:51:39.967+0000] {dag.py:3427} INFO - Setting next_dagrun for latest_only_with_trigger to 2022-12-23T05:51:39.966891+00:00, run_after=2022-12-23T09:51:39.966891+00:00
[2022-12-23T09:51:39.998+0000] {processor.py:175} INFO - Processing /home/airflow/.local/lib/python3.7/site-packages/airflow/example_dags/example_latest_only_with_trigger.py took 0.125 seconds
[2022-12-23T09:52:10.374+0000] {processor.py:153} INFO - Started process (PID=1304) to work on /home/airflow/.local/lib/python3.7/site-packages/airflow/example_dags/example_latest_only_with_trigger.py
[2022-12-23T09:52:10.377+0000] {processor.py:743} INFO - Processing file /home/airflow/.local/lib/python3.7/site-packages/airflow/example_dags/example_latest_only_with_trigger.py for tasks to queue
[2022-12-23T09:52:10.380+0000] {logging_mixin.py:137} INFO - [2022-12-23T09:52:10.380+0000] {dagbag.py:538} INFO - Filling up the DagBag from /home/airflow/.local/lib/python3.7/site-packages/airflow/example_dags/example_latest_only_with_trigger.py
[2022-12-23T09:52:10.398+0000] {processor.py:753} INFO - DAG(s) dict_keys(['latest_only_with_trigger']) retrieved from /home/airflow/.local/lib/python3.7/site-packages/airflow/example_dags/example_latest_only_with_trigger.py
[2022-12-23T09:52:10.442+0000] {logging_mixin.py:137} INFO - [2022-12-23T09:52:10.441+0000] {dag.py:2676} INFO - Sync 1 DAGs
[2022-12-23T09:52:10.465+0000] {logging_mixin.py:137} INFO - [2022-12-23T09:52:10.465+0000] {dag.py:3427} INFO - Setting next_dagrun for latest_only_with_trigger to 2022-12-23T05:52:10.465437+00:00, run_after=2022-12-23T09:52:10.465437+00:00
[2022-12-23T09:52:10.488+0000] {processor.py:175} INFO - Processing /home/airflow/.local/lib/python3.7/site-packages/airflow/example_dags/example_latest_only_with_trigger.py took 0.118 seconds
[2022-12-23T09:52:40.811+0000] {processor.py:153} INFO - Started process (PID=1380) to work on /home/airflow/.local/lib/python3.7/site-packages/airflow/example_dags/example_latest_only_with_trigger.py
[2022-12-23T09:52:40.815+0000] {processor.py:743} INFO - Processing file /home/airflow/.local/lib/python3.7/site-packages/airflow/example_dags/example_latest_only_with_trigger.py for tasks to queue
[2022-12-23T09:52:40.816+0000] {logging_mixin.py:137} INFO - [2022-12-23T09:52:40.816+0000] {dagbag.py:538} INFO - Filling up the DagBag from /home/airflow/.local/lib/python3.7/site-packages/airflow/example_dags/example_latest_only_with_trigger.py
[2022-12-23T09:52:40.832+0000] {processor.py:753} INFO - DAG(s) dict_keys(['latest_only_with_trigger']) retrieved from /home/airflow/.local/lib/python3.7/site-packages/airflow/example_dags/example_latest_only_with_trigger.py
[2022-12-23T09:52:40.864+0000] {logging_mixin.py:137} INFO - [2022-12-23T09:52:40.864+0000] {dag.py:2676} INFO - Sync 1 DAGs
[2022-12-23T09:52:40.886+0000] {logging_mixin.py:137} INFO - [2022-12-23T09:52:40.886+0000] {dag.py:3427} INFO - Setting next_dagrun for latest_only_with_trigger to 2022-12-23T05:52:40.886614+00:00, run_after=2022-12-23T09:52:40.886614+00:00
[2022-12-23T09:52:40.904+0000] {processor.py:175} INFO - Processing /home/airflow/.local/lib/python3.7/site-packages/airflow/example_dags/example_latest_only_with_trigger.py took 0.098 seconds
[2022-12-23T09:53:11.268+0000] {processor.py:153} INFO - Started process (PID=1444) to work on /home/airflow/.local/lib/python3.7/site-packages/airflow/example_dags/example_latest_only_with_trigger.py
[2022-12-23T09:53:11.271+0000] {processor.py:743} INFO - Processing file /home/airflow/.local/lib/python3.7/site-packages/airflow/example_dags/example_latest_only_with_trigger.py for tasks to queue
[2022-12-23T09:53:11.273+0000] {logging_mixin.py:137} INFO - [2022-12-23T09:53:11.272+0000] {dagbag.py:538} INFO - Filling up the DagBag from /home/airflow/.local/lib/python3.7/site-packages/airflow/example_dags/example_latest_only_with_trigger.py
[2022-12-23T09:53:11.289+0000] {processor.py:753} INFO - DAG(s) dict_keys(['latest_only_with_trigger']) retrieved from /home/airflow/.local/lib/python3.7/site-packages/airflow/example_dags/example_latest_only_with_trigger.py
[2022-12-23T09:53:11.324+0000] {logging_mixin.py:137} INFO - [2022-12-23T09:53:11.324+0000] {dag.py:2676} INFO - Sync 1 DAGs
[2022-12-23T09:53:11.357+0000] {logging_mixin.py:137} INFO - [2022-12-23T09:53:11.357+0000] {dag.py:3427} INFO - Setting next_dagrun for latest_only_with_trigger to 2022-12-23T05:53:11.357063+00:00, run_after=2022-12-23T09:53:11.357063+00:00
[2022-12-23T09:53:11.385+0000] {processor.py:175} INFO - Processing /home/airflow/.local/lib/python3.7/site-packages/airflow/example_dags/example_latest_only_with_trigger.py took 0.120 seconds
[2022-12-23T09:53:42.866+0000] {processor.py:153} INFO - Started process (PID=1505) to work on /home/airflow/.local/lib/python3.7/site-packages/airflow/example_dags/example_latest_only_with_trigger.py
[2022-12-23T09:53:42.879+0000] {processor.py:743} INFO - Processing file /home/airflow/.local/lib/python3.7/site-packages/airflow/example_dags/example_latest_only_with_trigger.py for tasks to queue
[2022-12-23T09:53:42.882+0000] {logging_mixin.py:137} INFO - [2022-12-23T09:53:42.881+0000] {dagbag.py:538} INFO - Filling up the DagBag from /home/airflow/.local/lib/python3.7/site-packages/airflow/example_dags/example_latest_only_with_trigger.py
[2022-12-23T09:53:42.906+0000] {processor.py:753} INFO - DAG(s) dict_keys(['latest_only_with_trigger']) retrieved from /home/airflow/.local/lib/python3.7/site-packages/airflow/example_dags/example_latest_only_with_trigger.py
[2022-12-23T09:53:42.968+0000] {logging_mixin.py:137} INFO - [2022-12-23T09:53:42.968+0000] {dag.py:2676} INFO - Sync 1 DAGs
[2022-12-23T09:53:43.004+0000] {logging_mixin.py:137} INFO - [2022-12-23T09:53:43.004+0000] {dag.py:3427} INFO - Setting next_dagrun for latest_only_with_trigger to 2022-12-23T05:53:43.004274+00:00, run_after=2022-12-23T09:53:43.004274+00:00
[2022-12-23T09:53:43.049+0000] {processor.py:175} INFO - Processing /home/airflow/.local/lib/python3.7/site-packages/airflow/example_dags/example_latest_only_with_trigger.py took 0.190 seconds
[2022-12-23T09:54:14.390+0000] {processor.py:153} INFO - Started process (PID=1580) to work on /home/airflow/.local/lib/python3.7/site-packages/airflow/example_dags/example_latest_only_with_trigger.py
[2022-12-23T09:54:14.393+0000] {processor.py:743} INFO - Processing file /home/airflow/.local/lib/python3.7/site-packages/airflow/example_dags/example_latest_only_with_trigger.py for tasks to queue
[2022-12-23T09:54:14.396+0000] {logging_mixin.py:137} INFO - [2022-12-23T09:54:14.396+0000] {dagbag.py:538} INFO - Filling up the DagBag from /home/airflow/.local/lib/python3.7/site-packages/airflow/example_dags/example_latest_only_with_trigger.py
[2022-12-23T09:54:14.424+0000] {processor.py:753} INFO - DAG(s) dict_keys(['latest_only_with_trigger']) retrieved from /home/airflow/.local/lib/python3.7/site-packages/airflow/example_dags/example_latest_only_with_trigger.py
[2022-12-23T09:54:14.484+0000] {logging_mixin.py:137} INFO - [2022-12-23T09:54:14.484+0000] {dag.py:2676} INFO - Sync 1 DAGs
[2022-12-23T09:54:14.518+0000] {logging_mixin.py:137} INFO - [2022-12-23T09:54:14.518+0000] {dag.py:3427} INFO - Setting next_dagrun for latest_only_with_trigger to 2022-12-23T05:54:14.518280+00:00, run_after=2022-12-23T09:54:14.518280+00:00
[2022-12-23T09:54:14.542+0000] {processor.py:175} INFO - Processing /home/airflow/.local/lib/python3.7/site-packages/airflow/example_dags/example_latest_only_with_trigger.py took 0.157 seconds
[2022-12-23T09:54:44.775+0000] {processor.py:153} INFO - Started process (PID=1643) to work on /home/airflow/.local/lib/python3.7/site-packages/airflow/example_dags/example_latest_only_with_trigger.py
[2022-12-23T09:54:44.777+0000] {processor.py:743} INFO - Processing file /home/airflow/.local/lib/python3.7/site-packages/airflow/example_dags/example_latest_only_with_trigger.py for tasks to queue
[2022-12-23T09:54:44.779+0000] {logging_mixin.py:137} INFO - [2022-12-23T09:54:44.778+0000] {dagbag.py:538} INFO - Filling up the DagBag from /home/airflow/.local/lib/python3.7/site-packages/airflow/example_dags/example_latest_only_with_trigger.py
[2022-12-23T09:54:44.793+0000] {processor.py:753} INFO - DAG(s) dict_keys(['latest_only_with_trigger']) retrieved from /home/airflow/.local/lib/python3.7/site-packages/airflow/example_dags/example_latest_only_with_trigger.py
[2022-12-23T09:54:44.829+0000] {logging_mixin.py:137} INFO - [2022-12-23T09:54:44.829+0000] {dag.py:2676} INFO - Sync 1 DAGs
[2022-12-23T09:54:44.853+0000] {logging_mixin.py:137} INFO - [2022-12-23T09:54:44.853+0000] {dag.py:3427} INFO - Setting next_dagrun for latest_only_with_trigger to 2022-12-23T05:54:44.853575+00:00, run_after=2022-12-23T09:54:44.853575+00:00
[2022-12-23T09:54:44.869+0000] {processor.py:175} INFO - Processing /home/airflow/.local/lib/python3.7/site-packages/airflow/example_dags/example_latest_only_with_trigger.py took 0.099 seconds
[2022-12-23T09:55:15.735+0000] {processor.py:153} INFO - Started process (PID=1706) to work on /home/airflow/.local/lib/python3.7/site-packages/airflow/example_dags/example_latest_only_with_trigger.py
[2022-12-23T09:55:15.738+0000] {processor.py:743} INFO - Processing file /home/airflow/.local/lib/python3.7/site-packages/airflow/example_dags/example_latest_only_with_trigger.py for tasks to queue
[2022-12-23T09:55:15.740+0000] {logging_mixin.py:137} INFO - [2022-12-23T09:55:15.740+0000] {dagbag.py:538} INFO - Filling up the DagBag from /home/airflow/.local/lib/python3.7/site-packages/airflow/example_dags/example_latest_only_with_trigger.py
[2022-12-23T09:55:15.756+0000] {processor.py:753} INFO - DAG(s) dict_keys(['latest_only_with_trigger']) retrieved from /home/airflow/.local/lib/python3.7/site-packages/airflow/example_dags/example_latest_only_with_trigger.py
[2022-12-23T09:55:15.791+0000] {logging_mixin.py:137} INFO - [2022-12-23T09:55:15.791+0000] {dag.py:2676} INFO - Sync 1 DAGs
[2022-12-23T09:55:15.820+0000] {logging_mixin.py:137} INFO - [2022-12-23T09:55:15.820+0000] {dag.py:3427} INFO - Setting next_dagrun for latest_only_with_trigger to 2022-12-23T05:55:15.820096+00:00, run_after=2022-12-23T09:55:15.820096+00:00
[2022-12-23T09:55:15.835+0000] {processor.py:175} INFO - Processing /home/airflow/.local/lib/python3.7/site-packages/airflow/example_dags/example_latest_only_with_trigger.py took 0.104 seconds
[2022-12-23T09:55:46.413+0000] {processor.py:153} INFO - Started process (PID=1769) to work on /home/airflow/.local/lib/python3.7/site-packages/airflow/example_dags/example_latest_only_with_trigger.py
[2022-12-23T09:55:46.417+0000] {processor.py:743} INFO - Processing file /home/airflow/.local/lib/python3.7/site-packages/airflow/example_dags/example_latest_only_with_trigger.py for tasks to queue
[2022-12-23T09:55:46.421+0000] {logging_mixin.py:137} INFO - [2022-12-23T09:55:46.421+0000] {dagbag.py:538} INFO - Filling up the DagBag from /home/airflow/.local/lib/python3.7/site-packages/airflow/example_dags/example_latest_only_with_trigger.py
[2022-12-23T09:55:46.436+0000] {processor.py:753} INFO - DAG(s) dict_keys(['latest_only_with_trigger']) retrieved from /home/airflow/.local/lib/python3.7/site-packages/airflow/example_dags/example_latest_only_with_trigger.py
[2022-12-23T09:55:46.478+0000] {logging_mixin.py:137} INFO - [2022-12-23T09:55:46.478+0000] {dag.py:2676} INFO - Sync 1 DAGs
[2022-12-23T09:55:46.505+0000] {logging_mixin.py:137} INFO - [2022-12-23T09:55:46.505+0000] {dag.py:3427} INFO - Setting next_dagrun for latest_only_with_trigger to 2022-12-23T05:55:46.505058+00:00, run_after=2022-12-23T09:55:46.505058+00:00
[2022-12-23T09:55:46.539+0000] {processor.py:175} INFO - Processing /home/airflow/.local/lib/python3.7/site-packages/airflow/example_dags/example_latest_only_with_trigger.py took 0.130 seconds
[2022-12-23T09:56:17.287+0000] {processor.py:153} INFO - Started process (PID=1845) to work on /home/airflow/.local/lib/python3.7/site-packages/airflow/example_dags/example_latest_only_with_trigger.py
[2022-12-23T09:56:17.290+0000] {processor.py:743} INFO - Processing file /home/airflow/.local/lib/python3.7/site-packages/airflow/example_dags/example_latest_only_with_trigger.py for tasks to queue
[2022-12-23T09:56:17.291+0000] {logging_mixin.py:137} INFO - [2022-12-23T09:56:17.291+0000] {dagbag.py:538} INFO - Filling up the DagBag from /home/airflow/.local/lib/python3.7/site-packages/airflow/example_dags/example_latest_only_with_trigger.py
[2022-12-23T09:56:17.306+0000] {processor.py:753} INFO - DAG(s) dict_keys(['latest_only_with_trigger']) retrieved from /home/airflow/.local/lib/python3.7/site-packages/airflow/example_dags/example_latest_only_with_trigger.py
[2022-12-23T09:56:17.343+0000] {logging_mixin.py:137} INFO - [2022-12-23T09:56:17.343+0000] {dag.py:2676} INFO - Sync 1 DAGs
[2022-12-23T09:56:17.368+0000] {logging_mixin.py:137} INFO - [2022-12-23T09:56:17.368+0000] {dag.py:3427} INFO - Setting next_dagrun for latest_only_with_trigger to 2022-12-23T05:56:17.368360+00:00, run_after=2022-12-23T09:56:17.368360+00:00
[2022-12-23T09:56:17.383+0000] {processor.py:175} INFO - Processing /home/airflow/.local/lib/python3.7/site-packages/airflow/example_dags/example_latest_only_with_trigger.py took 0.099 seconds
[2022-12-23T09:56:48.451+0000] {processor.py:153} INFO - Started process (PID=1908) to work on /home/airflow/.local/lib/python3.7/site-packages/airflow/example_dags/example_latest_only_with_trigger.py
[2022-12-23T09:56:48.459+0000] {processor.py:743} INFO - Processing file /home/airflow/.local/lib/python3.7/site-packages/airflow/example_dags/example_latest_only_with_trigger.py for tasks to queue
[2022-12-23T09:56:48.464+0000] {logging_mixin.py:137} INFO - [2022-12-23T09:56:48.464+0000] {dagbag.py:538} INFO - Filling up the DagBag from /home/airflow/.local/lib/python3.7/site-packages/airflow/example_dags/example_latest_only_with_trigger.py
[2022-12-23T09:56:48.477+0000] {processor.py:753} INFO - DAG(s) dict_keys(['latest_only_with_trigger']) retrieved from /home/airflow/.local/lib/python3.7/site-packages/airflow/example_dags/example_latest_only_with_trigger.py
[2022-12-23T09:56:48.521+0000] {logging_mixin.py:137} INFO - [2022-12-23T09:56:48.521+0000] {dag.py:2676} INFO - Sync 1 DAGs
[2022-12-23T09:56:48.560+0000] {logging_mixin.py:137} INFO - [2022-12-23T09:56:48.560+0000] {dag.py:3427} INFO - Setting next_dagrun for latest_only_with_trigger to 2022-12-23T05:56:48.560076+00:00, run_after=2022-12-23T09:56:48.560076+00:00
[2022-12-23T09:56:48.585+0000] {processor.py:175} INFO - Processing /home/airflow/.local/lib/python3.7/site-packages/airflow/example_dags/example_latest_only_with_trigger.py took 0.140 seconds
[2022-12-23T09:57:19.871+0000] {processor.py:153} INFO - Started process (PID=1984) to work on /home/airflow/.local/lib/python3.7/site-packages/airflow/example_dags/example_latest_only_with_trigger.py
[2022-12-23T09:57:19.873+0000] {processor.py:743} INFO - Processing file /home/airflow/.local/lib/python3.7/site-packages/airflow/example_dags/example_latest_only_with_trigger.py for tasks to queue
[2022-12-23T09:57:19.875+0000] {logging_mixin.py:137} INFO - [2022-12-23T09:57:19.875+0000] {dagbag.py:538} INFO - Filling up the DagBag from /home/airflow/.local/lib/python3.7/site-packages/airflow/example_dags/example_latest_only_with_trigger.py
[2022-12-23T09:57:19.888+0000] {processor.py:753} INFO - DAG(s) dict_keys(['latest_only_with_trigger']) retrieved from /home/airflow/.local/lib/python3.7/site-packages/airflow/example_dags/example_latest_only_with_trigger.py
[2022-12-23T09:57:19.929+0000] {logging_mixin.py:137} INFO - [2022-12-23T09:57:19.929+0000] {dag.py:2676} INFO - Sync 1 DAGs
[2022-12-23T09:57:19.955+0000] {logging_mixin.py:137} INFO - [2022-12-23T09:57:19.955+0000] {dag.py:3427} INFO - Setting next_dagrun for latest_only_with_trigger to 2022-12-23T05:57:19.955205+00:00, run_after=2022-12-23T09:57:19.955205+00:00
[2022-12-23T09:57:19.979+0000] {processor.py:175} INFO - Processing /home/airflow/.local/lib/python3.7/site-packages/airflow/example_dags/example_latest_only_with_trigger.py took 0.113 seconds
[2022-12-23T09:57:50.465+0000] {processor.py:153} INFO - Started process (PID=2047) to work on /home/airflow/.local/lib/python3.7/site-packages/airflow/example_dags/example_latest_only_with_trigger.py
[2022-12-23T09:57:50.467+0000] {processor.py:743} INFO - Processing file /home/airflow/.local/lib/python3.7/site-packages/airflow/example_dags/example_latest_only_with_trigger.py for tasks to queue
[2022-12-23T09:57:50.468+0000] {logging_mixin.py:137} INFO - [2022-12-23T09:57:50.468+0000] {dagbag.py:538} INFO - Filling up the DagBag from /home/airflow/.local/lib/python3.7/site-packages/airflow/example_dags/example_latest_only_with_trigger.py
[2022-12-23T09:57:50.483+0000] {processor.py:753} INFO - DAG(s) dict_keys(['latest_only_with_trigger']) retrieved from /home/airflow/.local/lib/python3.7/site-packages/airflow/example_dags/example_latest_only_with_trigger.py
[2022-12-23T09:57:50.523+0000] {logging_mixin.py:137} INFO - [2022-12-23T09:57:50.523+0000] {dag.py:2676} INFO - Sync 1 DAGs
[2022-12-23T09:57:50.543+0000] {logging_mixin.py:137} INFO - [2022-12-23T09:57:50.543+0000] {dag.py:3427} INFO - Setting next_dagrun for latest_only_with_trigger to 2022-12-23T05:57:50.543470+00:00, run_after=2022-12-23T09:57:50.543470+00:00
[2022-12-23T09:57:50.558+0000] {processor.py:175} INFO - Processing /home/airflow/.local/lib/python3.7/site-packages/airflow/example_dags/example_latest_only_with_trigger.py took 0.097 seconds
[2022-12-23T09:58:38.297+0000] {processor.py:153} INFO - Started process (PID=2122) to work on /home/airflow/.local/lib/python3.7/site-packages/airflow/example_dags/example_latest_only_with_trigger.py
[2022-12-23T09:58:38.302+0000] {processor.py:743} INFO - Processing file /home/airflow/.local/lib/python3.7/site-packages/airflow/example_dags/example_latest_only_with_trigger.py for tasks to queue
[2022-12-23T09:58:38.318+0000] {logging_mixin.py:137} INFO - [2022-12-23T09:58:38.318+0000] {dagbag.py:538} INFO - Filling up the DagBag from /home/airflow/.local/lib/python3.7/site-packages/airflow/example_dags/example_latest_only_with_trigger.py
[2022-12-23T09:58:38.384+0000] {processor.py:753} INFO - DAG(s) dict_keys(['latest_only_with_trigger']) retrieved from /home/airflow/.local/lib/python3.7/site-packages/airflow/example_dags/example_latest_only_with_trigger.py
[2022-12-23T09:58:38.469+0000] {logging_mixin.py:137} INFO - [2022-12-23T09:58:38.469+0000] {dag.py:2676} INFO - Sync 1 DAGs
[2022-12-23T09:58:38.563+0000] {logging_mixin.py:137} INFO - [2022-12-23T09:58:38.562+0000] {dag.py:3427} INFO - Setting next_dagrun for latest_only_with_trigger to 2022-12-23T05:58:38.562726+00:00, run_after=2022-12-23T09:58:38.562726+00:00
[2022-12-23T09:58:38.607+0000] {processor.py:175} INFO - Processing /home/airflow/.local/lib/python3.7/site-packages/airflow/example_dags/example_latest_only_with_trigger.py took 0.313 seconds
[2022-12-23T09:59:08.966+0000] {processor.py:153} INFO - Started process (PID=2179) to work on /home/airflow/.local/lib/python3.7/site-packages/airflow/example_dags/example_latest_only_with_trigger.py
[2022-12-23T09:59:08.982+0000] {processor.py:743} INFO - Processing file /home/airflow/.local/lib/python3.7/site-packages/airflow/example_dags/example_latest_only_with_trigger.py for tasks to queue
[2022-12-23T09:59:08.998+0000] {logging_mixin.py:137} INFO - [2022-12-23T09:59:08.997+0000] {dagbag.py:538} INFO - Filling up the DagBag from /home/airflow/.local/lib/python3.7/site-packages/airflow/example_dags/example_latest_only_with_trigger.py
[2022-12-23T09:59:09.030+0000] {processor.py:753} INFO - DAG(s) dict_keys(['latest_only_with_trigger']) retrieved from /home/airflow/.local/lib/python3.7/site-packages/airflow/example_dags/example_latest_only_with_trigger.py
[2022-12-23T09:59:09.112+0000] {logging_mixin.py:137} INFO - [2022-12-23T09:59:09.112+0000] {dag.py:2676} INFO - Sync 1 DAGs
[2022-12-23T09:59:09.232+0000] {logging_mixin.py:137} INFO - [2022-12-23T09:59:09.232+0000] {dag.py:3427} INFO - Setting next_dagrun for latest_only_with_trigger to 2022-12-23T05:59:09.231791+00:00, run_after=2022-12-23T09:59:09.231791+00:00
[2022-12-23T09:59:09.301+0000] {processor.py:175} INFO - Processing /home/airflow/.local/lib/python3.7/site-packages/airflow/example_dags/example_latest_only_with_trigger.py took 0.342 seconds
[2022-12-23T09:59:39.360+0000] {processor.py:153} INFO - Started process (PID=2236) to work on /home/airflow/.local/lib/python3.7/site-packages/airflow/example_dags/example_latest_only_with_trigger.py
[2022-12-23T09:59:39.361+0000] {processor.py:743} INFO - Processing file /home/airflow/.local/lib/python3.7/site-packages/airflow/example_dags/example_latest_only_with_trigger.py for tasks to queue
[2022-12-23T09:59:39.363+0000] {logging_mixin.py:137} INFO - [2022-12-23T09:59:39.363+0000] {dagbag.py:538} INFO - Filling up the DagBag from /home/airflow/.local/lib/python3.7/site-packages/airflow/example_dags/example_latest_only_with_trigger.py
[2022-12-23T09:59:39.373+0000] {processor.py:753} INFO - DAG(s) dict_keys(['latest_only_with_trigger']) retrieved from /home/airflow/.local/lib/python3.7/site-packages/airflow/example_dags/example_latest_only_with_trigger.py
[2022-12-23T09:59:39.404+0000] {logging_mixin.py:137} INFO - [2022-12-23T09:59:39.403+0000] {dag.py:2676} INFO - Sync 1 DAGs
[2022-12-23T09:59:39.421+0000] {logging_mixin.py:137} INFO - [2022-12-23T09:59:39.421+0000] {dag.py:3427} INFO - Setting next_dagrun for latest_only_with_trigger to 2022-12-23T05:59:39.421377+00:00, run_after=2022-12-23T09:59:39.421377+00:00
[2022-12-23T09:59:39.433+0000] {processor.py:175} INFO - Processing /home/airflow/.local/lib/python3.7/site-packages/airflow/example_dags/example_latest_only_with_trigger.py took 0.076 seconds
[2022-12-23T10:00:10.319+0000] {processor.py:153} INFO - Started process (PID=2313) to work on /home/airflow/.local/lib/python3.7/site-packages/airflow/example_dags/example_latest_only_with_trigger.py
[2022-12-23T10:00:10.337+0000] {processor.py:743} INFO - Processing file /home/airflow/.local/lib/python3.7/site-packages/airflow/example_dags/example_latest_only_with_trigger.py for tasks to queue
[2022-12-23T10:00:10.343+0000] {logging_mixin.py:137} INFO - [2022-12-23T10:00:10.343+0000] {dagbag.py:538} INFO - Filling up the DagBag from /home/airflow/.local/lib/python3.7/site-packages/airflow/example_dags/example_latest_only_with_trigger.py
[2022-12-23T10:00:10.416+0000] {processor.py:753} INFO - DAG(s) dict_keys(['latest_only_with_trigger']) retrieved from /home/airflow/.local/lib/python3.7/site-packages/airflow/example_dags/example_latest_only_with_trigger.py
[2022-12-23T10:00:10.503+0000] {logging_mixin.py:137} INFO - [2022-12-23T10:00:10.502+0000] {dag.py:2676} INFO - Sync 1 DAGs
[2022-12-23T10:00:10.532+0000] {logging_mixin.py:137} INFO - [2022-12-23T10:00:10.532+0000] {dag.py:3427} INFO - Setting next_dagrun for latest_only_with_trigger to 2022-12-23T06:00:10.532043+00:00, run_after=2022-12-23T10:00:10.532043+00:00
[2022-12-23T10:00:10.573+0000] {processor.py:175} INFO - Processing /home/airflow/.local/lib/python3.7/site-packages/airflow/example_dags/example_latest_only_with_trigger.py took 0.260 seconds
[2022-12-23T10:00:41.165+0000] {processor.py:153} INFO - Started process (PID=2368) to work on /home/airflow/.local/lib/python3.7/site-packages/airflow/example_dags/example_latest_only_with_trigger.py
[2022-12-23T10:00:41.167+0000] {processor.py:743} INFO - Processing file /home/airflow/.local/lib/python3.7/site-packages/airflow/example_dags/example_latest_only_with_trigger.py for tasks to queue
[2022-12-23T10:00:41.169+0000] {logging_mixin.py:137} INFO - [2022-12-23T10:00:41.169+0000] {dagbag.py:538} INFO - Filling up the DagBag from /home/airflow/.local/lib/python3.7/site-packages/airflow/example_dags/example_latest_only_with_trigger.py
[2022-12-23T10:00:41.212+0000] {processor.py:753} INFO - DAG(s) dict_keys(['latest_only_with_trigger']) retrieved from /home/airflow/.local/lib/python3.7/site-packages/airflow/example_dags/example_latest_only_with_trigger.py
[2022-12-23T10:00:41.281+0000] {logging_mixin.py:137} INFO - [2022-12-23T10:00:41.281+0000] {dag.py:2676} INFO - Sync 1 DAGs
[2022-12-23T10:00:41.311+0000] {logging_mixin.py:137} INFO - [2022-12-23T10:00:41.311+0000] {dag.py:3427} INFO - Setting next_dagrun for latest_only_with_trigger to 2022-12-23T06:00:41.311208+00:00, run_after=2022-12-23T10:00:41.311208+00:00
[2022-12-23T10:00:41.334+0000] {processor.py:175} INFO - Processing /home/airflow/.local/lib/python3.7/site-packages/airflow/example_dags/example_latest_only_with_trigger.py took 0.174 seconds
[2022-12-23T10:02:05.567+0000] {processor.py:153} INFO - Started process (PID=2457) to work on /home/airflow/.local/lib/python3.7/site-packages/airflow/example_dags/example_latest_only_with_trigger.py
[2022-12-23T10:02:05.580+0000] {processor.py:743} INFO - Processing file /home/airflow/.local/lib/python3.7/site-packages/airflow/example_dags/example_latest_only_with_trigger.py for tasks to queue
[2022-12-23T10:02:05.587+0000] {logging_mixin.py:137} INFO - [2022-12-23T10:02:05.586+0000] {dagbag.py:538} INFO - Filling up the DagBag from /home/airflow/.local/lib/python3.7/site-packages/airflow/example_dags/example_latest_only_with_trigger.py
[2022-12-23T10:02:05.698+0000] {processor.py:753} INFO - DAG(s) dict_keys(['latest_only_with_trigger']) retrieved from /home/airflow/.local/lib/python3.7/site-packages/airflow/example_dags/example_latest_only_with_trigger.py
[2022-12-23T10:02:05.808+0000] {logging_mixin.py:137} INFO - [2022-12-23T10:02:05.808+0000] {dag.py:2676} INFO - Sync 1 DAGs
[2022-12-23T10:02:05.889+0000] {logging_mixin.py:137} INFO - [2022-12-23T10:02:05.889+0000] {dag.py:3427} INFO - Setting next_dagrun for latest_only_with_trigger to 2022-12-23T06:02:05.889493+00:00, run_after=2022-12-23T10:02:05.889493+00:00
[2022-12-23T10:02:06.226+0000] {processor.py:175} INFO - Processing /home/airflow/.local/lib/python3.7/site-packages/airflow/example_dags/example_latest_only_with_trigger.py took 0.667 seconds
[2022-12-23T10:02:42.726+0000] {processor.py:153} INFO - Started process (PID=2520) to work on /home/airflow/.local/lib/python3.7/site-packages/airflow/example_dags/example_latest_only_with_trigger.py
[2022-12-23T10:02:42.735+0000] {processor.py:743} INFO - Processing file /home/airflow/.local/lib/python3.7/site-packages/airflow/example_dags/example_latest_only_with_trigger.py for tasks to queue
[2022-12-23T10:02:42.737+0000] {logging_mixin.py:137} INFO - [2022-12-23T10:02:42.737+0000] {dagbag.py:538} INFO - Filling up the DagBag from /home/airflow/.local/lib/python3.7/site-packages/airflow/example_dags/example_latest_only_with_trigger.py
[2022-12-23T10:02:42.795+0000] {processor.py:753} INFO - DAG(s) dict_keys(['latest_only_with_trigger']) retrieved from /home/airflow/.local/lib/python3.7/site-packages/airflow/example_dags/example_latest_only_with_trigger.py
[2022-12-23T10:02:42.988+0000] {logging_mixin.py:137} INFO - [2022-12-23T10:02:42.988+0000] {dag.py:2676} INFO - Sync 1 DAGs
[2022-12-23T10:02:43.108+0000] {logging_mixin.py:137} INFO - [2022-12-23T10:02:43.108+0000] {dag.py:3427} INFO - Setting next_dagrun for latest_only_with_trigger to 2022-12-23T06:02:43.107810+00:00, run_after=2022-12-23T10:02:43.107810+00:00
[2022-12-23T10:02:43.167+0000] {processor.py:175} INFO - Processing /home/airflow/.local/lib/python3.7/site-packages/airflow/example_dags/example_latest_only_with_trigger.py took 0.447 seconds
[2022-12-23T10:03:13.257+0000] {processor.py:153} INFO - Started process (PID=2588) to work on /home/airflow/.local/lib/python3.7/site-packages/airflow/example_dags/example_latest_only_with_trigger.py
[2022-12-23T10:03:13.262+0000] {processor.py:743} INFO - Processing file /home/airflow/.local/lib/python3.7/site-packages/airflow/example_dags/example_latest_only_with_trigger.py for tasks to queue
[2022-12-23T10:03:13.264+0000] {logging_mixin.py:137} INFO - [2022-12-23T10:03:13.264+0000] {dagbag.py:538} INFO - Filling up the DagBag from /home/airflow/.local/lib/python3.7/site-packages/airflow/example_dags/example_latest_only_with_trigger.py
[2022-12-23T10:03:13.304+0000] {processor.py:753} INFO - DAG(s) dict_keys(['latest_only_with_trigger']) retrieved from /home/airflow/.local/lib/python3.7/site-packages/airflow/example_dags/example_latest_only_with_trigger.py
[2022-12-23T10:03:13.362+0000] {logging_mixin.py:137} INFO - [2022-12-23T10:03:13.362+0000] {dag.py:2676} INFO - Sync 1 DAGs
[2022-12-23T10:03:13.399+0000] {logging_mixin.py:137} INFO - [2022-12-23T10:03:13.398+0000] {dag.py:3427} INFO - Setting next_dagrun for latest_only_with_trigger to 2022-12-23T06:03:13.398686+00:00, run_after=2022-12-23T10:03:13.398686+00:00
[2022-12-23T10:03:13.426+0000] {processor.py:175} INFO - Processing /home/airflow/.local/lib/python3.7/site-packages/airflow/example_dags/example_latest_only_with_trigger.py took 0.174 seconds
[2022-12-23T10:03:44.546+0000] {processor.py:153} INFO - Started process (PID=2659) to work on /home/airflow/.local/lib/python3.7/site-packages/airflow/example_dags/example_latest_only_with_trigger.py
[2022-12-23T10:03:44.551+0000] {processor.py:743} INFO - Processing file /home/airflow/.local/lib/python3.7/site-packages/airflow/example_dags/example_latest_only_with_trigger.py for tasks to queue
[2022-12-23T10:03:44.555+0000] {logging_mixin.py:137} INFO - [2022-12-23T10:03:44.554+0000] {dagbag.py:538} INFO - Filling up the DagBag from /home/airflow/.local/lib/python3.7/site-packages/airflow/example_dags/example_latest_only_with_trigger.py
[2022-12-23T10:03:44.596+0000] {processor.py:753} INFO - DAG(s) dict_keys(['latest_only_with_trigger']) retrieved from /home/airflow/.local/lib/python3.7/site-packages/airflow/example_dags/example_latest_only_with_trigger.py
[2022-12-23T10:03:44.682+0000] {logging_mixin.py:137} INFO - [2022-12-23T10:03:44.682+0000] {dag.py:2676} INFO - Sync 1 DAGs
[2022-12-23T10:03:44.726+0000] {logging_mixin.py:137} INFO - [2022-12-23T10:03:44.726+0000] {dag.py:3427} INFO - Setting next_dagrun for latest_only_with_trigger to 2022-12-23T06:03:44.726102+00:00, run_after=2022-12-23T10:03:44.726102+00:00
[2022-12-23T10:03:44.754+0000] {processor.py:175} INFO - Processing /home/airflow/.local/lib/python3.7/site-packages/airflow/example_dags/example_latest_only_with_trigger.py took 0.224 seconds
