[2022-12-23T09:42:29.498+0000] {processor.py:153} INFO - Started process (PID=89) to work on /home/airflow/.local/lib/python3.7/site-packages/airflow/example_dags/example_bash_operator.py
[2022-12-23T09:42:29.565+0000] {processor.py:743} INFO - Processing file /home/airflow/.local/lib/python3.7/site-packages/airflow/example_dags/example_bash_operator.py for tasks to queue
[2022-12-23T09:42:29.688+0000] {logging_mixin.py:137} INFO - [2022-12-23T09:42:29.688+0000] {dagbag.py:538} INFO - Filling up the DagBag from /home/airflow/.local/lib/python3.7/site-packages/airflow/example_dags/example_bash_operator.py
[2022-12-23T09:42:29.735+0000] {processor.py:753} INFO - DAG(s) dict_keys(['example_bash_operator']) retrieved from /home/airflow/.local/lib/python3.7/site-packages/airflow/example_dags/example_bash_operator.py
[2022-12-23T09:42:30.695+0000] {logging_mixin.py:137} INFO - [2022-12-23T09:42:30.695+0000] {dag.py:2676} INFO - Sync 1 DAGs
[2022-12-23T09:42:30.871+0000] {logging_mixin.py:137} INFO - [2022-12-23T09:42:30.871+0000] {dag.py:3427} INFO - Setting next_dagrun for example_bash_operator to 2022-12-22T00:00:00+00:00, run_after=2022-12-23T00:00:00+00:00
[2022-12-23T09:42:31.556+0000] {processor.py:175} INFO - Processing /home/airflow/.local/lib/python3.7/site-packages/airflow/example_dags/example_bash_operator.py took 2.061 seconds
[2022-12-23T09:43:02.048+0000] {processor.py:153} INFO - Started process (PID=155) to work on /home/airflow/.local/lib/python3.7/site-packages/airflow/example_dags/example_bash_operator.py
[2022-12-23T09:43:02.053+0000] {processor.py:743} INFO - Processing file /home/airflow/.local/lib/python3.7/site-packages/airflow/example_dags/example_bash_operator.py for tasks to queue
[2022-12-23T09:43:02.058+0000] {logging_mixin.py:137} INFO - [2022-12-23T09:43:02.057+0000] {dagbag.py:538} INFO - Filling up the DagBag from /home/airflow/.local/lib/python3.7/site-packages/airflow/example_dags/example_bash_operator.py
[2022-12-23T09:43:02.116+0000] {processor.py:753} INFO - DAG(s) dict_keys(['example_bash_operator']) retrieved from /home/airflow/.local/lib/python3.7/site-packages/airflow/example_dags/example_bash_operator.py
[2022-12-23T09:43:02.220+0000] {logging_mixin.py:137} INFO - [2022-12-23T09:43:02.220+0000] {dag.py:2676} INFO - Sync 1 DAGs
[2022-12-23T09:43:02.281+0000] {logging_mixin.py:137} INFO - [2022-12-23T09:43:02.281+0000] {dag.py:3427} INFO - Setting next_dagrun for example_bash_operator to 2022-12-22T00:00:00+00:00, run_after=2022-12-23T00:00:00+00:00
[2022-12-23T09:43:02.311+0000] {processor.py:175} INFO - Processing /home/airflow/.local/lib/python3.7/site-packages/airflow/example_dags/example_bash_operator.py took 0.275 seconds
[2022-12-23T09:43:32.516+0000] {processor.py:153} INFO - Started process (PID=216) to work on /home/airflow/.local/lib/python3.7/site-packages/airflow/example_dags/example_bash_operator.py
[2022-12-23T09:43:32.531+0000] {processor.py:743} INFO - Processing file /home/airflow/.local/lib/python3.7/site-packages/airflow/example_dags/example_bash_operator.py for tasks to queue
[2022-12-23T09:43:32.533+0000] {logging_mixin.py:137} INFO - [2022-12-23T09:43:32.533+0000] {dagbag.py:538} INFO - Filling up the DagBag from /home/airflow/.local/lib/python3.7/site-packages/airflow/example_dags/example_bash_operator.py
[2022-12-23T09:43:32.581+0000] {processor.py:753} INFO - DAG(s) dict_keys(['example_bash_operator']) retrieved from /home/airflow/.local/lib/python3.7/site-packages/airflow/example_dags/example_bash_operator.py
[2022-12-23T09:43:32.668+0000] {logging_mixin.py:137} INFO - [2022-12-23T09:43:32.667+0000] {dag.py:2676} INFO - Sync 1 DAGs
[2022-12-23T09:43:32.712+0000] {logging_mixin.py:137} INFO - [2022-12-23T09:43:32.712+0000] {dag.py:3427} INFO - Setting next_dagrun for example_bash_operator to 2022-12-22T00:00:00+00:00, run_after=2022-12-23T00:00:00+00:00
[2022-12-23T09:43:32.760+0000] {processor.py:175} INFO - Processing /home/airflow/.local/lib/python3.7/site-packages/airflow/example_dags/example_bash_operator.py took 0.254 seconds
[2022-12-23T09:44:02.904+0000] {processor.py:153} INFO - Started process (PID=292) to work on /home/airflow/.local/lib/python3.7/site-packages/airflow/example_dags/example_bash_operator.py
[2022-12-23T09:44:02.914+0000] {processor.py:743} INFO - Processing file /home/airflow/.local/lib/python3.7/site-packages/airflow/example_dags/example_bash_operator.py for tasks to queue
[2022-12-23T09:44:02.916+0000] {logging_mixin.py:137} INFO - [2022-12-23T09:44:02.916+0000] {dagbag.py:538} INFO - Filling up the DagBag from /home/airflow/.local/lib/python3.7/site-packages/airflow/example_dags/example_bash_operator.py
[2022-12-23T09:44:02.986+0000] {processor.py:753} INFO - DAG(s) dict_keys(['example_bash_operator']) retrieved from /home/airflow/.local/lib/python3.7/site-packages/airflow/example_dags/example_bash_operator.py
[2022-12-23T09:44:03.127+0000] {logging_mixin.py:137} INFO - [2022-12-23T09:44:03.127+0000] {dag.py:2676} INFO - Sync 1 DAGs
[2022-12-23T09:44:03.172+0000] {logging_mixin.py:137} INFO - [2022-12-23T09:44:03.171+0000] {dag.py:3427} INFO - Setting next_dagrun for example_bash_operator to 2022-12-22T00:00:00+00:00, run_after=2022-12-23T00:00:00+00:00
[2022-12-23T09:44:03.196+0000] {processor.py:175} INFO - Processing /home/airflow/.local/lib/python3.7/site-packages/airflow/example_dags/example_bash_operator.py took 0.297 seconds
[2022-12-23T09:44:33.784+0000] {processor.py:153} INFO - Started process (PID=354) to work on /home/airflow/.local/lib/python3.7/site-packages/airflow/example_dags/example_bash_operator.py
[2022-12-23T09:44:33.789+0000] {processor.py:743} INFO - Processing file /home/airflow/.local/lib/python3.7/site-packages/airflow/example_dags/example_bash_operator.py for tasks to queue
[2022-12-23T09:44:33.791+0000] {logging_mixin.py:137} INFO - [2022-12-23T09:44:33.791+0000] {dagbag.py:538} INFO - Filling up the DagBag from /home/airflow/.local/lib/python3.7/site-packages/airflow/example_dags/example_bash_operator.py
[2022-12-23T09:44:33.850+0000] {processor.py:753} INFO - DAG(s) dict_keys(['example_bash_operator']) retrieved from /home/airflow/.local/lib/python3.7/site-packages/airflow/example_dags/example_bash_operator.py
[2022-12-23T09:44:33.968+0000] {logging_mixin.py:137} INFO - [2022-12-23T09:44:33.968+0000] {dag.py:2676} INFO - Sync 1 DAGs
[2022-12-23T09:44:34.014+0000] {logging_mixin.py:137} INFO - [2022-12-23T09:44:34.014+0000] {dag.py:3427} INFO - Setting next_dagrun for example_bash_operator to 2022-12-22T00:00:00+00:00, run_after=2022-12-23T00:00:00+00:00
[2022-12-23T09:44:34.047+0000] {processor.py:175} INFO - Processing /home/airflow/.local/lib/python3.7/site-packages/airflow/example_dags/example_bash_operator.py took 0.274 seconds
[2022-12-23T09:45:04.561+0000] {processor.py:153} INFO - Started process (PID=418) to work on /home/airflow/.local/lib/python3.7/site-packages/airflow/example_dags/example_bash_operator.py
[2022-12-23T09:45:04.570+0000] {processor.py:743} INFO - Processing file /home/airflow/.local/lib/python3.7/site-packages/airflow/example_dags/example_bash_operator.py for tasks to queue
[2022-12-23T09:45:04.574+0000] {logging_mixin.py:137} INFO - [2022-12-23T09:45:04.574+0000] {dagbag.py:538} INFO - Filling up the DagBag from /home/airflow/.local/lib/python3.7/site-packages/airflow/example_dags/example_bash_operator.py
[2022-12-23T09:45:04.623+0000] {processor.py:753} INFO - DAG(s) dict_keys(['example_bash_operator']) retrieved from /home/airflow/.local/lib/python3.7/site-packages/airflow/example_dags/example_bash_operator.py
[2022-12-23T09:45:04.703+0000] {logging_mixin.py:137} INFO - [2022-12-23T09:45:04.703+0000] {dag.py:2676} INFO - Sync 1 DAGs
[2022-12-23T09:45:04.732+0000] {logging_mixin.py:137} INFO - [2022-12-23T09:45:04.732+0000] {dag.py:3427} INFO - Setting next_dagrun for example_bash_operator to 2022-12-22T00:00:00+00:00, run_after=2022-12-23T00:00:00+00:00
[2022-12-23T09:45:04.755+0000] {processor.py:175} INFO - Processing /home/airflow/.local/lib/python3.7/site-packages/airflow/example_dags/example_bash_operator.py took 0.203 seconds
[2022-12-23T09:45:35.088+0000] {processor.py:153} INFO - Started process (PID=480) to work on /home/airflow/.local/lib/python3.7/site-packages/airflow/example_dags/example_bash_operator.py
[2022-12-23T09:45:35.101+0000] {processor.py:743} INFO - Processing file /home/airflow/.local/lib/python3.7/site-packages/airflow/example_dags/example_bash_operator.py for tasks to queue
[2022-12-23T09:45:35.107+0000] {logging_mixin.py:137} INFO - [2022-12-23T09:45:35.106+0000] {dagbag.py:538} INFO - Filling up the DagBag from /home/airflow/.local/lib/python3.7/site-packages/airflow/example_dags/example_bash_operator.py
[2022-12-23T09:45:35.175+0000] {processor.py:753} INFO - DAG(s) dict_keys(['example_bash_operator']) retrieved from /home/airflow/.local/lib/python3.7/site-packages/airflow/example_dags/example_bash_operator.py
[2022-12-23T09:45:35.284+0000] {logging_mixin.py:137} INFO - [2022-12-23T09:45:35.283+0000] {dag.py:2676} INFO - Sync 1 DAGs
[2022-12-23T09:45:35.352+0000] {logging_mixin.py:137} INFO - [2022-12-23T09:45:35.352+0000] {dag.py:3427} INFO - Setting next_dagrun for example_bash_operator to 2022-12-22T00:00:00+00:00, run_after=2022-12-23T00:00:00+00:00
[2022-12-23T09:45:35.392+0000] {processor.py:175} INFO - Processing /home/airflow/.local/lib/python3.7/site-packages/airflow/example_dags/example_bash_operator.py took 0.310 seconds
[2022-12-23T09:46:05.662+0000] {processor.py:153} INFO - Started process (PID=555) to work on /home/airflow/.local/lib/python3.7/site-packages/airflow/example_dags/example_bash_operator.py
[2022-12-23T09:46:05.664+0000] {processor.py:743} INFO - Processing file /home/airflow/.local/lib/python3.7/site-packages/airflow/example_dags/example_bash_operator.py for tasks to queue
[2022-12-23T09:46:05.666+0000] {logging_mixin.py:137} INFO - [2022-12-23T09:46:05.666+0000] {dagbag.py:538} INFO - Filling up the DagBag from /home/airflow/.local/lib/python3.7/site-packages/airflow/example_dags/example_bash_operator.py
[2022-12-23T09:46:05.688+0000] {processor.py:753} INFO - DAG(s) dict_keys(['example_bash_operator']) retrieved from /home/airflow/.local/lib/python3.7/site-packages/airflow/example_dags/example_bash_operator.py
[2022-12-23T09:46:05.733+0000] {logging_mixin.py:137} INFO - [2022-12-23T09:46:05.733+0000] {dag.py:2676} INFO - Sync 1 DAGs
[2022-12-23T09:46:05.762+0000] {logging_mixin.py:137} INFO - [2022-12-23T09:46:05.762+0000] {dag.py:3427} INFO - Setting next_dagrun for example_bash_operator to 2022-12-22T00:00:00+00:00, run_after=2022-12-23T00:00:00+00:00
[2022-12-23T09:46:05.785+0000] {processor.py:175} INFO - Processing /home/airflow/.local/lib/python3.7/site-packages/airflow/example_dags/example_bash_operator.py took 0.127 seconds
[2022-12-23T09:46:36.524+0000] {processor.py:153} INFO - Started process (PID=617) to work on /home/airflow/.local/lib/python3.7/site-packages/airflow/example_dags/example_bash_operator.py
[2022-12-23T09:46:36.528+0000] {processor.py:743} INFO - Processing file /home/airflow/.local/lib/python3.7/site-packages/airflow/example_dags/example_bash_operator.py for tasks to queue
[2022-12-23T09:46:36.530+0000] {logging_mixin.py:137} INFO - [2022-12-23T09:46:36.530+0000] {dagbag.py:538} INFO - Filling up the DagBag from /home/airflow/.local/lib/python3.7/site-packages/airflow/example_dags/example_bash_operator.py
[2022-12-23T09:46:36.547+0000] {processor.py:753} INFO - DAG(s) dict_keys(['example_bash_operator']) retrieved from /home/airflow/.local/lib/python3.7/site-packages/airflow/example_dags/example_bash_operator.py
[2022-12-23T09:46:36.579+0000] {logging_mixin.py:137} INFO - [2022-12-23T09:46:36.579+0000] {dag.py:2676} INFO - Sync 1 DAGs
[2022-12-23T09:46:36.606+0000] {logging_mixin.py:137} INFO - [2022-12-23T09:46:36.606+0000] {dag.py:3427} INFO - Setting next_dagrun for example_bash_operator to 2022-12-22T00:00:00+00:00, run_after=2022-12-23T00:00:00+00:00
[2022-12-23T09:46:36.624+0000] {processor.py:175} INFO - Processing /home/airflow/.local/lib/python3.7/site-packages/airflow/example_dags/example_bash_operator.py took 0.102 seconds
[2022-12-23T09:47:07.108+0000] {processor.py:153} INFO - Started process (PID=692) to work on /home/airflow/.local/lib/python3.7/site-packages/airflow/example_dags/example_bash_operator.py
[2022-12-23T09:47:07.152+0000] {processor.py:743} INFO - Processing file /home/airflow/.local/lib/python3.7/site-packages/airflow/example_dags/example_bash_operator.py for tasks to queue
[2022-12-23T09:47:07.156+0000] {logging_mixin.py:137} INFO - [2022-12-23T09:47:07.156+0000] {dagbag.py:538} INFO - Filling up the DagBag from /home/airflow/.local/lib/python3.7/site-packages/airflow/example_dags/example_bash_operator.py
[2022-12-23T09:47:07.197+0000] {processor.py:753} INFO - DAG(s) dict_keys(['example_bash_operator']) retrieved from /home/airflow/.local/lib/python3.7/site-packages/airflow/example_dags/example_bash_operator.py
[2022-12-23T09:47:07.254+0000] {logging_mixin.py:137} INFO - [2022-12-23T09:47:07.253+0000] {dag.py:2676} INFO - Sync 1 DAGs
[2022-12-23T09:47:07.285+0000] {logging_mixin.py:137} INFO - [2022-12-23T09:47:07.285+0000] {dag.py:3427} INFO - Setting next_dagrun for example_bash_operator to 2022-12-22T00:00:00+00:00, run_after=2022-12-23T00:00:00+00:00
[2022-12-23T09:47:07.312+0000] {processor.py:175} INFO - Processing /home/airflow/.local/lib/python3.7/site-packages/airflow/example_dags/example_bash_operator.py took 0.241 seconds
[2022-12-23T09:47:38.522+0000] {processor.py:153} INFO - Started process (PID=743) to work on /home/airflow/.local/lib/python3.7/site-packages/airflow/example_dags/example_bash_operator.py
[2022-12-23T09:47:38.530+0000] {processor.py:743} INFO - Processing file /home/airflow/.local/lib/python3.7/site-packages/airflow/example_dags/example_bash_operator.py for tasks to queue
[2022-12-23T09:47:38.534+0000] {logging_mixin.py:137} INFO - [2022-12-23T09:47:38.533+0000] {dagbag.py:538} INFO - Filling up the DagBag from /home/airflow/.local/lib/python3.7/site-packages/airflow/example_dags/example_bash_operator.py
[2022-12-23T09:47:38.575+0000] {processor.py:753} INFO - DAG(s) dict_keys(['example_bash_operator']) retrieved from /home/airflow/.local/lib/python3.7/site-packages/airflow/example_dags/example_bash_operator.py
[2022-12-23T09:47:38.685+0000] {logging_mixin.py:137} INFO - [2022-12-23T09:47:38.685+0000] {dag.py:2676} INFO - Sync 1 DAGs
[2022-12-23T09:47:38.742+0000] {logging_mixin.py:137} INFO - [2022-12-23T09:47:38.742+0000] {dag.py:3427} INFO - Setting next_dagrun for example_bash_operator to 2022-12-22T00:00:00+00:00, run_after=2022-12-23T00:00:00+00:00
[2022-12-23T09:47:38.780+0000] {processor.py:175} INFO - Processing /home/airflow/.local/lib/python3.7/site-packages/airflow/example_dags/example_bash_operator.py took 0.367 seconds
[2022-12-23T09:48:09.301+0000] {processor.py:153} INFO - Started process (PID=819) to work on /home/airflow/.local/lib/python3.7/site-packages/airflow/example_dags/example_bash_operator.py
[2022-12-23T09:48:09.304+0000] {processor.py:743} INFO - Processing file /home/airflow/.local/lib/python3.7/site-packages/airflow/example_dags/example_bash_operator.py for tasks to queue
[2022-12-23T09:48:09.306+0000] {logging_mixin.py:137} INFO - [2022-12-23T09:48:09.306+0000] {dagbag.py:538} INFO - Filling up the DagBag from /home/airflow/.local/lib/python3.7/site-packages/airflow/example_dags/example_bash_operator.py
[2022-12-23T09:48:09.349+0000] {processor.py:753} INFO - DAG(s) dict_keys(['example_bash_operator']) retrieved from /home/airflow/.local/lib/python3.7/site-packages/airflow/example_dags/example_bash_operator.py
[2022-12-23T09:48:09.410+0000] {logging_mixin.py:137} INFO - [2022-12-23T09:48:09.409+0000] {dag.py:2676} INFO - Sync 1 DAGs
[2022-12-23T09:48:09.466+0000] {logging_mixin.py:137} INFO - [2022-12-23T09:48:09.466+0000] {dag.py:3427} INFO - Setting next_dagrun for example_bash_operator to 2022-12-22T00:00:00+00:00, run_after=2022-12-23T00:00:00+00:00
[2022-12-23T09:48:09.494+0000] {processor.py:175} INFO - Processing /home/airflow/.local/lib/python3.7/site-packages/airflow/example_dags/example_bash_operator.py took 0.200 seconds
[2022-12-23T09:48:40.189+0000] {processor.py:153} INFO - Started process (PID=882) to work on /home/airflow/.local/lib/python3.7/site-packages/airflow/example_dags/example_bash_operator.py
[2022-12-23T09:48:40.207+0000] {processor.py:743} INFO - Processing file /home/airflow/.local/lib/python3.7/site-packages/airflow/example_dags/example_bash_operator.py for tasks to queue
[2022-12-23T09:48:40.209+0000] {logging_mixin.py:137} INFO - [2022-12-23T09:48:40.209+0000] {dagbag.py:538} INFO - Filling up the DagBag from /home/airflow/.local/lib/python3.7/site-packages/airflow/example_dags/example_bash_operator.py
[2022-12-23T09:48:40.281+0000] {processor.py:753} INFO - DAG(s) dict_keys(['example_bash_operator']) retrieved from /home/airflow/.local/lib/python3.7/site-packages/airflow/example_dags/example_bash_operator.py
[2022-12-23T09:48:40.329+0000] {logging_mixin.py:137} INFO - [2022-12-23T09:48:40.329+0000] {dag.py:2676} INFO - Sync 1 DAGs
[2022-12-23T09:48:40.363+0000] {logging_mixin.py:137} INFO - [2022-12-23T09:48:40.363+0000] {dag.py:3427} INFO - Setting next_dagrun for example_bash_operator to 2022-12-22T00:00:00+00:00, run_after=2022-12-23T00:00:00+00:00
[2022-12-23T09:48:40.386+0000] {processor.py:175} INFO - Processing /home/airflow/.local/lib/python3.7/site-packages/airflow/example_dags/example_bash_operator.py took 0.200 seconds
[2022-12-23T09:49:10.691+0000] {processor.py:153} INFO - Started process (PID=944) to work on /home/airflow/.local/lib/python3.7/site-packages/airflow/example_dags/example_bash_operator.py
[2022-12-23T09:49:10.694+0000] {processor.py:743} INFO - Processing file /home/airflow/.local/lib/python3.7/site-packages/airflow/example_dags/example_bash_operator.py for tasks to queue
[2022-12-23T09:49:10.695+0000] {logging_mixin.py:137} INFO - [2022-12-23T09:49:10.695+0000] {dagbag.py:538} INFO - Filling up the DagBag from /home/airflow/.local/lib/python3.7/site-packages/airflow/example_dags/example_bash_operator.py
[2022-12-23T09:49:10.718+0000] {processor.py:753} INFO - DAG(s) dict_keys(['example_bash_operator']) retrieved from /home/airflow/.local/lib/python3.7/site-packages/airflow/example_dags/example_bash_operator.py
[2022-12-23T09:49:10.754+0000] {logging_mixin.py:137} INFO - [2022-12-23T09:49:10.754+0000] {dag.py:2676} INFO - Sync 1 DAGs
[2022-12-23T09:49:10.774+0000] {logging_mixin.py:137} INFO - [2022-12-23T09:49:10.774+0000] {dag.py:3427} INFO - Setting next_dagrun for example_bash_operator to 2022-12-22T00:00:00+00:00, run_after=2022-12-23T00:00:00+00:00
[2022-12-23T09:49:10.788+0000] {processor.py:175} INFO - Processing /home/airflow/.local/lib/python3.7/site-packages/airflow/example_dags/example_bash_operator.py took 0.102 seconds
[2022-12-23T09:49:41.049+0000] {processor.py:153} INFO - Started process (PID=1008) to work on /home/airflow/.local/lib/python3.7/site-packages/airflow/example_dags/example_bash_operator.py
[2022-12-23T09:49:41.060+0000] {processor.py:743} INFO - Processing file /home/airflow/.local/lib/python3.7/site-packages/airflow/example_dags/example_bash_operator.py for tasks to queue
[2022-12-23T09:49:41.062+0000] {logging_mixin.py:137} INFO - [2022-12-23T09:49:41.062+0000] {dagbag.py:538} INFO - Filling up the DagBag from /home/airflow/.local/lib/python3.7/site-packages/airflow/example_dags/example_bash_operator.py
[2022-12-23T09:49:41.117+0000] {processor.py:753} INFO - DAG(s) dict_keys(['example_bash_operator']) retrieved from /home/airflow/.local/lib/python3.7/site-packages/airflow/example_dags/example_bash_operator.py
[2022-12-23T09:49:41.183+0000] {logging_mixin.py:137} INFO - [2022-12-23T09:49:41.183+0000] {dag.py:2676} INFO - Sync 1 DAGs
[2022-12-23T09:49:41.216+0000] {logging_mixin.py:137} INFO - [2022-12-23T09:49:41.216+0000] {dag.py:3427} INFO - Setting next_dagrun for example_bash_operator to 2022-12-22T00:00:00+00:00, run_after=2022-12-23T00:00:00+00:00
[2022-12-23T09:49:41.243+0000] {processor.py:175} INFO - Processing /home/airflow/.local/lib/python3.7/site-packages/airflow/example_dags/example_bash_operator.py took 0.206 seconds
[2022-12-23T09:50:11.860+0000] {processor.py:153} INFO - Started process (PID=1071) to work on /home/airflow/.local/lib/python3.7/site-packages/airflow/example_dags/example_bash_operator.py
[2022-12-23T09:50:11.865+0000] {processor.py:743} INFO - Processing file /home/airflow/.local/lib/python3.7/site-packages/airflow/example_dags/example_bash_operator.py for tasks to queue
[2022-12-23T09:50:11.868+0000] {logging_mixin.py:137} INFO - [2022-12-23T09:50:11.868+0000] {dagbag.py:538} INFO - Filling up the DagBag from /home/airflow/.local/lib/python3.7/site-packages/airflow/example_dags/example_bash_operator.py
[2022-12-23T09:50:11.892+0000] {processor.py:753} INFO - DAG(s) dict_keys(['example_bash_operator']) retrieved from /home/airflow/.local/lib/python3.7/site-packages/airflow/example_dags/example_bash_operator.py
[2022-12-23T09:50:11.948+0000] {logging_mixin.py:137} INFO - [2022-12-23T09:50:11.948+0000] {dag.py:2676} INFO - Sync 1 DAGs
[2022-12-23T09:50:11.993+0000] {logging_mixin.py:137} INFO - [2022-12-23T09:50:11.993+0000] {dag.py:3427} INFO - Setting next_dagrun for example_bash_operator to 2022-12-22T00:00:00+00:00, run_after=2022-12-23T00:00:00+00:00
[2022-12-23T09:50:12.033+0000] {processor.py:175} INFO - Processing /home/airflow/.local/lib/python3.7/site-packages/airflow/example_dags/example_bash_operator.py took 0.176 seconds
[2022-12-23T09:50:43.035+0000] {processor.py:153} INFO - Started process (PID=1134) to work on /home/airflow/.local/lib/python3.7/site-packages/airflow/example_dags/example_bash_operator.py
[2022-12-23T09:50:43.043+0000] {processor.py:743} INFO - Processing file /home/airflow/.local/lib/python3.7/site-packages/airflow/example_dags/example_bash_operator.py for tasks to queue
[2022-12-23T09:50:43.048+0000] {logging_mixin.py:137} INFO - [2022-12-23T09:50:43.048+0000] {dagbag.py:538} INFO - Filling up the DagBag from /home/airflow/.local/lib/python3.7/site-packages/airflow/example_dags/example_bash_operator.py
[2022-12-23T09:50:43.083+0000] {processor.py:753} INFO - DAG(s) dict_keys(['example_bash_operator']) retrieved from /home/airflow/.local/lib/python3.7/site-packages/airflow/example_dags/example_bash_operator.py
[2022-12-23T09:50:43.221+0000] {logging_mixin.py:137} INFO - [2022-12-23T09:50:43.220+0000] {dag.py:2676} INFO - Sync 1 DAGs
[2022-12-23T09:50:43.345+0000] {logging_mixin.py:137} INFO - [2022-12-23T09:50:43.345+0000] {dag.py:3427} INFO - Setting next_dagrun for example_bash_operator to 2022-12-22T00:00:00+00:00, run_after=2022-12-23T00:00:00+00:00
[2022-12-23T09:50:43.399+0000] {processor.py:175} INFO - Processing /home/airflow/.local/lib/python3.7/site-packages/airflow/example_dags/example_bash_operator.py took 0.370 seconds
[2022-12-23T09:51:14.139+0000] {processor.py:153} INFO - Started process (PID=1211) to work on /home/airflow/.local/lib/python3.7/site-packages/airflow/example_dags/example_bash_operator.py
[2022-12-23T09:51:14.147+0000] {processor.py:743} INFO - Processing file /home/airflow/.local/lib/python3.7/site-packages/airflow/example_dags/example_bash_operator.py for tasks to queue
[2022-12-23T09:51:14.153+0000] {logging_mixin.py:137} INFO - [2022-12-23T09:51:14.153+0000] {dagbag.py:538} INFO - Filling up the DagBag from /home/airflow/.local/lib/python3.7/site-packages/airflow/example_dags/example_bash_operator.py
[2022-12-23T09:51:14.225+0000] {processor.py:753} INFO - DAG(s) dict_keys(['example_bash_operator']) retrieved from /home/airflow/.local/lib/python3.7/site-packages/airflow/example_dags/example_bash_operator.py
[2022-12-23T09:51:14.322+0000] {logging_mixin.py:137} INFO - [2022-12-23T09:51:14.322+0000] {dag.py:2676} INFO - Sync 1 DAGs
[2022-12-23T09:51:14.373+0000] {logging_mixin.py:137} INFO - [2022-12-23T09:51:14.372+0000] {dag.py:3427} INFO - Setting next_dagrun for example_bash_operator to 2022-12-22T00:00:00+00:00, run_after=2022-12-23T00:00:00+00:00
[2022-12-23T09:51:14.413+0000] {processor.py:175} INFO - Processing /home/airflow/.local/lib/python3.7/site-packages/airflow/example_dags/example_bash_operator.py took 0.283 seconds
[2022-12-23T09:51:45.495+0000] {processor.py:153} INFO - Started process (PID=1273) to work on /home/airflow/.local/lib/python3.7/site-packages/airflow/example_dags/example_bash_operator.py
[2022-12-23T09:51:45.503+0000] {processor.py:743} INFO - Processing file /home/airflow/.local/lib/python3.7/site-packages/airflow/example_dags/example_bash_operator.py for tasks to queue
[2022-12-23T09:51:45.506+0000] {logging_mixin.py:137} INFO - [2022-12-23T09:51:45.506+0000] {dagbag.py:538} INFO - Filling up the DagBag from /home/airflow/.local/lib/python3.7/site-packages/airflow/example_dags/example_bash_operator.py
[2022-12-23T09:51:45.538+0000] {processor.py:753} INFO - DAG(s) dict_keys(['example_bash_operator']) retrieved from /home/airflow/.local/lib/python3.7/site-packages/airflow/example_dags/example_bash_operator.py
[2022-12-23T09:51:45.588+0000] {logging_mixin.py:137} INFO - [2022-12-23T09:51:45.588+0000] {dag.py:2676} INFO - Sync 1 DAGs
[2022-12-23T09:51:45.621+0000] {logging_mixin.py:137} INFO - [2022-12-23T09:51:45.621+0000] {dag.py:3427} INFO - Setting next_dagrun for example_bash_operator to 2022-12-22T00:00:00+00:00, run_after=2022-12-23T00:00:00+00:00
[2022-12-23T09:51:45.643+0000] {processor.py:175} INFO - Processing /home/airflow/.local/lib/python3.7/site-packages/airflow/example_dags/example_bash_operator.py took 0.152 seconds
[2022-12-23T09:52:15.769+0000] {processor.py:153} INFO - Started process (PID=1336) to work on /home/airflow/.local/lib/python3.7/site-packages/airflow/example_dags/example_bash_operator.py
[2022-12-23T09:52:15.771+0000] {processor.py:743} INFO - Processing file /home/airflow/.local/lib/python3.7/site-packages/airflow/example_dags/example_bash_operator.py for tasks to queue
[2022-12-23T09:52:15.772+0000] {logging_mixin.py:137} INFO - [2022-12-23T09:52:15.772+0000] {dagbag.py:538} INFO - Filling up the DagBag from /home/airflow/.local/lib/python3.7/site-packages/airflow/example_dags/example_bash_operator.py
[2022-12-23T09:52:15.788+0000] {processor.py:753} INFO - DAG(s) dict_keys(['example_bash_operator']) retrieved from /home/airflow/.local/lib/python3.7/site-packages/airflow/example_dags/example_bash_operator.py
[2022-12-23T09:52:15.817+0000] {logging_mixin.py:137} INFO - [2022-12-23T09:52:15.817+0000] {dag.py:2676} INFO - Sync 1 DAGs
[2022-12-23T09:52:15.840+0000] {logging_mixin.py:137} INFO - [2022-12-23T09:52:15.840+0000] {dag.py:3427} INFO - Setting next_dagrun for example_bash_operator to 2022-12-22T00:00:00+00:00, run_after=2022-12-23T00:00:00+00:00
[2022-12-23T09:52:15.857+0000] {processor.py:175} INFO - Processing /home/airflow/.local/lib/python3.7/site-packages/airflow/example_dags/example_bash_operator.py took 0.090 seconds
[2022-12-23T09:52:46.157+0000] {processor.py:153} INFO - Started process (PID=1400) to work on /home/airflow/.local/lib/python3.7/site-packages/airflow/example_dags/example_bash_operator.py
[2022-12-23T09:52:46.159+0000] {processor.py:743} INFO - Processing file /home/airflow/.local/lib/python3.7/site-packages/airflow/example_dags/example_bash_operator.py for tasks to queue
[2022-12-23T09:52:46.162+0000] {logging_mixin.py:137} INFO - [2022-12-23T09:52:46.162+0000] {dagbag.py:538} INFO - Filling up the DagBag from /home/airflow/.local/lib/python3.7/site-packages/airflow/example_dags/example_bash_operator.py
[2022-12-23T09:52:46.195+0000] {processor.py:753} INFO - DAG(s) dict_keys(['example_bash_operator']) retrieved from /home/airflow/.local/lib/python3.7/site-packages/airflow/example_dags/example_bash_operator.py
[2022-12-23T09:52:46.276+0000] {logging_mixin.py:137} INFO - [2022-12-23T09:52:46.276+0000] {dag.py:2676} INFO - Sync 1 DAGs
[2022-12-23T09:52:46.338+0000] {logging_mixin.py:137} INFO - [2022-12-23T09:52:46.337+0000] {dag.py:3427} INFO - Setting next_dagrun for example_bash_operator to 2022-12-22T00:00:00+00:00, run_after=2022-12-23T00:00:00+00:00
[2022-12-23T09:52:46.381+0000] {processor.py:175} INFO - Processing /home/airflow/.local/lib/python3.7/site-packages/airflow/example_dags/example_bash_operator.py took 0.228 seconds
[2022-12-23T09:53:16.625+0000] {processor.py:153} INFO - Started process (PID=1465) to work on /home/airflow/.local/lib/python3.7/site-packages/airflow/example_dags/example_bash_operator.py
[2022-12-23T09:53:16.628+0000] {processor.py:743} INFO - Processing file /home/airflow/.local/lib/python3.7/site-packages/airflow/example_dags/example_bash_operator.py for tasks to queue
[2022-12-23T09:53:16.631+0000] {logging_mixin.py:137} INFO - [2022-12-23T09:53:16.631+0000] {dagbag.py:538} INFO - Filling up the DagBag from /home/airflow/.local/lib/python3.7/site-packages/airflow/example_dags/example_bash_operator.py
[2022-12-23T09:53:16.655+0000] {processor.py:753} INFO - DAG(s) dict_keys(['example_bash_operator']) retrieved from /home/airflow/.local/lib/python3.7/site-packages/airflow/example_dags/example_bash_operator.py
[2022-12-23T09:53:16.703+0000] {logging_mixin.py:137} INFO - [2022-12-23T09:53:16.702+0000] {dag.py:2676} INFO - Sync 1 DAGs
[2022-12-23T09:53:16.733+0000] {logging_mixin.py:137} INFO - [2022-12-23T09:53:16.733+0000] {dag.py:3427} INFO - Setting next_dagrun for example_bash_operator to 2022-12-22T00:00:00+00:00, run_after=2022-12-23T00:00:00+00:00
[2022-12-23T09:53:16.767+0000] {processor.py:175} INFO - Processing /home/airflow/.local/lib/python3.7/site-packages/airflow/example_dags/example_bash_operator.py took 0.146 seconds
[2022-12-23T09:53:47.261+0000] {processor.py:153} INFO - Started process (PID=1537) to work on /home/airflow/.local/lib/python3.7/site-packages/airflow/example_dags/example_bash_operator.py
[2022-12-23T09:53:47.264+0000] {processor.py:743} INFO - Processing file /home/airflow/.local/lib/python3.7/site-packages/airflow/example_dags/example_bash_operator.py for tasks to queue
[2022-12-23T09:53:47.265+0000] {logging_mixin.py:137} INFO - [2022-12-23T09:53:47.265+0000] {dagbag.py:538} INFO - Filling up the DagBag from /home/airflow/.local/lib/python3.7/site-packages/airflow/example_dags/example_bash_operator.py
[2022-12-23T09:53:47.280+0000] {processor.py:753} INFO - DAG(s) dict_keys(['example_bash_operator']) retrieved from /home/airflow/.local/lib/python3.7/site-packages/airflow/example_dags/example_bash_operator.py
[2022-12-23T09:53:47.314+0000] {logging_mixin.py:137} INFO - [2022-12-23T09:53:47.314+0000] {dag.py:2676} INFO - Sync 1 DAGs
[2022-12-23T09:53:47.334+0000] {logging_mixin.py:137} INFO - [2022-12-23T09:53:47.334+0000] {dag.py:3427} INFO - Setting next_dagrun for example_bash_operator to 2022-12-22T00:00:00+00:00, run_after=2022-12-23T00:00:00+00:00
[2022-12-23T09:53:47.354+0000] {processor.py:175} INFO - Processing /home/airflow/.local/lib/python3.7/site-packages/airflow/example_dags/example_bash_operator.py took 0.095 seconds
[2022-12-23T09:54:17.529+0000] {processor.py:153} INFO - Started process (PID=1600) to work on /home/airflow/.local/lib/python3.7/site-packages/airflow/example_dags/example_bash_operator.py
[2022-12-23T09:54:17.531+0000] {processor.py:743} INFO - Processing file /home/airflow/.local/lib/python3.7/site-packages/airflow/example_dags/example_bash_operator.py for tasks to queue
[2022-12-23T09:54:17.532+0000] {logging_mixin.py:137} INFO - [2022-12-23T09:54:17.532+0000] {dagbag.py:538} INFO - Filling up the DagBag from /home/airflow/.local/lib/python3.7/site-packages/airflow/example_dags/example_bash_operator.py
[2022-12-23T09:54:17.552+0000] {processor.py:753} INFO - DAG(s) dict_keys(['example_bash_operator']) retrieved from /home/airflow/.local/lib/python3.7/site-packages/airflow/example_dags/example_bash_operator.py
[2022-12-23T09:54:17.600+0000] {logging_mixin.py:137} INFO - [2022-12-23T09:54:17.600+0000] {dag.py:2676} INFO - Sync 1 DAGs
[2022-12-23T09:54:17.634+0000] {logging_mixin.py:137} INFO - [2022-12-23T09:54:17.634+0000] {dag.py:3427} INFO - Setting next_dagrun for example_bash_operator to 2022-12-22T00:00:00+00:00, run_after=2022-12-23T00:00:00+00:00
[2022-12-23T09:54:17.670+0000] {processor.py:175} INFO - Processing /home/airflow/.local/lib/python3.7/site-packages/airflow/example_dags/example_bash_operator.py took 0.143 seconds
[2022-12-23T09:54:49.323+0000] {processor.py:153} INFO - Started process (PID=1663) to work on /home/airflow/.local/lib/python3.7/site-packages/airflow/example_dags/example_bash_operator.py
[2022-12-23T09:54:49.326+0000] {processor.py:743} INFO - Processing file /home/airflow/.local/lib/python3.7/site-packages/airflow/example_dags/example_bash_operator.py for tasks to queue
[2022-12-23T09:54:49.330+0000] {logging_mixin.py:137} INFO - [2022-12-23T09:54:49.329+0000] {dagbag.py:538} INFO - Filling up the DagBag from /home/airflow/.local/lib/python3.7/site-packages/airflow/example_dags/example_bash_operator.py
[2022-12-23T09:54:49.354+0000] {processor.py:753} INFO - DAG(s) dict_keys(['example_bash_operator']) retrieved from /home/airflow/.local/lib/python3.7/site-packages/airflow/example_dags/example_bash_operator.py
[2022-12-23T09:54:49.395+0000] {logging_mixin.py:137} INFO - [2022-12-23T09:54:49.395+0000] {dag.py:2676} INFO - Sync 1 DAGs
[2022-12-23T09:54:49.424+0000] {logging_mixin.py:137} INFO - [2022-12-23T09:54:49.424+0000] {dag.py:3427} INFO - Setting next_dagrun for example_bash_operator to 2022-12-22T00:00:00+00:00, run_after=2022-12-23T00:00:00+00:00
[2022-12-23T09:54:49.450+0000] {processor.py:175} INFO - Processing /home/airflow/.local/lib/python3.7/site-packages/airflow/example_dags/example_bash_operator.py took 0.131 seconds
[2022-12-23T09:55:22.162+0000] {processor.py:153} INFO - Started process (PID=1738) to work on /home/airflow/.local/lib/python3.7/site-packages/airflow/example_dags/example_bash_operator.py
[2022-12-23T09:55:22.167+0000] {processor.py:743} INFO - Processing file /home/airflow/.local/lib/python3.7/site-packages/airflow/example_dags/example_bash_operator.py for tasks to queue
[2022-12-23T09:55:22.169+0000] {logging_mixin.py:137} INFO - [2022-12-23T09:55:22.169+0000] {dagbag.py:538} INFO - Filling up the DagBag from /home/airflow/.local/lib/python3.7/site-packages/airflow/example_dags/example_bash_operator.py
[2022-12-23T09:55:22.203+0000] {processor.py:753} INFO - DAG(s) dict_keys(['example_bash_operator']) retrieved from /home/airflow/.local/lib/python3.7/site-packages/airflow/example_dags/example_bash_operator.py
[2022-12-23T09:55:22.284+0000] {logging_mixin.py:137} INFO - [2022-12-23T09:55:22.284+0000] {dag.py:2676} INFO - Sync 1 DAGs
[2022-12-23T09:55:22.336+0000] {logging_mixin.py:137} INFO - [2022-12-23T09:55:22.335+0000] {dag.py:3427} INFO - Setting next_dagrun for example_bash_operator to 2022-12-22T00:00:00+00:00, run_after=2022-12-23T00:00:00+00:00
[2022-12-23T09:55:22.368+0000] {processor.py:175} INFO - Processing /home/airflow/.local/lib/python3.7/site-packages/airflow/example_dags/example_bash_operator.py took 0.213 seconds
[2022-12-23T09:55:52.614+0000] {processor.py:153} INFO - Started process (PID=1801) to work on /home/airflow/.local/lib/python3.7/site-packages/airflow/example_dags/example_bash_operator.py
[2022-12-23T09:55:52.618+0000] {processor.py:743} INFO - Processing file /home/airflow/.local/lib/python3.7/site-packages/airflow/example_dags/example_bash_operator.py for tasks to queue
[2022-12-23T09:55:52.621+0000] {logging_mixin.py:137} INFO - [2022-12-23T09:55:52.621+0000] {dagbag.py:538} INFO - Filling up the DagBag from /home/airflow/.local/lib/python3.7/site-packages/airflow/example_dags/example_bash_operator.py
[2022-12-23T09:55:52.669+0000] {processor.py:753} INFO - DAG(s) dict_keys(['example_bash_operator']) retrieved from /home/airflow/.local/lib/python3.7/site-packages/airflow/example_dags/example_bash_operator.py
[2022-12-23T09:55:52.698+0000] {logging_mixin.py:137} INFO - [2022-12-23T09:55:52.698+0000] {dag.py:2676} INFO - Sync 1 DAGs
[2022-12-23T09:55:52.721+0000] {logging_mixin.py:137} INFO - [2022-12-23T09:55:52.721+0000] {dag.py:3427} INFO - Setting next_dagrun for example_bash_operator to 2022-12-22T00:00:00+00:00, run_after=2022-12-23T00:00:00+00:00
[2022-12-23T09:55:52.741+0000] {processor.py:175} INFO - Processing /home/airflow/.local/lib/python3.7/site-packages/airflow/example_dags/example_bash_operator.py took 0.130 seconds
[2022-12-23T09:56:23.817+0000] {processor.py:153} INFO - Started process (PID=1865) to work on /home/airflow/.local/lib/python3.7/site-packages/airflow/example_dags/example_bash_operator.py
[2022-12-23T09:56:23.822+0000] {processor.py:743} INFO - Processing file /home/airflow/.local/lib/python3.7/site-packages/airflow/example_dags/example_bash_operator.py for tasks to queue
[2022-12-23T09:56:23.831+0000] {logging_mixin.py:137} INFO - [2022-12-23T09:56:23.831+0000] {dagbag.py:538} INFO - Filling up the DagBag from /home/airflow/.local/lib/python3.7/site-packages/airflow/example_dags/example_bash_operator.py
[2022-12-23T09:56:23.856+0000] {processor.py:753} INFO - DAG(s) dict_keys(['example_bash_operator']) retrieved from /home/airflow/.local/lib/python3.7/site-packages/airflow/example_dags/example_bash_operator.py
[2022-12-23T09:56:23.909+0000] {logging_mixin.py:137} INFO - [2022-12-23T09:56:23.909+0000] {dag.py:2676} INFO - Sync 1 DAGs
[2022-12-23T09:56:23.948+0000] {logging_mixin.py:137} INFO - [2022-12-23T09:56:23.948+0000] {dag.py:3427} INFO - Setting next_dagrun for example_bash_operator to 2022-12-22T00:00:00+00:00, run_after=2022-12-23T00:00:00+00:00
[2022-12-23T09:56:23.976+0000] {processor.py:175} INFO - Processing /home/airflow/.local/lib/python3.7/site-packages/airflow/example_dags/example_bash_operator.py took 0.162 seconds
[2022-12-23T09:56:55.248+0000] {processor.py:153} INFO - Started process (PID=1940) to work on /home/airflow/.local/lib/python3.7/site-packages/airflow/example_dags/example_bash_operator.py
[2022-12-23T09:56:55.251+0000] {processor.py:743} INFO - Processing file /home/airflow/.local/lib/python3.7/site-packages/airflow/example_dags/example_bash_operator.py for tasks to queue
[2022-12-23T09:56:55.253+0000] {logging_mixin.py:137} INFO - [2022-12-23T09:56:55.253+0000] {dagbag.py:538} INFO - Filling up the DagBag from /home/airflow/.local/lib/python3.7/site-packages/airflow/example_dags/example_bash_operator.py
[2022-12-23T09:56:55.296+0000] {processor.py:753} INFO - DAG(s) dict_keys(['example_bash_operator']) retrieved from /home/airflow/.local/lib/python3.7/site-packages/airflow/example_dags/example_bash_operator.py
[2022-12-23T09:56:55.344+0000] {logging_mixin.py:137} INFO - [2022-12-23T09:56:55.344+0000] {dag.py:2676} INFO - Sync 1 DAGs
[2022-12-23T09:56:55.378+0000] {logging_mixin.py:137} INFO - [2022-12-23T09:56:55.378+0000] {dag.py:3427} INFO - Setting next_dagrun for example_bash_operator to 2022-12-22T00:00:00+00:00, run_after=2022-12-23T00:00:00+00:00
[2022-12-23T09:56:55.405+0000] {processor.py:175} INFO - Processing /home/airflow/.local/lib/python3.7/site-packages/airflow/example_dags/example_bash_operator.py took 0.160 seconds
[2022-12-23T09:57:25.832+0000] {processor.py:153} INFO - Started process (PID=2004) to work on /home/airflow/.local/lib/python3.7/site-packages/airflow/example_dags/example_bash_operator.py
[2022-12-23T09:57:25.834+0000] {processor.py:743} INFO - Processing file /home/airflow/.local/lib/python3.7/site-packages/airflow/example_dags/example_bash_operator.py for tasks to queue
[2022-12-23T09:57:25.835+0000] {logging_mixin.py:137} INFO - [2022-12-23T09:57:25.835+0000] {dagbag.py:538} INFO - Filling up the DagBag from /home/airflow/.local/lib/python3.7/site-packages/airflow/example_dags/example_bash_operator.py
[2022-12-23T09:57:25.868+0000] {processor.py:753} INFO - DAG(s) dict_keys(['example_bash_operator']) retrieved from /home/airflow/.local/lib/python3.7/site-packages/airflow/example_dags/example_bash_operator.py
[2022-12-23T09:57:25.920+0000] {logging_mixin.py:137} INFO - [2022-12-23T09:57:25.919+0000] {dag.py:2676} INFO - Sync 1 DAGs
[2022-12-23T09:57:26.019+0000] {logging_mixin.py:137} INFO - [2022-12-23T09:57:26.019+0000] {dag.py:3427} INFO - Setting next_dagrun for example_bash_operator to 2022-12-22T00:00:00+00:00, run_after=2022-12-23T00:00:00+00:00
[2022-12-23T09:57:26.056+0000] {processor.py:175} INFO - Processing /home/airflow/.local/lib/python3.7/site-packages/airflow/example_dags/example_bash_operator.py took 0.229 seconds
[2022-12-23T09:57:56.379+0000] {processor.py:153} INFO - Started process (PID=2067) to work on /home/airflow/.local/lib/python3.7/site-packages/airflow/example_dags/example_bash_operator.py
[2022-12-23T09:57:56.381+0000] {processor.py:743} INFO - Processing file /home/airflow/.local/lib/python3.7/site-packages/airflow/example_dags/example_bash_operator.py for tasks to queue
[2022-12-23T09:57:56.386+0000] {logging_mixin.py:137} INFO - [2022-12-23T09:57:56.386+0000] {dagbag.py:538} INFO - Filling up the DagBag from /home/airflow/.local/lib/python3.7/site-packages/airflow/example_dags/example_bash_operator.py
[2022-12-23T09:57:56.404+0000] {processor.py:753} INFO - DAG(s) dict_keys(['example_bash_operator']) retrieved from /home/airflow/.local/lib/python3.7/site-packages/airflow/example_dags/example_bash_operator.py
[2022-12-23T09:57:56.440+0000] {logging_mixin.py:137} INFO - [2022-12-23T09:57:56.440+0000] {dag.py:2676} INFO - Sync 1 DAGs
[2022-12-23T09:57:56.463+0000] {logging_mixin.py:137} INFO - [2022-12-23T09:57:56.463+0000] {dag.py:3427} INFO - Setting next_dagrun for example_bash_operator to 2022-12-22T00:00:00+00:00, run_after=2022-12-23T00:00:00+00:00
[2022-12-23T09:57:56.478+0000] {processor.py:175} INFO - Processing /home/airflow/.local/lib/python3.7/site-packages/airflow/example_dags/example_bash_operator.py took 0.103 seconds
[2022-12-23T09:58:45.686+0000] {processor.py:153} INFO - Started process (PID=2142) to work on /home/airflow/.local/lib/python3.7/site-packages/airflow/example_dags/example_bash_operator.py
[2022-12-23T09:58:45.689+0000] {processor.py:743} INFO - Processing file /home/airflow/.local/lib/python3.7/site-packages/airflow/example_dags/example_bash_operator.py for tasks to queue
[2022-12-23T09:58:45.691+0000] {logging_mixin.py:137} INFO - [2022-12-23T09:58:45.691+0000] {dagbag.py:538} INFO - Filling up the DagBag from /home/airflow/.local/lib/python3.7/site-packages/airflow/example_dags/example_bash_operator.py
[2022-12-23T09:58:45.710+0000] {processor.py:753} INFO - DAG(s) dict_keys(['example_bash_operator']) retrieved from /home/airflow/.local/lib/python3.7/site-packages/airflow/example_dags/example_bash_operator.py
[2022-12-23T09:58:45.754+0000] {logging_mixin.py:137} INFO - [2022-12-23T09:58:45.754+0000] {dag.py:2676} INFO - Sync 1 DAGs
[2022-12-23T09:58:45.781+0000] {logging_mixin.py:137} INFO - [2022-12-23T09:58:45.781+0000] {dag.py:3427} INFO - Setting next_dagrun for example_bash_operator to 2022-12-22T00:00:00+00:00, run_after=2022-12-23T00:00:00+00:00
[2022-12-23T09:58:45.801+0000] {processor.py:175} INFO - Processing /home/airflow/.local/lib/python3.7/site-packages/airflow/example_dags/example_bash_operator.py took 0.118 seconds
[2022-12-23T09:59:16.414+0000] {processor.py:153} INFO - Started process (PID=2206) to work on /home/airflow/.local/lib/python3.7/site-packages/airflow/example_dags/example_bash_operator.py
[2022-12-23T09:59:16.418+0000] {processor.py:743} INFO - Processing file /home/airflow/.local/lib/python3.7/site-packages/airflow/example_dags/example_bash_operator.py for tasks to queue
[2022-12-23T09:59:16.420+0000] {logging_mixin.py:137} INFO - [2022-12-23T09:59:16.419+0000] {dagbag.py:538} INFO - Filling up the DagBag from /home/airflow/.local/lib/python3.7/site-packages/airflow/example_dags/example_bash_operator.py
[2022-12-23T09:59:16.436+0000] {processor.py:753} INFO - DAG(s) dict_keys(['example_bash_operator']) retrieved from /home/airflow/.local/lib/python3.7/site-packages/airflow/example_dags/example_bash_operator.py
[2022-12-23T09:59:16.476+0000] {logging_mixin.py:137} INFO - [2022-12-23T09:59:16.475+0000] {dag.py:2676} INFO - Sync 1 DAGs
[2022-12-23T09:59:16.509+0000] {logging_mixin.py:137} INFO - [2022-12-23T09:59:16.509+0000] {dag.py:3427} INFO - Setting next_dagrun for example_bash_operator to 2022-12-22T00:00:00+00:00, run_after=2022-12-23T00:00:00+00:00
[2022-12-23T09:59:16.542+0000] {processor.py:175} INFO - Processing /home/airflow/.local/lib/python3.7/site-packages/airflow/example_dags/example_bash_operator.py took 0.132 seconds
[2022-12-23T09:59:47.340+0000] {processor.py:153} INFO - Started process (PID=2268) to work on /home/airflow/.local/lib/python3.7/site-packages/airflow/example_dags/example_bash_operator.py
[2022-12-23T09:59:47.346+0000] {processor.py:743} INFO - Processing file /home/airflow/.local/lib/python3.7/site-packages/airflow/example_dags/example_bash_operator.py for tasks to queue
[2022-12-23T09:59:47.354+0000] {logging_mixin.py:137} INFO - [2022-12-23T09:59:47.354+0000] {dagbag.py:538} INFO - Filling up the DagBag from /home/airflow/.local/lib/python3.7/site-packages/airflow/example_dags/example_bash_operator.py
[2022-12-23T09:59:47.379+0000] {processor.py:753} INFO - DAG(s) dict_keys(['example_bash_operator']) retrieved from /home/airflow/.local/lib/python3.7/site-packages/airflow/example_dags/example_bash_operator.py
[2022-12-23T09:59:47.432+0000] {logging_mixin.py:137} INFO - [2022-12-23T09:59:47.432+0000] {dag.py:2676} INFO - Sync 1 DAGs
[2022-12-23T09:59:47.465+0000] {logging_mixin.py:137} INFO - [2022-12-23T09:59:47.465+0000] {dag.py:3427} INFO - Setting next_dagrun for example_bash_operator to 2022-12-22T00:00:00+00:00, run_after=2022-12-23T00:00:00+00:00
[2022-12-23T09:59:47.489+0000] {processor.py:175} INFO - Processing /home/airflow/.local/lib/python3.7/site-packages/airflow/example_dags/example_bash_operator.py took 0.153 seconds
[2022-12-23T10:00:27.140+0000] {processor.py:153} INFO - Started process (PID=2336) to work on /home/airflow/.local/lib/python3.7/site-packages/airflow/example_dags/example_bash_operator.py
[2022-12-23T10:00:27.144+0000] {processor.py:743} INFO - Processing file /home/airflow/.local/lib/python3.7/site-packages/airflow/example_dags/example_bash_operator.py for tasks to queue
[2022-12-23T10:00:27.150+0000] {logging_mixin.py:137} INFO - [2022-12-23T10:00:27.150+0000] {dagbag.py:538} INFO - Filling up the DagBag from /home/airflow/.local/lib/python3.7/site-packages/airflow/example_dags/example_bash_operator.py
[2022-12-23T10:00:27.178+0000] {processor.py:753} INFO - DAG(s) dict_keys(['example_bash_operator']) retrieved from /home/airflow/.local/lib/python3.7/site-packages/airflow/example_dags/example_bash_operator.py
[2022-12-23T10:00:27.236+0000] {logging_mixin.py:137} INFO - [2022-12-23T10:00:27.235+0000] {dag.py:2676} INFO - Sync 1 DAGs
[2022-12-23T10:00:27.267+0000] {logging_mixin.py:137} INFO - [2022-12-23T10:00:27.267+0000] {dag.py:3427} INFO - Setting next_dagrun for example_bash_operator to 2022-12-22T00:00:00+00:00, run_after=2022-12-23T00:00:00+00:00
[2022-12-23T10:00:27.291+0000] {processor.py:175} INFO - Processing /home/airflow/.local/lib/python3.7/site-packages/airflow/example_dags/example_bash_operator.py took 0.156 seconds
[2022-12-23T10:01:28.498+0000] {processor.py:153} INFO - Started process (PID=2420) to work on /home/airflow/.local/lib/python3.7/site-packages/airflow/example_dags/example_bash_operator.py
[2022-12-23T10:01:28.527+0000] {processor.py:743} INFO - Processing file /home/airflow/.local/lib/python3.7/site-packages/airflow/example_dags/example_bash_operator.py for tasks to queue
[2022-12-23T10:01:28.530+0000] {logging_mixin.py:137} INFO - [2022-12-23T10:01:28.530+0000] {dagbag.py:538} INFO - Filling up the DagBag from /home/airflow/.local/lib/python3.7/site-packages/airflow/example_dags/example_bash_operator.py
[2022-12-23T10:01:28.665+0000] {processor.py:753} INFO - DAG(s) dict_keys(['example_bash_operator']) retrieved from /home/airflow/.local/lib/python3.7/site-packages/airflow/example_dags/example_bash_operator.py
[2022-12-23T10:01:28.766+0000] {logging_mixin.py:137} INFO - [2022-12-23T10:01:28.766+0000] {dag.py:2676} INFO - Sync 1 DAGs
[2022-12-23T10:01:28.851+0000] {logging_mixin.py:137} INFO - [2022-12-23T10:01:28.851+0000] {dag.py:3427} INFO - Setting next_dagrun for example_bash_operator to 2022-12-22T00:00:00+00:00, run_after=2022-12-23T00:00:00+00:00
[2022-12-23T10:01:28.933+0000] {processor.py:175} INFO - Processing /home/airflow/.local/lib/python3.7/site-packages/airflow/example_dags/example_bash_operator.py took 0.499 seconds
[2022-12-23T10:02:23.903+0000] {processor.py:153} INFO - Started process (PID=2493) to work on /home/airflow/.local/lib/python3.7/site-packages/airflow/example_dags/example_bash_operator.py
[2022-12-23T10:02:23.906+0000] {processor.py:743} INFO - Processing file /home/airflow/.local/lib/python3.7/site-packages/airflow/example_dags/example_bash_operator.py for tasks to queue
[2022-12-23T10:02:23.909+0000] {logging_mixin.py:137} INFO - [2022-12-23T10:02:23.909+0000] {dagbag.py:538} INFO - Filling up the DagBag from /home/airflow/.local/lib/python3.7/site-packages/airflow/example_dags/example_bash_operator.py
[2022-12-23T10:02:23.948+0000] {processor.py:753} INFO - DAG(s) dict_keys(['example_bash_operator']) retrieved from /home/airflow/.local/lib/python3.7/site-packages/airflow/example_dags/example_bash_operator.py
[2022-12-23T10:02:24.070+0000] {logging_mixin.py:137} INFO - [2022-12-23T10:02:24.068+0000] {dag.py:2676} INFO - Sync 1 DAGs
[2022-12-23T10:02:24.135+0000] {logging_mixin.py:137} INFO - [2022-12-23T10:02:24.135+0000] {dag.py:3427} INFO - Setting next_dagrun for example_bash_operator to 2022-12-22T00:00:00+00:00, run_after=2022-12-23T00:00:00+00:00
[2022-12-23T10:02:24.199+0000] {processor.py:175} INFO - Processing /home/airflow/.local/lib/python3.7/site-packages/airflow/example_dags/example_bash_operator.py took 0.301 seconds
[2022-12-23T10:02:54.624+0000] {processor.py:153} INFO - Started process (PID=2561) to work on /home/airflow/.local/lib/python3.7/site-packages/airflow/example_dags/example_bash_operator.py
[2022-12-23T10:02:54.628+0000] {processor.py:743} INFO - Processing file /home/airflow/.local/lib/python3.7/site-packages/airflow/example_dags/example_bash_operator.py for tasks to queue
[2022-12-23T10:02:54.631+0000] {logging_mixin.py:137} INFO - [2022-12-23T10:02:54.631+0000] {dagbag.py:538} INFO - Filling up the DagBag from /home/airflow/.local/lib/python3.7/site-packages/airflow/example_dags/example_bash_operator.py
[2022-12-23T10:02:54.704+0000] {processor.py:753} INFO - DAG(s) dict_keys(['example_bash_operator']) retrieved from /home/airflow/.local/lib/python3.7/site-packages/airflow/example_dags/example_bash_operator.py
[2022-12-23T10:02:54.931+0000] {logging_mixin.py:137} INFO - [2022-12-23T10:02:54.931+0000] {dag.py:2676} INFO - Sync 1 DAGs
[2022-12-23T10:02:55.035+0000] {logging_mixin.py:137} INFO - [2022-12-23T10:02:55.035+0000] {dag.py:3427} INFO - Setting next_dagrun for example_bash_operator to 2022-12-22T00:00:00+00:00, run_after=2022-12-23T00:00:00+00:00
[2022-12-23T10:02:55.120+0000] {processor.py:175} INFO - Processing /home/airflow/.local/lib/python3.7/site-packages/airflow/example_dags/example_bash_operator.py took 0.502 seconds
[2022-12-23T10:03:25.767+0000] {processor.py:153} INFO - Started process (PID=2628) to work on /home/airflow/.local/lib/python3.7/site-packages/airflow/example_dags/example_bash_operator.py
[2022-12-23T10:03:25.775+0000] {processor.py:743} INFO - Processing file /home/airflow/.local/lib/python3.7/site-packages/airflow/example_dags/example_bash_operator.py for tasks to queue
[2022-12-23T10:03:25.780+0000] {logging_mixin.py:137} INFO - [2022-12-23T10:03:25.780+0000] {dagbag.py:538} INFO - Filling up the DagBag from /home/airflow/.local/lib/python3.7/site-packages/airflow/example_dags/example_bash_operator.py
[2022-12-23T10:03:25.860+0000] {processor.py:753} INFO - DAG(s) dict_keys(['example_bash_operator']) retrieved from /home/airflow/.local/lib/python3.7/site-packages/airflow/example_dags/example_bash_operator.py
[2022-12-23T10:03:26.083+0000] {logging_mixin.py:137} INFO - [2022-12-23T10:03:26.083+0000] {dag.py:2676} INFO - Sync 1 DAGs
[2022-12-23T10:03:26.225+0000] {logging_mixin.py:137} INFO - [2022-12-23T10:03:26.225+0000] {dag.py:3427} INFO - Setting next_dagrun for example_bash_operator to 2022-12-22T00:00:00+00:00, run_after=2022-12-23T00:00:00+00:00
[2022-12-23T10:03:26.365+0000] {processor.py:175} INFO - Processing /home/airflow/.local/lib/python3.7/site-packages/airflow/example_dags/example_bash_operator.py took 0.617 seconds
[2022-12-23T10:03:57.205+0000] {processor.py:153} INFO - Started process (PID=2683) to work on /home/airflow/.local/lib/python3.7/site-packages/airflow/example_dags/example_bash_operator.py
[2022-12-23T10:03:57.209+0000] {processor.py:743} INFO - Processing file /home/airflow/.local/lib/python3.7/site-packages/airflow/example_dags/example_bash_operator.py for tasks to queue
[2022-12-23T10:03:57.230+0000] {logging_mixin.py:137} INFO - [2022-12-23T10:03:57.229+0000] {dagbag.py:538} INFO - Filling up the DagBag from /home/airflow/.local/lib/python3.7/site-packages/airflow/example_dags/example_bash_operator.py
[2022-12-23T10:03:57.308+0000] {processor.py:753} INFO - DAG(s) dict_keys(['example_bash_operator']) retrieved from /home/airflow/.local/lib/python3.7/site-packages/airflow/example_dags/example_bash_operator.py
[2022-12-23T10:03:57.399+0000] {logging_mixin.py:137} INFO - [2022-12-23T10:03:57.398+0000] {dag.py:2676} INFO - Sync 1 DAGs
[2022-12-23T10:03:57.441+0000] {logging_mixin.py:137} INFO - [2022-12-23T10:03:57.441+0000] {dag.py:3427} INFO - Setting next_dagrun for example_bash_operator to 2022-12-22T00:00:00+00:00, run_after=2022-12-23T00:00:00+00:00
[2022-12-23T10:03:57.463+0000] {processor.py:175} INFO - Processing /home/airflow/.local/lib/python3.7/site-packages/airflow/example_dags/example_bash_operator.py took 0.273 seconds
