[2022-12-23T09:42:20.868+0000] {processor.py:153} INFO - Started process (PID=69) to work on /home/airflow/.local/lib/python3.7/site-packages/airflow/example_dags/example_task_group.py
[2022-12-23T09:42:20.874+0000] {processor.py:743} INFO - Processing file /home/airflow/.local/lib/python3.7/site-packages/airflow/example_dags/example_task_group.py for tasks to queue
[2022-12-23T09:42:20.877+0000] {logging_mixin.py:137} INFO - [2022-12-23T09:42:20.877+0000] {dagbag.py:538} INFO - Filling up the DagBag from /home/airflow/.local/lib/python3.7/site-packages/airflow/example_dags/example_task_group.py
[2022-12-23T09:42:20.919+0000] {processor.py:753} INFO - DAG(s) dict_keys(['example_task_group']) retrieved from /home/airflow/.local/lib/python3.7/site-packages/airflow/example_dags/example_task_group.py
[2022-12-23T09:42:20.992+0000] {logging_mixin.py:137} INFO - [2022-12-23T09:42:20.992+0000] {dag.py:2676} INFO - Sync 1 DAGs
[2022-12-23T09:42:21.060+0000] {logging_mixin.py:137} INFO - [2022-12-23T09:42:21.060+0000] {dag.py:3427} INFO - Setting next_dagrun for example_task_group to 2022-12-22T09:42:21.060053+00:00, run_after=2022-12-23T09:42:21.060053+00:00
[2022-12-23T09:42:21.114+0000] {processor.py:175} INFO - Processing /home/airflow/.local/lib/python3.7/site-packages/airflow/example_dags/example_task_group.py took 0.249 seconds
[2022-12-23T09:42:51.250+0000] {processor.py:153} INFO - Started process (PID=132) to work on /home/airflow/.local/lib/python3.7/site-packages/airflow/example_dags/example_task_group.py
[2022-12-23T09:42:51.254+0000] {processor.py:743} INFO - Processing file /home/airflow/.local/lib/python3.7/site-packages/airflow/example_dags/example_task_group.py for tasks to queue
[2022-12-23T09:42:51.259+0000] {logging_mixin.py:137} INFO - [2022-12-23T09:42:51.257+0000] {dagbag.py:538} INFO - Filling up the DagBag from /home/airflow/.local/lib/python3.7/site-packages/airflow/example_dags/example_task_group.py
[2022-12-23T09:42:51.290+0000] {processor.py:753} INFO - DAG(s) dict_keys(['example_task_group']) retrieved from /home/airflow/.local/lib/python3.7/site-packages/airflow/example_dags/example_task_group.py
[2022-12-23T09:42:51.336+0000] {logging_mixin.py:137} INFO - [2022-12-23T09:42:51.335+0000] {dag.py:2676} INFO - Sync 1 DAGs
[2022-12-23T09:42:51.361+0000] {logging_mixin.py:137} INFO - [2022-12-23T09:42:51.361+0000] {dag.py:3427} INFO - Setting next_dagrun for example_task_group to 2022-12-22T09:42:51.361226+00:00, run_after=2022-12-23T09:42:51.361226+00:00
[2022-12-23T09:42:51.396+0000] {processor.py:175} INFO - Processing /home/airflow/.local/lib/python3.7/site-packages/airflow/example_dags/example_task_group.py took 0.149 seconds
[2022-12-23T09:43:22.028+0000] {processor.py:153} INFO - Started process (PID=202) to work on /home/airflow/.local/lib/python3.7/site-packages/airflow/example_dags/example_task_group.py
[2022-12-23T09:43:22.029+0000] {processor.py:743} INFO - Processing file /home/airflow/.local/lib/python3.7/site-packages/airflow/example_dags/example_task_group.py for tasks to queue
[2022-12-23T09:43:22.031+0000] {logging_mixin.py:137} INFO - [2022-12-23T09:43:22.031+0000] {dagbag.py:538} INFO - Filling up the DagBag from /home/airflow/.local/lib/python3.7/site-packages/airflow/example_dags/example_task_group.py
[2022-12-23T09:43:22.048+0000] {processor.py:753} INFO - DAG(s) dict_keys(['example_task_group']) retrieved from /home/airflow/.local/lib/python3.7/site-packages/airflow/example_dags/example_task_group.py
[2022-12-23T09:43:22.089+0000] {logging_mixin.py:137} INFO - [2022-12-23T09:43:22.088+0000] {dag.py:2676} INFO - Sync 1 DAGs
[2022-12-23T09:43:22.144+0000] {logging_mixin.py:137} INFO - [2022-12-23T09:43:22.144+0000] {dag.py:3427} INFO - Setting next_dagrun for example_task_group to 2022-12-22T09:43:22.144589+00:00, run_after=2022-12-23T09:43:22.144589+00:00
[2022-12-23T09:43:22.194+0000] {processor.py:175} INFO - Processing /home/airflow/.local/lib/python3.7/site-packages/airflow/example_dags/example_task_group.py took 0.169 seconds
[2022-12-23T09:43:52.526+0000] {processor.py:153} INFO - Started process (PID=268) to work on /home/airflow/.local/lib/python3.7/site-packages/airflow/example_dags/example_task_group.py
[2022-12-23T09:43:52.534+0000] {processor.py:743} INFO - Processing file /home/airflow/.local/lib/python3.7/site-packages/airflow/example_dags/example_task_group.py for tasks to queue
[2022-12-23T09:43:52.536+0000] {logging_mixin.py:137} INFO - [2022-12-23T09:43:52.536+0000] {dagbag.py:538} INFO - Filling up the DagBag from /home/airflow/.local/lib/python3.7/site-packages/airflow/example_dags/example_task_group.py
[2022-12-23T09:43:52.557+0000] {processor.py:753} INFO - DAG(s) dict_keys(['example_task_group']) retrieved from /home/airflow/.local/lib/python3.7/site-packages/airflow/example_dags/example_task_group.py
[2022-12-23T09:43:52.599+0000] {logging_mixin.py:137} INFO - [2022-12-23T09:43:52.598+0000] {dag.py:2676} INFO - Sync 1 DAGs
[2022-12-23T09:43:52.618+0000] {logging_mixin.py:137} INFO - [2022-12-23T09:43:52.618+0000] {dag.py:3427} INFO - Setting next_dagrun for example_task_group to 2022-12-22T09:43:52.618388+00:00, run_after=2022-12-23T09:43:52.618388+00:00
[2022-12-23T09:43:52.637+0000] {processor.py:175} INFO - Processing /home/airflow/.local/lib/python3.7/site-packages/airflow/example_dags/example_task_group.py took 0.115 seconds
[2022-12-23T09:44:22.728+0000] {processor.py:153} INFO - Started process (PID=332) to work on /home/airflow/.local/lib/python3.7/site-packages/airflow/example_dags/example_task_group.py
[2022-12-23T09:44:22.733+0000] {processor.py:743} INFO - Processing file /home/airflow/.local/lib/python3.7/site-packages/airflow/example_dags/example_task_group.py for tasks to queue
[2022-12-23T09:44:22.734+0000] {logging_mixin.py:137} INFO - [2022-12-23T09:44:22.734+0000] {dagbag.py:538} INFO - Filling up the DagBag from /home/airflow/.local/lib/python3.7/site-packages/airflow/example_dags/example_task_group.py
[2022-12-23T09:44:22.763+0000] {processor.py:753} INFO - DAG(s) dict_keys(['example_task_group']) retrieved from /home/airflow/.local/lib/python3.7/site-packages/airflow/example_dags/example_task_group.py
[2022-12-23T09:44:22.832+0000] {logging_mixin.py:137} INFO - [2022-12-23T09:44:22.832+0000] {dag.py:2676} INFO - Sync 1 DAGs
[2022-12-23T09:44:22.873+0000] {logging_mixin.py:137} INFO - [2022-12-23T09:44:22.873+0000] {dag.py:3427} INFO - Setting next_dagrun for example_task_group to 2022-12-22T09:44:22.872770+00:00, run_after=2022-12-23T09:44:22.872770+00:00
[2022-12-23T09:44:22.917+0000] {processor.py:175} INFO - Processing /home/airflow/.local/lib/python3.7/site-packages/airflow/example_dags/example_task_group.py took 0.197 seconds
[2022-12-23T09:44:53.964+0000] {processor.py:153} INFO - Started process (PID=394) to work on /home/airflow/.local/lib/python3.7/site-packages/airflow/example_dags/example_task_group.py
[2022-12-23T09:44:53.967+0000] {processor.py:743} INFO - Processing file /home/airflow/.local/lib/python3.7/site-packages/airflow/example_dags/example_task_group.py for tasks to queue
[2022-12-23T09:44:53.970+0000] {logging_mixin.py:137} INFO - [2022-12-23T09:44:53.970+0000] {dagbag.py:538} INFO - Filling up the DagBag from /home/airflow/.local/lib/python3.7/site-packages/airflow/example_dags/example_task_group.py
[2022-12-23T09:44:54.010+0000] {processor.py:753} INFO - DAG(s) dict_keys(['example_task_group']) retrieved from /home/airflow/.local/lib/python3.7/site-packages/airflow/example_dags/example_task_group.py
[2022-12-23T09:44:54.098+0000] {logging_mixin.py:137} INFO - [2022-12-23T09:44:54.098+0000] {dag.py:2676} INFO - Sync 1 DAGs
[2022-12-23T09:44:54.134+0000] {logging_mixin.py:137} INFO - [2022-12-23T09:44:54.133+0000] {dag.py:3427} INFO - Setting next_dagrun for example_task_group to 2022-12-22T09:44:54.133251+00:00, run_after=2022-12-23T09:44:54.133251+00:00
[2022-12-23T09:44:54.238+0000] {processor.py:175} INFO - Processing /home/airflow/.local/lib/python3.7/site-packages/airflow/example_dags/example_task_group.py took 0.281 seconds
[2022-12-23T09:45:25.258+0000] {processor.py:153} INFO - Started process (PID=469) to work on /home/airflow/.local/lib/python3.7/site-packages/airflow/example_dags/example_task_group.py
[2022-12-23T09:45:25.270+0000] {processor.py:743} INFO - Processing file /home/airflow/.local/lib/python3.7/site-packages/airflow/example_dags/example_task_group.py for tasks to queue
[2022-12-23T09:45:25.273+0000] {logging_mixin.py:137} INFO - [2022-12-23T09:45:25.273+0000] {dagbag.py:538} INFO - Filling up the DagBag from /home/airflow/.local/lib/python3.7/site-packages/airflow/example_dags/example_task_group.py
[2022-12-23T09:45:25.370+0000] {processor.py:753} INFO - DAG(s) dict_keys(['example_task_group']) retrieved from /home/airflow/.local/lib/python3.7/site-packages/airflow/example_dags/example_task_group.py
[2022-12-23T09:45:25.521+0000] {logging_mixin.py:137} INFO - [2022-12-23T09:45:25.521+0000] {dag.py:2676} INFO - Sync 1 DAGs
[2022-12-23T09:45:25.622+0000] {logging_mixin.py:137} INFO - [2022-12-23T09:45:25.621+0000] {dag.py:3427} INFO - Setting next_dagrun for example_task_group to 2022-12-22T09:45:25.620929+00:00, run_after=2022-12-23T09:45:25.620929+00:00
[2022-12-23T09:45:25.759+0000] {processor.py:175} INFO - Processing /home/airflow/.local/lib/python3.7/site-packages/airflow/example_dags/example_task_group.py took 0.521 seconds
[2022-12-23T09:45:56.157+0000] {processor.py:153} INFO - Started process (PID=532) to work on /home/airflow/.local/lib/python3.7/site-packages/airflow/example_dags/example_task_group.py
[2022-12-23T09:45:56.161+0000] {processor.py:743} INFO - Processing file /home/airflow/.local/lib/python3.7/site-packages/airflow/example_dags/example_task_group.py for tasks to queue
[2022-12-23T09:45:56.162+0000] {logging_mixin.py:137} INFO - [2022-12-23T09:45:56.162+0000] {dagbag.py:538} INFO - Filling up the DagBag from /home/airflow/.local/lib/python3.7/site-packages/airflow/example_dags/example_task_group.py
[2022-12-23T09:45:56.198+0000] {processor.py:753} INFO - DAG(s) dict_keys(['example_task_group']) retrieved from /home/airflow/.local/lib/python3.7/site-packages/airflow/example_dags/example_task_group.py
[2022-12-23T09:45:56.259+0000] {logging_mixin.py:137} INFO - [2022-12-23T09:45:56.259+0000] {dag.py:2676} INFO - Sync 1 DAGs
[2022-12-23T09:45:56.280+0000] {logging_mixin.py:137} INFO - [2022-12-23T09:45:56.280+0000] {dag.py:3427} INFO - Setting next_dagrun for example_task_group to 2022-12-22T09:45:56.279986+00:00, run_after=2022-12-23T09:45:56.279986+00:00
[2022-12-23T09:45:56.298+0000] {processor.py:175} INFO - Processing /home/airflow/.local/lib/python3.7/site-packages/airflow/example_dags/example_task_group.py took 0.145 seconds
[2022-12-23T09:46:26.486+0000] {processor.py:153} INFO - Started process (PID=594) to work on /home/airflow/.local/lib/python3.7/site-packages/airflow/example_dags/example_task_group.py
[2022-12-23T09:46:26.488+0000] {processor.py:743} INFO - Processing file /home/airflow/.local/lib/python3.7/site-packages/airflow/example_dags/example_task_group.py for tasks to queue
[2022-12-23T09:46:26.490+0000] {logging_mixin.py:137} INFO - [2022-12-23T09:46:26.490+0000] {dagbag.py:538} INFO - Filling up the DagBag from /home/airflow/.local/lib/python3.7/site-packages/airflow/example_dags/example_task_group.py
[2022-12-23T09:46:26.509+0000] {processor.py:753} INFO - DAG(s) dict_keys(['example_task_group']) retrieved from /home/airflow/.local/lib/python3.7/site-packages/airflow/example_dags/example_task_group.py
[2022-12-23T09:46:26.549+0000] {logging_mixin.py:137} INFO - [2022-12-23T09:46:26.549+0000] {dag.py:2676} INFO - Sync 1 DAGs
[2022-12-23T09:46:26.578+0000] {logging_mixin.py:137} INFO - [2022-12-23T09:46:26.578+0000] {dag.py:3427} INFO - Setting next_dagrun for example_task_group to 2022-12-22T09:46:26.578503+00:00, run_after=2022-12-23T09:46:26.578503+00:00
[2022-12-23T09:46:26.600+0000] {processor.py:175} INFO - Processing /home/airflow/.local/lib/python3.7/site-packages/airflow/example_dags/example_task_group.py took 0.117 seconds
[2022-12-23T09:46:57.125+0000] {processor.py:153} INFO - Started process (PID=669) to work on /home/airflow/.local/lib/python3.7/site-packages/airflow/example_dags/example_task_group.py
[2022-12-23T09:46:57.130+0000] {processor.py:743} INFO - Processing file /home/airflow/.local/lib/python3.7/site-packages/airflow/example_dags/example_task_group.py for tasks to queue
[2022-12-23T09:46:57.133+0000] {logging_mixin.py:137} INFO - [2022-12-23T09:46:57.132+0000] {dagbag.py:538} INFO - Filling up the DagBag from /home/airflow/.local/lib/python3.7/site-packages/airflow/example_dags/example_task_group.py
[2022-12-23T09:46:57.172+0000] {processor.py:753} INFO - DAG(s) dict_keys(['example_task_group']) retrieved from /home/airflow/.local/lib/python3.7/site-packages/airflow/example_dags/example_task_group.py
[2022-12-23T09:46:57.270+0000] {logging_mixin.py:137} INFO - [2022-12-23T09:46:57.270+0000] {dag.py:2676} INFO - Sync 1 DAGs
[2022-12-23T09:46:57.311+0000] {logging_mixin.py:137} INFO - [2022-12-23T09:46:57.311+0000] {dag.py:3427} INFO - Setting next_dagrun for example_task_group to 2022-12-22T09:46:57.310843+00:00, run_after=2022-12-23T09:46:57.310843+00:00
[2022-12-23T09:46:57.338+0000] {processor.py:175} INFO - Processing /home/airflow/.local/lib/python3.7/site-packages/airflow/example_dags/example_task_group.py took 0.220 seconds
[2022-12-23T09:47:31.304+0000] {processor.py:153} INFO - Started process (PID=732) to work on /home/airflow/.local/lib/python3.7/site-packages/airflow/example_dags/example_task_group.py
[2022-12-23T09:47:31.307+0000] {processor.py:743} INFO - Processing file /home/airflow/.local/lib/python3.7/site-packages/airflow/example_dags/example_task_group.py for tasks to queue
[2022-12-23T09:47:31.309+0000] {logging_mixin.py:137} INFO - [2022-12-23T09:47:31.309+0000] {dagbag.py:538} INFO - Filling up the DagBag from /home/airflow/.local/lib/python3.7/site-packages/airflow/example_dags/example_task_group.py
[2022-12-23T09:47:31.327+0000] {processor.py:753} INFO - DAG(s) dict_keys(['example_task_group']) retrieved from /home/airflow/.local/lib/python3.7/site-packages/airflow/example_dags/example_task_group.py
[2022-12-23T09:47:31.364+0000] {logging_mixin.py:137} INFO - [2022-12-23T09:47:31.364+0000] {dag.py:2676} INFO - Sync 1 DAGs
[2022-12-23T09:47:31.385+0000] {logging_mixin.py:137} INFO - [2022-12-23T09:47:31.385+0000] {dag.py:3427} INFO - Setting next_dagrun for example_task_group to 2022-12-22T09:47:31.385384+00:00, run_after=2022-12-23T09:47:31.385384+00:00
[2022-12-23T09:47:31.404+0000] {processor.py:175} INFO - Processing /home/airflow/.local/lib/python3.7/site-packages/airflow/example_dags/example_task_group.py took 0.104 seconds
[2022-12-23T09:48:02.202+0000] {processor.py:153} INFO - Started process (PID=796) to work on /home/airflow/.local/lib/python3.7/site-packages/airflow/example_dags/example_task_group.py
[2022-12-23T09:48:02.204+0000] {processor.py:743} INFO - Processing file /home/airflow/.local/lib/python3.7/site-packages/airflow/example_dags/example_task_group.py for tasks to queue
[2022-12-23T09:48:02.205+0000] {logging_mixin.py:137} INFO - [2022-12-23T09:48:02.205+0000] {dagbag.py:538} INFO - Filling up the DagBag from /home/airflow/.local/lib/python3.7/site-packages/airflow/example_dags/example_task_group.py
[2022-12-23T09:48:02.219+0000] {processor.py:753} INFO - DAG(s) dict_keys(['example_task_group']) retrieved from /home/airflow/.local/lib/python3.7/site-packages/airflow/example_dags/example_task_group.py
[2022-12-23T09:48:02.252+0000] {logging_mixin.py:137} INFO - [2022-12-23T09:48:02.251+0000] {dag.py:2676} INFO - Sync 1 DAGs
[2022-12-23T09:48:02.277+0000] {logging_mixin.py:137} INFO - [2022-12-23T09:48:02.277+0000] {dag.py:3427} INFO - Setting next_dagrun for example_task_group to 2022-12-22T09:48:02.277345+00:00, run_after=2022-12-23T09:48:02.277345+00:00
[2022-12-23T09:48:02.300+0000] {processor.py:175} INFO - Processing /home/airflow/.local/lib/python3.7/site-packages/airflow/example_dags/example_task_group.py took 0.100 seconds
[2022-12-23T09:48:34.393+0000] {processor.py:153} INFO - Started process (PID=871) to work on /home/airflow/.local/lib/python3.7/site-packages/airflow/example_dags/example_task_group.py
[2022-12-23T09:48:34.402+0000] {processor.py:743} INFO - Processing file /home/airflow/.local/lib/python3.7/site-packages/airflow/example_dags/example_task_group.py for tasks to queue
[2022-12-23T09:48:34.406+0000] {logging_mixin.py:137} INFO - [2022-12-23T09:48:34.406+0000] {dagbag.py:538} INFO - Filling up the DagBag from /home/airflow/.local/lib/python3.7/site-packages/airflow/example_dags/example_task_group.py
[2022-12-23T09:48:34.450+0000] {processor.py:753} INFO - DAG(s) dict_keys(['example_task_group']) retrieved from /home/airflow/.local/lib/python3.7/site-packages/airflow/example_dags/example_task_group.py
[2022-12-23T09:48:34.531+0000] {logging_mixin.py:137} INFO - [2022-12-23T09:48:34.518+0000] {dag.py:2676} INFO - Sync 1 DAGs
[2022-12-23T09:48:34.834+0000] {logging_mixin.py:137} INFO - [2022-12-23T09:48:34.834+0000] {dag.py:3427} INFO - Setting next_dagrun for example_task_group to 2022-12-22T09:48:34.833503+00:00, run_after=2022-12-23T09:48:34.833503+00:00
[2022-12-23T09:48:35.187+0000] {processor.py:175} INFO - Processing /home/airflow/.local/lib/python3.7/site-packages/airflow/example_dags/example_task_group.py took 0.799 seconds
[2022-12-23T09:49:05.546+0000] {processor.py:153} INFO - Started process (PID=933) to work on /home/airflow/.local/lib/python3.7/site-packages/airflow/example_dags/example_task_group.py
[2022-12-23T09:49:05.551+0000] {processor.py:743} INFO - Processing file /home/airflow/.local/lib/python3.7/site-packages/airflow/example_dags/example_task_group.py for tasks to queue
[2022-12-23T09:49:05.570+0000] {logging_mixin.py:137} INFO - [2022-12-23T09:49:05.569+0000] {dagbag.py:538} INFO - Filling up the DagBag from /home/airflow/.local/lib/python3.7/site-packages/airflow/example_dags/example_task_group.py
[2022-12-23T09:49:05.654+0000] {processor.py:753} INFO - DAG(s) dict_keys(['example_task_group']) retrieved from /home/airflow/.local/lib/python3.7/site-packages/airflow/example_dags/example_task_group.py
[2022-12-23T09:49:05.719+0000] {logging_mixin.py:137} INFO - [2022-12-23T09:49:05.719+0000] {dag.py:2676} INFO - Sync 1 DAGs
[2022-12-23T09:49:05.767+0000] {logging_mixin.py:137} INFO - [2022-12-23T09:49:05.767+0000] {dag.py:3427} INFO - Setting next_dagrun for example_task_group to 2022-12-22T09:49:05.767015+00:00, run_after=2022-12-23T09:49:05.767015+00:00
[2022-12-23T09:49:05.807+0000] {processor.py:175} INFO - Processing /home/airflow/.local/lib/python3.7/site-packages/airflow/example_dags/example_task_group.py took 0.275 seconds
[2022-12-23T09:49:36.384+0000] {processor.py:153} INFO - Started process (PID=997) to work on /home/airflow/.local/lib/python3.7/site-packages/airflow/example_dags/example_task_group.py
[2022-12-23T09:49:36.386+0000] {processor.py:743} INFO - Processing file /home/airflow/.local/lib/python3.7/site-packages/airflow/example_dags/example_task_group.py for tasks to queue
[2022-12-23T09:49:36.387+0000] {logging_mixin.py:137} INFO - [2022-12-23T09:49:36.387+0000] {dagbag.py:538} INFO - Filling up the DagBag from /home/airflow/.local/lib/python3.7/site-packages/airflow/example_dags/example_task_group.py
[2022-12-23T09:49:36.404+0000] {processor.py:753} INFO - DAG(s) dict_keys(['example_task_group']) retrieved from /home/airflow/.local/lib/python3.7/site-packages/airflow/example_dags/example_task_group.py
[2022-12-23T09:49:36.439+0000] {logging_mixin.py:137} INFO - [2022-12-23T09:49:36.439+0000] {dag.py:2676} INFO - Sync 1 DAGs
[2022-12-23T09:49:36.468+0000] {logging_mixin.py:137} INFO - [2022-12-23T09:49:36.468+0000] {dag.py:3427} INFO - Setting next_dagrun for example_task_group to 2022-12-22T09:49:36.467941+00:00, run_after=2022-12-23T09:49:36.467941+00:00
[2022-12-23T09:49:36.484+0000] {processor.py:175} INFO - Processing /home/airflow/.local/lib/python3.7/site-packages/airflow/example_dags/example_task_group.py took 0.104 seconds
[2022-12-23T09:50:10.587+0000] {processor.py:153} INFO - Started process (PID=1060) to work on /home/airflow/.local/lib/python3.7/site-packages/airflow/example_dags/example_task_group.py
[2022-12-23T09:50:10.589+0000] {processor.py:743} INFO - Processing file /home/airflow/.local/lib/python3.7/site-packages/airflow/example_dags/example_task_group.py for tasks to queue
[2022-12-23T09:50:10.593+0000] {logging_mixin.py:137} INFO - [2022-12-23T09:50:10.592+0000] {dagbag.py:538} INFO - Filling up the DagBag from /home/airflow/.local/lib/python3.7/site-packages/airflow/example_dags/example_task_group.py
[2022-12-23T09:50:10.607+0000] {processor.py:753} INFO - DAG(s) dict_keys(['example_task_group']) retrieved from /home/airflow/.local/lib/python3.7/site-packages/airflow/example_dags/example_task_group.py
[2022-12-23T09:50:10.642+0000] {logging_mixin.py:137} INFO - [2022-12-23T09:50:10.642+0000] {dag.py:2676} INFO - Sync 1 DAGs
[2022-12-23T09:50:10.716+0000] {logging_mixin.py:137} INFO - [2022-12-23T09:50:10.715+0000] {dag.py:3427} INFO - Setting next_dagrun for example_task_group to 2022-12-22T09:50:10.715532+00:00, run_after=2022-12-23T09:50:10.715532+00:00
[2022-12-23T09:50:10.759+0000] {processor.py:175} INFO - Processing /home/airflow/.local/lib/python3.7/site-packages/airflow/example_dags/example_task_group.py took 0.175 seconds
[2022-12-23T09:50:40.878+0000] {processor.py:153} INFO - Started process (PID=1123) to work on /home/airflow/.local/lib/python3.7/site-packages/airflow/example_dags/example_task_group.py
[2022-12-23T09:50:40.880+0000] {processor.py:743} INFO - Processing file /home/airflow/.local/lib/python3.7/site-packages/airflow/example_dags/example_task_group.py for tasks to queue
[2022-12-23T09:50:40.881+0000] {logging_mixin.py:137} INFO - [2022-12-23T09:50:40.881+0000] {dagbag.py:538} INFO - Filling up the DagBag from /home/airflow/.local/lib/python3.7/site-packages/airflow/example_dags/example_task_group.py
[2022-12-23T09:50:40.894+0000] {processor.py:753} INFO - DAG(s) dict_keys(['example_task_group']) retrieved from /home/airflow/.local/lib/python3.7/site-packages/airflow/example_dags/example_task_group.py
[2022-12-23T09:50:40.922+0000] {logging_mixin.py:137} INFO - [2022-12-23T09:50:40.922+0000] {dag.py:2676} INFO - Sync 1 DAGs
[2022-12-23T09:50:40.940+0000] {logging_mixin.py:137} INFO - [2022-12-23T09:50:40.940+0000] {dag.py:3427} INFO - Setting next_dagrun for example_task_group to 2022-12-22T09:50:40.940511+00:00, run_after=2022-12-23T09:50:40.940511+00:00
[2022-12-23T09:50:40.954+0000] {processor.py:175} INFO - Processing /home/airflow/.local/lib/python3.7/site-packages/airflow/example_dags/example_task_group.py took 0.079 seconds
[2022-12-23T09:51:12.503+0000] {processor.py:153} INFO - Started process (PID=1200) to work on /home/airflow/.local/lib/python3.7/site-packages/airflow/example_dags/example_task_group.py
[2022-12-23T09:51:12.507+0000] {processor.py:743} INFO - Processing file /home/airflow/.local/lib/python3.7/site-packages/airflow/example_dags/example_task_group.py for tasks to queue
[2022-12-23T09:51:12.510+0000] {logging_mixin.py:137} INFO - [2022-12-23T09:51:12.510+0000] {dagbag.py:538} INFO - Filling up the DagBag from /home/airflow/.local/lib/python3.7/site-packages/airflow/example_dags/example_task_group.py
[2022-12-23T09:51:12.538+0000] {processor.py:753} INFO - DAG(s) dict_keys(['example_task_group']) retrieved from /home/airflow/.local/lib/python3.7/site-packages/airflow/example_dags/example_task_group.py
[2022-12-23T09:51:12.617+0000] {logging_mixin.py:137} INFO - [2022-12-23T09:51:12.617+0000] {dag.py:2676} INFO - Sync 1 DAGs
[2022-12-23T09:51:12.659+0000] {logging_mixin.py:137} INFO - [2022-12-23T09:51:12.658+0000] {dag.py:3427} INFO - Setting next_dagrun for example_task_group to 2022-12-22T09:51:12.658552+00:00, run_after=2022-12-23T09:51:12.658552+00:00
[2022-12-23T09:51:12.693+0000] {processor.py:175} INFO - Processing /home/airflow/.local/lib/python3.7/site-packages/airflow/example_dags/example_task_group.py took 0.195 seconds
[2022-12-23T09:51:43.190+0000] {processor.py:153} INFO - Started process (PID=1259) to work on /home/airflow/.local/lib/python3.7/site-packages/airflow/example_dags/example_task_group.py
[2022-12-23T09:51:43.226+0000] {processor.py:743} INFO - Processing file /home/airflow/.local/lib/python3.7/site-packages/airflow/example_dags/example_task_group.py for tasks to queue
[2022-12-23T09:51:43.252+0000] {logging_mixin.py:137} INFO - [2022-12-23T09:51:43.252+0000] {dagbag.py:538} INFO - Filling up the DagBag from /home/airflow/.local/lib/python3.7/site-packages/airflow/example_dags/example_task_group.py
[2022-12-23T09:51:43.310+0000] {processor.py:753} INFO - DAG(s) dict_keys(['example_task_group']) retrieved from /home/airflow/.local/lib/python3.7/site-packages/airflow/example_dags/example_task_group.py
[2022-12-23T09:51:43.372+0000] {logging_mixin.py:137} INFO - [2022-12-23T09:51:43.370+0000] {dag.py:2676} INFO - Sync 1 DAGs
[2022-12-23T09:51:43.407+0000] {logging_mixin.py:137} INFO - [2022-12-23T09:51:43.407+0000] {dag.py:3427} INFO - Setting next_dagrun for example_task_group to 2022-12-22T09:51:43.407299+00:00, run_after=2022-12-23T09:51:43.407299+00:00
[2022-12-23T09:51:43.452+0000] {processor.py:175} INFO - Processing /home/airflow/.local/lib/python3.7/site-packages/airflow/example_dags/example_task_group.py took 0.275 seconds
[2022-12-23T09:52:14.237+0000] {processor.py:153} INFO - Started process (PID=1325) to work on /home/airflow/.local/lib/python3.7/site-packages/airflow/example_dags/example_task_group.py
[2022-12-23T09:52:14.242+0000] {processor.py:743} INFO - Processing file /home/airflow/.local/lib/python3.7/site-packages/airflow/example_dags/example_task_group.py for tasks to queue
[2022-12-23T09:52:14.244+0000] {logging_mixin.py:137} INFO - [2022-12-23T09:52:14.244+0000] {dagbag.py:538} INFO - Filling up the DagBag from /home/airflow/.local/lib/python3.7/site-packages/airflow/example_dags/example_task_group.py
[2022-12-23T09:52:14.264+0000] {processor.py:753} INFO - DAG(s) dict_keys(['example_task_group']) retrieved from /home/airflow/.local/lib/python3.7/site-packages/airflow/example_dags/example_task_group.py
[2022-12-23T09:52:14.313+0000] {logging_mixin.py:137} INFO - [2022-12-23T09:52:14.313+0000] {dag.py:2676} INFO - Sync 1 DAGs
[2022-12-23T09:52:14.342+0000] {logging_mixin.py:137} INFO - [2022-12-23T09:52:14.341+0000] {dag.py:3427} INFO - Setting next_dagrun for example_task_group to 2022-12-22T09:52:14.341722+00:00, run_after=2022-12-23T09:52:14.341722+00:00
[2022-12-23T09:52:14.394+0000] {processor.py:175} INFO - Processing /home/airflow/.local/lib/python3.7/site-packages/airflow/example_dags/example_task_group.py took 0.163 seconds
[2022-12-23T09:52:44.866+0000] {processor.py:153} INFO - Started process (PID=1389) to work on /home/airflow/.local/lib/python3.7/site-packages/airflow/example_dags/example_task_group.py
[2022-12-23T09:52:44.868+0000] {processor.py:743} INFO - Processing file /home/airflow/.local/lib/python3.7/site-packages/airflow/example_dags/example_task_group.py for tasks to queue
[2022-12-23T09:52:44.872+0000] {logging_mixin.py:137} INFO - [2022-12-23T09:52:44.872+0000] {dagbag.py:538} INFO - Filling up the DagBag from /home/airflow/.local/lib/python3.7/site-packages/airflow/example_dags/example_task_group.py
[2022-12-23T09:52:44.895+0000] {processor.py:753} INFO - DAG(s) dict_keys(['example_task_group']) retrieved from /home/airflow/.local/lib/python3.7/site-packages/airflow/example_dags/example_task_group.py
[2022-12-23T09:52:44.944+0000] {logging_mixin.py:137} INFO - [2022-12-23T09:52:44.944+0000] {dag.py:2676} INFO - Sync 1 DAGs
[2022-12-23T09:52:44.979+0000] {logging_mixin.py:137} INFO - [2022-12-23T09:52:44.979+0000] {dag.py:3427} INFO - Setting next_dagrun for example_task_group to 2022-12-22T09:52:44.979520+00:00, run_after=2022-12-23T09:52:44.979520+00:00
[2022-12-23T09:52:45.017+0000] {processor.py:175} INFO - Processing /home/airflow/.local/lib/python3.7/site-packages/airflow/example_dags/example_task_group.py took 0.154 seconds
[2022-12-23T09:53:15.050+0000] {processor.py:153} INFO - Started process (PID=1453) to work on /home/airflow/.local/lib/python3.7/site-packages/airflow/example_dags/example_task_group.py
[2022-12-23T09:53:15.053+0000] {processor.py:743} INFO - Processing file /home/airflow/.local/lib/python3.7/site-packages/airflow/example_dags/example_task_group.py for tasks to queue
[2022-12-23T09:53:15.055+0000] {logging_mixin.py:137} INFO - [2022-12-23T09:53:15.055+0000] {dagbag.py:538} INFO - Filling up the DagBag from /home/airflow/.local/lib/python3.7/site-packages/airflow/example_dags/example_task_group.py
[2022-12-23T09:53:15.073+0000] {processor.py:753} INFO - DAG(s) dict_keys(['example_task_group']) retrieved from /home/airflow/.local/lib/python3.7/site-packages/airflow/example_dags/example_task_group.py
[2022-12-23T09:53:15.116+0000] {logging_mixin.py:137} INFO - [2022-12-23T09:53:15.116+0000] {dag.py:2676} INFO - Sync 1 DAGs
[2022-12-23T09:53:15.138+0000] {logging_mixin.py:137} INFO - [2022-12-23T09:53:15.138+0000] {dag.py:3427} INFO - Setting next_dagrun for example_task_group to 2022-12-22T09:53:15.138517+00:00, run_after=2022-12-23T09:53:15.138517+00:00
[2022-12-23T09:53:15.159+0000] {processor.py:175} INFO - Processing /home/airflow/.local/lib/python3.7/site-packages/airflow/example_dags/example_task_group.py took 0.110 seconds
[2022-12-23T09:53:46.326+0000] {processor.py:153} INFO - Started process (PID=1526) to work on /home/airflow/.local/lib/python3.7/site-packages/airflow/example_dags/example_task_group.py
[2022-12-23T09:53:46.333+0000] {processor.py:743} INFO - Processing file /home/airflow/.local/lib/python3.7/site-packages/airflow/example_dags/example_task_group.py for tasks to queue
[2022-12-23T09:53:46.336+0000] {logging_mixin.py:137} INFO - [2022-12-23T09:53:46.335+0000] {dagbag.py:538} INFO - Filling up the DagBag from /home/airflow/.local/lib/python3.7/site-packages/airflow/example_dags/example_task_group.py
[2022-12-23T09:53:46.356+0000] {processor.py:753} INFO - DAG(s) dict_keys(['example_task_group']) retrieved from /home/airflow/.local/lib/python3.7/site-packages/airflow/example_dags/example_task_group.py
[2022-12-23T09:53:46.437+0000] {logging_mixin.py:137} INFO - [2022-12-23T09:53:46.437+0000] {dag.py:2676} INFO - Sync 1 DAGs
[2022-12-23T09:53:46.466+0000] {logging_mixin.py:137} INFO - [2022-12-23T09:53:46.466+0000] {dag.py:3427} INFO - Setting next_dagrun for example_task_group to 2022-12-22T09:53:46.465992+00:00, run_after=2022-12-23T09:53:46.465992+00:00
[2022-12-23T09:53:46.490+0000] {processor.py:175} INFO - Processing /home/airflow/.local/lib/python3.7/site-packages/airflow/example_dags/example_task_group.py took 0.168 seconds
[2022-12-23T09:54:16.652+0000] {processor.py:153} INFO - Started process (PID=1589) to work on /home/airflow/.local/lib/python3.7/site-packages/airflow/example_dags/example_task_group.py
[2022-12-23T09:54:16.655+0000] {processor.py:743} INFO - Processing file /home/airflow/.local/lib/python3.7/site-packages/airflow/example_dags/example_task_group.py for tasks to queue
[2022-12-23T09:54:16.660+0000] {logging_mixin.py:137} INFO - [2022-12-23T09:54:16.659+0000] {dagbag.py:538} INFO - Filling up the DagBag from /home/airflow/.local/lib/python3.7/site-packages/airflow/example_dags/example_task_group.py
[2022-12-23T09:54:16.686+0000] {processor.py:753} INFO - DAG(s) dict_keys(['example_task_group']) retrieved from /home/airflow/.local/lib/python3.7/site-packages/airflow/example_dags/example_task_group.py
[2022-12-23T09:54:16.733+0000] {logging_mixin.py:137} INFO - [2022-12-23T09:54:16.733+0000] {dag.py:2676} INFO - Sync 1 DAGs
[2022-12-23T09:54:16.760+0000] {logging_mixin.py:137} INFO - [2022-12-23T09:54:16.759+0000] {dag.py:3427} INFO - Setting next_dagrun for example_task_group to 2022-12-22T09:54:16.759448+00:00, run_after=2022-12-23T09:54:16.759448+00:00
[2022-12-23T09:54:16.782+0000] {processor.py:175} INFO - Processing /home/airflow/.local/lib/python3.7/site-packages/airflow/example_dags/example_task_group.py took 0.135 seconds
[2022-12-23T09:54:47.885+0000] {processor.py:153} INFO - Started process (PID=1652) to work on /home/airflow/.local/lib/python3.7/site-packages/airflow/example_dags/example_task_group.py
[2022-12-23T09:54:47.890+0000] {processor.py:743} INFO - Processing file /home/airflow/.local/lib/python3.7/site-packages/airflow/example_dags/example_task_group.py for tasks to queue
[2022-12-23T09:54:47.895+0000] {logging_mixin.py:137} INFO - [2022-12-23T09:54:47.894+0000] {dagbag.py:538} INFO - Filling up the DagBag from /home/airflow/.local/lib/python3.7/site-packages/airflow/example_dags/example_task_group.py
[2022-12-23T09:54:47.965+0000] {processor.py:753} INFO - DAG(s) dict_keys(['example_task_group']) retrieved from /home/airflow/.local/lib/python3.7/site-packages/airflow/example_dags/example_task_group.py
[2022-12-23T09:54:48.053+0000] {logging_mixin.py:137} INFO - [2022-12-23T09:54:48.053+0000] {dag.py:2676} INFO - Sync 1 DAGs
[2022-12-23T09:54:48.104+0000] {logging_mixin.py:137} INFO - [2022-12-23T09:54:48.104+0000] {dag.py:3427} INFO - Setting next_dagrun for example_task_group to 2022-12-22T09:54:48.103961+00:00, run_after=2022-12-23T09:54:48.103961+00:00
[2022-12-23T09:54:48.142+0000] {processor.py:175} INFO - Processing /home/airflow/.local/lib/python3.7/site-packages/airflow/example_dags/example_task_group.py took 0.261 seconds
[2022-12-23T09:55:19.769+0000] {processor.py:153} INFO - Started process (PID=1724) to work on /home/airflow/.local/lib/python3.7/site-packages/airflow/example_dags/example_task_group.py
[2022-12-23T09:55:19.778+0000] {processor.py:743} INFO - Processing file /home/airflow/.local/lib/python3.7/site-packages/airflow/example_dags/example_task_group.py for tasks to queue
[2022-12-23T09:55:19.788+0000] {logging_mixin.py:137} INFO - [2022-12-23T09:55:19.787+0000] {dagbag.py:538} INFO - Filling up the DagBag from /home/airflow/.local/lib/python3.7/site-packages/airflow/example_dags/example_task_group.py
[2022-12-23T09:55:19.892+0000] {processor.py:753} INFO - DAG(s) dict_keys(['example_task_group']) retrieved from /home/airflow/.local/lib/python3.7/site-packages/airflow/example_dags/example_task_group.py
[2022-12-23T09:55:20.074+0000] {logging_mixin.py:137} INFO - [2022-12-23T09:55:20.074+0000] {dag.py:2676} INFO - Sync 1 DAGs
[2022-12-23T09:55:20.201+0000] {logging_mixin.py:137} INFO - [2022-12-23T09:55:20.201+0000] {dag.py:3427} INFO - Setting next_dagrun for example_task_group to 2022-12-22T09:55:20.201129+00:00, run_after=2022-12-23T09:55:20.201129+00:00
[2022-12-23T09:55:20.284+0000] {processor.py:175} INFO - Processing /home/airflow/.local/lib/python3.7/site-packages/airflow/example_dags/example_task_group.py took 0.533 seconds
[2022-12-23T09:55:50.495+0000] {processor.py:153} INFO - Started process (PID=1790) to work on /home/airflow/.local/lib/python3.7/site-packages/airflow/example_dags/example_task_group.py
[2022-12-23T09:55:50.497+0000] {processor.py:743} INFO - Processing file /home/airflow/.local/lib/python3.7/site-packages/airflow/example_dags/example_task_group.py for tasks to queue
[2022-12-23T09:55:50.498+0000] {logging_mixin.py:137} INFO - [2022-12-23T09:55:50.498+0000] {dagbag.py:538} INFO - Filling up the DagBag from /home/airflow/.local/lib/python3.7/site-packages/airflow/example_dags/example_task_group.py
[2022-12-23T09:55:50.517+0000] {processor.py:753} INFO - DAG(s) dict_keys(['example_task_group']) retrieved from /home/airflow/.local/lib/python3.7/site-packages/airflow/example_dags/example_task_group.py
[2022-12-23T09:55:50.588+0000] {logging_mixin.py:137} INFO - [2022-12-23T09:55:50.588+0000] {dag.py:2676} INFO - Sync 1 DAGs
[2022-12-23T09:55:50.619+0000] {logging_mixin.py:137} INFO - [2022-12-23T09:55:50.618+0000] {dag.py:3427} INFO - Setting next_dagrun for example_task_group to 2022-12-22T09:55:50.618354+00:00, run_after=2022-12-23T09:55:50.618354+00:00
[2022-12-23T09:55:50.648+0000] {processor.py:175} INFO - Processing /home/airflow/.local/lib/python3.7/site-packages/airflow/example_dags/example_task_group.py took 0.155 seconds
[2022-12-23T09:56:21.274+0000] {processor.py:153} INFO - Started process (PID=1854) to work on /home/airflow/.local/lib/python3.7/site-packages/airflow/example_dags/example_task_group.py
[2022-12-23T09:56:21.279+0000] {processor.py:743} INFO - Processing file /home/airflow/.local/lib/python3.7/site-packages/airflow/example_dags/example_task_group.py for tasks to queue
[2022-12-23T09:56:21.282+0000] {logging_mixin.py:137} INFO - [2022-12-23T09:56:21.282+0000] {dagbag.py:538} INFO - Filling up the DagBag from /home/airflow/.local/lib/python3.7/site-packages/airflow/example_dags/example_task_group.py
[2022-12-23T09:56:21.310+0000] {processor.py:753} INFO - DAG(s) dict_keys(['example_task_group']) retrieved from /home/airflow/.local/lib/python3.7/site-packages/airflow/example_dags/example_task_group.py
[2022-12-23T09:56:21.389+0000] {logging_mixin.py:137} INFO - [2022-12-23T09:56:21.389+0000] {dag.py:2676} INFO - Sync 1 DAGs
[2022-12-23T09:56:21.426+0000] {logging_mixin.py:137} INFO - [2022-12-23T09:56:21.425+0000] {dag.py:3427} INFO - Setting next_dagrun for example_task_group to 2022-12-22T09:56:21.424371+00:00, run_after=2022-12-23T09:56:21.424371+00:00
[2022-12-23T09:56:21.467+0000] {processor.py:175} INFO - Processing /home/airflow/.local/lib/python3.7/site-packages/airflow/example_dags/example_task_group.py took 0.199 seconds
[2022-12-23T09:56:52.060+0000] {processor.py:153} INFO - Started process (PID=1926) to work on /home/airflow/.local/lib/python3.7/site-packages/airflow/example_dags/example_task_group.py
[2022-12-23T09:56:52.062+0000] {processor.py:743} INFO - Processing file /home/airflow/.local/lib/python3.7/site-packages/airflow/example_dags/example_task_group.py for tasks to queue
[2022-12-23T09:56:52.065+0000] {logging_mixin.py:137} INFO - [2022-12-23T09:56:52.064+0000] {dagbag.py:538} INFO - Filling up the DagBag from /home/airflow/.local/lib/python3.7/site-packages/airflow/example_dags/example_task_group.py
[2022-12-23T09:56:52.091+0000] {processor.py:753} INFO - DAG(s) dict_keys(['example_task_group']) retrieved from /home/airflow/.local/lib/python3.7/site-packages/airflow/example_dags/example_task_group.py
[2022-12-23T09:56:52.153+0000] {logging_mixin.py:137} INFO - [2022-12-23T09:56:52.152+0000] {dag.py:2676} INFO - Sync 1 DAGs
[2022-12-23T09:56:52.184+0000] {logging_mixin.py:137} INFO - [2022-12-23T09:56:52.184+0000] {dag.py:3427} INFO - Setting next_dagrun for example_task_group to 2022-12-22T09:56:52.184231+00:00, run_after=2022-12-23T09:56:52.184231+00:00
[2022-12-23T09:56:52.213+0000] {processor.py:175} INFO - Processing /home/airflow/.local/lib/python3.7/site-packages/airflow/example_dags/example_task_group.py took 0.157 seconds
[2022-12-23T09:57:22.650+0000] {processor.py:153} INFO - Started process (PID=1993) to work on /home/airflow/.local/lib/python3.7/site-packages/airflow/example_dags/example_task_group.py
[2022-12-23T09:57:22.653+0000] {processor.py:743} INFO - Processing file /home/airflow/.local/lib/python3.7/site-packages/airflow/example_dags/example_task_group.py for tasks to queue
[2022-12-23T09:57:22.655+0000] {logging_mixin.py:137} INFO - [2022-12-23T09:57:22.655+0000] {dagbag.py:538} INFO - Filling up the DagBag from /home/airflow/.local/lib/python3.7/site-packages/airflow/example_dags/example_task_group.py
[2022-12-23T09:57:22.667+0000] {processor.py:753} INFO - DAG(s) dict_keys(['example_task_group']) retrieved from /home/airflow/.local/lib/python3.7/site-packages/airflow/example_dags/example_task_group.py
[2022-12-23T09:57:22.697+0000] {logging_mixin.py:137} INFO - [2022-12-23T09:57:22.697+0000] {dag.py:2676} INFO - Sync 1 DAGs
[2022-12-23T09:57:22.717+0000] {logging_mixin.py:137} INFO - [2022-12-23T09:57:22.717+0000] {dag.py:3427} INFO - Setting next_dagrun for example_task_group to 2022-12-22T09:57:22.717018+00:00, run_after=2022-12-23T09:57:22.717018+00:00
[2022-12-23T09:57:22.735+0000] {processor.py:175} INFO - Processing /home/airflow/.local/lib/python3.7/site-packages/airflow/example_dags/example_task_group.py took 0.087 seconds
[2022-12-23T09:57:53.348+0000] {processor.py:153} INFO - Started process (PID=2056) to work on /home/airflow/.local/lib/python3.7/site-packages/airflow/example_dags/example_task_group.py
[2022-12-23T09:57:53.350+0000] {processor.py:743} INFO - Processing file /home/airflow/.local/lib/python3.7/site-packages/airflow/example_dags/example_task_group.py for tasks to queue
[2022-12-23T09:57:53.351+0000] {logging_mixin.py:137} INFO - [2022-12-23T09:57:53.351+0000] {dagbag.py:538} INFO - Filling up the DagBag from /home/airflow/.local/lib/python3.7/site-packages/airflow/example_dags/example_task_group.py
[2022-12-23T09:57:53.367+0000] {processor.py:753} INFO - DAG(s) dict_keys(['example_task_group']) retrieved from /home/airflow/.local/lib/python3.7/site-packages/airflow/example_dags/example_task_group.py
[2022-12-23T09:57:53.406+0000] {logging_mixin.py:137} INFO - [2022-12-23T09:57:53.406+0000] {dag.py:2676} INFO - Sync 1 DAGs
[2022-12-23T09:57:53.434+0000] {logging_mixin.py:137} INFO - [2022-12-23T09:57:53.434+0000] {dag.py:3427} INFO - Setting next_dagrun for example_task_group to 2022-12-22T09:57:53.434067+00:00, run_after=2022-12-23T09:57:53.434067+00:00
[2022-12-23T09:57:53.458+0000] {processor.py:175} INFO - Processing /home/airflow/.local/lib/python3.7/site-packages/airflow/example_dags/example_task_group.py took 0.113 seconds
[2022-12-23T09:58:44.662+0000] {processor.py:153} INFO - Started process (PID=2131) to work on /home/airflow/.local/lib/python3.7/site-packages/airflow/example_dags/example_task_group.py
[2022-12-23T09:58:44.664+0000] {processor.py:743} INFO - Processing file /home/airflow/.local/lib/python3.7/site-packages/airflow/example_dags/example_task_group.py for tasks to queue
[2022-12-23T09:58:44.676+0000] {logging_mixin.py:137} INFO - [2022-12-23T09:58:44.676+0000] {dagbag.py:538} INFO - Filling up the DagBag from /home/airflow/.local/lib/python3.7/site-packages/airflow/example_dags/example_task_group.py
[2022-12-23T09:58:44.699+0000] {processor.py:753} INFO - DAG(s) dict_keys(['example_task_group']) retrieved from /home/airflow/.local/lib/python3.7/site-packages/airflow/example_dags/example_task_group.py
[2022-12-23T09:58:44.746+0000] {logging_mixin.py:137} INFO - [2022-12-23T09:58:44.746+0000] {dag.py:2676} INFO - Sync 1 DAGs
[2022-12-23T09:58:44.772+0000] {logging_mixin.py:137} INFO - [2022-12-23T09:58:44.772+0000] {dag.py:3427} INFO - Setting next_dagrun for example_task_group to 2022-12-22T09:58:44.771861+00:00, run_after=2022-12-23T09:58:44.771861+00:00
[2022-12-23T09:58:44.794+0000] {processor.py:175} INFO - Processing /home/airflow/.local/lib/python3.7/site-packages/airflow/example_dags/example_task_group.py took 0.136 seconds
[2022-12-23T09:59:15.346+0000] {processor.py:153} INFO - Started process (PID=2195) to work on /home/airflow/.local/lib/python3.7/site-packages/airflow/example_dags/example_task_group.py
[2022-12-23T09:59:15.351+0000] {processor.py:743} INFO - Processing file /home/airflow/.local/lib/python3.7/site-packages/airflow/example_dags/example_task_group.py for tasks to queue
[2022-12-23T09:59:15.357+0000] {logging_mixin.py:137} INFO - [2022-12-23T09:59:15.356+0000] {dagbag.py:538} INFO - Filling up the DagBag from /home/airflow/.local/lib/python3.7/site-packages/airflow/example_dags/example_task_group.py
[2022-12-23T09:59:15.375+0000] {processor.py:753} INFO - DAG(s) dict_keys(['example_task_group']) retrieved from /home/airflow/.local/lib/python3.7/site-packages/airflow/example_dags/example_task_group.py
[2022-12-23T09:59:15.411+0000] {logging_mixin.py:137} INFO - [2022-12-23T09:59:15.411+0000] {dag.py:2676} INFO - Sync 1 DAGs
[2022-12-23T09:59:15.436+0000] {logging_mixin.py:137} INFO - [2022-12-23T09:59:15.436+0000] {dag.py:3427} INFO - Setting next_dagrun for example_task_group to 2022-12-22T09:59:15.436436+00:00, run_after=2022-12-23T09:59:15.436436+00:00
[2022-12-23T09:59:15.461+0000] {processor.py:175} INFO - Processing /home/airflow/.local/lib/python3.7/site-packages/airflow/example_dags/example_task_group.py took 0.117 seconds
[2022-12-23T09:59:46.275+0000] {processor.py:153} INFO - Started process (PID=2257) to work on /home/airflow/.local/lib/python3.7/site-packages/airflow/example_dags/example_task_group.py
[2022-12-23T09:59:46.277+0000] {processor.py:743} INFO - Processing file /home/airflow/.local/lib/python3.7/site-packages/airflow/example_dags/example_task_group.py for tasks to queue
[2022-12-23T09:59:46.278+0000] {logging_mixin.py:137} INFO - [2022-12-23T09:59:46.278+0000] {dagbag.py:538} INFO - Filling up the DagBag from /home/airflow/.local/lib/python3.7/site-packages/airflow/example_dags/example_task_group.py
[2022-12-23T09:59:46.295+0000] {processor.py:753} INFO - DAG(s) dict_keys(['example_task_group']) retrieved from /home/airflow/.local/lib/python3.7/site-packages/airflow/example_dags/example_task_group.py
[2022-12-23T09:59:46.336+0000] {logging_mixin.py:137} INFO - [2022-12-23T09:59:46.336+0000] {dag.py:2676} INFO - Sync 1 DAGs
[2022-12-23T09:59:46.359+0000] {logging_mixin.py:137} INFO - [2022-12-23T09:59:46.359+0000] {dag.py:3427} INFO - Setting next_dagrun for example_task_group to 2022-12-22T09:59:46.359560+00:00, run_after=2022-12-23T09:59:46.359560+00:00
[2022-12-23T09:59:46.383+0000] {processor.py:175} INFO - Processing /home/airflow/.local/lib/python3.7/site-packages/airflow/example_dags/example_task_group.py took 0.110 seconds
[2022-12-23T10:00:26.045+0000] {processor.py:153} INFO - Started process (PID=2325) to work on /home/airflow/.local/lib/python3.7/site-packages/airflow/example_dags/example_task_group.py
[2022-12-23T10:00:26.048+0000] {processor.py:743} INFO - Processing file /home/airflow/.local/lib/python3.7/site-packages/airflow/example_dags/example_task_group.py for tasks to queue
[2022-12-23T10:00:26.049+0000] {logging_mixin.py:137} INFO - [2022-12-23T10:00:26.049+0000] {dagbag.py:538} INFO - Filling up the DagBag from /home/airflow/.local/lib/python3.7/site-packages/airflow/example_dags/example_task_group.py
[2022-12-23T10:00:26.068+0000] {processor.py:753} INFO - DAG(s) dict_keys(['example_task_group']) retrieved from /home/airflow/.local/lib/python3.7/site-packages/airflow/example_dags/example_task_group.py
[2022-12-23T10:00:26.112+0000] {logging_mixin.py:137} INFO - [2022-12-23T10:00:26.112+0000] {dag.py:2676} INFO - Sync 1 DAGs
[2022-12-23T10:00:26.135+0000] {logging_mixin.py:137} INFO - [2022-12-23T10:00:26.135+0000] {dag.py:3427} INFO - Setting next_dagrun for example_task_group to 2022-12-22T10:00:26.134833+00:00, run_after=2022-12-23T10:00:26.134833+00:00
[2022-12-23T10:00:26.166+0000] {processor.py:175} INFO - Processing /home/airflow/.local/lib/python3.7/site-packages/airflow/example_dags/example_task_group.py took 0.130 seconds
[2022-12-23T10:01:11.624+0000] {processor.py:153} INFO - Started process (PID=2398) to work on /home/airflow/.local/lib/python3.7/site-packages/airflow/example_dags/example_task_group.py
[2022-12-23T10:01:11.642+0000] {processor.py:743} INFO - Processing file /home/airflow/.local/lib/python3.7/site-packages/airflow/example_dags/example_task_group.py for tasks to queue
[2022-12-23T10:01:11.644+0000] {logging_mixin.py:137} INFO - [2022-12-23T10:01:11.644+0000] {dagbag.py:538} INFO - Filling up the DagBag from /home/airflow/.local/lib/python3.7/site-packages/airflow/example_dags/example_task_group.py
[2022-12-23T10:01:11.747+0000] {processor.py:753} INFO - DAG(s) dict_keys(['example_task_group']) retrieved from /home/airflow/.local/lib/python3.7/site-packages/airflow/example_dags/example_task_group.py
[2022-12-23T10:01:12.032+0000] {logging_mixin.py:137} INFO - [2022-12-23T10:01:12.032+0000] {dag.py:2676} INFO - Sync 1 DAGs
[2022-12-23T10:01:12.184+0000] {logging_mixin.py:137} INFO - [2022-12-23T10:01:12.184+0000] {dag.py:3427} INFO - Setting next_dagrun for example_task_group to 2022-12-22T10:01:12.159994+00:00, run_after=2022-12-23T10:01:12.159994+00:00
[2022-12-23T10:01:12.274+0000] {processor.py:175} INFO - Processing /home/airflow/.local/lib/python3.7/site-packages/airflow/example_dags/example_task_group.py took 0.689 seconds
[2022-12-23T10:02:17.788+0000] {processor.py:153} INFO - Started process (PID=2482) to work on /home/airflow/.local/lib/python3.7/site-packages/airflow/example_dags/example_task_group.py
[2022-12-23T10:02:17.797+0000] {processor.py:743} INFO - Processing file /home/airflow/.local/lib/python3.7/site-packages/airflow/example_dags/example_task_group.py for tasks to queue
[2022-12-23T10:02:17.801+0000] {logging_mixin.py:137} INFO - [2022-12-23T10:02:17.800+0000] {dagbag.py:538} INFO - Filling up the DagBag from /home/airflow/.local/lib/python3.7/site-packages/airflow/example_dags/example_task_group.py
[2022-12-23T10:02:18.016+0000] {processor.py:753} INFO - DAG(s) dict_keys(['example_task_group']) retrieved from /home/airflow/.local/lib/python3.7/site-packages/airflow/example_dags/example_task_group.py
[2022-12-23T10:02:18.865+0000] {logging_mixin.py:137} INFO - [2022-12-23T10:02:18.864+0000] {dag.py:2676} INFO - Sync 1 DAGs
[2022-12-23T10:02:19.176+0000] {logging_mixin.py:137} INFO - [2022-12-23T10:02:19.176+0000] {dag.py:3427} INFO - Setting next_dagrun for example_task_group to 2022-12-22T10:02:19.175562+00:00, run_after=2022-12-23T10:02:19.175562+00:00
[2022-12-23T10:02:19.395+0000] {processor.py:175} INFO - Processing /home/airflow/.local/lib/python3.7/site-packages/airflow/example_dags/example_task_group.py took 1.650 seconds
[2022-12-23T10:02:51.833+0000] {processor.py:153} INFO - Started process (PID=2550) to work on /home/airflow/.local/lib/python3.7/site-packages/airflow/example_dags/example_task_group.py
[2022-12-23T10:02:51.854+0000] {processor.py:743} INFO - Processing file /home/airflow/.local/lib/python3.7/site-packages/airflow/example_dags/example_task_group.py for tasks to queue
[2022-12-23T10:02:51.860+0000] {logging_mixin.py:137} INFO - [2022-12-23T10:02:51.859+0000] {dagbag.py:538} INFO - Filling up the DagBag from /home/airflow/.local/lib/python3.7/site-packages/airflow/example_dags/example_task_group.py
[2022-12-23T10:02:51.952+0000] {processor.py:753} INFO - DAG(s) dict_keys(['example_task_group']) retrieved from /home/airflow/.local/lib/python3.7/site-packages/airflow/example_dags/example_task_group.py
[2022-12-23T10:02:52.081+0000] {logging_mixin.py:137} INFO - [2022-12-23T10:02:52.081+0000] {dag.py:2676} INFO - Sync 1 DAGs
[2022-12-23T10:02:52.139+0000] {logging_mixin.py:137} INFO - [2022-12-23T10:02:52.138+0000] {dag.py:3427} INFO - Setting next_dagrun for example_task_group to 2022-12-22T10:02:52.137985+00:00, run_after=2022-12-23T10:02:52.137985+00:00
[2022-12-23T10:02:52.212+0000] {processor.py:175} INFO - Processing /home/airflow/.local/lib/python3.7/site-packages/airflow/example_dags/example_task_group.py took 0.423 seconds
[2022-12-23T10:03:22.705+0000] {processor.py:153} INFO - Started process (PID=2612) to work on /home/airflow/.local/lib/python3.7/site-packages/airflow/example_dags/example_task_group.py
[2022-12-23T10:03:22.711+0000] {processor.py:743} INFO - Processing file /home/airflow/.local/lib/python3.7/site-packages/airflow/example_dags/example_task_group.py for tasks to queue
[2022-12-23T10:03:22.714+0000] {logging_mixin.py:137} INFO - [2022-12-23T10:03:22.714+0000] {dagbag.py:538} INFO - Filling up the DagBag from /home/airflow/.local/lib/python3.7/site-packages/airflow/example_dags/example_task_group.py
[2022-12-23T10:03:22.760+0000] {processor.py:753} INFO - DAG(s) dict_keys(['example_task_group']) retrieved from /home/airflow/.local/lib/python3.7/site-packages/airflow/example_dags/example_task_group.py
[2022-12-23T10:03:22.851+0000] {logging_mixin.py:137} INFO - [2022-12-23T10:03:22.851+0000] {dag.py:2676} INFO - Sync 1 DAGs
[2022-12-23T10:03:22.914+0000] {logging_mixin.py:137} INFO - [2022-12-23T10:03:22.913+0000] {dag.py:3427} INFO - Setting next_dagrun for example_task_group to 2022-12-22T10:03:22.913672+00:00, run_after=2022-12-23T10:03:22.913672+00:00
[2022-12-23T10:03:22.945+0000] {processor.py:175} INFO - Processing /home/airflow/.local/lib/python3.7/site-packages/airflow/example_dags/example_task_group.py took 0.259 seconds
[2022-12-23T10:03:53.247+0000] {processor.py:153} INFO - Started process (PID=2672) to work on /home/airflow/.local/lib/python3.7/site-packages/airflow/example_dags/example_task_group.py
[2022-12-23T10:03:53.251+0000] {processor.py:743} INFO - Processing file /home/airflow/.local/lib/python3.7/site-packages/airflow/example_dags/example_task_group.py for tasks to queue
[2022-12-23T10:03:53.256+0000] {logging_mixin.py:137} INFO - [2022-12-23T10:03:53.256+0000] {dagbag.py:538} INFO - Filling up the DagBag from /home/airflow/.local/lib/python3.7/site-packages/airflow/example_dags/example_task_group.py
[2022-12-23T10:03:53.295+0000] {processor.py:753} INFO - DAG(s) dict_keys(['example_task_group']) retrieved from /home/airflow/.local/lib/python3.7/site-packages/airflow/example_dags/example_task_group.py
[2022-12-23T10:03:54.035+0000] {logging_mixin.py:137} INFO - [2022-12-23T10:03:54.034+0000] {dag.py:2676} INFO - Sync 1 DAGs
[2022-12-23T10:03:54.321+0000] {logging_mixin.py:137} INFO - [2022-12-23T10:03:54.321+0000] {dag.py:3427} INFO - Setting next_dagrun for example_task_group to 2022-12-22T10:03:54.320928+00:00, run_after=2022-12-23T10:03:54.320928+00:00
[2022-12-23T10:03:54.368+0000] {processor.py:175} INFO - Processing /home/airflow/.local/lib/python3.7/site-packages/airflow/example_dags/example_task_group.py took 1.126 seconds
