[2022-12-23T09:42:16.460+0000] {processor.py:153} INFO - Started process (PID=57) to work on /home/airflow/.local/lib/python3.7/site-packages/airflow/example_dags/example_datasets.py
[2022-12-23T09:42:16.466+0000] {processor.py:743} INFO - Processing file /home/airflow/.local/lib/python3.7/site-packages/airflow/example_dags/example_datasets.py for tasks to queue
[2022-12-23T09:42:16.470+0000] {logging_mixin.py:137} INFO - [2022-12-23T09:42:16.470+0000] {dagbag.py:538} INFO - Filling up the DagBag from /home/airflow/.local/lib/python3.7/site-packages/airflow/example_dags/example_datasets.py
[2022-12-23T09:42:16.505+0000] {processor.py:753} INFO - DAG(s) dict_keys(['dataset_produces_2', 'dataset_consumes_unknown_never_scheduled', 'dataset_consumes_1_never_scheduled', 'dataset_consumes_1', 'dataset_produces_1', 'dataset_consumes_1_and_2']) retrieved from /home/airflow/.local/lib/python3.7/site-packages/airflow/example_dags/example_datasets.py
[2022-12-23T09:42:16.778+0000] {logging_mixin.py:137} INFO - [2022-12-23T09:42:16.777+0000] {dag.py:2676} INFO - Sync 6 DAGs
[2022-12-23T09:42:16.888+0000] {logging_mixin.py:137} INFO - [2022-12-23T09:42:16.888+0000] {dag.py:3427} INFO - Setting next_dagrun for dataset_consumes_1 to None, run_after=None
[2022-12-23T09:42:17.044+0000] {logging_mixin.py:137} INFO - [2022-12-23T09:42:17.044+0000] {dag.py:3427} INFO - Setting next_dagrun for dataset_consumes_1_and_2 to None, run_after=None
[2022-12-23T09:42:17.154+0000] {logging_mixin.py:137} INFO - [2022-12-23T09:42:17.154+0000] {dag.py:3427} INFO - Setting next_dagrun for dataset_consumes_1_never_scheduled to None, run_after=None
[2022-12-23T09:42:17.179+0000] {logging_mixin.py:137} INFO - [2022-12-23T09:42:17.179+0000] {dag.py:3427} INFO - Setting next_dagrun for dataset_consumes_unknown_never_scheduled to None, run_after=None
[2022-12-23T09:42:17.227+0000] {logging_mixin.py:137} INFO - [2022-12-23T09:42:17.227+0000] {dag.py:3427} INFO - Setting next_dagrun for dataset_produces_1 to 2022-12-22T00:00:00+00:00, run_after=2022-12-23T00:00:00+00:00
[2022-12-23T09:42:17.253+0000] {logging_mixin.py:137} INFO - [2022-12-23T09:42:17.253+0000] {dag.py:3427} INFO - Setting next_dagrun for dataset_produces_2 to None, run_after=None
[2022-12-23T09:42:17.989+0000] {processor.py:175} INFO - Processing /home/airflow/.local/lib/python3.7/site-packages/airflow/example_dags/example_datasets.py took 1.538 seconds
[2022-12-23T09:42:49.070+0000] {processor.py:153} INFO - Started process (PID=120) to work on /home/airflow/.local/lib/python3.7/site-packages/airflow/example_dags/example_datasets.py
[2022-12-23T09:42:49.085+0000] {processor.py:743} INFO - Processing file /home/airflow/.local/lib/python3.7/site-packages/airflow/example_dags/example_datasets.py for tasks to queue
[2022-12-23T09:42:49.088+0000] {logging_mixin.py:137} INFO - [2022-12-23T09:42:49.088+0000] {dagbag.py:538} INFO - Filling up the DagBag from /home/airflow/.local/lib/python3.7/site-packages/airflow/example_dags/example_datasets.py
[2022-12-23T09:42:49.120+0000] {processor.py:753} INFO - DAG(s) dict_keys(['dataset_produces_2', 'dataset_consumes_unknown_never_scheduled', 'dataset_produces_1', 'dataset_consumes_1_and_2', 'dataset_consumes_1', 'dataset_consumes_1_never_scheduled']) retrieved from /home/airflow/.local/lib/python3.7/site-packages/airflow/example_dags/example_datasets.py
[2022-12-23T09:42:49.199+0000] {logging_mixin.py:137} INFO - [2022-12-23T09:42:49.199+0000] {dag.py:2676} INFO - Sync 6 DAGs
[2022-12-23T09:42:49.225+0000] {logging_mixin.py:137} INFO - [2022-12-23T09:42:49.225+0000] {dag.py:3427} INFO - Setting next_dagrun for dataset_consumes_1 to None, run_after=None
[2022-12-23T09:42:49.230+0000] {logging_mixin.py:137} INFO - [2022-12-23T09:42:49.230+0000] {dag.py:3427} INFO - Setting next_dagrun for dataset_consumes_1_and_2 to None, run_after=None
[2022-12-23T09:42:49.233+0000] {logging_mixin.py:137} INFO - [2022-12-23T09:42:49.233+0000] {dag.py:3427} INFO - Setting next_dagrun for dataset_consumes_1_never_scheduled to None, run_after=None
[2022-12-23T09:42:49.236+0000] {logging_mixin.py:137} INFO - [2022-12-23T09:42:49.236+0000] {dag.py:3427} INFO - Setting next_dagrun for dataset_consumes_unknown_never_scheduled to None, run_after=None
[2022-12-23T09:42:49.250+0000] {logging_mixin.py:137} INFO - [2022-12-23T09:42:49.250+0000] {dag.py:3427} INFO - Setting next_dagrun for dataset_produces_1 to 2022-12-22T00:00:00+00:00, run_after=2022-12-23T00:00:00+00:00
[2022-12-23T09:42:49.254+0000] {logging_mixin.py:137} INFO - [2022-12-23T09:42:49.254+0000] {dag.py:3427} INFO - Setting next_dagrun for dataset_produces_2 to None, run_after=None
[2022-12-23T09:42:49.298+0000] {processor.py:175} INFO - Processing /home/airflow/.local/lib/python3.7/site-packages/airflow/example_dags/example_datasets.py took 0.233 seconds
[2022-12-23T09:43:19.904+0000] {processor.py:153} INFO - Started process (PID=182) to work on /home/airflow/.local/lib/python3.7/site-packages/airflow/example_dags/example_datasets.py
[2022-12-23T09:43:19.910+0000] {processor.py:743} INFO - Processing file /home/airflow/.local/lib/python3.7/site-packages/airflow/example_dags/example_datasets.py for tasks to queue
[2022-12-23T09:43:19.912+0000] {logging_mixin.py:137} INFO - [2022-12-23T09:43:19.912+0000] {dagbag.py:538} INFO - Filling up the DagBag from /home/airflow/.local/lib/python3.7/site-packages/airflow/example_dags/example_datasets.py
[2022-12-23T09:43:19.952+0000] {processor.py:753} INFO - DAG(s) dict_keys(['dataset_consumes_unknown_never_scheduled', 'dataset_consumes_1_never_scheduled', 'dataset_produces_2', 'dataset_consumes_1_and_2', 'dataset_consumes_1', 'dataset_produces_1']) retrieved from /home/airflow/.local/lib/python3.7/site-packages/airflow/example_dags/example_datasets.py
[2022-12-23T09:43:20.021+0000] {logging_mixin.py:137} INFO - [2022-12-23T09:43:20.021+0000] {dag.py:2676} INFO - Sync 6 DAGs
[2022-12-23T09:43:20.058+0000] {logging_mixin.py:137} INFO - [2022-12-23T09:43:20.058+0000] {dag.py:3427} INFO - Setting next_dagrun for dataset_consumes_1 to None, run_after=None
[2022-12-23T09:43:20.065+0000] {logging_mixin.py:137} INFO - [2022-12-23T09:43:20.065+0000] {dag.py:3427} INFO - Setting next_dagrun for dataset_consumes_1_and_2 to None, run_after=None
[2022-12-23T09:43:20.068+0000] {logging_mixin.py:137} INFO - [2022-12-23T09:43:20.068+0000] {dag.py:3427} INFO - Setting next_dagrun for dataset_consumes_1_never_scheduled to None, run_after=None
[2022-12-23T09:43:20.072+0000] {logging_mixin.py:137} INFO - [2022-12-23T09:43:20.072+0000] {dag.py:3427} INFO - Setting next_dagrun for dataset_consumes_unknown_never_scheduled to None, run_after=None
[2022-12-23T09:43:20.093+0000] {logging_mixin.py:137} INFO - [2022-12-23T09:43:20.093+0000] {dag.py:3427} INFO - Setting next_dagrun for dataset_produces_1 to 2022-12-22T00:00:00+00:00, run_after=2022-12-23T00:00:00+00:00
[2022-12-23T09:43:20.097+0000] {logging_mixin.py:137} INFO - [2022-12-23T09:43:20.096+0000] {dag.py:3427} INFO - Setting next_dagrun for dataset_produces_2 to None, run_after=None
[2022-12-23T09:43:20.138+0000] {processor.py:175} INFO - Processing /home/airflow/.local/lib/python3.7/site-packages/airflow/example_dags/example_datasets.py took 0.238 seconds
[2022-12-23T09:43:50.209+0000] {processor.py:153} INFO - Started process (PID=256) to work on /home/airflow/.local/lib/python3.7/site-packages/airflow/example_dags/example_datasets.py
[2022-12-23T09:43:50.211+0000] {processor.py:743} INFO - Processing file /home/airflow/.local/lib/python3.7/site-packages/airflow/example_dags/example_datasets.py for tasks to queue
[2022-12-23T09:43:50.213+0000] {logging_mixin.py:137} INFO - [2022-12-23T09:43:50.212+0000] {dagbag.py:538} INFO - Filling up the DagBag from /home/airflow/.local/lib/python3.7/site-packages/airflow/example_dags/example_datasets.py
[2022-12-23T09:43:50.235+0000] {processor.py:753} INFO - DAG(s) dict_keys(['dataset_consumes_1_never_scheduled', 'dataset_consumes_1_and_2', 'dataset_consumes_1', 'dataset_consumes_unknown_never_scheduled', 'dataset_produces_1', 'dataset_produces_2']) retrieved from /home/airflow/.local/lib/python3.7/site-packages/airflow/example_dags/example_datasets.py
[2022-12-23T09:43:50.282+0000] {logging_mixin.py:137} INFO - [2022-12-23T09:43:50.282+0000] {dag.py:2676} INFO - Sync 6 DAGs
[2022-12-23T09:43:50.303+0000] {logging_mixin.py:137} INFO - [2022-12-23T09:43:50.303+0000] {dag.py:3427} INFO - Setting next_dagrun for dataset_consumes_1 to None, run_after=None
[2022-12-23T09:43:50.306+0000] {logging_mixin.py:137} INFO - [2022-12-23T09:43:50.306+0000] {dag.py:3427} INFO - Setting next_dagrun for dataset_consumes_1_and_2 to None, run_after=None
[2022-12-23T09:43:50.308+0000] {logging_mixin.py:137} INFO - [2022-12-23T09:43:50.308+0000] {dag.py:3427} INFO - Setting next_dagrun for dataset_consumes_1_never_scheduled to None, run_after=None
[2022-12-23T09:43:50.309+0000] {logging_mixin.py:137} INFO - [2022-12-23T09:43:50.309+0000] {dag.py:3427} INFO - Setting next_dagrun for dataset_consumes_unknown_never_scheduled to None, run_after=None
[2022-12-23T09:43:50.314+0000] {logging_mixin.py:137} INFO - [2022-12-23T09:43:50.314+0000] {dag.py:3427} INFO - Setting next_dagrun for dataset_produces_1 to 2022-12-22T00:00:00+00:00, run_after=2022-12-23T00:00:00+00:00
[2022-12-23T09:43:50.316+0000] {logging_mixin.py:137} INFO - [2022-12-23T09:43:50.316+0000] {dag.py:3427} INFO - Setting next_dagrun for dataset_produces_2 to None, run_after=None
[2022-12-23T09:43:50.343+0000] {processor.py:175} INFO - Processing /home/airflow/.local/lib/python3.7/site-packages/airflow/example_dags/example_datasets.py took 0.140 seconds
[2022-12-23T09:44:20.595+0000] {processor.py:153} INFO - Started process (PID=320) to work on /home/airflow/.local/lib/python3.7/site-packages/airflow/example_dags/example_datasets.py
[2022-12-23T09:44:20.601+0000] {processor.py:743} INFO - Processing file /home/airflow/.local/lib/python3.7/site-packages/airflow/example_dags/example_datasets.py for tasks to queue
[2022-12-23T09:44:20.605+0000] {logging_mixin.py:137} INFO - [2022-12-23T09:44:20.604+0000] {dagbag.py:538} INFO - Filling up the DagBag from /home/airflow/.local/lib/python3.7/site-packages/airflow/example_dags/example_datasets.py
[2022-12-23T09:44:20.646+0000] {processor.py:753} INFO - DAG(s) dict_keys(['dataset_produces_2', 'dataset_consumes_1_and_2', 'dataset_consumes_1_never_scheduled', 'dataset_consumes_1', 'dataset_produces_1', 'dataset_consumes_unknown_never_scheduled']) retrieved from /home/airflow/.local/lib/python3.7/site-packages/airflow/example_dags/example_datasets.py
[2022-12-23T09:44:20.814+0000] {logging_mixin.py:137} INFO - [2022-12-23T09:44:20.814+0000] {dag.py:2676} INFO - Sync 6 DAGs
[2022-12-23T09:44:20.848+0000] {logging_mixin.py:137} INFO - [2022-12-23T09:44:20.848+0000] {dag.py:3427} INFO - Setting next_dagrun for dataset_consumes_1 to None, run_after=None
[2022-12-23T09:44:20.853+0000] {logging_mixin.py:137} INFO - [2022-12-23T09:44:20.853+0000] {dag.py:3427} INFO - Setting next_dagrun for dataset_consumes_1_and_2 to None, run_after=None
[2022-12-23T09:44:20.857+0000] {logging_mixin.py:137} INFO - [2022-12-23T09:44:20.857+0000] {dag.py:3427} INFO - Setting next_dagrun for dataset_consumes_1_never_scheduled to None, run_after=None
[2022-12-23T09:44:20.860+0000] {logging_mixin.py:137} INFO - [2022-12-23T09:44:20.860+0000] {dag.py:3427} INFO - Setting next_dagrun for dataset_consumes_unknown_never_scheduled to None, run_after=None
[2022-12-23T09:44:20.864+0000] {logging_mixin.py:137} INFO - [2022-12-23T09:44:20.864+0000] {dag.py:3427} INFO - Setting next_dagrun for dataset_produces_1 to 2022-12-22T00:00:00+00:00, run_after=2022-12-23T00:00:00+00:00
[2022-12-23T09:44:20.867+0000] {logging_mixin.py:137} INFO - [2022-12-23T09:44:20.867+0000] {dag.py:3427} INFO - Setting next_dagrun for dataset_produces_2 to None, run_after=None
[2022-12-23T09:44:20.906+0000] {processor.py:175} INFO - Processing /home/airflow/.local/lib/python3.7/site-packages/airflow/example_dags/example_datasets.py took 0.323 seconds
[2022-12-23T09:44:51.536+0000] {processor.py:153} INFO - Started process (PID=382) to work on /home/airflow/.local/lib/python3.7/site-packages/airflow/example_dags/example_datasets.py
[2022-12-23T09:44:51.541+0000] {processor.py:743} INFO - Processing file /home/airflow/.local/lib/python3.7/site-packages/airflow/example_dags/example_datasets.py for tasks to queue
[2022-12-23T09:44:51.544+0000] {logging_mixin.py:137} INFO - [2022-12-23T09:44:51.544+0000] {dagbag.py:538} INFO - Filling up the DagBag from /home/airflow/.local/lib/python3.7/site-packages/airflow/example_dags/example_datasets.py
[2022-12-23T09:44:51.588+0000] {processor.py:753} INFO - DAG(s) dict_keys(['dataset_produces_2', 'dataset_consumes_1_never_scheduled', 'dataset_consumes_1', 'dataset_consumes_1_and_2', 'dataset_produces_1', 'dataset_consumes_unknown_never_scheduled']) retrieved from /home/airflow/.local/lib/python3.7/site-packages/airflow/example_dags/example_datasets.py
[2022-12-23T09:44:51.680+0000] {logging_mixin.py:137} INFO - [2022-12-23T09:44:51.680+0000] {dag.py:2676} INFO - Sync 6 DAGs
[2022-12-23T09:44:51.726+0000] {logging_mixin.py:137} INFO - [2022-12-23T09:44:51.726+0000] {dag.py:3427} INFO - Setting next_dagrun for dataset_consumes_1 to None, run_after=None
[2022-12-23T09:44:51.733+0000] {logging_mixin.py:137} INFO - [2022-12-23T09:44:51.733+0000] {dag.py:3427} INFO - Setting next_dagrun for dataset_consumes_1_and_2 to None, run_after=None
[2022-12-23T09:44:51.735+0000] {logging_mixin.py:137} INFO - [2022-12-23T09:44:51.735+0000] {dag.py:3427} INFO - Setting next_dagrun for dataset_consumes_1_never_scheduled to None, run_after=None
[2022-12-23T09:44:51.737+0000] {logging_mixin.py:137} INFO - [2022-12-23T09:44:51.737+0000] {dag.py:3427} INFO - Setting next_dagrun for dataset_consumes_unknown_never_scheduled to None, run_after=None
[2022-12-23T09:44:51.740+0000] {logging_mixin.py:137} INFO - [2022-12-23T09:44:51.740+0000] {dag.py:3427} INFO - Setting next_dagrun for dataset_produces_1 to 2022-12-22T00:00:00+00:00, run_after=2022-12-23T00:00:00+00:00
[2022-12-23T09:44:51.742+0000] {logging_mixin.py:137} INFO - [2022-12-23T09:44:51.742+0000] {dag.py:3427} INFO - Setting next_dagrun for dataset_produces_2 to None, run_after=None
[2022-12-23T09:44:51.769+0000] {processor.py:175} INFO - Processing /home/airflow/.local/lib/python3.7/site-packages/airflow/example_dags/example_datasets.py took 0.242 seconds
[2022-12-23T09:45:22.539+0000] {processor.py:153} INFO - Started process (PID=445) to work on /home/airflow/.local/lib/python3.7/site-packages/airflow/example_dags/example_datasets.py
[2022-12-23T09:45:22.543+0000] {processor.py:743} INFO - Processing file /home/airflow/.local/lib/python3.7/site-packages/airflow/example_dags/example_datasets.py for tasks to queue
[2022-12-23T09:45:22.545+0000] {logging_mixin.py:137} INFO - [2022-12-23T09:45:22.545+0000] {dagbag.py:538} INFO - Filling up the DagBag from /home/airflow/.local/lib/python3.7/site-packages/airflow/example_dags/example_datasets.py
[2022-12-23T09:45:22.573+0000] {processor.py:753} INFO - DAG(s) dict_keys(['dataset_consumes_unknown_never_scheduled', 'dataset_produces_1', 'dataset_produces_2', 'dataset_consumes_1_never_scheduled', 'dataset_consumes_1_and_2', 'dataset_consumes_1']) retrieved from /home/airflow/.local/lib/python3.7/site-packages/airflow/example_dags/example_datasets.py
[2022-12-23T09:45:22.628+0000] {logging_mixin.py:137} INFO - [2022-12-23T09:45:22.628+0000] {dag.py:2676} INFO - Sync 6 DAGs
[2022-12-23T09:45:22.647+0000] {logging_mixin.py:137} INFO - [2022-12-23T09:45:22.647+0000] {dag.py:3427} INFO - Setting next_dagrun for dataset_consumes_1 to None, run_after=None
[2022-12-23T09:45:22.650+0000] {logging_mixin.py:137} INFO - [2022-12-23T09:45:22.650+0000] {dag.py:3427} INFO - Setting next_dagrun for dataset_consumes_1_and_2 to None, run_after=None
[2022-12-23T09:45:22.652+0000] {logging_mixin.py:137} INFO - [2022-12-23T09:45:22.652+0000] {dag.py:3427} INFO - Setting next_dagrun for dataset_consumes_1_never_scheduled to None, run_after=None
[2022-12-23T09:45:22.654+0000] {logging_mixin.py:137} INFO - [2022-12-23T09:45:22.654+0000] {dag.py:3427} INFO - Setting next_dagrun for dataset_consumes_unknown_never_scheduled to None, run_after=None
[2022-12-23T09:45:22.656+0000] {logging_mixin.py:137} INFO - [2022-12-23T09:45:22.656+0000] {dag.py:3427} INFO - Setting next_dagrun for dataset_produces_1 to 2022-12-22T00:00:00+00:00, run_after=2022-12-23T00:00:00+00:00
[2022-12-23T09:45:22.660+0000] {logging_mixin.py:137} INFO - [2022-12-23T09:45:22.660+0000] {dag.py:3427} INFO - Setting next_dagrun for dataset_produces_2 to None, run_after=None
[2022-12-23T09:45:22.687+0000] {processor.py:175} INFO - Processing /home/airflow/.local/lib/python3.7/site-packages/airflow/example_dags/example_datasets.py took 0.152 seconds
[2022-12-23T09:45:52.960+0000] {processor.py:153} INFO - Started process (PID=521) to work on /home/airflow/.local/lib/python3.7/site-packages/airflow/example_dags/example_datasets.py
[2022-12-23T09:45:52.964+0000] {processor.py:743} INFO - Processing file /home/airflow/.local/lib/python3.7/site-packages/airflow/example_dags/example_datasets.py for tasks to queue
[2022-12-23T09:45:52.967+0000] {logging_mixin.py:137} INFO - [2022-12-23T09:45:52.966+0000] {dagbag.py:538} INFO - Filling up the DagBag from /home/airflow/.local/lib/python3.7/site-packages/airflow/example_dags/example_datasets.py
[2022-12-23T09:45:52.988+0000] {processor.py:753} INFO - DAG(s) dict_keys(['dataset_consumes_1', 'dataset_produces_2', 'dataset_produces_1', 'dataset_consumes_unknown_never_scheduled', 'dataset_consumes_1_and_2', 'dataset_consumes_1_never_scheduled']) retrieved from /home/airflow/.local/lib/python3.7/site-packages/airflow/example_dags/example_datasets.py
[2022-12-23T09:45:53.084+0000] {logging_mixin.py:137} INFO - [2022-12-23T09:45:53.083+0000] {dag.py:2676} INFO - Sync 6 DAGs
[2022-12-23T09:45:53.116+0000] {logging_mixin.py:137} INFO - [2022-12-23T09:45:53.116+0000] {dag.py:3427} INFO - Setting next_dagrun for dataset_consumes_1 to None, run_after=None
[2022-12-23T09:45:53.121+0000] {logging_mixin.py:137} INFO - [2022-12-23T09:45:53.121+0000] {dag.py:3427} INFO - Setting next_dagrun for dataset_consumes_1_and_2 to None, run_after=None
[2022-12-23T09:45:53.131+0000] {logging_mixin.py:137} INFO - [2022-12-23T09:45:53.131+0000] {dag.py:3427} INFO - Setting next_dagrun for dataset_consumes_1_never_scheduled to None, run_after=None
[2022-12-23T09:45:53.134+0000] {logging_mixin.py:137} INFO - [2022-12-23T09:45:53.134+0000] {dag.py:3427} INFO - Setting next_dagrun for dataset_consumes_unknown_never_scheduled to None, run_after=None
[2022-12-23T09:45:53.138+0000] {logging_mixin.py:137} INFO - [2022-12-23T09:45:53.138+0000] {dag.py:3427} INFO - Setting next_dagrun for dataset_produces_1 to 2022-12-22T00:00:00+00:00, run_after=2022-12-23T00:00:00+00:00
[2022-12-23T09:45:53.140+0000] {logging_mixin.py:137} INFO - [2022-12-23T09:45:53.140+0000] {dag.py:3427} INFO - Setting next_dagrun for dataset_produces_2 to None, run_after=None
[2022-12-23T09:45:53.189+0000] {processor.py:175} INFO - Processing /home/airflow/.local/lib/python3.7/site-packages/airflow/example_dags/example_datasets.py took 0.236 seconds
[2022-12-23T09:46:23.360+0000] {processor.py:153} INFO - Started process (PID=582) to work on /home/airflow/.local/lib/python3.7/site-packages/airflow/example_dags/example_datasets.py
[2022-12-23T09:46:23.367+0000] {processor.py:743} INFO - Processing file /home/airflow/.local/lib/python3.7/site-packages/airflow/example_dags/example_datasets.py for tasks to queue
[2022-12-23T09:46:23.369+0000] {logging_mixin.py:137} INFO - [2022-12-23T09:46:23.369+0000] {dagbag.py:538} INFO - Filling up the DagBag from /home/airflow/.local/lib/python3.7/site-packages/airflow/example_dags/example_datasets.py
[2022-12-23T09:46:23.394+0000] {processor.py:753} INFO - DAG(s) dict_keys(['dataset_consumes_1_never_scheduled', 'dataset_consumes_1_and_2', 'dataset_produces_2', 'dataset_produces_1', 'dataset_consumes_unknown_never_scheduled', 'dataset_consumes_1']) retrieved from /home/airflow/.local/lib/python3.7/site-packages/airflow/example_dags/example_datasets.py
[2022-12-23T09:46:23.453+0000] {logging_mixin.py:137} INFO - [2022-12-23T09:46:23.453+0000] {dag.py:2676} INFO - Sync 6 DAGs
[2022-12-23T09:46:23.470+0000] {logging_mixin.py:137} INFO - [2022-12-23T09:46:23.470+0000] {dag.py:3427} INFO - Setting next_dagrun for dataset_consumes_1 to None, run_after=None
[2022-12-23T09:46:23.476+0000] {logging_mixin.py:137} INFO - [2022-12-23T09:46:23.476+0000] {dag.py:3427} INFO - Setting next_dagrun for dataset_consumes_1_and_2 to None, run_after=None
[2022-12-23T09:46:23.479+0000] {logging_mixin.py:137} INFO - [2022-12-23T09:46:23.479+0000] {dag.py:3427} INFO - Setting next_dagrun for dataset_consumes_1_never_scheduled to None, run_after=None
[2022-12-23T09:46:23.481+0000] {logging_mixin.py:137} INFO - [2022-12-23T09:46:23.481+0000] {dag.py:3427} INFO - Setting next_dagrun for dataset_consumes_unknown_never_scheduled to None, run_after=None
[2022-12-23T09:46:23.485+0000] {logging_mixin.py:137} INFO - [2022-12-23T09:46:23.485+0000] {dag.py:3427} INFO - Setting next_dagrun for dataset_produces_1 to 2022-12-22T00:00:00+00:00, run_after=2022-12-23T00:00:00+00:00
[2022-12-23T09:46:23.487+0000] {logging_mixin.py:137} INFO - [2022-12-23T09:46:23.487+0000] {dag.py:3427} INFO - Setting next_dagrun for dataset_produces_2 to None, run_after=None
[2022-12-23T09:46:23.523+0000] {processor.py:175} INFO - Processing /home/airflow/.local/lib/python3.7/site-packages/airflow/example_dags/example_datasets.py took 0.168 seconds
[2022-12-23T09:46:54.118+0000] {processor.py:153} INFO - Started process (PID=657) to work on /home/airflow/.local/lib/python3.7/site-packages/airflow/example_dags/example_datasets.py
[2022-12-23T09:46:54.121+0000] {processor.py:743} INFO - Processing file /home/airflow/.local/lib/python3.7/site-packages/airflow/example_dags/example_datasets.py for tasks to queue
[2022-12-23T09:46:54.134+0000] {logging_mixin.py:137} INFO - [2022-12-23T09:46:54.133+0000] {dagbag.py:538} INFO - Filling up the DagBag from /home/airflow/.local/lib/python3.7/site-packages/airflow/example_dags/example_datasets.py
[2022-12-23T09:46:54.198+0000] {processor.py:753} INFO - DAG(s) dict_keys(['dataset_consumes_1', 'dataset_consumes_1_never_scheduled', 'dataset_produces_1', 'dataset_consumes_1_and_2', 'dataset_consumes_unknown_never_scheduled', 'dataset_produces_2']) retrieved from /home/airflow/.local/lib/python3.7/site-packages/airflow/example_dags/example_datasets.py
[2022-12-23T09:46:54.293+0000] {logging_mixin.py:137} INFO - [2022-12-23T09:46:54.293+0000] {dag.py:2676} INFO - Sync 6 DAGs
[2022-12-23T09:46:54.352+0000] {logging_mixin.py:137} INFO - [2022-12-23T09:46:54.351+0000] {dag.py:3427} INFO - Setting next_dagrun for dataset_consumes_1 to None, run_after=None
[2022-12-23T09:46:54.364+0000] {logging_mixin.py:137} INFO - [2022-12-23T09:46:54.364+0000] {dag.py:3427} INFO - Setting next_dagrun for dataset_consumes_1_and_2 to None, run_after=None
[2022-12-23T09:46:54.369+0000] {logging_mixin.py:137} INFO - [2022-12-23T09:46:54.369+0000] {dag.py:3427} INFO - Setting next_dagrun for dataset_consumes_1_never_scheduled to None, run_after=None
[2022-12-23T09:46:54.374+0000] {logging_mixin.py:137} INFO - [2022-12-23T09:46:54.374+0000] {dag.py:3427} INFO - Setting next_dagrun for dataset_consumes_unknown_never_scheduled to None, run_after=None
[2022-12-23T09:46:54.388+0000] {logging_mixin.py:137} INFO - [2022-12-23T09:46:54.388+0000] {dag.py:3427} INFO - Setting next_dagrun for dataset_produces_1 to 2022-12-22T00:00:00+00:00, run_after=2022-12-23T00:00:00+00:00
[2022-12-23T09:46:54.401+0000] {logging_mixin.py:137} INFO - [2022-12-23T09:46:54.401+0000] {dag.py:3427} INFO - Setting next_dagrun for dataset_produces_2 to None, run_after=None
[2022-12-23T09:46:54.445+0000] {processor.py:175} INFO - Processing /home/airflow/.local/lib/python3.7/site-packages/airflow/example_dags/example_datasets.py took 0.333 seconds
[2022-12-23T09:47:28.524+0000] {processor.py:153} INFO - Started process (PID=720) to work on /home/airflow/.local/lib/python3.7/site-packages/airflow/example_dags/example_datasets.py
[2022-12-23T09:47:28.537+0000] {processor.py:743} INFO - Processing file /home/airflow/.local/lib/python3.7/site-packages/airflow/example_dags/example_datasets.py for tasks to queue
[2022-12-23T09:47:28.549+0000] {logging_mixin.py:137} INFO - [2022-12-23T09:47:28.549+0000] {dagbag.py:538} INFO - Filling up the DagBag from /home/airflow/.local/lib/python3.7/site-packages/airflow/example_dags/example_datasets.py
[2022-12-23T09:47:28.747+0000] {processor.py:753} INFO - DAG(s) dict_keys(['dataset_produces_1', 'dataset_produces_2', 'dataset_consumes_1', 'dataset_consumes_unknown_never_scheduled', 'dataset_consumes_1_and_2', 'dataset_consumes_1_never_scheduled']) retrieved from /home/airflow/.local/lib/python3.7/site-packages/airflow/example_dags/example_datasets.py
[2022-12-23T09:47:29.101+0000] {logging_mixin.py:137} INFO - [2022-12-23T09:47:29.100+0000] {dag.py:2676} INFO - Sync 6 DAGs
[2022-12-23T09:47:29.153+0000] {logging_mixin.py:137} INFO - [2022-12-23T09:47:29.152+0000] {dag.py:3427} INFO - Setting next_dagrun for dataset_consumes_1 to None, run_after=None
[2022-12-23T09:47:29.159+0000] {logging_mixin.py:137} INFO - [2022-12-23T09:47:29.159+0000] {dag.py:3427} INFO - Setting next_dagrun for dataset_consumes_1_and_2 to None, run_after=None
[2022-12-23T09:47:29.166+0000] {logging_mixin.py:137} INFO - [2022-12-23T09:47:29.166+0000] {dag.py:3427} INFO - Setting next_dagrun for dataset_consumes_1_never_scheduled to None, run_after=None
[2022-12-23T09:47:29.172+0000] {logging_mixin.py:137} INFO - [2022-12-23T09:47:29.172+0000] {dag.py:3427} INFO - Setting next_dagrun for dataset_consumes_unknown_never_scheduled to None, run_after=None
[2022-12-23T09:47:29.179+0000] {logging_mixin.py:137} INFO - [2022-12-23T09:47:29.179+0000] {dag.py:3427} INFO - Setting next_dagrun for dataset_produces_1 to 2022-12-22T00:00:00+00:00, run_after=2022-12-23T00:00:00+00:00
[2022-12-23T09:47:29.192+0000] {logging_mixin.py:137} INFO - [2022-12-23T09:47:29.191+0000] {dag.py:3427} INFO - Setting next_dagrun for dataset_produces_2 to None, run_after=None
[2022-12-23T09:47:29.293+0000] {processor.py:175} INFO - Processing /home/airflow/.local/lib/python3.7/site-packages/airflow/example_dags/example_datasets.py took 0.794 seconds
[2022-12-23T09:48:00.257+0000] {processor.py:153} INFO - Started process (PID=784) to work on /home/airflow/.local/lib/python3.7/site-packages/airflow/example_dags/example_datasets.py
[2022-12-23T09:48:00.259+0000] {processor.py:743} INFO - Processing file /home/airflow/.local/lib/python3.7/site-packages/airflow/example_dags/example_datasets.py for tasks to queue
[2022-12-23T09:48:00.261+0000] {logging_mixin.py:137} INFO - [2022-12-23T09:48:00.260+0000] {dagbag.py:538} INFO - Filling up the DagBag from /home/airflow/.local/lib/python3.7/site-packages/airflow/example_dags/example_datasets.py
[2022-12-23T09:48:00.289+0000] {processor.py:753} INFO - DAG(s) dict_keys(['dataset_produces_1', 'dataset_consumes_1', 'dataset_consumes_1_and_2', 'dataset_consumes_unknown_never_scheduled', 'dataset_produces_2', 'dataset_consumes_1_never_scheduled']) retrieved from /home/airflow/.local/lib/python3.7/site-packages/airflow/example_dags/example_datasets.py
[2022-12-23T09:48:00.333+0000] {logging_mixin.py:137} INFO - [2022-12-23T09:48:00.333+0000] {dag.py:2676} INFO - Sync 6 DAGs
[2022-12-23T09:48:00.363+0000] {logging_mixin.py:137} INFO - [2022-12-23T09:48:00.363+0000] {dag.py:3427} INFO - Setting next_dagrun for dataset_consumes_1 to None, run_after=None
[2022-12-23T09:48:00.373+0000] {logging_mixin.py:137} INFO - [2022-12-23T09:48:00.373+0000] {dag.py:3427} INFO - Setting next_dagrun for dataset_consumes_1_and_2 to None, run_after=None
[2022-12-23T09:48:00.376+0000] {logging_mixin.py:137} INFO - [2022-12-23T09:48:00.376+0000] {dag.py:3427} INFO - Setting next_dagrun for dataset_consumes_1_never_scheduled to None, run_after=None
[2022-12-23T09:48:00.379+0000] {logging_mixin.py:137} INFO - [2022-12-23T09:48:00.379+0000] {dag.py:3427} INFO - Setting next_dagrun for dataset_consumes_unknown_never_scheduled to None, run_after=None
[2022-12-23T09:48:00.385+0000] {logging_mixin.py:137} INFO - [2022-12-23T09:48:00.385+0000] {dag.py:3427} INFO - Setting next_dagrun for dataset_produces_1 to 2022-12-22T00:00:00+00:00, run_after=2022-12-23T00:00:00+00:00
[2022-12-23T09:48:00.390+0000] {logging_mixin.py:137} INFO - [2022-12-23T09:48:00.390+0000] {dag.py:3427} INFO - Setting next_dagrun for dataset_produces_2 to None, run_after=None
[2022-12-23T09:48:00.427+0000] {processor.py:175} INFO - Processing /home/airflow/.local/lib/python3.7/site-packages/airflow/example_dags/example_datasets.py took 0.173 seconds
[2022-12-23T09:48:31.327+0000] {processor.py:153} INFO - Started process (PID=854) to work on /home/airflow/.local/lib/python3.7/site-packages/airflow/example_dags/example_datasets.py
[2022-12-23T09:48:31.334+0000] {processor.py:743} INFO - Processing file /home/airflow/.local/lib/python3.7/site-packages/airflow/example_dags/example_datasets.py for tasks to queue
[2022-12-23T09:48:31.338+0000] {logging_mixin.py:137} INFO - [2022-12-23T09:48:31.338+0000] {dagbag.py:538} INFO - Filling up the DagBag from /home/airflow/.local/lib/python3.7/site-packages/airflow/example_dags/example_datasets.py
[2022-12-23T09:48:31.377+0000] {processor.py:753} INFO - DAG(s) dict_keys(['dataset_produces_2', 'dataset_produces_1', 'dataset_consumes_1_never_scheduled', 'dataset_consumes_1_and_2', 'dataset_consumes_unknown_never_scheduled', 'dataset_consumes_1']) retrieved from /home/airflow/.local/lib/python3.7/site-packages/airflow/example_dags/example_datasets.py
[2022-12-23T09:48:31.449+0000] {logging_mixin.py:137} INFO - [2022-12-23T09:48:31.449+0000] {dag.py:2676} INFO - Sync 6 DAGs
[2022-12-23T09:48:31.486+0000] {logging_mixin.py:137} INFO - [2022-12-23T09:48:31.486+0000] {dag.py:3427} INFO - Setting next_dagrun for dataset_consumes_1 to None, run_after=None
[2022-12-23T09:48:31.490+0000] {logging_mixin.py:137} INFO - [2022-12-23T09:48:31.490+0000] {dag.py:3427} INFO - Setting next_dagrun for dataset_consumes_1_and_2 to None, run_after=None
[2022-12-23T09:48:31.498+0000] {logging_mixin.py:137} INFO - [2022-12-23T09:48:31.498+0000] {dag.py:3427} INFO - Setting next_dagrun for dataset_consumes_1_never_scheduled to None, run_after=None
[2022-12-23T09:48:31.509+0000] {logging_mixin.py:137} INFO - [2022-12-23T09:48:31.508+0000] {dag.py:3427} INFO - Setting next_dagrun for dataset_consumes_unknown_never_scheduled to None, run_after=None
[2022-12-23T09:48:31.524+0000] {logging_mixin.py:137} INFO - [2022-12-23T09:48:31.523+0000] {dag.py:3427} INFO - Setting next_dagrun for dataset_produces_1 to 2022-12-22T00:00:00+00:00, run_after=2022-12-23T00:00:00+00:00
[2022-12-23T09:48:31.539+0000] {logging_mixin.py:137} INFO - [2022-12-23T09:48:31.539+0000] {dag.py:3427} INFO - Setting next_dagrun for dataset_produces_2 to None, run_after=None
[2022-12-23T09:48:31.638+0000] {processor.py:175} INFO - Processing /home/airflow/.local/lib/python3.7/site-packages/airflow/example_dags/example_datasets.py took 0.317 seconds
[2022-12-23T09:49:02.208+0000] {processor.py:153} INFO - Started process (PID=919) to work on /home/airflow/.local/lib/python3.7/site-packages/airflow/example_dags/example_datasets.py
[2022-12-23T09:49:02.213+0000] {processor.py:743} INFO - Processing file /home/airflow/.local/lib/python3.7/site-packages/airflow/example_dags/example_datasets.py for tasks to queue
[2022-12-23T09:49:02.219+0000] {logging_mixin.py:137} INFO - [2022-12-23T09:49:02.218+0000] {dagbag.py:538} INFO - Filling up the DagBag from /home/airflow/.local/lib/python3.7/site-packages/airflow/example_dags/example_datasets.py
[2022-12-23T09:49:02.267+0000] {processor.py:753} INFO - DAG(s) dict_keys(['dataset_consumes_unknown_never_scheduled', 'dataset_produces_2', 'dataset_consumes_1_and_2', 'dataset_consumes_1', 'dataset_produces_1', 'dataset_consumes_1_never_scheduled']) retrieved from /home/airflow/.local/lib/python3.7/site-packages/airflow/example_dags/example_datasets.py
[2022-12-23T09:49:02.364+0000] {logging_mixin.py:137} INFO - [2022-12-23T09:49:02.364+0000] {dag.py:2676} INFO - Sync 6 DAGs
[2022-12-23T09:49:02.430+0000] {logging_mixin.py:137} INFO - [2022-12-23T09:49:02.429+0000] {dag.py:3427} INFO - Setting next_dagrun for dataset_consumes_1 to None, run_after=None
[2022-12-23T09:49:02.463+0000] {logging_mixin.py:137} INFO - [2022-12-23T09:49:02.462+0000] {dag.py:3427} INFO - Setting next_dagrun for dataset_consumes_1_and_2 to None, run_after=None
[2022-12-23T09:49:02.471+0000] {logging_mixin.py:137} INFO - [2022-12-23T09:49:02.471+0000] {dag.py:3427} INFO - Setting next_dagrun for dataset_consumes_1_never_scheduled to None, run_after=None
[2022-12-23T09:49:02.475+0000] {logging_mixin.py:137} INFO - [2022-12-23T09:49:02.474+0000] {dag.py:3427} INFO - Setting next_dagrun for dataset_consumes_unknown_never_scheduled to None, run_after=None
[2022-12-23T09:49:02.478+0000] {logging_mixin.py:137} INFO - [2022-12-23T09:49:02.478+0000] {dag.py:3427} INFO - Setting next_dagrun for dataset_produces_1 to 2022-12-22T00:00:00+00:00, run_after=2022-12-23T00:00:00+00:00
[2022-12-23T09:49:02.482+0000] {logging_mixin.py:137} INFO - [2022-12-23T09:49:02.482+0000] {dag.py:3427} INFO - Setting next_dagrun for dataset_produces_2 to None, run_after=None
[2022-12-23T09:49:02.663+0000] {processor.py:175} INFO - Processing /home/airflow/.local/lib/python3.7/site-packages/airflow/example_dags/example_datasets.py took 0.463 seconds
[2022-12-23T09:49:32.766+0000] {processor.py:153} INFO - Started process (PID=985) to work on /home/airflow/.local/lib/python3.7/site-packages/airflow/example_dags/example_datasets.py
[2022-12-23T09:49:32.774+0000] {processor.py:743} INFO - Processing file /home/airflow/.local/lib/python3.7/site-packages/airflow/example_dags/example_datasets.py for tasks to queue
[2022-12-23T09:49:32.779+0000] {logging_mixin.py:137} INFO - [2022-12-23T09:49:32.779+0000] {dagbag.py:538} INFO - Filling up the DagBag from /home/airflow/.local/lib/python3.7/site-packages/airflow/example_dags/example_datasets.py
[2022-12-23T09:49:32.816+0000] {processor.py:753} INFO - DAG(s) dict_keys(['dataset_produces_1', 'dataset_produces_2', 'dataset_consumes_1', 'dataset_consumes_1_and_2', 'dataset_consumes_unknown_never_scheduled', 'dataset_consumes_1_never_scheduled']) retrieved from /home/airflow/.local/lib/python3.7/site-packages/airflow/example_dags/example_datasets.py
[2022-12-23T09:49:32.891+0000] {logging_mixin.py:137} INFO - [2022-12-23T09:49:32.890+0000] {dag.py:2676} INFO - Sync 6 DAGs
[2022-12-23T09:49:32.925+0000] {logging_mixin.py:137} INFO - [2022-12-23T09:49:32.924+0000] {dag.py:3427} INFO - Setting next_dagrun for dataset_consumes_1 to None, run_after=None
[2022-12-23T09:49:32.930+0000] {logging_mixin.py:137} INFO - [2022-12-23T09:49:32.930+0000] {dag.py:3427} INFO - Setting next_dagrun for dataset_consumes_1_and_2 to None, run_after=None
[2022-12-23T09:49:32.936+0000] {logging_mixin.py:137} INFO - [2022-12-23T09:49:32.935+0000] {dag.py:3427} INFO - Setting next_dagrun for dataset_consumes_1_never_scheduled to None, run_after=None
[2022-12-23T09:49:32.945+0000] {logging_mixin.py:137} INFO - [2022-12-23T09:49:32.944+0000] {dag.py:3427} INFO - Setting next_dagrun for dataset_consumes_unknown_never_scheduled to None, run_after=None
[2022-12-23T09:49:33.068+0000] {logging_mixin.py:137} INFO - [2022-12-23T09:49:33.068+0000] {dag.py:3427} INFO - Setting next_dagrun for dataset_produces_1 to 2022-12-22T00:00:00+00:00, run_after=2022-12-23T00:00:00+00:00
[2022-12-23T09:49:33.092+0000] {logging_mixin.py:137} INFO - [2022-12-23T09:49:33.092+0000] {dag.py:3427} INFO - Setting next_dagrun for dataset_produces_2 to None, run_after=None
[2022-12-23T09:49:33.296+0000] {processor.py:175} INFO - Processing /home/airflow/.local/lib/python3.7/site-packages/airflow/example_dags/example_datasets.py took 0.539 seconds
[2022-12-23T09:50:06.559+0000] {processor.py:153} INFO - Started process (PID=1049) to work on /home/airflow/.local/lib/python3.7/site-packages/airflow/example_dags/example_datasets.py
[2022-12-23T09:50:06.574+0000] {processor.py:743} INFO - Processing file /home/airflow/.local/lib/python3.7/site-packages/airflow/example_dags/example_datasets.py for tasks to queue
[2022-12-23T09:50:06.580+0000] {logging_mixin.py:137} INFO - [2022-12-23T09:50:06.579+0000] {dagbag.py:538} INFO - Filling up the DagBag from /home/airflow/.local/lib/python3.7/site-packages/airflow/example_dags/example_datasets.py
[2022-12-23T09:50:06.723+0000] {processor.py:753} INFO - DAG(s) dict_keys(['dataset_consumes_1', 'dataset_consumes_1_and_2', 'dataset_produces_2', 'dataset_produces_1', 'dataset_consumes_1_never_scheduled', 'dataset_consumes_unknown_never_scheduled']) retrieved from /home/airflow/.local/lib/python3.7/site-packages/airflow/example_dags/example_datasets.py
[2022-12-23T09:50:06.900+0000] {logging_mixin.py:137} INFO - [2022-12-23T09:50:06.898+0000] {dag.py:2676} INFO - Sync 6 DAGs
[2022-12-23T09:50:06.951+0000] {logging_mixin.py:137} INFO - [2022-12-23T09:50:06.951+0000] {dag.py:3427} INFO - Setting next_dagrun for dataset_consumes_1 to None, run_after=None
[2022-12-23T09:50:06.963+0000] {logging_mixin.py:137} INFO - [2022-12-23T09:50:06.963+0000] {dag.py:3427} INFO - Setting next_dagrun for dataset_consumes_1_and_2 to None, run_after=None
[2022-12-23T09:50:06.968+0000] {logging_mixin.py:137} INFO - [2022-12-23T09:50:06.968+0000] {dag.py:3427} INFO - Setting next_dagrun for dataset_consumes_1_never_scheduled to None, run_after=None
[2022-12-23T09:50:06.975+0000] {logging_mixin.py:137} INFO - [2022-12-23T09:50:06.975+0000] {dag.py:3427} INFO - Setting next_dagrun for dataset_consumes_unknown_never_scheduled to None, run_after=None
[2022-12-23T09:50:06.981+0000] {logging_mixin.py:137} INFO - [2022-12-23T09:50:06.981+0000] {dag.py:3427} INFO - Setting next_dagrun for dataset_produces_1 to 2022-12-22T00:00:00+00:00, run_after=2022-12-23T00:00:00+00:00
[2022-12-23T09:50:06.986+0000] {logging_mixin.py:137} INFO - [2022-12-23T09:50:06.986+0000] {dag.py:3427} INFO - Setting next_dagrun for dataset_produces_2 to None, run_after=None
[2022-12-23T09:50:07.134+0000] {processor.py:175} INFO - Processing /home/airflow/.local/lib/python3.7/site-packages/airflow/example_dags/example_datasets.py took 0.605 seconds
[2022-12-23T09:50:37.547+0000] {processor.py:153} INFO - Started process (PID=1111) to work on /home/airflow/.local/lib/python3.7/site-packages/airflow/example_dags/example_datasets.py
[2022-12-23T09:50:37.552+0000] {processor.py:743} INFO - Processing file /home/airflow/.local/lib/python3.7/site-packages/airflow/example_dags/example_datasets.py for tasks to queue
[2022-12-23T09:50:37.562+0000] {logging_mixin.py:137} INFO - [2022-12-23T09:50:37.562+0000] {dagbag.py:538} INFO - Filling up the DagBag from /home/airflow/.local/lib/python3.7/site-packages/airflow/example_dags/example_datasets.py
[2022-12-23T09:50:37.614+0000] {processor.py:753} INFO - DAG(s) dict_keys(['dataset_consumes_unknown_never_scheduled', 'dataset_produces_1', 'dataset_consumes_1', 'dataset_consumes_1_never_scheduled', 'dataset_produces_2', 'dataset_consumes_1_and_2']) retrieved from /home/airflow/.local/lib/python3.7/site-packages/airflow/example_dags/example_datasets.py
[2022-12-23T09:50:37.711+0000] {logging_mixin.py:137} INFO - [2022-12-23T09:50:37.711+0000] {dag.py:2676} INFO - Sync 6 DAGs
[2022-12-23T09:50:37.763+0000] {logging_mixin.py:137} INFO - [2022-12-23T09:50:37.763+0000] {dag.py:3427} INFO - Setting next_dagrun for dataset_consumes_1 to None, run_after=None
[2022-12-23T09:50:37.801+0000] {logging_mixin.py:137} INFO - [2022-12-23T09:50:37.799+0000] {dag.py:3427} INFO - Setting next_dagrun for dataset_consumes_1_and_2 to None, run_after=None
[2022-12-23T09:50:37.808+0000] {logging_mixin.py:137} INFO - [2022-12-23T09:50:37.808+0000] {dag.py:3427} INFO - Setting next_dagrun for dataset_consumes_1_never_scheduled to None, run_after=None
[2022-12-23T09:50:37.815+0000] {logging_mixin.py:137} INFO - [2022-12-23T09:50:37.814+0000] {dag.py:3427} INFO - Setting next_dagrun for dataset_consumes_unknown_never_scheduled to None, run_after=None
[2022-12-23T09:50:37.827+0000] {logging_mixin.py:137} INFO - [2022-12-23T09:50:37.827+0000] {dag.py:3427} INFO - Setting next_dagrun for dataset_produces_1 to 2022-12-22T00:00:00+00:00, run_after=2022-12-23T00:00:00+00:00
[2022-12-23T09:50:37.836+0000] {logging_mixin.py:137} INFO - [2022-12-23T09:50:37.836+0000] {dag.py:3427} INFO - Setting next_dagrun for dataset_produces_2 to None, run_after=None
[2022-12-23T09:50:37.875+0000] {processor.py:175} INFO - Processing /home/airflow/.local/lib/python3.7/site-packages/airflow/example_dags/example_datasets.py took 0.336 seconds
[2022-12-23T09:51:08.889+0000] {processor.py:153} INFO - Started process (PID=1175) to work on /home/airflow/.local/lib/python3.7/site-packages/airflow/example_dags/example_datasets.py
[2022-12-23T09:51:08.894+0000] {processor.py:743} INFO - Processing file /home/airflow/.local/lib/python3.7/site-packages/airflow/example_dags/example_datasets.py for tasks to queue
[2022-12-23T09:51:08.896+0000] {logging_mixin.py:137} INFO - [2022-12-23T09:51:08.896+0000] {dagbag.py:538} INFO - Filling up the DagBag from /home/airflow/.local/lib/python3.7/site-packages/airflow/example_dags/example_datasets.py
[2022-12-23T09:51:08.951+0000] {processor.py:753} INFO - DAG(s) dict_keys(['dataset_consumes_unknown_never_scheduled', 'dataset_consumes_1_never_scheduled', 'dataset_produces_1', 'dataset_consumes_1', 'dataset_consumes_1_and_2', 'dataset_produces_2']) retrieved from /home/airflow/.local/lib/python3.7/site-packages/airflow/example_dags/example_datasets.py
[2022-12-23T09:51:09.125+0000] {logging_mixin.py:137} INFO - [2022-12-23T09:51:09.125+0000] {dag.py:2676} INFO - Sync 6 DAGs
[2022-12-23T09:51:09.266+0000] {logging_mixin.py:137} INFO - [2022-12-23T09:51:09.266+0000] {dag.py:3427} INFO - Setting next_dagrun for dataset_consumes_1 to None, run_after=None
[2022-12-23T09:51:09.286+0000] {logging_mixin.py:137} INFO - [2022-12-23T09:51:09.286+0000] {dag.py:3427} INFO - Setting next_dagrun for dataset_consumes_1_and_2 to None, run_after=None
[2022-12-23T09:51:09.290+0000] {logging_mixin.py:137} INFO - [2022-12-23T09:51:09.290+0000] {dag.py:3427} INFO - Setting next_dagrun for dataset_consumes_1_never_scheduled to None, run_after=None
[2022-12-23T09:51:09.295+0000] {logging_mixin.py:137} INFO - [2022-12-23T09:51:09.294+0000] {dag.py:3427} INFO - Setting next_dagrun for dataset_consumes_unknown_never_scheduled to None, run_after=None
[2022-12-23T09:51:09.306+0000] {logging_mixin.py:137} INFO - [2022-12-23T09:51:09.306+0000] {dag.py:3427} INFO - Setting next_dagrun for dataset_produces_1 to 2022-12-22T00:00:00+00:00, run_after=2022-12-23T00:00:00+00:00
[2022-12-23T09:51:09.310+0000] {logging_mixin.py:137} INFO - [2022-12-23T09:51:09.310+0000] {dag.py:3427} INFO - Setting next_dagrun for dataset_produces_2 to None, run_after=None
[2022-12-23T09:51:09.421+0000] {processor.py:175} INFO - Processing /home/airflow/.local/lib/python3.7/site-packages/airflow/example_dags/example_datasets.py took 0.549 seconds
[2022-12-23T09:51:39.625+0000] {processor.py:153} INFO - Started process (PID=1239) to work on /home/airflow/.local/lib/python3.7/site-packages/airflow/example_dags/example_datasets.py
[2022-12-23T09:51:39.631+0000] {processor.py:743} INFO - Processing file /home/airflow/.local/lib/python3.7/site-packages/airflow/example_dags/example_datasets.py for tasks to queue
[2022-12-23T09:51:39.635+0000] {logging_mixin.py:137} INFO - [2022-12-23T09:51:39.635+0000] {dagbag.py:538} INFO - Filling up the DagBag from /home/airflow/.local/lib/python3.7/site-packages/airflow/example_dags/example_datasets.py
[2022-12-23T09:51:39.672+0000] {processor.py:753} INFO - DAG(s) dict_keys(['dataset_consumes_1_and_2', 'dataset_consumes_unknown_never_scheduled', 'dataset_produces_2', 'dataset_consumes_1', 'dataset_consumes_1_never_scheduled', 'dataset_produces_1']) retrieved from /home/airflow/.local/lib/python3.7/site-packages/airflow/example_dags/example_datasets.py
[2022-12-23T09:51:39.739+0000] {logging_mixin.py:137} INFO - [2022-12-23T09:51:39.739+0000] {dag.py:2676} INFO - Sync 6 DAGs
[2022-12-23T09:51:39.774+0000] {logging_mixin.py:137} INFO - [2022-12-23T09:51:39.774+0000] {dag.py:3427} INFO - Setting next_dagrun for dataset_consumes_1 to None, run_after=None
[2022-12-23T09:51:39.781+0000] {logging_mixin.py:137} INFO - [2022-12-23T09:51:39.781+0000] {dag.py:3427} INFO - Setting next_dagrun for dataset_consumes_1_and_2 to None, run_after=None
[2022-12-23T09:51:39.785+0000] {logging_mixin.py:137} INFO - [2022-12-23T09:51:39.785+0000] {dag.py:3427} INFO - Setting next_dagrun for dataset_consumes_1_never_scheduled to None, run_after=None
[2022-12-23T09:51:39.788+0000] {logging_mixin.py:137} INFO - [2022-12-23T09:51:39.788+0000] {dag.py:3427} INFO - Setting next_dagrun for dataset_consumes_unknown_never_scheduled to None, run_after=None
[2022-12-23T09:51:39.792+0000] {logging_mixin.py:137} INFO - [2022-12-23T09:51:39.792+0000] {dag.py:3427} INFO - Setting next_dagrun for dataset_produces_1 to 2022-12-22T00:00:00+00:00, run_after=2022-12-23T00:00:00+00:00
[2022-12-23T09:51:39.794+0000] {logging_mixin.py:137} INFO - [2022-12-23T09:51:39.794+0000] {dag.py:3427} INFO - Setting next_dagrun for dataset_produces_2 to None, run_after=None
[2022-12-23T09:51:39.837+0000] {processor.py:175} INFO - Processing /home/airflow/.local/lib/python3.7/site-packages/airflow/example_dags/example_datasets.py took 0.221 seconds
[2022-12-23T09:52:10.156+0000] {processor.py:153} INFO - Started process (PID=1301) to work on /home/airflow/.local/lib/python3.7/site-packages/airflow/example_dags/example_datasets.py
[2022-12-23T09:52:10.162+0000] {processor.py:743} INFO - Processing file /home/airflow/.local/lib/python3.7/site-packages/airflow/example_dags/example_datasets.py for tasks to queue
[2022-12-23T09:52:10.168+0000] {logging_mixin.py:137} INFO - [2022-12-23T09:52:10.168+0000] {dagbag.py:538} INFO - Filling up the DagBag from /home/airflow/.local/lib/python3.7/site-packages/airflow/example_dags/example_datasets.py
[2022-12-23T09:52:10.206+0000] {processor.py:753} INFO - DAG(s) dict_keys(['dataset_produces_2', 'dataset_consumes_1', 'dataset_produces_1', 'dataset_consumes_unknown_never_scheduled', 'dataset_consumes_1_never_scheduled', 'dataset_consumes_1_and_2']) retrieved from /home/airflow/.local/lib/python3.7/site-packages/airflow/example_dags/example_datasets.py
[2022-12-23T09:52:10.269+0000] {logging_mixin.py:137} INFO - [2022-12-23T09:52:10.268+0000] {dag.py:2676} INFO - Sync 6 DAGs
[2022-12-23T09:52:10.288+0000] {logging_mixin.py:137} INFO - [2022-12-23T09:52:10.288+0000] {dag.py:3427} INFO - Setting next_dagrun for dataset_consumes_1 to None, run_after=None
[2022-12-23T09:52:10.292+0000] {logging_mixin.py:137} INFO - [2022-12-23T09:52:10.292+0000] {dag.py:3427} INFO - Setting next_dagrun for dataset_consumes_1_and_2 to None, run_after=None
[2022-12-23T09:52:10.293+0000] {logging_mixin.py:137} INFO - [2022-12-23T09:52:10.293+0000] {dag.py:3427} INFO - Setting next_dagrun for dataset_consumes_1_never_scheduled to None, run_after=None
[2022-12-23T09:52:10.295+0000] {logging_mixin.py:137} INFO - [2022-12-23T09:52:10.295+0000] {dag.py:3427} INFO - Setting next_dagrun for dataset_consumes_unknown_never_scheduled to None, run_after=None
[2022-12-23T09:52:10.301+0000] {logging_mixin.py:137} INFO - [2022-12-23T09:52:10.301+0000] {dag.py:3427} INFO - Setting next_dagrun for dataset_produces_1 to 2022-12-22T00:00:00+00:00, run_after=2022-12-23T00:00:00+00:00
[2022-12-23T09:52:10.305+0000] {logging_mixin.py:137} INFO - [2022-12-23T09:52:10.305+0000] {dag.py:3427} INFO - Setting next_dagrun for dataset_produces_2 to None, run_after=None
[2022-12-23T09:52:10.340+0000] {processor.py:175} INFO - Processing /home/airflow/.local/lib/python3.7/site-packages/airflow/example_dags/example_datasets.py took 0.198 seconds
[2022-12-23T09:52:40.636+0000] {processor.py:153} INFO - Started process (PID=1378) to work on /home/airflow/.local/lib/python3.7/site-packages/airflow/example_dags/example_datasets.py
[2022-12-23T09:52:40.640+0000] {processor.py:743} INFO - Processing file /home/airflow/.local/lib/python3.7/site-packages/airflow/example_dags/example_datasets.py for tasks to queue
[2022-12-23T09:52:40.642+0000] {logging_mixin.py:137} INFO - [2022-12-23T09:52:40.642+0000] {dagbag.py:538} INFO - Filling up the DagBag from /home/airflow/.local/lib/python3.7/site-packages/airflow/example_dags/example_datasets.py
[2022-12-23T09:52:40.666+0000] {processor.py:753} INFO - DAG(s) dict_keys(['dataset_consumes_1_never_scheduled', 'dataset_produces_1', 'dataset_produces_2', 'dataset_consumes_1', 'dataset_consumes_1_and_2', 'dataset_consumes_unknown_never_scheduled']) retrieved from /home/airflow/.local/lib/python3.7/site-packages/airflow/example_dags/example_datasets.py
[2022-12-23T09:52:40.725+0000] {logging_mixin.py:137} INFO - [2022-12-23T09:52:40.725+0000] {dag.py:2676} INFO - Sync 6 DAGs
[2022-12-23T09:52:40.749+0000] {logging_mixin.py:137} INFO - [2022-12-23T09:52:40.749+0000] {dag.py:3427} INFO - Setting next_dagrun for dataset_consumes_1 to None, run_after=None
[2022-12-23T09:52:40.754+0000] {logging_mixin.py:137} INFO - [2022-12-23T09:52:40.754+0000] {dag.py:3427} INFO - Setting next_dagrun for dataset_consumes_1_and_2 to None, run_after=None
[2022-12-23T09:52:40.757+0000] {logging_mixin.py:137} INFO - [2022-12-23T09:52:40.757+0000] {dag.py:3427} INFO - Setting next_dagrun for dataset_consumes_1_never_scheduled to None, run_after=None
[2022-12-23T09:52:40.761+0000] {logging_mixin.py:137} INFO - [2022-12-23T09:52:40.761+0000] {dag.py:3427} INFO - Setting next_dagrun for dataset_consumes_unknown_never_scheduled to None, run_after=None
[2022-12-23T09:52:40.770+0000] {logging_mixin.py:137} INFO - [2022-12-23T09:52:40.770+0000] {dag.py:3427} INFO - Setting next_dagrun for dataset_produces_1 to 2022-12-22T00:00:00+00:00, run_after=2022-12-23T00:00:00+00:00
[2022-12-23T09:52:40.776+0000] {logging_mixin.py:137} INFO - [2022-12-23T09:52:40.775+0000] {dag.py:3427} INFO - Setting next_dagrun for dataset_produces_2 to None, run_after=None
[2022-12-23T09:52:40.817+0000] {processor.py:175} INFO - Processing /home/airflow/.local/lib/python3.7/site-packages/airflow/example_dags/example_datasets.py took 0.185 seconds
[2022-12-23T09:53:10.980+0000] {processor.py:153} INFO - Started process (PID=1441) to work on /home/airflow/.local/lib/python3.7/site-packages/airflow/example_dags/example_datasets.py
[2022-12-23T09:53:10.986+0000] {processor.py:743} INFO - Processing file /home/airflow/.local/lib/python3.7/site-packages/airflow/example_dags/example_datasets.py for tasks to queue
[2022-12-23T09:53:10.988+0000] {logging_mixin.py:137} INFO - [2022-12-23T09:53:10.988+0000] {dagbag.py:538} INFO - Filling up the DagBag from /home/airflow/.local/lib/python3.7/site-packages/airflow/example_dags/example_datasets.py
[2022-12-23T09:53:11.018+0000] {processor.py:753} INFO - DAG(s) dict_keys(['dataset_consumes_unknown_never_scheduled', 'dataset_consumes_1_never_scheduled', 'dataset_produces_2', 'dataset_consumes_1', 'dataset_consumes_1_and_2', 'dataset_produces_1']) retrieved from /home/airflow/.local/lib/python3.7/site-packages/airflow/example_dags/example_datasets.py
[2022-12-23T09:53:11.110+0000] {logging_mixin.py:137} INFO - [2022-12-23T09:53:11.110+0000] {dag.py:2676} INFO - Sync 6 DAGs
[2022-12-23T09:53:11.139+0000] {logging_mixin.py:137} INFO - [2022-12-23T09:53:11.139+0000] {dag.py:3427} INFO - Setting next_dagrun for dataset_consumes_1 to None, run_after=None
[2022-12-23T09:53:11.144+0000] {logging_mixin.py:137} INFO - [2022-12-23T09:53:11.144+0000] {dag.py:3427} INFO - Setting next_dagrun for dataset_consumes_1_and_2 to None, run_after=None
[2022-12-23T09:53:11.149+0000] {logging_mixin.py:137} INFO - [2022-12-23T09:53:11.149+0000] {dag.py:3427} INFO - Setting next_dagrun for dataset_consumes_1_never_scheduled to None, run_after=None
[2022-12-23T09:53:11.153+0000] {logging_mixin.py:137} INFO - [2022-12-23T09:53:11.153+0000] {dag.py:3427} INFO - Setting next_dagrun for dataset_consumes_unknown_never_scheduled to None, run_after=None
[2022-12-23T09:53:11.166+0000] {logging_mixin.py:137} INFO - [2022-12-23T09:53:11.166+0000] {dag.py:3427} INFO - Setting next_dagrun for dataset_produces_1 to 2022-12-22T00:00:00+00:00, run_after=2022-12-23T00:00:00+00:00
[2022-12-23T09:53:11.172+0000] {logging_mixin.py:137} INFO - [2022-12-23T09:53:11.172+0000] {dag.py:3427} INFO - Setting next_dagrun for dataset_produces_2 to None, run_after=None
[2022-12-23T09:53:11.222+0000] {processor.py:175} INFO - Processing /home/airflow/.local/lib/python3.7/site-packages/airflow/example_dags/example_datasets.py took 0.258 seconds
[2022-12-23T09:53:41.823+0000] {processor.py:153} INFO - Started process (PID=1502) to work on /home/airflow/.local/lib/python3.7/site-packages/airflow/example_dags/example_datasets.py
[2022-12-23T09:53:41.842+0000] {processor.py:743} INFO - Processing file /home/airflow/.local/lib/python3.7/site-packages/airflow/example_dags/example_datasets.py for tasks to queue
[2022-12-23T09:53:41.860+0000] {logging_mixin.py:137} INFO - [2022-12-23T09:53:41.858+0000] {dagbag.py:538} INFO - Filling up the DagBag from /home/airflow/.local/lib/python3.7/site-packages/airflow/example_dags/example_datasets.py
[2022-12-23T09:53:42.205+0000] {processor.py:753} INFO - DAG(s) dict_keys(['dataset_consumes_1_and_2', 'dataset_produces_1', 'dataset_consumes_unknown_never_scheduled', 'dataset_produces_2', 'dataset_consumes_1', 'dataset_consumes_1_never_scheduled']) retrieved from /home/airflow/.local/lib/python3.7/site-packages/airflow/example_dags/example_datasets.py
[2022-12-23T09:53:42.453+0000] {logging_mixin.py:137} INFO - [2022-12-23T09:53:42.453+0000] {dag.py:2676} INFO - Sync 6 DAGs
[2022-12-23T09:53:42.518+0000] {logging_mixin.py:137} INFO - [2022-12-23T09:53:42.518+0000] {dag.py:3427} INFO - Setting next_dagrun for dataset_consumes_1 to None, run_after=None
[2022-12-23T09:53:42.538+0000] {logging_mixin.py:137} INFO - [2022-12-23T09:53:42.538+0000] {dag.py:3427} INFO - Setting next_dagrun for dataset_consumes_1_and_2 to None, run_after=None
[2022-12-23T09:53:42.550+0000] {logging_mixin.py:137} INFO - [2022-12-23T09:53:42.550+0000] {dag.py:3427} INFO - Setting next_dagrun for dataset_consumes_1_never_scheduled to None, run_after=None
[2022-12-23T09:53:42.558+0000] {logging_mixin.py:137} INFO - [2022-12-23T09:53:42.558+0000] {dag.py:3427} INFO - Setting next_dagrun for dataset_consumes_unknown_never_scheduled to None, run_after=None
[2022-12-23T09:53:42.587+0000] {logging_mixin.py:137} INFO - [2022-12-23T09:53:42.586+0000] {dag.py:3427} INFO - Setting next_dagrun for dataset_produces_1 to 2022-12-22T00:00:00+00:00, run_after=2022-12-23T00:00:00+00:00
[2022-12-23T09:53:42.599+0000] {logging_mixin.py:137} INFO - [2022-12-23T09:53:42.598+0000] {dag.py:3427} INFO - Setting next_dagrun for dataset_produces_2 to None, run_after=None
[2022-12-23T09:53:42.717+0000] {processor.py:175} INFO - Processing /home/airflow/.local/lib/python3.7/site-packages/airflow/example_dags/example_datasets.py took 0.993 seconds
[2022-12-23T09:54:13.868+0000] {processor.py:153} INFO - Started process (PID=1574) to work on /home/airflow/.local/lib/python3.7/site-packages/airflow/example_dags/example_datasets.py
[2022-12-23T09:54:13.872+0000] {processor.py:743} INFO - Processing file /home/airflow/.local/lib/python3.7/site-packages/airflow/example_dags/example_datasets.py for tasks to queue
[2022-12-23T09:54:13.875+0000] {logging_mixin.py:137} INFO - [2022-12-23T09:54:13.875+0000] {dagbag.py:538} INFO - Filling up the DagBag from /home/airflow/.local/lib/python3.7/site-packages/airflow/example_dags/example_datasets.py
[2022-12-23T09:54:13.951+0000] {processor.py:753} INFO - DAG(s) dict_keys(['dataset_produces_2', 'dataset_consumes_1_never_scheduled', 'dataset_consumes_unknown_never_scheduled', 'dataset_produces_1', 'dataset_consumes_1_and_2', 'dataset_consumes_1']) retrieved from /home/airflow/.local/lib/python3.7/site-packages/airflow/example_dags/example_datasets.py
[2022-12-23T09:54:14.063+0000] {logging_mixin.py:137} INFO - [2022-12-23T09:54:14.063+0000] {dag.py:2676} INFO - Sync 6 DAGs
[2022-12-23T09:54:14.105+0000] {logging_mixin.py:137} INFO - [2022-12-23T09:54:14.105+0000] {dag.py:3427} INFO - Setting next_dagrun for dataset_consumes_1 to None, run_after=None
[2022-12-23T09:54:14.123+0000] {logging_mixin.py:137} INFO - [2022-12-23T09:54:14.123+0000] {dag.py:3427} INFO - Setting next_dagrun for dataset_consumes_1_and_2 to None, run_after=None
[2022-12-23T09:54:14.131+0000] {logging_mixin.py:137} INFO - [2022-12-23T09:54:14.130+0000] {dag.py:3427} INFO - Setting next_dagrun for dataset_consumes_1_never_scheduled to None, run_after=None
[2022-12-23T09:54:14.142+0000] {logging_mixin.py:137} INFO - [2022-12-23T09:54:14.142+0000] {dag.py:3427} INFO - Setting next_dagrun for dataset_consumes_unknown_never_scheduled to None, run_after=None
[2022-12-23T09:54:14.148+0000] {logging_mixin.py:137} INFO - [2022-12-23T09:54:14.148+0000] {dag.py:3427} INFO - Setting next_dagrun for dataset_produces_1 to 2022-12-22T00:00:00+00:00, run_after=2022-12-23T00:00:00+00:00
[2022-12-23T09:54:14.152+0000] {logging_mixin.py:137} INFO - [2022-12-23T09:54:14.152+0000] {dag.py:3427} INFO - Setting next_dagrun for dataset_produces_2 to None, run_after=None
[2022-12-23T09:54:14.320+0000] {processor.py:175} INFO - Processing /home/airflow/.local/lib/python3.7/site-packages/airflow/example_dags/example_datasets.py took 0.457 seconds
[2022-12-23T09:54:44.393+0000] {processor.py:153} INFO - Started process (PID=1641) to work on /home/airflow/.local/lib/python3.7/site-packages/airflow/example_dags/example_datasets.py
[2022-12-23T09:54:44.396+0000] {processor.py:743} INFO - Processing file /home/airflow/.local/lib/python3.7/site-packages/airflow/example_dags/example_datasets.py for tasks to queue
[2022-12-23T09:54:44.400+0000] {logging_mixin.py:137} INFO - [2022-12-23T09:54:44.399+0000] {dagbag.py:538} INFO - Filling up the DagBag from /home/airflow/.local/lib/python3.7/site-packages/airflow/example_dags/example_datasets.py
[2022-12-23T09:54:44.416+0000] {processor.py:753} INFO - DAG(s) dict_keys(['dataset_produces_1', 'dataset_consumes_1_and_2', 'dataset_consumes_unknown_never_scheduled', 'dataset_consumes_1', 'dataset_produces_2', 'dataset_consumes_1_never_scheduled']) retrieved from /home/airflow/.local/lib/python3.7/site-packages/airflow/example_dags/example_datasets.py
[2022-12-23T09:54:44.472+0000] {logging_mixin.py:137} INFO - [2022-12-23T09:54:44.472+0000] {dag.py:2676} INFO - Sync 6 DAGs
[2022-12-23T09:54:44.499+0000] {logging_mixin.py:137} INFO - [2022-12-23T09:54:44.498+0000] {dag.py:3427} INFO - Setting next_dagrun for dataset_consumes_1 to None, run_after=None
[2022-12-23T09:54:44.504+0000] {logging_mixin.py:137} INFO - [2022-12-23T09:54:44.504+0000] {dag.py:3427} INFO - Setting next_dagrun for dataset_consumes_1_and_2 to None, run_after=None
[2022-12-23T09:54:44.507+0000] {logging_mixin.py:137} INFO - [2022-12-23T09:54:44.507+0000] {dag.py:3427} INFO - Setting next_dagrun for dataset_consumes_1_never_scheduled to None, run_after=None
[2022-12-23T09:54:44.511+0000] {logging_mixin.py:137} INFO - [2022-12-23T09:54:44.511+0000] {dag.py:3427} INFO - Setting next_dagrun for dataset_consumes_unknown_never_scheduled to None, run_after=None
[2022-12-23T09:54:44.515+0000] {logging_mixin.py:137} INFO - [2022-12-23T09:54:44.515+0000] {dag.py:3427} INFO - Setting next_dagrun for dataset_produces_1 to 2022-12-22T00:00:00+00:00, run_after=2022-12-23T00:00:00+00:00
[2022-12-23T09:54:44.517+0000] {logging_mixin.py:137} INFO - [2022-12-23T09:54:44.517+0000] {dag.py:3427} INFO - Setting next_dagrun for dataset_produces_2 to None, run_after=None
[2022-12-23T09:54:44.542+0000] {processor.py:175} INFO - Processing /home/airflow/.local/lib/python3.7/site-packages/airflow/example_dags/example_datasets.py took 0.152 seconds
[2022-12-23T09:55:15.542+0000] {processor.py:153} INFO - Started process (PID=1703) to work on /home/airflow/.local/lib/python3.7/site-packages/airflow/example_dags/example_datasets.py
[2022-12-23T09:55:15.545+0000] {processor.py:743} INFO - Processing file /home/airflow/.local/lib/python3.7/site-packages/airflow/example_dags/example_datasets.py for tasks to queue
[2022-12-23T09:55:15.547+0000] {logging_mixin.py:137} INFO - [2022-12-23T09:55:15.547+0000] {dagbag.py:538} INFO - Filling up the DagBag from /home/airflow/.local/lib/python3.7/site-packages/airflow/example_dags/example_datasets.py
[2022-12-23T09:55:15.566+0000] {processor.py:753} INFO - DAG(s) dict_keys(['dataset_consumes_1', 'dataset_consumes_1_never_scheduled', 'dataset_consumes_unknown_never_scheduled', 'dataset_consumes_1_and_2', 'dataset_produces_1', 'dataset_produces_2']) retrieved from /home/airflow/.local/lib/python3.7/site-packages/airflow/example_dags/example_datasets.py
[2022-12-23T09:55:15.616+0000] {logging_mixin.py:137} INFO - [2022-12-23T09:55:15.616+0000] {dag.py:2676} INFO - Sync 6 DAGs
[2022-12-23T09:55:15.641+0000] {logging_mixin.py:137} INFO - [2022-12-23T09:55:15.641+0000] {dag.py:3427} INFO - Setting next_dagrun for dataset_consumes_1 to None, run_after=None
[2022-12-23T09:55:15.646+0000] {logging_mixin.py:137} INFO - [2022-12-23T09:55:15.646+0000] {dag.py:3427} INFO - Setting next_dagrun for dataset_consumes_1_and_2 to None, run_after=None
[2022-12-23T09:55:15.650+0000] {logging_mixin.py:137} INFO - [2022-12-23T09:55:15.649+0000] {dag.py:3427} INFO - Setting next_dagrun for dataset_consumes_1_never_scheduled to None, run_after=None
[2022-12-23T09:55:15.653+0000] {logging_mixin.py:137} INFO - [2022-12-23T09:55:15.653+0000] {dag.py:3427} INFO - Setting next_dagrun for dataset_consumes_unknown_never_scheduled to None, run_after=None
[2022-12-23T09:55:15.657+0000] {logging_mixin.py:137} INFO - [2022-12-23T09:55:15.657+0000] {dag.py:3427} INFO - Setting next_dagrun for dataset_produces_1 to 2022-12-22T00:00:00+00:00, run_after=2022-12-23T00:00:00+00:00
[2022-12-23T09:55:15.660+0000] {logging_mixin.py:137} INFO - [2022-12-23T09:55:15.659+0000] {dag.py:3427} INFO - Setting next_dagrun for dataset_produces_2 to None, run_after=None
[2022-12-23T09:55:15.695+0000] {processor.py:175} INFO - Processing /home/airflow/.local/lib/python3.7/site-packages/airflow/example_dags/example_datasets.py took 0.160 seconds
[2022-12-23T09:55:46.152+0000] {processor.py:153} INFO - Started process (PID=1766) to work on /home/airflow/.local/lib/python3.7/site-packages/airflow/example_dags/example_datasets.py
[2022-12-23T09:55:46.156+0000] {processor.py:743} INFO - Processing file /home/airflow/.local/lib/python3.7/site-packages/airflow/example_dags/example_datasets.py for tasks to queue
[2022-12-23T09:55:46.168+0000] {logging_mixin.py:137} INFO - [2022-12-23T09:55:46.168+0000] {dagbag.py:538} INFO - Filling up the DagBag from /home/airflow/.local/lib/python3.7/site-packages/airflow/example_dags/example_datasets.py
[2022-12-23T09:55:46.210+0000] {processor.py:753} INFO - DAG(s) dict_keys(['dataset_produces_2', 'dataset_consumes_1_and_2', 'dataset_consumes_1', 'dataset_produces_1', 'dataset_consumes_1_never_scheduled', 'dataset_consumes_unknown_never_scheduled']) retrieved from /home/airflow/.local/lib/python3.7/site-packages/airflow/example_dags/example_datasets.py
[2022-12-23T09:55:46.267+0000] {logging_mixin.py:137} INFO - [2022-12-23T09:55:46.267+0000] {dag.py:2676} INFO - Sync 6 DAGs
[2022-12-23T09:55:46.293+0000] {logging_mixin.py:137} INFO - [2022-12-23T09:55:46.293+0000] {dag.py:3427} INFO - Setting next_dagrun for dataset_consumes_1 to None, run_after=None
[2022-12-23T09:55:46.299+0000] {logging_mixin.py:137} INFO - [2022-12-23T09:55:46.298+0000] {dag.py:3427} INFO - Setting next_dagrun for dataset_consumes_1_and_2 to None, run_after=None
[2022-12-23T09:55:46.301+0000] {logging_mixin.py:137} INFO - [2022-12-23T09:55:46.301+0000] {dag.py:3427} INFO - Setting next_dagrun for dataset_consumes_1_never_scheduled to None, run_after=None
[2022-12-23T09:55:46.304+0000] {logging_mixin.py:137} INFO - [2022-12-23T09:55:46.304+0000] {dag.py:3427} INFO - Setting next_dagrun for dataset_consumes_unknown_never_scheduled to None, run_after=None
[2022-12-23T09:55:46.311+0000] {logging_mixin.py:137} INFO - [2022-12-23T09:55:46.311+0000] {dag.py:3427} INFO - Setting next_dagrun for dataset_produces_1 to 2022-12-22T00:00:00+00:00, run_after=2022-12-23T00:00:00+00:00
[2022-12-23T09:55:46.314+0000] {logging_mixin.py:137} INFO - [2022-12-23T09:55:46.314+0000] {dag.py:3427} INFO - Setting next_dagrun for dataset_produces_2 to None, run_after=None
[2022-12-23T09:55:46.362+0000] {processor.py:175} INFO - Processing /home/airflow/.local/lib/python3.7/site-packages/airflow/example_dags/example_datasets.py took 0.217 seconds
[2022-12-23T09:56:17.097+0000] {processor.py:153} INFO - Started process (PID=1842) to work on /home/airflow/.local/lib/python3.7/site-packages/airflow/example_dags/example_datasets.py
[2022-12-23T09:56:17.099+0000] {processor.py:743} INFO - Processing file /home/airflow/.local/lib/python3.7/site-packages/airflow/example_dags/example_datasets.py for tasks to queue
[2022-12-23T09:56:17.101+0000] {logging_mixin.py:137} INFO - [2022-12-23T09:56:17.101+0000] {dagbag.py:538} INFO - Filling up the DagBag from /home/airflow/.local/lib/python3.7/site-packages/airflow/example_dags/example_datasets.py
[2022-12-23T09:56:17.114+0000] {processor.py:753} INFO - DAG(s) dict_keys(['dataset_consumes_1_and_2', 'dataset_produces_1', 'dataset_consumes_1', 'dataset_consumes_unknown_never_scheduled', 'dataset_consumes_1_never_scheduled', 'dataset_produces_2']) retrieved from /home/airflow/.local/lib/python3.7/site-packages/airflow/example_dags/example_datasets.py
[2022-12-23T09:56:17.156+0000] {logging_mixin.py:137} INFO - [2022-12-23T09:56:17.156+0000] {dag.py:2676} INFO - Sync 6 DAGs
[2022-12-23T09:56:17.179+0000] {logging_mixin.py:137} INFO - [2022-12-23T09:56:17.178+0000] {dag.py:3427} INFO - Setting next_dagrun for dataset_consumes_1 to None, run_after=None
[2022-12-23T09:56:17.183+0000] {logging_mixin.py:137} INFO - [2022-12-23T09:56:17.183+0000] {dag.py:3427} INFO - Setting next_dagrun for dataset_consumes_1_and_2 to None, run_after=None
[2022-12-23T09:56:17.186+0000] {logging_mixin.py:137} INFO - [2022-12-23T09:56:17.186+0000] {dag.py:3427} INFO - Setting next_dagrun for dataset_consumes_1_never_scheduled to None, run_after=None
[2022-12-23T09:56:17.188+0000] {logging_mixin.py:137} INFO - [2022-12-23T09:56:17.188+0000] {dag.py:3427} INFO - Setting next_dagrun for dataset_consumes_unknown_never_scheduled to None, run_after=None
[2022-12-23T09:56:17.191+0000] {logging_mixin.py:137} INFO - [2022-12-23T09:56:17.191+0000] {dag.py:3427} INFO - Setting next_dagrun for dataset_produces_1 to 2022-12-22T00:00:00+00:00, run_after=2022-12-23T00:00:00+00:00
[2022-12-23T09:56:17.196+0000] {logging_mixin.py:137} INFO - [2022-12-23T09:56:17.196+0000] {dag.py:3427} INFO - Setting next_dagrun for dataset_produces_2 to None, run_after=None
[2022-12-23T09:56:17.238+0000] {processor.py:175} INFO - Processing /home/airflow/.local/lib/python3.7/site-packages/airflow/example_dags/example_datasets.py took 0.144 seconds
[2022-12-23T09:56:48.237+0000] {processor.py:153} INFO - Started process (PID=1905) to work on /home/airflow/.local/lib/python3.7/site-packages/airflow/example_dags/example_datasets.py
[2022-12-23T09:56:48.242+0000] {processor.py:743} INFO - Processing file /home/airflow/.local/lib/python3.7/site-packages/airflow/example_dags/example_datasets.py for tasks to queue
[2022-12-23T09:56:48.244+0000] {logging_mixin.py:137} INFO - [2022-12-23T09:56:48.244+0000] {dagbag.py:538} INFO - Filling up the DagBag from /home/airflow/.local/lib/python3.7/site-packages/airflow/example_dags/example_datasets.py
[2022-12-23T09:56:48.272+0000] {processor.py:753} INFO - DAG(s) dict_keys(['dataset_consumes_unknown_never_scheduled', 'dataset_consumes_1', 'dataset_produces_2', 'dataset_produces_1', 'dataset_consumes_1_never_scheduled', 'dataset_consumes_1_and_2']) retrieved from /home/airflow/.local/lib/python3.7/site-packages/airflow/example_dags/example_datasets.py
[2022-12-23T09:56:48.317+0000] {logging_mixin.py:137} INFO - [2022-12-23T09:56:48.317+0000] {dag.py:2676} INFO - Sync 6 DAGs
[2022-12-23T09:56:48.348+0000] {logging_mixin.py:137} INFO - [2022-12-23T09:56:48.348+0000] {dag.py:3427} INFO - Setting next_dagrun for dataset_consumes_1 to None, run_after=None
[2022-12-23T09:56:48.352+0000] {logging_mixin.py:137} INFO - [2022-12-23T09:56:48.352+0000] {dag.py:3427} INFO - Setting next_dagrun for dataset_consumes_1_and_2 to None, run_after=None
[2022-12-23T09:56:48.355+0000] {logging_mixin.py:137} INFO - [2022-12-23T09:56:48.355+0000] {dag.py:3427} INFO - Setting next_dagrun for dataset_consumes_1_never_scheduled to None, run_after=None
[2022-12-23T09:56:48.358+0000] {logging_mixin.py:137} INFO - [2022-12-23T09:56:48.358+0000] {dag.py:3427} INFO - Setting next_dagrun for dataset_consumes_unknown_never_scheduled to None, run_after=None
[2022-12-23T09:56:48.365+0000] {logging_mixin.py:137} INFO - [2022-12-23T09:56:48.365+0000] {dag.py:3427} INFO - Setting next_dagrun for dataset_produces_1 to 2022-12-22T00:00:00+00:00, run_after=2022-12-23T00:00:00+00:00
[2022-12-23T09:56:48.369+0000] {logging_mixin.py:137} INFO - [2022-12-23T09:56:48.369+0000] {dag.py:3427} INFO - Setting next_dagrun for dataset_produces_2 to None, run_after=None
[2022-12-23T09:56:48.405+0000] {processor.py:175} INFO - Processing /home/airflow/.local/lib/python3.7/site-packages/airflow/example_dags/example_datasets.py took 0.173 seconds
[2022-12-23T09:57:19.216+0000] {processor.py:153} INFO - Started process (PID=1981) to work on /home/airflow/.local/lib/python3.7/site-packages/airflow/example_dags/example_datasets.py
[2022-12-23T09:57:19.220+0000] {processor.py:743} INFO - Processing file /home/airflow/.local/lib/python3.7/site-packages/airflow/example_dags/example_datasets.py for tasks to queue
[2022-12-23T09:57:19.222+0000] {logging_mixin.py:137} INFO - [2022-12-23T09:57:19.222+0000] {dagbag.py:538} INFO - Filling up the DagBag from /home/airflow/.local/lib/python3.7/site-packages/airflow/example_dags/example_datasets.py
[2022-12-23T09:57:19.247+0000] {processor.py:753} INFO - DAG(s) dict_keys(['dataset_consumes_1_never_scheduled', 'dataset_consumes_1_and_2', 'dataset_consumes_1', 'dataset_produces_1', 'dataset_consumes_unknown_never_scheduled', 'dataset_produces_2']) retrieved from /home/airflow/.local/lib/python3.7/site-packages/airflow/example_dags/example_datasets.py
[2022-12-23T09:57:19.329+0000] {logging_mixin.py:137} INFO - [2022-12-23T09:57:19.329+0000] {dag.py:2676} INFO - Sync 6 DAGs
[2022-12-23T09:57:19.381+0000] {logging_mixin.py:137} INFO - [2022-12-23T09:57:19.381+0000] {dag.py:3427} INFO - Setting next_dagrun for dataset_consumes_1 to None, run_after=None
[2022-12-23T09:57:19.400+0000] {logging_mixin.py:137} INFO - [2022-12-23T09:57:19.399+0000] {dag.py:3427} INFO - Setting next_dagrun for dataset_consumes_1_and_2 to None, run_after=None
[2022-12-23T09:57:19.489+0000] {logging_mixin.py:137} INFO - [2022-12-23T09:57:19.487+0000] {dag.py:3427} INFO - Setting next_dagrun for dataset_consumes_1_never_scheduled to None, run_after=None
[2022-12-23T09:57:19.496+0000] {logging_mixin.py:137} INFO - [2022-12-23T09:57:19.495+0000] {dag.py:3427} INFO - Setting next_dagrun for dataset_consumes_unknown_never_scheduled to None, run_after=None
[2022-12-23T09:57:19.512+0000] {logging_mixin.py:137} INFO - [2022-12-23T09:57:19.512+0000] {dag.py:3427} INFO - Setting next_dagrun for dataset_produces_1 to 2022-12-22T00:00:00+00:00, run_after=2022-12-23T00:00:00+00:00
[2022-12-23T09:57:19.531+0000] {logging_mixin.py:137} INFO - [2022-12-23T09:57:19.531+0000] {dag.py:3427} INFO - Setting next_dagrun for dataset_produces_2 to None, run_after=None
[2022-12-23T09:57:19.772+0000] {processor.py:175} INFO - Processing /home/airflow/.local/lib/python3.7/site-packages/airflow/example_dags/example_datasets.py took 0.566 seconds
[2022-12-23T09:57:50.197+0000] {processor.py:153} INFO - Started process (PID=2044) to work on /home/airflow/.local/lib/python3.7/site-packages/airflow/example_dags/example_datasets.py
[2022-12-23T09:57:50.200+0000] {processor.py:743} INFO - Processing file /home/airflow/.local/lib/python3.7/site-packages/airflow/example_dags/example_datasets.py for tasks to queue
[2022-12-23T09:57:50.201+0000] {logging_mixin.py:137} INFO - [2022-12-23T09:57:50.201+0000] {dagbag.py:538} INFO - Filling up the DagBag from /home/airflow/.local/lib/python3.7/site-packages/airflow/example_dags/example_datasets.py
[2022-12-23T09:57:50.217+0000] {processor.py:753} INFO - DAG(s) dict_keys(['dataset_consumes_1_never_scheduled', 'dataset_consumes_1', 'dataset_produces_2', 'dataset_consumes_1_and_2', 'dataset_produces_1', 'dataset_consumes_unknown_never_scheduled']) retrieved from /home/airflow/.local/lib/python3.7/site-packages/airflow/example_dags/example_datasets.py
[2022-12-23T09:57:50.280+0000] {logging_mixin.py:137} INFO - [2022-12-23T09:57:50.280+0000] {dag.py:2676} INFO - Sync 6 DAGs
[2022-12-23T09:57:50.310+0000] {logging_mixin.py:137} INFO - [2022-12-23T09:57:50.310+0000] {dag.py:3427} INFO - Setting next_dagrun for dataset_consumes_1 to None, run_after=None
[2022-12-23T09:57:50.315+0000] {logging_mixin.py:137} INFO - [2022-12-23T09:57:50.315+0000] {dag.py:3427} INFO - Setting next_dagrun for dataset_consumes_1_and_2 to None, run_after=None
[2022-12-23T09:57:50.318+0000] {logging_mixin.py:137} INFO - [2022-12-23T09:57:50.318+0000] {dag.py:3427} INFO - Setting next_dagrun for dataset_consumes_1_never_scheduled to None, run_after=None
[2022-12-23T09:57:50.321+0000] {logging_mixin.py:137} INFO - [2022-12-23T09:57:50.321+0000] {dag.py:3427} INFO - Setting next_dagrun for dataset_consumes_unknown_never_scheduled to None, run_after=None
[2022-12-23T09:57:50.328+0000] {logging_mixin.py:137} INFO - [2022-12-23T09:57:50.328+0000] {dag.py:3427} INFO - Setting next_dagrun for dataset_produces_1 to 2022-12-22T00:00:00+00:00, run_after=2022-12-23T00:00:00+00:00
[2022-12-23T09:57:50.330+0000] {logging_mixin.py:137} INFO - [2022-12-23T09:57:50.330+0000] {dag.py:3427} INFO - Setting next_dagrun for dataset_produces_2 to None, run_after=None
[2022-12-23T09:57:50.371+0000] {processor.py:175} INFO - Processing /home/airflow/.local/lib/python3.7/site-packages/airflow/example_dags/example_datasets.py took 0.177 seconds
[2022-12-23T09:58:36.771+0000] {processor.py:153} INFO - Started process (PID=2119) to work on /home/airflow/.local/lib/python3.7/site-packages/airflow/example_dags/example_datasets.py
[2022-12-23T09:58:37.096+0000] {processor.py:743} INFO - Processing file /home/airflow/.local/lib/python3.7/site-packages/airflow/example_dags/example_datasets.py for tasks to queue
[2022-12-23T09:58:37.199+0000] {logging_mixin.py:137} INFO - [2022-12-23T09:58:37.199+0000] {dagbag.py:538} INFO - Filling up the DagBag from /home/airflow/.local/lib/python3.7/site-packages/airflow/example_dags/example_datasets.py
[2022-12-23T09:58:37.312+0000] {processor.py:753} INFO - DAG(s) dict_keys(['dataset_produces_2', 'dataset_consumes_1', 'dataset_consumes_unknown_never_scheduled', 'dataset_consumes_1_never_scheduled', 'dataset_produces_1', 'dataset_consumes_1_and_2']) retrieved from /home/airflow/.local/lib/python3.7/site-packages/airflow/example_dags/example_datasets.py
[2022-12-23T09:58:37.460+0000] {logging_mixin.py:137} INFO - [2022-12-23T09:58:37.460+0000] {dag.py:2676} INFO - Sync 6 DAGs
[2022-12-23T09:58:37.526+0000] {logging_mixin.py:137} INFO - [2022-12-23T09:58:37.526+0000] {dag.py:3427} INFO - Setting next_dagrun for dataset_consumes_1 to None, run_after=None
[2022-12-23T09:58:37.536+0000] {logging_mixin.py:137} INFO - [2022-12-23T09:58:37.536+0000] {dag.py:3427} INFO - Setting next_dagrun for dataset_consumes_1_and_2 to None, run_after=None
[2022-12-23T09:58:37.539+0000] {logging_mixin.py:137} INFO - [2022-12-23T09:58:37.539+0000] {dag.py:3427} INFO - Setting next_dagrun for dataset_consumes_1_never_scheduled to None, run_after=None
[2022-12-23T09:58:37.550+0000] {logging_mixin.py:137} INFO - [2022-12-23T09:58:37.550+0000] {dag.py:3427} INFO - Setting next_dagrun for dataset_consumes_unknown_never_scheduled to None, run_after=None
[2022-12-23T09:58:37.561+0000] {logging_mixin.py:137} INFO - [2022-12-23T09:58:37.561+0000] {dag.py:3427} INFO - Setting next_dagrun for dataset_produces_1 to 2022-12-22T00:00:00+00:00, run_after=2022-12-23T00:00:00+00:00
[2022-12-23T09:58:37.566+0000] {logging_mixin.py:137} INFO - [2022-12-23T09:58:37.566+0000] {dag.py:3427} INFO - Setting next_dagrun for dataset_produces_2 to None, run_after=None
[2022-12-23T09:58:37.697+0000] {processor.py:175} INFO - Processing /home/airflow/.local/lib/python3.7/site-packages/airflow/example_dags/example_datasets.py took 0.930 seconds
[2022-12-23T09:59:08.612+0000] {processor.py:153} INFO - Started process (PID=2171) to work on /home/airflow/.local/lib/python3.7/site-packages/airflow/example_dags/example_datasets.py
[2022-12-23T09:59:08.619+0000] {processor.py:743} INFO - Processing file /home/airflow/.local/lib/python3.7/site-packages/airflow/example_dags/example_datasets.py for tasks to queue
[2022-12-23T09:59:08.625+0000] {logging_mixin.py:137} INFO - [2022-12-23T09:59:08.625+0000] {dagbag.py:538} INFO - Filling up the DagBag from /home/airflow/.local/lib/python3.7/site-packages/airflow/example_dags/example_datasets.py
[2022-12-23T09:59:08.657+0000] {processor.py:753} INFO - DAG(s) dict_keys(['dataset_consumes_1', 'dataset_consumes_1_never_scheduled', 'dataset_produces_1', 'dataset_consumes_unknown_never_scheduled', 'dataset_produces_2', 'dataset_consumes_1_and_2']) retrieved from /home/airflow/.local/lib/python3.7/site-packages/airflow/example_dags/example_datasets.py
[2022-12-23T09:59:08.737+0000] {logging_mixin.py:137} INFO - [2022-12-23T09:59:08.737+0000] {dag.py:2676} INFO - Sync 6 DAGs
[2022-12-23T09:59:08.770+0000] {logging_mixin.py:137} INFO - [2022-12-23T09:59:08.770+0000] {dag.py:3427} INFO - Setting next_dagrun for dataset_consumes_1 to None, run_after=None
[2022-12-23T09:59:08.778+0000] {logging_mixin.py:137} INFO - [2022-12-23T09:59:08.778+0000] {dag.py:3427} INFO - Setting next_dagrun for dataset_consumes_1_and_2 to None, run_after=None
[2022-12-23T09:59:08.787+0000] {logging_mixin.py:137} INFO - [2022-12-23T09:59:08.787+0000] {dag.py:3427} INFO - Setting next_dagrun for dataset_consumes_1_never_scheduled to None, run_after=None
[2022-12-23T09:59:08.792+0000] {logging_mixin.py:137} INFO - [2022-12-23T09:59:08.792+0000] {dag.py:3427} INFO - Setting next_dagrun for dataset_consumes_unknown_never_scheduled to None, run_after=None
[2022-12-23T09:59:08.800+0000] {logging_mixin.py:137} INFO - [2022-12-23T09:59:08.800+0000] {dag.py:3427} INFO - Setting next_dagrun for dataset_produces_1 to 2022-12-22T00:00:00+00:00, run_after=2022-12-23T00:00:00+00:00
[2022-12-23T09:59:08.804+0000] {logging_mixin.py:137} INFO - [2022-12-23T09:59:08.804+0000] {dag.py:3427} INFO - Setting next_dagrun for dataset_produces_2 to None, run_after=None
[2022-12-23T09:59:08.900+0000] {processor.py:175} INFO - Processing /home/airflow/.local/lib/python3.7/site-packages/airflow/example_dags/example_datasets.py took 0.303 seconds
[2022-12-23T09:59:39.221+0000] {processor.py:153} INFO - Started process (PID=2234) to work on /home/airflow/.local/lib/python3.7/site-packages/airflow/example_dags/example_datasets.py
[2022-12-23T09:59:39.222+0000] {processor.py:743} INFO - Processing file /home/airflow/.local/lib/python3.7/site-packages/airflow/example_dags/example_datasets.py for tasks to queue
[2022-12-23T09:59:39.224+0000] {logging_mixin.py:137} INFO - [2022-12-23T09:59:39.224+0000] {dagbag.py:538} INFO - Filling up the DagBag from /home/airflow/.local/lib/python3.7/site-packages/airflow/example_dags/example_datasets.py
[2022-12-23T09:59:39.237+0000] {processor.py:753} INFO - DAG(s) dict_keys(['dataset_produces_2', 'dataset_consumes_1_never_scheduled', 'dataset_consumes_unknown_never_scheduled', 'dataset_consumes_1', 'dataset_consumes_1_and_2', 'dataset_produces_1']) retrieved from /home/airflow/.local/lib/python3.7/site-packages/airflow/example_dags/example_datasets.py
[2022-12-23T09:59:39.276+0000] {logging_mixin.py:137} INFO - [2022-12-23T09:59:39.276+0000] {dag.py:2676} INFO - Sync 6 DAGs
[2022-12-23T09:59:39.294+0000] {logging_mixin.py:137} INFO - [2022-12-23T09:59:39.294+0000] {dag.py:3427} INFO - Setting next_dagrun for dataset_consumes_1 to None, run_after=None
[2022-12-23T09:59:39.297+0000] {logging_mixin.py:137} INFO - [2022-12-23T09:59:39.297+0000] {dag.py:3427} INFO - Setting next_dagrun for dataset_consumes_1_and_2 to None, run_after=None
[2022-12-23T09:59:39.299+0000] {logging_mixin.py:137} INFO - [2022-12-23T09:59:39.299+0000] {dag.py:3427} INFO - Setting next_dagrun for dataset_consumes_1_never_scheduled to None, run_after=None
[2022-12-23T09:59:39.300+0000] {logging_mixin.py:137} INFO - [2022-12-23T09:59:39.300+0000] {dag.py:3427} INFO - Setting next_dagrun for dataset_consumes_unknown_never_scheduled to None, run_after=None
[2022-12-23T09:59:39.304+0000] {logging_mixin.py:137} INFO - [2022-12-23T09:59:39.304+0000] {dag.py:3427} INFO - Setting next_dagrun for dataset_produces_1 to 2022-12-22T00:00:00+00:00, run_after=2022-12-23T00:00:00+00:00
[2022-12-23T09:59:39.309+0000] {logging_mixin.py:137} INFO - [2022-12-23T09:59:39.309+0000] {dag.py:3427} INFO - Setting next_dagrun for dataset_produces_2 to None, run_after=None
[2022-12-23T09:59:39.334+0000] {processor.py:175} INFO - Processing /home/airflow/.local/lib/python3.7/site-packages/airflow/example_dags/example_datasets.py took 0.117 seconds
[2022-12-23T10:00:09.659+0000] {processor.py:153} INFO - Started process (PID=2310) to work on /home/airflow/.local/lib/python3.7/site-packages/airflow/example_dags/example_datasets.py
[2022-12-23T10:00:09.666+0000] {processor.py:743} INFO - Processing file /home/airflow/.local/lib/python3.7/site-packages/airflow/example_dags/example_datasets.py for tasks to queue
[2022-12-23T10:00:09.716+0000] {logging_mixin.py:137} INFO - [2022-12-23T10:00:09.716+0000] {dagbag.py:538} INFO - Filling up the DagBag from /home/airflow/.local/lib/python3.7/site-packages/airflow/example_dags/example_datasets.py
[2022-12-23T10:00:09.803+0000] {processor.py:753} INFO - DAG(s) dict_keys(['dataset_consumes_1_and_2', 'dataset_produces_1', 'dataset_produces_2', 'dataset_consumes_1_never_scheduled', 'dataset_consumes_1', 'dataset_consumes_unknown_never_scheduled']) retrieved from /home/airflow/.local/lib/python3.7/site-packages/airflow/example_dags/example_datasets.py
[2022-12-23T10:00:09.950+0000] {logging_mixin.py:137} INFO - [2022-12-23T10:00:09.950+0000] {dag.py:2676} INFO - Sync 6 DAGs
[2022-12-23T10:00:10.098+0000] {logging_mixin.py:137} INFO - [2022-12-23T10:00:10.098+0000] {dag.py:3427} INFO - Setting next_dagrun for dataset_consumes_1 to None, run_after=None
[2022-12-23T10:00:10.116+0000] {logging_mixin.py:137} INFO - [2022-12-23T10:00:10.115+0000] {dag.py:3427} INFO - Setting next_dagrun for dataset_consumes_1_and_2 to None, run_after=None
[2022-12-23T10:00:10.120+0000] {logging_mixin.py:137} INFO - [2022-12-23T10:00:10.120+0000] {dag.py:3427} INFO - Setting next_dagrun for dataset_consumes_1_never_scheduled to None, run_after=None
[2022-12-23T10:00:10.123+0000] {logging_mixin.py:137} INFO - [2022-12-23T10:00:10.123+0000] {dag.py:3427} INFO - Setting next_dagrun for dataset_consumes_unknown_never_scheduled to None, run_after=None
[2022-12-23T10:00:10.134+0000] {logging_mixin.py:137} INFO - [2022-12-23T10:00:10.134+0000] {dag.py:3427} INFO - Setting next_dagrun for dataset_produces_1 to 2022-12-22T00:00:00+00:00, run_after=2022-12-23T00:00:00+00:00
[2022-12-23T10:00:10.142+0000] {logging_mixin.py:137} INFO - [2022-12-23T10:00:10.140+0000] {dag.py:3427} INFO - Setting next_dagrun for dataset_produces_2 to None, run_after=None
[2022-12-23T10:00:10.247+0000] {processor.py:175} INFO - Processing /home/airflow/.local/lib/python3.7/site-packages/airflow/example_dags/example_datasets.py took 0.595 seconds
[2022-12-23T10:00:40.937+0000] {processor.py:153} INFO - Started process (PID=2365) to work on /home/airflow/.local/lib/python3.7/site-packages/airflow/example_dags/example_datasets.py
[2022-12-23T10:00:40.940+0000] {processor.py:743} INFO - Processing file /home/airflow/.local/lib/python3.7/site-packages/airflow/example_dags/example_datasets.py for tasks to queue
[2022-12-23T10:00:40.941+0000] {logging_mixin.py:137} INFO - [2022-12-23T10:00:40.941+0000] {dagbag.py:538} INFO - Filling up the DagBag from /home/airflow/.local/lib/python3.7/site-packages/airflow/example_dags/example_datasets.py
[2022-12-23T10:00:40.961+0000] {processor.py:753} INFO - DAG(s) dict_keys(['dataset_consumes_1_never_scheduled', 'dataset_consumes_1_and_2', 'dataset_consumes_unknown_never_scheduled', 'dataset_produces_1', 'dataset_produces_2', 'dataset_consumes_1']) retrieved from /home/airflow/.local/lib/python3.7/site-packages/airflow/example_dags/example_datasets.py
[2022-12-23T10:00:41.023+0000] {logging_mixin.py:137} INFO - [2022-12-23T10:00:41.023+0000] {dag.py:2676} INFO - Sync 6 DAGs
[2022-12-23T10:00:41.050+0000] {logging_mixin.py:137} INFO - [2022-12-23T10:00:41.050+0000] {dag.py:3427} INFO - Setting next_dagrun for dataset_consumes_1 to None, run_after=None
[2022-12-23T10:00:41.056+0000] {logging_mixin.py:137} INFO - [2022-12-23T10:00:41.056+0000] {dag.py:3427} INFO - Setting next_dagrun for dataset_consumes_1_and_2 to None, run_after=None
[2022-12-23T10:00:41.059+0000] {logging_mixin.py:137} INFO - [2022-12-23T10:00:41.059+0000] {dag.py:3427} INFO - Setting next_dagrun for dataset_consumes_1_never_scheduled to None, run_after=None
[2022-12-23T10:00:41.061+0000] {logging_mixin.py:137} INFO - [2022-12-23T10:00:41.061+0000] {dag.py:3427} INFO - Setting next_dagrun for dataset_consumes_unknown_never_scheduled to None, run_after=None
[2022-12-23T10:00:41.064+0000] {logging_mixin.py:137} INFO - [2022-12-23T10:00:41.064+0000] {dag.py:3427} INFO - Setting next_dagrun for dataset_produces_1 to 2022-12-22T00:00:00+00:00, run_after=2022-12-23T00:00:00+00:00
[2022-12-23T10:00:41.066+0000] {logging_mixin.py:137} INFO - [2022-12-23T10:00:41.066+0000] {dag.py:3427} INFO - Setting next_dagrun for dataset_produces_2 to None, run_after=None
[2022-12-23T10:00:41.112+0000] {processor.py:175} INFO - Processing /home/airflow/.local/lib/python3.7/site-packages/airflow/example_dags/example_datasets.py took 0.179 seconds
[2022-12-23T10:01:54.837+0000] {processor.py:153} INFO - Started process (PID=2451) to work on /home/airflow/.local/lib/python3.7/site-packages/airflow/example_dags/example_datasets.py
[2022-12-23T10:01:54.855+0000] {processor.py:743} INFO - Processing file /home/airflow/.local/lib/python3.7/site-packages/airflow/example_dags/example_datasets.py for tasks to queue
[2022-12-23T10:01:54.860+0000] {logging_mixin.py:137} INFO - [2022-12-23T10:01:54.860+0000] {dagbag.py:538} INFO - Filling up the DagBag from /home/airflow/.local/lib/python3.7/site-packages/airflow/example_dags/example_datasets.py
[2022-12-23T10:01:55.417+0000] {processor.py:753} INFO - DAG(s) dict_keys(['dataset_consumes_1', 'dataset_produces_2', 'dataset_produces_1', 'dataset_consumes_unknown_never_scheduled', 'dataset_consumes_1_never_scheduled', 'dataset_consumes_1_and_2']) retrieved from /home/airflow/.local/lib/python3.7/site-packages/airflow/example_dags/example_datasets.py
[2022-12-23T10:02:01.583+0000] {logging_mixin.py:137} INFO - [2022-12-23T10:02:01.582+0000] {dag.py:2676} INFO - Sync 6 DAGs
[2022-12-23T10:02:02.103+0000] {logging_mixin.py:137} INFO - [2022-12-23T10:02:02.102+0000] {dag.py:3427} INFO - Setting next_dagrun for dataset_consumes_1 to None, run_after=None
[2022-12-23T10:02:02.159+0000] {logging_mixin.py:137} INFO - [2022-12-23T10:02:02.158+0000] {dag.py:3427} INFO - Setting next_dagrun for dataset_consumes_1_and_2 to None, run_after=None
[2022-12-23T10:02:02.176+0000] {logging_mixin.py:137} INFO - [2022-12-23T10:02:02.175+0000] {dag.py:3427} INFO - Setting next_dagrun for dataset_consumes_1_never_scheduled to None, run_after=None
[2022-12-23T10:02:02.181+0000] {logging_mixin.py:137} INFO - [2022-12-23T10:02:02.180+0000] {dag.py:3427} INFO - Setting next_dagrun for dataset_consumes_unknown_never_scheduled to None, run_after=None
[2022-12-23T10:02:02.205+0000] {logging_mixin.py:137} INFO - [2022-12-23T10:02:02.205+0000] {dag.py:3427} INFO - Setting next_dagrun for dataset_produces_1 to 2022-12-22T00:00:00+00:00, run_after=2022-12-23T00:00:00+00:00
[2022-12-23T10:02:02.210+0000] {logging_mixin.py:137} INFO - [2022-12-23T10:02:02.210+0000] {dag.py:3427} INFO - Setting next_dagrun for dataset_produces_2 to None, run_after=None
[2022-12-23T10:02:02.595+0000] {processor.py:175} INFO - Processing /home/airflow/.local/lib/python3.7/site-packages/airflow/example_dags/example_datasets.py took 7.798 seconds
[2022-12-23T10:02:36.708+0000] {processor.py:153} INFO - Started process (PID=2517) to work on /home/airflow/.local/lib/python3.7/site-packages/airflow/example_dags/example_datasets.py
[2022-12-23T10:02:36.722+0000] {processor.py:743} INFO - Processing file /home/airflow/.local/lib/python3.7/site-packages/airflow/example_dags/example_datasets.py for tasks to queue
[2022-12-23T10:02:36.739+0000] {logging_mixin.py:137} INFO - [2022-12-23T10:02:36.738+0000] {dagbag.py:538} INFO - Filling up the DagBag from /home/airflow/.local/lib/python3.7/site-packages/airflow/example_dags/example_datasets.py
[2022-12-23T10:02:37.084+0000] {processor.py:753} INFO - DAG(s) dict_keys(['dataset_consumes_1_and_2', 'dataset_produces_1', 'dataset_consumes_unknown_never_scheduled', 'dataset_consumes_1_never_scheduled', 'dataset_produces_2', 'dataset_consumes_1']) retrieved from /home/airflow/.local/lib/python3.7/site-packages/airflow/example_dags/example_datasets.py
[2022-12-23T10:02:38.640+0000] {logging_mixin.py:137} INFO - [2022-12-23T10:02:38.624+0000] {dag.py:2676} INFO - Sync 6 DAGs
[2022-12-23T10:02:40.466+0000] {logging_mixin.py:137} INFO - [2022-12-23T10:02:40.464+0000] {dag.py:3427} INFO - Setting next_dagrun for dataset_consumes_1 to None, run_after=None
[2022-12-23T10:02:40.665+0000] {logging_mixin.py:137} INFO - [2022-12-23T10:02:40.665+0000] {dag.py:3427} INFO - Setting next_dagrun for dataset_consumes_1_and_2 to None, run_after=None
[2022-12-23T10:02:40.677+0000] {logging_mixin.py:137} INFO - [2022-12-23T10:02:40.677+0000] {dag.py:3427} INFO - Setting next_dagrun for dataset_consumes_1_never_scheduled to None, run_after=None
[2022-12-23T10:02:40.685+0000] {logging_mixin.py:137} INFO - [2022-12-23T10:02:40.684+0000] {dag.py:3427} INFO - Setting next_dagrun for dataset_consumes_unknown_never_scheduled to None, run_after=None
[2022-12-23T10:02:40.784+0000] {logging_mixin.py:137} INFO - [2022-12-23T10:02:40.767+0000] {dag.py:3427} INFO - Setting next_dagrun for dataset_produces_1 to 2022-12-22T00:00:00+00:00, run_after=2022-12-23T00:00:00+00:00
[2022-12-23T10:02:40.864+0000] {logging_mixin.py:137} INFO - [2022-12-23T10:02:40.864+0000] {dag.py:3427} INFO - Setting next_dagrun for dataset_produces_2 to None, run_after=None
[2022-12-23T10:02:41.317+0000] {processor.py:175} INFO - Processing /home/airflow/.local/lib/python3.7/site-packages/airflow/example_dags/example_datasets.py took 4.647 seconds
[2022-12-23T10:03:12.536+0000] {processor.py:153} INFO - Started process (PID=2585) to work on /home/airflow/.local/lib/python3.7/site-packages/airflow/example_dags/example_datasets.py
[2022-12-23T10:03:12.540+0000] {processor.py:743} INFO - Processing file /home/airflow/.local/lib/python3.7/site-packages/airflow/example_dags/example_datasets.py for tasks to queue
[2022-12-23T10:03:12.549+0000] {logging_mixin.py:137} INFO - [2022-12-23T10:03:12.549+0000] {dagbag.py:538} INFO - Filling up the DagBag from /home/airflow/.local/lib/python3.7/site-packages/airflow/example_dags/example_datasets.py
[2022-12-23T10:03:12.625+0000] {processor.py:753} INFO - DAG(s) dict_keys(['dataset_consumes_1_and_2', 'dataset_consumes_1_never_scheduled', 'dataset_consumes_unknown_never_scheduled', 'dataset_produces_1', 'dataset_consumes_1', 'dataset_produces_2']) retrieved from /home/airflow/.local/lib/python3.7/site-packages/airflow/example_dags/example_datasets.py
[2022-12-23T10:03:12.756+0000] {logging_mixin.py:137} INFO - [2022-12-23T10:03:12.756+0000] {dag.py:2676} INFO - Sync 6 DAGs
[2022-12-23T10:03:12.812+0000] {logging_mixin.py:137} INFO - [2022-12-23T10:03:12.812+0000] {dag.py:3427} INFO - Setting next_dagrun for dataset_consumes_1 to None, run_after=None
[2022-12-23T10:03:12.825+0000] {logging_mixin.py:137} INFO - [2022-12-23T10:03:12.825+0000] {dag.py:3427} INFO - Setting next_dagrun for dataset_consumes_1_and_2 to None, run_after=None
[2022-12-23T10:03:12.838+0000] {logging_mixin.py:137} INFO - [2022-12-23T10:03:12.837+0000] {dag.py:3427} INFO - Setting next_dagrun for dataset_consumes_1_never_scheduled to None, run_after=None
[2022-12-23T10:03:12.845+0000] {logging_mixin.py:137} INFO - [2022-12-23T10:03:12.845+0000] {dag.py:3427} INFO - Setting next_dagrun for dataset_consumes_unknown_never_scheduled to None, run_after=None
[2022-12-23T10:03:12.858+0000] {logging_mixin.py:137} INFO - [2022-12-23T10:03:12.858+0000] {dag.py:3427} INFO - Setting next_dagrun for dataset_produces_1 to 2022-12-22T00:00:00+00:00, run_after=2022-12-23T00:00:00+00:00
[2022-12-23T10:03:12.867+0000] {logging_mixin.py:137} INFO - [2022-12-23T10:03:12.866+0000] {dag.py:3427} INFO - Setting next_dagrun for dataset_produces_2 to None, run_after=None
[2022-12-23T10:03:12.990+0000] {processor.py:175} INFO - Processing /home/airflow/.local/lib/python3.7/site-packages/airflow/example_dags/example_datasets.py took 0.470 seconds
[2022-12-23T10:03:43.170+0000] {processor.py:153} INFO - Started process (PID=2656) to work on /home/airflow/.local/lib/python3.7/site-packages/airflow/example_dags/example_datasets.py
[2022-12-23T10:03:43.180+0000] {processor.py:743} INFO - Processing file /home/airflow/.local/lib/python3.7/site-packages/airflow/example_dags/example_datasets.py for tasks to queue
[2022-12-23T10:03:43.183+0000] {logging_mixin.py:137} INFO - [2022-12-23T10:03:43.183+0000] {dagbag.py:538} INFO - Filling up the DagBag from /home/airflow/.local/lib/python3.7/site-packages/airflow/example_dags/example_datasets.py
[2022-12-23T10:03:43.323+0000] {processor.py:753} INFO - DAG(s) dict_keys(['dataset_consumes_1', 'dataset_consumes_1_and_2', 'dataset_produces_1', 'dataset_consumes_unknown_never_scheduled', 'dataset_produces_2', 'dataset_consumes_1_never_scheduled']) retrieved from /home/airflow/.local/lib/python3.7/site-packages/airflow/example_dags/example_datasets.py
[2022-12-23T10:03:43.604+0000] {logging_mixin.py:137} INFO - [2022-12-23T10:03:43.603+0000] {dag.py:2676} INFO - Sync 6 DAGs
[2022-12-23T10:03:43.690+0000] {logging_mixin.py:137} INFO - [2022-12-23T10:03:43.690+0000] {dag.py:3427} INFO - Setting next_dagrun for dataset_consumes_1 to None, run_after=None
[2022-12-23T10:03:43.701+0000] {logging_mixin.py:137} INFO - [2022-12-23T10:03:43.700+0000] {dag.py:3427} INFO - Setting next_dagrun for dataset_consumes_1_and_2 to None, run_after=None
[2022-12-23T10:03:43.704+0000] {logging_mixin.py:137} INFO - [2022-12-23T10:03:43.704+0000] {dag.py:3427} INFO - Setting next_dagrun for dataset_consumes_1_never_scheduled to None, run_after=None
[2022-12-23T10:03:43.712+0000] {logging_mixin.py:137} INFO - [2022-12-23T10:03:43.712+0000] {dag.py:3427} INFO - Setting next_dagrun for dataset_consumes_unknown_never_scheduled to None, run_after=None
[2022-12-23T10:03:43.729+0000] {logging_mixin.py:137} INFO - [2022-12-23T10:03:43.729+0000] {dag.py:3427} INFO - Setting next_dagrun for dataset_produces_1 to 2022-12-22T00:00:00+00:00, run_after=2022-12-23T00:00:00+00:00
[2022-12-23T10:03:43.738+0000] {logging_mixin.py:137} INFO - [2022-12-23T10:03:43.738+0000] {dag.py:3427} INFO - Setting next_dagrun for dataset_produces_2 to None, run_after=None
[2022-12-23T10:03:43.905+0000] {processor.py:175} INFO - Processing /home/airflow/.local/lib/python3.7/site-packages/airflow/example_dags/example_datasets.py took 0.754 seconds
