[2022-12-20T10:08:30.510+0000] {taskinstance.py:1087} INFO - Dependencies all met for <TaskInstance: Can_I_change_name_to_this.basic_data_cleansing manual__2022-12-20T10:07:36.200107+00:00 [queued]>
[2022-12-20T10:08:30.531+0000] {taskinstance.py:1087} INFO - Dependencies all met for <TaskInstance: Can_I_change_name_to_this.basic_data_cleansing manual__2022-12-20T10:07:36.200107+00:00 [queued]>
[2022-12-20T10:08:30.553+0000] {taskinstance.py:1283} INFO - 
--------------------------------------------------------------------------------
[2022-12-20T10:08:30.554+0000] {taskinstance.py:1284} INFO - Starting attempt 1 of 1
[2022-12-20T10:08:30.555+0000] {taskinstance.py:1285} INFO - 
--------------------------------------------------------------------------------
[2022-12-20T10:08:30.582+0000] {taskinstance.py:1304} INFO - Executing <Task(BashOperator): basic_data_cleansing> on 2022-12-20 10:07:36.200107+00:00
[2022-12-20T10:08:30.597+0000] {standard_task_runner.py:55} INFO - Started process 3191 to run task
[2022-12-20T10:08:30.610+0000] {standard_task_runner.py:82} INFO - Running: ['***', 'tasks', 'run', 'Can_I_change_name_to_this', 'basic_data_cleansing', 'manual__2022-12-20T10:07:36.200107+00:00', '--job-id', '174', '--raw', '--subdir', 'DAGS_FOLDER/dags.py', '--cfg-path', '/tmp/tmpxjmfqmjp']
[2022-12-20T10:08:30.615+0000] {standard_task_runner.py:83} INFO - Job 174: Subtask basic_data_cleansing
[2022-12-20T10:08:30.722+0000] {task_command.py:389} INFO - Running <TaskInstance: Can_I_change_name_to_this.basic_data_cleansing manual__2022-12-20T10:07:36.200107+00:00 [running]> on host 502390ac5559
[2022-12-20T10:08:30.877+0000] {taskinstance.py:1513} INFO - Exporting the following env vars:
AIRFLOW_CTX_DAG_OWNER=***
AIRFLOW_CTX_DAG_ID=Can_I_change_name_to_this
AIRFLOW_CTX_TASK_ID=basic_data_cleansing
AIRFLOW_CTX_EXECUTION_DATE=2022-12-20T10:07:36.200107+00:00
AIRFLOW_CTX_TRY_NUMBER=1
AIRFLOW_CTX_DAG_RUN_ID=manual__2022-12-20T10:07:36.200107+00:00
[2022-12-20T10:08:30.958+0000] {subprocess.py:63} INFO - Tmp dir root location: 
 /tmp
[2022-12-20T10:08:30.965+0000] {subprocess.py:75} INFO - Running command: ['/bin/bash', '-c', 'python /opt/***/tasks/data_cleansing_basic_stat.py']
[2022-12-20T10:08:31.001+0000] {subprocess.py:86} INFO - Output:
[2022-12-20T10:08:38.938+0000] {subprocess.py:93} INFO - 2022-12-20 10:08:38 +0000 - dagster - DEBUG - data_cleansing_whole_job - 1a82368b-7e41-4dc0-9890-c3d8ac367fef - 3193 - RUN_START - Started execution of run for "data_cleansing_whole_job".
[2022-12-20T10:08:39.034+0000] {subprocess.py:93} INFO - 2022-12-20 10:08:38 +0000 - dagster - DEBUG - data_cleansing_whole_job - 1a82368b-7e41-4dc0-9890-c3d8ac367fef - 3193 - ENGINE_EVENT - Executing steps in process (pid: 3193)
[2022-12-20T10:08:39.040+0000] {subprocess.py:93} INFO - 2022-12-20 10:08:38 +0000 - dagster - DEBUG - data_cleansing_whole_job - 1a82368b-7e41-4dc0-9890-c3d8ac367fef - 3193 - RESOURCE_INIT_STARTED - Starting initialization of resources [io_manager].
[2022-12-20T10:08:39.042+0000] {subprocess.py:93} INFO - 2022-12-20 10:08:38 +0000 - dagster - DEBUG - data_cleansing_whole_job - 1a82368b-7e41-4dc0-9890-c3d8ac367fef - 3193 - RESOURCE_INIT_SUCCESS - Finished initialization of resources [io_manager].
[2022-12-20T10:08:39.047+0000] {subprocess.py:93} INFO - 2022-12-20 10:08:38 +0000 - dagster - DEBUG - data_cleansing_whole_job - 1a82368b-7e41-4dc0-9890-c3d8ac367fef - 3193 - LOGS_CAPTURED - Started capturing logs in process (pid: 3193).
[2022-12-20T10:08:39.051+0000] {subprocess.py:93} INFO - 2022-12-20 10:08:39 +0000 - dagster - DEBUG - data_cleansing_whole_job - 1a82368b-7e41-4dc0-9890-c3d8ac367fef - 3193 - reading_json - STEP_START - Started execution of step "reading_json".
[2022-12-20T10:08:39.166+0000] {subprocess.py:93} INFO - 2022-12-20 10:08:39 +0000 - dagster - DEBUG - data_cleansing_whole_job - 1a82368b-7e41-4dc0-9890-c3d8ac367fef - 3193 - reading_json - STEP_OUTPUT - Yielded output "result" of type "DataFrame". (Type check passed).
[2022-12-20T10:08:39.211+0000] {subprocess.py:93} INFO - 2022-12-20 10:08:39 +0000 - dagster - DEBUG - data_cleansing_whole_job - 1a82368b-7e41-4dc0-9890-c3d8ac367fef - 3193 - reading_json - HANDLED_OUTPUT - Handled output "result" using IO manager "io_manager"
[2022-12-20T10:08:39.219+0000] {subprocess.py:93} INFO - 2022-12-20 10:08:39 +0000 - dagster - DEBUG - data_cleansing_whole_job - 1a82368b-7e41-4dc0-9890-c3d8ac367fef - 3193 - reading_json - STEP_SUCCESS - Finished execution of step "reading_json" in 130ms.
[2022-12-20T10:08:39.220+0000] {subprocess.py:93} INFO - 2022-12-20 10:08:39 +0000 - dagster - DEBUG - data_cleansing_whole_job - 1a82368b-7e41-4dc0-9890-c3d8ac367fef - 3193 - data_validation - STEP_START - Started execution of step "data_validation".
[2022-12-20T10:08:39.225+0000] {subprocess.py:93} INFO - 2022-12-20 10:08:39 +0000 - dagster - DEBUG - data_cleansing_whole_job - 1a82368b-7e41-4dc0-9890-c3d8ac367fef - 3193 - data_validation - LOADED_INPUT - Loaded input "df" using input manager "io_manager", from output "result" of step "reading_json"
[2022-12-20T10:08:39.226+0000] {subprocess.py:93} INFO - 2022-12-20 10:08:39 +0000 - dagster - DEBUG - data_cleansing_whole_job - 1a82368b-7e41-4dc0-9890-c3d8ac367fef - 3193 - data_validation - STEP_INPUT - Got input "df" of type "DataFrame". (Type check passed).
[2022-12-20T10:08:39.231+0000] {subprocess.py:93} INFO - 2022-12-20 10:08:39 +0000 - dagster - DEBUG - data_cleansing_whole_job - 1a82368b-7e41-4dc0-9890-c3d8ac367fef - 3193 - data_validation - STEP_OUTPUT - Yielded output "result" of type "DataFrame". (Type check passed).
[2022-12-20T10:08:39.234+0000] {subprocess.py:93} INFO - 2022-12-20 10:08:39 +0000 - dagster - DEBUG - data_cleansing_whole_job - 1a82368b-7e41-4dc0-9890-c3d8ac367fef - 3193 - data_validation - HANDLED_OUTPUT - Handled output "result" using IO manager "io_manager"
[2022-12-20T10:08:39.252+0000] {subprocess.py:93} INFO - 2022-12-20 10:08:39 +0000 - dagster - DEBUG - data_cleansing_whole_job - 1a82368b-7e41-4dc0-9890-c3d8ac367fef - 3193 - data_validation - STEP_SUCCESS - Finished execution of step "data_validation" in 18ms.
[2022-12-20T10:08:39.257+0000] {subprocess.py:93} INFO - 2022-12-20 10:08:39 +0000 - dagster - DEBUG - data_cleansing_whole_job - 1a82368b-7e41-4dc0-9890-c3d8ac367fef - 3193 - data_cleaning - STEP_START - Started execution of step "data_cleaning".
[2022-12-20T10:08:39.259+0000] {subprocess.py:93} INFO - 2022-12-20 10:08:39 +0000 - dagster - DEBUG - data_cleansing_whole_job - 1a82368b-7e41-4dc0-9890-c3d8ac367fef - 3193 - data_cleaning - LOADED_INPUT - Loaded input "df" using input manager "io_manager", from output "result" of step "data_validation"
[2022-12-20T10:08:39.263+0000] {subprocess.py:93} INFO - 2022-12-20 10:08:39 +0000 - dagster - DEBUG - data_cleansing_whole_job - 1a82368b-7e41-4dc0-9890-c3d8ac367fef - 3193 - data_cleaning - STEP_INPUT - Got input "df" of type "DataFrame". (Type check passed).
[2022-12-20T10:08:39.267+0000] {subprocess.py:93} INFO - {"message": "now perform data cleansing on lol_basic_stat", "time": "2022-12-20T10:08:39.204118"}
[2022-12-20T10:08:39.268+0000] {subprocess.py:93} INFO - {"message": "successfully perform data cleansing on lol_basic_stat", "time": "2022-12-20T10:08:39.236573"}
[2022-12-20T10:08:39.283+0000] {subprocess.py:93} INFO - {"message": "Now putting dataframe into pg and redshift", "time": "2022-12-20T10:08:39.252905"}
[2022-12-20T10:08:39.288+0000] {subprocess.py:93} INFO - 2022-12-20 10:08:39 +0000 - dagster - DEBUG - data_cleansing_whole_job - 1a82368b-7e41-4dc0-9890-c3d8ac367fef - 3193 - data_cleaning - STEP_OUTPUT - Yielded output "result" of type "DataFrame". (Type check passed).
[2022-12-20T10:08:39.292+0000] {subprocess.py:93} INFO - 2022-12-20 10:08:39 +0000 - dagster - DEBUG - data_cleansing_whole_job - 1a82368b-7e41-4dc0-9890-c3d8ac367fef - 3193 - data_cleaning - HANDLED_OUTPUT - Handled output "result" using IO manager "io_manager"
[2022-12-20T10:08:39.294+0000] {subprocess.py:93} INFO - 2022-12-20 10:08:39 +0000 - dagster - DEBUG - data_cleansing_whole_job - 1a82368b-7e41-4dc0-9890-c3d8ac367fef - 3193 - data_cleaning - STEP_SUCCESS - Finished execution of step "data_cleaning" in 62ms.
[2022-12-20T10:08:39.295+0000] {subprocess.py:93} INFO - 2022-12-20 10:08:39 +0000 - dagster - DEBUG - data_cleansing_whole_job - 1a82368b-7e41-4dc0-9890-c3d8ac367fef - 3193 - df_to_file - STEP_START - Started execution of step "df_to_file".
[2022-12-20T10:08:39.305+0000] {subprocess.py:93} INFO - 2022-12-20 10:08:39 +0000 - dagster - DEBUG - data_cleansing_whole_job - 1a82368b-7e41-4dc0-9890-c3d8ac367fef - 3193 - df_to_file - LOADED_INPUT - Loaded input "df" using input manager "io_manager", from output "result" of step "data_cleaning"
[2022-12-20T10:08:39.308+0000] {subprocess.py:93} INFO - 2022-12-20 10:08:39 +0000 - dagster - DEBUG - data_cleansing_whole_job - 1a82368b-7e41-4dc0-9890-c3d8ac367fef - 3193 - df_to_file - STEP_INPUT - Got input "df" of type "DataFrame". (Type check passed).
[2022-12-20T10:08:39.354+0000] {subprocess.py:93} INFO - 2022-12-20 10:08:39 +0000 - dagster - DEBUG - data_cleansing_whole_job - 1a82368b-7e41-4dc0-9890-c3d8ac367fef - 3193 - df_to_file - STEP_OUTPUT - Yielded output "result" of type "Any". (Type check passed).
[2022-12-20T10:08:39.356+0000] {subprocess.py:93} INFO - 2022-12-20 10:08:39 +0000 - dagster - DEBUG - data_cleansing_whole_job - 1a82368b-7e41-4dc0-9890-c3d8ac367fef - 3193 - df_to_file - HANDLED_OUTPUT - Handled output "result" using IO manager "io_manager"
[2022-12-20T10:08:39.360+0000] {subprocess.py:93} INFO - 2022-12-20 10:08:39 +0000 - dagster - DEBUG - data_cleansing_whole_job - 1a82368b-7e41-4dc0-9890-c3d8ac367fef - 3193 - df_to_file - STEP_SUCCESS - Finished execution of step "df_to_file" in 71ms.
[2022-12-20T10:08:39.361+0000] {subprocess.py:93} INFO - 2022-12-20 10:08:39 +0000 - dagster - DEBUG - data_cleansing_whole_job - 1a82368b-7e41-4dc0-9890-c3d8ac367fef - 3193 - sending_to_pg - STEP_START - Started execution of step "sending_to_pg".
[2022-12-20T10:08:39.422+0000] {subprocess.py:93} INFO - 2022-12-20 10:08:39 +0000 - dagster - DEBUG - data_cleansing_whole_job - 1a82368b-7e41-4dc0-9890-c3d8ac367fef - 3193 - sending_to_pg - LOADED_INPUT - Loaded input "df" using input manager "io_manager", from output "result" of step "data_cleaning"
[2022-12-20T10:08:39.472+0000] {subprocess.py:93} INFO - 2022-12-20 10:08:39 +0000 - dagster - DEBUG - data_cleansing_whole_job - 1a82368b-7e41-4dc0-9890-c3d8ac367fef - 3193 - sending_to_pg - STEP_INPUT - Got input "df" of type "DataFrame". (Type check passed).
[2022-12-20T10:08:40.145+0000] {subprocess.py:93} INFO - {"message": "successfully put lol_basic_stat to pg and redshift", "time": "2022-12-20T10:08:40.140061"}
[2022-12-20T10:08:40.208+0000] {subprocess.py:93} INFO - 2022-12-20 10:08:40 +0000 - dagster - DEBUG - data_cleansing_whole_job - 1a82368b-7e41-4dc0-9890-c3d8ac367fef - 3193 - sending_to_pg - STEP_OUTPUT - Yielded output "result" of type "Any". (Type check passed).
[2022-12-20T10:08:40.216+0000] {subprocess.py:93} INFO - 2022-12-20 10:08:40 +0000 - dagster - DEBUG - data_cleansing_whole_job - 1a82368b-7e41-4dc0-9890-c3d8ac367fef - 3193 - sending_to_pg - HANDLED_OUTPUT - Handled output "result" using IO manager "io_manager"
[2022-12-20T10:08:40.219+0000] {subprocess.py:93} INFO - 2022-12-20 10:08:40 +0000 - dagster - DEBUG - data_cleansing_whole_job - 1a82368b-7e41-4dc0-9890-c3d8ac367fef - 3193 - sending_to_pg - STEP_SUCCESS - Finished execution of step "sending_to_pg" in 792ms.
[2022-12-20T10:08:40.222+0000] {subprocess.py:93} INFO - 2022-12-20 10:08:40 +0000 - dagster - DEBUG - data_cleansing_whole_job - 1a82368b-7e41-4dc0-9890-c3d8ac367fef - 3193 - ENGINE_EVENT - Finished steps in process (pid: 3193) in 1.29s
[2022-12-20T10:08:40.242+0000] {subprocess.py:93} INFO - 2022-12-20 10:08:40 +0000 - dagster - DEBUG - data_cleansing_whole_job - 1a82368b-7e41-4dc0-9890-c3d8ac367fef - 3193 - RUN_SUCCESS - Finished execution of run for "data_cleansing_whole_job".
[2022-12-20T10:08:40.284+0000] {subprocess.py:93} INFO - {"message": "put lol_basic_stat to pg and redshift have used 2.262873251000201s", "time": "2022-12-20T10:08:40.284831"}
[2022-12-20T10:08:41.798+0000] {subprocess.py:97} INFO - Command exited with return code 0
[2022-12-20T10:08:42.513+0000] {taskinstance.py:1327} INFO - Marking task as SUCCESS. dag_id=Can_I_change_name_to_this, task_id=basic_data_cleansing, execution_date=20221220T100736, start_date=20221220T100830, end_date=20221220T100842
[2022-12-20T10:08:42.810+0000] {local_task_job.py:159} INFO - Task exited with return code 0
[2022-12-20T10:08:42.990+0000] {taskinstance.py:2582} INFO - 0 downstream tasks scheduled from follow-on schedule check
