[2022-12-26T10:05:22.388+0000] {taskinstance.py:1087} INFO - Dependencies all met for <TaskInstance: Can_I_change_name_to_this.remove_raw manual__2022-12-26T10:04:02.255034+00:00 [queued]>
[2022-12-26T10:05:22.413+0000] {taskinstance.py:1087} INFO - Dependencies all met for <TaskInstance: Can_I_change_name_to_this.remove_raw manual__2022-12-26T10:04:02.255034+00:00 [queued]>
[2022-12-26T10:05:22.417+0000] {taskinstance.py:1283} INFO - 
--------------------------------------------------------------------------------
[2022-12-26T10:05:22.419+0000] {taskinstance.py:1284} INFO - Starting attempt 1 of 1
[2022-12-26T10:05:22.421+0000] {taskinstance.py:1285} INFO - 
--------------------------------------------------------------------------------
[2022-12-26T10:05:22.469+0000] {taskinstance.py:1304} INFO - Executing <Task(BashOperator): remove_raw> on 2022-12-26 10:04:02.255034+00:00
[2022-12-26T10:05:22.491+0000] {standard_task_runner.py:55} INFO - Started process 397 to run task
[2022-12-26T10:05:22.510+0000] {standard_task_runner.py:82} INFO - Running: ['***', 'tasks', 'run', 'Can_I_change_name_to_this', 'remove_raw', 'manual__2022-12-26T10:04:02.255034+00:00', '--job-id', '279', '--raw', '--subdir', 'DAGS_FOLDER/dags.py', '--cfg-path', '/tmp/tmpbrqy6sqy']
[2022-12-26T10:05:22.514+0000] {standard_task_runner.py:83} INFO - Job 279: Subtask remove_raw
[2022-12-26T10:05:22.689+0000] {task_command.py:389} INFO - Running <TaskInstance: Can_I_change_name_to_this.remove_raw manual__2022-12-26T10:04:02.255034+00:00 [running]> on host 502390ac5559
[2022-12-26T10:05:22.768+0000] {taskinstance.py:1513} INFO - Exporting the following env vars:
AIRFLOW_CTX_DAG_OWNER=***
AIRFLOW_CTX_DAG_ID=Can_I_change_name_to_this
AIRFLOW_CTX_TASK_ID=remove_raw
AIRFLOW_CTX_EXECUTION_DATE=2022-12-26T10:04:02.255034+00:00
AIRFLOW_CTX_TRY_NUMBER=1
AIRFLOW_CTX_DAG_RUN_ID=manual__2022-12-26T10:04:02.255034+00:00
[2022-12-26T10:05:22.772+0000] {subprocess.py:63} INFO - Tmp dir root location: 
 /tmp
[2022-12-26T10:05:22.774+0000] {subprocess.py:75} INFO - Running command: ['/bin/bash', '-c', 'rm -f /opt/***/zone1/*']
[2022-12-26T10:05:22.793+0000] {subprocess.py:86} INFO - Output:
[2022-12-26T10:05:22.809+0000] {subprocess.py:97} INFO - Command exited with return code 0
[2022-12-26T10:05:22.843+0000] {taskinstance.py:1327} INFO - Marking task as SUCCESS. dag_id=Can_I_change_name_to_this, task_id=remove_raw, execution_date=20221226T100402, start_date=20221226T100522, end_date=20221226T100522
[2022-12-26T10:05:22.885+0000] {local_task_job.py:159} INFO - Task exited with return code 0
[2022-12-26T10:05:22.918+0000] {taskinstance.py:2582} INFO - 0 downstream tasks scheduled from follow-on schedule check
