[2022-12-17T09:54:09.814+0000] {taskinstance.py:1087} INFO - Dependencies all met for <TaskInstance: Can_I_change_name_to_this.task_2 manual__2022-12-17T09:53:31.433840+00:00 [queued]>
[2022-12-17T09:54:09.931+0000] {taskinstance.py:1087} INFO - Dependencies all met for <TaskInstance: Can_I_change_name_to_this.task_2 manual__2022-12-17T09:53:31.433840+00:00 [queued]>
[2022-12-17T09:54:09.935+0000] {taskinstance.py:1283} INFO - 
--------------------------------------------------------------------------------
[2022-12-17T09:54:09.939+0000] {taskinstance.py:1284} INFO - Starting attempt 1 of 1
[2022-12-17T09:54:09.942+0000] {taskinstance.py:1285} INFO - 
--------------------------------------------------------------------------------
[2022-12-17T09:54:10.105+0000] {taskinstance.py:1304} INFO - Executing <Task(BashOperator): task_2> on 2022-12-17 09:53:31.433840+00:00
[2022-12-17T09:54:10.144+0000] {standard_task_runner.py:55} INFO - Started process 1779 to run task
[2022-12-17T09:54:10.176+0000] {standard_task_runner.py:82} INFO - Running: ['***', 'tasks', 'run', 'Can_I_change_name_to_this', 'task_2', 'manual__2022-12-17T09:53:31.433840+00:00', '--job-id', '110', '--raw', '--subdir', 'DAGS_FOLDER/dags.py', '--cfg-path', '/tmp/tmp_4cioov4']
[2022-12-17T09:54:10.206+0000] {standard_task_runner.py:83} INFO - Job 110: Subtask task_2
[2022-12-17T09:54:10.644+0000] {task_command.py:389} INFO - Running <TaskInstance: Can_I_change_name_to_this.task_2 manual__2022-12-17T09:53:31.433840+00:00 [running]> on host 502390ac5559
[2022-12-17T09:54:11.177+0000] {taskinstance.py:1513} INFO - Exporting the following env vars:
AIRFLOW_CTX_DAG_OWNER=***
AIRFLOW_CTX_DAG_ID=Can_I_change_name_to_this
AIRFLOW_CTX_TASK_ID=task_2
AIRFLOW_CTX_EXECUTION_DATE=2022-12-17T09:53:31.433840+00:00
AIRFLOW_CTX_TRY_NUMBER=1
AIRFLOW_CTX_DAG_RUN_ID=manual__2022-12-17T09:53:31.433840+00:00
[2022-12-17T09:54:11.219+0000] {subprocess.py:63} INFO - Tmp dir root location: 
 /tmp
[2022-12-17T09:54:11.260+0000] {subprocess.py:75} INFO - Running command: ['/bin/bash', '-c', 'python /opt/***/tasks/lol_champ_counter_stat.py ']
[2022-12-17T09:54:11.314+0000] {subprocess.py:86} INFO - Output:
[2022-12-17T09:54:13.209+0000] {subprocess.py:93} INFO - {"message": "now scraping the champ counter stat", "time": "2022-12-17T09:54:13.179528"}
[2022-12-17T09:54:13.258+0000] {subprocess.py:93} INFO - 2022-12-17 09:54:13 [scrapy.utils.log] INFO: Scrapy 2.7.1 started (bot: scrapybot)
[2022-12-17T09:54:13.259+0000] {subprocess.py:93} INFO - 2022-12-17 09:54:13 [scrapy.utils.log] INFO: Versions: lxml 4.9.1.0, libxml2 2.9.14, cssselect 1.2.0, parsel 1.7.0, w3lib 2.1.1, Twisted 22.10.0, Python 3.7.15 (default, Nov 15 2022, 10:39:17) - [GCC 10.2.1 20210110], pyOpenSSL 22.0.0 (OpenSSL 1.1.1n  15 Mar 2022), cryptography 36.0.2, Platform Linux-5.10.124-linuxkit-aarch64-with-debian-11.5
[2022-12-17T09:54:13.261+0000] {subprocess.py:93} INFO - 2022-12-17 09:54:13 [scrapy.crawler] INFO: Overridden settings:
[2022-12-17T09:54:13.265+0000] {subprocess.py:93} INFO - {}
[2022-12-17T09:54:13.274+0000] {subprocess.py:93} INFO - 2022-12-17 09:54:13 [py.warnings] WARNING: /home/***/.local/lib/python3.7/site-packages/scrapy/utils/request.py:231: ScrapyDeprecationWarning: '2.6' is a deprecated value for the 'REQUEST_FINGERPRINTER_IMPLEMENTATION' setting.
[2022-12-17T09:54:13.279+0000] {subprocess.py:93} INFO - 
[2022-12-17T09:54:13.281+0000] {subprocess.py:93} INFO - It is also the default value. In other words, it is normal to get this warning if you have not defined a value for the 'REQUEST_FINGERPRINTER_IMPLEMENTATION' setting. This is so for backward compatibility reasons, but it will change in a future version of Scrapy.
[2022-12-17T09:54:13.282+0000] {subprocess.py:93} INFO - 
[2022-12-17T09:54:13.285+0000] {subprocess.py:93} INFO - See the documentation of the 'REQUEST_FINGERPRINTER_IMPLEMENTATION' setting for information on how to handle this deprecation.
[2022-12-17T09:54:13.286+0000] {subprocess.py:93} INFO -   return cls(crawler)
[2022-12-17T09:54:13.290+0000] {subprocess.py:93} INFO - 
[2022-12-17T09:54:13.295+0000] {subprocess.py:93} INFO - 2022-12-17 09:54:13 [scrapy.utils.log] DEBUG: Using reactor: twisted.internet.epollreactor.EPollReactor
[2022-12-17T09:54:13.305+0000] {subprocess.py:93} INFO - 2022-12-17 09:54:13 [scrapy.extensions.telnet] INFO: Telnet Password: 7a4267c63a8a070e
[2022-12-17T09:54:13.406+0000] {subprocess.py:93} INFO - 2022-12-17 09:54:13 [scrapy.middleware] INFO: Enabled extensions:
[2022-12-17T09:54:13.408+0000] {subprocess.py:93} INFO - ['scrapy.extensions.corestats.CoreStats',
[2022-12-17T09:54:13.416+0000] {subprocess.py:93} INFO -  'scrapy.extensions.telnet.TelnetConsole',
[2022-12-17T09:54:13.420+0000] {subprocess.py:93} INFO -  'scrapy.extensions.memusage.MemoryUsage',
[2022-12-17T09:54:13.420+0000] {subprocess.py:93} INFO -  'scrapy.extensions.logstats.LogStats']
[2022-12-17T09:54:13.857+0000] {subprocess.py:93} INFO - 2022-12-17 09:54:13 [scrapy.middleware] INFO: Enabled downloader middlewares:
[2022-12-17T09:54:13.861+0000] {subprocess.py:93} INFO - ['scrapy.downloadermiddlewares.httpauth.HttpAuthMiddleware',
[2022-12-17T09:54:13.863+0000] {subprocess.py:93} INFO -  'scrapy.downloadermiddlewares.downloadtimeout.DownloadTimeoutMiddleware',
[2022-12-17T09:54:13.865+0000] {subprocess.py:93} INFO -  'scrapy.downloadermiddlewares.defaultheaders.DefaultHeadersMiddleware',
[2022-12-17T09:54:13.867+0000] {subprocess.py:93} INFO -  'scrapy.downloadermiddlewares.useragent.UserAgentMiddleware',
[2022-12-17T09:54:13.870+0000] {subprocess.py:93} INFO -  'scrapy.downloadermiddlewares.retry.RetryMiddleware',
[2022-12-17T09:54:13.872+0000] {subprocess.py:93} INFO -  'scrapy.downloadermiddlewares.redirect.MetaRefreshMiddleware',
[2022-12-17T09:54:13.873+0000] {subprocess.py:93} INFO -  'scrapy.downloadermiddlewares.httpcompression.HttpCompressionMiddleware',
[2022-12-17T09:54:13.878+0000] {subprocess.py:93} INFO -  'scrapy.downloadermiddlewares.redirect.RedirectMiddleware',
[2022-12-17T09:54:13.881+0000] {subprocess.py:93} INFO -  'scrapy.downloadermiddlewares.cookies.CookiesMiddleware',
[2022-12-17T09:54:13.883+0000] {subprocess.py:93} INFO -  'scrapy.downloadermiddlewares.httpproxy.HttpProxyMiddleware',
[2022-12-17T09:54:13.888+0000] {subprocess.py:93} INFO -  'scrapy.downloadermiddlewares.stats.DownloaderStats']
[2022-12-17T09:54:13.892+0000] {subprocess.py:93} INFO - 2022-12-17 09:54:13 [scrapy.middleware] INFO: Enabled spider middlewares:
[2022-12-17T09:54:13.899+0000] {subprocess.py:93} INFO - ['scrapy.spidermiddlewares.httperror.HttpErrorMiddleware',
[2022-12-17T09:54:13.905+0000] {subprocess.py:93} INFO -  'scrapy.spidermiddlewares.offsite.OffsiteMiddleware',
[2022-12-17T09:54:13.909+0000] {subprocess.py:93} INFO -  'scrapy.spidermiddlewares.referer.RefererMiddleware',
[2022-12-17T09:54:13.912+0000] {subprocess.py:93} INFO -  'scrapy.spidermiddlewares.urllength.UrlLengthMiddleware',
[2022-12-17T09:54:13.912+0000] {subprocess.py:93} INFO -  'scrapy.spidermiddlewares.depth.DepthMiddleware']
[2022-12-17T09:54:13.919+0000] {subprocess.py:93} INFO - 2022-12-17 09:54:13 [scrapy.middleware] INFO: Enabled item pipelines:
[2022-12-17T09:54:13.923+0000] {subprocess.py:93} INFO - []
[2022-12-17T09:54:13.925+0000] {subprocess.py:93} INFO - 2022-12-17 09:54:13 [scrapy.core.engine] INFO: Spider opened
[2022-12-17T09:54:14.233+0000] {subprocess.py:93} INFO - 2022-12-17 09:54:14 [scrapy.extensions.logstats] INFO: Crawled 0 pages (at 0 pages/min), scraped 0 items (at 0 items/min)
[2022-12-17T09:54:14.239+0000] {subprocess.py:93} INFO - 2022-12-17 09:54:14 [scrapy.extensions.telnet] INFO: Telnet console listening on 127.0.0.1:6024
[2022-12-17T09:54:17.065+0000] {subprocess.py:93} INFO - 2022-12-17 09:54:17 [scrapy.core.engine] DEBUG: Crawled (200) <GET https://www.metasrc.com/5v5/stats> (referer: None)
[2022-12-17T09:54:17.478+0000] {subprocess.py:93} INFO - 2022-12-17 09:54:17 [scrapy.core.engine] DEBUG: Crawled (200) <GET https://www.metasrc.com/5v5/champion/graves/jungle> (referer: https://www.metasrc.com/5v5/stats)
[2022-12-17T09:54:17.483+0000] {subprocess.py:93} INFO - 2022-12-17 09:54:17 [scrapy.core.engine] DEBUG: Crawled (200) <GET https://www.metasrc.com/5v5/champion/gragas/jungle> (referer: https://www.metasrc.com/5v5/stats)
[2022-12-17T09:54:17.489+0000] {subprocess.py:93} INFO - 2022-12-17 09:54:17 [scrapy.core.engine] DEBUG: Crawled (200) <GET https://www.metasrc.com/5v5/champion/garen/top> (referer: https://www.metasrc.com/5v5/stats)
[2022-12-17T09:54:17.631+0000] {subprocess.py:93} INFO - 2022-12-17 09:54:17 [scrapy.core.engine] DEBUG: Crawled (200) <GET https://www.metasrc.com/5v5/champion/gangplank/mid> (referer: https://www.metasrc.com/5v5/stats)
[2022-12-17T09:54:18.346+0000] {subprocess.py:93} INFO - 2022-12-17 09:54:18 [scrapy.core.engine] DEBUG: Crawled (200) <GET https://www.metasrc.com/5v5/champion/aatrox/top> (referer: https://www.metasrc.com/5v5/stats)
[2022-12-17T09:54:18.442+0000] {subprocess.py:93} INFO - 2022-12-17 09:54:18 [scrapy.core.engine] DEBUG: Crawled (200) <GET https://www.metasrc.com/5v5/champion/gragas/mid> (referer: https://www.metasrc.com/5v5/stats)
[2022-12-17T09:54:18.492+0000] {subprocess.py:93} INFO - 2022-12-17 09:54:18 [scrapy.core.engine] DEBUG: Crawled (200) <GET https://www.metasrc.com/5v5/champion/gragas/top> (referer: https://www.metasrc.com/5v5/stats)
[2022-12-17T09:54:18.498+0000] {subprocess.py:93} INFO - 2022-12-17 09:54:18 [scrapy.core.engine] DEBUG: Crawled (200) <GET https://www.metasrc.com/5v5/champion/gnar/top> (referer: https://www.metasrc.com/5v5/stats)
[2022-12-17T09:54:18.505+0000] {subprocess.py:93} INFO - 2022-12-17 09:54:18 [scrapy.core.engine] DEBUG: Crawled (200) <GET https://www.metasrc.com/5v5/champion/gragas/support> (referer: https://www.metasrc.com/5v5/stats)
[2022-12-17T09:54:18.525+0000] {subprocess.py:93} INFO - 2022-12-17 09:54:18 [scrapy.core.engine] DEBUG: Crawled (200) <GET https://www.metasrc.com/5v5/champion/fiora/top> (referer: https://www.metasrc.com/5v5/stats)
[2022-12-17T09:54:18.708+0000] {subprocess.py:93} INFO - 2022-12-17 09:54:18 [scrapy.core.engine] DEBUG: Crawled (200) <GET https://www.metasrc.com/5v5/champion/galio/support> (referer: https://www.metasrc.com/5v5/stats)
[2022-12-17T09:54:18.712+0000] {subprocess.py:93} INFO - 2022-12-17 09:54:18 [scrapy.core.engine] DEBUG: Crawled (200) <GET https://www.metasrc.com/5v5/champion/fiddlesticks/jungle> (referer: https://www.metasrc.com/5v5/stats)
[2022-12-17T09:54:18.717+0000] {subprocess.py:93} INFO - 2022-12-17 09:54:18 [scrapy.core.engine] DEBUG: Crawled (200) <GET https://www.metasrc.com/5v5/champion/gangplank/top> (referer: https://www.metasrc.com/5v5/stats)
[2022-12-17T09:54:18.836+0000] {subprocess.py:93} INFO - 2022-12-17 09:54:18 [scrapy.core.engine] DEBUG: Crawled (200) <GET https://www.metasrc.com/5v5/champion/galio/mid> (referer: https://www.metasrc.com/5v5/stats)
[2022-12-17T09:54:18.923+0000] {subprocess.py:93} INFO - 2022-12-17 09:54:18 [scrapy.core.engine] DEBUG: Crawled (200) <GET https://www.metasrc.com/5v5/champion/zoe/mid> (referer: https://www.metasrc.com/5v5/stats)
[2022-12-17T09:54:19.482+0000] {subprocess.py:93} INFO - 2022-12-17 09:54:19 [scrapy.core.engine] DEBUG: Crawled (200) <GET https://www.metasrc.com/5v5/champion/fizz/mid> (referer: https://www.metasrc.com/5v5/stats)
[2022-12-17T09:54:19.757+0000] {subprocess.py:93} INFO - 2022-12-17 09:54:19 [scrapy.core.engine] DEBUG: Crawled (200) <GET https://www.metasrc.com/5v5/champion/fiddlesticks/support> (referer: https://www.metasrc.com/5v5/stats)
[2022-12-17T09:54:19.773+0000] {subprocess.py:93} INFO - 2022-12-17 09:54:19 [scrapy.core.engine] DEBUG: Crawled (200) <GET https://www.metasrc.com/5v5/champion/zyra/support> (referer: https://www.metasrc.com/5v5/stats)
[2022-12-17T09:54:19.783+0000] {subprocess.py:93} INFO - 2022-12-17 09:54:19 [scrapy.core.engine] DEBUG: Crawled (200) <GET https://www.metasrc.com/5v5/champion/zoe/support> (referer: https://www.metasrc.com/5v5/stats)
[2022-12-17T09:54:19.934+0000] {subprocess.py:93} INFO - 2022-12-17 09:54:19 [scrapy.core.engine] DEBUG: Crawled (200) <GET https://www.metasrc.com/5v5/champion/zed/mid> (referer: https://www.metasrc.com/5v5/stats)
[2022-12-17T09:54:19.942+0000] {subprocess.py:93} INFO - 2022-12-17 09:54:19 [scrapy.core.engine] DEBUG: Crawled (200) <GET https://www.metasrc.com/5v5/champion/zed/jungle> (referer: https://www.metasrc.com/5v5/stats)
[2022-12-17T09:54:19.948+0000] {subprocess.py:93} INFO - 2022-12-17 09:54:19 [scrapy.core.engine] DEBUG: Crawled (200) <GET https://www.metasrc.com/5v5/champion/zilean/mid> (referer: https://www.metasrc.com/5v5/stats)
[2022-12-17T09:54:19.959+0000] {subprocess.py:93} INFO - 2022-12-17 09:54:19 [scrapy.core.engine] DEBUG: Crawled (200) <GET https://www.metasrc.com/5v5/champion/zilean/support> (referer: https://www.metasrc.com/5v5/stats)
[2022-12-17T09:54:20.146+0000] {subprocess.py:93} INFO - 2022-12-17 09:54:20 [scrapy.core.engine] DEBUG: Crawled (200) <GET https://www.metasrc.com/5v5/champion/ziggs/support> (referer: https://www.metasrc.com/5v5/stats)
[2022-12-17T09:54:20.164+0000] {subprocess.py:93} INFO - 2022-12-17 09:54:20 [scrapy.core.engine] DEBUG: Crawled (200) <GET https://www.metasrc.com/5v5/champion/ziggs/adc> (referer: https://www.metasrc.com/5v5/stats)
[2022-12-17T09:54:20.393+0000] {subprocess.py:93} INFO - 2022-12-17 09:54:20 [scrapy.core.engine] DEBUG: Crawled (200) <GET https://www.metasrc.com/5v5/champion/zac/jungle> (referer: https://www.metasrc.com/5v5/stats)
[2022-12-17T09:54:20.498+0000] {subprocess.py:93} INFO - 2022-12-17 09:54:20 [scrapy.core.engine] DEBUG: Crawled (200) <GET https://www.metasrc.com/5v5/champion/yone/mid> (referer: https://www.metasrc.com/5v5/stats)
[2022-12-17T09:54:20.535+0000] {subprocess.py:93} INFO - 2022-12-17 09:54:20 [scrapy.core.engine] DEBUG: Crawled (200) <GET https://www.metasrc.com/5v5/champion/yone/top> (referer: https://www.metasrc.com/5v5/stats)
[2022-12-17T09:54:20.569+0000] {subprocess.py:93} INFO - 2022-12-17 09:54:20 [scrapy.core.engine] DEBUG: Crawled (200) <GET https://www.metasrc.com/5v5/champion/ziggs/mid> (referer: https://www.metasrc.com/5v5/stats)
[2022-12-17T09:54:20.645+0000] {subprocess.py:93} INFO - 2022-12-17 09:54:20 [scrapy.core.engine] DEBUG: Crawled (200) <GET https://www.metasrc.com/5v5/champion/yasuo/mid> (referer: https://www.metasrc.com/5v5/stats)
[2022-12-17T09:54:20.779+0000] {subprocess.py:93} INFO - 2022-12-17 09:54:20 [scrapy.core.engine] DEBUG: Crawled (200) <GET https://www.metasrc.com/5v5/champion/xerath/support> (referer: https://www.metasrc.com/5v5/stats)
[2022-12-17T09:54:20.910+0000] {subprocess.py:93} INFO - 2022-12-17 09:54:20 [scrapy.core.engine] DEBUG: Crawled (200) <GET https://www.metasrc.com/5v5/champion/zeri/adc> (referer: https://www.metasrc.com/5v5/stats)
[2022-12-17T09:54:21.219+0000] {subprocess.py:93} INFO - 2022-12-17 09:54:21 [scrapy.core.engine] DEBUG: Crawled (200) <GET https://www.metasrc.com/5v5/champion/zac/top> (referer: https://www.metasrc.com/5v5/stats)
[2022-12-17T09:54:21.257+0000] {subprocess.py:93} INFO - 2022-12-17 09:54:21 [scrapy.core.engine] DEBUG: Crawled (200) <GET https://www.metasrc.com/5v5/champion/yorick/top> (referer: https://www.metasrc.com/5v5/stats)
[2022-12-17T09:54:21.266+0000] {subprocess.py:93} INFO - 2022-12-17 09:54:21 [scrapy.core.engine] DEBUG: Crawled (200) <GET https://www.metasrc.com/5v5/champion/yuumi/support> (referer: https://www.metasrc.com/5v5/stats)
[2022-12-17T09:54:21.380+0000] {subprocess.py:93} INFO - 2022-12-17 09:54:21 [scrapy.core.engine] DEBUG: Crawled (200) <GET https://www.metasrc.com/5v5/champion/warwick/top> (referer: https://www.metasrc.com/5v5/stats)
[2022-12-17T09:54:21.384+0000] {subprocess.py:93} INFO - 2022-12-17 09:54:21 [scrapy.core.engine] DEBUG: Crawled (200) <GET https://www.metasrc.com/5v5/champion/monkeyking/jungle> (referer: https://www.metasrc.com/5v5/stats)
[2022-12-17T09:54:21.388+0000] {subprocess.py:93} INFO - 2022-12-17 09:54:21 [scrapy.core.engine] DEBUG: Crawled (200) <GET https://www.metasrc.com/5v5/champion/yasuo/adc> (referer: https://www.metasrc.com/5v5/stats)
[2022-12-17T09:54:21.611+0000] {subprocess.py:93} INFO - 2022-12-17 09:54:21 [scrapy.core.engine] DEBUG: Crawled (200) <GET https://www.metasrc.com/5v5/champion/yasuo/top> (referer: https://www.metasrc.com/5v5/stats)
[2022-12-17T09:54:21.691+0000] {subprocess.py:93} INFO - 2022-12-17 09:54:21 [scrapy.core.engine] DEBUG: Crawled (200) <GET https://www.metasrc.com/5v5/champion/xinzhao/jungle> (referer: https://www.metasrc.com/5v5/stats)
[2022-12-17T09:54:21.874+0000] {subprocess.py:93} INFO - 2022-12-17 09:54:21 [scrapy.core.engine] DEBUG: Crawled (200) <GET https://www.metasrc.com/5v5/champion/xerath/mid> (referer: https://www.metasrc.com/5v5/stats)
[2022-12-17T09:54:22.038+0000] {subprocess.py:93} INFO - 2022-12-17 09:54:22 [scrapy.core.engine] DEBUG: Crawled (200) <GET https://www.metasrc.com/5v5/champion/xayah/adc> (referer: https://www.metasrc.com/5v5/stats)
[2022-12-17T09:54:22.138+0000] {subprocess.py:93} INFO - 2022-12-17 09:54:22 [scrapy.core.engine] DEBUG: Crawled (200) <GET https://www.metasrc.com/5v5/champion/viego/jungle> (referer: https://www.metasrc.com/5v5/stats)
[2022-12-17T09:54:22.354+0000] {subprocess.py:93} INFO - 2022-12-17 09:54:22 [scrapy.core.engine] DEBUG: Crawled (200) <GET https://www.metasrc.com/5v5/champion/monkeyking/top> (referer: https://www.metasrc.com/5v5/stats)
[2022-12-17T09:54:22.577+0000] {subprocess.py:93} INFO - 2022-12-17 09:54:22 [scrapy.core.engine] DEBUG: Crawled (200) <GET https://www.metasrc.com/5v5/champion/volibear/top> (referer: https://www.metasrc.com/5v5/stats)
[2022-12-17T09:54:22.586+0000] {subprocess.py:93} INFO - 2022-12-17 09:54:22 [scrapy.core.engine] DEBUG: Crawled (200) <GET https://www.metasrc.com/5v5/champion/warwick/jungle> (referer: https://www.metasrc.com/5v5/stats)
[2022-12-17T09:54:22.593+0000] {subprocess.py:93} INFO - 2022-12-17 09:54:22 [scrapy.core.engine] DEBUG: Crawled (200) <GET https://www.metasrc.com/5v5/champion/volibear/jungle> (referer: https://www.metasrc.com/5v5/stats)
[2022-12-17T09:54:22.678+0000] {subprocess.py:93} INFO - 2022-12-17 09:54:22 [scrapy.core.engine] DEBUG: Crawled (200) <GET https://www.metasrc.com/5v5/champion/vladimir/top> (referer: https://www.metasrc.com/5v5/stats)
[2022-12-17T09:54:22.723+0000] {subprocess.py:93} INFO - 2022-12-17 09:54:22 [scrapy.core.engine] DEBUG: Crawled (200) <GET https://www.metasrc.com/5v5/champion/velkoz/support> (referer: https://www.metasrc.com/5v5/stats)
[2022-12-17T09:54:22.854+0000] {subprocess.py:93} INFO - 2022-12-17 09:54:22 [scrapy.core.engine] DEBUG: Crawled (200) <GET https://www.metasrc.com/5v5/champion/vladimir/mid> (referer: https://www.metasrc.com/5v5/stats)
[2022-12-17T09:54:22.895+0000] {subprocess.py:93} INFO - 2022-12-17 09:54:22 [scrapy.core.engine] DEBUG: Crawled (200) <GET https://www.metasrc.com/5v5/champion/veigar/mid> (referer: https://www.metasrc.com/5v5/stats)
[2022-12-17T09:54:23.005+0000] {subprocess.py:93} INFO - 2022-12-17 09:54:23 [scrapy.core.engine] DEBUG: Crawled (200) <GET https://www.metasrc.com/5v5/champion/viktor/mid> (referer: https://www.metasrc.com/5v5/stats)
[2022-12-17T09:54:23.058+0000] {subprocess.py:93} INFO - 2022-12-17 09:54:23 [scrapy.core.engine] DEBUG: Crawled (200) <GET https://www.metasrc.com/5v5/champion/vayne/adc> (referer: https://www.metasrc.com/5v5/stats)
[2022-12-17T09:54:23.211+0000] {subprocess.py:93} INFO - 2022-12-17 09:54:23 [scrapy.core.engine] DEBUG: Crawled (200) <GET https://www.metasrc.com/5v5/champion/vi/jungle> (referer: https://www.metasrc.com/5v5/stats)
[2022-12-17T09:54:23.359+0000] {subprocess.py:93} INFO - 2022-12-17 09:54:23 [scrapy.core.engine] DEBUG: Crawled (200) <GET https://www.metasrc.com/5v5/champion/urgot/top> (referer: https://www.metasrc.com/5v5/stats)
[2022-12-17T09:54:23.450+0000] {subprocess.py:93} INFO - 2022-12-17 09:54:23 [scrapy.core.engine] DEBUG: Crawled (200) <GET https://www.metasrc.com/5v5/champion/vex/mid> (referer: https://www.metasrc.com/5v5/stats)
[2022-12-17T09:54:23.493+0000] {subprocess.py:93} INFO - 2022-12-17 09:54:23 [scrapy.core.engine] DEBUG: Crawled (200) <GET https://www.metasrc.com/5v5/champion/udyr/jungle> (referer: https://www.metasrc.com/5v5/stats)
[2022-12-17T09:54:23.550+0000] {subprocess.py:93} INFO - 2022-12-17 09:54:23 [scrapy.core.engine] DEBUG: Crawled (200) <GET https://www.metasrc.com/5v5/champion/twitch/support> (referer: https://www.metasrc.com/5v5/stats)
[2022-12-17T09:54:23.682+0000] {subprocess.py:93} INFO - 2022-12-17 09:54:23 [scrapy.core.engine] DEBUG: Crawled (200) <GET https://www.metasrc.com/5v5/champion/twitch/adc> (referer: https://www.metasrc.com/5v5/stats)
[2022-12-17T09:54:23.702+0000] {subprocess.py:93} INFO - 2022-12-17 09:54:23 [scrapy.core.engine] DEBUG: Crawled (200) <GET https://www.metasrc.com/5v5/champion/velkoz/mid> (referer: https://www.metasrc.com/5v5/stats)
[2022-12-17T09:54:23.722+0000] {subprocess.py:93} INFO - 2022-12-17 09:54:23 [scrapy.core.engine] DEBUG: Crawled (200) <GET https://www.metasrc.com/5v5/champion/veigar/support> (referer: https://www.metasrc.com/5v5/stats)
[2022-12-17T09:54:23.826+0000] {subprocess.py:93} INFO - 2022-12-17 09:54:23 [scrapy.core.engine] DEBUG: Crawled (200) <GET https://www.metasrc.com/5v5/champion/veigar/adc> (referer: https://www.metasrc.com/5v5/stats)
[2022-12-17T09:54:23.983+0000] {subprocess.py:93} INFO - 2022-12-17 09:54:23 [scrapy.core.engine] DEBUG: Crawled (200) <GET https://www.metasrc.com/5v5/champion/vayne/top> (referer: https://www.metasrc.com/5v5/stats)
[2022-12-17T09:54:24.067+0000] {subprocess.py:93} INFO - 2022-12-17 09:54:24 [scrapy.core.engine] DEBUG: Crawled (200) <GET https://www.metasrc.com/5v5/champion/trundle/jungle> (referer: https://www.metasrc.com/5v5/stats)
[2022-12-17T09:54:24.148+0000] {subprocess.py:93} INFO - 2022-12-17 09:54:24 [scrapy.core.engine] DEBUG: Crawled (200) <GET https://www.metasrc.com/5v5/champion/varus/mid> (referer: https://www.metasrc.com/5v5/stats)
[2022-12-17T09:54:24.162+0000] {subprocess.py:93} INFO - 2022-12-17 09:54:24 [scrapy.core.engine] DEBUG: Crawled (200) <GET https://www.metasrc.com/5v5/champion/tristana/mid> (referer: https://www.metasrc.com/5v5/stats)
[2022-12-17T09:54:24.217+0000] {subprocess.py:93} INFO - 2022-12-17 09:54:24 [scrapy.core.engine] DEBUG: Crawled (200) <GET https://www.metasrc.com/5v5/champion/varus/adc> (referer: https://www.metasrc.com/5v5/stats)
[2022-12-17T09:54:24.636+0000] {subprocess.py:93} INFO - 2022-12-17 09:54:24 [scrapy.core.engine] DEBUG: Crawled (200) <GET https://www.metasrc.com/5v5/champion/twitch/mid> (referer: https://www.metasrc.com/5v5/stats)
[2022-12-17T09:54:24.661+0000] {subprocess.py:93} INFO - 2022-12-17 09:54:24 [scrapy.core.engine] DEBUG: Crawled (200) <GET https://www.metasrc.com/5v5/champion/tryndamere/top> (referer: https://www.metasrc.com/5v5/stats)
[2022-12-17T09:54:24.928+0000] {subprocess.py:93} INFO - 2022-12-17 09:54:24 [scrapy.core.engine] DEBUG: Crawled (200) <GET https://www.metasrc.com/5v5/champion/talon/jungle> (referer: https://www.metasrc.com/5v5/stats)
[2022-12-17T09:54:24.940+0000] {subprocess.py:93} INFO - 2022-12-17 09:54:24 [scrapy.core.engine] DEBUG: Crawled (200) <GET https://www.metasrc.com/5v5/champion/tryndamere/mid> (referer: https://www.metasrc.com/5v5/stats)
[2022-12-17T09:54:24.948+0000] {subprocess.py:93} INFO - 2022-12-17 09:54:24 [scrapy.core.engine] DEBUG: Crawled (200) <GET https://www.metasrc.com/5v5/champion/twistedfate/mid> (referer: https://www.metasrc.com/5v5/stats)
[2022-12-17T09:54:24.987+0000] {subprocess.py:93} INFO - 2022-12-17 09:54:24 [scrapy.core.engine] DEBUG: Crawled (200) <GET https://www.metasrc.com/5v5/champion/trundle/top> (referer: https://www.metasrc.com/5v5/stats)
[2022-12-17T09:54:25.181+0000] {subprocess.py:93} INFO - 2022-12-17 09:54:25 [scrapy.core.engine] DEBUG: Crawled (200) <GET https://www.metasrc.com/5v5/champion/talon/mid> (referer: https://www.metasrc.com/5v5/stats)
[2022-12-17T09:54:25.186+0000] {subprocess.py:93} INFO - 2022-12-17 09:54:25 [scrapy.core.engine] DEBUG: Crawled (200) <GET https://www.metasrc.com/5v5/champion/teemo/top> (referer: https://www.metasrc.com/5v5/stats)
[2022-12-17T09:54:25.250+0000] {subprocess.py:93} INFO - 2022-12-17 09:54:25 [scrapy.core.engine] DEBUG: Crawled (200) <GET https://www.metasrc.com/5v5/champion/tristana/adc> (referer: https://www.metasrc.com/5v5/stats)
[2022-12-17T09:54:25.265+0000] {subprocess.py:93} INFO - 2022-12-17 09:54:25 [scrapy.core.engine] DEBUG: Crawled (200) <GET https://www.metasrc.com/5v5/champion/tahmkench/top> (referer: https://www.metasrc.com/5v5/stats)
[2022-12-17T09:54:25.280+0000] {subprocess.py:93} INFO - 2022-12-17 09:54:25 [scrapy.core.engine] DEBUG: Crawled (200) <GET https://www.metasrc.com/5v5/champion/thresh/support> (referer: https://www.metasrc.com/5v5/stats)
[2022-12-17T09:54:25.441+0000] {subprocess.py:93} INFO - 2022-12-17 09:54:25 [scrapy.core.engine] DEBUG: Crawled (200) <GET https://www.metasrc.com/5v5/champion/syndra/mid> (referer: https://www.metasrc.com/5v5/stats)
[2022-12-17T09:54:25.439+0000] {subprocess.py:93} INFO - 2022-12-17 09:54:25 [scrapy.core.engine] DEBUG: Crawled (200) <GET https://www.metasrc.com/5v5/champion/taric/support> (referer: https://www.metasrc.com/5v5/stats)
[2022-12-17T09:54:25.520+0000] {subprocess.py:93} INFO - 2022-12-17 09:54:25 [scrapy.core.engine] DEBUG: Crawled (200) <GET https://www.metasrc.com/5v5/champion/swain/support> (referer: https://www.metasrc.com/5v5/stats)
[2022-12-17T09:54:25.799+0000] {subprocess.py:93} INFO - 2022-12-17 09:54:25 [scrapy.core.engine] DEBUG: Crawled (200) <GET https://www.metasrc.com/5v5/champion/taliyah/jungle> (referer: https://www.metasrc.com/5v5/stats)
[2022-12-17T09:54:25.813+0000] {subprocess.py:93} INFO - 2022-12-17 09:54:25 [scrapy.core.engine] DEBUG: Crawled (200) <GET https://www.metasrc.com/5v5/champion/taliyah/support> (referer: https://www.metasrc.com/5v5/stats)
[2022-12-17T09:54:25.824+0000] {subprocess.py:93} INFO - 2022-12-17 09:54:25 [scrapy.core.engine] DEBUG: Crawled (200) <GET https://www.metasrc.com/5v5/champion/taliyah/mid> (referer: https://www.metasrc.com/5v5/stats)
[2022-12-17T09:54:25.942+0000] {subprocess.py:93} INFO - 2022-12-17 09:54:25 [scrapy.core.engine] DEBUG: Crawled (200) <GET https://www.metasrc.com/5v5/champion/sona/support> (referer: https://www.metasrc.com/5v5/stats)
[2022-12-17T09:54:26.053+0000] {subprocess.py:93} INFO - 2022-12-17 09:54:26 [scrapy.core.engine] DEBUG: Crawled (200) <GET https://www.metasrc.com/5v5/champion/tahmkench/support> (referer: https://www.metasrc.com/5v5/stats)
[2022-12-17T09:54:26.112+0000] {subprocess.py:93} INFO - 2022-12-17 09:54:26 [scrapy.core.engine] DEBUG: Crawled (200) <GET https://www.metasrc.com/5v5/champion/sylas/jungle> (referer: https://www.metasrc.com/5v5/stats)
[2022-12-17T09:54:26.157+0000] {subprocess.py:93} INFO - 2022-12-17 09:54:26 [scrapy.core.engine] DEBUG: Crawled (200) <GET https://www.metasrc.com/5v5/champion/sylas/mid> (referer: https://www.metasrc.com/5v5/stats)
[2022-12-17T09:54:26.284+0000] {subprocess.py:93} INFO - 2022-12-17 09:54:26 [scrapy.core.engine] DEBUG: Crawled (200) <GET https://www.metasrc.com/5v5/champion/swain/mid> (referer: https://www.metasrc.com/5v5/stats)
[2022-12-17T09:54:26.302+0000] {subprocess.py:93} INFO - 2022-12-17 09:54:26 [scrapy.core.engine] DEBUG: Crawled (200) <GET https://www.metasrc.com/5v5/champion/singed/mid> (referer: https://www.metasrc.com/5v5/stats)
[2022-12-17T09:54:26.461+0000] {subprocess.py:93} INFO - 2022-12-17 09:54:26 [scrapy.core.engine] DEBUG: Crawled (200) <GET https://www.metasrc.com/5v5/champion/soraka/support> (referer: https://www.metasrc.com/5v5/stats)
[2022-12-17T09:54:26.778+0000] {subprocess.py:93} INFO - 2022-12-17 09:54:26 [scrapy.core.engine] DEBUG: Crawled (200) <GET https://www.metasrc.com/5v5/champion/skarner/top> (referer: https://www.metasrc.com/5v5/stats)
[2022-12-17T09:54:26.815+0000] {subprocess.py:93} INFO - 2022-12-17 09:54:26 [scrapy.core.engine] DEBUG: Crawled (200) <GET https://www.metasrc.com/5v5/champion/sion/top> (referer: https://www.metasrc.com/5v5/stats)
[2022-12-17T09:54:26.968+0000] {subprocess.py:93} INFO - 2022-12-17 09:54:26 [scrapy.core.engine] DEBUG: Crawled (200) <GET https://www.metasrc.com/5v5/champion/skarner/jungle> (referer: https://www.metasrc.com/5v5/stats)
[2022-12-17T09:54:30.640+0000] {subprocess.py:93} INFO - 2022-12-17 09:54:30 [scrapy.core.engine] DEBUG: Crawled (200) <GET https://www.metasrc.com/5v5/champion/singed/top> (referer: https://www.metasrc.com/5v5/stats)
[2022-12-17T09:54:30.660+0000] {subprocess.py:93} INFO - 2022-12-17 09:54:30 [scrapy.core.engine] DEBUG: Crawled (200) <GET https://www.metasrc.com/5v5/champion/sivir/adc> (referer: https://www.metasrc.com/5v5/stats)
[2022-12-17T09:54:30.684+0000] {subprocess.py:93} INFO - 2022-12-17 09:54:30 [scrapy.core.engine] DEBUG: Crawled (200) <GET https://www.metasrc.com/5v5/champion/shyvana/top> (referer: https://www.metasrc.com/5v5/stats)
[2022-12-17T09:54:30.699+0000] {subprocess.py:93} INFO - 2022-12-17 09:54:30 [scrapy.core.engine] DEBUG: Crawled (200) <GET https://www.metasrc.com/5v5/champion/shyvana/jungle> (referer: https://www.metasrc.com/5v5/stats)
[2022-12-17T09:54:30.716+0000] {subprocess.py:93} INFO - 2022-12-17 09:54:30 [scrapy.core.engine] DEBUG: Crawled (200) <GET https://www.metasrc.com/5v5/champion/shen/support> (referer: https://www.metasrc.com/5v5/stats)
[2022-12-17T09:54:30.731+0000] {subprocess.py:93} INFO - 2022-12-17 09:54:30 [scrapy.core.engine] DEBUG: Crawled (200) <GET https://www.metasrc.com/5v5/champion/shaco/support> (referer: https://www.metasrc.com/5v5/stats)
[2022-12-17T09:54:30.773+0000] {subprocess.py:93} INFO - 2022-12-17 09:54:30 [scrapy.core.engine] DEBUG: Crawled (200) <GET https://www.metasrc.com/5v5/champion/shen/top> (referer: https://www.metasrc.com/5v5/stats)
[2022-12-17T09:54:32.571+0000] {subprocess.py:93} INFO - 2022-12-17 09:54:32 [scrapy.core.engine] DEBUG: Crawled (200) <GET https://www.metasrc.com/5v5/champion/shaco/jungle> (referer: https://www.metasrc.com/5v5/stats)
[2022-12-17T09:54:33.586+0000] {subprocess.py:93} INFO - 2022-12-17 09:54:33 [scrapy.core.engine] DEBUG: Crawled (200) <GET https://www.metasrc.com/5v5/champion/senna/support> (referer: https://www.metasrc.com/5v5/stats)
[2022-12-17T09:54:33.605+0000] {subprocess.py:93} INFO - 2022-12-17 09:54:33 [scrapy.core.engine] DEBUG: Crawled (200) <GET https://www.metasrc.com/5v5/champion/samira/adc> (referer: https://www.metasrc.com/5v5/stats)
[2022-12-17T09:54:34.459+0000] {subprocess.py:93} INFO - 2022-12-17 09:54:34 [scrapy.core.engine] DEBUG: Crawled (200) <GET https://www.metasrc.com/5v5/champion/sejuani/jungle> (referer: https://www.metasrc.com/5v5/stats)
[2022-12-17T09:54:35.960+0000] {subprocess.py:93} INFO - 2022-12-17 09:54:35 [scrapy.core.engine] DEBUG: Crawled (200) <GET https://www.metasrc.com/5v5/champion/sejuani/top> (referer: https://www.metasrc.com/5v5/stats)
[2022-12-17T09:54:36.083+0000] {subprocess.py:93} INFO - 2022-12-17 09:54:36 [scrapy.core.engine] DEBUG: Crawled (200) <GET https://www.metasrc.com/5v5/champion/seraphine/support> (referer: https://www.metasrc.com/5v5/stats)
[2022-12-17T09:54:36.335+0000] {subprocess.py:93} INFO - 2022-12-17 09:54:36 [scrapy.core.engine] DEBUG: Crawled (200) <GET https://www.metasrc.com/5v5/champion/sett/top> (referer: https://www.metasrc.com/5v5/stats)
[2022-12-17T09:54:36.368+0000] {subprocess.py:93} INFO - 2022-12-17 09:54:36 [scrapy.core.engine] DEBUG: Crawled (200) <GET https://www.metasrc.com/5v5/champion/seraphine/adc> (referer: https://www.metasrc.com/5v5/stats)
[2022-12-17T09:54:38.417+0000] {subprocess.py:93} INFO - 2022-12-17 09:54:38 [scrapy.core.engine] DEBUG: Crawled (200) <GET https://www.metasrc.com/5v5/champion/ryze/mid> (referer: https://www.metasrc.com/5v5/stats)
[2022-12-17T09:54:38.504+0000] {subprocess.py:93} INFO - 2022-12-17 09:54:38 [scrapy.core.engine] DEBUG: Crawled (200) <GET https://www.metasrc.com/5v5/champion/rumble/jungle> (referer: https://www.metasrc.com/5v5/stats)
[2022-12-17T09:54:38.671+0000] {subprocess.py:93} INFO - 2022-12-17 09:54:38 [scrapy.core.engine] DEBUG: Crawled (200) <GET https://www.metasrc.com/5v5/champion/ryze/top> (referer: https://www.metasrc.com/5v5/stats)
[2022-12-17T09:54:39.620+0000] {subprocess.py:93} INFO - 2022-12-17 09:54:39 [scrapy.core.engine] DEBUG: Crawled (200) <GET https://www.metasrc.com/5v5/champion/rumble/mid> (referer: https://www.metasrc.com/5v5/stats)
[2022-12-17T09:54:39.858+0000] {subprocess.py:93} INFO - 2022-12-17 09:54:39 [scrapy.core.engine] DEBUG: Crawled (200) <GET https://www.metasrc.com/5v5/champion/rengar/jungle> (referer: https://www.metasrc.com/5v5/stats)
[2022-12-17T09:54:39.911+0000] {subprocess.py:93} INFO - 2022-12-17 09:54:39 [scrapy.core.engine] DEBUG: Crawled (200) <GET https://www.metasrc.com/5v5/champion/rumble/top> (referer: https://www.metasrc.com/5v5/stats)
[2022-12-17T09:54:39.927+0000] {subprocess.py:93} INFO - 2022-12-17 09:54:39 [scrapy.core.engine] DEBUG: Crawled (200) <GET https://www.metasrc.com/5v5/champion/reksai/jungle> (referer: https://www.metasrc.com/5v5/stats)
[2022-12-17T09:54:40.364+0000] {subprocess.py:93} INFO - 2022-12-17 09:54:40 [scrapy.core.engine] DEBUG: Crawled (200) <GET https://www.metasrc.com/5v5/champion/riven/top> (referer: https://www.metasrc.com/5v5/stats)
[2022-12-17T09:54:41.004+0000] {subprocess.py:93} INFO - 2022-12-17 09:54:40 [scrapy.core.engine] DEBUG: Crawled (200) <GET https://www.metasrc.com/5v5/champion/rengar/top> (referer: https://www.metasrc.com/5v5/stats)
[2022-12-17T09:54:41.009+0000] {subprocess.py:93} INFO - 2022-12-17 09:54:40 [scrapy.core.engine] DEBUG: Crawled (200) <GET https://www.metasrc.com/5v5/champion/renekton/top> (referer: https://www.metasrc.com/5v5/stats)
[2022-12-17T09:54:41.014+0000] {subprocess.py:93} INFO - 2022-12-17 09:54:40 [scrapy.core.engine] DEBUG: Crawled (200) <GET https://www.metasrc.com/5v5/champion/renekton/mid> (referer: https://www.metasrc.com/5v5/stats)
[2022-12-17T09:54:41.024+0000] {subprocess.py:93} INFO - 2022-12-17 09:54:40 [scrapy.core.engine] DEBUG: Crawled (200) <GET https://www.metasrc.com/5v5/champion/renata/support> (referer: https://www.metasrc.com/5v5/stats)
[2022-12-17T09:54:41.485+0000] {subprocess.py:93} INFO - 2022-12-17 09:54:41 [scrapy.core.engine] DEBUG: Crawled (200) <GET https://www.metasrc.com/5v5/champion/rakan/support> (referer: https://www.metasrc.com/5v5/stats)
[2022-12-17T09:54:41.519+0000] {subprocess.py:93} INFO - 2022-12-17 09:54:41 [scrapy.core.engine] DEBUG: Crawled (200) <GET https://www.metasrc.com/5v5/champion/rell/support> (referer: https://www.metasrc.com/5v5/stats)
[2022-12-17T09:54:41.575+0000] {subprocess.py:93} INFO - 2022-12-17 09:54:41 [scrapy.core.engine] DEBUG: Crawled (200) <GET https://www.metasrc.com/5v5/champion/rammus/jungle> (referer: https://www.metasrc.com/5v5/stats)
[2022-12-17T09:54:44.877+0000] {subprocess.py:93} INFO - 2022-12-17 09:54:44 [scrapy.core.engine] DEBUG: Crawled (200) <GET https://www.metasrc.com/5v5/champion/quinn/adc> (referer: https://www.metasrc.com/5v5/stats)
[2022-12-17T09:54:44.966+0000] {subprocess.py:93} INFO - 2022-12-17 09:54:44 [scrapy.core.engine] DEBUG: Crawled (200) <GET https://www.metasrc.com/5v5/champion/quinn/top> (referer: https://www.metasrc.com/5v5/stats)
[2022-12-17T09:54:44.994+0000] {subprocess.py:93} INFO - 2022-12-17 09:54:44 [scrapy.core.engine] DEBUG: Crawled (200) <GET https://www.metasrc.com/5v5/champion/quinn/mid> (referer: https://www.metasrc.com/5v5/stats)
[2022-12-17T09:54:45.020+0000] {subprocess.py:93} INFO - 2022-12-17 09:54:45 [scrapy.core.engine] DEBUG: Crawled (200) <GET https://www.metasrc.com/5v5/champion/qiyana/jungle> (referer: https://www.metasrc.com/5v5/stats)
[2022-12-17T09:54:45.035+0000] {subprocess.py:93} INFO - 2022-12-17 09:54:45 [scrapy.core.engine] DEBUG: Crawled (200) <GET https://www.metasrc.com/5v5/champion/qiyana/mid> (referer: https://www.metasrc.com/5v5/stats)
[2022-12-17T09:54:45.716+0000] {subprocess.py:93} INFO - 2022-12-17 09:54:45 [scrapy.core.engine] DEBUG: Crawled (200) <GET https://www.metasrc.com/5v5/champion/pyke/support> (referer: https://www.metasrc.com/5v5/stats)
[2022-12-17T09:54:46.797+0000] {subprocess.py:93} INFO - 2022-12-17 09:54:46 [scrapy.core.engine] DEBUG: Crawled (200) <GET https://www.metasrc.com/5v5/champion/pantheon/support> (referer: https://www.metasrc.com/5v5/stats)
[2022-12-17T09:54:46.862+0000] {subprocess.py:93} INFO - 2022-12-17 09:54:46 [scrapy.core.engine] DEBUG: Crawled (200) <GET https://www.metasrc.com/5v5/champion/pantheon/top> (referer: https://www.metasrc.com/5v5/stats)
[2022-12-17T09:54:46.903+0000] {subprocess.py:93} INFO - 2022-12-17 09:54:46 [scrapy.core.engine] DEBUG: Crawled (200) <GET https://www.metasrc.com/5v5/champion/pantheon/mid> (referer: https://www.metasrc.com/5v5/stats)
[2022-12-17T09:54:47.089+0000] {subprocess.py:93} INFO - 2022-12-17 09:54:47 [scrapy.core.engine] DEBUG: Crawled (200) <GET https://www.metasrc.com/5v5/champion/ornn/top> (referer: https://www.metasrc.com/5v5/stats)
[2022-12-17T09:54:47.179+0000] {subprocess.py:93} INFO - 2022-12-17 09:54:47 [scrapy.core.engine] DEBUG: Crawled (200) <GET https://www.metasrc.com/5v5/champion/poppy/jungle> (referer: https://www.metasrc.com/5v5/stats)
[2022-12-17T09:54:47.230+0000] {subprocess.py:93} INFO - 2022-12-17 09:54:47 [scrapy.core.engine] DEBUG: Crawled (200) <GET https://www.metasrc.com/5v5/champion/poppy/support> (referer: https://www.metasrc.com/5v5/stats)
[2022-12-17T09:54:48.707+0000] {subprocess.py:93} INFO - 2022-12-17 09:54:48 [scrapy.core.engine] DEBUG: Crawled (200) <GET https://www.metasrc.com/5v5/champion/orianna/mid> (referer: https://www.metasrc.com/5v5/stats)
[2022-12-17T09:54:48.803+0000] {subprocess.py:93} INFO - 2022-12-17 09:54:48 [scrapy.core.engine] DEBUG: Crawled (200) <GET https://www.metasrc.com/5v5/champion/poppy/top> (referer: https://www.metasrc.com/5v5/stats)
[2022-12-17T09:54:50.909+0000] {subprocess.py:93} INFO - 2022-12-17 09:54:50 [scrapy.core.engine] DEBUG: Crawled (200) <GET https://www.metasrc.com/5v5/champion/olaf/jungle> (referer: https://www.metasrc.com/5v5/stats)
[2022-12-17T09:54:50.991+0000] {subprocess.py:93} INFO - 2022-12-17 09:54:50 [scrapy.core.engine] DEBUG: Crawled (200) <GET https://www.metasrc.com/5v5/champion/olaf/top> (referer: https://www.metasrc.com/5v5/stats)
[2022-12-17T09:54:51.045+0000] {subprocess.py:93} INFO - 2022-12-17 09:54:51 [scrapy.core.engine] DEBUG: Crawled (200) <GET https://www.metasrc.com/5v5/champion/nunu/jungle> (referer: https://www.metasrc.com/5v5/stats)
[2022-12-17T09:54:51.080+0000] {subprocess.py:93} INFO - 2022-12-17 09:54:51 [scrapy.core.engine] DEBUG: Crawled (200) <GET https://www.metasrc.com/5v5/champion/nocturne/jungle> (referer: https://www.metasrc.com/5v5/stats)
[2022-12-17T09:54:51.090+0000] {subprocess.py:93} INFO - 2022-12-17 09:54:51 [scrapy.core.engine] DEBUG: Crawled (200) <GET https://www.metasrc.com/5v5/champion/nilah/adc> (referer: https://www.metasrc.com/5v5/stats)
[2022-12-17T09:54:51.105+0000] {subprocess.py:93} INFO - 2022-12-17 09:54:51 [scrapy.core.engine] DEBUG: Crawled (200) <GET https://www.metasrc.com/5v5/champion/nidalee/jungle> (referer: https://www.metasrc.com/5v5/stats)
[2022-12-17T09:54:51.795+0000] {subprocess.py:93} INFO - 2022-12-17 09:54:51 [scrapy.core.engine] DEBUG: Crawled (200) <GET https://www.metasrc.com/5v5/champion/nautilus/support> (referer: https://www.metasrc.com/5v5/stats)
[2022-12-17T09:54:51.910+0000] {subprocess.py:93} INFO - 2022-12-17 09:54:51 [scrapy.core.engine] DEBUG: Crawled (200) <GET https://www.metasrc.com/5v5/champion/nasus/top> (referer: https://www.metasrc.com/5v5/stats)
[2022-12-17T09:54:52.003+0000] {subprocess.py:93} INFO - 2022-12-17 09:54:52 [scrapy.core.engine] DEBUG: Crawled (200) <GET https://www.metasrc.com/5v5/champion/nami/support> (referer: https://www.metasrc.com/5v5/stats)
[2022-12-17T09:54:52.051+0000] {subprocess.py:93} INFO - 2022-12-17 09:54:52 [scrapy.core.engine] DEBUG: Crawled (200) <GET https://www.metasrc.com/5v5/champion/neeko/mid> (referer: https://www.metasrc.com/5v5/stats)
[2022-12-17T09:54:52.579+0000] {subprocess.py:93} INFO - 2022-12-17 09:54:52 [scrapy.core.engine] DEBUG: Crawled (200) <GET https://www.metasrc.com/5v5/champion/neeko/support> (referer: https://www.metasrc.com/5v5/stats)
[2022-12-17T09:54:52.607+0000] {subprocess.py:93} INFO - 2022-12-17 09:54:52 [scrapy.core.engine] DEBUG: Crawled (200) <GET https://www.metasrc.com/5v5/champion/nasus/mid> (referer: https://www.metasrc.com/5v5/stats)
[2022-12-17T09:54:52.628+0000] {subprocess.py:93} INFO - 2022-12-17 09:54:52 [scrapy.core.engine] DEBUG: Crawled (200) <GET https://www.metasrc.com/5v5/champion/morgana/support> (referer: https://www.metasrc.com/5v5/stats)
[2022-12-17T09:54:52.863+0000] {subprocess.py:93} INFO - 2022-12-17 09:54:52 [scrapy.core.engine] DEBUG: Crawled (200) <GET https://www.metasrc.com/5v5/champion/missfortune/adc> (referer: https://www.metasrc.com/5v5/stats)
[2022-12-17T09:54:52.871+0000] {subprocess.py:93} INFO - 2022-12-17 09:54:52 [scrapy.core.engine] DEBUG: Crawled (200) <GET https://www.metasrc.com/5v5/champion/mordekaiser/jungle> (referer: https://www.metasrc.com/5v5/stats)
[2022-12-17T09:54:53.040+0000] {subprocess.py:93} INFO - 2022-12-17 09:54:53 [scrapy.core.engine] DEBUG: Crawled (200) <GET https://www.metasrc.com/5v5/champion/maokai/support> (referer: https://www.metasrc.com/5v5/stats)
[2022-12-17T09:54:53.160+0000] {subprocess.py:93} INFO - 2022-12-17 09:54:53 [scrapy.core.engine] DEBUG: Crawled (200) <GET https://www.metasrc.com/5v5/champion/malphite/top> (referer: https://www.metasrc.com/5v5/stats)
[2022-12-17T09:54:53.226+0000] {subprocess.py:93} INFO - 2022-12-17 09:54:53 [scrapy.core.engine] DEBUG: Crawled (200) <GET https://www.metasrc.com/5v5/champion/malphite/support> (referer: https://www.metasrc.com/5v5/stats)
[2022-12-17T09:54:54.779+0000] {subprocess.py:93} INFO - 2022-12-17 09:54:54 [scrapy.core.engine] DEBUG: Crawled (200) <GET https://www.metasrc.com/5v5/champion/lux/support> (referer: https://www.metasrc.com/5v5/stats)
[2022-12-17T09:54:54.788+0000] {subprocess.py:93} INFO - 2022-12-17 09:54:54 [scrapy.core.engine] DEBUG: Crawled (200) <GET https://www.metasrc.com/5v5/champion/mordekaiser/top> (referer: https://www.metasrc.com/5v5/stats)
[2022-12-17T09:54:54.797+0000] {subprocess.py:93} INFO - 2022-12-17 09:54:54 [scrapy.core.engine] DEBUG: Crawled (200) <GET https://www.metasrc.com/5v5/champion/masteryi/jungle> (referer: https://www.metasrc.com/5v5/stats)
[2022-12-17T09:54:54.812+0000] {subprocess.py:93} INFO - 2022-12-17 09:54:54 [scrapy.core.engine] DEBUG: Crawled (200) <GET https://www.metasrc.com/5v5/champion/maokai/jungle> (referer: https://www.metasrc.com/5v5/stats)
[2022-12-17T09:54:54.829+0000] {subprocess.py:93} INFO - 2022-12-17 09:54:54 [scrapy.core.engine] DEBUG: Crawled (200) <GET https://www.metasrc.com/5v5/champion/maokai/top> (referer: https://www.metasrc.com/5v5/stats)
[2022-12-17T09:54:54.844+0000] {subprocess.py:93} INFO - 2022-12-17 09:54:54 [scrapy.core.engine] DEBUG: Crawled (200) <GET https://www.metasrc.com/5v5/champion/malzahar/mid> (referer: https://www.metasrc.com/5v5/stats)
[2022-12-17T09:54:54.862+0000] {subprocess.py:93} INFO - 2022-12-17 09:54:54 [scrapy.core.engine] DEBUG: Crawled (200) <GET https://www.metasrc.com/5v5/champion/malphite/mid> (referer: https://www.metasrc.com/5v5/stats)
[2022-12-17T09:54:54.887+0000] {subprocess.py:93} INFO - 2022-12-17 09:54:54 [scrapy.core.engine] DEBUG: Crawled (200) <GET https://www.metasrc.com/5v5/champion/lux/mid> (referer: https://www.metasrc.com/5v5/stats)
[2022-12-17T09:54:55.332+0000] {subprocess.py:93} INFO - 2022-12-17 09:54:55 [scrapy.core.engine] DEBUG: Crawled (200) <GET https://www.metasrc.com/5v5/champion/lulu/support> (referer: https://www.metasrc.com/5v5/stats)
[2022-12-17T09:54:55.355+0000] {subprocess.py:93} INFO - 2022-12-17 09:54:55 [scrapy.core.engine] DEBUG: Crawled (200) <GET https://www.metasrc.com/5v5/champion/lucian/adc> (referer: https://www.metasrc.com/5v5/stats)
[2022-12-17T09:54:55.374+0000] {subprocess.py:93} INFO - 2022-12-17 09:54:55 [scrapy.core.engine] DEBUG: Crawled (200) <GET https://www.metasrc.com/5v5/champion/leesin/jungle> (referer: https://www.metasrc.com/5v5/stats)
[2022-12-17T09:54:55.388+0000] {subprocess.py:93} INFO - 2022-12-17 09:54:55 [scrapy.core.engine] DEBUG: Crawled (200) <GET https://www.metasrc.com/5v5/champion/leblanc/mid> (referer: https://www.metasrc.com/5v5/stats)
[2022-12-17T09:54:55.919+0000] {subprocess.py:93} INFO - 2022-12-17 09:54:55 [scrapy.core.engine] DEBUG: Crawled (200) <GET https://www.metasrc.com/5v5/champion/kogmaw/adc> (referer: https://www.metasrc.com/5v5/stats)
[2022-12-17T09:54:55.934+0000] {subprocess.py:93} INFO - 2022-12-17 09:54:55 [scrapy.core.engine] DEBUG: Crawled (200) <GET https://www.metasrc.com/5v5/champion/kled/top> (referer: https://www.metasrc.com/5v5/stats)
[2022-12-17T09:54:55.964+0000] {subprocess.py:93} INFO - 2022-12-17 09:54:55 [scrapy.core.engine] DEBUG: Crawled (200) <GET https://www.metasrc.com/5v5/champion/leona/support> (referer: https://www.metasrc.com/5v5/stats)
[2022-12-17T09:54:56.273+0000] {subprocess.py:93} INFO - 2022-12-17 09:54:56 [scrapy.core.engine] DEBUG: Crawled (200) <GET https://www.metasrc.com/5v5/champion/khazix/jungle> (referer: https://www.metasrc.com/5v5/stats)
[2022-12-17T09:54:56.307+0000] {subprocess.py:93} INFO - 2022-12-17 09:54:56 [scrapy.core.engine] DEBUG: Crawled (200) <GET https://www.metasrc.com/5v5/champion/kennen/top> (referer: https://www.metasrc.com/5v5/stats)
[2022-12-17T09:54:56.341+0000] {subprocess.py:93} INFO - 2022-12-17 09:54:56 [scrapy.core.engine] DEBUG: Crawled (200) <GET https://www.metasrc.com/5v5/champion/lillia/top> (referer: https://www.metasrc.com/5v5/stats)
[2022-12-17T09:54:56.353+0000] {subprocess.py:93} INFO - 2022-12-17 09:54:56 [scrapy.core.engine] DEBUG: Crawled (200) <GET https://www.metasrc.com/5v5/champion/lillia/jungle> (referer: https://www.metasrc.com/5v5/stats)
[2022-12-17T09:54:56.388+0000] {subprocess.py:93} INFO - 2022-12-17 09:54:56 [scrapy.core.engine] DEBUG: Crawled (200) <GET https://www.metasrc.com/5v5/champion/lissandra/mid> (referer: https://www.metasrc.com/5v5/stats)
[2022-12-17T09:54:56.636+0000] {subprocess.py:93} INFO - 2022-12-17 09:54:56 [scrapy.core.engine] DEBUG: Crawled (200) <GET https://www.metasrc.com/5v5/champion/kled/mid> (referer: https://www.metasrc.com/5v5/stats)
[2022-12-17T09:54:56.654+0000] {subprocess.py:93} INFO - 2022-12-17 09:54:56 [scrapy.core.engine] DEBUG: Crawled (200) <GET https://www.metasrc.com/5v5/champion/kindred/jungle> (referer: https://www.metasrc.com/5v5/stats)
[2022-12-17T09:54:56.864+0000] {subprocess.py:93} INFO - 2022-12-17 09:54:56 [scrapy.core.engine] DEBUG: Crawled (200) <GET https://www.metasrc.com/5v5/champion/katarina/mid> (referer: https://www.metasrc.com/5v5/stats)
[2022-12-17T09:54:56.873+0000] {subprocess.py:93} INFO - 2022-12-17 09:54:56 [scrapy.core.engine] DEBUG: Crawled (200) <GET https://www.metasrc.com/5v5/champion/kayn/jungle> (referer: https://www.metasrc.com/5v5/stats)
[2022-12-17T09:54:56.996+0000] {subprocess.py:93} INFO - 2022-12-17 09:54:56 [scrapy.core.engine] DEBUG: Crawled (200) <GET https://www.metasrc.com/5v5/champion/kennen/mid> (referer: https://www.metasrc.com/5v5/stats)
[2022-12-17T09:54:57.135+0000] {subprocess.py:93} INFO - 2022-12-17 09:54:57 [scrapy.core.engine] DEBUG: Crawled (200) <GET https://www.metasrc.com/5v5/champion/karma/support> (referer: https://www.metasrc.com/5v5/stats)
[2022-12-17T09:54:57.411+0000] {subprocess.py:93} INFO - 2022-12-17 09:54:57 [scrapy.core.engine] DEBUG: Crawled (200) <GET https://www.metasrc.com/5v5/champion/kalista/adc> (referer: https://www.metasrc.com/5v5/stats)
[2022-12-17T09:54:57.674+0000] {subprocess.py:93} INFO - 2022-12-17 09:54:57 [scrapy.core.engine] DEBUG: Crawled (200) <GET https://www.metasrc.com/5v5/champion/kaisa/adc> (referer: https://www.metasrc.com/5v5/stats)
[2022-12-17T09:54:57.682+0000] {subprocess.py:93} INFO - 2022-12-17 09:54:57 [scrapy.core.engine] DEBUG: Crawled (200) <GET https://www.metasrc.com/5v5/champion/kayle/top> (referer: https://www.metasrc.com/5v5/stats)
[2022-12-17T09:54:57.821+0000] {subprocess.py:93} INFO - 2022-12-17 09:54:57 [scrapy.core.engine] DEBUG: Crawled (200) <GET https://www.metasrc.com/5v5/champion/ksante/top> (referer: https://www.metasrc.com/5v5/stats)
[2022-12-17T09:54:57.839+0000] {subprocess.py:93} INFO - 2022-12-17 09:54:57 [scrapy.core.engine] DEBUG: Crawled (200) <GET https://www.metasrc.com/5v5/champion/kayle/mid> (referer: https://www.metasrc.com/5v5/stats)
[2022-12-17T09:54:57.848+0000] {subprocess.py:93} INFO - 2022-12-17 09:54:57 [scrapy.core.engine] DEBUG: Crawled (200) <GET https://www.metasrc.com/5v5/champion/kassadin/mid> (referer: https://www.metasrc.com/5v5/stats)
[2022-12-17T09:54:58.281+0000] {subprocess.py:93} INFO - 2022-12-17 09:54:58 [scrapy.core.engine] DEBUG: Crawled (200) <GET https://www.metasrc.com/5v5/champion/jhin/adc> (referer: https://www.metasrc.com/5v5/stats)
[2022-12-17T09:54:58.286+0000] {subprocess.py:93} INFO - 2022-12-17 09:54:58 [scrapy.core.engine] DEBUG: Crawled (200) <GET https://www.metasrc.com/5v5/champion/jinx/adc> (referer: https://www.metasrc.com/5v5/stats)
[2022-12-17T09:54:58.297+0000] {subprocess.py:93} INFO - 2022-12-17 09:54:58 [scrapy.core.engine] DEBUG: Crawled (200) <GET https://www.metasrc.com/5v5/champion/karthus/adc> (referer: https://www.metasrc.com/5v5/stats)
[2022-12-17T09:54:58.303+0000] {subprocess.py:93} INFO - 2022-12-17 09:54:58 [scrapy.core.engine] DEBUG: Crawled (200) <GET https://www.metasrc.com/5v5/champion/karthus/mid> (referer: https://www.metasrc.com/5v5/stats)
[2022-12-17T09:54:58.311+0000] {subprocess.py:93} INFO - 2022-12-17 09:54:58 [scrapy.core.engine] DEBUG: Crawled (200) <GET https://www.metasrc.com/5v5/champion/karthus/jungle> (referer: https://www.metasrc.com/5v5/stats)
[2022-12-17T09:54:58.529+0000] {subprocess.py:93} INFO - 2022-12-17 09:54:58 [scrapy.core.engine] DEBUG: Crawled (200) <GET https://www.metasrc.com/5v5/champion/jayce/top> (referer: https://www.metasrc.com/5v5/stats)
[2022-12-17T09:54:58.566+0000] {subprocess.py:93} INFO - 2022-12-17 09:54:58 [scrapy.core.engine] DEBUG: Crawled (200) <GET https://www.metasrc.com/5v5/champion/jax/top> (referer: https://www.metasrc.com/5v5/stats)
[2022-12-17T09:54:59.431+0000] {subprocess.py:93} INFO - 2022-12-17 09:54:59 [scrapy.core.engine] DEBUG: Crawled (200) <GET https://www.metasrc.com/5v5/champion/jax/jungle> (referer: https://www.metasrc.com/5v5/stats)
[2022-12-17T09:54:59.467+0000] {subprocess.py:93} INFO - 2022-12-17 09:54:59 [scrapy.core.engine] DEBUG: Crawled (200) <GET https://www.metasrc.com/5v5/champion/jayce/mid> (referer: https://www.metasrc.com/5v5/stats)
[2022-12-17T09:54:59.526+0000] {subprocess.py:93} INFO - 2022-12-17 09:54:59 [scrapy.core.engine] DEBUG: Crawled (200) <GET https://www.metasrc.com/5v5/champion/illaoi/top> (referer: https://www.metasrc.com/5v5/stats)
[2022-12-17T09:54:59.628+0000] {subprocess.py:93} INFO - 2022-12-17 09:54:59 [scrapy.core.engine] DEBUG: Crawled (200) <GET https://www.metasrc.com/5v5/champion/irelia/mid> (referer: https://www.metasrc.com/5v5/stats)
[2022-12-17T09:54:59.639+0000] {subprocess.py:93} INFO - 2022-12-17 09:54:59 [scrapy.core.engine] DEBUG: Crawled (200) <GET https://www.metasrc.com/5v5/champion/ivern/jungle> (referer: https://www.metasrc.com/5v5/stats)
[2022-12-17T09:54:59.650+0000] {subprocess.py:93} INFO - 2022-12-17 09:54:59 [scrapy.core.engine] DEBUG: Crawled (200) <GET https://www.metasrc.com/5v5/champion/jarvaniv/jungle> (referer: https://www.metasrc.com/5v5/stats)
[2022-12-17T09:54:59.657+0000] {subprocess.py:93} INFO - 2022-12-17 09:54:59 [scrapy.core.engine] DEBUG: Crawled (200) <GET https://www.metasrc.com/5v5/champion/janna/support> (referer: https://www.metasrc.com/5v5/stats)
[2022-12-17T09:54:59.667+0000] {subprocess.py:93} INFO - 2022-12-17 09:54:59 [scrapy.core.engine] DEBUG: Crawled (200) <GET https://www.metasrc.com/5v5/champion/ivern/support> (referer: https://www.metasrc.com/5v5/stats)
[2022-12-17T09:54:59.765+0000] {subprocess.py:93} INFO - 2022-12-17 09:54:59 [scrapy.core.engine] DEBUG: Crawled (200) <GET https://www.metasrc.com/5v5/champion/irelia/top> (referer: https://www.metasrc.com/5v5/stats)
[2022-12-17T09:54:59.911+0000] {subprocess.py:93} INFO - 2022-12-17 09:54:59 [scrapy.core.engine] DEBUG: Crawled (200) <GET https://www.metasrc.com/5v5/champion/hecarim/jungle> (referer: https://www.metasrc.com/5v5/stats)
[2022-12-17T09:54:59.915+0000] {subprocess.py:93} INFO - 2022-12-17 09:54:59 [scrapy.core.engine] DEBUG: Crawled (200) <GET https://www.metasrc.com/5v5/champion/ezreal/adc> (referer: https://www.metasrc.com/5v5/stats)
[2022-12-17T09:55:00.121+0000] {subprocess.py:93} INFO - 2022-12-17 09:55:00 [scrapy.core.engine] DEBUG: Crawled (200) <GET https://www.metasrc.com/5v5/champion/elise/jungle> (referer: https://www.metasrc.com/5v5/stats)
[2022-12-17T09:55:00.523+0000] {subprocess.py:93} INFO - 2022-12-17 09:55:00 [scrapy.core.engine] DEBUG: Crawled (200) <GET https://www.metasrc.com/5v5/champion/heimerdinger/mid> (referer: https://www.metasrc.com/5v5/stats)
[2022-12-17T09:55:00.614+0000] {subprocess.py:93} INFO - 2022-12-17 09:55:00 [scrapy.core.engine] DEBUG: Crawled (200) <GET https://www.metasrc.com/5v5/champion/heimerdinger/top> (referer: https://www.metasrc.com/5v5/stats)
[2022-12-17T09:55:00.859+0000] {subprocess.py:93} INFO - 2022-12-17 09:55:00 [scrapy.core.engine] DEBUG: Crawled (200) <GET https://www.metasrc.com/5v5/champion/evelynn/jungle> (referer: https://www.metasrc.com/5v5/stats)
[2022-12-17T09:55:00.896+0000] {subprocess.py:93} INFO - 2022-12-17 09:55:00 [scrapy.core.engine] DEBUG: Crawled (200) <GET https://www.metasrc.com/5v5/champion/gwen/jungle> (referer: https://www.metasrc.com/5v5/stats)
[2022-12-17T09:55:00.905+0000] {subprocess.py:93} INFO - 2022-12-17 09:55:00 [scrapy.core.engine] DEBUG: Crawled (200) <GET https://www.metasrc.com/5v5/champion/gwen/top> (referer: https://www.metasrc.com/5v5/stats)
[2022-12-17T09:55:00.929+0000] {subprocess.py:93} INFO - 2022-12-17 09:55:00 [scrapy.core.engine] DEBUG: Crawled (200) <GET https://www.metasrc.com/5v5/champion/heimerdinger/support> (referer: https://www.metasrc.com/5v5/stats)
[2022-12-17T09:55:01.003+0000] {subprocess.py:93} INFO - 2022-12-17 09:55:01 [scrapy.core.engine] DEBUG: Crawled (200) <GET https://www.metasrc.com/5v5/champion/diana/mid> (referer: https://www.metasrc.com/5v5/stats)
[2022-12-17T09:55:01.021+0000] {subprocess.py:93} INFO - 2022-12-17 09:55:01 [scrapy.core.engine] DEBUG: Crawled (200) <GET https://www.metasrc.com/5v5/champion/diana/jungle> (referer: https://www.metasrc.com/5v5/stats)
[2022-12-17T09:55:01.149+0000] {subprocess.py:93} INFO - 2022-12-17 09:55:01 [scrapy.core.engine] DEBUG: Crawled (200) <GET https://www.metasrc.com/5v5/champion/darius/top> (referer: https://www.metasrc.com/5v5/stats)
[2022-12-17T09:55:01.164+0000] {subprocess.py:93} INFO - 2022-12-17 09:55:01 [scrapy.core.engine] DEBUG: Crawled (200) <GET https://www.metasrc.com/5v5/champion/ekko/mid> (referer: https://www.metasrc.com/5v5/stats)
[2022-12-17T09:55:01.280+0000] {subprocess.py:93} INFO - 2022-12-17 09:55:01 [scrapy.core.engine] DEBUG: Crawled (200) <GET https://www.metasrc.com/5v5/champion/chogath/top> (referer: https://www.metasrc.com/5v5/stats)
[2022-12-17T09:55:01.284+0000] {subprocess.py:93} INFO - 2022-12-17 09:55:01 [scrapy.core.engine] DEBUG: Crawled (200) <GET https://www.metasrc.com/5v5/champion/ekko/jungle> (referer: https://www.metasrc.com/5v5/stats)
[2022-12-17T09:55:01.897+0000] {subprocess.py:93} INFO - 2022-12-17 09:55:01 [scrapy.core.engine] DEBUG: Crawled (200) <GET https://www.metasrc.com/5v5/champion/draven/adc> (referer: https://www.metasrc.com/5v5/stats)
[2022-12-17T09:55:02.108+0000] {subprocess.py:93} INFO - 2022-12-17 09:55:02 [scrapy.core.engine] DEBUG: Crawled (200) <GET https://www.metasrc.com/5v5/champion/drmundo/jungle> (referer: https://www.metasrc.com/5v5/stats)
[2022-12-17T09:55:02.511+0000] {subprocess.py:93} INFO - 2022-12-17 09:55:02 [scrapy.core.engine] DEBUG: Crawled (200) <GET https://www.metasrc.com/5v5/champion/drmundo/top> (referer: https://www.metasrc.com/5v5/stats)
[2022-12-17T09:55:02.745+0000] {subprocess.py:93} INFO - 2022-12-17 09:55:02 [scrapy.core.engine] DEBUG: Crawled (200) <GET https://www.metasrc.com/5v5/champion/corki/mid> (referer: https://www.metasrc.com/5v5/stats)
[2022-12-17T09:55:02.751+0000] {subprocess.py:93} INFO - 2022-12-17 09:55:02 [scrapy.core.engine] DEBUG: Crawled (200) <GET https://www.metasrc.com/5v5/champion/cassiopeia/top> (referer: https://www.metasrc.com/5v5/stats)
[2022-12-17T09:55:02.777+0000] {subprocess.py:93} INFO - 2022-12-17 09:55:02 [scrapy.core.engine] DEBUG: Crawled (200) <GET https://www.metasrc.com/5v5/champion/chogath/mid> (referer: https://www.metasrc.com/5v5/stats)
[2022-12-17T09:55:02.804+0000] {subprocess.py:93} INFO - 2022-12-17 09:55:02 [scrapy.core.engine] DEBUG: Crawled (200) <GET https://www.metasrc.com/5v5/champion/cassiopeia/adc> (referer: https://www.metasrc.com/5v5/stats)
[2022-12-17T09:55:02.927+0000] {subprocess.py:93} INFO - 2022-12-17 09:55:02 [scrapy.core.engine] DEBUG: Crawled (200) <GET https://www.metasrc.com/5v5/champion/cassiopeia/mid> (referer: https://www.metasrc.com/5v5/stats)
[2022-12-17T09:55:03.578+0000] {subprocess.py:93} INFO - 2022-12-17 09:55:03 [scrapy.core.engine] DEBUG: Crawled (200) <GET https://www.metasrc.com/5v5/champion/caitlyn/adc> (referer: https://www.metasrc.com/5v5/stats)
[2022-12-17T09:55:03.607+0000] {subprocess.py:93} INFO - 2022-12-17 09:55:03 [scrapy.core.engine] DEBUG: Crawled (200) <GET https://www.metasrc.com/5v5/champion/camille/top> (referer: https://www.metasrc.com/5v5/stats)
[2022-12-17T09:55:05.585+0000] {subprocess.py:93} INFO - 2022-12-17 09:55:05 [scrapy.core.engine] DEBUG: Crawled (200) <GET https://www.metasrc.com/5v5/champion/aurelionsol/mid> (referer: https://www.metasrc.com/5v5/stats)
[2022-12-17T09:55:06.062+0000] {subprocess.py:93} INFO - 2022-12-17 09:55:06 [scrapy.core.engine] DEBUG: Crawled (200) <GET https://www.metasrc.com/5v5/champion/azir/mid> (referer: https://www.metasrc.com/5v5/stats)
[2022-12-17T09:55:06.106+0000] {subprocess.py:93} INFO - 2022-12-17 09:55:06 [scrapy.core.engine] DEBUG: Crawled (200) <GET https://www.metasrc.com/5v5/champion/blitzcrank/support> (referer: https://www.metasrc.com/5v5/stats)
[2022-12-17T09:55:08.932+0000] {subprocess.py:93} INFO - 2022-12-17 09:55:08 [scrapy.core.engine] DEBUG: Crawled (200) <GET https://www.metasrc.com/5v5/champion/braum/support> (referer: https://www.metasrc.com/5v5/stats)
[2022-12-17T09:55:09.165+0000] {subprocess.py:93} INFO - 2022-12-17 09:55:09 [scrapy.core.engine] DEBUG: Crawled (200) <GET https://www.metasrc.com/5v5/champion/brand/mid> (referer: https://www.metasrc.com/5v5/stats)
[2022-12-17T09:55:09.228+0000] {subprocess.py:93} INFO - 2022-12-17 09:55:09 [scrapy.core.engine] DEBUG: Crawled (200) <GET https://www.metasrc.com/5v5/champion/belveth/jungle> (referer: https://www.metasrc.com/5v5/stats)
[2022-12-17T09:55:09.266+0000] {subprocess.py:93} INFO - 2022-12-17 09:55:09 [scrapy.core.engine] DEBUG: Crawled (200) <GET https://www.metasrc.com/5v5/champion/brand/support> (referer: https://www.metasrc.com/5v5/stats)
[2022-12-17T09:55:09.363+0000] {subprocess.py:93} INFO - 2022-12-17 09:55:09 [scrapy.core.engine] DEBUG: Crawled (200) <GET https://www.metasrc.com/5v5/champion/bard/support> (referer: https://www.metasrc.com/5v5/stats)
[2022-12-17T09:55:10.226+0000] {subprocess.py:93} INFO - 2022-12-17 09:55:10 [scrapy.core.engine] DEBUG: Crawled (200) <GET https://www.metasrc.com/5v5/champion/ashe/support> (referer: https://www.metasrc.com/5v5/stats)
[2022-12-17T09:55:10.235+0000] {subprocess.py:93} INFO - 2022-12-17 09:55:10 [scrapy.core.engine] DEBUG: Crawled (200) <GET https://www.metasrc.com/5v5/champion/aphelios/adc> (referer: https://www.metasrc.com/5v5/stats)
[2022-12-17T09:55:11.075+0000] {subprocess.py:93} INFO - 2022-12-17 09:55:11 [scrapy.core.engine] DEBUG: Crawled (200) <GET https://www.metasrc.com/5v5/champion/annie/support> (referer: https://www.metasrc.com/5v5/stats)
[2022-12-17T09:55:11.117+0000] {subprocess.py:93} INFO - 2022-12-17 09:55:11 [scrapy.core.engine] DEBUG: Crawled (200) <GET https://www.metasrc.com/5v5/champion/anivia/support> (referer: https://www.metasrc.com/5v5/stats)
[2022-12-17T09:55:11.157+0000] {subprocess.py:93} INFO - 2022-12-17 09:55:11 [scrapy.core.engine] DEBUG: Crawled (200) <GET https://www.metasrc.com/5v5/champion/ashe/adc> (referer: https://www.metasrc.com/5v5/stats)
[2022-12-17T09:55:11.221+0000] {subprocess.py:93} INFO - 2022-12-17 09:55:11 [scrapy.core.engine] DEBUG: Crawled (200) <GET https://www.metasrc.com/5v5/champion/alistar/support> (referer: https://www.metasrc.com/5v5/stats)
[2022-12-17T09:55:11.252+0000] {subprocess.py:93} INFO - 2022-12-17 09:55:11 [scrapy.core.engine] DEBUG: Crawled (200) <GET https://www.metasrc.com/5v5/champion/akshan/mid> (referer: https://www.metasrc.com/5v5/stats)
[2022-12-17T09:55:11.511+0000] {subprocess.py:93} INFO - 2022-12-17 09:55:11 [scrapy.core.engine] DEBUG: Crawled (200) <GET https://www.metasrc.com/5v5/champion/anivia/mid> (referer: https://www.metasrc.com/5v5/stats)
[2022-12-17T09:55:11.522+0000] {subprocess.py:93} INFO - 2022-12-17 09:55:11 [scrapy.core.engine] DEBUG: Crawled (200) <GET https://www.metasrc.com/5v5/champion/annie/mid> (referer: https://www.metasrc.com/5v5/stats)
[2022-12-17T09:55:11.547+0000] {subprocess.py:93} INFO - 2022-12-17 09:55:11 [scrapy.core.engine] DEBUG: Crawled (200) <GET https://www.metasrc.com/5v5/champion/amumu/jungle> (referer: https://www.metasrc.com/5v5/stats)
[2022-12-17T09:55:11.562+0000] {subprocess.py:93} INFO - 2022-12-17 09:55:11 [scrapy.core.engine] DEBUG: Crawled (200) <GET https://www.metasrc.com/5v5/champion/amumu/support> (referer: https://www.metasrc.com/5v5/stats)
[2022-12-17T09:55:11.849+0000] {subprocess.py:93} INFO - 2022-12-17 09:55:11 [scrapy.core.engine] DEBUG: Crawled (200) <GET https://www.metasrc.com/5v5/champion/akali/mid> (referer: https://www.metasrc.com/5v5/stats)
[2022-12-17T09:55:12.238+0000] {subprocess.py:93} INFO - 2022-12-17 09:55:12 [scrapy.core.engine] DEBUG: Crawled (200) <GET https://www.metasrc.com/5v5/champion/akshan/top> (referer: https://www.metasrc.com/5v5/stats)
[2022-12-17T09:55:12.292+0000] {subprocess.py:93} INFO - 2022-12-17 09:55:12 [scrapy.core.engine] DEBUG: Crawled (200) <GET https://www.metasrc.com/5v5/champion/akali/top> (referer: https://www.metasrc.com/5v5/stats)
[2022-12-17T09:55:12.684+0000] {subprocess.py:93} INFO - 2022-12-17 09:55:12 [scrapy.core.engine] DEBUG: Crawled (200) <GET https://www.metasrc.com/5v5/champion/ahri/mid> (referer: https://www.metasrc.com/5v5/stats)
[2022-12-17T09:55:12.847+0000] {subprocess.py:93} INFO - 2022-12-17 09:55:12 [scrapy.core.engine] INFO: Closing spider (finished)
[2022-12-17T09:55:12.854+0000] {subprocess.py:93} INFO - 2022-12-17 09:55:12 [scrapy.statscollectors] INFO: Dumping Scrapy stats:
[2022-12-17T09:55:12.856+0000] {subprocess.py:93} INFO - {'downloader/request_bytes': 93413,
[2022-12-17T09:55:12.857+0000] {subprocess.py:93} INFO -  'downloader/request_count': 253,
[2022-12-17T09:55:12.858+0000] {subprocess.py:93} INFO -  'downloader/request_method_count/GET': 253,
[2022-12-17T09:55:12.860+0000] {subprocess.py:93} INFO -  'downloader/response_bytes': 13858071,
[2022-12-17T09:55:12.861+0000] {subprocess.py:93} INFO -  'downloader/response_count': 253,
[2022-12-17T09:55:12.862+0000] {subprocess.py:93} INFO -  'downloader/response_status_count/200': 253,
[2022-12-17T09:55:12.863+0000] {subprocess.py:93} INFO -  'elapsed_time_seconds': 58.613606,
[2022-12-17T09:55:12.865+0000] {subprocess.py:93} INFO -  'finish_reason': 'finished',
[2022-12-17T09:55:12.866+0000] {subprocess.py:93} INFO -  'finish_time': datetime.datetime(2022, 12, 17, 9, 55, 12, 846764),
[2022-12-17T09:55:12.867+0000] {subprocess.py:93} INFO -  'httpcompression/response_bytes': 169294422,
[2022-12-17T09:55:12.869+0000] {subprocess.py:93} INFO -  'httpcompression/response_count': 253,
[2022-12-17T09:55:12.871+0000] {subprocess.py:93} INFO -  'log_count/DEBUG': 254,
[2022-12-17T09:55:12.882+0000] {subprocess.py:93} INFO -  'log_count/INFO': 10,
[2022-12-17T09:55:12.883+0000] {subprocess.py:93} INFO -  'log_count/WARNING': 1,
[2022-12-17T09:55:12.884+0000] {subprocess.py:93} INFO -  'memusage/max': 193822720,
[2022-12-17T09:55:12.885+0000] {subprocess.py:93} INFO -  'memusage/startup': 193822720,
[2022-12-17T09:55:12.886+0000] {subprocess.py:93} INFO -  'request_depth_max': 1,
[2022-12-17T09:55:12.887+0000] {subprocess.py:93} INFO -  'response_received_count': 253,
[2022-12-17T09:55:12.888+0000] {subprocess.py:93} INFO -  'scheduler/dequeued': 253,
[2022-12-17T09:55:12.888+0000] {subprocess.py:93} INFO -  'scheduler/dequeued/memory': 253,
[2022-12-17T09:55:12.890+0000] {subprocess.py:93} INFO -  'scheduler/enqueued': 253,
[2022-12-17T09:55:12.892+0000] {subprocess.py:93} INFO -  'scheduler/enqueued/memory': 253,
[2022-12-17T09:55:12.893+0000] {subprocess.py:93} INFO -  'start_time': datetime.datetime(2022, 12, 17, 9, 54, 14, 233158)}
[2022-12-17T09:55:12.896+0000] {subprocess.py:93} INFO - 2022-12-17 09:55:12 [scrapy.core.engine] INFO: Spider closed (finished)
[2022-12-17T09:55:12.949+0000] {subprocess.py:93} INFO - {"message": "successfully scrape champ counter stat", "time": "2022-12-17T09:55:12.948741"}
[2022-12-17T09:55:12.959+0000] {subprocess.py:93} INFO - 2022-12-17 09:55:12 [__main__] INFO: successfully scrape champ counter stat
[2022-12-17T09:55:12.961+0000] {subprocess.py:93} INFO - {"message": "scrapying champ counter stat have used 60.03566065199993s", "time": "2022-12-17T09:55:12.959463"}
[2022-12-17T09:55:12.962+0000] {subprocess.py:93} INFO - 2022-12-17 09:55:12 [__main__] INFO: scrapying champ counter stat have used 60.03566065199993s
[2022-12-17T09:55:12.974+0000] {subprocess.py:93} INFO - {"message": "scrapying champ counter stat have used cpu scpustats(ctx_switches=59068757, interrupts=45369157, soft_interrupts=19870212, syscalls=0)% and disk sdiskusage(total=245107195904, used=228655628288, free=16451567616, percent=93.3)%", "time": "2022-12-17T09:55:12.974625"}
[2022-12-17T09:55:12.976+0000] {subprocess.py:93} INFO - 2022-12-17 09:55:12 [__main__] INFO: scrapying champ counter stat have used cpu scpustats(ctx_switches=59068757, interrupts=45369157, soft_interrupts=19870212, syscalls=0)% and disk sdiskusage(total=245107195904, used=228655628288, free=16451567616, percent=93.3)%
[2022-12-17T09:55:15.284+0000] {subprocess.py:97} INFO - Command exited with return code 0
[2022-12-17T09:55:16.036+0000] {taskinstance.py:1327} INFO - Marking task as SUCCESS. dag_id=Can_I_change_name_to_this, task_id=task_2, execution_date=20221217T095331, start_date=20221217T095409, end_date=20221217T095516
[2022-12-17T09:55:16.533+0000] {local_task_job.py:159} INFO - Task exited with return code 0
[2022-12-17T09:55:16.883+0000] {taskinstance.py:2582} INFO - 1 downstream tasks scheduled from follow-on schedule check
