[2022-12-19T15:08:21.064+0000] {processor.py:153} INFO - Started process (PID=90) to work on /home/airflow/.local/lib/python3.7/site-packages/airflow/example_dags/example_short_circuit_operator.py
[2022-12-19T15:08:21.066+0000] {processor.py:743} INFO - Processing file /home/airflow/.local/lib/python3.7/site-packages/airflow/example_dags/example_short_circuit_operator.py for tasks to queue
[2022-12-19T15:08:21.067+0000] {logging_mixin.py:137} INFO - [2022-12-19T15:08:21.067+0000] {dagbag.py:538} INFO - Filling up the DagBag from /home/airflow/.local/lib/python3.7/site-packages/airflow/example_dags/example_short_circuit_operator.py
[2022-12-19T15:08:21.081+0000] {processor.py:753} INFO - DAG(s) dict_keys(['example_short_circuit_operator']) retrieved from /home/airflow/.local/lib/python3.7/site-packages/airflow/example_dags/example_short_circuit_operator.py
[2022-12-19T15:08:21.176+0000] {logging_mixin.py:137} INFO - [2022-12-19T15:08:21.176+0000] {dag.py:2676} INFO - Sync 1 DAGs
[2022-12-19T15:08:21.265+0000] {logging_mixin.py:137} INFO - [2022-12-19T15:08:21.265+0000] {dag.py:3427} INFO - Setting next_dagrun for example_short_circuit_operator to 2022-12-18T15:08:21.265402+00:00, run_after=2022-12-19T15:08:21.265402+00:00
[2022-12-19T15:08:21.328+0000] {processor.py:175} INFO - Processing /home/airflow/.local/lib/python3.7/site-packages/airflow/example_dags/example_short_circuit_operator.py took 0.267 seconds
[2022-12-19T15:08:58.918+0000] {processor.py:153} INFO - Started process (PID=157) to work on /home/airflow/.local/lib/python3.7/site-packages/airflow/example_dags/example_short_circuit_operator.py
[2022-12-19T15:08:58.939+0000] {processor.py:743} INFO - Processing file /home/airflow/.local/lib/python3.7/site-packages/airflow/example_dags/example_short_circuit_operator.py for tasks to queue
[2022-12-19T15:08:59.012+0000] {logging_mixin.py:137} INFO - [2022-12-19T15:08:59.011+0000] {dagbag.py:538} INFO - Filling up the DagBag from /home/airflow/.local/lib/python3.7/site-packages/airflow/example_dags/example_short_circuit_operator.py
[2022-12-19T15:08:59.065+0000] {processor.py:753} INFO - DAG(s) dict_keys(['example_short_circuit_operator']) retrieved from /home/airflow/.local/lib/python3.7/site-packages/airflow/example_dags/example_short_circuit_operator.py
[2022-12-19T15:08:59.288+0000] {logging_mixin.py:137} INFO - [2022-12-19T15:08:59.288+0000] {dag.py:2676} INFO - Sync 1 DAGs
[2022-12-19T15:08:59.439+0000] {logging_mixin.py:137} INFO - [2022-12-19T15:08:59.439+0000] {dag.py:3427} INFO - Setting next_dagrun for example_short_circuit_operator to 2022-12-18T15:08:59.438952+00:00, run_after=2022-12-19T15:08:59.438952+00:00
[2022-12-19T15:08:59.494+0000] {processor.py:175} INFO - Processing /home/airflow/.local/lib/python3.7/site-packages/airflow/example_dags/example_short_circuit_operator.py took 0.583 seconds
[2022-12-19T15:09:40.562+0000] {processor.py:153} INFO - Started process (PID=229) to work on /home/airflow/.local/lib/python3.7/site-packages/airflow/example_dags/example_short_circuit_operator.py
[2022-12-19T15:09:40.565+0000] {processor.py:743} INFO - Processing file /home/airflow/.local/lib/python3.7/site-packages/airflow/example_dags/example_short_circuit_operator.py for tasks to queue
[2022-12-19T15:09:40.566+0000] {logging_mixin.py:137} INFO - [2022-12-19T15:09:40.566+0000] {dagbag.py:538} INFO - Filling up the DagBag from /home/airflow/.local/lib/python3.7/site-packages/airflow/example_dags/example_short_circuit_operator.py
[2022-12-19T15:09:40.579+0000] {processor.py:753} INFO - DAG(s) dict_keys(['example_short_circuit_operator']) retrieved from /home/airflow/.local/lib/python3.7/site-packages/airflow/example_dags/example_short_circuit_operator.py
[2022-12-19T15:09:40.605+0000] {logging_mixin.py:137} INFO - [2022-12-19T15:09:40.605+0000] {dag.py:2676} INFO - Sync 1 DAGs
[2022-12-19T15:09:40.631+0000] {logging_mixin.py:137} INFO - [2022-12-19T15:09:40.631+0000] {dag.py:3427} INFO - Setting next_dagrun for example_short_circuit_operator to 2022-12-18T15:09:40.631178+00:00, run_after=2022-12-19T15:09:40.631178+00:00
[2022-12-19T15:09:40.645+0000] {processor.py:175} INFO - Processing /home/airflow/.local/lib/python3.7/site-packages/airflow/example_dags/example_short_circuit_operator.py took 0.087 seconds
[2022-12-19T15:10:16.701+0000] {processor.py:153} INFO - Started process (PID=297) to work on /home/airflow/.local/lib/python3.7/site-packages/airflow/example_dags/example_short_circuit_operator.py
[2022-12-19T15:10:16.711+0000] {processor.py:743} INFO - Processing file /home/airflow/.local/lib/python3.7/site-packages/airflow/example_dags/example_short_circuit_operator.py for tasks to queue
[2022-12-19T15:10:16.714+0000] {logging_mixin.py:137} INFO - [2022-12-19T15:10:16.713+0000] {dagbag.py:538} INFO - Filling up the DagBag from /home/airflow/.local/lib/python3.7/site-packages/airflow/example_dags/example_short_circuit_operator.py
[2022-12-19T15:10:16.751+0000] {processor.py:753} INFO - DAG(s) dict_keys(['example_short_circuit_operator']) retrieved from /home/airflow/.local/lib/python3.7/site-packages/airflow/example_dags/example_short_circuit_operator.py
[2022-12-19T15:10:16.826+0000] {logging_mixin.py:137} INFO - [2022-12-19T15:10:16.826+0000] {dag.py:2676} INFO - Sync 1 DAGs
[2022-12-19T15:10:16.880+0000] {logging_mixin.py:137} INFO - [2022-12-19T15:10:16.879+0000] {dag.py:3427} INFO - Setting next_dagrun for example_short_circuit_operator to 2022-12-18T15:10:16.878830+00:00, run_after=2022-12-19T15:10:16.878830+00:00
[2022-12-19T15:10:16.978+0000] {processor.py:175} INFO - Processing /home/airflow/.local/lib/python3.7/site-packages/airflow/example_dags/example_short_circuit_operator.py took 0.293 seconds
[2022-12-19T15:10:47.866+0000] {processor.py:153} INFO - Started process (PID=373) to work on /home/airflow/.local/lib/python3.7/site-packages/airflow/example_dags/example_short_circuit_operator.py
[2022-12-19T15:10:47.873+0000] {processor.py:743} INFO - Processing file /home/airflow/.local/lib/python3.7/site-packages/airflow/example_dags/example_short_circuit_operator.py for tasks to queue
[2022-12-19T15:10:47.875+0000] {logging_mixin.py:137} INFO - [2022-12-19T15:10:47.874+0000] {dagbag.py:538} INFO - Filling up the DagBag from /home/airflow/.local/lib/python3.7/site-packages/airflow/example_dags/example_short_circuit_operator.py
[2022-12-19T15:10:48.004+0000] {processor.py:753} INFO - DAG(s) dict_keys(['example_short_circuit_operator']) retrieved from /home/airflow/.local/lib/python3.7/site-packages/airflow/example_dags/example_short_circuit_operator.py
[2022-12-19T15:10:48.152+0000] {logging_mixin.py:137} INFO - [2022-12-19T15:10:48.152+0000] {dag.py:2676} INFO - Sync 1 DAGs
[2022-12-19T15:10:48.174+0000] {logging_mixin.py:137} INFO - [2022-12-19T15:10:48.173+0000] {dag.py:3427} INFO - Setting next_dagrun for example_short_circuit_operator to 2022-12-18T15:10:48.173535+00:00, run_after=2022-12-19T15:10:48.173535+00:00
[2022-12-19T15:10:48.194+0000] {processor.py:175} INFO - Processing /home/airflow/.local/lib/python3.7/site-packages/airflow/example_dags/example_short_circuit_operator.py took 0.335 seconds
[2022-12-19T15:11:18.880+0000] {processor.py:153} INFO - Started process (PID=440) to work on /home/airflow/.local/lib/python3.7/site-packages/airflow/example_dags/example_short_circuit_operator.py
[2022-12-19T15:11:18.889+0000] {processor.py:743} INFO - Processing file /home/airflow/.local/lib/python3.7/site-packages/airflow/example_dags/example_short_circuit_operator.py for tasks to queue
[2022-12-19T15:11:18.893+0000] {logging_mixin.py:137} INFO - [2022-12-19T15:11:18.893+0000] {dagbag.py:538} INFO - Filling up the DagBag from /home/airflow/.local/lib/python3.7/site-packages/airflow/example_dags/example_short_circuit_operator.py
[2022-12-19T15:11:18.915+0000] {processor.py:753} INFO - DAG(s) dict_keys(['example_short_circuit_operator']) retrieved from /home/airflow/.local/lib/python3.7/site-packages/airflow/example_dags/example_short_circuit_operator.py
[2022-12-19T15:11:18.973+0000] {logging_mixin.py:137} INFO - [2022-12-19T15:11:18.972+0000] {dag.py:2676} INFO - Sync 1 DAGs
[2022-12-19T15:11:19.002+0000] {logging_mixin.py:137} INFO - [2022-12-19T15:11:19.002+0000] {dag.py:3427} INFO - Setting next_dagrun for example_short_circuit_operator to 2022-12-18T15:11:18.998351+00:00, run_after=2022-12-19T15:11:18.998351+00:00
[2022-12-19T15:11:19.031+0000] {processor.py:175} INFO - Processing /home/airflow/.local/lib/python3.7/site-packages/airflow/example_dags/example_short_circuit_operator.py took 0.155 seconds
[2022-12-19T15:11:50.395+0000] {processor.py:153} INFO - Started process (PID=506) to work on /home/airflow/.local/lib/python3.7/site-packages/airflow/example_dags/example_short_circuit_operator.py
[2022-12-19T15:11:50.398+0000] {processor.py:743} INFO - Processing file /home/airflow/.local/lib/python3.7/site-packages/airflow/example_dags/example_short_circuit_operator.py for tasks to queue
[2022-12-19T15:11:50.399+0000] {logging_mixin.py:137} INFO - [2022-12-19T15:11:50.399+0000] {dagbag.py:538} INFO - Filling up the DagBag from /home/airflow/.local/lib/python3.7/site-packages/airflow/example_dags/example_short_circuit_operator.py
[2022-12-19T15:11:50.412+0000] {processor.py:753} INFO - DAG(s) dict_keys(['example_short_circuit_operator']) retrieved from /home/airflow/.local/lib/python3.7/site-packages/airflow/example_dags/example_short_circuit_operator.py
[2022-12-19T15:11:50.441+0000] {logging_mixin.py:137} INFO - [2022-12-19T15:11:50.441+0000] {dag.py:2676} INFO - Sync 1 DAGs
[2022-12-19T15:11:50.466+0000] {logging_mixin.py:137} INFO - [2022-12-19T15:11:50.466+0000] {dag.py:3427} INFO - Setting next_dagrun for example_short_circuit_operator to 2022-12-18T15:11:50.466155+00:00, run_after=2022-12-19T15:11:50.466155+00:00
[2022-12-19T15:11:50.480+0000] {processor.py:175} INFO - Processing /home/airflow/.local/lib/python3.7/site-packages/airflow/example_dags/example_short_circuit_operator.py took 0.087 seconds
[2022-12-19T15:12:20.917+0000] {processor.py:153} INFO - Started process (PID=569) to work on /home/airflow/.local/lib/python3.7/site-packages/airflow/example_dags/example_short_circuit_operator.py
[2022-12-19T15:12:20.921+0000] {processor.py:743} INFO - Processing file /home/airflow/.local/lib/python3.7/site-packages/airflow/example_dags/example_short_circuit_operator.py for tasks to queue
[2022-12-19T15:12:20.924+0000] {logging_mixin.py:137} INFO - [2022-12-19T15:12:20.923+0000] {dagbag.py:538} INFO - Filling up the DagBag from /home/airflow/.local/lib/python3.7/site-packages/airflow/example_dags/example_short_circuit_operator.py
[2022-12-19T15:12:20.945+0000] {processor.py:753} INFO - DAG(s) dict_keys(['example_short_circuit_operator']) retrieved from /home/airflow/.local/lib/python3.7/site-packages/airflow/example_dags/example_short_circuit_operator.py
[2022-12-19T15:12:20.983+0000] {logging_mixin.py:137} INFO - [2022-12-19T15:12:20.983+0000] {dag.py:2676} INFO - Sync 1 DAGs
[2022-12-19T15:12:21.000+0000] {logging_mixin.py:137} INFO - [2022-12-19T15:12:21.000+0000] {dag.py:3427} INFO - Setting next_dagrun for example_short_circuit_operator to 2022-12-18T15:12:21.000535+00:00, run_after=2022-12-19T15:12:21.000535+00:00
[2022-12-19T15:12:21.015+0000] {processor.py:175} INFO - Processing /home/airflow/.local/lib/python3.7/site-packages/airflow/example_dags/example_short_circuit_operator.py took 0.103 seconds
[2022-12-19T15:12:51.837+0000] {processor.py:153} INFO - Started process (PID=634) to work on /home/airflow/.local/lib/python3.7/site-packages/airflow/example_dags/example_short_circuit_operator.py
[2022-12-19T15:12:51.839+0000] {processor.py:743} INFO - Processing file /home/airflow/.local/lib/python3.7/site-packages/airflow/example_dags/example_short_circuit_operator.py for tasks to queue
[2022-12-19T15:12:51.840+0000] {logging_mixin.py:137} INFO - [2022-12-19T15:12:51.840+0000] {dagbag.py:538} INFO - Filling up the DagBag from /home/airflow/.local/lib/python3.7/site-packages/airflow/example_dags/example_short_circuit_operator.py
[2022-12-19T15:12:51.852+0000] {processor.py:753} INFO - DAG(s) dict_keys(['example_short_circuit_operator']) retrieved from /home/airflow/.local/lib/python3.7/site-packages/airflow/example_dags/example_short_circuit_operator.py
[2022-12-19T15:12:51.898+0000] {logging_mixin.py:137} INFO - [2022-12-19T15:12:51.898+0000] {dag.py:2676} INFO - Sync 1 DAGs
[2022-12-19T15:12:51.934+0000] {logging_mixin.py:137} INFO - [2022-12-19T15:12:51.933+0000] {dag.py:3427} INFO - Setting next_dagrun for example_short_circuit_operator to 2022-12-18T15:12:51.933143+00:00, run_after=2022-12-19T15:12:51.933143+00:00
[2022-12-19T15:12:51.961+0000] {processor.py:175} INFO - Processing /home/airflow/.local/lib/python3.7/site-packages/airflow/example_dags/example_short_circuit_operator.py took 0.126 seconds
[2022-12-19T15:13:23.234+0000] {processor.py:153} INFO - Started process (PID=697) to work on /home/airflow/.local/lib/python3.7/site-packages/airflow/example_dags/example_short_circuit_operator.py
[2022-12-19T15:13:23.237+0000] {processor.py:743} INFO - Processing file /home/airflow/.local/lib/python3.7/site-packages/airflow/example_dags/example_short_circuit_operator.py for tasks to queue
[2022-12-19T15:13:23.238+0000] {logging_mixin.py:137} INFO - [2022-12-19T15:13:23.238+0000] {dagbag.py:538} INFO - Filling up the DagBag from /home/airflow/.local/lib/python3.7/site-packages/airflow/example_dags/example_short_circuit_operator.py
[2022-12-19T15:13:23.255+0000] {processor.py:753} INFO - DAG(s) dict_keys(['example_short_circuit_operator']) retrieved from /home/airflow/.local/lib/python3.7/site-packages/airflow/example_dags/example_short_circuit_operator.py
[2022-12-19T15:13:25.896+0000] {logging_mixin.py:137} INFO - [2022-12-19T15:13:25.893+0000] {dag.py:2676} INFO - Sync 1 DAGs
[2022-12-19T15:13:25.978+0000] {logging_mixin.py:137} INFO - [2022-12-19T15:13:25.977+0000] {dag.py:3427} INFO - Setting next_dagrun for example_short_circuit_operator to 2022-12-18T15:13:25.977528+00:00, run_after=2022-12-19T15:13:25.977528+00:00
[2022-12-19T15:13:26.073+0000] {processor.py:175} INFO - Processing /home/airflow/.local/lib/python3.7/site-packages/airflow/example_dags/example_short_circuit_operator.py took 2.842 seconds
[2022-12-19T15:13:58.907+0000] {processor.py:153} INFO - Started process (PID=761) to work on /home/airflow/.local/lib/python3.7/site-packages/airflow/example_dags/example_short_circuit_operator.py
[2022-12-19T15:13:58.911+0000] {processor.py:743} INFO - Processing file /home/airflow/.local/lib/python3.7/site-packages/airflow/example_dags/example_short_circuit_operator.py for tasks to queue
[2022-12-19T15:13:58.915+0000] {logging_mixin.py:137} INFO - [2022-12-19T15:13:58.915+0000] {dagbag.py:538} INFO - Filling up the DagBag from /home/airflow/.local/lib/python3.7/site-packages/airflow/example_dags/example_short_circuit_operator.py
[2022-12-19T15:13:58.936+0000] {processor.py:753} INFO - DAG(s) dict_keys(['example_short_circuit_operator']) retrieved from /home/airflow/.local/lib/python3.7/site-packages/airflow/example_dags/example_short_circuit_operator.py
[2022-12-19T15:13:59.001+0000] {logging_mixin.py:137} INFO - [2022-12-19T15:13:59.001+0000] {dag.py:2676} INFO - Sync 1 DAGs
[2022-12-19T15:13:59.048+0000] {logging_mixin.py:137} INFO - [2022-12-19T15:13:59.047+0000] {dag.py:3427} INFO - Setting next_dagrun for example_short_circuit_operator to 2022-12-18T15:13:59.047228+00:00, run_after=2022-12-19T15:13:59.047228+00:00
[2022-12-19T15:13:59.101+0000] {processor.py:175} INFO - Processing /home/airflow/.local/lib/python3.7/site-packages/airflow/example_dags/example_short_circuit_operator.py took 0.197 seconds
[2022-12-19T15:14:30.249+0000] {processor.py:153} INFO - Started process (PID=824) to work on /home/airflow/.local/lib/python3.7/site-packages/airflow/example_dags/example_short_circuit_operator.py
[2022-12-19T15:14:30.262+0000] {processor.py:743} INFO - Processing file /home/airflow/.local/lib/python3.7/site-packages/airflow/example_dags/example_short_circuit_operator.py for tasks to queue
[2022-12-19T15:14:30.267+0000] {logging_mixin.py:137} INFO - [2022-12-19T15:14:30.267+0000] {dagbag.py:538} INFO - Filling up the DagBag from /home/airflow/.local/lib/python3.7/site-packages/airflow/example_dags/example_short_circuit_operator.py
[2022-12-19T15:14:30.307+0000] {processor.py:753} INFO - DAG(s) dict_keys(['example_short_circuit_operator']) retrieved from /home/airflow/.local/lib/python3.7/site-packages/airflow/example_dags/example_short_circuit_operator.py
[2022-12-19T15:14:30.386+0000] {logging_mixin.py:137} INFO - [2022-12-19T15:14:30.386+0000] {dag.py:2676} INFO - Sync 1 DAGs
[2022-12-19T15:14:30.720+0000] {logging_mixin.py:137} INFO - [2022-12-19T15:14:30.720+0000] {dag.py:3427} INFO - Setting next_dagrun for example_short_circuit_operator to 2022-12-18T15:14:30.719798+00:00, run_after=2022-12-19T15:14:30.719798+00:00
[2022-12-19T15:14:31.038+0000] {processor.py:175} INFO - Processing /home/airflow/.local/lib/python3.7/site-packages/airflow/example_dags/example_short_circuit_operator.py took 0.799 seconds
[2022-12-19T15:15:11.414+0000] {processor.py:153} INFO - Started process (PID=887) to work on /home/airflow/.local/lib/python3.7/site-packages/airflow/example_dags/example_short_circuit_operator.py
[2022-12-19T15:15:11.420+0000] {processor.py:743} INFO - Processing file /home/airflow/.local/lib/python3.7/site-packages/airflow/example_dags/example_short_circuit_operator.py for tasks to queue
[2022-12-19T15:15:11.422+0000] {logging_mixin.py:137} INFO - [2022-12-19T15:15:11.422+0000] {dagbag.py:538} INFO - Filling up the DagBag from /home/airflow/.local/lib/python3.7/site-packages/airflow/example_dags/example_short_circuit_operator.py
[2022-12-19T15:15:11.440+0000] {processor.py:753} INFO - DAG(s) dict_keys(['example_short_circuit_operator']) retrieved from /home/airflow/.local/lib/python3.7/site-packages/airflow/example_dags/example_short_circuit_operator.py
[2022-12-19T15:15:11.477+0000] {logging_mixin.py:137} INFO - [2022-12-19T15:15:11.476+0000] {dag.py:2676} INFO - Sync 1 DAGs
[2022-12-19T15:15:11.496+0000] {logging_mixin.py:137} INFO - [2022-12-19T15:15:11.496+0000] {dag.py:3427} INFO - Setting next_dagrun for example_short_circuit_operator to 2022-12-18T15:15:11.496068+00:00, run_after=2022-12-19T15:15:11.496068+00:00
[2022-12-19T15:15:11.522+0000] {processor.py:175} INFO - Processing /home/airflow/.local/lib/python3.7/site-packages/airflow/example_dags/example_short_circuit_operator.py took 0.111 seconds
[2022-12-19T15:15:42.605+0000] {processor.py:153} INFO - Started process (PID=950) to work on /home/airflow/.local/lib/python3.7/site-packages/airflow/example_dags/example_short_circuit_operator.py
[2022-12-19T15:15:42.609+0000] {processor.py:743} INFO - Processing file /home/airflow/.local/lib/python3.7/site-packages/airflow/example_dags/example_short_circuit_operator.py for tasks to queue
[2022-12-19T15:15:42.611+0000] {logging_mixin.py:137} INFO - [2022-12-19T15:15:42.611+0000] {dagbag.py:538} INFO - Filling up the DagBag from /home/airflow/.local/lib/python3.7/site-packages/airflow/example_dags/example_short_circuit_operator.py
[2022-12-19T15:15:42.625+0000] {processor.py:753} INFO - DAG(s) dict_keys(['example_short_circuit_operator']) retrieved from /home/airflow/.local/lib/python3.7/site-packages/airflow/example_dags/example_short_circuit_operator.py
[2022-12-19T15:15:42.660+0000] {logging_mixin.py:137} INFO - [2022-12-19T15:15:42.660+0000] {dag.py:2676} INFO - Sync 1 DAGs
[2022-12-19T15:15:42.694+0000] {logging_mixin.py:137} INFO - [2022-12-19T15:15:42.693+0000] {dag.py:3427} INFO - Setting next_dagrun for example_short_circuit_operator to 2022-12-18T15:15:42.692568+00:00, run_after=2022-12-19T15:15:42.692568+00:00
[2022-12-19T15:15:42.729+0000] {processor.py:175} INFO - Processing /home/airflow/.local/lib/python3.7/site-packages/airflow/example_dags/example_short_circuit_operator.py took 0.127 seconds
[2022-12-19T15:16:12.811+0000] {processor.py:153} INFO - Started process (PID=1013) to work on /home/airflow/.local/lib/python3.7/site-packages/airflow/example_dags/example_short_circuit_operator.py
[2022-12-19T15:16:12.812+0000] {processor.py:743} INFO - Processing file /home/airflow/.local/lib/python3.7/site-packages/airflow/example_dags/example_short_circuit_operator.py for tasks to queue
[2022-12-19T15:16:12.814+0000] {logging_mixin.py:137} INFO - [2022-12-19T15:16:12.813+0000] {dagbag.py:538} INFO - Filling up the DagBag from /home/airflow/.local/lib/python3.7/site-packages/airflow/example_dags/example_short_circuit_operator.py
[2022-12-19T15:16:12.833+0000] {processor.py:753} INFO - DAG(s) dict_keys(['example_short_circuit_operator']) retrieved from /home/airflow/.local/lib/python3.7/site-packages/airflow/example_dags/example_short_circuit_operator.py
[2022-12-19T15:16:12.866+0000] {logging_mixin.py:137} INFO - [2022-12-19T15:16:12.866+0000] {dag.py:2676} INFO - Sync 1 DAGs
[2022-12-19T15:16:12.883+0000] {logging_mixin.py:137} INFO - [2022-12-19T15:16:12.883+0000] {dag.py:3427} INFO - Setting next_dagrun for example_short_circuit_operator to 2022-12-18T15:16:12.883324+00:00, run_after=2022-12-19T15:16:12.883324+00:00
[2022-12-19T15:16:12.899+0000] {processor.py:175} INFO - Processing /home/airflow/.local/lib/python3.7/site-packages/airflow/example_dags/example_short_circuit_operator.py took 0.091 seconds
[2022-12-19T15:16:43.983+0000] {processor.py:153} INFO - Started process (PID=1088) to work on /home/airflow/.local/lib/python3.7/site-packages/airflow/example_dags/example_short_circuit_operator.py
[2022-12-19T15:16:43.986+0000] {processor.py:743} INFO - Processing file /home/airflow/.local/lib/python3.7/site-packages/airflow/example_dags/example_short_circuit_operator.py for tasks to queue
[2022-12-19T15:16:43.988+0000] {logging_mixin.py:137} INFO - [2022-12-19T15:16:43.988+0000] {dagbag.py:538} INFO - Filling up the DagBag from /home/airflow/.local/lib/python3.7/site-packages/airflow/example_dags/example_short_circuit_operator.py
[2022-12-19T15:16:44.006+0000] {processor.py:753} INFO - DAG(s) dict_keys(['example_short_circuit_operator']) retrieved from /home/airflow/.local/lib/python3.7/site-packages/airflow/example_dags/example_short_circuit_operator.py
[2022-12-19T15:16:44.043+0000] {logging_mixin.py:137} INFO - [2022-12-19T15:16:44.043+0000] {dag.py:2676} INFO - Sync 1 DAGs
[2022-12-19T15:16:44.066+0000] {logging_mixin.py:137} INFO - [2022-12-19T15:16:44.065+0000] {dag.py:3427} INFO - Setting next_dagrun for example_short_circuit_operator to 2022-12-18T15:16:44.065759+00:00, run_after=2022-12-19T15:16:44.065759+00:00
[2022-12-19T15:16:44.086+0000] {processor.py:175} INFO - Processing /home/airflow/.local/lib/python3.7/site-packages/airflow/example_dags/example_short_circuit_operator.py took 0.108 seconds
[2022-12-19T15:17:14.171+0000] {processor.py:153} INFO - Started process (PID=1151) to work on /home/airflow/.local/lib/python3.7/site-packages/airflow/example_dags/example_short_circuit_operator.py
[2022-12-19T15:17:14.172+0000] {processor.py:743} INFO - Processing file /home/airflow/.local/lib/python3.7/site-packages/airflow/example_dags/example_short_circuit_operator.py for tasks to queue
[2022-12-19T15:17:14.174+0000] {logging_mixin.py:137} INFO - [2022-12-19T15:17:14.174+0000] {dagbag.py:538} INFO - Filling up the DagBag from /home/airflow/.local/lib/python3.7/site-packages/airflow/example_dags/example_short_circuit_operator.py
[2022-12-19T15:17:14.186+0000] {processor.py:753} INFO - DAG(s) dict_keys(['example_short_circuit_operator']) retrieved from /home/airflow/.local/lib/python3.7/site-packages/airflow/example_dags/example_short_circuit_operator.py
[2022-12-19T15:17:14.213+0000] {logging_mixin.py:137} INFO - [2022-12-19T15:17:14.213+0000] {dag.py:2676} INFO - Sync 1 DAGs
[2022-12-19T15:17:14.235+0000] {logging_mixin.py:137} INFO - [2022-12-19T15:17:14.234+0000] {dag.py:3427} INFO - Setting next_dagrun for example_short_circuit_operator to 2022-12-18T15:17:14.234687+00:00, run_after=2022-12-19T15:17:14.234687+00:00
[2022-12-19T15:17:14.251+0000] {processor.py:175} INFO - Processing /home/airflow/.local/lib/python3.7/site-packages/airflow/example_dags/example_short_circuit_operator.py took 0.083 seconds
[2022-12-19T15:17:44.524+0000] {processor.py:153} INFO - Started process (PID=1223) to work on /home/airflow/.local/lib/python3.7/site-packages/airflow/example_dags/example_short_circuit_operator.py
[2022-12-19T15:17:44.527+0000] {processor.py:743} INFO - Processing file /home/airflow/.local/lib/python3.7/site-packages/airflow/example_dags/example_short_circuit_operator.py for tasks to queue
[2022-12-19T15:17:44.530+0000] {logging_mixin.py:137} INFO - [2022-12-19T15:17:44.530+0000] {dagbag.py:538} INFO - Filling up the DagBag from /home/airflow/.local/lib/python3.7/site-packages/airflow/example_dags/example_short_circuit_operator.py
[2022-12-19T15:17:44.553+0000] {processor.py:753} INFO - DAG(s) dict_keys(['example_short_circuit_operator']) retrieved from /home/airflow/.local/lib/python3.7/site-packages/airflow/example_dags/example_short_circuit_operator.py
[2022-12-19T15:17:44.603+0000] {logging_mixin.py:137} INFO - [2022-12-19T15:17:44.603+0000] {dag.py:2676} INFO - Sync 1 DAGs
[2022-12-19T15:17:44.638+0000] {logging_mixin.py:137} INFO - [2022-12-19T15:17:44.638+0000] {dag.py:3427} INFO - Setting next_dagrun for example_short_circuit_operator to 2022-12-18T15:17:44.637957+00:00, run_after=2022-12-19T15:17:44.637957+00:00
[2022-12-19T15:17:44.660+0000] {processor.py:175} INFO - Processing /home/airflow/.local/lib/python3.7/site-packages/airflow/example_dags/example_short_circuit_operator.py took 0.139 seconds
[2022-12-19T15:18:15.118+0000] {processor.py:153} INFO - Started process (PID=1289) to work on /home/airflow/.local/lib/python3.7/site-packages/airflow/example_dags/example_short_circuit_operator.py
[2022-12-19T15:18:15.120+0000] {processor.py:743} INFO - Processing file /home/airflow/.local/lib/python3.7/site-packages/airflow/example_dags/example_short_circuit_operator.py for tasks to queue
[2022-12-19T15:18:15.121+0000] {logging_mixin.py:137} INFO - [2022-12-19T15:18:15.121+0000] {dagbag.py:538} INFO - Filling up the DagBag from /home/airflow/.local/lib/python3.7/site-packages/airflow/example_dags/example_short_circuit_operator.py
[2022-12-19T15:18:15.134+0000] {processor.py:753} INFO - DAG(s) dict_keys(['example_short_circuit_operator']) retrieved from /home/airflow/.local/lib/python3.7/site-packages/airflow/example_dags/example_short_circuit_operator.py
[2022-12-19T15:18:15.165+0000] {logging_mixin.py:137} INFO - [2022-12-19T15:18:15.165+0000] {dag.py:2676} INFO - Sync 1 DAGs
[2022-12-19T15:18:15.180+0000] {logging_mixin.py:137} INFO - [2022-12-19T15:18:15.180+0000] {dag.py:3427} INFO - Setting next_dagrun for example_short_circuit_operator to 2022-12-18T15:18:15.180739+00:00, run_after=2022-12-19T15:18:15.180739+00:00
[2022-12-19T15:18:15.192+0000] {processor.py:175} INFO - Processing /home/airflow/.local/lib/python3.7/site-packages/airflow/example_dags/example_short_circuit_operator.py took 0.076 seconds
