[2022-12-19T15:08:18.238+0000] {processor.py:153} INFO - Started process (PID=77) to work on /home/airflow/.local/lib/python3.7/site-packages/airflow/example_dags/example_branch_python_dop_operator_3.py
[2022-12-19T15:08:18.240+0000] {processor.py:743} INFO - Processing file /home/airflow/.local/lib/python3.7/site-packages/airflow/example_dags/example_branch_python_dop_operator_3.py for tasks to queue
[2022-12-19T15:08:18.252+0000] {logging_mixin.py:137} INFO - [2022-12-19T15:08:18.252+0000] {dagbag.py:538} INFO - Filling up the DagBag from /home/airflow/.local/lib/python3.7/site-packages/airflow/example_dags/example_branch_python_dop_operator_3.py
[2022-12-19T15:08:18.398+0000] {processor.py:753} INFO - DAG(s) dict_keys(['example_branch_dop_operator_v3']) retrieved from /home/airflow/.local/lib/python3.7/site-packages/airflow/example_dags/example_branch_python_dop_operator_3.py
[2022-12-19T15:08:18.548+0000] {logging_mixin.py:137} INFO - [2022-12-19T15:08:18.548+0000] {dag.py:2676} INFO - Sync 1 DAGs
[2022-12-19T15:08:18.659+0000] {logging_mixin.py:137} INFO - [2022-12-19T15:08:18.659+0000] {dag.py:3427} INFO - Setting next_dagrun for example_branch_dop_operator_v3 to 2022-12-19T15:07:00+00:00, run_after=2022-12-19T15:08:00+00:00
[2022-12-19T15:08:18.704+0000] {processor.py:175} INFO - Processing /home/airflow/.local/lib/python3.7/site-packages/airflow/example_dags/example_branch_python_dop_operator_3.py took 0.480 seconds
[2022-12-19T15:08:57.459+0000] {processor.py:153} INFO - Started process (PID=144) to work on /home/airflow/.local/lib/python3.7/site-packages/airflow/example_dags/example_branch_python_dop_operator_3.py
[2022-12-19T15:08:57.465+0000] {processor.py:743} INFO - Processing file /home/airflow/.local/lib/python3.7/site-packages/airflow/example_dags/example_branch_python_dop_operator_3.py for tasks to queue
[2022-12-19T15:08:57.471+0000] {logging_mixin.py:137} INFO - [2022-12-19T15:08:57.470+0000] {dagbag.py:538} INFO - Filling up the DagBag from /home/airflow/.local/lib/python3.7/site-packages/airflow/example_dags/example_branch_python_dop_operator_3.py
[2022-12-19T15:08:57.556+0000] {processor.py:753} INFO - DAG(s) dict_keys(['example_branch_dop_operator_v3']) retrieved from /home/airflow/.local/lib/python3.7/site-packages/airflow/example_dags/example_branch_python_dop_operator_3.py
[2022-12-19T15:08:57.651+0000] {logging_mixin.py:137} INFO - [2022-12-19T15:08:57.650+0000] {dag.py:2676} INFO - Sync 1 DAGs
[2022-12-19T15:08:57.703+0000] {logging_mixin.py:137} INFO - [2022-12-19T15:08:57.702+0000] {dag.py:3427} INFO - Setting next_dagrun for example_branch_dop_operator_v3 to 2022-12-19T15:07:00+00:00, run_after=2022-12-19T15:08:00+00:00
[2022-12-19T15:08:57.752+0000] {processor.py:175} INFO - Processing /home/airflow/.local/lib/python3.7/site-packages/airflow/example_dags/example_branch_python_dop_operator_3.py took 0.307 seconds
[2022-12-19T15:09:37.441+0000] {processor.py:153} INFO - Started process (PID=206) to work on /home/airflow/.local/lib/python3.7/site-packages/airflow/example_dags/example_branch_python_dop_operator_3.py
[2022-12-19T15:09:37.823+0000] {processor.py:743} INFO - Processing file /home/airflow/.local/lib/python3.7/site-packages/airflow/example_dags/example_branch_python_dop_operator_3.py for tasks to queue
[2022-12-19T15:09:37.825+0000] {logging_mixin.py:137} INFO - [2022-12-19T15:09:37.825+0000] {dagbag.py:538} INFO - Filling up the DagBag from /home/airflow/.local/lib/python3.7/site-packages/airflow/example_dags/example_branch_python_dop_operator_3.py
[2022-12-19T15:09:37.845+0000] {processor.py:753} INFO - DAG(s) dict_keys(['example_branch_dop_operator_v3']) retrieved from /home/airflow/.local/lib/python3.7/site-packages/airflow/example_dags/example_branch_python_dop_operator_3.py
[2022-12-19T15:09:37.917+0000] {logging_mixin.py:137} INFO - [2022-12-19T15:09:37.916+0000] {dag.py:2676} INFO - Sync 1 DAGs
[2022-12-19T15:09:37.984+0000] {logging_mixin.py:137} INFO - [2022-12-19T15:09:37.984+0000] {dag.py:3427} INFO - Setting next_dagrun for example_branch_dop_operator_v3 to 2022-12-19T15:08:00+00:00, run_after=2022-12-19T15:09:00+00:00
[2022-12-19T15:09:38.044+0000] {processor.py:175} INFO - Processing /home/airflow/.local/lib/python3.7/site-packages/airflow/example_dags/example_branch_python_dop_operator_3.py took 0.607 seconds
[2022-12-19T15:10:08.165+0000] {processor.py:153} INFO - Started process (PID=275) to work on /home/airflow/.local/lib/python3.7/site-packages/airflow/example_dags/example_branch_python_dop_operator_3.py
[2022-12-19T15:10:08.169+0000] {processor.py:743} INFO - Processing file /home/airflow/.local/lib/python3.7/site-packages/airflow/example_dags/example_branch_python_dop_operator_3.py for tasks to queue
[2022-12-19T15:10:08.173+0000] {logging_mixin.py:137} INFO - [2022-12-19T15:10:08.173+0000] {dagbag.py:538} INFO - Filling up the DagBag from /home/airflow/.local/lib/python3.7/site-packages/airflow/example_dags/example_branch_python_dop_operator_3.py
[2022-12-19T15:10:08.248+0000] {processor.py:753} INFO - DAG(s) dict_keys(['example_branch_dop_operator_v3']) retrieved from /home/airflow/.local/lib/python3.7/site-packages/airflow/example_dags/example_branch_python_dop_operator_3.py
[2022-12-19T15:10:08.337+0000] {logging_mixin.py:137} INFO - [2022-12-19T15:10:08.337+0000] {dag.py:2676} INFO - Sync 1 DAGs
[2022-12-19T15:10:08.421+0000] {logging_mixin.py:137} INFO - [2022-12-19T15:10:08.420+0000] {dag.py:3427} INFO - Setting next_dagrun for example_branch_dop_operator_v3 to 2022-12-19T15:09:00+00:00, run_after=2022-12-19T15:10:00+00:00
[2022-12-19T15:10:08.472+0000] {processor.py:175} INFO - Processing /home/airflow/.local/lib/python3.7/site-packages/airflow/example_dags/example_branch_python_dop_operator_3.py took 0.312 seconds
[2022-12-19T15:10:39.590+0000] {processor.py:153} INFO - Started process (PID=348) to work on /home/airflow/.local/lib/python3.7/site-packages/airflow/example_dags/example_branch_python_dop_operator_3.py
[2022-12-19T15:10:39.593+0000] {processor.py:743} INFO - Processing file /home/airflow/.local/lib/python3.7/site-packages/airflow/example_dags/example_branch_python_dop_operator_3.py for tasks to queue
[2022-12-19T15:10:39.595+0000] {logging_mixin.py:137} INFO - [2022-12-19T15:10:39.595+0000] {dagbag.py:538} INFO - Filling up the DagBag from /home/airflow/.local/lib/python3.7/site-packages/airflow/example_dags/example_branch_python_dop_operator_3.py
[2022-12-19T15:10:39.621+0000] {processor.py:753} INFO - DAG(s) dict_keys(['example_branch_dop_operator_v3']) retrieved from /home/airflow/.local/lib/python3.7/site-packages/airflow/example_dags/example_branch_python_dop_operator_3.py
[2022-12-19T15:10:39.671+0000] {logging_mixin.py:137} INFO - [2022-12-19T15:10:39.671+0000] {dag.py:2676} INFO - Sync 1 DAGs
[2022-12-19T15:10:39.712+0000] {logging_mixin.py:137} INFO - [2022-12-19T15:10:39.712+0000] {dag.py:3427} INFO - Setting next_dagrun for example_branch_dop_operator_v3 to 2022-12-19T15:09:00+00:00, run_after=2022-12-19T15:10:00+00:00
[2022-12-19T15:10:39.768+0000] {processor.py:175} INFO - Processing /home/airflow/.local/lib/python3.7/site-packages/airflow/example_dags/example_branch_python_dop_operator_3.py took 0.181 seconds
[2022-12-19T15:11:10.156+0000] {processor.py:153} INFO - Started process (PID=412) to work on /home/airflow/.local/lib/python3.7/site-packages/airflow/example_dags/example_branch_python_dop_operator_3.py
[2022-12-19T15:11:10.157+0000] {processor.py:743} INFO - Processing file /home/airflow/.local/lib/python3.7/site-packages/airflow/example_dags/example_branch_python_dop_operator_3.py for tasks to queue
[2022-12-19T15:11:10.158+0000] {logging_mixin.py:137} INFO - [2022-12-19T15:11:10.158+0000] {dagbag.py:538} INFO - Filling up the DagBag from /home/airflow/.local/lib/python3.7/site-packages/airflow/example_dags/example_branch_python_dop_operator_3.py
[2022-12-19T15:11:10.193+0000] {processor.py:753} INFO - DAG(s) dict_keys(['example_branch_dop_operator_v3']) retrieved from /home/airflow/.local/lib/python3.7/site-packages/airflow/example_dags/example_branch_python_dop_operator_3.py
[2022-12-19T15:11:10.242+0000] {logging_mixin.py:137} INFO - [2022-12-19T15:11:10.242+0000] {dag.py:2676} INFO - Sync 1 DAGs
[2022-12-19T15:11:10.264+0000] {logging_mixin.py:137} INFO - [2022-12-19T15:11:10.264+0000] {dag.py:3427} INFO - Setting next_dagrun for example_branch_dop_operator_v3 to 2022-12-19T15:10:00+00:00, run_after=2022-12-19T15:11:00+00:00
[2022-12-19T15:11:10.278+0000] {processor.py:175} INFO - Processing /home/airflow/.local/lib/python3.7/site-packages/airflow/example_dags/example_branch_python_dop_operator_3.py took 0.126 seconds
[2022-12-19T15:11:42.242+0000] {processor.py:153} INFO - Started process (PID=486) to work on /home/airflow/.local/lib/python3.7/site-packages/airflow/example_dags/example_branch_python_dop_operator_3.py
[2022-12-19T15:11:42.433+0000] {processor.py:743} INFO - Processing file /home/airflow/.local/lib/python3.7/site-packages/airflow/example_dags/example_branch_python_dop_operator_3.py for tasks to queue
[2022-12-19T15:11:42.489+0000] {logging_mixin.py:137} INFO - [2022-12-19T15:11:42.489+0000] {dagbag.py:538} INFO - Filling up the DagBag from /home/airflow/.local/lib/python3.7/site-packages/airflow/example_dags/example_branch_python_dop_operator_3.py
[2022-12-19T15:11:44.280+0000] {processor.py:753} INFO - DAG(s) dict_keys(['example_branch_dop_operator_v3']) retrieved from /home/airflow/.local/lib/python3.7/site-packages/airflow/example_dags/example_branch_python_dop_operator_3.py
[2022-12-19T15:11:44.423+0000] {logging_mixin.py:137} INFO - [2022-12-19T15:11:44.423+0000] {dag.py:2676} INFO - Sync 1 DAGs
[2022-12-19T15:11:44.529+0000] {logging_mixin.py:137} INFO - [2022-12-19T15:11:44.527+0000] {dag.py:3427} INFO - Setting next_dagrun for example_branch_dop_operator_v3 to 2022-12-19T15:10:00+00:00, run_after=2022-12-19T15:11:00+00:00
[2022-12-19T15:11:44.599+0000] {processor.py:175} INFO - Processing /home/airflow/.local/lib/python3.7/site-packages/airflow/example_dags/example_branch_python_dop_operator_3.py took 2.359 seconds
[2022-12-19T15:12:15.065+0000] {processor.py:153} INFO - Started process (PID=549) to work on /home/airflow/.local/lib/python3.7/site-packages/airflow/example_dags/example_branch_python_dop_operator_3.py
[2022-12-19T15:12:15.067+0000] {processor.py:743} INFO - Processing file /home/airflow/.local/lib/python3.7/site-packages/airflow/example_dags/example_branch_python_dop_operator_3.py for tasks to queue
[2022-12-19T15:12:15.069+0000] {logging_mixin.py:137} INFO - [2022-12-19T15:12:15.069+0000] {dagbag.py:538} INFO - Filling up the DagBag from /home/airflow/.local/lib/python3.7/site-packages/airflow/example_dags/example_branch_python_dop_operator_3.py
[2022-12-19T15:12:15.110+0000] {processor.py:753} INFO - DAG(s) dict_keys(['example_branch_dop_operator_v3']) retrieved from /home/airflow/.local/lib/python3.7/site-packages/airflow/example_dags/example_branch_python_dop_operator_3.py
[2022-12-19T15:12:15.164+0000] {logging_mixin.py:137} INFO - [2022-12-19T15:12:15.164+0000] {dag.py:2676} INFO - Sync 1 DAGs
[2022-12-19T15:12:15.226+0000] {logging_mixin.py:137} INFO - [2022-12-19T15:12:15.226+0000] {dag.py:3427} INFO - Setting next_dagrun for example_branch_dop_operator_v3 to 2022-12-19T15:11:00+00:00, run_after=2022-12-19T15:12:00+00:00
[2022-12-19T15:12:15.251+0000] {processor.py:175} INFO - Processing /home/airflow/.local/lib/python3.7/site-packages/airflow/example_dags/example_branch_python_dop_operator_3.py took 0.191 seconds
[2022-12-19T15:12:45.484+0000] {processor.py:153} INFO - Started process (PID=614) to work on /home/airflow/.local/lib/python3.7/site-packages/airflow/example_dags/example_branch_python_dop_operator_3.py
[2022-12-19T15:12:45.498+0000] {processor.py:743} INFO - Processing file /home/airflow/.local/lib/python3.7/site-packages/airflow/example_dags/example_branch_python_dop_operator_3.py for tasks to queue
[2022-12-19T15:12:45.512+0000] {logging_mixin.py:137} INFO - [2022-12-19T15:12:45.512+0000] {dagbag.py:538} INFO - Filling up the DagBag from /home/airflow/.local/lib/python3.7/site-packages/airflow/example_dags/example_branch_python_dop_operator_3.py
[2022-12-19T15:12:45.608+0000] {processor.py:753} INFO - DAG(s) dict_keys(['example_branch_dop_operator_v3']) retrieved from /home/airflow/.local/lib/python3.7/site-packages/airflow/example_dags/example_branch_python_dop_operator_3.py
[2022-12-19T15:12:45.713+0000] {logging_mixin.py:137} INFO - [2022-12-19T15:12:45.713+0000] {dag.py:2676} INFO - Sync 1 DAGs
[2022-12-19T15:12:45.800+0000] {logging_mixin.py:137} INFO - [2022-12-19T15:12:45.800+0000] {dag.py:3427} INFO - Setting next_dagrun for example_branch_dop_operator_v3 to 2022-12-19T15:11:00+00:00, run_after=2022-12-19T15:12:00+00:00
[2022-12-19T15:12:45.850+0000] {processor.py:175} INFO - Processing /home/airflow/.local/lib/python3.7/site-packages/airflow/example_dags/example_branch_python_dop_operator_3.py took 0.390 seconds
[2022-12-19T15:13:18.339+0000] {processor.py:153} INFO - Started process (PID=677) to work on /home/airflow/.local/lib/python3.7/site-packages/airflow/example_dags/example_branch_python_dop_operator_3.py
[2022-12-19T15:13:18.342+0000] {processor.py:743} INFO - Processing file /home/airflow/.local/lib/python3.7/site-packages/airflow/example_dags/example_branch_python_dop_operator_3.py for tasks to queue
[2022-12-19T15:13:18.343+0000] {logging_mixin.py:137} INFO - [2022-12-19T15:13:18.343+0000] {dagbag.py:538} INFO - Filling up the DagBag from /home/airflow/.local/lib/python3.7/site-packages/airflow/example_dags/example_branch_python_dop_operator_3.py
[2022-12-19T15:13:18.362+0000] {processor.py:753} INFO - DAG(s) dict_keys(['example_branch_dop_operator_v3']) retrieved from /home/airflow/.local/lib/python3.7/site-packages/airflow/example_dags/example_branch_python_dop_operator_3.py
[2022-12-19T15:13:18.409+0000] {logging_mixin.py:137} INFO - [2022-12-19T15:13:18.409+0000] {dag.py:2676} INFO - Sync 1 DAGs
[2022-12-19T15:13:18.436+0000] {logging_mixin.py:137} INFO - [2022-12-19T15:13:18.436+0000] {dag.py:3427} INFO - Setting next_dagrun for example_branch_dop_operator_v3 to 2022-12-19T15:12:00+00:00, run_after=2022-12-19T15:13:00+00:00
[2022-12-19T15:13:18.451+0000] {processor.py:175} INFO - Processing /home/airflow/.local/lib/python3.7/site-packages/airflow/example_dags/example_branch_python_dop_operator_3.py took 0.116 seconds
[2022-12-19T15:13:52.957+0000] {processor.py:153} INFO - Started process (PID=740) to work on /home/airflow/.local/lib/python3.7/site-packages/airflow/example_dags/example_branch_python_dop_operator_3.py
[2022-12-19T15:13:52.997+0000] {processor.py:743} INFO - Processing file /home/airflow/.local/lib/python3.7/site-packages/airflow/example_dags/example_branch_python_dop_operator_3.py for tasks to queue
[2022-12-19T15:13:53.014+0000] {logging_mixin.py:137} INFO - [2022-12-19T15:13:53.014+0000] {dagbag.py:538} INFO - Filling up the DagBag from /home/airflow/.local/lib/python3.7/site-packages/airflow/example_dags/example_branch_python_dop_operator_3.py
[2022-12-19T15:13:53.096+0000] {processor.py:753} INFO - DAG(s) dict_keys(['example_branch_dop_operator_v3']) retrieved from /home/airflow/.local/lib/python3.7/site-packages/airflow/example_dags/example_branch_python_dop_operator_3.py
[2022-12-19T15:13:53.326+0000] {logging_mixin.py:137} INFO - [2022-12-19T15:13:53.326+0000] {dag.py:2676} INFO - Sync 1 DAGs
[2022-12-19T15:13:53.385+0000] {logging_mixin.py:137} INFO - [2022-12-19T15:13:53.385+0000] {dag.py:3427} INFO - Setting next_dagrun for example_branch_dop_operator_v3 to 2022-12-19T15:12:00+00:00, run_after=2022-12-19T15:13:00+00:00
[2022-12-19T15:13:53.421+0000] {processor.py:175} INFO - Processing /home/airflow/.local/lib/python3.7/site-packages/airflow/example_dags/example_branch_python_dop_operator_3.py took 0.467 seconds
[2022-12-19T15:14:25.189+0000] {processor.py:153} INFO - Started process (PID=803) to work on /home/airflow/.local/lib/python3.7/site-packages/airflow/example_dags/example_branch_python_dop_operator_3.py
[2022-12-19T15:14:25.259+0000] {processor.py:743} INFO - Processing file /home/airflow/.local/lib/python3.7/site-packages/airflow/example_dags/example_branch_python_dop_operator_3.py for tasks to queue
[2022-12-19T15:14:25.278+0000] {logging_mixin.py:137} INFO - [2022-12-19T15:14:25.278+0000] {dagbag.py:538} INFO - Filling up the DagBag from /home/airflow/.local/lib/python3.7/site-packages/airflow/example_dags/example_branch_python_dop_operator_3.py
[2022-12-19T15:14:25.371+0000] {processor.py:753} INFO - DAG(s) dict_keys(['example_branch_dop_operator_v3']) retrieved from /home/airflow/.local/lib/python3.7/site-packages/airflow/example_dags/example_branch_python_dop_operator_3.py
[2022-12-19T15:14:25.571+0000] {logging_mixin.py:137} INFO - [2022-12-19T15:14:25.570+0000] {dag.py:2676} INFO - Sync 1 DAGs
[2022-12-19T15:14:25.647+0000] {logging_mixin.py:137} INFO - [2022-12-19T15:14:25.647+0000] {dag.py:3427} INFO - Setting next_dagrun for example_branch_dop_operator_v3 to 2022-12-19T15:13:00+00:00, run_after=2022-12-19T15:14:00+00:00
[2022-12-19T15:14:25.703+0000] {processor.py:175} INFO - Processing /home/airflow/.local/lib/python3.7/site-packages/airflow/example_dags/example_branch_python_dop_operator_3.py took 0.517 seconds
[2022-12-19T15:15:09.725+0000] {processor.py:153} INFO - Started process (PID=874) to work on /home/airflow/.local/lib/python3.7/site-packages/airflow/example_dags/example_branch_python_dop_operator_3.py
[2022-12-19T15:15:09.729+0000] {processor.py:743} INFO - Processing file /home/airflow/.local/lib/python3.7/site-packages/airflow/example_dags/example_branch_python_dop_operator_3.py for tasks to queue
[2022-12-19T15:15:09.731+0000] {logging_mixin.py:137} INFO - [2022-12-19T15:15:09.730+0000] {dagbag.py:538} INFO - Filling up the DagBag from /home/airflow/.local/lib/python3.7/site-packages/airflow/example_dags/example_branch_python_dop_operator_3.py
[2022-12-19T15:15:09.758+0000] {processor.py:753} INFO - DAG(s) dict_keys(['example_branch_dop_operator_v3']) retrieved from /home/airflow/.local/lib/python3.7/site-packages/airflow/example_dags/example_branch_python_dop_operator_3.py
[2022-12-19T15:15:09.787+0000] {logging_mixin.py:137} INFO - [2022-12-19T15:15:09.787+0000] {dag.py:2676} INFO - Sync 1 DAGs
[2022-12-19T15:15:09.816+0000] {logging_mixin.py:137} INFO - [2022-12-19T15:15:09.816+0000] {dag.py:3427} INFO - Setting next_dagrun for example_branch_dop_operator_v3 to 2022-12-19T15:14:00+00:00, run_after=2022-12-19T15:15:00+00:00
[2022-12-19T15:15:09.837+0000] {processor.py:175} INFO - Processing /home/airflow/.local/lib/python3.7/site-packages/airflow/example_dags/example_branch_python_dop_operator_3.py took 0.115 seconds
[2022-12-19T15:15:40.413+0000] {processor.py:153} INFO - Started process (PID=937) to work on /home/airflow/.local/lib/python3.7/site-packages/airflow/example_dags/example_branch_python_dop_operator_3.py
[2022-12-19T15:15:40.416+0000] {processor.py:743} INFO - Processing file /home/airflow/.local/lib/python3.7/site-packages/airflow/example_dags/example_branch_python_dop_operator_3.py for tasks to queue
[2022-12-19T15:15:40.418+0000] {logging_mixin.py:137} INFO - [2022-12-19T15:15:40.418+0000] {dagbag.py:538} INFO - Filling up the DagBag from /home/airflow/.local/lib/python3.7/site-packages/airflow/example_dags/example_branch_python_dop_operator_3.py
[2022-12-19T15:15:40.441+0000] {processor.py:753} INFO - DAG(s) dict_keys(['example_branch_dop_operator_v3']) retrieved from /home/airflow/.local/lib/python3.7/site-packages/airflow/example_dags/example_branch_python_dop_operator_3.py
[2022-12-19T15:15:40.469+0000] {logging_mixin.py:137} INFO - [2022-12-19T15:15:40.469+0000] {dag.py:2676} INFO - Sync 1 DAGs
[2022-12-19T15:15:40.502+0000] {logging_mixin.py:137} INFO - [2022-12-19T15:15:40.502+0000] {dag.py:3427} INFO - Setting next_dagrun for example_branch_dop_operator_v3 to 2022-12-19T15:14:00+00:00, run_after=2022-12-19T15:15:00+00:00
[2022-12-19T15:15:40.537+0000] {processor.py:175} INFO - Processing /home/airflow/.local/lib/python3.7/site-packages/airflow/example_dags/example_branch_python_dop_operator_3.py took 0.127 seconds
[2022-12-19T15:16:10.755+0000] {processor.py:153} INFO - Started process (PID=1000) to work on /home/airflow/.local/lib/python3.7/site-packages/airflow/example_dags/example_branch_python_dop_operator_3.py
[2022-12-19T15:16:10.757+0000] {processor.py:743} INFO - Processing file /home/airflow/.local/lib/python3.7/site-packages/airflow/example_dags/example_branch_python_dop_operator_3.py for tasks to queue
[2022-12-19T15:16:10.760+0000] {logging_mixin.py:137} INFO - [2022-12-19T15:16:10.760+0000] {dagbag.py:538} INFO - Filling up the DagBag from /home/airflow/.local/lib/python3.7/site-packages/airflow/example_dags/example_branch_python_dop_operator_3.py
[2022-12-19T15:16:10.783+0000] {processor.py:753} INFO - DAG(s) dict_keys(['example_branch_dop_operator_v3']) retrieved from /home/airflow/.local/lib/python3.7/site-packages/airflow/example_dags/example_branch_python_dop_operator_3.py
[2022-12-19T15:16:10.813+0000] {logging_mixin.py:137} INFO - [2022-12-19T15:16:10.812+0000] {dag.py:2676} INFO - Sync 1 DAGs
[2022-12-19T15:16:10.834+0000] {logging_mixin.py:137} INFO - [2022-12-19T15:16:10.834+0000] {dag.py:3427} INFO - Setting next_dagrun for example_branch_dop_operator_v3 to 2022-12-19T15:15:00+00:00, run_after=2022-12-19T15:16:00+00:00
[2022-12-19T15:16:10.849+0000] {processor.py:175} INFO - Processing /home/airflow/.local/lib/python3.7/site-packages/airflow/example_dags/example_branch_python_dop_operator_3.py took 0.096 seconds
[2022-12-19T15:16:41.989+0000] {processor.py:153} INFO - Started process (PID=1075) to work on /home/airflow/.local/lib/python3.7/site-packages/airflow/example_dags/example_branch_python_dop_operator_3.py
[2022-12-19T15:16:41.990+0000] {processor.py:743} INFO - Processing file /home/airflow/.local/lib/python3.7/site-packages/airflow/example_dags/example_branch_python_dop_operator_3.py for tasks to queue
[2022-12-19T15:16:41.995+0000] {logging_mixin.py:137} INFO - [2022-12-19T15:16:41.994+0000] {dagbag.py:538} INFO - Filling up the DagBag from /home/airflow/.local/lib/python3.7/site-packages/airflow/example_dags/example_branch_python_dop_operator_3.py
[2022-12-19T15:16:42.021+0000] {processor.py:753} INFO - DAG(s) dict_keys(['example_branch_dop_operator_v3']) retrieved from /home/airflow/.local/lib/python3.7/site-packages/airflow/example_dags/example_branch_python_dop_operator_3.py
[2022-12-19T15:16:42.065+0000] {logging_mixin.py:137} INFO - [2022-12-19T15:16:42.065+0000] {dag.py:2676} INFO - Sync 1 DAGs
[2022-12-19T15:16:42.089+0000] {logging_mixin.py:137} INFO - [2022-12-19T15:16:42.089+0000] {dag.py:3427} INFO - Setting next_dagrun for example_branch_dop_operator_v3 to 2022-12-19T15:15:00+00:00, run_after=2022-12-19T15:16:00+00:00
[2022-12-19T15:16:42.115+0000] {processor.py:175} INFO - Processing /home/airflow/.local/lib/python3.7/site-packages/airflow/example_dags/example_branch_python_dop_operator_3.py took 0.129 seconds
[2022-12-19T15:17:12.257+0000] {processor.py:153} INFO - Started process (PID=1138) to work on /home/airflow/.local/lib/python3.7/site-packages/airflow/example_dags/example_branch_python_dop_operator_3.py
[2022-12-19T15:17:12.260+0000] {processor.py:743} INFO - Processing file /home/airflow/.local/lib/python3.7/site-packages/airflow/example_dags/example_branch_python_dop_operator_3.py for tasks to queue
[2022-12-19T15:17:12.262+0000] {logging_mixin.py:137} INFO - [2022-12-19T15:17:12.262+0000] {dagbag.py:538} INFO - Filling up the DagBag from /home/airflow/.local/lib/python3.7/site-packages/airflow/example_dags/example_branch_python_dop_operator_3.py
[2022-12-19T15:17:12.287+0000] {processor.py:753} INFO - DAG(s) dict_keys(['example_branch_dop_operator_v3']) retrieved from /home/airflow/.local/lib/python3.7/site-packages/airflow/example_dags/example_branch_python_dop_operator_3.py
[2022-12-19T15:17:12.320+0000] {logging_mixin.py:137} INFO - [2022-12-19T15:17:12.320+0000] {dag.py:2676} INFO - Sync 1 DAGs
[2022-12-19T15:17:12.343+0000] {logging_mixin.py:137} INFO - [2022-12-19T15:17:12.343+0000] {dag.py:3427} INFO - Setting next_dagrun for example_branch_dop_operator_v3 to 2022-12-19T15:16:00+00:00, run_after=2022-12-19T15:17:00+00:00
[2022-12-19T15:17:12.355+0000] {processor.py:175} INFO - Processing /home/airflow/.local/lib/python3.7/site-packages/airflow/example_dags/example_branch_python_dop_operator_3.py took 0.101 seconds
[2022-12-19T15:17:43.241+0000] {processor.py:153} INFO - Started process (PID=1201) to work on /home/airflow/.local/lib/python3.7/site-packages/airflow/example_dags/example_branch_python_dop_operator_3.py
[2022-12-19T15:17:43.245+0000] {processor.py:743} INFO - Processing file /home/airflow/.local/lib/python3.7/site-packages/airflow/example_dags/example_branch_python_dop_operator_3.py for tasks to queue
[2022-12-19T15:17:43.246+0000] {logging_mixin.py:137} INFO - [2022-12-19T15:17:43.246+0000] {dagbag.py:538} INFO - Filling up the DagBag from /home/airflow/.local/lib/python3.7/site-packages/airflow/example_dags/example_branch_python_dop_operator_3.py
[2022-12-19T15:17:43.268+0000] {processor.py:753} INFO - DAG(s) dict_keys(['example_branch_dop_operator_v3']) retrieved from /home/airflow/.local/lib/python3.7/site-packages/airflow/example_dags/example_branch_python_dop_operator_3.py
[2022-12-19T15:17:43.296+0000] {logging_mixin.py:137} INFO - [2022-12-19T15:17:43.296+0000] {dag.py:2676} INFO - Sync 1 DAGs
[2022-12-19T15:17:43.315+0000] {logging_mixin.py:137} INFO - [2022-12-19T15:17:43.315+0000] {dag.py:3427} INFO - Setting next_dagrun for example_branch_dop_operator_v3 to 2022-12-19T15:16:00+00:00, run_after=2022-12-19T15:17:00+00:00
[2022-12-19T15:17:43.328+0000] {processor.py:175} INFO - Processing /home/airflow/.local/lib/python3.7/site-packages/airflow/example_dags/example_branch_python_dop_operator_3.py took 0.090 seconds
[2022-12-19T15:18:14.097+0000] {processor.py:153} INFO - Started process (PID=1275) to work on /home/airflow/.local/lib/python3.7/site-packages/airflow/example_dags/example_branch_python_dop_operator_3.py
[2022-12-19T15:18:14.200+0000] {processor.py:743} INFO - Processing file /home/airflow/.local/lib/python3.7/site-packages/airflow/example_dags/example_branch_python_dop_operator_3.py for tasks to queue
[2022-12-19T15:18:14.202+0000] {logging_mixin.py:137} INFO - [2022-12-19T15:18:14.202+0000] {dagbag.py:538} INFO - Filling up the DagBag from /home/airflow/.local/lib/python3.7/site-packages/airflow/example_dags/example_branch_python_dop_operator_3.py
[2022-12-19T15:18:14.219+0000] {processor.py:753} INFO - DAG(s) dict_keys(['example_branch_dop_operator_v3']) retrieved from /home/airflow/.local/lib/python3.7/site-packages/airflow/example_dags/example_branch_python_dop_operator_3.py
[2022-12-19T15:18:14.244+0000] {logging_mixin.py:137} INFO - [2022-12-19T15:18:14.244+0000] {dag.py:2676} INFO - Sync 1 DAGs
[2022-12-19T15:18:14.264+0000] {logging_mixin.py:137} INFO - [2022-12-19T15:18:14.264+0000] {dag.py:3427} INFO - Setting next_dagrun for example_branch_dop_operator_v3 to 2022-12-19T15:17:00+00:00, run_after=2022-12-19T15:18:00+00:00
[2022-12-19T15:18:14.280+0000] {processor.py:175} INFO - Processing /home/airflow/.local/lib/python3.7/site-packages/airflow/example_dags/example_branch_python_dop_operator_3.py took 0.185 seconds
