[2022-12-19T15:08:13.688+0000] {processor.py:153} INFO - Started process (PID=66) to work on /home/airflow/.local/lib/python3.7/site-packages/airflow/example_dags/example_kubernetes_executor.py
[2022-12-19T15:08:13.702+0000] {processor.py:743} INFO - Processing file /home/airflow/.local/lib/python3.7/site-packages/airflow/example_dags/example_kubernetes_executor.py for tasks to queue
[2022-12-19T15:08:13.705+0000] {logging_mixin.py:137} INFO - [2022-12-19T15:08:13.705+0000] {dagbag.py:538} INFO - Filling up the DagBag from /home/airflow/.local/lib/python3.7/site-packages/airflow/example_dags/example_kubernetes_executor.py
[2022-12-19T15:08:13.804+0000] {processor.py:753} INFO - DAG(s) dict_keys(['example_kubernetes_executor']) retrieved from /home/airflow/.local/lib/python3.7/site-packages/airflow/example_dags/example_kubernetes_executor.py
[2022-12-19T15:08:14.192+0000] {logging_mixin.py:137} INFO - [2022-12-19T15:08:14.192+0000] {dag.py:2676} INFO - Sync 1 DAGs
[2022-12-19T15:08:14.320+0000] {logging_mixin.py:137} INFO - [2022-12-19T15:08:14.320+0000] {dag.py:3427} INFO - Setting next_dagrun for example_kubernetes_executor to None, run_after=None
[2022-12-19T15:08:14.417+0000] {processor.py:175} INFO - Processing /home/airflow/.local/lib/python3.7/site-packages/airflow/example_dags/example_kubernetes_executor.py took 0.746 seconds
[2022-12-19T15:08:45.880+0000] {processor.py:153} INFO - Started process (PID=133) to work on /home/airflow/.local/lib/python3.7/site-packages/airflow/example_dags/example_kubernetes_executor.py
[2022-12-19T15:08:45.885+0000] {processor.py:743} INFO - Processing file /home/airflow/.local/lib/python3.7/site-packages/airflow/example_dags/example_kubernetes_executor.py for tasks to queue
[2022-12-19T15:08:45.889+0000] {logging_mixin.py:137} INFO - [2022-12-19T15:08:45.889+0000] {dagbag.py:538} INFO - Filling up the DagBag from /home/airflow/.local/lib/python3.7/site-packages/airflow/example_dags/example_kubernetes_executor.py
[2022-12-19T15:08:46.039+0000] {processor.py:753} INFO - DAG(s) dict_keys(['example_kubernetes_executor']) retrieved from /home/airflow/.local/lib/python3.7/site-packages/airflow/example_dags/example_kubernetes_executor.py
[2022-12-19T15:08:46.587+0000] {logging_mixin.py:137} INFO - [2022-12-19T15:08:46.586+0000] {dag.py:2676} INFO - Sync 1 DAGs
[2022-12-19T15:08:47.116+0000] {logging_mixin.py:137} INFO - [2022-12-19T15:08:47.115+0000] {dag.py:3427} INFO - Setting next_dagrun for example_kubernetes_executor to None, run_after=None
[2022-12-19T15:08:47.750+0000] {processor.py:175} INFO - Processing /home/airflow/.local/lib/python3.7/site-packages/airflow/example_dags/example_kubernetes_executor.py took 1.871 seconds
[2022-12-19T15:09:20.201+0000] {processor.py:153} INFO - Started process (PID=190) to work on /home/airflow/.local/lib/python3.7/site-packages/airflow/example_dags/example_kubernetes_executor.py
[2022-12-19T15:09:20.205+0000] {processor.py:743} INFO - Processing file /home/airflow/.local/lib/python3.7/site-packages/airflow/example_dags/example_kubernetes_executor.py for tasks to queue
[2022-12-19T15:09:20.213+0000] {logging_mixin.py:137} INFO - [2022-12-19T15:09:20.213+0000] {dagbag.py:538} INFO - Filling up the DagBag from /home/airflow/.local/lib/python3.7/site-packages/airflow/example_dags/example_kubernetes_executor.py
[2022-12-19T15:09:20.430+0000] {processor.py:753} INFO - DAG(s) dict_keys(['example_kubernetes_executor']) retrieved from /home/airflow/.local/lib/python3.7/site-packages/airflow/example_dags/example_kubernetes_executor.py
[2022-12-19T15:09:20.557+0000] {logging_mixin.py:137} INFO - [2022-12-19T15:09:20.557+0000] {dag.py:2676} INFO - Sync 1 DAGs
[2022-12-19T15:09:20.642+0000] {logging_mixin.py:137} INFO - [2022-12-19T15:09:20.641+0000] {dag.py:3427} INFO - Setting next_dagrun for example_kubernetes_executor to None, run_after=None
[2022-12-19T15:09:20.801+0000] {processor.py:175} INFO - Processing /home/airflow/.local/lib/python3.7/site-packages/airflow/example_dags/example_kubernetes_executor.py took 0.602 seconds
[2022-12-19T15:09:51.628+0000] {processor.py:153} INFO - Started process (PID=252) to work on /home/airflow/.local/lib/python3.7/site-packages/airflow/example_dags/example_kubernetes_executor.py
[2022-12-19T15:09:51.646+0000] {processor.py:743} INFO - Processing file /home/airflow/.local/lib/python3.7/site-packages/airflow/example_dags/example_kubernetes_executor.py for tasks to queue
[2022-12-19T15:09:51.650+0000] {logging_mixin.py:137} INFO - [2022-12-19T15:09:51.650+0000] {dagbag.py:538} INFO - Filling up the DagBag from /home/airflow/.local/lib/python3.7/site-packages/airflow/example_dags/example_kubernetes_executor.py
[2022-12-19T15:09:52.078+0000] {processor.py:753} INFO - DAG(s) dict_keys(['example_kubernetes_executor']) retrieved from /home/airflow/.local/lib/python3.7/site-packages/airflow/example_dags/example_kubernetes_executor.py
[2022-12-19T15:09:52.691+0000] {logging_mixin.py:137} INFO - [2022-12-19T15:09:52.691+0000] {dag.py:2676} INFO - Sync 1 DAGs
[2022-12-19T15:09:53.338+0000] {logging_mixin.py:137} INFO - [2022-12-19T15:09:53.338+0000] {dag.py:3427} INFO - Setting next_dagrun for example_kubernetes_executor to None, run_after=None
[2022-12-19T15:09:53.583+0000] {processor.py:175} INFO - Processing /home/airflow/.local/lib/python3.7/site-packages/airflow/example_dags/example_kubernetes_executor.py took 1.959 seconds
[2022-12-19T15:10:27.367+0000] {processor.py:153} INFO - Started process (PID=320) to work on /home/airflow/.local/lib/python3.7/site-packages/airflow/example_dags/example_kubernetes_executor.py
[2022-12-19T15:10:27.369+0000] {processor.py:743} INFO - Processing file /home/airflow/.local/lib/python3.7/site-packages/airflow/example_dags/example_kubernetes_executor.py for tasks to queue
[2022-12-19T15:10:27.370+0000] {logging_mixin.py:137} INFO - [2022-12-19T15:10:27.370+0000] {dagbag.py:538} INFO - Filling up the DagBag from /home/airflow/.local/lib/python3.7/site-packages/airflow/example_dags/example_kubernetes_executor.py
[2022-12-19T15:10:27.414+0000] {processor.py:753} INFO - DAG(s) dict_keys(['example_kubernetes_executor']) retrieved from /home/airflow/.local/lib/python3.7/site-packages/airflow/example_dags/example_kubernetes_executor.py
[2022-12-19T15:10:27.442+0000] {logging_mixin.py:137} INFO - [2022-12-19T15:10:27.442+0000] {dag.py:2676} INFO - Sync 1 DAGs
[2022-12-19T15:10:27.457+0000] {logging_mixin.py:137} INFO - [2022-12-19T15:10:27.457+0000] {dag.py:3427} INFO - Setting next_dagrun for example_kubernetes_executor to None, run_after=None
[2022-12-19T15:10:27.467+0000] {processor.py:175} INFO - Processing /home/airflow/.local/lib/python3.7/site-packages/airflow/example_dags/example_kubernetes_executor.py took 0.103 seconds
[2022-12-19T15:11:01.001+0000] {processor.py:153} INFO - Started process (PID=401) to work on /home/airflow/.local/lib/python3.7/site-packages/airflow/example_dags/example_kubernetes_executor.py
[2022-12-19T15:11:01.004+0000] {processor.py:743} INFO - Processing file /home/airflow/.local/lib/python3.7/site-packages/airflow/example_dags/example_kubernetes_executor.py for tasks to queue
[2022-12-19T15:11:01.005+0000] {logging_mixin.py:137} INFO - [2022-12-19T15:11:01.005+0000] {dagbag.py:538} INFO - Filling up the DagBag from /home/airflow/.local/lib/python3.7/site-packages/airflow/example_dags/example_kubernetes_executor.py
[2022-12-19T15:11:01.066+0000] {processor.py:753} INFO - DAG(s) dict_keys(['example_kubernetes_executor']) retrieved from /home/airflow/.local/lib/python3.7/site-packages/airflow/example_dags/example_kubernetes_executor.py
[2022-12-19T15:11:01.144+0000] {logging_mixin.py:137} INFO - [2022-12-19T15:11:01.144+0000] {dag.py:2676} INFO - Sync 1 DAGs
[2022-12-19T15:11:01.188+0000] {logging_mixin.py:137} INFO - [2022-12-19T15:11:01.188+0000] {dag.py:3427} INFO - Setting next_dagrun for example_kubernetes_executor to None, run_after=None
[2022-12-19T15:11:01.218+0000] {processor.py:175} INFO - Processing /home/airflow/.local/lib/python3.7/site-packages/airflow/example_dags/example_kubernetes_executor.py took 0.221 seconds
[2022-12-19T15:11:32.028+0000] {processor.py:153} INFO - Started process (PID=464) to work on /home/airflow/.local/lib/python3.7/site-packages/airflow/example_dags/example_kubernetes_executor.py
[2022-12-19T15:11:32.035+0000] {processor.py:743} INFO - Processing file /home/airflow/.local/lib/python3.7/site-packages/airflow/example_dags/example_kubernetes_executor.py for tasks to queue
[2022-12-19T15:11:32.037+0000] {logging_mixin.py:137} INFO - [2022-12-19T15:11:32.037+0000] {dagbag.py:538} INFO - Filling up the DagBag from /home/airflow/.local/lib/python3.7/site-packages/airflow/example_dags/example_kubernetes_executor.py
[2022-12-19T15:11:32.085+0000] {processor.py:753} INFO - DAG(s) dict_keys(['example_kubernetes_executor']) retrieved from /home/airflow/.local/lib/python3.7/site-packages/airflow/example_dags/example_kubernetes_executor.py
[2022-12-19T15:11:32.149+0000] {logging_mixin.py:137} INFO - [2022-12-19T15:11:32.149+0000] {dag.py:2676} INFO - Sync 1 DAGs
[2022-12-19T15:11:32.180+0000] {logging_mixin.py:137} INFO - [2022-12-19T15:11:32.180+0000] {dag.py:3427} INFO - Setting next_dagrun for example_kubernetes_executor to None, run_after=None
[2022-12-19T15:11:32.196+0000] {processor.py:175} INFO - Processing /home/airflow/.local/lib/python3.7/site-packages/airflow/example_dags/example_kubernetes_executor.py took 0.172 seconds
[2022-12-19T15:12:02.591+0000] {processor.py:153} INFO - Started process (PID=526) to work on /home/airflow/.local/lib/python3.7/site-packages/airflow/example_dags/example_kubernetes_executor.py
[2022-12-19T15:12:02.864+0000] {processor.py:743} INFO - Processing file /home/airflow/.local/lib/python3.7/site-packages/airflow/example_dags/example_kubernetes_executor.py for tasks to queue
[2022-12-19T15:12:02.866+0000] {logging_mixin.py:137} INFO - [2022-12-19T15:12:02.866+0000] {dagbag.py:538} INFO - Filling up the DagBag from /home/airflow/.local/lib/python3.7/site-packages/airflow/example_dags/example_kubernetes_executor.py
[2022-12-19T15:12:03.758+0000] {processor.py:753} INFO - DAG(s) dict_keys(['example_kubernetes_executor']) retrieved from /home/airflow/.local/lib/python3.7/site-packages/airflow/example_dags/example_kubernetes_executor.py
[2022-12-19T15:12:04.160+0000] {logging_mixin.py:137} INFO - [2022-12-19T15:12:04.160+0000] {dag.py:2676} INFO - Sync 1 DAGs
[2022-12-19T15:12:04.229+0000] {logging_mixin.py:137} INFO - [2022-12-19T15:12:04.229+0000] {dag.py:3427} INFO - Setting next_dagrun for example_kubernetes_executor to None, run_after=None
[2022-12-19T15:12:04.256+0000] {processor.py:175} INFO - Processing /home/airflow/.local/lib/python3.7/site-packages/airflow/example_dags/example_kubernetes_executor.py took 1.668 seconds
[2022-12-19T15:12:35.295+0000] {processor.py:153} INFO - Started process (PID=590) to work on /home/airflow/.local/lib/python3.7/site-packages/airflow/example_dags/example_kubernetes_executor.py
[2022-12-19T15:12:35.300+0000] {processor.py:743} INFO - Processing file /home/airflow/.local/lib/python3.7/site-packages/airflow/example_dags/example_kubernetes_executor.py for tasks to queue
[2022-12-19T15:12:35.304+0000] {logging_mixin.py:137} INFO - [2022-12-19T15:12:35.304+0000] {dagbag.py:538} INFO - Filling up the DagBag from /home/airflow/.local/lib/python3.7/site-packages/airflow/example_dags/example_kubernetes_executor.py
[2022-12-19T15:12:35.436+0000] {processor.py:753} INFO - DAG(s) dict_keys(['example_kubernetes_executor']) retrieved from /home/airflow/.local/lib/python3.7/site-packages/airflow/example_dags/example_kubernetes_executor.py
[2022-12-19T15:12:35.525+0000] {logging_mixin.py:137} INFO - [2022-12-19T15:12:35.525+0000] {dag.py:2676} INFO - Sync 1 DAGs
[2022-12-19T15:12:35.563+0000] {logging_mixin.py:137} INFO - [2022-12-19T15:12:35.563+0000] {dag.py:3427} INFO - Setting next_dagrun for example_kubernetes_executor to None, run_after=None
[2022-12-19T15:12:35.592+0000] {processor.py:175} INFO - Processing /home/airflow/.local/lib/python3.7/site-packages/airflow/example_dags/example_kubernetes_executor.py took 0.302 seconds
[2022-12-19T15:13:06.082+0000] {processor.py:153} INFO - Started process (PID=654) to work on /home/airflow/.local/lib/python3.7/site-packages/airflow/example_dags/example_kubernetes_executor.py
[2022-12-19T15:13:06.091+0000] {processor.py:743} INFO - Processing file /home/airflow/.local/lib/python3.7/site-packages/airflow/example_dags/example_kubernetes_executor.py for tasks to queue
[2022-12-19T15:13:06.097+0000] {logging_mixin.py:137} INFO - [2022-12-19T15:13:06.096+0000] {dagbag.py:538} INFO - Filling up the DagBag from /home/airflow/.local/lib/python3.7/site-packages/airflow/example_dags/example_kubernetes_executor.py
[2022-12-19T15:13:06.159+0000] {processor.py:753} INFO - DAG(s) dict_keys(['example_kubernetes_executor']) retrieved from /home/airflow/.local/lib/python3.7/site-packages/airflow/example_dags/example_kubernetes_executor.py
[2022-12-19T15:13:06.221+0000] {logging_mixin.py:137} INFO - [2022-12-19T15:13:06.221+0000] {dag.py:2676} INFO - Sync 1 DAGs
[2022-12-19T15:13:06.266+0000] {logging_mixin.py:137} INFO - [2022-12-19T15:13:06.265+0000] {dag.py:3427} INFO - Setting next_dagrun for example_kubernetes_executor to None, run_after=None
[2022-12-19T15:13:06.297+0000] {processor.py:175} INFO - Processing /home/airflow/.local/lib/python3.7/site-packages/airflow/example_dags/example_kubernetes_executor.py took 0.220 seconds
[2022-12-19T15:13:36.553+0000] {processor.py:153} INFO - Started process (PID=717) to work on /home/airflow/.local/lib/python3.7/site-packages/airflow/example_dags/example_kubernetes_executor.py
[2022-12-19T15:13:36.558+0000] {processor.py:743} INFO - Processing file /home/airflow/.local/lib/python3.7/site-packages/airflow/example_dags/example_kubernetes_executor.py for tasks to queue
[2022-12-19T15:13:36.567+0000] {logging_mixin.py:137} INFO - [2022-12-19T15:13:36.566+0000] {dagbag.py:538} INFO - Filling up the DagBag from /home/airflow/.local/lib/python3.7/site-packages/airflow/example_dags/example_kubernetes_executor.py
[2022-12-19T15:13:36.648+0000] {processor.py:753} INFO - DAG(s) dict_keys(['example_kubernetes_executor']) retrieved from /home/airflow/.local/lib/python3.7/site-packages/airflow/example_dags/example_kubernetes_executor.py
[2022-12-19T15:13:36.743+0000] {logging_mixin.py:137} INFO - [2022-12-19T15:13:36.743+0000] {dag.py:2676} INFO - Sync 1 DAGs
[2022-12-19T15:13:36.771+0000] {logging_mixin.py:137} INFO - [2022-12-19T15:13:36.771+0000] {dag.py:3427} INFO - Setting next_dagrun for example_kubernetes_executor to None, run_after=None
[2022-12-19T15:13:36.882+0000] {processor.py:175} INFO - Processing /home/airflow/.local/lib/python3.7/site-packages/airflow/example_dags/example_kubernetes_executor.py took 0.332 seconds
[2022-12-19T15:14:07.190+0000] {processor.py:153} INFO - Started process (PID=777) to work on /home/airflow/.local/lib/python3.7/site-packages/airflow/example_dags/example_kubernetes_executor.py
[2022-12-19T15:14:07.199+0000] {processor.py:743} INFO - Processing file /home/airflow/.local/lib/python3.7/site-packages/airflow/example_dags/example_kubernetes_executor.py for tasks to queue
[2022-12-19T15:14:07.202+0000] {logging_mixin.py:137} INFO - [2022-12-19T15:14:07.201+0000] {dagbag.py:538} INFO - Filling up the DagBag from /home/airflow/.local/lib/python3.7/site-packages/airflow/example_dags/example_kubernetes_executor.py
[2022-12-19T15:14:07.317+0000] {processor.py:753} INFO - DAG(s) dict_keys(['example_kubernetes_executor']) retrieved from /home/airflow/.local/lib/python3.7/site-packages/airflow/example_dags/example_kubernetes_executor.py
[2022-12-19T15:14:07.382+0000] {logging_mixin.py:137} INFO - [2022-12-19T15:14:07.382+0000] {dag.py:2676} INFO - Sync 1 DAGs
[2022-12-19T15:14:07.404+0000] {logging_mixin.py:137} INFO - [2022-12-19T15:14:07.404+0000] {dag.py:3427} INFO - Setting next_dagrun for example_kubernetes_executor to None, run_after=None
[2022-12-19T15:14:07.424+0000] {processor.py:175} INFO - Processing /home/airflow/.local/lib/python3.7/site-packages/airflow/example_dags/example_kubernetes_executor.py took 0.239 seconds
[2022-12-19T15:14:45.425+0000] {processor.py:153} INFO - Started process (PID=843) to work on /home/airflow/.local/lib/python3.7/site-packages/airflow/example_dags/example_kubernetes_executor.py
[2022-12-19T15:14:45.502+0000] {processor.py:743} INFO - Processing file /home/airflow/.local/lib/python3.7/site-packages/airflow/example_dags/example_kubernetes_executor.py for tasks to queue
[2022-12-19T15:14:45.644+0000] {logging_mixin.py:137} INFO - [2022-12-19T15:14:45.642+0000] {dagbag.py:538} INFO - Filling up the DagBag from /home/airflow/.local/lib/python3.7/site-packages/airflow/example_dags/example_kubernetes_executor.py
[2022-12-19T15:14:46.471+0000] {processor.py:753} INFO - DAG(s) dict_keys(['example_kubernetes_executor']) retrieved from /home/airflow/.local/lib/python3.7/site-packages/airflow/example_dags/example_kubernetes_executor.py
[2022-12-19T15:14:48.246+0000] {logging_mixin.py:137} INFO - [2022-12-19T15:14:48.240+0000] {dag.py:2676} INFO - Sync 1 DAGs
[2022-12-19T15:14:49.887+0000] {logging_mixin.py:137} INFO - [2022-12-19T15:14:49.878+0000] {dag.py:3427} INFO - Setting next_dagrun for example_kubernetes_executor to None, run_after=None
[2022-12-19T15:14:50.382+0000] {processor.py:175} INFO - Processing /home/airflow/.local/lib/python3.7/site-packages/airflow/example_dags/example_kubernetes_executor.py took 4.985 seconds
[2022-12-19T15:15:22.259+0000] {processor.py:153} INFO - Started process (PID=906) to work on /home/airflow/.local/lib/python3.7/site-packages/airflow/example_dags/example_kubernetes_executor.py
[2022-12-19T15:15:22.482+0000] {processor.py:743} INFO - Processing file /home/airflow/.local/lib/python3.7/site-packages/airflow/example_dags/example_kubernetes_executor.py for tasks to queue
[2022-12-19T15:15:22.757+0000] {logging_mixin.py:137} INFO - [2022-12-19T15:15:22.756+0000] {dagbag.py:538} INFO - Filling up the DagBag from /home/airflow/.local/lib/python3.7/site-packages/airflow/example_dags/example_kubernetes_executor.py
[2022-12-19T15:15:22.893+0000] {processor.py:753} INFO - DAG(s) dict_keys(['example_kubernetes_executor']) retrieved from /home/airflow/.local/lib/python3.7/site-packages/airflow/example_dags/example_kubernetes_executor.py
[2022-12-19T15:15:23.019+0000] {logging_mixin.py:137} INFO - [2022-12-19T15:15:23.019+0000] {dag.py:2676} INFO - Sync 1 DAGs
[2022-12-19T15:15:23.054+0000] {logging_mixin.py:137} INFO - [2022-12-19T15:15:23.054+0000] {dag.py:3427} INFO - Setting next_dagrun for example_kubernetes_executor to None, run_after=None
[2022-12-19T15:15:23.070+0000] {processor.py:175} INFO - Processing /home/airflow/.local/lib/python3.7/site-packages/airflow/example_dags/example_kubernetes_executor.py took 0.829 seconds
[2022-12-19T15:15:54.060+0000] {processor.py:153} INFO - Started process (PID=969) to work on /home/airflow/.local/lib/python3.7/site-packages/airflow/example_dags/example_kubernetes_executor.py
[2022-12-19T15:15:54.065+0000] {processor.py:743} INFO - Processing file /home/airflow/.local/lib/python3.7/site-packages/airflow/example_dags/example_kubernetes_executor.py for tasks to queue
[2022-12-19T15:15:54.069+0000] {logging_mixin.py:137} INFO - [2022-12-19T15:15:54.069+0000] {dagbag.py:538} INFO - Filling up the DagBag from /home/airflow/.local/lib/python3.7/site-packages/airflow/example_dags/example_kubernetes_executor.py
[2022-12-19T15:15:54.253+0000] {processor.py:753} INFO - DAG(s) dict_keys(['example_kubernetes_executor']) retrieved from /home/airflow/.local/lib/python3.7/site-packages/airflow/example_dags/example_kubernetes_executor.py
[2022-12-19T15:15:54.437+0000] {logging_mixin.py:137} INFO - [2022-12-19T15:15:54.437+0000] {dag.py:2676} INFO - Sync 1 DAGs
[2022-12-19T15:15:54.504+0000] {logging_mixin.py:137} INFO - [2022-12-19T15:15:54.503+0000] {dag.py:3427} INFO - Setting next_dagrun for example_kubernetes_executor to None, run_after=None
[2022-12-19T15:15:54.559+0000] {processor.py:175} INFO - Processing /home/airflow/.local/lib/python3.7/site-packages/airflow/example_dags/example_kubernetes_executor.py took 0.507 seconds
[2022-12-19T15:16:25.415+0000] {processor.py:153} INFO - Started process (PID=1033) to work on /home/airflow/.local/lib/python3.7/site-packages/airflow/example_dags/example_kubernetes_executor.py
[2022-12-19T15:16:25.434+0000] {processor.py:743} INFO - Processing file /home/airflow/.local/lib/python3.7/site-packages/airflow/example_dags/example_kubernetes_executor.py for tasks to queue
[2022-12-19T15:16:25.436+0000] {logging_mixin.py:137} INFO - [2022-12-19T15:16:25.436+0000] {dagbag.py:538} INFO - Filling up the DagBag from /home/airflow/.local/lib/python3.7/site-packages/airflow/example_dags/example_kubernetes_executor.py
[2022-12-19T15:16:26.046+0000] {processor.py:753} INFO - DAG(s) dict_keys(['example_kubernetes_executor']) retrieved from /home/airflow/.local/lib/python3.7/site-packages/airflow/example_dags/example_kubernetes_executor.py
[2022-12-19T15:16:26.318+0000] {logging_mixin.py:137} INFO - [2022-12-19T15:16:26.318+0000] {dag.py:2676} INFO - Sync 1 DAGs
[2022-12-19T15:16:26.382+0000] {logging_mixin.py:137} INFO - [2022-12-19T15:16:26.382+0000] {dag.py:3427} INFO - Setting next_dagrun for example_kubernetes_executor to None, run_after=None
[2022-12-19T15:16:26.405+0000] {processor.py:175} INFO - Processing /home/airflow/.local/lib/python3.7/site-packages/airflow/example_dags/example_kubernetes_executor.py took 1.019 seconds
[2022-12-19T15:16:57.338+0000] {processor.py:153} INFO - Started process (PID=1107) to work on /home/airflow/.local/lib/python3.7/site-packages/airflow/example_dags/example_kubernetes_executor.py
[2022-12-19T15:16:57.342+0000] {processor.py:743} INFO - Processing file /home/airflow/.local/lib/python3.7/site-packages/airflow/example_dags/example_kubernetes_executor.py for tasks to queue
[2022-12-19T15:16:57.347+0000] {logging_mixin.py:137} INFO - [2022-12-19T15:16:57.347+0000] {dagbag.py:538} INFO - Filling up the DagBag from /home/airflow/.local/lib/python3.7/site-packages/airflow/example_dags/example_kubernetes_executor.py
[2022-12-19T15:16:57.401+0000] {processor.py:753} INFO - DAG(s) dict_keys(['example_kubernetes_executor']) retrieved from /home/airflow/.local/lib/python3.7/site-packages/airflow/example_dags/example_kubernetes_executor.py
[2022-12-19T15:16:57.454+0000] {logging_mixin.py:137} INFO - [2022-12-19T15:16:57.454+0000] {dag.py:2676} INFO - Sync 1 DAGs
[2022-12-19T15:16:57.489+0000] {logging_mixin.py:137} INFO - [2022-12-19T15:16:57.489+0000] {dag.py:3427} INFO - Setting next_dagrun for example_kubernetes_executor to None, run_after=None
[2022-12-19T15:16:57.508+0000] {processor.py:175} INFO - Processing /home/airflow/.local/lib/python3.7/site-packages/airflow/example_dags/example_kubernetes_executor.py took 0.174 seconds
[2022-12-19T15:17:27.861+0000] {processor.py:153} INFO - Started process (PID=1170) to work on /home/airflow/.local/lib/python3.7/site-packages/airflow/example_dags/example_kubernetes_executor.py
[2022-12-19T15:17:27.865+0000] {processor.py:743} INFO - Processing file /home/airflow/.local/lib/python3.7/site-packages/airflow/example_dags/example_kubernetes_executor.py for tasks to queue
[2022-12-19T15:17:27.868+0000] {logging_mixin.py:137} INFO - [2022-12-19T15:17:27.867+0000] {dagbag.py:538} INFO - Filling up the DagBag from /home/airflow/.local/lib/python3.7/site-packages/airflow/example_dags/example_kubernetes_executor.py
[2022-12-19T15:17:27.939+0000] {processor.py:753} INFO - DAG(s) dict_keys(['example_kubernetes_executor']) retrieved from /home/airflow/.local/lib/python3.7/site-packages/airflow/example_dags/example_kubernetes_executor.py
[2022-12-19T15:17:28.039+0000] {logging_mixin.py:137} INFO - [2022-12-19T15:17:28.039+0000] {dag.py:2676} INFO - Sync 1 DAGs
[2022-12-19T15:17:28.084+0000] {logging_mixin.py:137} INFO - [2022-12-19T15:17:28.084+0000] {dag.py:3427} INFO - Setting next_dagrun for example_kubernetes_executor to None, run_after=None
[2022-12-19T15:17:28.111+0000] {processor.py:175} INFO - Processing /home/airflow/.local/lib/python3.7/site-packages/airflow/example_dags/example_kubernetes_executor.py took 0.262 seconds
[2022-12-19T15:17:58.377+0000] {processor.py:153} INFO - Started process (PID=1245) to work on /home/airflow/.local/lib/python3.7/site-packages/airflow/example_dags/example_kubernetes_executor.py
[2022-12-19T15:17:58.387+0000] {processor.py:743} INFO - Processing file /home/airflow/.local/lib/python3.7/site-packages/airflow/example_dags/example_kubernetes_executor.py for tasks to queue
[2022-12-19T15:17:58.390+0000] {logging_mixin.py:137} INFO - [2022-12-19T15:17:58.390+0000] {dagbag.py:538} INFO - Filling up the DagBag from /home/airflow/.local/lib/python3.7/site-packages/airflow/example_dags/example_kubernetes_executor.py
[2022-12-19T15:17:58.469+0000] {processor.py:753} INFO - DAG(s) dict_keys(['example_kubernetes_executor']) retrieved from /home/airflow/.local/lib/python3.7/site-packages/airflow/example_dags/example_kubernetes_executor.py
[2022-12-19T15:17:58.566+0000] {logging_mixin.py:137} INFO - [2022-12-19T15:17:58.566+0000] {dag.py:2676} INFO - Sync 1 DAGs
[2022-12-19T15:17:58.612+0000] {logging_mixin.py:137} INFO - [2022-12-19T15:17:58.612+0000] {dag.py:3427} INFO - Setting next_dagrun for example_kubernetes_executor to None, run_after=None
[2022-12-19T15:17:58.634+0000] {processor.py:175} INFO - Processing /home/airflow/.local/lib/python3.7/site-packages/airflow/example_dags/example_kubernetes_executor.py took 0.272 seconds
[2022-12-19T15:18:29.855+0000] {processor.py:153} INFO - Started process (PID=1307) to work on /home/airflow/.local/lib/python3.7/site-packages/airflow/example_dags/example_kubernetes_executor.py
[2022-12-19T15:18:29.864+0000] {processor.py:743} INFO - Processing file /home/airflow/.local/lib/python3.7/site-packages/airflow/example_dags/example_kubernetes_executor.py for tasks to queue
[2022-12-19T15:18:29.872+0000] {logging_mixin.py:137} INFO - [2022-12-19T15:18:29.872+0000] {dagbag.py:538} INFO - Filling up the DagBag from /home/airflow/.local/lib/python3.7/site-packages/airflow/example_dags/example_kubernetes_executor.py
[2022-12-19T15:18:30.089+0000] {processor.py:753} INFO - DAG(s) dict_keys(['example_kubernetes_executor']) retrieved from /home/airflow/.local/lib/python3.7/site-packages/airflow/example_dags/example_kubernetes_executor.py
[2022-12-19T15:18:30.220+0000] {logging_mixin.py:137} INFO - [2022-12-19T15:18:30.220+0000] {dag.py:2676} INFO - Sync 1 DAGs
[2022-12-19T15:18:30.263+0000] {logging_mixin.py:137} INFO - [2022-12-19T15:18:30.263+0000] {dag.py:3427} INFO - Setting next_dagrun for example_kubernetes_executor to None, run_after=None
[2022-12-19T15:18:30.294+0000] {processor.py:175} INFO - Processing /home/airflow/.local/lib/python3.7/site-packages/airflow/example_dags/example_kubernetes_executor.py took 0.455 seconds
