[2022-12-19T15:08:20.280+0000] {processor.py:153} INFO - Started process (PID=87) to work on /home/airflow/.local/lib/python3.7/site-packages/airflow/example_dags/example_short_circuit_decorator.py
[2022-12-19T15:08:20.282+0000] {processor.py:743} INFO - Processing file /home/airflow/.local/lib/python3.7/site-packages/airflow/example_dags/example_short_circuit_decorator.py for tasks to queue
[2022-12-19T15:08:20.283+0000] {logging_mixin.py:137} INFO - [2022-12-19T15:08:20.283+0000] {dagbag.py:538} INFO - Filling up the DagBag from /home/airflow/.local/lib/python3.7/site-packages/airflow/example_dags/example_short_circuit_decorator.py
[2022-12-19T15:08:20.351+0000] {processor.py:753} INFO - DAG(s) dict_keys(['example_short_circuit_decorator']) retrieved from /home/airflow/.local/lib/python3.7/site-packages/airflow/example_dags/example_short_circuit_decorator.py
[2022-12-19T15:08:20.409+0000] {logging_mixin.py:137} INFO - [2022-12-19T15:08:20.409+0000] {dag.py:2676} INFO - Sync 1 DAGs
[2022-12-19T15:08:20.473+0000] {logging_mixin.py:137} INFO - [2022-12-19T15:08:20.473+0000] {dag.py:3427} INFO - Setting next_dagrun for example_short_circuit_decorator to 2022-12-18T15:08:20.473326+00:00, run_after=2022-12-19T15:08:20.473326+00:00
[2022-12-19T15:08:20.528+0000] {processor.py:175} INFO - Processing /home/airflow/.local/lib/python3.7/site-packages/airflow/example_dags/example_short_circuit_decorator.py took 0.251 seconds
[2022-12-19T15:08:58.540+0000] {processor.py:153} INFO - Started process (PID=154) to work on /home/airflow/.local/lib/python3.7/site-packages/airflow/example_dags/example_short_circuit_decorator.py
[2022-12-19T15:08:58.550+0000] {processor.py:743} INFO - Processing file /home/airflow/.local/lib/python3.7/site-packages/airflow/example_dags/example_short_circuit_decorator.py for tasks to queue
[2022-12-19T15:08:58.552+0000] {logging_mixin.py:137} INFO - [2022-12-19T15:08:58.551+0000] {dagbag.py:538} INFO - Filling up the DagBag from /home/airflow/.local/lib/python3.7/site-packages/airflow/example_dags/example_short_circuit_decorator.py
[2022-12-19T15:08:58.573+0000] {processor.py:753} INFO - DAG(s) dict_keys(['example_short_circuit_decorator']) retrieved from /home/airflow/.local/lib/python3.7/site-packages/airflow/example_dags/example_short_circuit_decorator.py
[2022-12-19T15:08:58.618+0000] {logging_mixin.py:137} INFO - [2022-12-19T15:08:58.618+0000] {dag.py:2676} INFO - Sync 1 DAGs
[2022-12-19T15:08:58.644+0000] {logging_mixin.py:137} INFO - [2022-12-19T15:08:58.644+0000] {dag.py:3427} INFO - Setting next_dagrun for example_short_circuit_decorator to 2022-12-18T15:08:58.644036+00:00, run_after=2022-12-19T15:08:58.644036+00:00
[2022-12-19T15:08:58.682+0000] {processor.py:175} INFO - Processing /home/airflow/.local/lib/python3.7/site-packages/airflow/example_dags/example_short_circuit_decorator.py took 0.145 seconds
[2022-12-19T15:09:40.155+0000] {processor.py:153} INFO - Started process (PID=224) to work on /home/airflow/.local/lib/python3.7/site-packages/airflow/example_dags/example_short_circuit_decorator.py
[2022-12-19T15:09:40.162+0000] {processor.py:743} INFO - Processing file /home/airflow/.local/lib/python3.7/site-packages/airflow/example_dags/example_short_circuit_decorator.py for tasks to queue
[2022-12-19T15:09:40.178+0000] {logging_mixin.py:137} INFO - [2022-12-19T15:09:40.178+0000] {dagbag.py:538} INFO - Filling up the DagBag from /home/airflow/.local/lib/python3.7/site-packages/airflow/example_dags/example_short_circuit_decorator.py
[2022-12-19T15:09:40.236+0000] {processor.py:753} INFO - DAG(s) dict_keys(['example_short_circuit_decorator']) retrieved from /home/airflow/.local/lib/python3.7/site-packages/airflow/example_dags/example_short_circuit_decorator.py
[2022-12-19T15:09:40.387+0000] {logging_mixin.py:137} INFO - [2022-12-19T15:09:40.387+0000] {dag.py:2676} INFO - Sync 1 DAGs
[2022-12-19T15:09:40.416+0000] {logging_mixin.py:137} INFO - [2022-12-19T15:09:40.415+0000] {dag.py:3427} INFO - Setting next_dagrun for example_short_circuit_decorator to 2022-12-18T15:09:40.414775+00:00, run_after=2022-12-19T15:09:40.414775+00:00
[2022-12-19T15:09:40.452+0000] {processor.py:175} INFO - Processing /home/airflow/.local/lib/python3.7/site-packages/airflow/example_dags/example_short_circuit_decorator.py took 0.304 seconds
[2022-12-19T15:10:16.190+0000] {processor.py:153} INFO - Started process (PID=294) to work on /home/airflow/.local/lib/python3.7/site-packages/airflow/example_dags/example_short_circuit_decorator.py
[2022-12-19T15:10:16.196+0000] {processor.py:743} INFO - Processing file /home/airflow/.local/lib/python3.7/site-packages/airflow/example_dags/example_short_circuit_decorator.py for tasks to queue
[2022-12-19T15:10:16.198+0000] {logging_mixin.py:137} INFO - [2022-12-19T15:10:16.197+0000] {dagbag.py:538} INFO - Filling up the DagBag from /home/airflow/.local/lib/python3.7/site-packages/airflow/example_dags/example_short_circuit_decorator.py
[2022-12-19T15:10:16.238+0000] {processor.py:753} INFO - DAG(s) dict_keys(['example_short_circuit_decorator']) retrieved from /home/airflow/.local/lib/python3.7/site-packages/airflow/example_dags/example_short_circuit_decorator.py
[2022-12-19T15:10:16.328+0000] {logging_mixin.py:137} INFO - [2022-12-19T15:10:16.327+0000] {dag.py:2676} INFO - Sync 1 DAGs
[2022-12-19T15:10:16.381+0000] {logging_mixin.py:137} INFO - [2022-12-19T15:10:16.381+0000] {dag.py:3427} INFO - Setting next_dagrun for example_short_circuit_decorator to 2022-12-18T15:10:16.380716+00:00, run_after=2022-12-19T15:10:16.380716+00:00
[2022-12-19T15:10:16.434+0000] {processor.py:175} INFO - Processing /home/airflow/.local/lib/python3.7/site-packages/airflow/example_dags/example_short_circuit_decorator.py took 0.250 seconds
[2022-12-19T15:10:46.551+0000] {processor.py:153} INFO - Started process (PID=370) to work on /home/airflow/.local/lib/python3.7/site-packages/airflow/example_dags/example_short_circuit_decorator.py
[2022-12-19T15:10:46.553+0000] {processor.py:743} INFO - Processing file /home/airflow/.local/lib/python3.7/site-packages/airflow/example_dags/example_short_circuit_decorator.py for tasks to queue
[2022-12-19T15:10:46.555+0000] {logging_mixin.py:137} INFO - [2022-12-19T15:10:46.555+0000] {dagbag.py:538} INFO - Filling up the DagBag from /home/airflow/.local/lib/python3.7/site-packages/airflow/example_dags/example_short_circuit_decorator.py
[2022-12-19T15:10:46.571+0000] {processor.py:753} INFO - DAG(s) dict_keys(['example_short_circuit_decorator']) retrieved from /home/airflow/.local/lib/python3.7/site-packages/airflow/example_dags/example_short_circuit_decorator.py
[2022-12-19T15:10:46.609+0000] {logging_mixin.py:137} INFO - [2022-12-19T15:10:46.608+0000] {dag.py:2676} INFO - Sync 1 DAGs
[2022-12-19T15:10:46.634+0000] {logging_mixin.py:137} INFO - [2022-12-19T15:10:46.634+0000] {dag.py:3427} INFO - Setting next_dagrun for example_short_circuit_decorator to 2022-12-18T15:10:46.633575+00:00, run_after=2022-12-19T15:10:46.633575+00:00
[2022-12-19T15:10:46.652+0000] {processor.py:175} INFO - Processing /home/airflow/.local/lib/python3.7/site-packages/airflow/example_dags/example_short_circuit_decorator.py took 0.104 seconds
[2022-12-19T15:11:17.541+0000] {processor.py:153} INFO - Started process (PID=434) to work on /home/airflow/.local/lib/python3.7/site-packages/airflow/example_dags/example_short_circuit_decorator.py
[2022-12-19T15:11:17.544+0000] {processor.py:743} INFO - Processing file /home/airflow/.local/lib/python3.7/site-packages/airflow/example_dags/example_short_circuit_decorator.py for tasks to queue
[2022-12-19T15:11:17.545+0000] {logging_mixin.py:137} INFO - [2022-12-19T15:11:17.545+0000] {dagbag.py:538} INFO - Filling up the DagBag from /home/airflow/.local/lib/python3.7/site-packages/airflow/example_dags/example_short_circuit_decorator.py
[2022-12-19T15:11:17.565+0000] {processor.py:753} INFO - DAG(s) dict_keys(['example_short_circuit_decorator']) retrieved from /home/airflow/.local/lib/python3.7/site-packages/airflow/example_dags/example_short_circuit_decorator.py
[2022-12-19T15:11:17.596+0000] {logging_mixin.py:137} INFO - [2022-12-19T15:11:17.596+0000] {dag.py:2676} INFO - Sync 1 DAGs
[2022-12-19T15:11:17.625+0000] {logging_mixin.py:137} INFO - [2022-12-19T15:11:17.624+0000] {dag.py:3427} INFO - Setting next_dagrun for example_short_circuit_decorator to 2022-12-18T15:11:17.624462+00:00, run_after=2022-12-19T15:11:17.624462+00:00
[2022-12-19T15:11:17.651+0000] {processor.py:175} INFO - Processing /home/airflow/.local/lib/python3.7/site-packages/airflow/example_dags/example_short_circuit_decorator.py took 0.113 seconds
[2022-12-19T15:11:48.475+0000] {processor.py:153} INFO - Started process (PID=496) to work on /home/airflow/.local/lib/python3.7/site-packages/airflow/example_dags/example_short_circuit_decorator.py
[2022-12-19T15:11:48.477+0000] {processor.py:743} INFO - Processing file /home/airflow/.local/lib/python3.7/site-packages/airflow/example_dags/example_short_circuit_decorator.py for tasks to queue
[2022-12-19T15:11:48.478+0000] {logging_mixin.py:137} INFO - [2022-12-19T15:11:48.478+0000] {dagbag.py:538} INFO - Filling up the DagBag from /home/airflow/.local/lib/python3.7/site-packages/airflow/example_dags/example_short_circuit_decorator.py
[2022-12-19T15:11:48.499+0000] {processor.py:753} INFO - DAG(s) dict_keys(['example_short_circuit_decorator']) retrieved from /home/airflow/.local/lib/python3.7/site-packages/airflow/example_dags/example_short_circuit_decorator.py
[2022-12-19T15:11:48.530+0000] {logging_mixin.py:137} INFO - [2022-12-19T15:11:48.530+0000] {dag.py:2676} INFO - Sync 1 DAGs
[2022-12-19T15:11:48.547+0000] {logging_mixin.py:137} INFO - [2022-12-19T15:11:48.547+0000] {dag.py:3427} INFO - Setting next_dagrun for example_short_circuit_decorator to 2022-12-18T15:11:48.547605+00:00, run_after=2022-12-19T15:11:48.547605+00:00
[2022-12-19T15:11:48.560+0000] {processor.py:175} INFO - Processing /home/airflow/.local/lib/python3.7/site-packages/airflow/example_dags/example_short_circuit_decorator.py took 0.087 seconds
[2022-12-19T15:12:19.128+0000] {processor.py:153} INFO - Started process (PID=559) to work on /home/airflow/.local/lib/python3.7/site-packages/airflow/example_dags/example_short_circuit_decorator.py
[2022-12-19T15:12:19.130+0000] {processor.py:743} INFO - Processing file /home/airflow/.local/lib/python3.7/site-packages/airflow/example_dags/example_short_circuit_decorator.py for tasks to queue
[2022-12-19T15:12:19.132+0000] {logging_mixin.py:137} INFO - [2022-12-19T15:12:19.132+0000] {dagbag.py:538} INFO - Filling up the DagBag from /home/airflow/.local/lib/python3.7/site-packages/airflow/example_dags/example_short_circuit_decorator.py
[2022-12-19T15:12:19.158+0000] {processor.py:753} INFO - DAG(s) dict_keys(['example_short_circuit_decorator']) retrieved from /home/airflow/.local/lib/python3.7/site-packages/airflow/example_dags/example_short_circuit_decorator.py
[2022-12-19T15:12:19.186+0000] {logging_mixin.py:137} INFO - [2022-12-19T15:12:19.186+0000] {dag.py:2676} INFO - Sync 1 DAGs
[2022-12-19T15:12:19.203+0000] {logging_mixin.py:137} INFO - [2022-12-19T15:12:19.203+0000] {dag.py:3427} INFO - Setting next_dagrun for example_short_circuit_decorator to 2022-12-18T15:12:19.203589+00:00, run_after=2022-12-19T15:12:19.203589+00:00
[2022-12-19T15:12:19.221+0000] {processor.py:175} INFO - Processing /home/airflow/.local/lib/python3.7/site-packages/airflow/example_dags/example_short_circuit_decorator.py took 0.095 seconds
[2022-12-19T15:12:49.694+0000] {processor.py:153} INFO - Started process (PID=624) to work on /home/airflow/.local/lib/python3.7/site-packages/airflow/example_dags/example_short_circuit_decorator.py
[2022-12-19T15:12:49.697+0000] {processor.py:743} INFO - Processing file /home/airflow/.local/lib/python3.7/site-packages/airflow/example_dags/example_short_circuit_decorator.py for tasks to queue
[2022-12-19T15:12:49.703+0000] {logging_mixin.py:137} INFO - [2022-12-19T15:12:49.702+0000] {dagbag.py:538} INFO - Filling up the DagBag from /home/airflow/.local/lib/python3.7/site-packages/airflow/example_dags/example_short_circuit_decorator.py
[2022-12-19T15:12:49.729+0000] {processor.py:753} INFO - DAG(s) dict_keys(['example_short_circuit_decorator']) retrieved from /home/airflow/.local/lib/python3.7/site-packages/airflow/example_dags/example_short_circuit_decorator.py
[2022-12-19T15:12:49.784+0000] {logging_mixin.py:137} INFO - [2022-12-19T15:12:49.784+0000] {dag.py:2676} INFO - Sync 1 DAGs
[2022-12-19T15:12:49.814+0000] {logging_mixin.py:137} INFO - [2022-12-19T15:12:49.813+0000] {dag.py:3427} INFO - Setting next_dagrun for example_short_circuit_decorator to 2022-12-18T15:12:49.813316+00:00, run_after=2022-12-19T15:12:49.813316+00:00
[2022-12-19T15:12:49.837+0000] {processor.py:175} INFO - Processing /home/airflow/.local/lib/python3.7/site-packages/airflow/example_dags/example_short_circuit_decorator.py took 0.147 seconds
[2022-12-19T15:13:22.984+0000] {processor.py:153} INFO - Started process (PID=694) to work on /home/airflow/.local/lib/python3.7/site-packages/airflow/example_dags/example_short_circuit_decorator.py
[2022-12-19T15:13:22.988+0000] {processor.py:743} INFO - Processing file /home/airflow/.local/lib/python3.7/site-packages/airflow/example_dags/example_short_circuit_decorator.py for tasks to queue
[2022-12-19T15:13:22.989+0000] {logging_mixin.py:137} INFO - [2022-12-19T15:13:22.989+0000] {dagbag.py:538} INFO - Filling up the DagBag from /home/airflow/.local/lib/python3.7/site-packages/airflow/example_dags/example_short_circuit_decorator.py
[2022-12-19T15:13:23.014+0000] {processor.py:753} INFO - DAG(s) dict_keys(['example_short_circuit_decorator']) retrieved from /home/airflow/.local/lib/python3.7/site-packages/airflow/example_dags/example_short_circuit_decorator.py
[2022-12-19T15:13:23.045+0000] {logging_mixin.py:137} INFO - [2022-12-19T15:13:23.045+0000] {dag.py:2676} INFO - Sync 1 DAGs
[2022-12-19T15:13:23.065+0000] {logging_mixin.py:137} INFO - [2022-12-19T15:13:23.064+0000] {dag.py:3427} INFO - Setting next_dagrun for example_short_circuit_decorator to 2022-12-18T15:13:23.064708+00:00, run_after=2022-12-19T15:13:23.064708+00:00
[2022-12-19T15:13:23.093+0000] {processor.py:175} INFO - Processing /home/airflow/.local/lib/python3.7/site-packages/airflow/example_dags/example_short_circuit_decorator.py took 0.112 seconds
[2022-12-19T15:13:58.334+0000] {processor.py:153} INFO - Started process (PID=757) to work on /home/airflow/.local/lib/python3.7/site-packages/airflow/example_dags/example_short_circuit_decorator.py
[2022-12-19T15:13:58.338+0000] {processor.py:743} INFO - Processing file /home/airflow/.local/lib/python3.7/site-packages/airflow/example_dags/example_short_circuit_decorator.py for tasks to queue
[2022-12-19T15:13:58.344+0000] {logging_mixin.py:137} INFO - [2022-12-19T15:13:58.344+0000] {dagbag.py:538} INFO - Filling up the DagBag from /home/airflow/.local/lib/python3.7/site-packages/airflow/example_dags/example_short_circuit_decorator.py
[2022-12-19T15:13:58.400+0000] {processor.py:753} INFO - DAG(s) dict_keys(['example_short_circuit_decorator']) retrieved from /home/airflow/.local/lib/python3.7/site-packages/airflow/example_dags/example_short_circuit_decorator.py
[2022-12-19T15:13:58.458+0000] {logging_mixin.py:137} INFO - [2022-12-19T15:13:58.458+0000] {dag.py:2676} INFO - Sync 1 DAGs
[2022-12-19T15:13:58.563+0000] {logging_mixin.py:137} INFO - [2022-12-19T15:13:58.563+0000] {dag.py:3427} INFO - Setting next_dagrun for example_short_circuit_decorator to 2022-12-18T15:13:58.563050+00:00, run_after=2022-12-19T15:13:58.563050+00:00
[2022-12-19T15:13:58.612+0000] {processor.py:175} INFO - Processing /home/airflow/.local/lib/python3.7/site-packages/airflow/example_dags/example_short_circuit_decorator.py took 0.287 seconds
[2022-12-19T15:14:29.955+0000] {processor.py:153} INFO - Started process (PID=821) to work on /home/airflow/.local/lib/python3.7/site-packages/airflow/example_dags/example_short_circuit_decorator.py
[2022-12-19T15:14:29.958+0000] {processor.py:743} INFO - Processing file /home/airflow/.local/lib/python3.7/site-packages/airflow/example_dags/example_short_circuit_decorator.py for tasks to queue
[2022-12-19T15:14:29.967+0000] {logging_mixin.py:137} INFO - [2022-12-19T15:14:29.967+0000] {dagbag.py:538} INFO - Filling up the DagBag from /home/airflow/.local/lib/python3.7/site-packages/airflow/example_dags/example_short_circuit_decorator.py
[2022-12-19T15:14:30.026+0000] {processor.py:753} INFO - DAG(s) dict_keys(['example_short_circuit_decorator']) retrieved from /home/airflow/.local/lib/python3.7/site-packages/airflow/example_dags/example_short_circuit_decorator.py
[2022-12-19T15:14:30.067+0000] {logging_mixin.py:137} INFO - [2022-12-19T15:14:30.066+0000] {dag.py:2676} INFO - Sync 1 DAGs
[2022-12-19T15:14:30.092+0000] {logging_mixin.py:137} INFO - [2022-12-19T15:14:30.092+0000] {dag.py:3427} INFO - Setting next_dagrun for example_short_circuit_decorator to 2022-12-18T15:14:30.092087+00:00, run_after=2022-12-19T15:14:30.092087+00:00
[2022-12-19T15:14:30.126+0000] {processor.py:175} INFO - Processing /home/airflow/.local/lib/python3.7/site-packages/airflow/example_dags/example_short_circuit_decorator.py took 0.177 seconds
[2022-12-19T15:15:11.160+0000] {processor.py:153} INFO - Started process (PID=884) to work on /home/airflow/.local/lib/python3.7/site-packages/airflow/example_dags/example_short_circuit_decorator.py
[2022-12-19T15:15:11.164+0000] {processor.py:743} INFO - Processing file /home/airflow/.local/lib/python3.7/site-packages/airflow/example_dags/example_short_circuit_decorator.py for tasks to queue
[2022-12-19T15:15:11.165+0000] {logging_mixin.py:137} INFO - [2022-12-19T15:15:11.165+0000] {dagbag.py:538} INFO - Filling up the DagBag from /home/airflow/.local/lib/python3.7/site-packages/airflow/example_dags/example_short_circuit_decorator.py
[2022-12-19T15:15:11.180+0000] {processor.py:753} INFO - DAG(s) dict_keys(['example_short_circuit_decorator']) retrieved from /home/airflow/.local/lib/python3.7/site-packages/airflow/example_dags/example_short_circuit_decorator.py
[2022-12-19T15:15:11.211+0000] {logging_mixin.py:137} INFO - [2022-12-19T15:15:11.211+0000] {dag.py:2676} INFO - Sync 1 DAGs
[2022-12-19T15:15:11.241+0000] {logging_mixin.py:137} INFO - [2022-12-19T15:15:11.241+0000] {dag.py:3427} INFO - Setting next_dagrun for example_short_circuit_decorator to 2022-12-18T15:15:11.241470+00:00, run_after=2022-12-19T15:15:11.241470+00:00
[2022-12-19T15:15:11.257+0000] {processor.py:175} INFO - Processing /home/airflow/.local/lib/python3.7/site-packages/airflow/example_dags/example_short_circuit_decorator.py took 0.099 seconds
[2022-12-19T15:15:42.373+0000] {processor.py:153} INFO - Started process (PID=947) to work on /home/airflow/.local/lib/python3.7/site-packages/airflow/example_dags/example_short_circuit_decorator.py
[2022-12-19T15:15:42.379+0000] {processor.py:743} INFO - Processing file /home/airflow/.local/lib/python3.7/site-packages/airflow/example_dags/example_short_circuit_decorator.py for tasks to queue
[2022-12-19T15:15:42.382+0000] {logging_mixin.py:137} INFO - [2022-12-19T15:15:42.381+0000] {dagbag.py:538} INFO - Filling up the DagBag from /home/airflow/.local/lib/python3.7/site-packages/airflow/example_dags/example_short_circuit_decorator.py
[2022-12-19T15:15:42.418+0000] {processor.py:753} INFO - DAG(s) dict_keys(['example_short_circuit_decorator']) retrieved from /home/airflow/.local/lib/python3.7/site-packages/airflow/example_dags/example_short_circuit_decorator.py
[2022-12-19T15:15:42.464+0000] {logging_mixin.py:137} INFO - [2022-12-19T15:15:42.463+0000] {dag.py:2676} INFO - Sync 1 DAGs
[2022-12-19T15:15:42.490+0000] {logging_mixin.py:137} INFO - [2022-12-19T15:15:42.490+0000] {dag.py:3427} INFO - Setting next_dagrun for example_short_circuit_decorator to 2022-12-18T15:15:42.490310+00:00, run_after=2022-12-19T15:15:42.490310+00:00
[2022-12-19T15:15:42.519+0000] {processor.py:175} INFO - Processing /home/airflow/.local/lib/python3.7/site-packages/airflow/example_dags/example_short_circuit_decorator.py took 0.150 seconds
[2022-12-19T15:16:12.578+0000] {processor.py:153} INFO - Started process (PID=1010) to work on /home/airflow/.local/lib/python3.7/site-packages/airflow/example_dags/example_short_circuit_decorator.py
[2022-12-19T15:16:12.585+0000] {processor.py:743} INFO - Processing file /home/airflow/.local/lib/python3.7/site-packages/airflow/example_dags/example_short_circuit_decorator.py for tasks to queue
[2022-12-19T15:16:12.590+0000] {logging_mixin.py:137} INFO - [2022-12-19T15:16:12.590+0000] {dagbag.py:538} INFO - Filling up the DagBag from /home/airflow/.local/lib/python3.7/site-packages/airflow/example_dags/example_short_circuit_decorator.py
[2022-12-19T15:16:12.614+0000] {processor.py:753} INFO - DAG(s) dict_keys(['example_short_circuit_decorator']) retrieved from /home/airflow/.local/lib/python3.7/site-packages/airflow/example_dags/example_short_circuit_decorator.py
[2022-12-19T15:16:12.644+0000] {logging_mixin.py:137} INFO - [2022-12-19T15:16:12.644+0000] {dag.py:2676} INFO - Sync 1 DAGs
[2022-12-19T15:16:12.669+0000] {logging_mixin.py:137} INFO - [2022-12-19T15:16:12.669+0000] {dag.py:3427} INFO - Setting next_dagrun for example_short_circuit_decorator to 2022-12-18T15:16:12.669645+00:00, run_after=2022-12-19T15:16:12.669645+00:00
[2022-12-19T15:16:12.689+0000] {processor.py:175} INFO - Processing /home/airflow/.local/lib/python3.7/site-packages/airflow/example_dags/example_short_circuit_decorator.py took 0.112 seconds
[2022-12-19T15:16:43.686+0000] {processor.py:153} INFO - Started process (PID=1085) to work on /home/airflow/.local/lib/python3.7/site-packages/airflow/example_dags/example_short_circuit_decorator.py
[2022-12-19T15:16:43.689+0000] {processor.py:743} INFO - Processing file /home/airflow/.local/lib/python3.7/site-packages/airflow/example_dags/example_short_circuit_decorator.py for tasks to queue
[2022-12-19T15:16:43.695+0000] {logging_mixin.py:137} INFO - [2022-12-19T15:16:43.695+0000] {dagbag.py:538} INFO - Filling up the DagBag from /home/airflow/.local/lib/python3.7/site-packages/airflow/example_dags/example_short_circuit_decorator.py
[2022-12-19T15:16:43.733+0000] {processor.py:753} INFO - DAG(s) dict_keys(['example_short_circuit_decorator']) retrieved from /home/airflow/.local/lib/python3.7/site-packages/airflow/example_dags/example_short_circuit_decorator.py
[2022-12-19T15:16:43.779+0000] {logging_mixin.py:137} INFO - [2022-12-19T15:16:43.779+0000] {dag.py:2676} INFO - Sync 1 DAGs
[2022-12-19T15:16:43.809+0000] {logging_mixin.py:137} INFO - [2022-12-19T15:16:43.809+0000] {dag.py:3427} INFO - Setting next_dagrun for example_short_circuit_decorator to 2022-12-18T15:16:43.809403+00:00, run_after=2022-12-19T15:16:43.809403+00:00
[2022-12-19T15:16:43.828+0000] {processor.py:175} INFO - Processing /home/airflow/.local/lib/python3.7/site-packages/airflow/example_dags/example_short_circuit_decorator.py took 0.146 seconds
[2022-12-19T15:17:13.954+0000] {processor.py:153} INFO - Started process (PID=1148) to work on /home/airflow/.local/lib/python3.7/site-packages/airflow/example_dags/example_short_circuit_decorator.py
[2022-12-19T15:17:13.956+0000] {processor.py:743} INFO - Processing file /home/airflow/.local/lib/python3.7/site-packages/airflow/example_dags/example_short_circuit_decorator.py for tasks to queue
[2022-12-19T15:17:13.958+0000] {logging_mixin.py:137} INFO - [2022-12-19T15:17:13.958+0000] {dagbag.py:538} INFO - Filling up the DagBag from /home/airflow/.local/lib/python3.7/site-packages/airflow/example_dags/example_short_circuit_decorator.py
[2022-12-19T15:17:13.985+0000] {processor.py:753} INFO - DAG(s) dict_keys(['example_short_circuit_decorator']) retrieved from /home/airflow/.local/lib/python3.7/site-packages/airflow/example_dags/example_short_circuit_decorator.py
[2022-12-19T15:17:14.019+0000] {logging_mixin.py:137} INFO - [2022-12-19T15:17:14.019+0000] {dag.py:2676} INFO - Sync 1 DAGs
[2022-12-19T15:17:14.038+0000] {logging_mixin.py:137} INFO - [2022-12-19T15:17:14.038+0000] {dag.py:3427} INFO - Setting next_dagrun for example_short_circuit_decorator to 2022-12-18T15:17:14.038611+00:00, run_after=2022-12-19T15:17:14.038611+00:00
[2022-12-19T15:17:14.054+0000] {processor.py:175} INFO - Processing /home/airflow/.local/lib/python3.7/site-packages/airflow/example_dags/example_short_circuit_decorator.py took 0.106 seconds
[2022-12-19T15:17:44.266+0000] {processor.py:153} INFO - Started process (PID=1218) to work on /home/airflow/.local/lib/python3.7/site-packages/airflow/example_dags/example_short_circuit_decorator.py
[2022-12-19T15:17:44.270+0000] {processor.py:743} INFO - Processing file /home/airflow/.local/lib/python3.7/site-packages/airflow/example_dags/example_short_circuit_decorator.py for tasks to queue
[2022-12-19T15:17:44.271+0000] {logging_mixin.py:137} INFO - [2022-12-19T15:17:44.271+0000] {dagbag.py:538} INFO - Filling up the DagBag from /home/airflow/.local/lib/python3.7/site-packages/airflow/example_dags/example_short_circuit_decorator.py
[2022-12-19T15:17:44.290+0000] {processor.py:753} INFO - DAG(s) dict_keys(['example_short_circuit_decorator']) retrieved from /home/airflow/.local/lib/python3.7/site-packages/airflow/example_dags/example_short_circuit_decorator.py
[2022-12-19T15:17:44.335+0000] {logging_mixin.py:137} INFO - [2022-12-19T15:17:44.335+0000] {dag.py:2676} INFO - Sync 1 DAGs
[2022-12-19T15:17:44.355+0000] {logging_mixin.py:137} INFO - [2022-12-19T15:17:44.355+0000] {dag.py:3427} INFO - Setting next_dagrun for example_short_circuit_decorator to 2022-12-18T15:17:44.355192+00:00, run_after=2022-12-19T15:17:44.355192+00:00
[2022-12-19T15:17:44.385+0000] {processor.py:175} INFO - Processing /home/airflow/.local/lib/python3.7/site-packages/airflow/example_dags/example_short_circuit_decorator.py took 0.123 seconds
[2022-12-19T15:18:14.918+0000] {processor.py:153} INFO - Started process (PID=1285) to work on /home/airflow/.local/lib/python3.7/site-packages/airflow/example_dags/example_short_circuit_decorator.py
[2022-12-19T15:18:14.920+0000] {processor.py:743} INFO - Processing file /home/airflow/.local/lib/python3.7/site-packages/airflow/example_dags/example_short_circuit_decorator.py for tasks to queue
[2022-12-19T15:18:14.924+0000] {logging_mixin.py:137} INFO - [2022-12-19T15:18:14.924+0000] {dagbag.py:538} INFO - Filling up the DagBag from /home/airflow/.local/lib/python3.7/site-packages/airflow/example_dags/example_short_circuit_decorator.py
[2022-12-19T15:18:14.944+0000] {processor.py:753} INFO - DAG(s) dict_keys(['example_short_circuit_decorator']) retrieved from /home/airflow/.local/lib/python3.7/site-packages/airflow/example_dags/example_short_circuit_decorator.py
[2022-12-19T15:18:14.972+0000] {logging_mixin.py:137} INFO - [2022-12-19T15:18:14.971+0000] {dag.py:2676} INFO - Sync 1 DAGs
[2022-12-19T15:18:14.991+0000] {logging_mixin.py:137} INFO - [2022-12-19T15:18:14.990+0000] {dag.py:3427} INFO - Setting next_dagrun for example_short_circuit_decorator to 2022-12-18T15:18:14.990727+00:00, run_after=2022-12-19T15:18:14.990727+00:00
[2022-12-19T15:18:15.006+0000] {processor.py:175} INFO - Processing /home/airflow/.local/lib/python3.7/site-packages/airflow/example_dags/example_short_circuit_decorator.py took 0.090 seconds
