[2022-12-19T15:10:22.662+0000] {taskinstance.py:1087} INFO - Dependencies all met for <TaskInstance: Can_I_change_name_to_this.remove_raw scheduled__2022-12-18T10:00:00+00:00 [queued]>
[2022-12-19T15:10:22.821+0000] {taskinstance.py:1087} INFO - Dependencies all met for <TaskInstance: Can_I_change_name_to_this.remove_raw scheduled__2022-12-18T10:00:00+00:00 [queued]>
[2022-12-19T15:10:22.823+0000] {taskinstance.py:1283} INFO - 
--------------------------------------------------------------------------------
[2022-12-19T15:10:22.829+0000] {taskinstance.py:1284} INFO - Starting attempt 1 of 1
[2022-12-19T15:10:22.830+0000] {taskinstance.py:1285} INFO - 
--------------------------------------------------------------------------------
[2022-12-19T15:10:22.857+0000] {taskinstance.py:1304} INFO - Executing <Task(BashOperator): remove_raw> on 2022-12-18 10:00:00+00:00
[2022-12-19T15:10:22.873+0000] {standard_task_runner.py:55} INFO - Started process 221 to run task
[2022-12-19T15:10:22.895+0000] {standard_task_runner.py:82} INFO - Running: ['***', 'tasks', 'run', 'Can_I_change_name_to_this', 'remove_raw', 'scheduled__2022-12-18T10:00:00+00:00', '--job-id', '157', '--raw', '--subdir', 'DAGS_FOLDER/dags.py', '--cfg-path', '/tmp/tmp7j56icje']
[2022-12-19T15:10:22.899+0000] {standard_task_runner.py:83} INFO - Job 157: Subtask remove_raw
[2022-12-19T15:10:23.114+0000] {task_command.py:389} INFO - Running <TaskInstance: Can_I_change_name_to_this.remove_raw scheduled__2022-12-18T10:00:00+00:00 [running]> on host 502390ac5559
[2022-12-19T15:10:23.436+0000] {taskinstance.py:1513} INFO - Exporting the following env vars:
AIRFLOW_CTX_DAG_OWNER=***
AIRFLOW_CTX_DAG_ID=Can_I_change_name_to_this
AIRFLOW_CTX_TASK_ID=remove_raw
AIRFLOW_CTX_EXECUTION_DATE=2022-12-18T10:00:00+00:00
AIRFLOW_CTX_TRY_NUMBER=1
AIRFLOW_CTX_DAG_RUN_ID=scheduled__2022-12-18T10:00:00+00:00
[2022-12-19T15:10:23.532+0000] {subprocess.py:63} INFO - Tmp dir root location: 
 /tmp
[2022-12-19T15:10:23.577+0000] {subprocess.py:75} INFO - Running command: ['/bin/bash', '-c', 'rm -f /opt/***/zone1/*']
[2022-12-19T15:10:23.712+0000] {subprocess.py:86} INFO - Output:
[2022-12-19T15:10:23.794+0000] {subprocess.py:97} INFO - Command exited with return code 0
[2022-12-19T15:10:23.951+0000] {taskinstance.py:1327} INFO - Marking task as SUCCESS. dag_id=Can_I_change_name_to_this, task_id=remove_raw, execution_date=20221218T100000, start_date=20221219T151022, end_date=20221219T151023
[2022-12-19T15:10:24.229+0000] {local_task_job.py:159} INFO - Task exited with return code 0
[2022-12-19T15:10:26.827+0000] {taskinstance.py:2582} INFO - 0 downstream tasks scheduled from follow-on schedule check
