[2022-11-29T07:48:51.327+0000] {taskinstance.py:1165} INFO - Dependencies all met for <TaskInstance: Can_I_change_name_to_this.task_3 manual__2022-11-29T07:47:51.849269+00:00 [queued]>
[2022-11-29T07:48:51.345+0000] {taskinstance.py:1165} INFO - Dependencies all met for <TaskInstance: Can_I_change_name_to_this.task_3 manual__2022-11-29T07:47:51.849269+00:00 [queued]>
[2022-11-29T07:48:51.346+0000] {taskinstance.py:1362} INFO - 
--------------------------------------------------------------------------------
[2022-11-29T07:48:51.350+0000] {taskinstance.py:1363} INFO - Starting attempt 1 of 1
[2022-11-29T07:48:51.352+0000] {taskinstance.py:1364} INFO - 
--------------------------------------------------------------------------------
[2022-11-29T07:48:51.367+0000] {taskinstance.py:1383} INFO - Executing <Task(BashOperator): task_3> on 2022-11-29 07:47:51.849269+00:00
[2022-11-29T07:48:51.378+0000] {standard_task_runner.py:55} INFO - Started process 223 to run task
[2022-11-29T07:48:51.383+0000] {standard_task_runner.py:82} INFO - Running: ['***', 'tasks', 'run', 'Can_I_change_name_to_this', 'task_3', 'manual__2022-11-29T07:47:51.849269+00:00', '--job-id', '48', '--raw', '--subdir', 'DAGS_FOLDER/dags.py', '--cfg-path', '/tmp/tmp3800rx8h']
[2022-11-29T07:48:51.385+0000] {standard_task_runner.py:83} INFO - Job 48: Subtask task_3
[2022-11-29T07:48:51.472+0000] {task_command.py:376} INFO - Running <TaskInstance: Can_I_change_name_to_this.task_3 manual__2022-11-29T07:47:51.849269+00:00 [running]> on host 68e922a5ec23
[2022-11-29T07:48:51.582+0000] {taskinstance.py:1592} INFO - Exporting the following env vars:
AIRFLOW_CTX_DAG_OWNER=***
AIRFLOW_CTX_DAG_ID=Can_I_change_name_to_this
AIRFLOW_CTX_TASK_ID=task_3
AIRFLOW_CTX_EXECUTION_DATE=2022-11-29T07:47:51.849269+00:00
AIRFLOW_CTX_TRY_NUMBER=1
AIRFLOW_CTX_DAG_RUN_ID=manual__2022-11-29T07:47:51.849269+00:00
[2022-11-29T07:48:51.585+0000] {subprocess.py:63} INFO - Tmp dir root location: 
 /tmp
[2022-11-29T07:48:51.595+0000] {subprocess.py:75} INFO - Running command: ['/bin/bash', '-c', 'sleep 3']
[2022-11-29T07:48:51.622+0000] {subprocess.py:86} INFO - Output:
[2022-11-29T07:48:54.661+0000] {subprocess.py:97} INFO - Command exited with return code 0
[2022-11-29T07:48:54.896+0000] {taskinstance.py:1406} INFO - Marking task as SUCCESS. dag_id=Can_I_change_name_to_this, task_id=task_3, execution_date=20221129T074751, start_date=20221129T074851, end_date=20221129T074854
[2022-11-29T07:48:55.138+0000] {local_task_job.py:159} INFO - Task exited with return code 0
[2022-11-29T07:48:55.263+0000] {taskinstance.py:2623} INFO - 3 downstream tasks scheduled from follow-on schedule check
