[2022-12-18T10:01:57.204+0000] {taskinstance.py:1087} INFO - Dependencies all met for <TaskInstance: Can_I_change_name_to_this.task_3 scheduled__2022-12-17T10:00:00+00:00 [queued]>
[2022-12-18T10:01:57.221+0000] {taskinstance.py:1087} INFO - Dependencies all met for <TaskInstance: Can_I_change_name_to_this.task_3 scheduled__2022-12-17T10:00:00+00:00 [queued]>
[2022-12-18T10:01:57.223+0000] {taskinstance.py:1283} INFO - 
--------------------------------------------------------------------------------
[2022-12-18T10:01:57.226+0000] {taskinstance.py:1284} INFO - Starting attempt 1 of 1
[2022-12-18T10:01:57.229+0000] {taskinstance.py:1285} INFO - 
--------------------------------------------------------------------------------
[2022-12-18T10:01:57.265+0000] {taskinstance.py:1304} INFO - Executing <Task(BashOperator): task_3> on 2022-12-17 10:00:00+00:00
[2022-12-18T10:01:57.339+0000] {standard_task_runner.py:55} INFO - Started process 2980 to run task
[2022-12-18T10:01:57.355+0000] {standard_task_runner.py:82} INFO - Running: ['***', 'tasks', 'run', 'Can_I_change_name_to_this', 'task_3', 'scheduled__2022-12-17T10:00:00+00:00', '--job-id', '133', '--raw', '--subdir', 'DAGS_FOLDER/dags.py', '--cfg-path', '/tmp/tmp_2d2dxjj']
[2022-12-18T10:01:57.360+0000] {standard_task_runner.py:83} INFO - Job 133: Subtask task_3
[2022-12-18T10:01:57.490+0000] {task_command.py:389} INFO - Running <TaskInstance: Can_I_change_name_to_this.task_3 scheduled__2022-12-17T10:00:00+00:00 [running]> on host 502390ac5559
[2022-12-18T10:01:57.604+0000] {taskinstance.py:1513} INFO - Exporting the following env vars:
AIRFLOW_CTX_DAG_OWNER=***
AIRFLOW_CTX_DAG_ID=Can_I_change_name_to_this
AIRFLOW_CTX_TASK_ID=task_3
AIRFLOW_CTX_EXECUTION_DATE=2022-12-17T10:00:00+00:00
AIRFLOW_CTX_TRY_NUMBER=1
AIRFLOW_CTX_DAG_RUN_ID=scheduled__2022-12-17T10:00:00+00:00
[2022-12-18T10:01:57.611+0000] {subprocess.py:63} INFO - Tmp dir root location: 
 /tmp
[2022-12-18T10:01:57.614+0000] {subprocess.py:75} INFO - Running command: ['/bin/bash', '-c', 'sleep 1']
[2022-12-18T10:01:57.636+0000] {subprocess.py:86} INFO - Output:
[2022-12-18T10:01:58.667+0000] {subprocess.py:97} INFO - Command exited with return code 0
[2022-12-18T10:01:58.746+0000] {taskinstance.py:1327} INFO - Marking task as SUCCESS. dag_id=Can_I_change_name_to_this, task_id=task_3, execution_date=20221217T100000, start_date=20221218T100157, end_date=20221218T100158
[2022-12-18T10:01:58.817+0000] {local_task_job.py:159} INFO - Task exited with return code 0
[2022-12-18T10:01:58.891+0000] {taskinstance.py:2582} INFO - 3 downstream tasks scheduled from follow-on schedule check
