[2022-12-22T13:31:12.697+0000] {taskinstance.py:1087} INFO - Dependencies all met for <TaskInstance: Can_I_change_name_to_this.task_10 manual__2022-12-22T13:30:23.536062+00:00 [queued]>
[2022-12-22T13:31:12.704+0000] {taskinstance.py:1087} INFO - Dependencies all met for <TaskInstance: Can_I_change_name_to_this.task_10 manual__2022-12-22T13:30:23.536062+00:00 [queued]>
[2022-12-22T13:31:12.705+0000] {taskinstance.py:1283} INFO - 
--------------------------------------------------------------------------------
[2022-12-22T13:31:12.706+0000] {taskinstance.py:1284} INFO - Starting attempt 1 of 1
[2022-12-22T13:31:12.707+0000] {taskinstance.py:1285} INFO - 
--------------------------------------------------------------------------------
[2022-12-22T13:31:12.716+0000] {taskinstance.py:1304} INFO - Executing <Task(BashOperator): task_10> on 2022-12-22 13:30:23.536062+00:00
[2022-12-22T13:31:12.723+0000] {standard_task_runner.py:55} INFO - Started process 185 to run task
[2022-12-22T13:31:12.726+0000] {standard_task_runner.py:82} INFO - Running: ['***', 'tasks', 'run', 'Can_I_change_name_to_this', 'task_10', 'manual__2022-12-22T13:30:23.536062+00:00', '--job-id', '212', '--raw', '--subdir', 'DAGS_FOLDER/dags.py', '--cfg-path', '/tmp/tmpci7jyc1j']
[2022-12-22T13:31:12.727+0000] {standard_task_runner.py:83} INFO - Job 212: Subtask task_10
[2022-12-22T13:31:12.778+0000] {task_command.py:389} INFO - Running <TaskInstance: Can_I_change_name_to_this.task_10 manual__2022-12-22T13:30:23.536062+00:00 [running]> on host 502390ac5559
[2022-12-22T13:31:12.822+0000] {taskinstance.py:1513} INFO - Exporting the following env vars:
AIRFLOW_CTX_DAG_OWNER=***
AIRFLOW_CTX_DAG_ID=Can_I_change_name_to_this
AIRFLOW_CTX_TASK_ID=task_10
AIRFLOW_CTX_EXECUTION_DATE=2022-12-22T13:30:23.536062+00:00
AIRFLOW_CTX_TRY_NUMBER=1
AIRFLOW_CTX_DAG_RUN_ID=manual__2022-12-22T13:30:23.536062+00:00
[2022-12-22T13:31:12.824+0000] {subprocess.py:63} INFO - Tmp dir root location: 
 /tmp
[2022-12-22T13:31:12.826+0000] {subprocess.py:75} INFO - Running command: ['/bin/bash', '-c', 'sleep 1']
[2022-12-22T13:31:12.836+0000] {subprocess.py:86} INFO - Output:
[2022-12-22T13:31:13.847+0000] {subprocess.py:97} INFO - Command exited with return code 0
[2022-12-22T13:31:13.887+0000] {taskinstance.py:1327} INFO - Marking task as SUCCESS. dag_id=Can_I_change_name_to_this, task_id=task_10, execution_date=20221222T133023, start_date=20221222T133112, end_date=20221222T133113
[2022-12-22T13:31:13.917+0000] {local_task_job.py:159} INFO - Task exited with return code 0
[2022-12-22T13:31:13.941+0000] {taskinstance.py:2582} INFO - 2 downstream tasks scheduled from follow-on schedule check
