[2022-12-17T09:55:51.546+0000] {taskinstance.py:1087} INFO - Dependencies all met for <TaskInstance: Can_I_change_name_to_this.task_8 manual__2022-12-17T09:53:31.433840+00:00 [queued]>
[2022-12-17T09:55:51.557+0000] {taskinstance.py:1087} INFO - Dependencies all met for <TaskInstance: Can_I_change_name_to_this.task_8 manual__2022-12-17T09:53:31.433840+00:00 [queued]>
[2022-12-17T09:55:51.558+0000] {taskinstance.py:1283} INFO - 
--------------------------------------------------------------------------------
[2022-12-17T09:55:51.559+0000] {taskinstance.py:1284} INFO - Starting attempt 1 of 1
[2022-12-17T09:55:51.560+0000] {taskinstance.py:1285} INFO - 
--------------------------------------------------------------------------------
[2022-12-17T09:55:51.573+0000] {taskinstance.py:1304} INFO - Executing <Task(BashOperator): task_8> on 2022-12-17 09:53:31.433840+00:00
[2022-12-17T09:55:51.595+0000] {standard_task_runner.py:55} INFO - Started process 1891 to run task
[2022-12-17T09:55:51.599+0000] {standard_task_runner.py:82} INFO - Running: ['***', 'tasks', 'run', 'Can_I_change_name_to_this', 'task_8', 'manual__2022-12-17T09:53:31.433840+00:00', '--job-id', '116', '--raw', '--subdir', 'DAGS_FOLDER/dags.py', '--cfg-path', '/tmp/tmpwixk563h']
[2022-12-17T09:55:51.601+0000] {standard_task_runner.py:83} INFO - Job 116: Subtask task_8
[2022-12-17T09:55:51.735+0000] {task_command.py:389} INFO - Running <TaskInstance: Can_I_change_name_to_this.task_8 manual__2022-12-17T09:53:31.433840+00:00 [running]> on host 502390ac5559
[2022-12-17T09:55:51.823+0000] {taskinstance.py:1513} INFO - Exporting the following env vars:
AIRFLOW_CTX_DAG_OWNER=***
AIRFLOW_CTX_DAG_ID=Can_I_change_name_to_this
AIRFLOW_CTX_TASK_ID=task_8
AIRFLOW_CTX_EXECUTION_DATE=2022-12-17T09:53:31.433840+00:00
AIRFLOW_CTX_TRY_NUMBER=1
AIRFLOW_CTX_DAG_RUN_ID=manual__2022-12-17T09:53:31.433840+00:00
[2022-12-17T09:55:51.828+0000] {subprocess.py:63} INFO - Tmp dir root location: 
 /tmp
[2022-12-17T09:55:51.830+0000] {subprocess.py:75} INFO - Running command: ['/bin/bash', '-c', 'python /opt/***/tasks/processed_put_to_s3.py']
[2022-12-17T09:55:51.850+0000] {subprocess.py:86} INFO - Output:
[2022-12-17T09:55:52.798+0000] {subprocess.py:93} INFO - {"message": "now putting clean file to s3", "time": "2022-12-17T09:55:52.792880"}
[2022-12-17T09:55:52.803+0000] {subprocess.py:93} INFO - {"message": "now putting /opt/***/processed_zone/lol_clean_basic_stat.json to clean_zone", "time": "2022-12-17T09:55:52.802189"}
[2022-12-17T09:55:52.805+0000] {subprocess.py:93} INFO - {"message": "now putting /opt/***/processed_zone/lol_clean_counter_stat.json to clean_zone", "time": "2022-12-17T09:55:52.802323"}
[2022-12-17T09:55:56.389+0000] {subprocess.py:93} INFO - {"message": "successfully putting /opt/***/processed_zone/lol_clean_basic_stat.json to raw_zone", "time": "2022-12-17T09:55:56.386896"}
[2022-12-17T09:56:01.020+0000] {subprocess.py:93} INFO - {"message": "successfully putting /opt/***/processed_zone/lol_clean_counter_stat.json to raw_zone", "time": "2022-12-17T09:56:01.017983"}
[2022-12-17T09:56:01.044+0000] {subprocess.py:93} INFO - {"message": "successfully put clean file to s3", "time": "2022-12-17T09:56:01.029964"}
[2022-12-17T09:56:01.049+0000] {subprocess.py:93} INFO - {"message": "put clean file to s3 have used 8.238681587001338s", "time": "2022-12-17T09:56:01.033273"}
[2022-12-17T09:56:01.465+0000] {subprocess.py:97} INFO - Command exited with return code 0
[2022-12-17T09:56:01.636+0000] {taskinstance.py:1327} INFO - Marking task as SUCCESS. dag_id=Can_I_change_name_to_this, task_id=task_8, execution_date=20221217T095331, start_date=20221217T095551, end_date=20221217T095601
[2022-12-17T09:56:01.779+0000] {local_task_job.py:159} INFO - Task exited with return code 0
[2022-12-17T09:56:01.914+0000] {taskinstance.py:2582} INFO - 1 downstream tasks scheduled from follow-on schedule check
