[2022-12-26T09:45:58.023+0000] {processor.py:153} INFO - Started process (PID=71) to work on /home/airflow/.local/lib/python3.7/site-packages/airflow/example_dags/example_branch_python_dop_operator_3.py
[2022-12-26T09:45:58.028+0000] {processor.py:743} INFO - Processing file /home/airflow/.local/lib/python3.7/site-packages/airflow/example_dags/example_branch_python_dop_operator_3.py for tasks to queue
[2022-12-26T09:45:58.029+0000] {logging_mixin.py:137} INFO - [2022-12-26T09:45:58.029+0000] {dagbag.py:538} INFO - Filling up the DagBag from /home/airflow/.local/lib/python3.7/site-packages/airflow/example_dags/example_branch_python_dop_operator_3.py
[2022-12-26T09:45:58.052+0000] {processor.py:753} INFO - DAG(s) dict_keys(['example_branch_dop_operator_v3']) retrieved from /home/airflow/.local/lib/python3.7/site-packages/airflow/example_dags/example_branch_python_dop_operator_3.py
[2022-12-26T09:45:58.097+0000] {logging_mixin.py:137} INFO - [2022-12-26T09:45:58.097+0000] {dag.py:2676} INFO - Sync 1 DAGs
[2022-12-26T09:45:58.149+0000] {logging_mixin.py:137} INFO - [2022-12-26T09:45:58.146+0000] {dag.py:3427} INFO - Setting next_dagrun for example_branch_dop_operator_v3 to 2022-12-26T09:44:00+00:00, run_after=2022-12-26T09:45:00+00:00
[2022-12-26T09:45:58.228+0000] {processor.py:175} INFO - Processing /home/airflow/.local/lib/python3.7/site-packages/airflow/example_dags/example_branch_python_dop_operator_3.py took 0.208 seconds
[2022-12-26T09:46:30.885+0000] {processor.py:153} INFO - Started process (PID=133) to work on /home/airflow/.local/lib/python3.7/site-packages/airflow/example_dags/example_branch_python_dop_operator_3.py
[2022-12-26T09:46:30.890+0000] {processor.py:743} INFO - Processing file /home/airflow/.local/lib/python3.7/site-packages/airflow/example_dags/example_branch_python_dop_operator_3.py for tasks to queue
[2022-12-26T09:46:30.896+0000] {logging_mixin.py:137} INFO - [2022-12-26T09:46:30.896+0000] {dagbag.py:538} INFO - Filling up the DagBag from /home/airflow/.local/lib/python3.7/site-packages/airflow/example_dags/example_branch_python_dop_operator_3.py
[2022-12-26T09:46:30.937+0000] {processor.py:753} INFO - DAG(s) dict_keys(['example_branch_dop_operator_v3']) retrieved from /home/airflow/.local/lib/python3.7/site-packages/airflow/example_dags/example_branch_python_dop_operator_3.py
[2022-12-26T09:46:31.011+0000] {logging_mixin.py:137} INFO - [2022-12-26T09:46:31.011+0000] {dag.py:2676} INFO - Sync 1 DAGs
[2022-12-26T09:46:31.072+0000] {logging_mixin.py:137} INFO - [2022-12-26T09:46:31.071+0000] {dag.py:3427} INFO - Setting next_dagrun for example_branch_dop_operator_v3 to 2022-12-26T09:45:00+00:00, run_after=2022-12-26T09:46:00+00:00
[2022-12-26T09:46:31.107+0000] {processor.py:175} INFO - Processing /home/airflow/.local/lib/python3.7/site-packages/airflow/example_dags/example_branch_python_dop_operator_3.py took 0.226 seconds
[2022-12-26T09:47:55.828+0000] {processor.py:153} INFO - Started process (PID=229) to work on /home/airflow/.local/lib/python3.7/site-packages/airflow/example_dags/example_branch_python_dop_operator_3.py
[2022-12-26T09:47:56.479+0000] {processor.py:743} INFO - Processing file /home/airflow/.local/lib/python3.7/site-packages/airflow/example_dags/example_branch_python_dop_operator_3.py for tasks to queue
[2022-12-26T09:47:56.487+0000] {logging_mixin.py:137} INFO - [2022-12-26T09:47:56.486+0000] {dagbag.py:538} INFO - Filling up the DagBag from /home/airflow/.local/lib/python3.7/site-packages/airflow/example_dags/example_branch_python_dop_operator_3.py
[2022-12-26T09:47:57.067+0000] {processor.py:753} INFO - DAG(s) dict_keys(['example_branch_dop_operator_v3']) retrieved from /home/airflow/.local/lib/python3.7/site-packages/airflow/example_dags/example_branch_python_dop_operator_3.py
[2022-12-26T09:47:57.251+0000] {logging_mixin.py:137} INFO - [2022-12-26T09:47:57.251+0000] {dag.py:2676} INFO - Sync 1 DAGs
[2022-12-26T09:47:57.415+0000] {logging_mixin.py:137} INFO - [2022-12-26T09:47:57.415+0000] {dag.py:3427} INFO - Setting next_dagrun for example_branch_dop_operator_v3 to 2022-12-26T09:46:00+00:00, run_after=2022-12-26T09:47:00+00:00
[2022-12-26T09:47:57.542+0000] {processor.py:175} INFO - Processing /home/airflow/.local/lib/python3.7/site-packages/airflow/example_dags/example_branch_python_dop_operator_3.py took 1.717 seconds
[2022-12-26T09:48:28.423+0000] {processor.py:153} INFO - Started process (PID=292) to work on /home/airflow/.local/lib/python3.7/site-packages/airflow/example_dags/example_branch_python_dop_operator_3.py
[2022-12-26T09:48:28.426+0000] {processor.py:743} INFO - Processing file /home/airflow/.local/lib/python3.7/site-packages/airflow/example_dags/example_branch_python_dop_operator_3.py for tasks to queue
[2022-12-26T09:48:28.428+0000] {logging_mixin.py:137} INFO - [2022-12-26T09:48:28.428+0000] {dagbag.py:538} INFO - Filling up the DagBag from /home/airflow/.local/lib/python3.7/site-packages/airflow/example_dags/example_branch_python_dop_operator_3.py
[2022-12-26T09:48:28.451+0000] {processor.py:753} INFO - DAG(s) dict_keys(['example_branch_dop_operator_v3']) retrieved from /home/airflow/.local/lib/python3.7/site-packages/airflow/example_dags/example_branch_python_dop_operator_3.py
[2022-12-26T09:48:28.479+0000] {logging_mixin.py:137} INFO - [2022-12-26T09:48:28.479+0000] {dag.py:2676} INFO - Sync 1 DAGs
[2022-12-26T09:48:28.498+0000] {logging_mixin.py:137} INFO - [2022-12-26T09:48:28.498+0000] {dag.py:3427} INFO - Setting next_dagrun for example_branch_dop_operator_v3 to 2022-12-26T09:47:00+00:00, run_after=2022-12-26T09:48:00+00:00
[2022-12-26T09:48:28.514+0000] {processor.py:175} INFO - Processing /home/airflow/.local/lib/python3.7/site-packages/airflow/example_dags/example_branch_python_dop_operator_3.py took 0.093 seconds
[2022-12-26T09:49:52.307+0000] {processor.py:153} INFO - Started process (PID=376) to work on /home/airflow/.local/lib/python3.7/site-packages/airflow/example_dags/example_branch_python_dop_operator_3.py
[2022-12-26T09:49:52.353+0000] {processor.py:743} INFO - Processing file /home/airflow/.local/lib/python3.7/site-packages/airflow/example_dags/example_branch_python_dop_operator_3.py for tasks to queue
[2022-12-26T09:49:52.419+0000] {logging_mixin.py:137} INFO - [2022-12-26T09:49:52.419+0000] {dagbag.py:538} INFO - Filling up the DagBag from /home/airflow/.local/lib/python3.7/site-packages/airflow/example_dags/example_branch_python_dop_operator_3.py
[2022-12-26T09:50:23.812+0000] {processor.py:753} INFO - DAG(s) dict_keys(['example_branch_dop_operator_v3']) retrieved from /home/airflow/.local/lib/python3.7/site-packages/airflow/example_dags/example_branch_python_dop_operator_3.py
[2022-12-26T09:59:55.190+0000] {processor.py:153} INFO - Started process (PID=65) to work on /home/airflow/.local/lib/python3.7/site-packages/airflow/example_dags/example_branch_python_dop_operator_3.py
[2022-12-26T09:59:55.193+0000] {processor.py:743} INFO - Processing file /home/airflow/.local/lib/python3.7/site-packages/airflow/example_dags/example_branch_python_dop_operator_3.py for tasks to queue
[2022-12-26T09:59:55.201+0000] {logging_mixin.py:137} INFO - [2022-12-26T09:59:55.201+0000] {dagbag.py:538} INFO - Filling up the DagBag from /home/airflow/.local/lib/python3.7/site-packages/airflow/example_dags/example_branch_python_dop_operator_3.py
[2022-12-26T09:59:55.234+0000] {processor.py:753} INFO - DAG(s) dict_keys(['example_branch_dop_operator_v3']) retrieved from /home/airflow/.local/lib/python3.7/site-packages/airflow/example_dags/example_branch_python_dop_operator_3.py
[2022-12-26T09:59:55.317+0000] {logging_mixin.py:137} INFO - [2022-12-26T09:59:55.317+0000] {dag.py:2676} INFO - Sync 1 DAGs
[2022-12-26T09:59:55.361+0000] {logging_mixin.py:137} INFO - [2022-12-26T09:59:55.361+0000] {dag.py:3427} INFO - Setting next_dagrun for example_branch_dop_operator_v3 to 2022-12-26T09:58:00+00:00, run_after=2022-12-26T09:59:00+00:00
[2022-12-26T09:59:55.410+0000] {processor.py:175} INFO - Processing /home/airflow/.local/lib/python3.7/site-packages/airflow/example_dags/example_branch_python_dop_operator_3.py took 0.222 seconds
[2022-12-26T10:00:26.947+0000] {processor.py:153} INFO - Started process (PID=128) to work on /home/airflow/.local/lib/python3.7/site-packages/airflow/example_dags/example_branch_python_dop_operator_3.py
[2022-12-26T10:00:26.964+0000] {processor.py:743} INFO - Processing file /home/airflow/.local/lib/python3.7/site-packages/airflow/example_dags/example_branch_python_dop_operator_3.py for tasks to queue
[2022-12-26T10:00:26.971+0000] {logging_mixin.py:137} INFO - [2022-12-26T10:00:26.971+0000] {dagbag.py:538} INFO - Filling up the DagBag from /home/airflow/.local/lib/python3.7/site-packages/airflow/example_dags/example_branch_python_dop_operator_3.py
[2022-12-26T10:00:26.996+0000] {processor.py:753} INFO - DAG(s) dict_keys(['example_branch_dop_operator_v3']) retrieved from /home/airflow/.local/lib/python3.7/site-packages/airflow/example_dags/example_branch_python_dop_operator_3.py
[2022-12-26T10:00:27.038+0000] {logging_mixin.py:137} INFO - [2022-12-26T10:00:27.038+0000] {dag.py:2676} INFO - Sync 1 DAGs
[2022-12-26T10:00:27.074+0000] {logging_mixin.py:137} INFO - [2022-12-26T10:00:27.074+0000] {dag.py:3427} INFO - Setting next_dagrun for example_branch_dop_operator_v3 to 2022-12-26T09:59:00+00:00, run_after=2022-12-26T10:00:00+00:00
[2022-12-26T10:00:27.110+0000] {processor.py:175} INFO - Processing /home/airflow/.local/lib/python3.7/site-packages/airflow/example_dags/example_branch_python_dop_operator_3.py took 0.168 seconds
[2022-12-26T10:00:57.157+0000] {processor.py:153} INFO - Started process (PID=191) to work on /home/airflow/.local/lib/python3.7/site-packages/airflow/example_dags/example_branch_python_dop_operator_3.py
[2022-12-26T10:00:57.159+0000] {processor.py:743} INFO - Processing file /home/airflow/.local/lib/python3.7/site-packages/airflow/example_dags/example_branch_python_dop_operator_3.py for tasks to queue
[2022-12-26T10:00:57.160+0000] {logging_mixin.py:137} INFO - [2022-12-26T10:00:57.160+0000] {dagbag.py:538} INFO - Filling up the DagBag from /home/airflow/.local/lib/python3.7/site-packages/airflow/example_dags/example_branch_python_dop_operator_3.py
[2022-12-26T10:00:57.173+0000] {processor.py:753} INFO - DAG(s) dict_keys(['example_branch_dop_operator_v3']) retrieved from /home/airflow/.local/lib/python3.7/site-packages/airflow/example_dags/example_branch_python_dop_operator_3.py
[2022-12-26T10:00:57.195+0000] {logging_mixin.py:137} INFO - [2022-12-26T10:00:57.194+0000] {dag.py:2676} INFO - Sync 1 DAGs
[2022-12-26T10:00:57.212+0000] {logging_mixin.py:137} INFO - [2022-12-26T10:00:57.212+0000] {dag.py:3427} INFO - Setting next_dagrun for example_branch_dop_operator_v3 to 2022-12-26T09:59:00+00:00, run_after=2022-12-26T10:00:00+00:00
[2022-12-26T10:00:57.226+0000] {processor.py:175} INFO - Processing /home/airflow/.local/lib/python3.7/site-packages/airflow/example_dags/example_branch_python_dop_operator_3.py took 0.071 seconds
[2022-12-26T10:01:31.950+0000] {processor.py:153} INFO - Started process (PID=267) to work on /home/airflow/.local/lib/python3.7/site-packages/airflow/example_dags/example_branch_python_dop_operator_3.py
[2022-12-26T10:01:32.044+0000] {processor.py:743} INFO - Processing file /home/airflow/.local/lib/python3.7/site-packages/airflow/example_dags/example_branch_python_dop_operator_3.py for tasks to queue
[2022-12-26T10:01:32.088+0000] {logging_mixin.py:137} INFO - [2022-12-26T10:01:32.074+0000] {dagbag.py:538} INFO - Filling up the DagBag from /home/airflow/.local/lib/python3.7/site-packages/airflow/example_dags/example_branch_python_dop_operator_3.py
[2022-12-26T10:01:32.264+0000] {processor.py:753} INFO - DAG(s) dict_keys(['example_branch_dop_operator_v3']) retrieved from /home/airflow/.local/lib/python3.7/site-packages/airflow/example_dags/example_branch_python_dop_operator_3.py
[2022-12-26T10:01:35.199+0000] {logging_mixin.py:137} INFO - [2022-12-26T10:01:35.196+0000] {dag.py:2676} INFO - Sync 1 DAGs
[2022-12-26T10:01:36.412+0000] {logging_mixin.py:137} INFO - [2022-12-26T10:01:36.410+0000] {dag.py:3427} INFO - Setting next_dagrun for example_branch_dop_operator_v3 to 2022-12-26T10:00:00+00:00, run_after=2022-12-26T10:01:00+00:00
[2022-12-26T10:01:41.322+0000] {processor.py:175} INFO - Processing /home/airflow/.local/lib/python3.7/site-packages/airflow/example_dags/example_branch_python_dop_operator_3.py took 9.402 seconds
[2022-12-26T10:02:12.927+0000] {processor.py:153} INFO - Started process (PID=333) to work on /home/airflow/.local/lib/python3.7/site-packages/airflow/example_dags/example_branch_python_dop_operator_3.py
[2022-12-26T10:02:12.935+0000] {processor.py:743} INFO - Processing file /home/airflow/.local/lib/python3.7/site-packages/airflow/example_dags/example_branch_python_dop_operator_3.py for tasks to queue
[2022-12-26T10:02:12.944+0000] {logging_mixin.py:137} INFO - [2022-12-26T10:02:12.944+0000] {dagbag.py:538} INFO - Filling up the DagBag from /home/airflow/.local/lib/python3.7/site-packages/airflow/example_dags/example_branch_python_dop_operator_3.py
[2022-12-26T10:02:13.080+0000] {processor.py:753} INFO - DAG(s) dict_keys(['example_branch_dop_operator_v3']) retrieved from /home/airflow/.local/lib/python3.7/site-packages/airflow/example_dags/example_branch_python_dop_operator_3.py
[2022-12-26T10:02:13.188+0000] {logging_mixin.py:137} INFO - [2022-12-26T10:02:13.187+0000] {dag.py:2676} INFO - Sync 1 DAGs
[2022-12-26T10:02:13.314+0000] {logging_mixin.py:137} INFO - [2022-12-26T10:02:13.307+0000] {dag.py:3427} INFO - Setting next_dagrun for example_branch_dop_operator_v3 to 2022-12-26T10:01:00+00:00, run_after=2022-12-26T10:02:00+00:00
[2022-12-26T10:02:13.463+0000] {processor.py:175} INFO - Processing /home/airflow/.local/lib/python3.7/site-packages/airflow/example_dags/example_branch_python_dop_operator_3.py took 0.577 seconds
[2022-12-26T10:02:43.879+0000] {processor.py:153} INFO - Started process (PID=400) to work on /home/airflow/.local/lib/python3.7/site-packages/airflow/example_dags/example_branch_python_dop_operator_3.py
[2022-12-26T10:02:43.888+0000] {processor.py:743} INFO - Processing file /home/airflow/.local/lib/python3.7/site-packages/airflow/example_dags/example_branch_python_dop_operator_3.py for tasks to queue
[2022-12-26T10:02:43.890+0000] {logging_mixin.py:137} INFO - [2022-12-26T10:02:43.890+0000] {dagbag.py:538} INFO - Filling up the DagBag from /home/airflow/.local/lib/python3.7/site-packages/airflow/example_dags/example_branch_python_dop_operator_3.py
[2022-12-26T10:02:44.018+0000] {processor.py:753} INFO - DAG(s) dict_keys(['example_branch_dop_operator_v3']) retrieved from /home/airflow/.local/lib/python3.7/site-packages/airflow/example_dags/example_branch_python_dop_operator_3.py
[2022-12-26T10:02:44.185+0000] {logging_mixin.py:137} INFO - [2022-12-26T10:02:44.183+0000] {dag.py:2676} INFO - Sync 1 DAGs
[2022-12-26T10:02:44.253+0000] {logging_mixin.py:137} INFO - [2022-12-26T10:02:44.253+0000] {dag.py:3427} INFO - Setting next_dagrun for example_branch_dop_operator_v3 to 2022-12-26T10:01:00+00:00, run_after=2022-12-26T10:02:00+00:00
[2022-12-26T10:02:44.285+0000] {processor.py:175} INFO - Processing /home/airflow/.local/lib/python3.7/site-packages/airflow/example_dags/example_branch_python_dop_operator_3.py took 0.416 seconds
[2022-12-26T10:03:14.448+0000] {processor.py:153} INFO - Started process (PID=463) to work on /home/airflow/.local/lib/python3.7/site-packages/airflow/example_dags/example_branch_python_dop_operator_3.py
[2022-12-26T10:03:14.450+0000] {processor.py:743} INFO - Processing file /home/airflow/.local/lib/python3.7/site-packages/airflow/example_dags/example_branch_python_dop_operator_3.py for tasks to queue
[2022-12-26T10:03:14.452+0000] {logging_mixin.py:137} INFO - [2022-12-26T10:03:14.452+0000] {dagbag.py:538} INFO - Filling up the DagBag from /home/airflow/.local/lib/python3.7/site-packages/airflow/example_dags/example_branch_python_dop_operator_3.py
[2022-12-26T10:03:14.504+0000] {processor.py:753} INFO - DAG(s) dict_keys(['example_branch_dop_operator_v3']) retrieved from /home/airflow/.local/lib/python3.7/site-packages/airflow/example_dags/example_branch_python_dop_operator_3.py
[2022-12-26T10:03:14.574+0000] {logging_mixin.py:137} INFO - [2022-12-26T10:03:14.574+0000] {dag.py:2676} INFO - Sync 1 DAGs
[2022-12-26T10:03:14.603+0000] {logging_mixin.py:137} INFO - [2022-12-26T10:03:14.603+0000] {dag.py:3427} INFO - Setting next_dagrun for example_branch_dop_operator_v3 to 2022-12-26T10:02:00+00:00, run_after=2022-12-26T10:03:00+00:00
[2022-12-26T10:03:14.632+0000] {processor.py:175} INFO - Processing /home/airflow/.local/lib/python3.7/site-packages/airflow/example_dags/example_branch_python_dop_operator_3.py took 0.192 seconds
[2022-12-26T10:03:44.692+0000] {processor.py:153} INFO - Started process (PID=536) to work on /home/airflow/.local/lib/python3.7/site-packages/airflow/example_dags/example_branch_python_dop_operator_3.py
[2022-12-26T10:03:44.695+0000] {processor.py:743} INFO - Processing file /home/airflow/.local/lib/python3.7/site-packages/airflow/example_dags/example_branch_python_dop_operator_3.py for tasks to queue
[2022-12-26T10:03:44.697+0000] {logging_mixin.py:137} INFO - [2022-12-26T10:03:44.696+0000] {dagbag.py:538} INFO - Filling up the DagBag from /home/airflow/.local/lib/python3.7/site-packages/airflow/example_dags/example_branch_python_dop_operator_3.py
[2022-12-26T10:03:44.735+0000] {processor.py:753} INFO - DAG(s) dict_keys(['example_branch_dop_operator_v3']) retrieved from /home/airflow/.local/lib/python3.7/site-packages/airflow/example_dags/example_branch_python_dop_operator_3.py
[2022-12-26T10:03:44.806+0000] {logging_mixin.py:137} INFO - [2022-12-26T10:03:44.806+0000] {dag.py:2676} INFO - Sync 1 DAGs
[2022-12-26T10:03:44.870+0000] {logging_mixin.py:137} INFO - [2022-12-26T10:03:44.870+0000] {dag.py:3427} INFO - Setting next_dagrun for example_branch_dop_operator_v3 to 2022-12-26T10:02:00+00:00, run_after=2022-12-26T10:03:00+00:00
[2022-12-26T10:03:44.919+0000] {processor.py:175} INFO - Processing /home/airflow/.local/lib/python3.7/site-packages/airflow/example_dags/example_branch_python_dop_operator_3.py took 0.230 seconds
[2022-12-26T10:04:25.772+0000] {processor.py:153} INFO - Started process (PID=603) to work on /home/airflow/.local/lib/python3.7/site-packages/airflow/example_dags/example_branch_python_dop_operator_3.py
[2022-12-26T10:04:25.780+0000] {processor.py:743} INFO - Processing file /home/airflow/.local/lib/python3.7/site-packages/airflow/example_dags/example_branch_python_dop_operator_3.py for tasks to queue
[2022-12-26T10:04:25.783+0000] {logging_mixin.py:137} INFO - [2022-12-26T10:04:25.783+0000] {dagbag.py:538} INFO - Filling up the DagBag from /home/airflow/.local/lib/python3.7/site-packages/airflow/example_dags/example_branch_python_dop_operator_3.py
[2022-12-26T10:04:25.825+0000] {processor.py:753} INFO - DAG(s) dict_keys(['example_branch_dop_operator_v3']) retrieved from /home/airflow/.local/lib/python3.7/site-packages/airflow/example_dags/example_branch_python_dop_operator_3.py
[2022-12-26T10:04:25.901+0000] {logging_mixin.py:137} INFO - [2022-12-26T10:04:25.901+0000] {dag.py:2676} INFO - Sync 1 DAGs
[2022-12-26T10:04:25.953+0000] {logging_mixin.py:137} INFO - [2022-12-26T10:04:25.953+0000] {dag.py:3427} INFO - Setting next_dagrun for example_branch_dop_operator_v3 to 2022-12-26T10:03:00+00:00, run_after=2022-12-26T10:04:00+00:00
[2022-12-26T10:04:26.015+0000] {processor.py:175} INFO - Processing /home/airflow/.local/lib/python3.7/site-packages/airflow/example_dags/example_branch_python_dop_operator_3.py took 0.249 seconds
[2022-12-26T10:04:57.064+0000] {processor.py:153} INFO - Started process (PID=681) to work on /home/airflow/.local/lib/python3.7/site-packages/airflow/example_dags/example_branch_python_dop_operator_3.py
[2022-12-26T10:04:57.072+0000] {processor.py:743} INFO - Processing file /home/airflow/.local/lib/python3.7/site-packages/airflow/example_dags/example_branch_python_dop_operator_3.py for tasks to queue
[2022-12-26T10:04:57.079+0000] {logging_mixin.py:137} INFO - [2022-12-26T10:04:57.079+0000] {dagbag.py:538} INFO - Filling up the DagBag from /home/airflow/.local/lib/python3.7/site-packages/airflow/example_dags/example_branch_python_dop_operator_3.py
[2022-12-26T10:04:57.129+0000] {processor.py:753} INFO - DAG(s) dict_keys(['example_branch_dop_operator_v3']) retrieved from /home/airflow/.local/lib/python3.7/site-packages/airflow/example_dags/example_branch_python_dop_operator_3.py
[2022-12-26T10:04:57.236+0000] {logging_mixin.py:137} INFO - [2022-12-26T10:04:57.236+0000] {dag.py:2676} INFO - Sync 1 DAGs
[2022-12-26T10:04:57.273+0000] {logging_mixin.py:137} INFO - [2022-12-26T10:04:57.273+0000] {dag.py:3427} INFO - Setting next_dagrun for example_branch_dop_operator_v3 to 2022-12-26T10:03:00+00:00, run_after=2022-12-26T10:04:00+00:00
[2022-12-26T10:04:57.324+0000] {processor.py:175} INFO - Processing /home/airflow/.local/lib/python3.7/site-packages/airflow/example_dags/example_branch_python_dop_operator_3.py took 0.265 seconds
[2022-12-26T10:05:28.439+0000] {processor.py:153} INFO - Started process (PID=739) to work on /home/airflow/.local/lib/python3.7/site-packages/airflow/example_dags/example_branch_python_dop_operator_3.py
[2022-12-26T10:05:28.446+0000] {processor.py:743} INFO - Processing file /home/airflow/.local/lib/python3.7/site-packages/airflow/example_dags/example_branch_python_dop_operator_3.py for tasks to queue
[2022-12-26T10:05:28.449+0000] {logging_mixin.py:137} INFO - [2022-12-26T10:05:28.448+0000] {dagbag.py:538} INFO - Filling up the DagBag from /home/airflow/.local/lib/python3.7/site-packages/airflow/example_dags/example_branch_python_dop_operator_3.py
[2022-12-26T10:05:28.514+0000] {processor.py:753} INFO - DAG(s) dict_keys(['example_branch_dop_operator_v3']) retrieved from /home/airflow/.local/lib/python3.7/site-packages/airflow/example_dags/example_branch_python_dop_operator_3.py
[2022-12-26T10:05:28.582+0000] {logging_mixin.py:137} INFO - [2022-12-26T10:05:28.582+0000] {dag.py:2676} INFO - Sync 1 DAGs
[2022-12-26T10:05:28.618+0000] {logging_mixin.py:137} INFO - [2022-12-26T10:05:28.618+0000] {dag.py:3427} INFO - Setting next_dagrun for example_branch_dop_operator_v3 to 2022-12-26T10:04:00+00:00, run_after=2022-12-26T10:05:00+00:00
[2022-12-26T10:05:28.649+0000] {processor.py:175} INFO - Processing /home/airflow/.local/lib/python3.7/site-packages/airflow/example_dags/example_branch_python_dop_operator_3.py took 0.225 seconds
[2022-12-26T10:05:59.417+0000] {processor.py:153} INFO - Started process (PID=806) to work on /home/airflow/.local/lib/python3.7/site-packages/airflow/example_dags/example_branch_python_dop_operator_3.py
[2022-12-26T10:05:59.420+0000] {processor.py:743} INFO - Processing file /home/airflow/.local/lib/python3.7/site-packages/airflow/example_dags/example_branch_python_dop_operator_3.py for tasks to queue
[2022-12-26T10:05:59.422+0000] {logging_mixin.py:137} INFO - [2022-12-26T10:05:59.422+0000] {dagbag.py:538} INFO - Filling up the DagBag from /home/airflow/.local/lib/python3.7/site-packages/airflow/example_dags/example_branch_python_dop_operator_3.py
[2022-12-26T10:05:59.448+0000] {processor.py:753} INFO - DAG(s) dict_keys(['example_branch_dop_operator_v3']) retrieved from /home/airflow/.local/lib/python3.7/site-packages/airflow/example_dags/example_branch_python_dop_operator_3.py
[2022-12-26T10:05:59.490+0000] {logging_mixin.py:137} INFO - [2022-12-26T10:05:59.490+0000] {dag.py:2676} INFO - Sync 1 DAGs
[2022-12-26T10:05:59.519+0000] {logging_mixin.py:137} INFO - [2022-12-26T10:05:59.518+0000] {dag.py:3427} INFO - Setting next_dagrun for example_branch_dop_operator_v3 to 2022-12-26T10:04:00+00:00, run_after=2022-12-26T10:05:00+00:00
[2022-12-26T10:05:59.554+0000] {processor.py:175} INFO - Processing /home/airflow/.local/lib/python3.7/site-packages/airflow/example_dags/example_branch_python_dop_operator_3.py took 0.141 seconds
