[2022-12-26T09:45:57.247+0000] {processor.py:153} INFO - Started process (PID=65) to work on /home/airflow/.local/lib/python3.7/site-packages/airflow/example_dags/example_latest_only_with_trigger.py
[2022-12-26T09:45:57.250+0000] {processor.py:743} INFO - Processing file /home/airflow/.local/lib/python3.7/site-packages/airflow/example_dags/example_latest_only_with_trigger.py for tasks to queue
[2022-12-26T09:45:57.252+0000] {logging_mixin.py:137} INFO - [2022-12-26T09:45:57.252+0000] {dagbag.py:538} INFO - Filling up the DagBag from /home/airflow/.local/lib/python3.7/site-packages/airflow/example_dags/example_latest_only_with_trigger.py
[2022-12-26T09:45:57.274+0000] {processor.py:753} INFO - DAG(s) dict_keys(['latest_only_with_trigger']) retrieved from /home/airflow/.local/lib/python3.7/site-packages/airflow/example_dags/example_latest_only_with_trigger.py
[2022-12-26T09:45:57.334+0000] {logging_mixin.py:137} INFO - [2022-12-26T09:45:57.334+0000] {dag.py:2676} INFO - Sync 1 DAGs
[2022-12-26T09:45:57.367+0000] {logging_mixin.py:137} INFO - [2022-12-26T09:45:57.367+0000] {dag.py:3427} INFO - Setting next_dagrun for latest_only_with_trigger to 2022-12-26T05:45:57.366752+00:00, run_after=2022-12-26T09:45:57.366752+00:00
[2022-12-26T09:45:57.404+0000] {processor.py:175} INFO - Processing /home/airflow/.local/lib/python3.7/site-packages/airflow/example_dags/example_latest_only_with_trigger.py took 0.161 seconds
[2022-12-26T09:46:29.652+0000] {processor.py:153} INFO - Started process (PID=127) to work on /home/airflow/.local/lib/python3.7/site-packages/airflow/example_dags/example_latest_only_with_trigger.py
[2022-12-26T09:46:29.665+0000] {processor.py:743} INFO - Processing file /home/airflow/.local/lib/python3.7/site-packages/airflow/example_dags/example_latest_only_with_trigger.py for tasks to queue
[2022-12-26T09:46:29.677+0000] {logging_mixin.py:137} INFO - [2022-12-26T09:46:29.677+0000] {dagbag.py:538} INFO - Filling up the DagBag from /home/airflow/.local/lib/python3.7/site-packages/airflow/example_dags/example_latest_only_with_trigger.py
[2022-12-26T09:46:29.771+0000] {processor.py:753} INFO - DAG(s) dict_keys(['latest_only_with_trigger']) retrieved from /home/airflow/.local/lib/python3.7/site-packages/airflow/example_dags/example_latest_only_with_trigger.py
[2022-12-26T09:46:29.875+0000] {logging_mixin.py:137} INFO - [2022-12-26T09:46:29.874+0000] {dag.py:2676} INFO - Sync 1 DAGs
[2022-12-26T09:46:29.925+0000] {logging_mixin.py:137} INFO - [2022-12-26T09:46:29.925+0000] {dag.py:3427} INFO - Setting next_dagrun for latest_only_with_trigger to 2022-12-26T05:46:29.925077+00:00, run_after=2022-12-26T09:46:29.925077+00:00
[2022-12-26T09:46:29.957+0000] {processor.py:175} INFO - Processing /home/airflow/.local/lib/python3.7/site-packages/airflow/example_dags/example_latest_only_with_trigger.py took 0.321 seconds
[2022-12-26T09:47:22.502+0000] {processor.py:153} INFO - Started process (PID=201) to work on /home/airflow/.local/lib/python3.7/site-packages/airflow/example_dags/example_latest_only_with_trigger.py
[2022-12-26T09:47:22.519+0000] {processor.py:743} INFO - Processing file /home/airflow/.local/lib/python3.7/site-packages/airflow/example_dags/example_latest_only_with_trigger.py for tasks to queue
[2022-12-26T09:47:22.542+0000] {logging_mixin.py:137} INFO - [2022-12-26T09:47:22.541+0000] {dagbag.py:538} INFO - Filling up the DagBag from /home/airflow/.local/lib/python3.7/site-packages/airflow/example_dags/example_latest_only_with_trigger.py
[2022-12-26T09:47:22.681+0000] {processor.py:753} INFO - DAG(s) dict_keys(['latest_only_with_trigger']) retrieved from /home/airflow/.local/lib/python3.7/site-packages/airflow/example_dags/example_latest_only_with_trigger.py
[2022-12-26T09:47:22.900+0000] {logging_mixin.py:137} INFO - [2022-12-26T09:47:22.900+0000] {dag.py:2676} INFO - Sync 1 DAGs
[2022-12-26T09:47:23.164+0000] {logging_mixin.py:137} INFO - [2022-12-26T09:47:23.164+0000] {dag.py:3427} INFO - Setting next_dagrun for latest_only_with_trigger to 2022-12-26T05:47:23.158823+00:00, run_after=2022-12-26T09:47:23.158823+00:00
[2022-12-26T09:47:23.318+0000] {processor.py:175} INFO - Processing /home/airflow/.local/lib/python3.7/site-packages/airflow/example_dags/example_latest_only_with_trigger.py took 0.885 seconds
[2022-12-26T09:48:10.367+0000] {processor.py:153} INFO - Started process (PID=266) to work on /home/airflow/.local/lib/python3.7/site-packages/airflow/example_dags/example_latest_only_with_trigger.py
[2022-12-26T09:48:10.915+0000] {processor.py:743} INFO - Processing file /home/airflow/.local/lib/python3.7/site-packages/airflow/example_dags/example_latest_only_with_trigger.py for tasks to queue
[2022-12-26T09:48:11.523+0000] {logging_mixin.py:137} INFO - [2022-12-26T09:48:11.520+0000] {dagbag.py:538} INFO - Filling up the DagBag from /home/airflow/.local/lib/python3.7/site-packages/airflow/example_dags/example_latest_only_with_trigger.py
[2022-12-26T09:48:11.648+0000] {processor.py:753} INFO - DAG(s) dict_keys(['latest_only_with_trigger']) retrieved from /home/airflow/.local/lib/python3.7/site-packages/airflow/example_dags/example_latest_only_with_trigger.py
[2022-12-26T09:48:11.747+0000] {logging_mixin.py:137} INFO - [2022-12-26T09:48:11.747+0000] {dag.py:2676} INFO - Sync 1 DAGs
[2022-12-26T09:48:11.788+0000] {logging_mixin.py:137} INFO - [2022-12-26T09:48:11.788+0000] {dag.py:3427} INFO - Setting next_dagrun for latest_only_with_trigger to 2022-12-26T05:48:11.787871+00:00, run_after=2022-12-26T09:48:11.787871+00:00
[2022-12-26T09:48:11.865+0000] {processor.py:175} INFO - Processing /home/airflow/.local/lib/python3.7/site-packages/airflow/example_dags/example_latest_only_with_trigger.py took 1.505 seconds
[2022-12-26T09:48:47.494+0000] {processor.py:153} INFO - Started process (PID=336) to work on /home/airflow/.local/lib/python3.7/site-packages/airflow/example_dags/example_latest_only_with_trigger.py
[2022-12-26T09:48:47.516+0000] {processor.py:743} INFO - Processing file /home/airflow/.local/lib/python3.7/site-packages/airflow/example_dags/example_latest_only_with_trigger.py for tasks to queue
[2022-12-26T09:48:47.518+0000] {logging_mixin.py:137} INFO - [2022-12-26T09:48:47.518+0000] {dagbag.py:538} INFO - Filling up the DagBag from /home/airflow/.local/lib/python3.7/site-packages/airflow/example_dags/example_latest_only_with_trigger.py
[2022-12-26T09:48:47.579+0000] {processor.py:753} INFO - DAG(s) dict_keys(['latest_only_with_trigger']) retrieved from /home/airflow/.local/lib/python3.7/site-packages/airflow/example_dags/example_latest_only_with_trigger.py
[2022-12-26T09:48:47.623+0000] {logging_mixin.py:137} INFO - [2022-12-26T09:48:47.622+0000] {dag.py:2676} INFO - Sync 1 DAGs
[2022-12-26T09:48:47.900+0000] {logging_mixin.py:137} INFO - [2022-12-26T09:48:47.900+0000] {dag.py:3427} INFO - Setting next_dagrun for latest_only_with_trigger to 2022-12-26T05:48:47.900017+00:00, run_after=2022-12-26T09:48:47.900017+00:00
[2022-12-26T09:48:48.005+0000] {processor.py:175} INFO - Processing /home/airflow/.local/lib/python3.7/site-packages/airflow/example_dags/example_latest_only_with_trigger.py took 0.518 seconds
[2022-12-26T09:59:52.936+0000] {processor.py:153} INFO - Started process (PID=59) to work on /home/airflow/.local/lib/python3.7/site-packages/airflow/example_dags/example_latest_only_with_trigger.py
[2022-12-26T09:59:52.958+0000] {processor.py:743} INFO - Processing file /home/airflow/.local/lib/python3.7/site-packages/airflow/example_dags/example_latest_only_with_trigger.py for tasks to queue
[2022-12-26T09:59:52.962+0000] {logging_mixin.py:137} INFO - [2022-12-26T09:59:52.962+0000] {dagbag.py:538} INFO - Filling up the DagBag from /home/airflow/.local/lib/python3.7/site-packages/airflow/example_dags/example_latest_only_with_trigger.py
[2022-12-26T09:59:53.044+0000] {processor.py:753} INFO - DAG(s) dict_keys(['latest_only_with_trigger']) retrieved from /home/airflow/.local/lib/python3.7/site-packages/airflow/example_dags/example_latest_only_with_trigger.py
[2022-12-26T09:59:53.202+0000] {logging_mixin.py:137} INFO - [2022-12-26T09:59:53.202+0000] {dag.py:2676} INFO - Sync 1 DAGs
[2022-12-26T09:59:53.298+0000] {logging_mixin.py:137} INFO - [2022-12-26T09:59:53.298+0000] {dag.py:3427} INFO - Setting next_dagrun for latest_only_with_trigger to 2022-12-26T05:59:53.298089+00:00, run_after=2022-12-26T09:59:53.298089+00:00
[2022-12-26T09:59:53.359+0000] {processor.py:175} INFO - Processing /home/airflow/.local/lib/python3.7/site-packages/airflow/example_dags/example_latest_only_with_trigger.py took 0.435 seconds
[2022-12-26T10:00:26.351+0000] {processor.py:153} INFO - Started process (PID=122) to work on /home/airflow/.local/lib/python3.7/site-packages/airflow/example_dags/example_latest_only_with_trigger.py
[2022-12-26T10:00:26.354+0000] {processor.py:743} INFO - Processing file /home/airflow/.local/lib/python3.7/site-packages/airflow/example_dags/example_latest_only_with_trigger.py for tasks to queue
[2022-12-26T10:00:26.356+0000] {logging_mixin.py:137} INFO - [2022-12-26T10:00:26.355+0000] {dagbag.py:538} INFO - Filling up the DagBag from /home/airflow/.local/lib/python3.7/site-packages/airflow/example_dags/example_latest_only_with_trigger.py
[2022-12-26T10:00:26.382+0000] {processor.py:753} INFO - DAG(s) dict_keys(['latest_only_with_trigger']) retrieved from /home/airflow/.local/lib/python3.7/site-packages/airflow/example_dags/example_latest_only_with_trigger.py
[2022-12-26T10:00:26.424+0000] {logging_mixin.py:137} INFO - [2022-12-26T10:00:26.424+0000] {dag.py:2676} INFO - Sync 1 DAGs
[2022-12-26T10:00:26.447+0000] {logging_mixin.py:137} INFO - [2022-12-26T10:00:26.447+0000] {dag.py:3427} INFO - Setting next_dagrun for latest_only_with_trigger to 2022-12-26T06:00:26.447591+00:00, run_after=2022-12-26T10:00:26.447591+00:00
[2022-12-26T10:00:26.468+0000] {processor.py:175} INFO - Processing /home/airflow/.local/lib/python3.7/site-packages/airflow/example_dags/example_latest_only_with_trigger.py took 0.120 seconds
[2022-12-26T10:00:56.578+0000] {processor.py:153} INFO - Started process (PID=185) to work on /home/airflow/.local/lib/python3.7/site-packages/airflow/example_dags/example_latest_only_with_trigger.py
[2022-12-26T10:00:56.579+0000] {processor.py:743} INFO - Processing file /home/airflow/.local/lib/python3.7/site-packages/airflow/example_dags/example_latest_only_with_trigger.py for tasks to queue
[2022-12-26T10:00:56.581+0000] {logging_mixin.py:137} INFO - [2022-12-26T10:00:56.581+0000] {dagbag.py:538} INFO - Filling up the DagBag from /home/airflow/.local/lib/python3.7/site-packages/airflow/example_dags/example_latest_only_with_trigger.py
[2022-12-26T10:00:56.597+0000] {processor.py:753} INFO - DAG(s) dict_keys(['latest_only_with_trigger']) retrieved from /home/airflow/.local/lib/python3.7/site-packages/airflow/example_dags/example_latest_only_with_trigger.py
[2022-12-26T10:00:56.622+0000] {logging_mixin.py:137} INFO - [2022-12-26T10:00:56.622+0000] {dag.py:2676} INFO - Sync 1 DAGs
[2022-12-26T10:00:56.638+0000] {logging_mixin.py:137} INFO - [2022-12-26T10:00:56.638+0000] {dag.py:3427} INFO - Setting next_dagrun for latest_only_with_trigger to 2022-12-26T06:00:56.638720+00:00, run_after=2022-12-26T10:00:56.638720+00:00
[2022-12-26T10:00:56.652+0000] {processor.py:175} INFO - Processing /home/airflow/.local/lib/python3.7/site-packages/airflow/example_dags/example_latest_only_with_trigger.py took 0.077 seconds
[2022-12-26T10:01:28.199+0000] {processor.py:153} INFO - Started process (PID=252) to work on /home/airflow/.local/lib/python3.7/site-packages/airflow/example_dags/example_latest_only_with_trigger.py
[2022-12-26T10:01:28.208+0000] {processor.py:743} INFO - Processing file /home/airflow/.local/lib/python3.7/site-packages/airflow/example_dags/example_latest_only_with_trigger.py for tasks to queue
[2022-12-26T10:01:28.212+0000] {logging_mixin.py:137} INFO - [2022-12-26T10:01:28.212+0000] {dagbag.py:538} INFO - Filling up the DagBag from /home/airflow/.local/lib/python3.7/site-packages/airflow/example_dags/example_latest_only_with_trigger.py
[2022-12-26T10:01:28.321+0000] {processor.py:753} INFO - DAG(s) dict_keys(['latest_only_with_trigger']) retrieved from /home/airflow/.local/lib/python3.7/site-packages/airflow/example_dags/example_latest_only_with_trigger.py
[2022-12-26T10:01:28.440+0000] {logging_mixin.py:137} INFO - [2022-12-26T10:01:28.440+0000] {dag.py:2676} INFO - Sync 1 DAGs
[2022-12-26T10:01:28.489+0000] {logging_mixin.py:137} INFO - [2022-12-26T10:01:28.489+0000] {dag.py:3427} INFO - Setting next_dagrun for latest_only_with_trigger to 2022-12-26T06:01:28.488891+00:00, run_after=2022-12-26T10:01:28.488891+00:00
[2022-12-26T10:01:28.588+0000] {processor.py:175} INFO - Processing /home/airflow/.local/lib/python3.7/site-packages/airflow/example_dags/example_latest_only_with_trigger.py took 0.399 seconds
[2022-12-26T10:02:00.651+0000] {processor.py:153} INFO - Started process (PID=315) to work on /home/airflow/.local/lib/python3.7/site-packages/airflow/example_dags/example_latest_only_with_trigger.py
[2022-12-26T10:02:00.655+0000] {processor.py:743} INFO - Processing file /home/airflow/.local/lib/python3.7/site-packages/airflow/example_dags/example_latest_only_with_trigger.py for tasks to queue
[2022-12-26T10:02:00.656+0000] {logging_mixin.py:137} INFO - [2022-12-26T10:02:00.656+0000] {dagbag.py:538} INFO - Filling up the DagBag from /home/airflow/.local/lib/python3.7/site-packages/airflow/example_dags/example_latest_only_with_trigger.py
[2022-12-26T10:02:00.674+0000] {processor.py:753} INFO - DAG(s) dict_keys(['latest_only_with_trigger']) retrieved from /home/airflow/.local/lib/python3.7/site-packages/airflow/example_dags/example_latest_only_with_trigger.py
[2022-12-26T10:02:00.719+0000] {logging_mixin.py:137} INFO - [2022-12-26T10:02:00.719+0000] {dag.py:2676} INFO - Sync 1 DAGs
[2022-12-26T10:02:00.747+0000] {logging_mixin.py:137} INFO - [2022-12-26T10:02:00.747+0000] {dag.py:3427} INFO - Setting next_dagrun for latest_only_with_trigger to 2022-12-26T06:02:00.747075+00:00, run_after=2022-12-26T10:02:00.747075+00:00
[2022-12-26T10:02:00.761+0000] {processor.py:175} INFO - Processing /home/airflow/.local/lib/python3.7/site-packages/airflow/example_dags/example_latest_only_with_trigger.py took 0.114 seconds
[2022-12-26T10:02:32.983+0000] {processor.py:153} INFO - Started process (PID=382) to work on /home/airflow/.local/lib/python3.7/site-packages/airflow/example_dags/example_latest_only_with_trigger.py
[2022-12-26T10:02:32.987+0000] {processor.py:743} INFO - Processing file /home/airflow/.local/lib/python3.7/site-packages/airflow/example_dags/example_latest_only_with_trigger.py for tasks to queue
[2022-12-26T10:02:32.989+0000] {logging_mixin.py:137} INFO - [2022-12-26T10:02:32.989+0000] {dagbag.py:538} INFO - Filling up the DagBag from /home/airflow/.local/lib/python3.7/site-packages/airflow/example_dags/example_latest_only_with_trigger.py
[2022-12-26T10:02:33.016+0000] {processor.py:753} INFO - DAG(s) dict_keys(['latest_only_with_trigger']) retrieved from /home/airflow/.local/lib/python3.7/site-packages/airflow/example_dags/example_latest_only_with_trigger.py
[2022-12-26T10:02:33.075+0000] {logging_mixin.py:137} INFO - [2022-12-26T10:02:33.074+0000] {dag.py:2676} INFO - Sync 1 DAGs
[2022-12-26T10:02:33.098+0000] {logging_mixin.py:137} INFO - [2022-12-26T10:02:33.098+0000] {dag.py:3427} INFO - Setting next_dagrun for latest_only_with_trigger to 2022-12-26T06:02:33.097961+00:00, run_after=2022-12-26T10:02:33.097961+00:00
[2022-12-26T10:02:33.117+0000] {processor.py:175} INFO - Processing /home/airflow/.local/lib/python3.7/site-packages/airflow/example_dags/example_latest_only_with_trigger.py took 0.138 seconds
[2022-12-26T10:03:04.307+0000] {processor.py:153} INFO - Started process (PID=454) to work on /home/airflow/.local/lib/python3.7/site-packages/airflow/example_dags/example_latest_only_with_trigger.py
[2022-12-26T10:03:04.310+0000] {processor.py:743} INFO - Processing file /home/airflow/.local/lib/python3.7/site-packages/airflow/example_dags/example_latest_only_with_trigger.py for tasks to queue
[2022-12-26T10:03:04.314+0000] {logging_mixin.py:137} INFO - [2022-12-26T10:03:04.313+0000] {dagbag.py:538} INFO - Filling up the DagBag from /home/airflow/.local/lib/python3.7/site-packages/airflow/example_dags/example_latest_only_with_trigger.py
[2022-12-26T10:03:04.345+0000] {processor.py:753} INFO - DAG(s) dict_keys(['latest_only_with_trigger']) retrieved from /home/airflow/.local/lib/python3.7/site-packages/airflow/example_dags/example_latest_only_with_trigger.py
[2022-12-26T10:03:04.454+0000] {logging_mixin.py:137} INFO - [2022-12-26T10:03:04.453+0000] {dag.py:2676} INFO - Sync 1 DAGs
[2022-12-26T10:03:04.490+0000] {logging_mixin.py:137} INFO - [2022-12-26T10:03:04.490+0000] {dag.py:3427} INFO - Setting next_dagrun for latest_only_with_trigger to 2022-12-26T06:03:04.489785+00:00, run_after=2022-12-26T10:03:04.489785+00:00
[2022-12-26T10:03:04.522+0000] {processor.py:175} INFO - Processing /home/airflow/.local/lib/python3.7/site-packages/airflow/example_dags/example_latest_only_with_trigger.py took 0.221 seconds
[2022-12-26T10:03:34.837+0000] {processor.py:153} INFO - Started process (PID=519) to work on /home/airflow/.local/lib/python3.7/site-packages/airflow/example_dags/example_latest_only_with_trigger.py
[2022-12-26T10:03:34.839+0000] {processor.py:743} INFO - Processing file /home/airflow/.local/lib/python3.7/site-packages/airflow/example_dags/example_latest_only_with_trigger.py for tasks to queue
[2022-12-26T10:03:34.845+0000] {logging_mixin.py:137} INFO - [2022-12-26T10:03:34.845+0000] {dagbag.py:538} INFO - Filling up the DagBag from /home/airflow/.local/lib/python3.7/site-packages/airflow/example_dags/example_latest_only_with_trigger.py
[2022-12-26T10:03:34.872+0000] {processor.py:753} INFO - DAG(s) dict_keys(['latest_only_with_trigger']) retrieved from /home/airflow/.local/lib/python3.7/site-packages/airflow/example_dags/example_latest_only_with_trigger.py
[2022-12-26T10:03:34.919+0000] {logging_mixin.py:137} INFO - [2022-12-26T10:03:34.918+0000] {dag.py:2676} INFO - Sync 1 DAGs
[2022-12-26T10:03:34.954+0000] {logging_mixin.py:137} INFO - [2022-12-26T10:03:34.954+0000] {dag.py:3427} INFO - Setting next_dagrun for latest_only_with_trigger to 2022-12-26T06:03:34.954215+00:00, run_after=2022-12-26T10:03:34.954215+00:00
[2022-12-26T10:03:34.976+0000] {processor.py:175} INFO - Processing /home/airflow/.local/lib/python3.7/site-packages/airflow/example_dags/example_latest_only_with_trigger.py took 0.144 seconds
[2022-12-26T10:04:17.971+0000] {processor.py:153} INFO - Started process (PID=593) to work on /home/airflow/.local/lib/python3.7/site-packages/airflow/example_dags/example_latest_only_with_trigger.py
[2022-12-26T10:04:17.980+0000] {processor.py:743} INFO - Processing file /home/airflow/.local/lib/python3.7/site-packages/airflow/example_dags/example_latest_only_with_trigger.py for tasks to queue
[2022-12-26T10:04:18.019+0000] {logging_mixin.py:137} INFO - [2022-12-26T10:04:18.019+0000] {dagbag.py:538} INFO - Filling up the DagBag from /home/airflow/.local/lib/python3.7/site-packages/airflow/example_dags/example_latest_only_with_trigger.py
[2022-12-26T10:04:18.486+0000] {processor.py:753} INFO - DAG(s) dict_keys(['latest_only_with_trigger']) retrieved from /home/airflow/.local/lib/python3.7/site-packages/airflow/example_dags/example_latest_only_with_trigger.py
[2022-12-26T10:04:22.919+0000] {logging_mixin.py:137} INFO - [2022-12-26T10:04:22.914+0000] {dag.py:2676} INFO - Sync 1 DAGs
[2022-12-26T10:04:23.025+0000] {logging_mixin.py:137} INFO - [2022-12-26T10:04:23.024+0000] {dag.py:3427} INFO - Setting next_dagrun for latest_only_with_trigger to 2022-12-26T06:04:23.024264+00:00, run_after=2022-12-26T10:04:23.024264+00:00
[2022-12-26T10:04:23.114+0000] {processor.py:175} INFO - Processing /home/airflow/.local/lib/python3.7/site-packages/airflow/example_dags/example_latest_only_with_trigger.py took 5.166 seconds
[2022-12-26T10:04:53.382+0000] {processor.py:153} INFO - Started process (PID=660) to work on /home/airflow/.local/lib/python3.7/site-packages/airflow/example_dags/example_latest_only_with_trigger.py
[2022-12-26T10:04:53.386+0000] {processor.py:743} INFO - Processing file /home/airflow/.local/lib/python3.7/site-packages/airflow/example_dags/example_latest_only_with_trigger.py for tasks to queue
[2022-12-26T10:04:53.390+0000] {logging_mixin.py:137} INFO - [2022-12-26T10:04:53.389+0000] {dagbag.py:538} INFO - Filling up the DagBag from /home/airflow/.local/lib/python3.7/site-packages/airflow/example_dags/example_latest_only_with_trigger.py
[2022-12-26T10:04:53.426+0000] {processor.py:753} INFO - DAG(s) dict_keys(['latest_only_with_trigger']) retrieved from /home/airflow/.local/lib/python3.7/site-packages/airflow/example_dags/example_latest_only_with_trigger.py
[2022-12-26T10:04:53.502+0000] {logging_mixin.py:137} INFO - [2022-12-26T10:04:53.502+0000] {dag.py:2676} INFO - Sync 1 DAGs
[2022-12-26T10:04:53.542+0000] {logging_mixin.py:137} INFO - [2022-12-26T10:04:53.542+0000] {dag.py:3427} INFO - Setting next_dagrun for latest_only_with_trigger to 2022-12-26T06:04:53.540060+00:00, run_after=2022-12-26T10:04:53.540060+00:00
[2022-12-26T10:04:53.575+0000] {processor.py:175} INFO - Processing /home/airflow/.local/lib/python3.7/site-packages/airflow/example_dags/example_latest_only_with_trigger.py took 0.201 seconds
[2022-12-26T10:05:23.714+0000] {processor.py:153} INFO - Started process (PID=732) to work on /home/airflow/.local/lib/python3.7/site-packages/airflow/example_dags/example_latest_only_with_trigger.py
[2022-12-26T10:05:23.718+0000] {processor.py:743} INFO - Processing file /home/airflow/.local/lib/python3.7/site-packages/airflow/example_dags/example_latest_only_with_trigger.py for tasks to queue
[2022-12-26T10:05:23.724+0000] {logging_mixin.py:137} INFO - [2022-12-26T10:05:23.724+0000] {dagbag.py:538} INFO - Filling up the DagBag from /home/airflow/.local/lib/python3.7/site-packages/airflow/example_dags/example_latest_only_with_trigger.py
[2022-12-26T10:05:23.765+0000] {processor.py:753} INFO - DAG(s) dict_keys(['latest_only_with_trigger']) retrieved from /home/airflow/.local/lib/python3.7/site-packages/airflow/example_dags/example_latest_only_with_trigger.py
[2022-12-26T10:05:23.856+0000] {logging_mixin.py:137} INFO - [2022-12-26T10:05:23.856+0000] {dag.py:2676} INFO - Sync 1 DAGs
[2022-12-26T10:05:23.914+0000] {logging_mixin.py:137} INFO - [2022-12-26T10:05:23.914+0000] {dag.py:3427} INFO - Setting next_dagrun for latest_only_with_trigger to 2022-12-26T06:05:23.909998+00:00, run_after=2022-12-26T10:05:23.909998+00:00
[2022-12-26T10:05:23.939+0000] {processor.py:175} INFO - Processing /home/airflow/.local/lib/python3.7/site-packages/airflow/example_dags/example_latest_only_with_trigger.py took 0.235 seconds
[2022-12-26T10:05:57.809+0000] {processor.py:153} INFO - Started process (PID=799) to work on /home/airflow/.local/lib/python3.7/site-packages/airflow/example_dags/example_latest_only_with_trigger.py
[2022-12-26T10:05:57.860+0000] {processor.py:743} INFO - Processing file /home/airflow/.local/lib/python3.7/site-packages/airflow/example_dags/example_latest_only_with_trigger.py for tasks to queue
[2022-12-26T10:05:57.874+0000] {logging_mixin.py:137} INFO - [2022-12-26T10:05:57.873+0000] {dagbag.py:538} INFO - Filling up the DagBag from /home/airflow/.local/lib/python3.7/site-packages/airflow/example_dags/example_latest_only_with_trigger.py
[2022-12-26T10:05:58.273+0000] {processor.py:753} INFO - DAG(s) dict_keys(['latest_only_with_trigger']) retrieved from /home/airflow/.local/lib/python3.7/site-packages/airflow/example_dags/example_latest_only_with_trigger.py
[2022-12-26T10:05:58.512+0000] {logging_mixin.py:137} INFO - [2022-12-26T10:05:58.511+0000] {dag.py:2676} INFO - Sync 1 DAGs
[2022-12-26T10:05:58.588+0000] {logging_mixin.py:137} INFO - [2022-12-26T10:05:58.588+0000] {dag.py:3427} INFO - Setting next_dagrun for latest_only_with_trigger to 2022-12-26T06:05:58.587151+00:00, run_after=2022-12-26T10:05:58.587151+00:00
[2022-12-26T10:05:58.647+0000] {processor.py:175} INFO - Processing /home/airflow/.local/lib/python3.7/site-packages/airflow/example_dags/example_latest_only_with_trigger.py took 0.931 seconds
