[2022-12-21T07:24:16.213+0000] {processor.py:153} INFO - Started process (PID=45) to work on /home/airflow/.local/lib/python3.7/site-packages/airflow/example_dags/example_time_delta_sensor_async.py
[2022-12-21T07:24:16.216+0000] {processor.py:743} INFO - Processing file /home/airflow/.local/lib/python3.7/site-packages/airflow/example_dags/example_time_delta_sensor_async.py for tasks to queue
[2022-12-21T07:24:16.218+0000] {logging_mixin.py:137} INFO - [2022-12-21T07:24:16.217+0000] {dagbag.py:538} INFO - Filling up the DagBag from /home/airflow/.local/lib/python3.7/site-packages/airflow/example_dags/example_time_delta_sensor_async.py
[2022-12-21T07:24:16.285+0000] {processor.py:753} INFO - DAG(s) dict_keys(['example_time_delta_sensor_async']) retrieved from /home/airflow/.local/lib/python3.7/site-packages/airflow/example_dags/example_time_delta_sensor_async.py
[2022-12-21T07:24:16.358+0000] {logging_mixin.py:137} INFO - [2022-12-21T07:24:16.358+0000] {dag.py:2676} INFO - Sync 1 DAGs
[2022-12-21T07:24:16.404+0000] {logging_mixin.py:137} INFO - [2022-12-21T07:24:16.403+0000] {dag.py:3427} INFO - Setting next_dagrun for example_time_delta_sensor_async to None, run_after=None
[2022-12-21T07:24:16.448+0000] {processor.py:175} INFO - Processing /home/airflow/.local/lib/python3.7/site-packages/airflow/example_dags/example_time_delta_sensor_async.py took 0.250 seconds
[2022-12-21T09:45:37.450+0000] {processor.py:153} INFO - Started process (PID=67) to work on /home/airflow/.local/lib/python3.7/site-packages/airflow/example_dags/example_time_delta_sensor_async.py
[2022-12-21T09:45:37.532+0000] {processor.py:743} INFO - Processing file /home/airflow/.local/lib/python3.7/site-packages/airflow/example_dags/example_time_delta_sensor_async.py for tasks to queue
[2022-12-21T09:45:37.666+0000] {logging_mixin.py:137} INFO - [2022-12-21T09:45:37.607+0000] {dagbag.py:538} INFO - Filling up the DagBag from /home/airflow/.local/lib/python3.7/site-packages/airflow/example_dags/example_time_delta_sensor_async.py
[2022-12-21T09:45:42.616+0000] {processor.py:753} INFO - DAG(s) dict_keys(['example_time_delta_sensor_async']) retrieved from /home/airflow/.local/lib/python3.7/site-packages/airflow/example_dags/example_time_delta_sensor_async.py
[2022-12-21T09:45:43.672+0000] {logging_mixin.py:137} INFO - [2022-12-21T09:45:43.672+0000] {dag.py:2676} INFO - Sync 1 DAGs
[2022-12-21T09:45:46.717+0000] {logging_mixin.py:137} INFO - [2022-12-21T09:45:46.716+0000] {dag.py:3427} INFO - Setting next_dagrun for example_time_delta_sensor_async to None, run_after=None
[2022-12-21T09:45:46.854+0000] {processor.py:175} INFO - Processing /home/airflow/.local/lib/python3.7/site-packages/airflow/example_dags/example_time_delta_sensor_async.py took 9.599 seconds
[2022-12-21T09:47:26.311+0000] {processor.py:153} INFO - Started process (PID=169) to work on /home/airflow/.local/lib/python3.7/site-packages/airflow/example_dags/example_time_delta_sensor_async.py
[2022-12-21T09:47:26.323+0000] {processor.py:743} INFO - Processing file /home/airflow/.local/lib/python3.7/site-packages/airflow/example_dags/example_time_delta_sensor_async.py for tasks to queue
[2022-12-21T09:47:26.327+0000] {logging_mixin.py:137} INFO - [2022-12-21T09:47:26.327+0000] {dagbag.py:538} INFO - Filling up the DagBag from /home/airflow/.local/lib/python3.7/site-packages/airflow/example_dags/example_time_delta_sensor_async.py
[2022-12-21T09:47:26.366+0000] {processor.py:753} INFO - DAG(s) dict_keys(['example_time_delta_sensor_async']) retrieved from /home/airflow/.local/lib/python3.7/site-packages/airflow/example_dags/example_time_delta_sensor_async.py
[2022-12-21T09:47:26.607+0000] {logging_mixin.py:137} INFO - [2022-12-21T09:47:26.607+0000] {dag.py:2676} INFO - Sync 1 DAGs
[2022-12-21T09:47:26.709+0000] {logging_mixin.py:137} INFO - [2022-12-21T09:47:26.708+0000] {dag.py:3427} INFO - Setting next_dagrun for example_time_delta_sensor_async to None, run_after=None
[2022-12-21T09:47:26.744+0000] {processor.py:175} INFO - Processing /home/airflow/.local/lib/python3.7/site-packages/airflow/example_dags/example_time_delta_sensor_async.py took 0.443 seconds
[2022-12-21T09:47:57.794+0000] {processor.py:153} INFO - Started process (PID=244) to work on /home/airflow/.local/lib/python3.7/site-packages/airflow/example_dags/example_time_delta_sensor_async.py
[2022-12-21T09:47:57.799+0000] {processor.py:743} INFO - Processing file /home/airflow/.local/lib/python3.7/site-packages/airflow/example_dags/example_time_delta_sensor_async.py for tasks to queue
[2022-12-21T09:47:57.801+0000] {logging_mixin.py:137} INFO - [2022-12-21T09:47:57.801+0000] {dagbag.py:538} INFO - Filling up the DagBag from /home/airflow/.local/lib/python3.7/site-packages/airflow/example_dags/example_time_delta_sensor_async.py
[2022-12-21T09:47:57.829+0000] {processor.py:753} INFO - DAG(s) dict_keys(['example_time_delta_sensor_async']) retrieved from /home/airflow/.local/lib/python3.7/site-packages/airflow/example_dags/example_time_delta_sensor_async.py
[2022-12-21T09:47:57.884+0000] {logging_mixin.py:137} INFO - [2022-12-21T09:47:57.883+0000] {dag.py:2676} INFO - Sync 1 DAGs
[2022-12-21T09:47:57.928+0000] {logging_mixin.py:137} INFO - [2022-12-21T09:47:57.928+0000] {dag.py:3427} INFO - Setting next_dagrun for example_time_delta_sensor_async to None, run_after=None
[2022-12-21T09:47:57.957+0000] {processor.py:175} INFO - Processing /home/airflow/.local/lib/python3.7/site-packages/airflow/example_dags/example_time_delta_sensor_async.py took 0.166 seconds
[2022-12-21T09:48:28.354+0000] {processor.py:153} INFO - Started process (PID=307) to work on /home/airflow/.local/lib/python3.7/site-packages/airflow/example_dags/example_time_delta_sensor_async.py
[2022-12-21T09:48:28.357+0000] {processor.py:743} INFO - Processing file /home/airflow/.local/lib/python3.7/site-packages/airflow/example_dags/example_time_delta_sensor_async.py for tasks to queue
[2022-12-21T09:48:28.358+0000] {logging_mixin.py:137} INFO - [2022-12-21T09:48:28.358+0000] {dagbag.py:538} INFO - Filling up the DagBag from /home/airflow/.local/lib/python3.7/site-packages/airflow/example_dags/example_time_delta_sensor_async.py
[2022-12-21T09:48:28.369+0000] {processor.py:753} INFO - DAG(s) dict_keys(['example_time_delta_sensor_async']) retrieved from /home/airflow/.local/lib/python3.7/site-packages/airflow/example_dags/example_time_delta_sensor_async.py
[2022-12-21T09:48:28.392+0000] {logging_mixin.py:137} INFO - [2022-12-21T09:48:28.392+0000] {dag.py:2676} INFO - Sync 1 DAGs
[2022-12-21T09:48:28.408+0000] {logging_mixin.py:137} INFO - [2022-12-21T09:48:28.408+0000] {dag.py:3427} INFO - Setting next_dagrun for example_time_delta_sensor_async to None, run_after=None
[2022-12-21T09:48:28.423+0000] {processor.py:175} INFO - Processing /home/airflow/.local/lib/python3.7/site-packages/airflow/example_dags/example_time_delta_sensor_async.py took 0.071 seconds
[2022-12-21T09:48:59.788+0000] {processor.py:153} INFO - Started process (PID=382) to work on /home/airflow/.local/lib/python3.7/site-packages/airflow/example_dags/example_time_delta_sensor_async.py
[2022-12-21T09:48:59.796+0000] {processor.py:743} INFO - Processing file /home/airflow/.local/lib/python3.7/site-packages/airflow/example_dags/example_time_delta_sensor_async.py for tasks to queue
[2022-12-21T09:48:59.798+0000] {logging_mixin.py:137} INFO - [2022-12-21T09:48:59.798+0000] {dagbag.py:538} INFO - Filling up the DagBag from /home/airflow/.local/lib/python3.7/site-packages/airflow/example_dags/example_time_delta_sensor_async.py
[2022-12-21T09:48:59.812+0000] {processor.py:753} INFO - DAG(s) dict_keys(['example_time_delta_sensor_async']) retrieved from /home/airflow/.local/lib/python3.7/site-packages/airflow/example_dags/example_time_delta_sensor_async.py
[2022-12-21T09:48:59.858+0000] {logging_mixin.py:137} INFO - [2022-12-21T09:48:59.857+0000] {dag.py:2676} INFO - Sync 1 DAGs
[2022-12-21T09:48:59.923+0000] {logging_mixin.py:137} INFO - [2022-12-21T09:48:59.920+0000] {dag.py:3427} INFO - Setting next_dagrun for example_time_delta_sensor_async to None, run_after=None
[2022-12-21T09:48:59.998+0000] {processor.py:175} INFO - Processing /home/airflow/.local/lib/python3.7/site-packages/airflow/example_dags/example_time_delta_sensor_async.py took 0.213 seconds
[2022-12-21T09:49:30.391+0000] {processor.py:153} INFO - Started process (PID=445) to work on /home/airflow/.local/lib/python3.7/site-packages/airflow/example_dags/example_time_delta_sensor_async.py
[2022-12-21T09:49:30.399+0000] {processor.py:743} INFO - Processing file /home/airflow/.local/lib/python3.7/site-packages/airflow/example_dags/example_time_delta_sensor_async.py for tasks to queue
[2022-12-21T09:49:30.403+0000] {logging_mixin.py:137} INFO - [2022-12-21T09:49:30.403+0000] {dagbag.py:538} INFO - Filling up the DagBag from /home/airflow/.local/lib/python3.7/site-packages/airflow/example_dags/example_time_delta_sensor_async.py
[2022-12-21T09:49:30.423+0000] {processor.py:753} INFO - DAG(s) dict_keys(['example_time_delta_sensor_async']) retrieved from /home/airflow/.local/lib/python3.7/site-packages/airflow/example_dags/example_time_delta_sensor_async.py
[2022-12-21T09:49:30.474+0000] {logging_mixin.py:137} INFO - [2022-12-21T09:49:30.473+0000] {dag.py:2676} INFO - Sync 1 DAGs
[2022-12-21T09:49:30.507+0000] {logging_mixin.py:137} INFO - [2022-12-21T09:49:30.507+0000] {dag.py:3427} INFO - Setting next_dagrun for example_time_delta_sensor_async to None, run_after=None
[2022-12-21T09:49:30.532+0000] {processor.py:175} INFO - Processing /home/airflow/.local/lib/python3.7/site-packages/airflow/example_dags/example_time_delta_sensor_async.py took 0.145 seconds
[2022-12-21T09:50:00.668+0000] {processor.py:153} INFO - Started process (PID=508) to work on /home/airflow/.local/lib/python3.7/site-packages/airflow/example_dags/example_time_delta_sensor_async.py
[2022-12-21T09:50:00.670+0000] {processor.py:743} INFO - Processing file /home/airflow/.local/lib/python3.7/site-packages/airflow/example_dags/example_time_delta_sensor_async.py for tasks to queue
[2022-12-21T09:50:00.671+0000] {logging_mixin.py:137} INFO - [2022-12-21T09:50:00.671+0000] {dagbag.py:538} INFO - Filling up the DagBag from /home/airflow/.local/lib/python3.7/site-packages/airflow/example_dags/example_time_delta_sensor_async.py
[2022-12-21T09:50:00.683+0000] {processor.py:753} INFO - DAG(s) dict_keys(['example_time_delta_sensor_async']) retrieved from /home/airflow/.local/lib/python3.7/site-packages/airflow/example_dags/example_time_delta_sensor_async.py
[2022-12-21T09:50:00.719+0000] {logging_mixin.py:137} INFO - [2022-12-21T09:50:00.719+0000] {dag.py:2676} INFO - Sync 1 DAGs
[2022-12-21T09:50:00.748+0000] {logging_mixin.py:137} INFO - [2022-12-21T09:50:00.748+0000] {dag.py:3427} INFO - Setting next_dagrun for example_time_delta_sensor_async to None, run_after=None
[2022-12-21T09:50:00.766+0000] {processor.py:175} INFO - Processing /home/airflow/.local/lib/python3.7/site-packages/airflow/example_dags/example_time_delta_sensor_async.py took 0.101 seconds
[2022-12-21T09:50:31.689+0000] {processor.py:153} INFO - Started process (PID=584) to work on /home/airflow/.local/lib/python3.7/site-packages/airflow/example_dags/example_time_delta_sensor_async.py
[2022-12-21T09:50:31.691+0000] {processor.py:743} INFO - Processing file /home/airflow/.local/lib/python3.7/site-packages/airflow/example_dags/example_time_delta_sensor_async.py for tasks to queue
[2022-12-21T09:50:31.693+0000] {logging_mixin.py:137} INFO - [2022-12-21T09:50:31.693+0000] {dagbag.py:538} INFO - Filling up the DagBag from /home/airflow/.local/lib/python3.7/site-packages/airflow/example_dags/example_time_delta_sensor_async.py
[2022-12-21T09:50:31.719+0000] {processor.py:753} INFO - DAG(s) dict_keys(['example_time_delta_sensor_async']) retrieved from /home/airflow/.local/lib/python3.7/site-packages/airflow/example_dags/example_time_delta_sensor_async.py
[2022-12-21T09:50:31.753+0000] {logging_mixin.py:137} INFO - [2022-12-21T09:50:31.753+0000] {dag.py:2676} INFO - Sync 1 DAGs
[2022-12-21T09:50:31.778+0000] {logging_mixin.py:137} INFO - [2022-12-21T09:50:31.777+0000] {dag.py:3427} INFO - Setting next_dagrun for example_time_delta_sensor_async to None, run_after=None
[2022-12-21T09:50:31.806+0000] {processor.py:175} INFO - Processing /home/airflow/.local/lib/python3.7/site-packages/airflow/example_dags/example_time_delta_sensor_async.py took 0.120 seconds
[2022-12-21T09:51:02.381+0000] {processor.py:153} INFO - Started process (PID=647) to work on /home/airflow/.local/lib/python3.7/site-packages/airflow/example_dags/example_time_delta_sensor_async.py
[2022-12-21T09:51:02.383+0000] {processor.py:743} INFO - Processing file /home/airflow/.local/lib/python3.7/site-packages/airflow/example_dags/example_time_delta_sensor_async.py for tasks to queue
[2022-12-21T09:51:02.384+0000] {logging_mixin.py:137} INFO - [2022-12-21T09:51:02.384+0000] {dagbag.py:538} INFO - Filling up the DagBag from /home/airflow/.local/lib/python3.7/site-packages/airflow/example_dags/example_time_delta_sensor_async.py
[2022-12-21T09:51:02.395+0000] {processor.py:753} INFO - DAG(s) dict_keys(['example_time_delta_sensor_async']) retrieved from /home/airflow/.local/lib/python3.7/site-packages/airflow/example_dags/example_time_delta_sensor_async.py
[2022-12-21T09:51:02.425+0000] {logging_mixin.py:137} INFO - [2022-12-21T09:51:02.425+0000] {dag.py:2676} INFO - Sync 1 DAGs
[2022-12-21T09:51:02.448+0000] {logging_mixin.py:137} INFO - [2022-12-21T09:51:02.448+0000] {dag.py:3427} INFO - Setting next_dagrun for example_time_delta_sensor_async to None, run_after=None
[2022-12-21T09:51:02.462+0000] {processor.py:175} INFO - Processing /home/airflow/.local/lib/python3.7/site-packages/airflow/example_dags/example_time_delta_sensor_async.py took 0.084 seconds
[2022-12-21T09:51:32.774+0000] {processor.py:153} INFO - Started process (PID=722) to work on /home/airflow/.local/lib/python3.7/site-packages/airflow/example_dags/example_time_delta_sensor_async.py
[2022-12-21T09:51:32.779+0000] {processor.py:743} INFO - Processing file /home/airflow/.local/lib/python3.7/site-packages/airflow/example_dags/example_time_delta_sensor_async.py for tasks to queue
[2022-12-21T09:51:32.782+0000] {logging_mixin.py:137} INFO - [2022-12-21T09:51:32.782+0000] {dagbag.py:538} INFO - Filling up the DagBag from /home/airflow/.local/lib/python3.7/site-packages/airflow/example_dags/example_time_delta_sensor_async.py
[2022-12-21T09:51:32.803+0000] {processor.py:753} INFO - DAG(s) dict_keys(['example_time_delta_sensor_async']) retrieved from /home/airflow/.local/lib/python3.7/site-packages/airflow/example_dags/example_time_delta_sensor_async.py
[2022-12-21T09:51:32.838+0000] {logging_mixin.py:137} INFO - [2022-12-21T09:51:32.837+0000] {dag.py:2676} INFO - Sync 1 DAGs
[2022-12-21T09:51:32.864+0000] {logging_mixin.py:137} INFO - [2022-12-21T09:51:32.864+0000] {dag.py:3427} INFO - Setting next_dagrun for example_time_delta_sensor_async to None, run_after=None
[2022-12-21T09:51:32.879+0000] {processor.py:175} INFO - Processing /home/airflow/.local/lib/python3.7/site-packages/airflow/example_dags/example_time_delta_sensor_async.py took 0.109 seconds
[2022-12-21T09:52:04.716+0000] {processor.py:153} INFO - Started process (PID=785) to work on /home/airflow/.local/lib/python3.7/site-packages/airflow/example_dags/example_time_delta_sensor_async.py
[2022-12-21T09:52:04.723+0000] {processor.py:743} INFO - Processing file /home/airflow/.local/lib/python3.7/site-packages/airflow/example_dags/example_time_delta_sensor_async.py for tasks to queue
[2022-12-21T09:52:04.725+0000] {logging_mixin.py:137} INFO - [2022-12-21T09:52:04.725+0000] {dagbag.py:538} INFO - Filling up the DagBag from /home/airflow/.local/lib/python3.7/site-packages/airflow/example_dags/example_time_delta_sensor_async.py
[2022-12-21T09:52:04.736+0000] {processor.py:753} INFO - DAG(s) dict_keys(['example_time_delta_sensor_async']) retrieved from /home/airflow/.local/lib/python3.7/site-packages/airflow/example_dags/example_time_delta_sensor_async.py
[2022-12-21T09:52:04.778+0000] {logging_mixin.py:137} INFO - [2022-12-21T09:52:04.777+0000] {dag.py:2676} INFO - Sync 1 DAGs
[2022-12-21T09:52:04.811+0000] {logging_mixin.py:137} INFO - [2022-12-21T09:52:04.811+0000] {dag.py:3427} INFO - Setting next_dagrun for example_time_delta_sensor_async to None, run_after=None
[2022-12-21T09:52:04.896+0000] {processor.py:175} INFO - Processing /home/airflow/.local/lib/python3.7/site-packages/airflow/example_dags/example_time_delta_sensor_async.py took 0.184 seconds
[2022-12-21T10:25:47.987+0000] {processor.py:153} INFO - Started process (PID=834) to work on /home/airflow/.local/lib/python3.7/site-packages/airflow/example_dags/example_time_delta_sensor_async.py
[2022-12-21T10:25:47.993+0000] {processor.py:743} INFO - Processing file /home/airflow/.local/lib/python3.7/site-packages/airflow/example_dags/example_time_delta_sensor_async.py for tasks to queue
[2022-12-21T10:25:48.000+0000] {logging_mixin.py:137} INFO - [2022-12-21T10:25:48.000+0000] {dagbag.py:538} INFO - Filling up the DagBag from /home/airflow/.local/lib/python3.7/site-packages/airflow/example_dags/example_time_delta_sensor_async.py
[2022-12-21T10:25:48.044+0000] {processor.py:753} INFO - DAG(s) dict_keys(['example_time_delta_sensor_async']) retrieved from /home/airflow/.local/lib/python3.7/site-packages/airflow/example_dags/example_time_delta_sensor_async.py
[2022-12-21T10:25:48.173+0000] {logging_mixin.py:137} INFO - [2022-12-21T10:25:48.172+0000] {dag.py:2676} INFO - Sync 1 DAGs
[2022-12-21T10:25:48.207+0000] {logging_mixin.py:137} INFO - [2022-12-21T10:25:48.207+0000] {dag.py:3427} INFO - Setting next_dagrun for example_time_delta_sensor_async to None, run_after=None
[2022-12-21T10:25:48.263+0000] {processor.py:175} INFO - Processing /home/airflow/.local/lib/python3.7/site-packages/airflow/example_dags/example_time_delta_sensor_async.py took 0.280 seconds
[2022-12-21T11:01:02.444+0000] {processor.py:153} INFO - Started process (PID=896) to work on /home/airflow/.local/lib/python3.7/site-packages/airflow/example_dags/example_time_delta_sensor_async.py
[2022-12-21T11:01:02.446+0000] {processor.py:743} INFO - Processing file /home/airflow/.local/lib/python3.7/site-packages/airflow/example_dags/example_time_delta_sensor_async.py for tasks to queue
[2022-12-21T11:01:02.447+0000] {logging_mixin.py:137} INFO - [2022-12-21T11:01:02.447+0000] {dagbag.py:538} INFO - Filling up the DagBag from /home/airflow/.local/lib/python3.7/site-packages/airflow/example_dags/example_time_delta_sensor_async.py
[2022-12-21T11:01:02.460+0000] {processor.py:753} INFO - DAG(s) dict_keys(['example_time_delta_sensor_async']) retrieved from /home/airflow/.local/lib/python3.7/site-packages/airflow/example_dags/example_time_delta_sensor_async.py
[2022-12-21T11:01:02.498+0000] {logging_mixin.py:137} INFO - [2022-12-21T11:01:02.498+0000] {dag.py:2676} INFO - Sync 1 DAGs
[2022-12-21T11:01:02.522+0000] {logging_mixin.py:137} INFO - [2022-12-21T11:01:02.522+0000] {dag.py:3427} INFO - Setting next_dagrun for example_time_delta_sensor_async to None, run_after=None
[2022-12-21T11:01:02.553+0000] {processor.py:175} INFO - Processing /home/airflow/.local/lib/python3.7/site-packages/airflow/example_dags/example_time_delta_sensor_async.py took 0.112 seconds
[2022-12-21T11:01:39.465+0000] {processor.py:153} INFO - Started process (PID=949) to work on /home/airflow/.local/lib/python3.7/site-packages/airflow/example_dags/example_time_delta_sensor_async.py
[2022-12-21T11:01:39.469+0000] {processor.py:743} INFO - Processing file /home/airflow/.local/lib/python3.7/site-packages/airflow/example_dags/example_time_delta_sensor_async.py for tasks to queue
[2022-12-21T11:01:39.474+0000] {logging_mixin.py:137} INFO - [2022-12-21T11:01:39.473+0000] {dagbag.py:538} INFO - Filling up the DagBag from /home/airflow/.local/lib/python3.7/site-packages/airflow/example_dags/example_time_delta_sensor_async.py
[2022-12-21T11:01:39.496+0000] {processor.py:753} INFO - DAG(s) dict_keys(['example_time_delta_sensor_async']) retrieved from /home/airflow/.local/lib/python3.7/site-packages/airflow/example_dags/example_time_delta_sensor_async.py
[2022-12-21T11:01:39.575+0000] {logging_mixin.py:137} INFO - [2022-12-21T11:01:39.575+0000] {dag.py:2676} INFO - Sync 1 DAGs
[2022-12-21T11:01:39.620+0000] {logging_mixin.py:137} INFO - [2022-12-21T11:01:39.620+0000] {dag.py:3427} INFO - Setting next_dagrun for example_time_delta_sensor_async to None, run_after=None
[2022-12-21T11:01:39.663+0000] {processor.py:175} INFO - Processing /home/airflow/.local/lib/python3.7/site-packages/airflow/example_dags/example_time_delta_sensor_async.py took 0.205 seconds
[2022-12-21T11:02:15.050+0000] {processor.py:153} INFO - Started process (PID=1011) to work on /home/airflow/.local/lib/python3.7/site-packages/airflow/example_dags/example_time_delta_sensor_async.py
[2022-12-21T11:02:15.055+0000] {processor.py:743} INFO - Processing file /home/airflow/.local/lib/python3.7/site-packages/airflow/example_dags/example_time_delta_sensor_async.py for tasks to queue
[2022-12-21T11:02:15.058+0000] {logging_mixin.py:137} INFO - [2022-12-21T11:02:15.057+0000] {dagbag.py:538} INFO - Filling up the DagBag from /home/airflow/.local/lib/python3.7/site-packages/airflow/example_dags/example_time_delta_sensor_async.py
[2022-12-21T11:02:15.097+0000] {processor.py:753} INFO - DAG(s) dict_keys(['example_time_delta_sensor_async']) retrieved from /home/airflow/.local/lib/python3.7/site-packages/airflow/example_dags/example_time_delta_sensor_async.py
[2022-12-21T11:02:15.231+0000] {logging_mixin.py:137} INFO - [2022-12-21T11:02:15.231+0000] {dag.py:2676} INFO - Sync 1 DAGs
[2022-12-21T11:02:15.309+0000] {logging_mixin.py:137} INFO - [2022-12-21T11:02:15.309+0000] {dag.py:3427} INFO - Setting next_dagrun for example_time_delta_sensor_async to None, run_after=None
[2022-12-21T11:02:15.386+0000] {processor.py:175} INFO - Processing /home/airflow/.local/lib/python3.7/site-packages/airflow/example_dags/example_time_delta_sensor_async.py took 0.360 seconds
[2022-12-21T11:03:02.846+0000] {processor.py:153} INFO - Started process (PID=1092) to work on /home/airflow/.local/lib/python3.7/site-packages/airflow/example_dags/example_time_delta_sensor_async.py
[2022-12-21T11:03:02.851+0000] {processor.py:743} INFO - Processing file /home/airflow/.local/lib/python3.7/site-packages/airflow/example_dags/example_time_delta_sensor_async.py for tasks to queue
[2022-12-21T11:03:02.857+0000] {logging_mixin.py:137} INFO - [2022-12-21T11:03:02.857+0000] {dagbag.py:538} INFO - Filling up the DagBag from /home/airflow/.local/lib/python3.7/site-packages/airflow/example_dags/example_time_delta_sensor_async.py
[2022-12-21T11:03:02.947+0000] {processor.py:753} INFO - DAG(s) dict_keys(['example_time_delta_sensor_async']) retrieved from /home/airflow/.local/lib/python3.7/site-packages/airflow/example_dags/example_time_delta_sensor_async.py
[2022-12-21T11:03:03.087+0000] {logging_mixin.py:137} INFO - [2022-12-21T11:03:03.087+0000] {dag.py:2676} INFO - Sync 1 DAGs
[2022-12-21T11:03:03.144+0000] {logging_mixin.py:137} INFO - [2022-12-21T11:03:03.143+0000] {dag.py:3427} INFO - Setting next_dagrun for example_time_delta_sensor_async to None, run_after=None
[2022-12-21T11:03:03.273+0000] {processor.py:175} INFO - Processing /home/airflow/.local/lib/python3.7/site-packages/airflow/example_dags/example_time_delta_sensor_async.py took 0.473 seconds
[2022-12-21T11:03:33.929+0000] {processor.py:153} INFO - Started process (PID=1150) to work on /home/airflow/.local/lib/python3.7/site-packages/airflow/example_dags/example_time_delta_sensor_async.py
[2022-12-21T11:03:33.931+0000] {processor.py:743} INFO - Processing file /home/airflow/.local/lib/python3.7/site-packages/airflow/example_dags/example_time_delta_sensor_async.py for tasks to queue
[2022-12-21T11:03:33.933+0000] {logging_mixin.py:137} INFO - [2022-12-21T11:03:33.933+0000] {dagbag.py:538} INFO - Filling up the DagBag from /home/airflow/.local/lib/python3.7/site-packages/airflow/example_dags/example_time_delta_sensor_async.py
[2022-12-21T11:03:33.954+0000] {processor.py:753} INFO - DAG(s) dict_keys(['example_time_delta_sensor_async']) retrieved from /home/airflow/.local/lib/python3.7/site-packages/airflow/example_dags/example_time_delta_sensor_async.py
[2022-12-21T11:03:34.003+0000] {logging_mixin.py:137} INFO - [2022-12-21T11:03:34.002+0000] {dag.py:2676} INFO - Sync 1 DAGs
[2022-12-21T11:03:34.034+0000] {logging_mixin.py:137} INFO - [2022-12-21T11:03:34.034+0000] {dag.py:3427} INFO - Setting next_dagrun for example_time_delta_sensor_async to None, run_after=None
[2022-12-21T11:03:34.054+0000] {processor.py:175} INFO - Processing /home/airflow/.local/lib/python3.7/site-packages/airflow/example_dags/example_time_delta_sensor_async.py took 0.133 seconds
[2022-12-21T11:04:04.575+0000] {processor.py:153} INFO - Started process (PID=1213) to work on /home/airflow/.local/lib/python3.7/site-packages/airflow/example_dags/example_time_delta_sensor_async.py
[2022-12-21T11:04:04.584+0000] {processor.py:743} INFO - Processing file /home/airflow/.local/lib/python3.7/site-packages/airflow/example_dags/example_time_delta_sensor_async.py for tasks to queue
[2022-12-21T11:04:04.587+0000] {logging_mixin.py:137} INFO - [2022-12-21T11:04:04.586+0000] {dagbag.py:538} INFO - Filling up the DagBag from /home/airflow/.local/lib/python3.7/site-packages/airflow/example_dags/example_time_delta_sensor_async.py
[2022-12-21T11:04:04.615+0000] {processor.py:753} INFO - DAG(s) dict_keys(['example_time_delta_sensor_async']) retrieved from /home/airflow/.local/lib/python3.7/site-packages/airflow/example_dags/example_time_delta_sensor_async.py
[2022-12-21T11:04:04.667+0000] {logging_mixin.py:137} INFO - [2022-12-21T11:04:04.667+0000] {dag.py:2676} INFO - Sync 1 DAGs
[2022-12-21T11:04:04.706+0000] {logging_mixin.py:137} INFO - [2022-12-21T11:04:04.706+0000] {dag.py:3427} INFO - Setting next_dagrun for example_time_delta_sensor_async to None, run_after=None
[2022-12-21T11:04:04.733+0000] {processor.py:175} INFO - Processing /home/airflow/.local/lib/python3.7/site-packages/airflow/example_dags/example_time_delta_sensor_async.py took 0.167 seconds
[2022-12-21T11:04:34.925+0000] {processor.py:153} INFO - Started process (PID=1275) to work on /home/airflow/.local/lib/python3.7/site-packages/airflow/example_dags/example_time_delta_sensor_async.py
[2022-12-21T11:04:34.930+0000] {processor.py:743} INFO - Processing file /home/airflow/.local/lib/python3.7/site-packages/airflow/example_dags/example_time_delta_sensor_async.py for tasks to queue
[2022-12-21T11:04:34.931+0000] {logging_mixin.py:137} INFO - [2022-12-21T11:04:34.931+0000] {dagbag.py:538} INFO - Filling up the DagBag from /home/airflow/.local/lib/python3.7/site-packages/airflow/example_dags/example_time_delta_sensor_async.py
[2022-12-21T11:04:34.940+0000] {processor.py:753} INFO - DAG(s) dict_keys(['example_time_delta_sensor_async']) retrieved from /home/airflow/.local/lib/python3.7/site-packages/airflow/example_dags/example_time_delta_sensor_async.py
[2022-12-21T11:04:34.964+0000] {logging_mixin.py:137} INFO - [2022-12-21T11:04:34.964+0000] {dag.py:2676} INFO - Sync 1 DAGs
[2022-12-21T11:04:34.980+0000] {logging_mixin.py:137} INFO - [2022-12-21T11:04:34.980+0000] {dag.py:3427} INFO - Setting next_dagrun for example_time_delta_sensor_async to None, run_after=None
[2022-12-21T11:04:34.991+0000] {processor.py:175} INFO - Processing /home/airflow/.local/lib/python3.7/site-packages/airflow/example_dags/example_time_delta_sensor_async.py took 0.068 seconds
[2022-12-21T11:05:06.388+0000] {processor.py:153} INFO - Started process (PID=1336) to work on /home/airflow/.local/lib/python3.7/site-packages/airflow/example_dags/example_time_delta_sensor_async.py
[2022-12-21T11:05:06.391+0000] {processor.py:743} INFO - Processing file /home/airflow/.local/lib/python3.7/site-packages/airflow/example_dags/example_time_delta_sensor_async.py for tasks to queue
[2022-12-21T11:05:06.395+0000] {logging_mixin.py:137} INFO - [2022-12-21T11:05:06.395+0000] {dagbag.py:538} INFO - Filling up the DagBag from /home/airflow/.local/lib/python3.7/site-packages/airflow/example_dags/example_time_delta_sensor_async.py
[2022-12-21T11:05:06.411+0000] {processor.py:753} INFO - DAG(s) dict_keys(['example_time_delta_sensor_async']) retrieved from /home/airflow/.local/lib/python3.7/site-packages/airflow/example_dags/example_time_delta_sensor_async.py
[2022-12-21T11:05:06.451+0000] {logging_mixin.py:137} INFO - [2022-12-21T11:05:06.450+0000] {dag.py:2676} INFO - Sync 1 DAGs
[2022-12-21T11:05:06.482+0000] {logging_mixin.py:137} INFO - [2022-12-21T11:05:06.482+0000] {dag.py:3427} INFO - Setting next_dagrun for example_time_delta_sensor_async to None, run_after=None
[2022-12-21T11:05:06.496+0000] {processor.py:175} INFO - Processing /home/airflow/.local/lib/python3.7/site-packages/airflow/example_dags/example_time_delta_sensor_async.py took 0.112 seconds
[2022-12-21T11:05:36.726+0000] {processor.py:153} INFO - Started process (PID=1411) to work on /home/airflow/.local/lib/python3.7/site-packages/airflow/example_dags/example_time_delta_sensor_async.py
[2022-12-21T11:05:36.729+0000] {processor.py:743} INFO - Processing file /home/airflow/.local/lib/python3.7/site-packages/airflow/example_dags/example_time_delta_sensor_async.py for tasks to queue
[2022-12-21T11:05:36.730+0000] {logging_mixin.py:137} INFO - [2022-12-21T11:05:36.730+0000] {dagbag.py:538} INFO - Filling up the DagBag from /home/airflow/.local/lib/python3.7/site-packages/airflow/example_dags/example_time_delta_sensor_async.py
[2022-12-21T11:05:36.751+0000] {processor.py:753} INFO - DAG(s) dict_keys(['example_time_delta_sensor_async']) retrieved from /home/airflow/.local/lib/python3.7/site-packages/airflow/example_dags/example_time_delta_sensor_async.py
[2022-12-21T11:05:36.809+0000] {logging_mixin.py:137} INFO - [2022-12-21T11:05:36.809+0000] {dag.py:2676} INFO - Sync 1 DAGs
[2022-12-21T11:05:36.855+0000] {logging_mixin.py:137} INFO - [2022-12-21T11:05:36.855+0000] {dag.py:3427} INFO - Setting next_dagrun for example_time_delta_sensor_async to None, run_after=None
[2022-12-21T11:05:36.899+0000] {processor.py:175} INFO - Processing /home/airflow/.local/lib/python3.7/site-packages/airflow/example_dags/example_time_delta_sensor_async.py took 0.176 seconds
[2022-12-21T11:06:08.681+0000] {processor.py:153} INFO - Started process (PID=1474) to work on /home/airflow/.local/lib/python3.7/site-packages/airflow/example_dags/example_time_delta_sensor_async.py
[2022-12-21T11:06:08.684+0000] {processor.py:743} INFO - Processing file /home/airflow/.local/lib/python3.7/site-packages/airflow/example_dags/example_time_delta_sensor_async.py for tasks to queue
[2022-12-21T11:06:08.687+0000] {logging_mixin.py:137} INFO - [2022-12-21T11:06:08.687+0000] {dagbag.py:538} INFO - Filling up the DagBag from /home/airflow/.local/lib/python3.7/site-packages/airflow/example_dags/example_time_delta_sensor_async.py
[2022-12-21T11:06:08.703+0000] {processor.py:753} INFO - DAG(s) dict_keys(['example_time_delta_sensor_async']) retrieved from /home/airflow/.local/lib/python3.7/site-packages/airflow/example_dags/example_time_delta_sensor_async.py
[2022-12-21T11:06:08.777+0000] {logging_mixin.py:137} INFO - [2022-12-21T11:06:08.777+0000] {dag.py:2676} INFO - Sync 1 DAGs
[2022-12-21T11:06:08.808+0000] {logging_mixin.py:137} INFO - [2022-12-21T11:06:08.808+0000] {dag.py:3427} INFO - Setting next_dagrun for example_time_delta_sensor_async to None, run_after=None
[2022-12-21T11:06:08.832+0000] {processor.py:175} INFO - Processing /home/airflow/.local/lib/python3.7/site-packages/airflow/example_dags/example_time_delta_sensor_async.py took 0.157 seconds
[2022-12-21T11:06:39.469+0000] {processor.py:153} INFO - Started process (PID=1548) to work on /home/airflow/.local/lib/python3.7/site-packages/airflow/example_dags/example_time_delta_sensor_async.py
[2022-12-21T11:06:39.471+0000] {processor.py:743} INFO - Processing file /home/airflow/.local/lib/python3.7/site-packages/airflow/example_dags/example_time_delta_sensor_async.py for tasks to queue
[2022-12-21T11:06:39.472+0000] {logging_mixin.py:137} INFO - [2022-12-21T11:06:39.472+0000] {dagbag.py:538} INFO - Filling up the DagBag from /home/airflow/.local/lib/python3.7/site-packages/airflow/example_dags/example_time_delta_sensor_async.py
[2022-12-21T11:06:39.482+0000] {processor.py:753} INFO - DAG(s) dict_keys(['example_time_delta_sensor_async']) retrieved from /home/airflow/.local/lib/python3.7/site-packages/airflow/example_dags/example_time_delta_sensor_async.py
[2022-12-21T11:06:39.518+0000] {logging_mixin.py:137} INFO - [2022-12-21T11:06:39.518+0000] {dag.py:2676} INFO - Sync 1 DAGs
[2022-12-21T11:06:39.542+0000] {logging_mixin.py:137} INFO - [2022-12-21T11:06:39.542+0000] {dag.py:3427} INFO - Setting next_dagrun for example_time_delta_sensor_async to None, run_after=None
[2022-12-21T11:06:39.563+0000] {processor.py:175} INFO - Processing /home/airflow/.local/lib/python3.7/site-packages/airflow/example_dags/example_time_delta_sensor_async.py took 0.097 seconds
[2022-12-21T11:07:09.887+0000] {processor.py:153} INFO - Started process (PID=1611) to work on /home/airflow/.local/lib/python3.7/site-packages/airflow/example_dags/example_time_delta_sensor_async.py
[2022-12-21T11:07:09.892+0000] {processor.py:743} INFO - Processing file /home/airflow/.local/lib/python3.7/site-packages/airflow/example_dags/example_time_delta_sensor_async.py for tasks to queue
[2022-12-21T11:07:09.896+0000] {logging_mixin.py:137} INFO - [2022-12-21T11:07:09.895+0000] {dagbag.py:538} INFO - Filling up the DagBag from /home/airflow/.local/lib/python3.7/site-packages/airflow/example_dags/example_time_delta_sensor_async.py
[2022-12-21T11:07:09.908+0000] {processor.py:753} INFO - DAG(s) dict_keys(['example_time_delta_sensor_async']) retrieved from /home/airflow/.local/lib/python3.7/site-packages/airflow/example_dags/example_time_delta_sensor_async.py
[2022-12-21T11:07:09.943+0000] {logging_mixin.py:137} INFO - [2022-12-21T11:07:09.943+0000] {dag.py:2676} INFO - Sync 1 DAGs
[2022-12-21T11:07:09.965+0000] {logging_mixin.py:137} INFO - [2022-12-21T11:07:09.965+0000] {dag.py:3427} INFO - Setting next_dagrun for example_time_delta_sensor_async to None, run_after=None
[2022-12-21T11:07:09.983+0000] {processor.py:175} INFO - Processing /home/airflow/.local/lib/python3.7/site-packages/airflow/example_dags/example_time_delta_sensor_async.py took 0.101 seconds
[2022-12-21T11:07:40.464+0000] {processor.py:153} INFO - Started process (PID=1684) to work on /home/airflow/.local/lib/python3.7/site-packages/airflow/example_dags/example_time_delta_sensor_async.py
[2022-12-21T11:07:40.466+0000] {processor.py:743} INFO - Processing file /home/airflow/.local/lib/python3.7/site-packages/airflow/example_dags/example_time_delta_sensor_async.py for tasks to queue
[2022-12-21T11:07:40.470+0000] {logging_mixin.py:137} INFO - [2022-12-21T11:07:40.470+0000] {dagbag.py:538} INFO - Filling up the DagBag from /home/airflow/.local/lib/python3.7/site-packages/airflow/example_dags/example_time_delta_sensor_async.py
[2022-12-21T11:07:40.481+0000] {processor.py:753} INFO - DAG(s) dict_keys(['example_time_delta_sensor_async']) retrieved from /home/airflow/.local/lib/python3.7/site-packages/airflow/example_dags/example_time_delta_sensor_async.py
[2022-12-21T11:07:40.511+0000] {logging_mixin.py:137} INFO - [2022-12-21T11:07:40.511+0000] {dag.py:2676} INFO - Sync 1 DAGs
[2022-12-21T11:07:40.533+0000] {logging_mixin.py:137} INFO - [2022-12-21T11:07:40.533+0000] {dag.py:3427} INFO - Setting next_dagrun for example_time_delta_sensor_async to None, run_after=None
[2022-12-21T11:07:40.554+0000] {processor.py:175} INFO - Processing /home/airflow/.local/lib/python3.7/site-packages/airflow/example_dags/example_time_delta_sensor_async.py took 0.092 seconds
[2022-12-21T11:08:11.743+0000] {processor.py:153} INFO - Started process (PID=1759) to work on /home/airflow/.local/lib/python3.7/site-packages/airflow/example_dags/example_time_delta_sensor_async.py
[2022-12-21T11:08:11.748+0000] {processor.py:743} INFO - Processing file /home/airflow/.local/lib/python3.7/site-packages/airflow/example_dags/example_time_delta_sensor_async.py for tasks to queue
[2022-12-21T11:08:11.751+0000] {logging_mixin.py:137} INFO - [2022-12-21T11:08:11.750+0000] {dagbag.py:538} INFO - Filling up the DagBag from /home/airflow/.local/lib/python3.7/site-packages/airflow/example_dags/example_time_delta_sensor_async.py
[2022-12-21T11:08:11.767+0000] {processor.py:753} INFO - DAG(s) dict_keys(['example_time_delta_sensor_async']) retrieved from /home/airflow/.local/lib/python3.7/site-packages/airflow/example_dags/example_time_delta_sensor_async.py
[2022-12-21T11:08:11.814+0000] {logging_mixin.py:137} INFO - [2022-12-21T11:08:11.813+0000] {dag.py:2676} INFO - Sync 1 DAGs
[2022-12-21T11:08:11.838+0000] {logging_mixin.py:137} INFO - [2022-12-21T11:08:11.838+0000] {dag.py:3427} INFO - Setting next_dagrun for example_time_delta_sensor_async to None, run_after=None
[2022-12-21T11:08:11.879+0000] {processor.py:175} INFO - Processing /home/airflow/.local/lib/python3.7/site-packages/airflow/example_dags/example_time_delta_sensor_async.py took 0.138 seconds
[2022-12-21T11:08:42.347+0000] {processor.py:153} INFO - Started process (PID=1822) to work on /home/airflow/.local/lib/python3.7/site-packages/airflow/example_dags/example_time_delta_sensor_async.py
[2022-12-21T11:08:42.350+0000] {processor.py:743} INFO - Processing file /home/airflow/.local/lib/python3.7/site-packages/airflow/example_dags/example_time_delta_sensor_async.py for tasks to queue
[2022-12-21T11:08:42.354+0000] {logging_mixin.py:137} INFO - [2022-12-21T11:08:42.353+0000] {dagbag.py:538} INFO - Filling up the DagBag from /home/airflow/.local/lib/python3.7/site-packages/airflow/example_dags/example_time_delta_sensor_async.py
[2022-12-21T11:08:42.376+0000] {processor.py:753} INFO - DAG(s) dict_keys(['example_time_delta_sensor_async']) retrieved from /home/airflow/.local/lib/python3.7/site-packages/airflow/example_dags/example_time_delta_sensor_async.py
[2022-12-21T11:08:42.426+0000] {logging_mixin.py:137} INFO - [2022-12-21T11:08:42.426+0000] {dag.py:2676} INFO - Sync 1 DAGs
[2022-12-21T11:08:42.459+0000] {logging_mixin.py:137} INFO - [2022-12-21T11:08:42.459+0000] {dag.py:3427} INFO - Setting next_dagrun for example_time_delta_sensor_async to None, run_after=None
[2022-12-21T11:08:42.493+0000] {processor.py:175} INFO - Processing /home/airflow/.local/lib/python3.7/site-packages/airflow/example_dags/example_time_delta_sensor_async.py took 0.150 seconds
[2022-12-21T11:09:12.897+0000] {processor.py:153} INFO - Started process (PID=1885) to work on /home/airflow/.local/lib/python3.7/site-packages/airflow/example_dags/example_time_delta_sensor_async.py
[2022-12-21T11:09:12.900+0000] {processor.py:743} INFO - Processing file /home/airflow/.local/lib/python3.7/site-packages/airflow/example_dags/example_time_delta_sensor_async.py for tasks to queue
[2022-12-21T11:09:12.902+0000] {logging_mixin.py:137} INFO - [2022-12-21T11:09:12.902+0000] {dagbag.py:538} INFO - Filling up the DagBag from /home/airflow/.local/lib/python3.7/site-packages/airflow/example_dags/example_time_delta_sensor_async.py
[2022-12-21T11:09:12.934+0000] {processor.py:753} INFO - DAG(s) dict_keys(['example_time_delta_sensor_async']) retrieved from /home/airflow/.local/lib/python3.7/site-packages/airflow/example_dags/example_time_delta_sensor_async.py
[2022-12-21T11:09:13.012+0000] {logging_mixin.py:137} INFO - [2022-12-21T11:09:13.012+0000] {dag.py:2676} INFO - Sync 1 DAGs
[2022-12-21T11:09:13.110+0000] {logging_mixin.py:137} INFO - [2022-12-21T11:09:13.109+0000] {dag.py:3427} INFO - Setting next_dagrun for example_time_delta_sensor_async to None, run_after=None
[2022-12-21T11:09:13.160+0000] {processor.py:175} INFO - Processing /home/airflow/.local/lib/python3.7/site-packages/airflow/example_dags/example_time_delta_sensor_async.py took 0.268 seconds
[2022-12-21T11:09:43.510+0000] {processor.py:153} INFO - Started process (PID=1961) to work on /home/airflow/.local/lib/python3.7/site-packages/airflow/example_dags/example_time_delta_sensor_async.py
[2022-12-21T11:09:43.512+0000] {processor.py:743} INFO - Processing file /home/airflow/.local/lib/python3.7/site-packages/airflow/example_dags/example_time_delta_sensor_async.py for tasks to queue
[2022-12-21T11:09:43.513+0000] {logging_mixin.py:137} INFO - [2022-12-21T11:09:43.513+0000] {dagbag.py:538} INFO - Filling up the DagBag from /home/airflow/.local/lib/python3.7/site-packages/airflow/example_dags/example_time_delta_sensor_async.py
[2022-12-21T11:09:43.522+0000] {processor.py:753} INFO - DAG(s) dict_keys(['example_time_delta_sensor_async']) retrieved from /home/airflow/.local/lib/python3.7/site-packages/airflow/example_dags/example_time_delta_sensor_async.py
[2022-12-21T11:09:43.553+0000] {logging_mixin.py:137} INFO - [2022-12-21T11:09:43.553+0000] {dag.py:2676} INFO - Sync 1 DAGs
[2022-12-21T11:09:43.575+0000] {logging_mixin.py:137} INFO - [2022-12-21T11:09:43.575+0000] {dag.py:3427} INFO - Setting next_dagrun for example_time_delta_sensor_async to None, run_after=None
[2022-12-21T11:09:43.592+0000] {processor.py:175} INFO - Processing /home/airflow/.local/lib/python3.7/site-packages/airflow/example_dags/example_time_delta_sensor_async.py took 0.084 seconds
[2022-12-21T11:10:13.945+0000] {processor.py:153} INFO - Started process (PID=2024) to work on /home/airflow/.local/lib/python3.7/site-packages/airflow/example_dags/example_time_delta_sensor_async.py
[2022-12-21T11:10:13.948+0000] {processor.py:743} INFO - Processing file /home/airflow/.local/lib/python3.7/site-packages/airflow/example_dags/example_time_delta_sensor_async.py for tasks to queue
[2022-12-21T11:10:13.950+0000] {logging_mixin.py:137} INFO - [2022-12-21T11:10:13.950+0000] {dagbag.py:538} INFO - Filling up the DagBag from /home/airflow/.local/lib/python3.7/site-packages/airflow/example_dags/example_time_delta_sensor_async.py
[2022-12-21T11:10:13.970+0000] {processor.py:753} INFO - DAG(s) dict_keys(['example_time_delta_sensor_async']) retrieved from /home/airflow/.local/lib/python3.7/site-packages/airflow/example_dags/example_time_delta_sensor_async.py
[2022-12-21T11:10:14.022+0000] {logging_mixin.py:137} INFO - [2022-12-21T11:10:14.022+0000] {dag.py:2676} INFO - Sync 1 DAGs
[2022-12-21T11:10:14.044+0000] {logging_mixin.py:137} INFO - [2022-12-21T11:10:14.044+0000] {dag.py:3427} INFO - Setting next_dagrun for example_time_delta_sensor_async to None, run_after=None
[2022-12-21T11:10:14.066+0000] {processor.py:175} INFO - Processing /home/airflow/.local/lib/python3.7/site-packages/airflow/example_dags/example_time_delta_sensor_async.py took 0.124 seconds
[2022-12-21T11:10:44.979+0000] {processor.py:153} INFO - Started process (PID=2096) to work on /home/airflow/.local/lib/python3.7/site-packages/airflow/example_dags/example_time_delta_sensor_async.py
[2022-12-21T11:10:44.983+0000] {processor.py:743} INFO - Processing file /home/airflow/.local/lib/python3.7/site-packages/airflow/example_dags/example_time_delta_sensor_async.py for tasks to queue
[2022-12-21T11:10:44.986+0000] {logging_mixin.py:137} INFO - [2022-12-21T11:10:44.985+0000] {dagbag.py:538} INFO - Filling up the DagBag from /home/airflow/.local/lib/python3.7/site-packages/airflow/example_dags/example_time_delta_sensor_async.py
[2022-12-21T11:10:45.001+0000] {processor.py:753} INFO - DAG(s) dict_keys(['example_time_delta_sensor_async']) retrieved from /home/airflow/.local/lib/python3.7/site-packages/airflow/example_dags/example_time_delta_sensor_async.py
[2022-12-21T11:10:45.042+0000] {logging_mixin.py:137} INFO - [2022-12-21T11:10:45.042+0000] {dag.py:2676} INFO - Sync 1 DAGs
[2022-12-21T11:10:45.078+0000] {logging_mixin.py:137} INFO - [2022-12-21T11:10:45.077+0000] {dag.py:3427} INFO - Setting next_dagrun for example_time_delta_sensor_async to None, run_after=None
[2022-12-21T11:10:45.115+0000] {processor.py:175} INFO - Processing /home/airflow/.local/lib/python3.7/site-packages/airflow/example_dags/example_time_delta_sensor_async.py took 0.139 seconds
[2022-12-21T11:11:18.836+0000] {processor.py:153} INFO - Started process (PID=2162) to work on /home/airflow/.local/lib/python3.7/site-packages/airflow/example_dags/example_time_delta_sensor_async.py
[2022-12-21T11:11:18.839+0000] {processor.py:743} INFO - Processing file /home/airflow/.local/lib/python3.7/site-packages/airflow/example_dags/example_time_delta_sensor_async.py for tasks to queue
[2022-12-21T11:11:18.841+0000] {logging_mixin.py:137} INFO - [2022-12-21T11:11:18.841+0000] {dagbag.py:538} INFO - Filling up the DagBag from /home/airflow/.local/lib/python3.7/site-packages/airflow/example_dags/example_time_delta_sensor_async.py
[2022-12-21T11:11:18.861+0000] {processor.py:753} INFO - DAG(s) dict_keys(['example_time_delta_sensor_async']) retrieved from /home/airflow/.local/lib/python3.7/site-packages/airflow/example_dags/example_time_delta_sensor_async.py
[2022-12-21T11:11:18.915+0000] {logging_mixin.py:137} INFO - [2022-12-21T11:11:18.915+0000] {dag.py:2676} INFO - Sync 1 DAGs
[2022-12-21T11:11:18.948+0000] {logging_mixin.py:137} INFO - [2022-12-21T11:11:18.948+0000] {dag.py:3427} INFO - Setting next_dagrun for example_time_delta_sensor_async to None, run_after=None
[2022-12-21T11:11:18.978+0000] {processor.py:175} INFO - Processing /home/airflow/.local/lib/python3.7/site-packages/airflow/example_dags/example_time_delta_sensor_async.py took 0.145 seconds
