[2022-12-21T07:24:18.994+0000] {processor.py:153} INFO - Started process (PID=72) to work on /home/airflow/.local/lib/python3.7/site-packages/airflow/example_dags/example_short_circuit_decorator.py
[2022-12-21T07:24:18.995+0000] {processor.py:743} INFO - Processing file /home/airflow/.local/lib/python3.7/site-packages/airflow/example_dags/example_short_circuit_decorator.py for tasks to queue
[2022-12-21T07:24:18.997+0000] {logging_mixin.py:137} INFO - [2022-12-21T07:24:18.997+0000] {dagbag.py:538} INFO - Filling up the DagBag from /home/airflow/.local/lib/python3.7/site-packages/airflow/example_dags/example_short_circuit_decorator.py
[2022-12-21T07:24:19.028+0000] {processor.py:753} INFO - DAG(s) dict_keys(['example_short_circuit_decorator']) retrieved from /home/airflow/.local/lib/python3.7/site-packages/airflow/example_dags/example_short_circuit_decorator.py
[2022-12-21T07:24:19.070+0000] {logging_mixin.py:137} INFO - [2022-12-21T07:24:19.070+0000] {dag.py:2676} INFO - Sync 1 DAGs
[2022-12-21T07:24:19.107+0000] {logging_mixin.py:137} INFO - [2022-12-21T07:24:19.107+0000] {dag.py:3427} INFO - Setting next_dagrun for example_short_circuit_decorator to 2022-12-20T07:24:19.107576+00:00, run_after=2022-12-21T07:24:19.107576+00:00
[2022-12-21T07:24:19.123+0000] {processor.py:175} INFO - Processing /home/airflow/.local/lib/python3.7/site-packages/airflow/example_dags/example_short_circuit_decorator.py took 0.131 seconds
[2022-12-21T09:46:47.934+0000] {processor.py:153} INFO - Started process (PID=128) to work on /home/airflow/.local/lib/python3.7/site-packages/airflow/example_dags/example_short_circuit_decorator.py
[2022-12-21T09:46:47.947+0000] {processor.py:743} INFO - Processing file /home/airflow/.local/lib/python3.7/site-packages/airflow/example_dags/example_short_circuit_decorator.py for tasks to queue
[2022-12-21T09:46:47.969+0000] {logging_mixin.py:137} INFO - [2022-12-21T09:46:47.965+0000] {dagbag.py:538} INFO - Filling up the DagBag from /home/airflow/.local/lib/python3.7/site-packages/airflow/example_dags/example_short_circuit_decorator.py
[2022-12-21T09:46:50.153+0000] {processor.py:753} INFO - DAG(s) dict_keys(['example_short_circuit_decorator']) retrieved from /home/airflow/.local/lib/python3.7/site-packages/airflow/example_dags/example_short_circuit_decorator.py
[2022-12-21T09:46:52.172+0000] {logging_mixin.py:137} INFO - [2022-12-21T09:46:52.129+0000] {dag.py:2676} INFO - Sync 1 DAGs
[2022-12-21T09:46:52.674+0000] {logging_mixin.py:137} INFO - [2022-12-21T09:46:52.638+0000] {dag.py:3427} INFO - Setting next_dagrun for example_short_circuit_decorator to 2022-12-20T09:46:52.569113+00:00, run_after=2022-12-21T09:46:52.569113+00:00
[2022-12-21T09:46:58.397+0000] {processor.py:175} INFO - Processing /home/airflow/.local/lib/python3.7/site-packages/airflow/example_dags/example_short_circuit_decorator.py took 10.486 seconds
[2022-12-21T09:47:29.689+0000] {processor.py:153} INFO - Started process (PID=195) to work on /home/airflow/.local/lib/python3.7/site-packages/airflow/example_dags/example_short_circuit_decorator.py
[2022-12-21T09:47:29.713+0000] {processor.py:743} INFO - Processing file /home/airflow/.local/lib/python3.7/site-packages/airflow/example_dags/example_short_circuit_decorator.py for tasks to queue
[2022-12-21T09:47:29.718+0000] {logging_mixin.py:137} INFO - [2022-12-21T09:47:29.718+0000] {dagbag.py:538} INFO - Filling up the DagBag from /home/airflow/.local/lib/python3.7/site-packages/airflow/example_dags/example_short_circuit_decorator.py
[2022-12-21T09:47:29.766+0000] {processor.py:753} INFO - DAG(s) dict_keys(['example_short_circuit_decorator']) retrieved from /home/airflow/.local/lib/python3.7/site-packages/airflow/example_dags/example_short_circuit_decorator.py
[2022-12-21T09:47:31.062+0000] {logging_mixin.py:137} INFO - [2022-12-21T09:47:31.061+0000] {dag.py:2676} INFO - Sync 1 DAGs
[2022-12-21T09:47:31.137+0000] {logging_mixin.py:137} INFO - [2022-12-21T09:47:31.137+0000] {dag.py:3427} INFO - Setting next_dagrun for example_short_circuit_decorator to 2022-12-20T09:47:31.137201+00:00, run_after=2022-12-21T09:47:31.137201+00:00
[2022-12-21T09:47:31.197+0000] {processor.py:175} INFO - Processing /home/airflow/.local/lib/python3.7/site-packages/airflow/example_dags/example_short_circuit_decorator.py took 1.512 seconds
[2022-12-21T09:48:02.204+0000] {processor.py:153} INFO - Started process (PID=261) to work on /home/airflow/.local/lib/python3.7/site-packages/airflow/example_dags/example_short_circuit_decorator.py
[2022-12-21T09:48:02.210+0000] {processor.py:743} INFO - Processing file /home/airflow/.local/lib/python3.7/site-packages/airflow/example_dags/example_short_circuit_decorator.py for tasks to queue
[2022-12-21T09:48:02.212+0000] {logging_mixin.py:137} INFO - [2022-12-21T09:48:02.212+0000] {dagbag.py:538} INFO - Filling up the DagBag from /home/airflow/.local/lib/python3.7/site-packages/airflow/example_dags/example_short_circuit_decorator.py
[2022-12-21T09:48:02.259+0000] {processor.py:753} INFO - DAG(s) dict_keys(['example_short_circuit_decorator']) retrieved from /home/airflow/.local/lib/python3.7/site-packages/airflow/example_dags/example_short_circuit_decorator.py
[2022-12-21T09:48:02.326+0000] {logging_mixin.py:137} INFO - [2022-12-21T09:48:02.326+0000] {dag.py:2676} INFO - Sync 1 DAGs
[2022-12-21T09:48:02.352+0000] {logging_mixin.py:137} INFO - [2022-12-21T09:48:02.352+0000] {dag.py:3427} INFO - Setting next_dagrun for example_short_circuit_decorator to 2022-12-20T09:48:02.351729+00:00, run_after=2022-12-21T09:48:02.351729+00:00
[2022-12-21T09:48:02.366+0000] {processor.py:175} INFO - Processing /home/airflow/.local/lib/python3.7/site-packages/airflow/example_dags/example_short_circuit_decorator.py took 0.168 seconds
[2022-12-21T09:48:33.356+0000] {processor.py:153} INFO - Started process (PID=334) to work on /home/airflow/.local/lib/python3.7/site-packages/airflow/example_dags/example_short_circuit_decorator.py
[2022-12-21T09:48:33.359+0000] {processor.py:743} INFO - Processing file /home/airflow/.local/lib/python3.7/site-packages/airflow/example_dags/example_short_circuit_decorator.py for tasks to queue
[2022-12-21T09:48:33.360+0000] {logging_mixin.py:137} INFO - [2022-12-21T09:48:33.360+0000] {dagbag.py:538} INFO - Filling up the DagBag from /home/airflow/.local/lib/python3.7/site-packages/airflow/example_dags/example_short_circuit_decorator.py
[2022-12-21T09:48:33.388+0000] {processor.py:753} INFO - DAG(s) dict_keys(['example_short_circuit_decorator']) retrieved from /home/airflow/.local/lib/python3.7/site-packages/airflow/example_dags/example_short_circuit_decorator.py
[2022-12-21T09:48:33.431+0000] {logging_mixin.py:137} INFO - [2022-12-21T09:48:33.431+0000] {dag.py:2676} INFO - Sync 1 DAGs
[2022-12-21T09:48:33.456+0000] {logging_mixin.py:137} INFO - [2022-12-21T09:48:33.456+0000] {dag.py:3427} INFO - Setting next_dagrun for example_short_circuit_decorator to 2022-12-20T09:48:33.456196+00:00, run_after=2022-12-21T09:48:33.456196+00:00
[2022-12-21T09:48:33.475+0000] {processor.py:175} INFO - Processing /home/airflow/.local/lib/python3.7/site-packages/airflow/example_dags/example_short_circuit_decorator.py took 0.121 seconds
[2022-12-21T09:49:04.450+0000] {processor.py:153} INFO - Started process (PID=400) to work on /home/airflow/.local/lib/python3.7/site-packages/airflow/example_dags/example_short_circuit_decorator.py
[2022-12-21T09:49:04.456+0000] {processor.py:743} INFO - Processing file /home/airflow/.local/lib/python3.7/site-packages/airflow/example_dags/example_short_circuit_decorator.py for tasks to queue
[2022-12-21T09:49:04.461+0000] {logging_mixin.py:137} INFO - [2022-12-21T09:49:04.461+0000] {dagbag.py:538} INFO - Filling up the DagBag from /home/airflow/.local/lib/python3.7/site-packages/airflow/example_dags/example_short_circuit_decorator.py
[2022-12-21T09:49:04.526+0000] {processor.py:753} INFO - DAG(s) dict_keys(['example_short_circuit_decorator']) retrieved from /home/airflow/.local/lib/python3.7/site-packages/airflow/example_dags/example_short_circuit_decorator.py
[2022-12-21T09:49:04.602+0000] {logging_mixin.py:137} INFO - [2022-12-21T09:49:04.601+0000] {dag.py:2676} INFO - Sync 1 DAGs
[2022-12-21T09:49:04.647+0000] {logging_mixin.py:137} INFO - [2022-12-21T09:49:04.647+0000] {dag.py:3427} INFO - Setting next_dagrun for example_short_circuit_decorator to 2022-12-20T09:49:04.646790+00:00, run_after=2022-12-21T09:49:04.646790+00:00
[2022-12-21T09:49:04.665+0000] {processor.py:175} INFO - Processing /home/airflow/.local/lib/python3.7/site-packages/airflow/example_dags/example_short_circuit_decorator.py took 0.223 seconds
[2022-12-21T09:49:34.811+0000] {processor.py:153} INFO - Started process (PID=463) to work on /home/airflow/.local/lib/python3.7/site-packages/airflow/example_dags/example_short_circuit_decorator.py
[2022-12-21T09:49:34.817+0000] {processor.py:743} INFO - Processing file /home/airflow/.local/lib/python3.7/site-packages/airflow/example_dags/example_short_circuit_decorator.py for tasks to queue
[2022-12-21T09:49:34.820+0000] {logging_mixin.py:137} INFO - [2022-12-21T09:49:34.820+0000] {dagbag.py:538} INFO - Filling up the DagBag from /home/airflow/.local/lib/python3.7/site-packages/airflow/example_dags/example_short_circuit_decorator.py
[2022-12-21T09:49:34.871+0000] {processor.py:753} INFO - DAG(s) dict_keys(['example_short_circuit_decorator']) retrieved from /home/airflow/.local/lib/python3.7/site-packages/airflow/example_dags/example_short_circuit_decorator.py
[2022-12-21T09:49:34.968+0000] {logging_mixin.py:137} INFO - [2022-12-21T09:49:34.968+0000] {dag.py:2676} INFO - Sync 1 DAGs
[2022-12-21T09:49:35.038+0000] {logging_mixin.py:137} INFO - [2022-12-21T09:49:35.038+0000] {dag.py:3427} INFO - Setting next_dagrun for example_short_circuit_decorator to 2022-12-20T09:49:35.038183+00:00, run_after=2022-12-21T09:49:35.038183+00:00
[2022-12-21T09:49:35.081+0000] {processor.py:175} INFO - Processing /home/airflow/.local/lib/python3.7/site-packages/airflow/example_dags/example_short_circuit_decorator.py took 0.277 seconds
[2022-12-21T09:50:06.009+0000] {processor.py:153} INFO - Started process (PID=526) to work on /home/airflow/.local/lib/python3.7/site-packages/airflow/example_dags/example_short_circuit_decorator.py
[2022-12-21T09:50:06.012+0000] {processor.py:743} INFO - Processing file /home/airflow/.local/lib/python3.7/site-packages/airflow/example_dags/example_short_circuit_decorator.py for tasks to queue
[2022-12-21T09:50:06.019+0000] {logging_mixin.py:137} INFO - [2022-12-21T09:50:06.019+0000] {dagbag.py:538} INFO - Filling up the DagBag from /home/airflow/.local/lib/python3.7/site-packages/airflow/example_dags/example_short_circuit_decorator.py
[2022-12-21T09:50:06.114+0000] {processor.py:753} INFO - DAG(s) dict_keys(['example_short_circuit_decorator']) retrieved from /home/airflow/.local/lib/python3.7/site-packages/airflow/example_dags/example_short_circuit_decorator.py
[2022-12-21T09:50:06.235+0000] {logging_mixin.py:137} INFO - [2022-12-21T09:50:06.235+0000] {dag.py:2676} INFO - Sync 1 DAGs
[2022-12-21T09:50:06.263+0000] {logging_mixin.py:137} INFO - [2022-12-21T09:50:06.263+0000] {dag.py:3427} INFO - Setting next_dagrun for example_short_circuit_decorator to 2022-12-20T09:50:06.262775+00:00, run_after=2022-12-21T09:50:06.262775+00:00
[2022-12-21T09:50:06.287+0000] {processor.py:175} INFO - Processing /home/airflow/.local/lib/python3.7/site-packages/airflow/example_dags/example_short_circuit_decorator.py took 0.296 seconds
[2022-12-21T09:50:37.289+0000] {processor.py:153} INFO - Started process (PID=602) to work on /home/airflow/.local/lib/python3.7/site-packages/airflow/example_dags/example_short_circuit_decorator.py
[2022-12-21T09:50:37.292+0000] {processor.py:743} INFO - Processing file /home/airflow/.local/lib/python3.7/site-packages/airflow/example_dags/example_short_circuit_decorator.py for tasks to queue
[2022-12-21T09:50:37.294+0000] {logging_mixin.py:137} INFO - [2022-12-21T09:50:37.294+0000] {dagbag.py:538} INFO - Filling up the DagBag from /home/airflow/.local/lib/python3.7/site-packages/airflow/example_dags/example_short_circuit_decorator.py
[2022-12-21T09:50:37.334+0000] {processor.py:753} INFO - DAG(s) dict_keys(['example_short_circuit_decorator']) retrieved from /home/airflow/.local/lib/python3.7/site-packages/airflow/example_dags/example_short_circuit_decorator.py
[2022-12-21T09:50:37.393+0000] {logging_mixin.py:137} INFO - [2022-12-21T09:50:37.393+0000] {dag.py:2676} INFO - Sync 1 DAGs
[2022-12-21T09:50:37.421+0000] {logging_mixin.py:137} INFO - [2022-12-21T09:50:37.421+0000] {dag.py:3427} INFO - Setting next_dagrun for example_short_circuit_decorator to 2022-12-20T09:50:37.420693+00:00, run_after=2022-12-21T09:50:37.420693+00:00
[2022-12-21T09:50:37.437+0000] {processor.py:175} INFO - Processing /home/airflow/.local/lib/python3.7/site-packages/airflow/example_dags/example_short_circuit_decorator.py took 0.156 seconds
[2022-12-21T09:51:08.385+0000] {processor.py:153} INFO - Started process (PID=677) to work on /home/airflow/.local/lib/python3.7/site-packages/airflow/example_dags/example_short_circuit_decorator.py
[2022-12-21T09:51:08.398+0000] {processor.py:743} INFO - Processing file /home/airflow/.local/lib/python3.7/site-packages/airflow/example_dags/example_short_circuit_decorator.py for tasks to queue
[2022-12-21T09:51:08.405+0000] {logging_mixin.py:137} INFO - [2022-12-21T09:51:08.405+0000] {dagbag.py:538} INFO - Filling up the DagBag from /home/airflow/.local/lib/python3.7/site-packages/airflow/example_dags/example_short_circuit_decorator.py
[2022-12-21T09:51:08.457+0000] {processor.py:753} INFO - DAG(s) dict_keys(['example_short_circuit_decorator']) retrieved from /home/airflow/.local/lib/python3.7/site-packages/airflow/example_dags/example_short_circuit_decorator.py
[2022-12-21T09:51:08.573+0000] {logging_mixin.py:137} INFO - [2022-12-21T09:51:08.572+0000] {dag.py:2676} INFO - Sync 1 DAGs
[2022-12-21T09:51:08.634+0000] {logging_mixin.py:137} INFO - [2022-12-21T09:51:08.634+0000] {dag.py:3427} INFO - Setting next_dagrun for example_short_circuit_decorator to 2022-12-20T09:51:08.634053+00:00, run_after=2022-12-21T09:51:08.634053+00:00
[2022-12-21T09:51:08.660+0000] {processor.py:175} INFO - Processing /home/airflow/.local/lib/python3.7/site-packages/airflow/example_dags/example_short_circuit_decorator.py took 0.297 seconds
[2022-12-21T09:51:38.999+0000] {processor.py:153} INFO - Started process (PID=740) to work on /home/airflow/.local/lib/python3.7/site-packages/airflow/example_dags/example_short_circuit_decorator.py
[2022-12-21T09:51:39.003+0000] {processor.py:743} INFO - Processing file /home/airflow/.local/lib/python3.7/site-packages/airflow/example_dags/example_short_circuit_decorator.py for tasks to queue
[2022-12-21T09:51:39.005+0000] {logging_mixin.py:137} INFO - [2022-12-21T09:51:39.004+0000] {dagbag.py:538} INFO - Filling up the DagBag from /home/airflow/.local/lib/python3.7/site-packages/airflow/example_dags/example_short_circuit_decorator.py
[2022-12-21T09:51:39.051+0000] {processor.py:753} INFO - DAG(s) dict_keys(['example_short_circuit_decorator']) retrieved from /home/airflow/.local/lib/python3.7/site-packages/airflow/example_dags/example_short_circuit_decorator.py
[2022-12-21T09:51:39.128+0000] {logging_mixin.py:137} INFO - [2022-12-21T09:51:39.128+0000] {dag.py:2676} INFO - Sync 1 DAGs
[2022-12-21T09:51:39.170+0000] {logging_mixin.py:137} INFO - [2022-12-21T09:51:39.170+0000] {dag.py:3427} INFO - Setting next_dagrun for example_short_circuit_decorator to 2022-12-20T09:51:39.169833+00:00, run_after=2022-12-21T09:51:39.169833+00:00
[2022-12-21T09:51:39.202+0000] {processor.py:175} INFO - Processing /home/airflow/.local/lib/python3.7/site-packages/airflow/example_dags/example_short_circuit_decorator.py took 0.213 seconds
[2022-12-21T09:52:10.253+0000] {processor.py:153} INFO - Started process (PID=816) to work on /home/airflow/.local/lib/python3.7/site-packages/airflow/example_dags/example_short_circuit_decorator.py
[2022-12-21T09:52:10.289+0000] {processor.py:743} INFO - Processing file /home/airflow/.local/lib/python3.7/site-packages/airflow/example_dags/example_short_circuit_decorator.py for tasks to queue
[2022-12-21T09:52:10.348+0000] {logging_mixin.py:137} INFO - [2022-12-21T09:52:10.334+0000] {dagbag.py:538} INFO - Filling up the DagBag from /home/airflow/.local/lib/python3.7/site-packages/airflow/example_dags/example_short_circuit_decorator.py
[2022-12-21T09:52:10.638+0000] {processor.py:753} INFO - DAG(s) dict_keys(['example_short_circuit_decorator']) retrieved from /home/airflow/.local/lib/python3.7/site-packages/airflow/example_dags/example_short_circuit_decorator.py
[2022-12-21T09:52:11.266+0000] {logging_mixin.py:137} INFO - [2022-12-21T09:52:11.240+0000] {dag.py:2676} INFO - Sync 1 DAGs
[2022-12-21T09:52:11.696+0000] {logging_mixin.py:137} INFO - [2022-12-21T09:52:11.695+0000] {dag.py:3427} INFO - Setting next_dagrun for example_short_circuit_decorator to 2022-12-20T09:52:11.689438+00:00, run_after=2022-12-21T09:52:11.689438+00:00
[2022-12-21T09:52:11.950+0000] {processor.py:175} INFO - Processing /home/airflow/.local/lib/python3.7/site-packages/airflow/example_dags/example_short_circuit_decorator.py took 1.756 seconds
[2022-12-21T11:00:57.407+0000] {processor.py:153} INFO - Started process (PID=875) to work on /home/airflow/.local/lib/python3.7/site-packages/airflow/example_dags/example_short_circuit_decorator.py
[2022-12-21T11:00:57.413+0000] {processor.py:743} INFO - Processing file /home/airflow/.local/lib/python3.7/site-packages/airflow/example_dags/example_short_circuit_decorator.py for tasks to queue
[2022-12-21T11:00:57.417+0000] {logging_mixin.py:137} INFO - [2022-12-21T11:00:57.417+0000] {dagbag.py:538} INFO - Filling up the DagBag from /home/airflow/.local/lib/python3.7/site-packages/airflow/example_dags/example_short_circuit_decorator.py
[2022-12-21T11:00:57.515+0000] {processor.py:753} INFO - DAG(s) dict_keys(['example_short_circuit_decorator']) retrieved from /home/airflow/.local/lib/python3.7/site-packages/airflow/example_dags/example_short_circuit_decorator.py
[2022-12-21T11:00:57.709+0000] {logging_mixin.py:137} INFO - [2022-12-21T11:00:57.709+0000] {dag.py:2676} INFO - Sync 1 DAGs
[2022-12-21T11:00:57.878+0000] {logging_mixin.py:137} INFO - [2022-12-21T11:00:57.877+0000] {dag.py:3427} INFO - Setting next_dagrun for example_short_circuit_decorator to 2022-12-20T11:00:57.877414+00:00, run_after=2022-12-21T11:00:57.877414+00:00
[2022-12-21T11:00:58.003+0000] {processor.py:175} INFO - Processing /home/airflow/.local/lib/python3.7/site-packages/airflow/example_dags/example_short_circuit_decorator.py took 0.614 seconds
[2022-12-21T11:01:41.051+0000] {processor.py:153} INFO - Started process (PID=959) to work on /home/airflow/.local/lib/python3.7/site-packages/airflow/example_dags/example_short_circuit_decorator.py
[2022-12-21T11:01:41.054+0000] {processor.py:743} INFO - Processing file /home/airflow/.local/lib/python3.7/site-packages/airflow/example_dags/example_short_circuit_decorator.py for tasks to queue
[2022-12-21T11:01:41.056+0000] {logging_mixin.py:137} INFO - [2022-12-21T11:01:41.056+0000] {dagbag.py:538} INFO - Filling up the DagBag from /home/airflow/.local/lib/python3.7/site-packages/airflow/example_dags/example_short_circuit_decorator.py
[2022-12-21T11:01:41.086+0000] {processor.py:753} INFO - DAG(s) dict_keys(['example_short_circuit_decorator']) retrieved from /home/airflow/.local/lib/python3.7/site-packages/airflow/example_dags/example_short_circuit_decorator.py
[2022-12-21T11:01:41.175+0000] {logging_mixin.py:137} INFO - [2022-12-21T11:01:41.174+0000] {dag.py:2676} INFO - Sync 1 DAGs
[2022-12-21T11:01:41.307+0000] {logging_mixin.py:137} INFO - [2022-12-21T11:01:41.307+0000] {dag.py:3427} INFO - Setting next_dagrun for example_short_circuit_decorator to 2022-12-20T11:01:41.307044+00:00, run_after=2022-12-21T11:01:41.307044+00:00
[2022-12-21T11:01:41.378+0000] {processor.py:175} INFO - Processing /home/airflow/.local/lib/python3.7/site-packages/airflow/example_dags/example_short_circuit_decorator.py took 0.331 seconds
[2022-12-21T11:02:17.121+0000] {processor.py:153} INFO - Started process (PID=1026) to work on /home/airflow/.local/lib/python3.7/site-packages/airflow/example_dags/example_short_circuit_decorator.py
[2022-12-21T11:02:17.130+0000] {processor.py:743} INFO - Processing file /home/airflow/.local/lib/python3.7/site-packages/airflow/example_dags/example_short_circuit_decorator.py for tasks to queue
[2022-12-21T11:02:17.143+0000] {logging_mixin.py:137} INFO - [2022-12-21T11:02:17.143+0000] {dagbag.py:538} INFO - Filling up the DagBag from /home/airflow/.local/lib/python3.7/site-packages/airflow/example_dags/example_short_circuit_decorator.py
[2022-12-21T11:02:17.261+0000] {processor.py:753} INFO - DAG(s) dict_keys(['example_short_circuit_decorator']) retrieved from /home/airflow/.local/lib/python3.7/site-packages/airflow/example_dags/example_short_circuit_decorator.py
[2022-12-21T11:02:17.457+0000] {logging_mixin.py:137} INFO - [2022-12-21T11:02:17.456+0000] {dag.py:2676} INFO - Sync 1 DAGs
[2022-12-21T11:02:17.548+0000] {logging_mixin.py:137} INFO - [2022-12-21T11:02:17.548+0000] {dag.py:3427} INFO - Setting next_dagrun for example_short_circuit_decorator to 2022-12-20T11:02:17.546341+00:00, run_after=2022-12-21T11:02:17.546341+00:00
[2022-12-21T11:02:17.592+0000] {processor.py:175} INFO - Processing /home/airflow/.local/lib/python3.7/site-packages/airflow/example_dags/example_short_circuit_decorator.py took 0.478 seconds
[2022-12-21T11:03:16.697+0000] {processor.py:153} INFO - Started process (PID=1105) to work on /home/airflow/.local/lib/python3.7/site-packages/airflow/example_dags/example_short_circuit_decorator.py
[2022-12-21T11:03:16.700+0000] {processor.py:743} INFO - Processing file /home/airflow/.local/lib/python3.7/site-packages/airflow/example_dags/example_short_circuit_decorator.py for tasks to queue
[2022-12-21T11:03:16.704+0000] {logging_mixin.py:137} INFO - [2022-12-21T11:03:16.704+0000] {dagbag.py:538} INFO - Filling up the DagBag from /home/airflow/.local/lib/python3.7/site-packages/airflow/example_dags/example_short_circuit_decorator.py
[2022-12-21T11:03:16.750+0000] {processor.py:753} INFO - DAG(s) dict_keys(['example_short_circuit_decorator']) retrieved from /home/airflow/.local/lib/python3.7/site-packages/airflow/example_dags/example_short_circuit_decorator.py
[2022-12-21T11:03:16.805+0000] {logging_mixin.py:137} INFO - [2022-12-21T11:03:16.805+0000] {dag.py:2676} INFO - Sync 1 DAGs
[2022-12-21T11:03:16.830+0000] {logging_mixin.py:137} INFO - [2022-12-21T11:03:16.830+0000] {dag.py:3427} INFO - Setting next_dagrun for example_short_circuit_decorator to 2022-12-20T11:03:16.829960+00:00, run_after=2022-12-21T11:03:16.829960+00:00
[2022-12-21T11:03:16.852+0000] {processor.py:175} INFO - Processing /home/airflow/.local/lib/python3.7/site-packages/airflow/example_dags/example_short_circuit_decorator.py took 0.170 seconds
[2022-12-21T11:03:47.341+0000] {processor.py:153} INFO - Started process (PID=1172) to work on /home/airflow/.local/lib/python3.7/site-packages/airflow/example_dags/example_short_circuit_decorator.py
[2022-12-21T11:03:47.347+0000] {processor.py:743} INFO - Processing file /home/airflow/.local/lib/python3.7/site-packages/airflow/example_dags/example_short_circuit_decorator.py for tasks to queue
[2022-12-21T11:03:47.349+0000] {logging_mixin.py:137} INFO - [2022-12-21T11:03:47.349+0000] {dagbag.py:538} INFO - Filling up the DagBag from /home/airflow/.local/lib/python3.7/site-packages/airflow/example_dags/example_short_circuit_decorator.py
[2022-12-21T11:03:47.375+0000] {processor.py:753} INFO - DAG(s) dict_keys(['example_short_circuit_decorator']) retrieved from /home/airflow/.local/lib/python3.7/site-packages/airflow/example_dags/example_short_circuit_decorator.py
[2022-12-21T11:03:47.416+0000] {logging_mixin.py:137} INFO - [2022-12-21T11:03:47.416+0000] {dag.py:2676} INFO - Sync 1 DAGs
[2022-12-21T11:03:47.441+0000] {logging_mixin.py:137} INFO - [2022-12-21T11:03:47.441+0000] {dag.py:3427} INFO - Setting next_dagrun for example_short_circuit_decorator to 2022-12-20T11:03:47.440976+00:00, run_after=2022-12-21T11:03:47.440976+00:00
[2022-12-21T11:03:47.457+0000] {processor.py:175} INFO - Processing /home/airflow/.local/lib/python3.7/site-packages/airflow/example_dags/example_short_circuit_decorator.py took 0.118 seconds
[2022-12-21T11:04:18.070+0000] {processor.py:153} INFO - Started process (PID=1234) to work on /home/airflow/.local/lib/python3.7/site-packages/airflow/example_dags/example_short_circuit_decorator.py
[2022-12-21T11:04:18.074+0000] {processor.py:743} INFO - Processing file /home/airflow/.local/lib/python3.7/site-packages/airflow/example_dags/example_short_circuit_decorator.py for tasks to queue
[2022-12-21T11:04:18.077+0000] {logging_mixin.py:137} INFO - [2022-12-21T11:04:18.077+0000] {dagbag.py:538} INFO - Filling up the DagBag from /home/airflow/.local/lib/python3.7/site-packages/airflow/example_dags/example_short_circuit_decorator.py
[2022-12-21T11:04:18.097+0000] {processor.py:753} INFO - DAG(s) dict_keys(['example_short_circuit_decorator']) retrieved from /home/airflow/.local/lib/python3.7/site-packages/airflow/example_dags/example_short_circuit_decorator.py
[2022-12-21T11:04:18.165+0000] {logging_mixin.py:137} INFO - [2022-12-21T11:04:18.165+0000] {dag.py:2676} INFO - Sync 1 DAGs
[2022-12-21T11:04:18.228+0000] {logging_mixin.py:137} INFO - [2022-12-21T11:04:18.228+0000] {dag.py:3427} INFO - Setting next_dagrun for example_short_circuit_decorator to 2022-12-20T11:04:18.227045+00:00, run_after=2022-12-21T11:04:18.227045+00:00
[2022-12-21T11:04:18.286+0000] {processor.py:175} INFO - Processing /home/airflow/.local/lib/python3.7/site-packages/airflow/example_dags/example_short_circuit_decorator.py took 0.219 seconds
[2022-12-21T11:04:49.251+0000] {processor.py:153} INFO - Started process (PID=1297) to work on /home/airflow/.local/lib/python3.7/site-packages/airflow/example_dags/example_short_circuit_decorator.py
[2022-12-21T11:04:49.258+0000] {processor.py:743} INFO - Processing file /home/airflow/.local/lib/python3.7/site-packages/airflow/example_dags/example_short_circuit_decorator.py for tasks to queue
[2022-12-21T11:04:49.262+0000] {logging_mixin.py:137} INFO - [2022-12-21T11:04:49.262+0000] {dagbag.py:538} INFO - Filling up the DagBag from /home/airflow/.local/lib/python3.7/site-packages/airflow/example_dags/example_short_circuit_decorator.py
[2022-12-21T11:04:49.352+0000] {processor.py:753} INFO - DAG(s) dict_keys(['example_short_circuit_decorator']) retrieved from /home/airflow/.local/lib/python3.7/site-packages/airflow/example_dags/example_short_circuit_decorator.py
[2022-12-21T11:04:49.598+0000] {logging_mixin.py:137} INFO - [2022-12-21T11:04:49.598+0000] {dag.py:2676} INFO - Sync 1 DAGs
[2022-12-21T11:04:49.656+0000] {logging_mixin.py:137} INFO - [2022-12-21T11:04:49.656+0000] {dag.py:3427} INFO - Setting next_dagrun for example_short_circuit_decorator to 2022-12-20T11:04:49.653720+00:00, run_after=2022-12-21T11:04:49.653720+00:00
[2022-12-21T11:04:49.709+0000] {processor.py:175} INFO - Processing /home/airflow/.local/lib/python3.7/site-packages/airflow/example_dags/example_short_circuit_decorator.py took 0.475 seconds
[2022-12-21T11:05:21.213+0000] {processor.py:153} INFO - Started process (PID=1374) to work on /home/airflow/.local/lib/python3.7/site-packages/airflow/example_dags/example_short_circuit_decorator.py
[2022-12-21T11:05:21.215+0000] {processor.py:743} INFO - Processing file /home/airflow/.local/lib/python3.7/site-packages/airflow/example_dags/example_short_circuit_decorator.py for tasks to queue
[2022-12-21T11:05:21.217+0000] {logging_mixin.py:137} INFO - [2022-12-21T11:05:21.217+0000] {dagbag.py:538} INFO - Filling up the DagBag from /home/airflow/.local/lib/python3.7/site-packages/airflow/example_dags/example_short_circuit_decorator.py
[2022-12-21T11:05:21.256+0000] {processor.py:753} INFO - DAG(s) dict_keys(['example_short_circuit_decorator']) retrieved from /home/airflow/.local/lib/python3.7/site-packages/airflow/example_dags/example_short_circuit_decorator.py
[2022-12-21T11:05:21.303+0000] {logging_mixin.py:137} INFO - [2022-12-21T11:05:21.303+0000] {dag.py:2676} INFO - Sync 1 DAGs
[2022-12-21T11:05:21.348+0000] {logging_mixin.py:137} INFO - [2022-12-21T11:05:21.347+0000] {dag.py:3427} INFO - Setting next_dagrun for example_short_circuit_decorator to 2022-12-20T11:05:21.347341+00:00, run_after=2022-12-21T11:05:21.347341+00:00
[2022-12-21T11:05:21.395+0000] {processor.py:175} INFO - Processing /home/airflow/.local/lib/python3.7/site-packages/airflow/example_dags/example_short_circuit_decorator.py took 0.187 seconds
[2022-12-21T11:05:51.610+0000] {processor.py:153} INFO - Started process (PID=1438) to work on /home/airflow/.local/lib/python3.7/site-packages/airflow/example_dags/example_short_circuit_decorator.py
[2022-12-21T11:05:51.612+0000] {processor.py:743} INFO - Processing file /home/airflow/.local/lib/python3.7/site-packages/airflow/example_dags/example_short_circuit_decorator.py for tasks to queue
[2022-12-21T11:05:51.614+0000] {logging_mixin.py:137} INFO - [2022-12-21T11:05:51.614+0000] {dagbag.py:538} INFO - Filling up the DagBag from /home/airflow/.local/lib/python3.7/site-packages/airflow/example_dags/example_short_circuit_decorator.py
[2022-12-21T11:05:51.629+0000] {processor.py:753} INFO - DAG(s) dict_keys(['example_short_circuit_decorator']) retrieved from /home/airflow/.local/lib/python3.7/site-packages/airflow/example_dags/example_short_circuit_decorator.py
[2022-12-21T11:05:51.652+0000] {logging_mixin.py:137} INFO - [2022-12-21T11:05:51.652+0000] {dag.py:2676} INFO - Sync 1 DAGs
[2022-12-21T11:05:51.666+0000] {logging_mixin.py:137} INFO - [2022-12-21T11:05:51.666+0000] {dag.py:3427} INFO - Setting next_dagrun for example_short_circuit_decorator to 2022-12-20T11:05:51.666139+00:00, run_after=2022-12-21T11:05:51.666139+00:00
[2022-12-21T11:05:51.678+0000] {processor.py:175} INFO - Processing /home/airflow/.local/lib/python3.7/site-packages/airflow/example_dags/example_short_circuit_decorator.py took 0.071 seconds
[2022-12-21T11:06:22.512+0000] {processor.py:153} INFO - Started process (PID=1511) to work on /home/airflow/.local/lib/python3.7/site-packages/airflow/example_dags/example_short_circuit_decorator.py
[2022-12-21T11:06:22.515+0000] {processor.py:743} INFO - Processing file /home/airflow/.local/lib/python3.7/site-packages/airflow/example_dags/example_short_circuit_decorator.py for tasks to queue
[2022-12-21T11:06:22.517+0000] {logging_mixin.py:137} INFO - [2022-12-21T11:06:22.517+0000] {dagbag.py:538} INFO - Filling up the DagBag from /home/airflow/.local/lib/python3.7/site-packages/airflow/example_dags/example_short_circuit_decorator.py
[2022-12-21T11:06:22.542+0000] {processor.py:753} INFO - DAG(s) dict_keys(['example_short_circuit_decorator']) retrieved from /home/airflow/.local/lib/python3.7/site-packages/airflow/example_dags/example_short_circuit_decorator.py
[2022-12-21T11:06:22.571+0000] {logging_mixin.py:137} INFO - [2022-12-21T11:06:22.570+0000] {dag.py:2676} INFO - Sync 1 DAGs
[2022-12-21T11:06:22.599+0000] {logging_mixin.py:137} INFO - [2022-12-21T11:06:22.599+0000] {dag.py:3427} INFO - Setting next_dagrun for example_short_circuit_decorator to 2022-12-20T11:06:22.598957+00:00, run_after=2022-12-21T11:06:22.598957+00:00
[2022-12-21T11:06:22.626+0000] {processor.py:175} INFO - Processing /home/airflow/.local/lib/python3.7/site-packages/airflow/example_dags/example_short_circuit_decorator.py took 0.120 seconds
[2022-12-21T11:06:52.842+0000] {processor.py:153} INFO - Started process (PID=1574) to work on /home/airflow/.local/lib/python3.7/site-packages/airflow/example_dags/example_short_circuit_decorator.py
[2022-12-21T11:06:52.844+0000] {processor.py:743} INFO - Processing file /home/airflow/.local/lib/python3.7/site-packages/airflow/example_dags/example_short_circuit_decorator.py for tasks to queue
[2022-12-21T11:06:52.845+0000] {logging_mixin.py:137} INFO - [2022-12-21T11:06:52.845+0000] {dagbag.py:538} INFO - Filling up the DagBag from /home/airflow/.local/lib/python3.7/site-packages/airflow/example_dags/example_short_circuit_decorator.py
[2022-12-21T11:06:52.863+0000] {processor.py:753} INFO - DAG(s) dict_keys(['example_short_circuit_decorator']) retrieved from /home/airflow/.local/lib/python3.7/site-packages/airflow/example_dags/example_short_circuit_decorator.py
[2022-12-21T11:06:52.887+0000] {logging_mixin.py:137} INFO - [2022-12-21T11:06:52.887+0000] {dag.py:2676} INFO - Sync 1 DAGs
[2022-12-21T11:06:52.908+0000] {logging_mixin.py:137} INFO - [2022-12-21T11:06:52.907+0000] {dag.py:3427} INFO - Setting next_dagrun for example_short_circuit_decorator to 2022-12-20T11:06:52.907806+00:00, run_after=2022-12-21T11:06:52.907806+00:00
[2022-12-21T11:06:52.922+0000] {processor.py:175} INFO - Processing /home/airflow/.local/lib/python3.7/site-packages/airflow/example_dags/example_short_circuit_decorator.py took 0.085 seconds
[2022-12-21T11:07:23.672+0000] {processor.py:153} INFO - Started process (PID=1647) to work on /home/airflow/.local/lib/python3.7/site-packages/airflow/example_dags/example_short_circuit_decorator.py
[2022-12-21T11:07:23.676+0000] {processor.py:743} INFO - Processing file /home/airflow/.local/lib/python3.7/site-packages/airflow/example_dags/example_short_circuit_decorator.py for tasks to queue
[2022-12-21T11:07:23.679+0000] {logging_mixin.py:137} INFO - [2022-12-21T11:07:23.679+0000] {dagbag.py:538} INFO - Filling up the DagBag from /home/airflow/.local/lib/python3.7/site-packages/airflow/example_dags/example_short_circuit_decorator.py
[2022-12-21T11:07:23.705+0000] {processor.py:753} INFO - DAG(s) dict_keys(['example_short_circuit_decorator']) retrieved from /home/airflow/.local/lib/python3.7/site-packages/airflow/example_dags/example_short_circuit_decorator.py
[2022-12-21T11:07:23.738+0000] {logging_mixin.py:137} INFO - [2022-12-21T11:07:23.738+0000] {dag.py:2676} INFO - Sync 1 DAGs
[2022-12-21T11:07:23.801+0000] {logging_mixin.py:137} INFO - [2022-12-21T11:07:23.801+0000] {dag.py:3427} INFO - Setting next_dagrun for example_short_circuit_decorator to 2022-12-20T11:07:23.801336+00:00, run_after=2022-12-21T11:07:23.801336+00:00
[2022-12-21T11:07:23.824+0000] {processor.py:175} INFO - Processing /home/airflow/.local/lib/python3.7/site-packages/airflow/example_dags/example_short_circuit_decorator.py took 0.156 seconds
[2022-12-21T11:07:54.801+0000] {processor.py:153} INFO - Started process (PID=1710) to work on /home/airflow/.local/lib/python3.7/site-packages/airflow/example_dags/example_short_circuit_decorator.py
[2022-12-21T11:07:54.803+0000] {processor.py:743} INFO - Processing file /home/airflow/.local/lib/python3.7/site-packages/airflow/example_dags/example_short_circuit_decorator.py for tasks to queue
[2022-12-21T11:07:54.804+0000] {logging_mixin.py:137} INFO - [2022-12-21T11:07:54.804+0000] {dagbag.py:538} INFO - Filling up the DagBag from /home/airflow/.local/lib/python3.7/site-packages/airflow/example_dags/example_short_circuit_decorator.py
[2022-12-21T11:07:54.821+0000] {processor.py:753} INFO - DAG(s) dict_keys(['example_short_circuit_decorator']) retrieved from /home/airflow/.local/lib/python3.7/site-packages/airflow/example_dags/example_short_circuit_decorator.py
[2022-12-21T11:07:54.845+0000] {logging_mixin.py:137} INFO - [2022-12-21T11:07:54.845+0000] {dag.py:2676} INFO - Sync 1 DAGs
[2022-12-21T11:07:54.862+0000] {logging_mixin.py:137} INFO - [2022-12-21T11:07:54.862+0000] {dag.py:3427} INFO - Setting next_dagrun for example_short_circuit_decorator to 2022-12-20T11:07:54.862710+00:00, run_after=2022-12-21T11:07:54.862710+00:00
[2022-12-21T11:07:54.875+0000] {processor.py:175} INFO - Processing /home/airflow/.local/lib/python3.7/site-packages/airflow/example_dags/example_short_circuit_decorator.py took 0.077 seconds
[2022-12-21T11:08:25.535+0000] {processor.py:153} INFO - Started process (PID=1785) to work on /home/airflow/.local/lib/python3.7/site-packages/airflow/example_dags/example_short_circuit_decorator.py
[2022-12-21T11:08:25.537+0000] {processor.py:743} INFO - Processing file /home/airflow/.local/lib/python3.7/site-packages/airflow/example_dags/example_short_circuit_decorator.py for tasks to queue
[2022-12-21T11:08:25.539+0000] {logging_mixin.py:137} INFO - [2022-12-21T11:08:25.539+0000] {dagbag.py:538} INFO - Filling up the DagBag from /home/airflow/.local/lib/python3.7/site-packages/airflow/example_dags/example_short_circuit_decorator.py
[2022-12-21T11:08:25.562+0000] {processor.py:753} INFO - DAG(s) dict_keys(['example_short_circuit_decorator']) retrieved from /home/airflow/.local/lib/python3.7/site-packages/airflow/example_dags/example_short_circuit_decorator.py
[2022-12-21T11:08:25.592+0000] {logging_mixin.py:137} INFO - [2022-12-21T11:08:25.592+0000] {dag.py:2676} INFO - Sync 1 DAGs
[2022-12-21T11:08:25.616+0000] {logging_mixin.py:137} INFO - [2022-12-21T11:08:25.616+0000] {dag.py:3427} INFO - Setting next_dagrun for example_short_circuit_decorator to 2022-12-20T11:08:25.615918+00:00, run_after=2022-12-21T11:08:25.615918+00:00
[2022-12-21T11:08:25.638+0000] {processor.py:175} INFO - Processing /home/airflow/.local/lib/python3.7/site-packages/airflow/example_dags/example_short_circuit_decorator.py took 0.106 seconds
[2022-12-21T11:08:55.852+0000] {processor.py:153} INFO - Started process (PID=1848) to work on /home/airflow/.local/lib/python3.7/site-packages/airflow/example_dags/example_short_circuit_decorator.py
[2022-12-21T11:08:55.858+0000] {processor.py:743} INFO - Processing file /home/airflow/.local/lib/python3.7/site-packages/airflow/example_dags/example_short_circuit_decorator.py for tasks to queue
[2022-12-21T11:08:55.860+0000] {logging_mixin.py:137} INFO - [2022-12-21T11:08:55.860+0000] {dagbag.py:538} INFO - Filling up the DagBag from /home/airflow/.local/lib/python3.7/site-packages/airflow/example_dags/example_short_circuit_decorator.py
[2022-12-21T11:08:55.893+0000] {processor.py:753} INFO - DAG(s) dict_keys(['example_short_circuit_decorator']) retrieved from /home/airflow/.local/lib/python3.7/site-packages/airflow/example_dags/example_short_circuit_decorator.py
[2022-12-21T11:08:55.932+0000] {logging_mixin.py:137} INFO - [2022-12-21T11:08:55.932+0000] {dag.py:2676} INFO - Sync 1 DAGs
[2022-12-21T11:08:55.955+0000] {logging_mixin.py:137} INFO - [2022-12-21T11:08:55.955+0000] {dag.py:3427} INFO - Setting next_dagrun for example_short_circuit_decorator to 2022-12-20T11:08:55.955489+00:00, run_after=2022-12-21T11:08:55.955489+00:00
[2022-12-21T11:08:55.981+0000] {processor.py:175} INFO - Processing /home/airflow/.local/lib/python3.7/site-packages/airflow/example_dags/example_short_circuit_decorator.py took 0.132 seconds
[2022-12-21T11:09:26.660+0000] {processor.py:153} INFO - Started process (PID=1921) to work on /home/airflow/.local/lib/python3.7/site-packages/airflow/example_dags/example_short_circuit_decorator.py
[2022-12-21T11:09:26.661+0000] {processor.py:743} INFO - Processing file /home/airflow/.local/lib/python3.7/site-packages/airflow/example_dags/example_short_circuit_decorator.py for tasks to queue
[2022-12-21T11:09:26.662+0000] {logging_mixin.py:137} INFO - [2022-12-21T11:09:26.662+0000] {dagbag.py:538} INFO - Filling up the DagBag from /home/airflow/.local/lib/python3.7/site-packages/airflow/example_dags/example_short_circuit_decorator.py
[2022-12-21T11:09:26.681+0000] {processor.py:753} INFO - DAG(s) dict_keys(['example_short_circuit_decorator']) retrieved from /home/airflow/.local/lib/python3.7/site-packages/airflow/example_dags/example_short_circuit_decorator.py
[2022-12-21T11:09:26.733+0000] {logging_mixin.py:137} INFO - [2022-12-21T11:09:26.733+0000] {dag.py:2676} INFO - Sync 1 DAGs
[2022-12-21T11:09:26.763+0000] {logging_mixin.py:137} INFO - [2022-12-21T11:09:26.763+0000] {dag.py:3427} INFO - Setting next_dagrun for example_short_circuit_decorator to 2022-12-20T11:09:26.763325+00:00, run_after=2022-12-21T11:09:26.763325+00:00
[2022-12-21T11:09:26.799+0000] {processor.py:175} INFO - Processing /home/airflow/.local/lib/python3.7/site-packages/airflow/example_dags/example_short_circuit_decorator.py took 0.143 seconds
[2022-12-21T11:09:57.925+0000] {processor.py:153} INFO - Started process (PID=1987) to work on /home/airflow/.local/lib/python3.7/site-packages/airflow/example_dags/example_short_circuit_decorator.py
[2022-12-21T11:09:57.926+0000] {processor.py:743} INFO - Processing file /home/airflow/.local/lib/python3.7/site-packages/airflow/example_dags/example_short_circuit_decorator.py for tasks to queue
[2022-12-21T11:09:57.927+0000] {logging_mixin.py:137} INFO - [2022-12-21T11:09:57.927+0000] {dagbag.py:538} INFO - Filling up the DagBag from /home/airflow/.local/lib/python3.7/site-packages/airflow/example_dags/example_short_circuit_decorator.py
[2022-12-21T11:09:57.945+0000] {processor.py:753} INFO - DAG(s) dict_keys(['example_short_circuit_decorator']) retrieved from /home/airflow/.local/lib/python3.7/site-packages/airflow/example_dags/example_short_circuit_decorator.py
[2022-12-21T11:09:57.970+0000] {logging_mixin.py:137} INFO - [2022-12-21T11:09:57.970+0000] {dag.py:2676} INFO - Sync 1 DAGs
[2022-12-21T11:09:57.984+0000] {logging_mixin.py:137} INFO - [2022-12-21T11:09:57.984+0000] {dag.py:3427} INFO - Setting next_dagrun for example_short_circuit_decorator to 2022-12-20T11:09:57.984551+00:00, run_after=2022-12-21T11:09:57.984551+00:00
[2022-12-21T11:09:57.996+0000] {processor.py:175} INFO - Processing /home/airflow/.local/lib/python3.7/site-packages/airflow/example_dags/example_short_circuit_decorator.py took 0.074 seconds
[2022-12-21T11:10:28.964+0000] {processor.py:153} INFO - Started process (PID=2051) to work on /home/airflow/.local/lib/python3.7/site-packages/airflow/example_dags/example_short_circuit_decorator.py
[2022-12-21T11:10:28.969+0000] {processor.py:743} INFO - Processing file /home/airflow/.local/lib/python3.7/site-packages/airflow/example_dags/example_short_circuit_decorator.py for tasks to queue
[2022-12-21T11:10:28.974+0000] {logging_mixin.py:137} INFO - [2022-12-21T11:10:28.974+0000] {dagbag.py:538} INFO - Filling up the DagBag from /home/airflow/.local/lib/python3.7/site-packages/airflow/example_dags/example_short_circuit_decorator.py
[2022-12-21T11:10:29.017+0000] {processor.py:753} INFO - DAG(s) dict_keys(['example_short_circuit_decorator']) retrieved from /home/airflow/.local/lib/python3.7/site-packages/airflow/example_dags/example_short_circuit_decorator.py
[2022-12-21T11:10:29.062+0000] {logging_mixin.py:137} INFO - [2022-12-21T11:10:29.062+0000] {dag.py:2676} INFO - Sync 1 DAGs
[2022-12-21T11:10:29.085+0000] {logging_mixin.py:137} INFO - [2022-12-21T11:10:29.085+0000] {dag.py:3427} INFO - Setting next_dagrun for example_short_circuit_decorator to 2022-12-20T11:10:29.085667+00:00, run_after=2022-12-21T11:10:29.085667+00:00
[2022-12-21T11:10:29.125+0000] {processor.py:175} INFO - Processing /home/airflow/.local/lib/python3.7/site-packages/airflow/example_dags/example_short_circuit_decorator.py took 0.168 seconds
[2022-12-21T11:10:59.846+0000] {processor.py:153} INFO - Started process (PID=2125) to work on /home/airflow/.local/lib/python3.7/site-packages/airflow/example_dags/example_short_circuit_decorator.py
[2022-12-21T11:10:59.850+0000] {processor.py:743} INFO - Processing file /home/airflow/.local/lib/python3.7/site-packages/airflow/example_dags/example_short_circuit_decorator.py for tasks to queue
[2022-12-21T11:10:59.854+0000] {logging_mixin.py:137} INFO - [2022-12-21T11:10:59.854+0000] {dagbag.py:538} INFO - Filling up the DagBag from /home/airflow/.local/lib/python3.7/site-packages/airflow/example_dags/example_short_circuit_decorator.py
[2022-12-21T11:10:59.917+0000] {processor.py:753} INFO - DAG(s) dict_keys(['example_short_circuit_decorator']) retrieved from /home/airflow/.local/lib/python3.7/site-packages/airflow/example_dags/example_short_circuit_decorator.py
[2022-12-21T11:10:59.995+0000] {logging_mixin.py:137} INFO - [2022-12-21T11:10:59.995+0000] {dag.py:2676} INFO - Sync 1 DAGs
[2022-12-21T11:11:00.042+0000] {logging_mixin.py:137} INFO - [2022-12-21T11:11:00.042+0000] {dag.py:3427} INFO - Setting next_dagrun for example_short_circuit_decorator to 2022-12-20T11:11:00.042019+00:00, run_after=2022-12-21T11:11:00.042019+00:00
[2022-12-21T11:11:00.063+0000] {processor.py:175} INFO - Processing /home/airflow/.local/lib/python3.7/site-packages/airflow/example_dags/example_short_circuit_decorator.py took 0.222 seconds
