[2022-12-21T07:24:16.731+0000] {processor.py:153} INFO - Started process (PID=48) to work on /home/airflow/.local/lib/python3.7/site-packages/airflow/example_dags/example_branch_labels.py
[2022-12-21T07:24:16.734+0000] {processor.py:743} INFO - Processing file /home/airflow/.local/lib/python3.7/site-packages/airflow/example_dags/example_branch_labels.py for tasks to queue
[2022-12-21T07:24:16.737+0000] {logging_mixin.py:137} INFO - [2022-12-21T07:24:16.737+0000] {dagbag.py:538} INFO - Filling up the DagBag from /home/airflow/.local/lib/python3.7/site-packages/airflow/example_dags/example_branch_labels.py
[2022-12-21T07:24:16.756+0000] {processor.py:753} INFO - DAG(s) dict_keys(['example_branch_labels']) retrieved from /home/airflow/.local/lib/python3.7/site-packages/airflow/example_dags/example_branch_labels.py
[2022-12-21T07:24:16.794+0000] {logging_mixin.py:137} INFO - [2022-12-21T07:24:16.794+0000] {dag.py:2676} INFO - Sync 1 DAGs
[2022-12-21T07:24:16.864+0000] {logging_mixin.py:137} INFO - [2022-12-21T07:24:16.864+0000] {dag.py:3427} INFO - Setting next_dagrun for example_branch_labels to 2022-12-20T00:00:00+00:00, run_after=2022-12-21T00:00:00+00:00
[2022-12-21T07:24:16.898+0000] {processor.py:175} INFO - Processing /home/airflow/.local/lib/python3.7/site-packages/airflow/example_dags/example_branch_labels.py took 0.172 seconds
[2022-12-21T09:45:57.818+0000] {processor.py:153} INFO - Started process (PID=81) to work on /home/airflow/.local/lib/python3.7/site-packages/airflow/example_dags/example_branch_labels.py
[2022-12-21T09:45:58.041+0000] {processor.py:743} INFO - Processing file /home/airflow/.local/lib/python3.7/site-packages/airflow/example_dags/example_branch_labels.py for tasks to queue
[2022-12-21T09:45:58.090+0000] {logging_mixin.py:137} INFO - [2022-12-21T09:45:58.077+0000] {dagbag.py:538} INFO - Filling up the DagBag from /home/airflow/.local/lib/python3.7/site-packages/airflow/example_dags/example_branch_labels.py
[2022-12-21T09:46:03.873+0000] {processor.py:753} INFO - DAG(s) dict_keys(['example_branch_labels']) retrieved from /home/airflow/.local/lib/python3.7/site-packages/airflow/example_dags/example_branch_labels.py
[2022-12-21T09:46:06.830+0000] {logging_mixin.py:137} INFO - [2022-12-21T09:46:06.828+0000] {dag.py:2676} INFO - Sync 1 DAGs
[2022-12-21T09:46:09.876+0000] {logging_mixin.py:137} INFO - [2022-12-21T09:46:09.875+0000] {dag.py:3427} INFO - Setting next_dagrun for example_branch_labels to 2022-12-20T00:00:00+00:00, run_after=2022-12-21T00:00:00+00:00
[2022-12-21T09:46:12.912+0000] {processor.py:175} INFO - Processing /home/airflow/.local/lib/python3.7/site-packages/airflow/example_dags/example_branch_labels.py took 15.359 seconds
[2022-12-21T09:47:27.055+0000] {processor.py:153} INFO - Started process (PID=172) to work on /home/airflow/.local/lib/python3.7/site-packages/airflow/example_dags/example_branch_labels.py
[2022-12-21T09:47:27.062+0000] {processor.py:743} INFO - Processing file /home/airflow/.local/lib/python3.7/site-packages/airflow/example_dags/example_branch_labels.py for tasks to queue
[2022-12-21T09:47:27.075+0000] {logging_mixin.py:137} INFO - [2022-12-21T09:47:27.075+0000] {dagbag.py:538} INFO - Filling up the DagBag from /home/airflow/.local/lib/python3.7/site-packages/airflow/example_dags/example_branch_labels.py
[2022-12-21T09:47:27.120+0000] {processor.py:753} INFO - DAG(s) dict_keys(['example_branch_labels']) retrieved from /home/airflow/.local/lib/python3.7/site-packages/airflow/example_dags/example_branch_labels.py
[2022-12-21T09:47:27.199+0000] {logging_mixin.py:137} INFO - [2022-12-21T09:47:27.198+0000] {dag.py:2676} INFO - Sync 1 DAGs
[2022-12-21T09:47:27.241+0000] {logging_mixin.py:137} INFO - [2022-12-21T09:47:27.240+0000] {dag.py:3427} INFO - Setting next_dagrun for example_branch_labels to 2022-12-20T00:00:00+00:00, run_after=2022-12-21T00:00:00+00:00
[2022-12-21T09:47:27.273+0000] {processor.py:175} INFO - Processing /home/airflow/.local/lib/python3.7/site-packages/airflow/example_dags/example_branch_labels.py took 0.220 seconds
[2022-12-21T09:47:58.048+0000] {processor.py:153} INFO - Started process (PID=247) to work on /home/airflow/.local/lib/python3.7/site-packages/airflow/example_dags/example_branch_labels.py
[2022-12-21T09:47:58.052+0000] {processor.py:743} INFO - Processing file /home/airflow/.local/lib/python3.7/site-packages/airflow/example_dags/example_branch_labels.py for tasks to queue
[2022-12-21T09:47:58.056+0000] {logging_mixin.py:137} INFO - [2022-12-21T09:47:58.055+0000] {dagbag.py:538} INFO - Filling up the DagBag from /home/airflow/.local/lib/python3.7/site-packages/airflow/example_dags/example_branch_labels.py
[2022-12-21T09:47:58.080+0000] {processor.py:753} INFO - DAG(s) dict_keys(['example_branch_labels']) retrieved from /home/airflow/.local/lib/python3.7/site-packages/airflow/example_dags/example_branch_labels.py
[2022-12-21T09:47:58.128+0000] {logging_mixin.py:137} INFO - [2022-12-21T09:47:58.128+0000] {dag.py:2676} INFO - Sync 1 DAGs
[2022-12-21T09:47:58.163+0000] {logging_mixin.py:137} INFO - [2022-12-21T09:47:58.163+0000] {dag.py:3427} INFO - Setting next_dagrun for example_branch_labels to 2022-12-20T00:00:00+00:00, run_after=2022-12-21T00:00:00+00:00
[2022-12-21T09:47:58.211+0000] {processor.py:175} INFO - Processing /home/airflow/.local/lib/python3.7/site-packages/airflow/example_dags/example_branch_labels.py took 0.167 seconds
[2022-12-21T09:48:28.492+0000] {processor.py:153} INFO - Started process (PID=310) to work on /home/airflow/.local/lib/python3.7/site-packages/airflow/example_dags/example_branch_labels.py
[2022-12-21T09:48:28.494+0000] {processor.py:743} INFO - Processing file /home/airflow/.local/lib/python3.7/site-packages/airflow/example_dags/example_branch_labels.py for tasks to queue
[2022-12-21T09:48:28.495+0000] {logging_mixin.py:137} INFO - [2022-12-21T09:48:28.495+0000] {dagbag.py:538} INFO - Filling up the DagBag from /home/airflow/.local/lib/python3.7/site-packages/airflow/example_dags/example_branch_labels.py
[2022-12-21T09:48:28.505+0000] {processor.py:753} INFO - DAG(s) dict_keys(['example_branch_labels']) retrieved from /home/airflow/.local/lib/python3.7/site-packages/airflow/example_dags/example_branch_labels.py
[2022-12-21T09:48:28.533+0000] {logging_mixin.py:137} INFO - [2022-12-21T09:48:28.533+0000] {dag.py:2676} INFO - Sync 1 DAGs
[2022-12-21T09:48:28.553+0000] {logging_mixin.py:137} INFO - [2022-12-21T09:48:28.553+0000] {dag.py:3427} INFO - Setting next_dagrun for example_branch_labels to 2022-12-20T00:00:00+00:00, run_after=2022-12-21T00:00:00+00:00
[2022-12-21T09:48:28.565+0000] {processor.py:175} INFO - Processing /home/airflow/.local/lib/python3.7/site-packages/airflow/example_dags/example_branch_labels.py took 0.075 seconds
[2022-12-21T09:49:00.277+0000] {processor.py:153} INFO - Started process (PID=385) to work on /home/airflow/.local/lib/python3.7/site-packages/airflow/example_dags/example_branch_labels.py
[2022-12-21T09:49:00.283+0000] {processor.py:743} INFO - Processing file /home/airflow/.local/lib/python3.7/site-packages/airflow/example_dags/example_branch_labels.py for tasks to queue
[2022-12-21T09:49:00.285+0000] {logging_mixin.py:137} INFO - [2022-12-21T09:49:00.285+0000] {dagbag.py:538} INFO - Filling up the DagBag from /home/airflow/.local/lib/python3.7/site-packages/airflow/example_dags/example_branch_labels.py
[2022-12-21T09:49:00.303+0000] {processor.py:753} INFO - DAG(s) dict_keys(['example_branch_labels']) retrieved from /home/airflow/.local/lib/python3.7/site-packages/airflow/example_dags/example_branch_labels.py
[2022-12-21T09:49:00.342+0000] {logging_mixin.py:137} INFO - [2022-12-21T09:49:00.341+0000] {dag.py:2676} INFO - Sync 1 DAGs
[2022-12-21T09:49:00.367+0000] {logging_mixin.py:137} INFO - [2022-12-21T09:49:00.366+0000] {dag.py:3427} INFO - Setting next_dagrun for example_branch_labels to 2022-12-20T00:00:00+00:00, run_after=2022-12-21T00:00:00+00:00
[2022-12-21T09:49:00.381+0000] {processor.py:175} INFO - Processing /home/airflow/.local/lib/python3.7/site-packages/airflow/example_dags/example_branch_labels.py took 0.110 seconds
[2022-12-21T09:49:30.866+0000] {processor.py:153} INFO - Started process (PID=448) to work on /home/airflow/.local/lib/python3.7/site-packages/airflow/example_dags/example_branch_labels.py
[2022-12-21T09:49:30.874+0000] {processor.py:743} INFO - Processing file /home/airflow/.local/lib/python3.7/site-packages/airflow/example_dags/example_branch_labels.py for tasks to queue
[2022-12-21T09:49:30.879+0000] {logging_mixin.py:137} INFO - [2022-12-21T09:49:30.879+0000] {dagbag.py:538} INFO - Filling up the DagBag from /home/airflow/.local/lib/python3.7/site-packages/airflow/example_dags/example_branch_labels.py
[2022-12-21T09:49:30.917+0000] {processor.py:753} INFO - DAG(s) dict_keys(['example_branch_labels']) retrieved from /home/airflow/.local/lib/python3.7/site-packages/airflow/example_dags/example_branch_labels.py
[2022-12-21T09:49:30.980+0000] {logging_mixin.py:137} INFO - [2022-12-21T09:49:30.980+0000] {dag.py:2676} INFO - Sync 1 DAGs
[2022-12-21T09:49:31.013+0000] {logging_mixin.py:137} INFO - [2022-12-21T09:49:31.013+0000] {dag.py:3427} INFO - Setting next_dagrun for example_branch_labels to 2022-12-20T00:00:00+00:00, run_after=2022-12-21T00:00:00+00:00
[2022-12-21T09:49:31.043+0000] {processor.py:175} INFO - Processing /home/airflow/.local/lib/python3.7/site-packages/airflow/example_dags/example_branch_labels.py took 0.186 seconds
[2022-12-21T09:50:01.938+0000] {processor.py:153} INFO - Started process (PID=511) to work on /home/airflow/.local/lib/python3.7/site-packages/airflow/example_dags/example_branch_labels.py
[2022-12-21T09:50:01.941+0000] {processor.py:743} INFO - Processing file /home/airflow/.local/lib/python3.7/site-packages/airflow/example_dags/example_branch_labels.py for tasks to queue
[2022-12-21T09:50:01.943+0000] {logging_mixin.py:137} INFO - [2022-12-21T09:50:01.943+0000] {dagbag.py:538} INFO - Filling up the DagBag from /home/airflow/.local/lib/python3.7/site-packages/airflow/example_dags/example_branch_labels.py
[2022-12-21T09:50:01.959+0000] {processor.py:753} INFO - DAG(s) dict_keys(['example_branch_labels']) retrieved from /home/airflow/.local/lib/python3.7/site-packages/airflow/example_dags/example_branch_labels.py
[2022-12-21T09:50:01.999+0000] {logging_mixin.py:137} INFO - [2022-12-21T09:50:01.999+0000] {dag.py:2676} INFO - Sync 1 DAGs
[2022-12-21T09:50:02.020+0000] {logging_mixin.py:137} INFO - [2022-12-21T09:50:02.020+0000] {dag.py:3427} INFO - Setting next_dagrun for example_branch_labels to 2022-12-20T00:00:00+00:00, run_after=2022-12-21T00:00:00+00:00
[2022-12-21T09:50:02.036+0000] {processor.py:175} INFO - Processing /home/airflow/.local/lib/python3.7/site-packages/airflow/example_dags/example_branch_labels.py took 0.102 seconds
[2022-12-21T09:50:32.947+0000] {processor.py:153} INFO - Started process (PID=587) to work on /home/airflow/.local/lib/python3.7/site-packages/airflow/example_dags/example_branch_labels.py
[2022-12-21T09:50:32.949+0000] {processor.py:743} INFO - Processing file /home/airflow/.local/lib/python3.7/site-packages/airflow/example_dags/example_branch_labels.py for tasks to queue
[2022-12-21T09:50:32.951+0000] {logging_mixin.py:137} INFO - [2022-12-21T09:50:32.950+0000] {dagbag.py:538} INFO - Filling up the DagBag from /home/airflow/.local/lib/python3.7/site-packages/airflow/example_dags/example_branch_labels.py
[2022-12-21T09:50:32.961+0000] {processor.py:753} INFO - DAG(s) dict_keys(['example_branch_labels']) retrieved from /home/airflow/.local/lib/python3.7/site-packages/airflow/example_dags/example_branch_labels.py
[2022-12-21T09:50:32.988+0000] {logging_mixin.py:137} INFO - [2022-12-21T09:50:32.988+0000] {dag.py:2676} INFO - Sync 1 DAGs
[2022-12-21T09:50:33.019+0000] {logging_mixin.py:137} INFO - [2022-12-21T09:50:33.018+0000] {dag.py:3427} INFO - Setting next_dagrun for example_branch_labels to 2022-12-20T00:00:00+00:00, run_after=2022-12-21T00:00:00+00:00
[2022-12-21T09:50:33.042+0000] {processor.py:175} INFO - Processing /home/airflow/.local/lib/python3.7/site-packages/airflow/example_dags/example_branch_labels.py took 0.098 seconds
[2022-12-21T09:51:03.508+0000] {processor.py:153} INFO - Started process (PID=650) to work on /home/airflow/.local/lib/python3.7/site-packages/airflow/example_dags/example_branch_labels.py
[2022-12-21T09:51:03.510+0000] {processor.py:743} INFO - Processing file /home/airflow/.local/lib/python3.7/site-packages/airflow/example_dags/example_branch_labels.py for tasks to queue
[2022-12-21T09:51:03.512+0000] {logging_mixin.py:137} INFO - [2022-12-21T09:51:03.512+0000] {dagbag.py:538} INFO - Filling up the DagBag from /home/airflow/.local/lib/python3.7/site-packages/airflow/example_dags/example_branch_labels.py
[2022-12-21T09:51:03.525+0000] {processor.py:753} INFO - DAG(s) dict_keys(['example_branch_labels']) retrieved from /home/airflow/.local/lib/python3.7/site-packages/airflow/example_dags/example_branch_labels.py
[2022-12-21T09:51:03.548+0000] {logging_mixin.py:137} INFO - [2022-12-21T09:51:03.548+0000] {dag.py:2676} INFO - Sync 1 DAGs
[2022-12-21T09:51:03.565+0000] {logging_mixin.py:137} INFO - [2022-12-21T09:51:03.565+0000] {dag.py:3427} INFO - Setting next_dagrun for example_branch_labels to 2022-12-20T00:00:00+00:00, run_after=2022-12-21T00:00:00+00:00
[2022-12-21T09:51:03.578+0000] {processor.py:175} INFO - Processing /home/airflow/.local/lib/python3.7/site-packages/airflow/example_dags/example_branch_labels.py took 0.072 seconds
[2022-12-21T09:51:34.084+0000] {processor.py:153} INFO - Started process (PID=725) to work on /home/airflow/.local/lib/python3.7/site-packages/airflow/example_dags/example_branch_labels.py
[2022-12-21T09:51:34.087+0000] {processor.py:743} INFO - Processing file /home/airflow/.local/lib/python3.7/site-packages/airflow/example_dags/example_branch_labels.py for tasks to queue
[2022-12-21T09:51:34.089+0000] {logging_mixin.py:137} INFO - [2022-12-21T09:51:34.089+0000] {dagbag.py:538} INFO - Filling up the DagBag from /home/airflow/.local/lib/python3.7/site-packages/airflow/example_dags/example_branch_labels.py
[2022-12-21T09:51:34.104+0000] {processor.py:753} INFO - DAG(s) dict_keys(['example_branch_labels']) retrieved from /home/airflow/.local/lib/python3.7/site-packages/airflow/example_dags/example_branch_labels.py
[2022-12-21T09:51:34.143+0000] {logging_mixin.py:137} INFO - [2022-12-21T09:51:34.143+0000] {dag.py:2676} INFO - Sync 1 DAGs
[2022-12-21T09:51:34.189+0000] {logging_mixin.py:137} INFO - [2022-12-21T09:51:34.189+0000] {dag.py:3427} INFO - Setting next_dagrun for example_branch_labels to 2022-12-20T00:00:00+00:00, run_after=2022-12-21T00:00:00+00:00
[2022-12-21T09:51:34.202+0000] {processor.py:175} INFO - Processing /home/airflow/.local/lib/python3.7/site-packages/airflow/example_dags/example_branch_labels.py took 0.123 seconds
[2022-12-21T09:52:05.165+0000] {processor.py:153} INFO - Started process (PID=788) to work on /home/airflow/.local/lib/python3.7/site-packages/airflow/example_dags/example_branch_labels.py
[2022-12-21T09:52:05.188+0000] {processor.py:743} INFO - Processing file /home/airflow/.local/lib/python3.7/site-packages/airflow/example_dags/example_branch_labels.py for tasks to queue
[2022-12-21T09:52:05.191+0000] {logging_mixin.py:137} INFO - [2022-12-21T09:52:05.191+0000] {dagbag.py:538} INFO - Filling up the DagBag from /home/airflow/.local/lib/python3.7/site-packages/airflow/example_dags/example_branch_labels.py
[2022-12-21T09:52:05.220+0000] {processor.py:753} INFO - DAG(s) dict_keys(['example_branch_labels']) retrieved from /home/airflow/.local/lib/python3.7/site-packages/airflow/example_dags/example_branch_labels.py
[2022-12-21T09:52:05.300+0000] {logging_mixin.py:137} INFO - [2022-12-21T09:52:05.299+0000] {dag.py:2676} INFO - Sync 1 DAGs
[2022-12-21T09:52:05.327+0000] {logging_mixin.py:137} INFO - [2022-12-21T09:52:05.327+0000] {dag.py:3427} INFO - Setting next_dagrun for example_branch_labels to 2022-12-20T00:00:00+00:00, run_after=2022-12-21T00:00:00+00:00
[2022-12-21T09:52:05.355+0000] {processor.py:175} INFO - Processing /home/airflow/.local/lib/python3.7/site-packages/airflow/example_dags/example_branch_labels.py took 0.202 seconds
[2022-12-21T10:25:48.415+0000] {processor.py:153} INFO - Started process (PID=837) to work on /home/airflow/.local/lib/python3.7/site-packages/airflow/example_dags/example_branch_labels.py
[2022-12-21T10:25:50.311+0000] {processor.py:743} INFO - Processing file /home/airflow/.local/lib/python3.7/site-packages/airflow/example_dags/example_branch_labels.py for tasks to queue
[2022-12-21T10:25:50.830+0000] {logging_mixin.py:137} INFO - [2022-12-21T10:25:50.582+0000] {dagbag.py:538} INFO - Filling up the DagBag from /home/airflow/.local/lib/python3.7/site-packages/airflow/example_dags/example_branch_labels.py
[2022-12-21T10:25:52.469+0000] {processor.py:753} INFO - DAG(s) dict_keys(['example_branch_labels']) retrieved from /home/airflow/.local/lib/python3.7/site-packages/airflow/example_dags/example_branch_labels.py
[2022-12-21T10:25:53.431+0000] {logging_mixin.py:137} INFO - [2022-12-21T10:25:53.427+0000] {dag.py:2676} INFO - Sync 1 DAGs
[2022-12-21T10:25:53.550+0000] {logging_mixin.py:137} INFO - [2022-12-21T10:25:53.549+0000] {dag.py:3427} INFO - Setting next_dagrun for example_branch_labels to 2022-12-20T00:00:00+00:00, run_after=2022-12-21T00:00:00+00:00
[2022-12-21T10:25:53.619+0000] {processor.py:175} INFO - Processing /home/airflow/.local/lib/python3.7/site-packages/airflow/example_dags/example_branch_labels.py took 5.207 seconds
[2022-12-21T11:01:02.737+0000] {processor.py:153} INFO - Started process (PID=899) to work on /home/airflow/.local/lib/python3.7/site-packages/airflow/example_dags/example_branch_labels.py
[2022-12-21T11:01:02.740+0000] {processor.py:743} INFO - Processing file /home/airflow/.local/lib/python3.7/site-packages/airflow/example_dags/example_branch_labels.py for tasks to queue
[2022-12-21T11:01:02.741+0000] {logging_mixin.py:137} INFO - [2022-12-21T11:01:02.741+0000] {dagbag.py:538} INFO - Filling up the DagBag from /home/airflow/.local/lib/python3.7/site-packages/airflow/example_dags/example_branch_labels.py
[2022-12-21T11:01:02.752+0000] {processor.py:753} INFO - DAG(s) dict_keys(['example_branch_labels']) retrieved from /home/airflow/.local/lib/python3.7/site-packages/airflow/example_dags/example_branch_labels.py
[2022-12-21T11:01:02.782+0000] {logging_mixin.py:137} INFO - [2022-12-21T11:01:02.782+0000] {dag.py:2676} INFO - Sync 1 DAGs
[2022-12-21T11:01:02.798+0000] {logging_mixin.py:137} INFO - [2022-12-21T11:01:02.798+0000] {dag.py:3427} INFO - Setting next_dagrun for example_branch_labels to 2022-12-20T00:00:00+00:00, run_after=2022-12-21T00:00:00+00:00
[2022-12-21T11:01:02.814+0000] {processor.py:175} INFO - Processing /home/airflow/.local/lib/python3.7/site-packages/airflow/example_dags/example_branch_labels.py took 0.079 seconds
[2022-12-21T11:01:40.216+0000] {processor.py:153} INFO - Started process (PID=952) to work on /home/airflow/.local/lib/python3.7/site-packages/airflow/example_dags/example_branch_labels.py
[2022-12-21T11:01:40.219+0000] {processor.py:743} INFO - Processing file /home/airflow/.local/lib/python3.7/site-packages/airflow/example_dags/example_branch_labels.py for tasks to queue
[2022-12-21T11:01:40.220+0000] {logging_mixin.py:137} INFO - [2022-12-21T11:01:40.220+0000] {dagbag.py:538} INFO - Filling up the DagBag from /home/airflow/.local/lib/python3.7/site-packages/airflow/example_dags/example_branch_labels.py
[2022-12-21T11:01:40.237+0000] {processor.py:753} INFO - DAG(s) dict_keys(['example_branch_labels']) retrieved from /home/airflow/.local/lib/python3.7/site-packages/airflow/example_dags/example_branch_labels.py
[2022-12-21T11:01:40.301+0000] {logging_mixin.py:137} INFO - [2022-12-21T11:01:40.301+0000] {dag.py:2676} INFO - Sync 1 DAGs
[2022-12-21T11:01:40.344+0000] {logging_mixin.py:137} INFO - [2022-12-21T11:01:40.344+0000] {dag.py:3427} INFO - Setting next_dagrun for example_branch_labels to 2022-12-20T00:00:00+00:00, run_after=2022-12-21T00:00:00+00:00
[2022-12-21T11:01:40.379+0000] {processor.py:175} INFO - Processing /home/airflow/.local/lib/python3.7/site-packages/airflow/example_dags/example_branch_labels.py took 0.168 seconds
[2022-12-21T11:02:15.943+0000] {processor.py:153} INFO - Started process (PID=1019) to work on /home/airflow/.local/lib/python3.7/site-packages/airflow/example_dags/example_branch_labels.py
[2022-12-21T11:02:15.951+0000] {processor.py:743} INFO - Processing file /home/airflow/.local/lib/python3.7/site-packages/airflow/example_dags/example_branch_labels.py for tasks to queue
[2022-12-21T11:02:15.954+0000] {logging_mixin.py:137} INFO - [2022-12-21T11:02:15.954+0000] {dagbag.py:538} INFO - Filling up the DagBag from /home/airflow/.local/lib/python3.7/site-packages/airflow/example_dags/example_branch_labels.py
[2022-12-21T11:02:16.005+0000] {processor.py:753} INFO - DAG(s) dict_keys(['example_branch_labels']) retrieved from /home/airflow/.local/lib/python3.7/site-packages/airflow/example_dags/example_branch_labels.py
[2022-12-21T11:02:16.106+0000] {logging_mixin.py:137} INFO - [2022-12-21T11:02:16.106+0000] {dag.py:2676} INFO - Sync 1 DAGs
[2022-12-21T11:02:16.174+0000] {logging_mixin.py:137} INFO - [2022-12-21T11:02:16.174+0000] {dag.py:3427} INFO - Setting next_dagrun for example_branch_labels to 2022-12-20T00:00:00+00:00, run_after=2022-12-21T00:00:00+00:00
[2022-12-21T11:02:16.230+0000] {processor.py:175} INFO - Processing /home/airflow/.local/lib/python3.7/site-packages/airflow/example_dags/example_branch_labels.py took 0.291 seconds
[2022-12-21T11:03:03.885+0000] {processor.py:153} INFO - Started process (PID=1098) to work on /home/airflow/.local/lib/python3.7/site-packages/airflow/example_dags/example_branch_labels.py
[2022-12-21T11:03:03.891+0000] {processor.py:743} INFO - Processing file /home/airflow/.local/lib/python3.7/site-packages/airflow/example_dags/example_branch_labels.py for tasks to queue
[2022-12-21T11:03:03.895+0000] {logging_mixin.py:137} INFO - [2022-12-21T11:03:03.894+0000] {dagbag.py:538} INFO - Filling up the DagBag from /home/airflow/.local/lib/python3.7/site-packages/airflow/example_dags/example_branch_labels.py
[2022-12-21T11:03:04.021+0000] {processor.py:753} INFO - DAG(s) dict_keys(['example_branch_labels']) retrieved from /home/airflow/.local/lib/python3.7/site-packages/airflow/example_dags/example_branch_labels.py
[2022-12-21T11:03:04.700+0000] {logging_mixin.py:137} INFO - [2022-12-21T11:03:04.699+0000] {dag.py:2676} INFO - Sync 1 DAGs
[2022-12-21T11:03:04.869+0000] {logging_mixin.py:137} INFO - [2022-12-21T11:03:04.869+0000] {dag.py:3427} INFO - Setting next_dagrun for example_branch_labels to 2022-12-20T00:00:00+00:00, run_after=2022-12-21T00:00:00+00:00
[2022-12-21T11:03:05.063+0000] {processor.py:175} INFO - Processing /home/airflow/.local/lib/python3.7/site-packages/airflow/example_dags/example_branch_labels.py took 1.181 seconds
[2022-12-21T11:03:36.180+0000] {processor.py:153} INFO - Started process (PID=1153) to work on /home/airflow/.local/lib/python3.7/site-packages/airflow/example_dags/example_branch_labels.py
[2022-12-21T11:03:36.184+0000] {processor.py:743} INFO - Processing file /home/airflow/.local/lib/python3.7/site-packages/airflow/example_dags/example_branch_labels.py for tasks to queue
[2022-12-21T11:03:36.187+0000] {logging_mixin.py:137} INFO - [2022-12-21T11:03:36.187+0000] {dagbag.py:538} INFO - Filling up the DagBag from /home/airflow/.local/lib/python3.7/site-packages/airflow/example_dags/example_branch_labels.py
[2022-12-21T11:03:36.223+0000] {processor.py:753} INFO - DAG(s) dict_keys(['example_branch_labels']) retrieved from /home/airflow/.local/lib/python3.7/site-packages/airflow/example_dags/example_branch_labels.py
[2022-12-21T11:03:36.288+0000] {logging_mixin.py:137} INFO - [2022-12-21T11:03:36.288+0000] {dag.py:2676} INFO - Sync 1 DAGs
[2022-12-21T11:03:36.322+0000] {logging_mixin.py:137} INFO - [2022-12-21T11:03:36.322+0000] {dag.py:3427} INFO - Setting next_dagrun for example_branch_labels to 2022-12-20T00:00:00+00:00, run_after=2022-12-21T00:00:00+00:00
[2022-12-21T11:03:36.350+0000] {processor.py:175} INFO - Processing /home/airflow/.local/lib/python3.7/site-packages/airflow/example_dags/example_branch_labels.py took 0.178 seconds
[2022-12-21T11:04:07.136+0000] {processor.py:153} INFO - Started process (PID=1216) to work on /home/airflow/.local/lib/python3.7/site-packages/airflow/example_dags/example_branch_labels.py
[2022-12-21T11:04:07.162+0000] {processor.py:743} INFO - Processing file /home/airflow/.local/lib/python3.7/site-packages/airflow/example_dags/example_branch_labels.py for tasks to queue
[2022-12-21T11:04:07.167+0000] {logging_mixin.py:137} INFO - [2022-12-21T11:04:07.166+0000] {dagbag.py:538} INFO - Filling up the DagBag from /home/airflow/.local/lib/python3.7/site-packages/airflow/example_dags/example_branch_labels.py
[2022-12-21T11:04:07.233+0000] {processor.py:753} INFO - DAG(s) dict_keys(['example_branch_labels']) retrieved from /home/airflow/.local/lib/python3.7/site-packages/airflow/example_dags/example_branch_labels.py
[2022-12-21T11:04:07.488+0000] {logging_mixin.py:137} INFO - [2022-12-21T11:04:07.488+0000] {dag.py:2676} INFO - Sync 1 DAGs
[2022-12-21T11:04:07.760+0000] {logging_mixin.py:137} INFO - [2022-12-21T11:04:07.759+0000] {dag.py:3427} INFO - Setting next_dagrun for example_branch_labels to 2022-12-20T00:00:00+00:00, run_after=2022-12-21T00:00:00+00:00
[2022-12-21T11:04:07.975+0000] {processor.py:175} INFO - Processing /home/airflow/.local/lib/python3.7/site-packages/airflow/example_dags/example_branch_labels.py took 0.881 seconds
[2022-12-21T11:04:38.150+0000] {processor.py:153} INFO - Started process (PID=1277) to work on /home/airflow/.local/lib/python3.7/site-packages/airflow/example_dags/example_branch_labels.py
[2022-12-21T11:04:38.153+0000] {processor.py:743} INFO - Processing file /home/airflow/.local/lib/python3.7/site-packages/airflow/example_dags/example_branch_labels.py for tasks to queue
[2022-12-21T11:04:38.155+0000] {logging_mixin.py:137} INFO - [2022-12-21T11:04:38.154+0000] {dagbag.py:538} INFO - Filling up the DagBag from /home/airflow/.local/lib/python3.7/site-packages/airflow/example_dags/example_branch_labels.py
[2022-12-21T11:04:38.186+0000] {processor.py:753} INFO - DAG(s) dict_keys(['example_branch_labels']) retrieved from /home/airflow/.local/lib/python3.7/site-packages/airflow/example_dags/example_branch_labels.py
[2022-12-21T11:04:38.259+0000] {logging_mixin.py:137} INFO - [2022-12-21T11:04:38.259+0000] {dag.py:2676} INFO - Sync 1 DAGs
[2022-12-21T11:04:38.301+0000] {logging_mixin.py:137} INFO - [2022-12-21T11:04:38.301+0000] {dag.py:3427} INFO - Setting next_dagrun for example_branch_labels to 2022-12-20T00:00:00+00:00, run_after=2022-12-21T00:00:00+00:00
[2022-12-21T11:04:38.327+0000] {processor.py:175} INFO - Processing /home/airflow/.local/lib/python3.7/site-packages/airflow/example_dags/example_branch_labels.py took 0.184 seconds
[2022-12-21T11:05:08.800+0000] {processor.py:153} INFO - Started process (PID=1353) to work on /home/airflow/.local/lib/python3.7/site-packages/airflow/example_dags/example_branch_labels.py
[2022-12-21T11:05:08.808+0000] {processor.py:743} INFO - Processing file /home/airflow/.local/lib/python3.7/site-packages/airflow/example_dags/example_branch_labels.py for tasks to queue
[2022-12-21T11:05:08.816+0000] {logging_mixin.py:137} INFO - [2022-12-21T11:05:08.815+0000] {dagbag.py:538} INFO - Filling up the DagBag from /home/airflow/.local/lib/python3.7/site-packages/airflow/example_dags/example_branch_labels.py
[2022-12-21T11:05:08.866+0000] {processor.py:753} INFO - DAG(s) dict_keys(['example_branch_labels']) retrieved from /home/airflow/.local/lib/python3.7/site-packages/airflow/example_dags/example_branch_labels.py
[2022-12-21T11:05:08.972+0000] {logging_mixin.py:137} INFO - [2022-12-21T11:05:08.972+0000] {dag.py:2676} INFO - Sync 1 DAGs
[2022-12-21T11:05:09.016+0000] {logging_mixin.py:137} INFO - [2022-12-21T11:05:09.016+0000] {dag.py:3427} INFO - Setting next_dagrun for example_branch_labels to 2022-12-20T00:00:00+00:00, run_after=2022-12-21T00:00:00+00:00
[2022-12-21T11:05:09.044+0000] {processor.py:175} INFO - Processing /home/airflow/.local/lib/python3.7/site-packages/airflow/example_dags/example_branch_labels.py took 0.260 seconds
[2022-12-21T11:05:39.374+0000] {processor.py:153} INFO - Started process (PID=1416) to work on /home/airflow/.local/lib/python3.7/site-packages/airflow/example_dags/example_branch_labels.py
[2022-12-21T11:05:39.378+0000] {processor.py:743} INFO - Processing file /home/airflow/.local/lib/python3.7/site-packages/airflow/example_dags/example_branch_labels.py for tasks to queue
[2022-12-21T11:05:39.384+0000] {logging_mixin.py:137} INFO - [2022-12-21T11:05:39.383+0000] {dagbag.py:538} INFO - Filling up the DagBag from /home/airflow/.local/lib/python3.7/site-packages/airflow/example_dags/example_branch_labels.py
[2022-12-21T11:05:39.400+0000] {processor.py:753} INFO - DAG(s) dict_keys(['example_branch_labels']) retrieved from /home/airflow/.local/lib/python3.7/site-packages/airflow/example_dags/example_branch_labels.py
[2022-12-21T11:05:39.442+0000] {logging_mixin.py:137} INFO - [2022-12-21T11:05:39.442+0000] {dag.py:2676} INFO - Sync 1 DAGs
[2022-12-21T11:05:39.461+0000] {logging_mixin.py:137} INFO - [2022-12-21T11:05:39.460+0000] {dag.py:3427} INFO - Setting next_dagrun for example_branch_labels to 2022-12-20T00:00:00+00:00, run_after=2022-12-21T00:00:00+00:00
[2022-12-21T11:05:39.472+0000] {processor.py:175} INFO - Processing /home/airflow/.local/lib/python3.7/site-packages/airflow/example_dags/example_branch_labels.py took 0.102 seconds
[2022-12-21T11:06:10.156+0000] {processor.py:153} INFO - Started process (PID=1490) to work on /home/airflow/.local/lib/python3.7/site-packages/airflow/example_dags/example_branch_labels.py
[2022-12-21T11:06:10.159+0000] {processor.py:743} INFO - Processing file /home/airflow/.local/lib/python3.7/site-packages/airflow/example_dags/example_branch_labels.py for tasks to queue
[2022-12-21T11:06:10.163+0000] {logging_mixin.py:137} INFO - [2022-12-21T11:06:10.163+0000] {dagbag.py:538} INFO - Filling up the DagBag from /home/airflow/.local/lib/python3.7/site-packages/airflow/example_dags/example_branch_labels.py
[2022-12-21T11:06:10.187+0000] {processor.py:753} INFO - DAG(s) dict_keys(['example_branch_labels']) retrieved from /home/airflow/.local/lib/python3.7/site-packages/airflow/example_dags/example_branch_labels.py
[2022-12-21T11:06:10.242+0000] {logging_mixin.py:137} INFO - [2022-12-21T11:06:10.242+0000] {dag.py:2676} INFO - Sync 1 DAGs
[2022-12-21T11:06:10.296+0000] {logging_mixin.py:137} INFO - [2022-12-21T11:06:10.296+0000] {dag.py:3427} INFO - Setting next_dagrun for example_branch_labels to 2022-12-20T00:00:00+00:00, run_after=2022-12-21T00:00:00+00:00
[2022-12-21T11:06:10.319+0000] {processor.py:175} INFO - Processing /home/airflow/.local/lib/python3.7/site-packages/airflow/example_dags/example_branch_labels.py took 0.170 seconds
[2022-12-21T11:06:40.775+0000] {processor.py:153} INFO - Started process (PID=1553) to work on /home/airflow/.local/lib/python3.7/site-packages/airflow/example_dags/example_branch_labels.py
[2022-12-21T11:06:40.778+0000] {processor.py:743} INFO - Processing file /home/airflow/.local/lib/python3.7/site-packages/airflow/example_dags/example_branch_labels.py for tasks to queue
[2022-12-21T11:06:40.780+0000] {logging_mixin.py:137} INFO - [2022-12-21T11:06:40.780+0000] {dagbag.py:538} INFO - Filling up the DagBag from /home/airflow/.local/lib/python3.7/site-packages/airflow/example_dags/example_branch_labels.py
[2022-12-21T11:06:40.808+0000] {processor.py:753} INFO - DAG(s) dict_keys(['example_branch_labels']) retrieved from /home/airflow/.local/lib/python3.7/site-packages/airflow/example_dags/example_branch_labels.py
[2022-12-21T11:06:40.855+0000] {logging_mixin.py:137} INFO - [2022-12-21T11:06:40.855+0000] {dag.py:2676} INFO - Sync 1 DAGs
[2022-12-21T11:06:40.877+0000] {logging_mixin.py:137} INFO - [2022-12-21T11:06:40.877+0000] {dag.py:3427} INFO - Setting next_dagrun for example_branch_labels to 2022-12-20T00:00:00+00:00, run_after=2022-12-21T00:00:00+00:00
[2022-12-21T11:06:40.893+0000] {processor.py:175} INFO - Processing /home/airflow/.local/lib/python3.7/site-packages/airflow/example_dags/example_branch_labels.py took 0.127 seconds
[2022-12-21T11:07:11.362+0000] {processor.py:153} INFO - Started process (PID=1627) to work on /home/airflow/.local/lib/python3.7/site-packages/airflow/example_dags/example_branch_labels.py
[2022-12-21T11:07:11.367+0000] {processor.py:743} INFO - Processing file /home/airflow/.local/lib/python3.7/site-packages/airflow/example_dags/example_branch_labels.py for tasks to queue
[2022-12-21T11:07:11.374+0000] {logging_mixin.py:137} INFO - [2022-12-21T11:07:11.373+0000] {dagbag.py:538} INFO - Filling up the DagBag from /home/airflow/.local/lib/python3.7/site-packages/airflow/example_dags/example_branch_labels.py
[2022-12-21T11:07:11.412+0000] {processor.py:753} INFO - DAG(s) dict_keys(['example_branch_labels']) retrieved from /home/airflow/.local/lib/python3.7/site-packages/airflow/example_dags/example_branch_labels.py
[2022-12-21T11:07:11.480+0000] {logging_mixin.py:137} INFO - [2022-12-21T11:07:11.480+0000] {dag.py:2676} INFO - Sync 1 DAGs
[2022-12-21T11:07:11.520+0000] {logging_mixin.py:137} INFO - [2022-12-21T11:07:11.520+0000] {dag.py:3427} INFO - Setting next_dagrun for example_branch_labels to 2022-12-20T00:00:00+00:00, run_after=2022-12-21T00:00:00+00:00
[2022-12-21T11:07:11.540+0000] {processor.py:175} INFO - Processing /home/airflow/.local/lib/python3.7/site-packages/airflow/example_dags/example_branch_labels.py took 0.189 seconds
[2022-12-21T11:07:41.753+0000] {processor.py:153} INFO - Started process (PID=1689) to work on /home/airflow/.local/lib/python3.7/site-packages/airflow/example_dags/example_branch_labels.py
[2022-12-21T11:07:41.757+0000] {processor.py:743} INFO - Processing file /home/airflow/.local/lib/python3.7/site-packages/airflow/example_dags/example_branch_labels.py for tasks to queue
[2022-12-21T11:07:41.758+0000] {logging_mixin.py:137} INFO - [2022-12-21T11:07:41.758+0000] {dagbag.py:538} INFO - Filling up the DagBag from /home/airflow/.local/lib/python3.7/site-packages/airflow/example_dags/example_branch_labels.py
[2022-12-21T11:07:41.793+0000] {processor.py:753} INFO - DAG(s) dict_keys(['example_branch_labels']) retrieved from /home/airflow/.local/lib/python3.7/site-packages/airflow/example_dags/example_branch_labels.py
[2022-12-21T11:07:41.892+0000] {logging_mixin.py:137} INFO - [2022-12-21T11:07:41.892+0000] {dag.py:2676} INFO - Sync 1 DAGs
[2022-12-21T11:07:41.971+0000] {logging_mixin.py:137} INFO - [2022-12-21T11:07:41.970+0000] {dag.py:3427} INFO - Setting next_dagrun for example_branch_labels to 2022-12-20T00:00:00+00:00, run_after=2022-12-21T00:00:00+00:00
[2022-12-21T11:07:42.007+0000] {processor.py:175} INFO - Processing /home/airflow/.local/lib/python3.7/site-packages/airflow/example_dags/example_branch_labels.py took 0.258 seconds
[2022-12-21T11:08:12.213+0000] {processor.py:153} INFO - Started process (PID=1764) to work on /home/airflow/.local/lib/python3.7/site-packages/airflow/example_dags/example_branch_labels.py
[2022-12-21T11:08:12.215+0000] {processor.py:743} INFO - Processing file /home/airflow/.local/lib/python3.7/site-packages/airflow/example_dags/example_branch_labels.py for tasks to queue
[2022-12-21T11:08:12.217+0000] {logging_mixin.py:137} INFO - [2022-12-21T11:08:12.217+0000] {dagbag.py:538} INFO - Filling up the DagBag from /home/airflow/.local/lib/python3.7/site-packages/airflow/example_dags/example_branch_labels.py
[2022-12-21T11:08:12.230+0000] {processor.py:753} INFO - DAG(s) dict_keys(['example_branch_labels']) retrieved from /home/airflow/.local/lib/python3.7/site-packages/airflow/example_dags/example_branch_labels.py
[2022-12-21T11:08:12.260+0000] {logging_mixin.py:137} INFO - [2022-12-21T11:08:12.260+0000] {dag.py:2676} INFO - Sync 1 DAGs
[2022-12-21T11:08:12.279+0000] {logging_mixin.py:137} INFO - [2022-12-21T11:08:12.279+0000] {dag.py:3427} INFO - Setting next_dagrun for example_branch_labels to 2022-12-20T00:00:00+00:00, run_after=2022-12-21T00:00:00+00:00
[2022-12-21T11:08:12.292+0000] {processor.py:175} INFO - Processing /home/airflow/.local/lib/python3.7/site-packages/airflow/example_dags/example_branch_labels.py took 0.082 seconds
[2022-12-21T11:08:42.643+0000] {processor.py:153} INFO - Started process (PID=1825) to work on /home/airflow/.local/lib/python3.7/site-packages/airflow/example_dags/example_branch_labels.py
[2022-12-21T11:08:42.645+0000] {processor.py:743} INFO - Processing file /home/airflow/.local/lib/python3.7/site-packages/airflow/example_dags/example_branch_labels.py for tasks to queue
[2022-12-21T11:08:42.647+0000] {logging_mixin.py:137} INFO - [2022-12-21T11:08:42.647+0000] {dagbag.py:538} INFO - Filling up the DagBag from /home/airflow/.local/lib/python3.7/site-packages/airflow/example_dags/example_branch_labels.py
[2022-12-21T11:08:42.658+0000] {processor.py:753} INFO - DAG(s) dict_keys(['example_branch_labels']) retrieved from /home/airflow/.local/lib/python3.7/site-packages/airflow/example_dags/example_branch_labels.py
[2022-12-21T11:08:42.685+0000] {logging_mixin.py:137} INFO - [2022-12-21T11:08:42.684+0000] {dag.py:2676} INFO - Sync 1 DAGs
[2022-12-21T11:08:42.704+0000] {logging_mixin.py:137} INFO - [2022-12-21T11:08:42.704+0000] {dag.py:3427} INFO - Setting next_dagrun for example_branch_labels to 2022-12-20T00:00:00+00:00, run_after=2022-12-21T00:00:00+00:00
[2022-12-21T11:08:42.721+0000] {processor.py:175} INFO - Processing /home/airflow/.local/lib/python3.7/site-packages/airflow/example_dags/example_branch_labels.py took 0.080 seconds
[2022-12-21T11:09:13.323+0000] {processor.py:153} INFO - Started process (PID=1896) to work on /home/airflow/.local/lib/python3.7/site-packages/airflow/example_dags/example_branch_labels.py
[2022-12-21T11:09:13.328+0000] {processor.py:743} INFO - Processing file /home/airflow/.local/lib/python3.7/site-packages/airflow/example_dags/example_branch_labels.py for tasks to queue
[2022-12-21T11:09:13.333+0000] {logging_mixin.py:137} INFO - [2022-12-21T11:09:13.333+0000] {dagbag.py:538} INFO - Filling up the DagBag from /home/airflow/.local/lib/python3.7/site-packages/airflow/example_dags/example_branch_labels.py
[2022-12-21T11:09:13.354+0000] {processor.py:753} INFO - DAG(s) dict_keys(['example_branch_labels']) retrieved from /home/airflow/.local/lib/python3.7/site-packages/airflow/example_dags/example_branch_labels.py
[2022-12-21T11:09:13.476+0000] {logging_mixin.py:137} INFO - [2022-12-21T11:09:13.471+0000] {dag.py:2676} INFO - Sync 1 DAGs
[2022-12-21T11:09:13.532+0000] {logging_mixin.py:137} INFO - [2022-12-21T11:09:13.531+0000] {dag.py:3427} INFO - Setting next_dagrun for example_branch_labels to 2022-12-20T00:00:00+00:00, run_after=2022-12-21T00:00:00+00:00
[2022-12-21T11:09:13.568+0000] {processor.py:175} INFO - Processing /home/airflow/.local/lib/python3.7/site-packages/airflow/example_dags/example_branch_labels.py took 0.250 seconds
[2022-12-21T11:09:43.726+0000] {processor.py:153} INFO - Started process (PID=1964) to work on /home/airflow/.local/lib/python3.7/site-packages/airflow/example_dags/example_branch_labels.py
[2022-12-21T11:09:43.728+0000] {processor.py:743} INFO - Processing file /home/airflow/.local/lib/python3.7/site-packages/airflow/example_dags/example_branch_labels.py for tasks to queue
[2022-12-21T11:09:43.732+0000] {logging_mixin.py:137} INFO - [2022-12-21T11:09:43.732+0000] {dagbag.py:538} INFO - Filling up the DagBag from /home/airflow/.local/lib/python3.7/site-packages/airflow/example_dags/example_branch_labels.py
[2022-12-21T11:09:43.744+0000] {processor.py:753} INFO - DAG(s) dict_keys(['example_branch_labels']) retrieved from /home/airflow/.local/lib/python3.7/site-packages/airflow/example_dags/example_branch_labels.py
[2022-12-21T11:09:43.769+0000] {logging_mixin.py:137} INFO - [2022-12-21T11:09:43.769+0000] {dag.py:2676} INFO - Sync 1 DAGs
[2022-12-21T11:09:43.784+0000] {logging_mixin.py:137} INFO - [2022-12-21T11:09:43.784+0000] {dag.py:3427} INFO - Setting next_dagrun for example_branch_labels to 2022-12-20T00:00:00+00:00, run_after=2022-12-21T00:00:00+00:00
[2022-12-21T11:09:43.795+0000] {processor.py:175} INFO - Processing /home/airflow/.local/lib/python3.7/site-packages/airflow/example_dags/example_branch_labels.py took 0.072 seconds
[2022-12-21T11:10:14.268+0000] {processor.py:153} INFO - Started process (PID=2027) to work on /home/airflow/.local/lib/python3.7/site-packages/airflow/example_dags/example_branch_labels.py
[2022-12-21T11:10:14.271+0000] {processor.py:743} INFO - Processing file /home/airflow/.local/lib/python3.7/site-packages/airflow/example_dags/example_branch_labels.py for tasks to queue
[2022-12-21T11:10:14.274+0000] {logging_mixin.py:137} INFO - [2022-12-21T11:10:14.274+0000] {dagbag.py:538} INFO - Filling up the DagBag from /home/airflow/.local/lib/python3.7/site-packages/airflow/example_dags/example_branch_labels.py
[2022-12-21T11:10:14.291+0000] {processor.py:753} INFO - DAG(s) dict_keys(['example_branch_labels']) retrieved from /home/airflow/.local/lib/python3.7/site-packages/airflow/example_dags/example_branch_labels.py
[2022-12-21T11:10:14.326+0000] {logging_mixin.py:137} INFO - [2022-12-21T11:10:14.326+0000] {dag.py:2676} INFO - Sync 1 DAGs
[2022-12-21T11:10:14.351+0000] {logging_mixin.py:137} INFO - [2022-12-21T11:10:14.351+0000] {dag.py:3427} INFO - Setting next_dagrun for example_branch_labels to 2022-12-20T00:00:00+00:00, run_after=2022-12-21T00:00:00+00:00
[2022-12-21T11:10:14.369+0000] {processor.py:175} INFO - Processing /home/airflow/.local/lib/python3.7/site-packages/airflow/example_dags/example_branch_labels.py took 0.104 seconds
[2022-12-21T11:10:45.502+0000] {processor.py:153} INFO - Started process (PID=2102) to work on /home/airflow/.local/lib/python3.7/site-packages/airflow/example_dags/example_branch_labels.py
[2022-12-21T11:10:45.505+0000] {processor.py:743} INFO - Processing file /home/airflow/.local/lib/python3.7/site-packages/airflow/example_dags/example_branch_labels.py for tasks to queue
[2022-12-21T11:10:45.509+0000] {logging_mixin.py:137} INFO - [2022-12-21T11:10:45.508+0000] {dagbag.py:538} INFO - Filling up the DagBag from /home/airflow/.local/lib/python3.7/site-packages/airflow/example_dags/example_branch_labels.py
[2022-12-21T11:10:45.533+0000] {processor.py:753} INFO - DAG(s) dict_keys(['example_branch_labels']) retrieved from /home/airflow/.local/lib/python3.7/site-packages/airflow/example_dags/example_branch_labels.py
[2022-12-21T11:10:45.618+0000] {logging_mixin.py:137} INFO - [2022-12-21T11:10:45.618+0000] {dag.py:2676} INFO - Sync 1 DAGs
[2022-12-21T11:10:45.665+0000] {logging_mixin.py:137} INFO - [2022-12-21T11:10:45.664+0000] {dag.py:3427} INFO - Setting next_dagrun for example_branch_labels to 2022-12-20T00:00:00+00:00, run_after=2022-12-21T00:00:00+00:00
[2022-12-21T11:10:45.717+0000] {processor.py:175} INFO - Processing /home/airflow/.local/lib/python3.7/site-packages/airflow/example_dags/example_branch_labels.py took 0.219 seconds
[2022-12-21T11:11:19.074+0000] {processor.py:153} INFO - Started process (PID=2165) to work on /home/airflow/.local/lib/python3.7/site-packages/airflow/example_dags/example_branch_labels.py
[2022-12-21T11:11:19.078+0000] {processor.py:743} INFO - Processing file /home/airflow/.local/lib/python3.7/site-packages/airflow/example_dags/example_branch_labels.py for tasks to queue
[2022-12-21T11:11:19.082+0000] {logging_mixin.py:137} INFO - [2022-12-21T11:11:19.081+0000] {dagbag.py:538} INFO - Filling up the DagBag from /home/airflow/.local/lib/python3.7/site-packages/airflow/example_dags/example_branch_labels.py
[2022-12-21T11:11:19.112+0000] {processor.py:753} INFO - DAG(s) dict_keys(['example_branch_labels']) retrieved from /home/airflow/.local/lib/python3.7/site-packages/airflow/example_dags/example_branch_labels.py
[2022-12-21T11:11:19.164+0000] {logging_mixin.py:137} INFO - [2022-12-21T11:11:19.164+0000] {dag.py:2676} INFO - Sync 1 DAGs
[2022-12-21T11:11:19.195+0000] {logging_mixin.py:137} INFO - [2022-12-21T11:11:19.195+0000] {dag.py:3427} INFO - Setting next_dagrun for example_branch_labels to 2022-12-20T00:00:00+00:00, run_after=2022-12-21T00:00:00+00:00
[2022-12-21T11:11:19.342+0000] {processor.py:175} INFO - Processing /home/airflow/.local/lib/python3.7/site-packages/airflow/example_dags/example_branch_labels.py took 0.273 seconds
