[2022-12-21T07:24:19.163+0000] {processor.py:153} INFO - Started process (PID=73) to work on /home/airflow/.local/lib/python3.7/site-packages/airflow/example_dags/example_external_task_marker_dag.py
[2022-12-21T07:24:19.169+0000] {processor.py:743} INFO - Processing file /home/airflow/.local/lib/python3.7/site-packages/airflow/example_dags/example_external_task_marker_dag.py for tasks to queue
[2022-12-21T07:24:19.173+0000] {logging_mixin.py:137} INFO - [2022-12-21T07:24:19.173+0000] {dagbag.py:538} INFO - Filling up the DagBag from /home/airflow/.local/lib/python3.7/site-packages/airflow/example_dags/example_external_task_marker_dag.py
[2022-12-21T07:24:19.211+0000] {processor.py:753} INFO - DAG(s) dict_keys(['example_external_task_marker_child', 'example_external_task_marker_parent']) retrieved from /home/airflow/.local/lib/python3.7/site-packages/airflow/example_dags/example_external_task_marker_dag.py
[2022-12-21T07:24:19.260+0000] {logging_mixin.py:137} INFO - [2022-12-21T07:24:19.260+0000] {dag.py:2676} INFO - Sync 2 DAGs
[2022-12-21T07:24:19.297+0000] {logging_mixin.py:137} INFO - [2022-12-21T07:24:19.297+0000] {dag.py:3427} INFO - Setting next_dagrun for example_external_task_marker_child to None, run_after=None
[2022-12-21T07:24:19.309+0000] {logging_mixin.py:137} INFO - [2022-12-21T07:24:19.308+0000] {dag.py:3427} INFO - Setting next_dagrun for example_external_task_marker_parent to None, run_after=None
[2022-12-21T07:24:19.378+0000] {processor.py:175} INFO - Processing /home/airflow/.local/lib/python3.7/site-packages/airflow/example_dags/example_external_task_marker_dag.py took 0.217 seconds
[2022-12-21T09:46:59.928+0000] {processor.py:153} INFO - Started process (PID=134) to work on /home/airflow/.local/lib/python3.7/site-packages/airflow/example_dags/example_external_task_marker_dag.py
[2022-12-21T09:46:59.945+0000] {processor.py:743} INFO - Processing file /home/airflow/.local/lib/python3.7/site-packages/airflow/example_dags/example_external_task_marker_dag.py for tasks to queue
[2022-12-21T09:46:59.957+0000] {logging_mixin.py:137} INFO - [2022-12-21T09:46:59.955+0000] {dagbag.py:538} INFO - Filling up the DagBag from /home/airflow/.local/lib/python3.7/site-packages/airflow/example_dags/example_external_task_marker_dag.py
[2022-12-21T09:47:00.606+0000] {processor.py:753} INFO - DAG(s) dict_keys(['example_external_task_marker_child', 'example_external_task_marker_parent']) retrieved from /home/airflow/.local/lib/python3.7/site-packages/airflow/example_dags/example_external_task_marker_dag.py
[2022-12-21T09:47:02.559+0000] {logging_mixin.py:137} INFO - [2022-12-21T09:47:02.537+0000] {dag.py:2676} INFO - Sync 2 DAGs
[2022-12-21T09:47:03.351+0000] {logging_mixin.py:137} INFO - [2022-12-21T09:47:03.350+0000] {dag.py:3427} INFO - Setting next_dagrun for example_external_task_marker_child to None, run_after=None
[2022-12-21T09:47:05.866+0000] {logging_mixin.py:137} INFO - [2022-12-21T09:47:05.865+0000] {dag.py:3427} INFO - Setting next_dagrun for example_external_task_marker_parent to None, run_after=None
[2022-12-21T09:47:06.767+0000] {processor.py:175} INFO - Processing /home/airflow/.local/lib/python3.7/site-packages/airflow/example_dags/example_external_task_marker_dag.py took 6.885 seconds
[2022-12-21T09:47:37.858+0000] {processor.py:153} INFO - Started process (PID=200) to work on /home/airflow/.local/lib/python3.7/site-packages/airflow/example_dags/example_external_task_marker_dag.py
[2022-12-21T09:47:37.864+0000] {processor.py:743} INFO - Processing file /home/airflow/.local/lib/python3.7/site-packages/airflow/example_dags/example_external_task_marker_dag.py for tasks to queue
[2022-12-21T09:47:37.878+0000] {logging_mixin.py:137} INFO - [2022-12-21T09:47:37.877+0000] {dagbag.py:538} INFO - Filling up the DagBag from /home/airflow/.local/lib/python3.7/site-packages/airflow/example_dags/example_external_task_marker_dag.py
[2022-12-21T09:47:37.937+0000] {processor.py:753} INFO - DAG(s) dict_keys(['example_external_task_marker_child', 'example_external_task_marker_parent']) retrieved from /home/airflow/.local/lib/python3.7/site-packages/airflow/example_dags/example_external_task_marker_dag.py
[2022-12-21T09:47:38.011+0000] {logging_mixin.py:137} INFO - [2022-12-21T09:47:38.011+0000] {dag.py:2676} INFO - Sync 2 DAGs
[2022-12-21T09:47:38.033+0000] {logging_mixin.py:137} INFO - [2022-12-21T09:47:38.033+0000] {dag.py:3427} INFO - Setting next_dagrun for example_external_task_marker_child to None, run_after=None
[2022-12-21T09:47:38.038+0000] {logging_mixin.py:137} INFO - [2022-12-21T09:47:38.038+0000] {dag.py:3427} INFO - Setting next_dagrun for example_external_task_marker_parent to None, run_after=None
[2022-12-21T09:47:38.051+0000] {processor.py:175} INFO - Processing /home/airflow/.local/lib/python3.7/site-packages/airflow/example_dags/example_external_task_marker_dag.py took 0.218 seconds
[2022-12-21T09:48:08.249+0000] {processor.py:153} INFO - Started process (PID=263) to work on /home/airflow/.local/lib/python3.7/site-packages/airflow/example_dags/example_external_task_marker_dag.py
[2022-12-21T09:48:08.251+0000] {processor.py:743} INFO - Processing file /home/airflow/.local/lib/python3.7/site-packages/airflow/example_dags/example_external_task_marker_dag.py for tasks to queue
[2022-12-21T09:48:08.253+0000] {logging_mixin.py:137} INFO - [2022-12-21T09:48:08.253+0000] {dagbag.py:538} INFO - Filling up the DagBag from /home/airflow/.local/lib/python3.7/site-packages/airflow/example_dags/example_external_task_marker_dag.py
[2022-12-21T09:48:08.271+0000] {processor.py:753} INFO - DAG(s) dict_keys(['example_external_task_marker_child', 'example_external_task_marker_parent']) retrieved from /home/airflow/.local/lib/python3.7/site-packages/airflow/example_dags/example_external_task_marker_dag.py
[2022-12-21T09:48:08.308+0000] {logging_mixin.py:137} INFO - [2022-12-21T09:48:08.308+0000] {dag.py:2676} INFO - Sync 2 DAGs
[2022-12-21T09:48:08.333+0000] {logging_mixin.py:137} INFO - [2022-12-21T09:48:08.333+0000] {dag.py:3427} INFO - Setting next_dagrun for example_external_task_marker_child to None, run_after=None
[2022-12-21T09:48:08.337+0000] {logging_mixin.py:137} INFO - [2022-12-21T09:48:08.337+0000] {dag.py:3427} INFO - Setting next_dagrun for example_external_task_marker_parent to None, run_after=None
[2022-12-21T09:48:08.350+0000] {processor.py:175} INFO - Processing /home/airflow/.local/lib/python3.7/site-packages/airflow/example_dags/example_external_task_marker_dag.py took 0.105 seconds
[2022-12-21T09:48:38.598+0000] {processor.py:153} INFO - Started process (PID=338) to work on /home/airflow/.local/lib/python3.7/site-packages/airflow/example_dags/example_external_task_marker_dag.py
[2022-12-21T09:48:38.604+0000] {processor.py:743} INFO - Processing file /home/airflow/.local/lib/python3.7/site-packages/airflow/example_dags/example_external_task_marker_dag.py for tasks to queue
[2022-12-21T09:48:38.606+0000] {logging_mixin.py:137} INFO - [2022-12-21T09:48:38.606+0000] {dagbag.py:538} INFO - Filling up the DagBag from /home/airflow/.local/lib/python3.7/site-packages/airflow/example_dags/example_external_task_marker_dag.py
[2022-12-21T09:48:38.634+0000] {processor.py:753} INFO - DAG(s) dict_keys(['example_external_task_marker_parent', 'example_external_task_marker_child']) retrieved from /home/airflow/.local/lib/python3.7/site-packages/airflow/example_dags/example_external_task_marker_dag.py
[2022-12-21T09:48:38.690+0000] {logging_mixin.py:137} INFO - [2022-12-21T09:48:38.690+0000] {dag.py:2676} INFO - Sync 2 DAGs
[2022-12-21T09:48:38.715+0000] {logging_mixin.py:137} INFO - [2022-12-21T09:48:38.715+0000] {dag.py:3427} INFO - Setting next_dagrun for example_external_task_marker_child to None, run_after=None
[2022-12-21T09:48:38.719+0000] {logging_mixin.py:137} INFO - [2022-12-21T09:48:38.719+0000] {dag.py:3427} INFO - Setting next_dagrun for example_external_task_marker_parent to None, run_after=None
[2022-12-21T09:48:38.731+0000] {processor.py:175} INFO - Processing /home/airflow/.local/lib/python3.7/site-packages/airflow/example_dags/example_external_task_marker_dag.py took 0.138 seconds
[2022-12-21T09:49:10.517+0000] {processor.py:153} INFO - Started process (PID=401) to work on /home/airflow/.local/lib/python3.7/site-packages/airflow/example_dags/example_external_task_marker_dag.py
[2022-12-21T09:49:11.008+0000] {processor.py:743} INFO - Processing file /home/airflow/.local/lib/python3.7/site-packages/airflow/example_dags/example_external_task_marker_dag.py for tasks to queue
[2022-12-21T09:49:11.026+0000] {logging_mixin.py:137} INFO - [2022-12-21T09:49:11.026+0000] {dagbag.py:538} INFO - Filling up the DagBag from /home/airflow/.local/lib/python3.7/site-packages/airflow/example_dags/example_external_task_marker_dag.py
[2022-12-21T09:49:11.225+0000] {processor.py:753} INFO - DAG(s) dict_keys(['example_external_task_marker_parent', 'example_external_task_marker_child']) retrieved from /home/airflow/.local/lib/python3.7/site-packages/airflow/example_dags/example_external_task_marker_dag.py
[2022-12-21T09:49:11.938+0000] {logging_mixin.py:137} INFO - [2022-12-21T09:49:11.937+0000] {dag.py:2676} INFO - Sync 2 DAGs
[2022-12-21T09:49:12.055+0000] {logging_mixin.py:137} INFO - [2022-12-21T09:49:12.054+0000] {dag.py:3427} INFO - Setting next_dagrun for example_external_task_marker_child to None, run_after=None
[2022-12-21T09:49:12.074+0000] {logging_mixin.py:137} INFO - [2022-12-21T09:49:12.074+0000] {dag.py:3427} INFO - Setting next_dagrun for example_external_task_marker_parent to None, run_after=None
[2022-12-21T09:49:12.129+0000] {processor.py:175} INFO - Processing /home/airflow/.local/lib/python3.7/site-packages/airflow/example_dags/example_external_task_marker_dag.py took 1.621 seconds
[2022-12-21T09:49:42.933+0000] {processor.py:153} INFO - Started process (PID=473) to work on /home/airflow/.local/lib/python3.7/site-packages/airflow/example_dags/example_external_task_marker_dag.py
[2022-12-21T09:49:42.936+0000] {processor.py:743} INFO - Processing file /home/airflow/.local/lib/python3.7/site-packages/airflow/example_dags/example_external_task_marker_dag.py for tasks to queue
[2022-12-21T09:49:42.942+0000] {logging_mixin.py:137} INFO - [2022-12-21T09:49:42.942+0000] {dagbag.py:538} INFO - Filling up the DagBag from /home/airflow/.local/lib/python3.7/site-packages/airflow/example_dags/example_external_task_marker_dag.py
[2022-12-21T09:49:42.979+0000] {processor.py:753} INFO - DAG(s) dict_keys(['example_external_task_marker_child', 'example_external_task_marker_parent']) retrieved from /home/airflow/.local/lib/python3.7/site-packages/airflow/example_dags/example_external_task_marker_dag.py
[2022-12-21T09:49:43.053+0000] {logging_mixin.py:137} INFO - [2022-12-21T09:49:43.053+0000] {dag.py:2676} INFO - Sync 2 DAGs
[2022-12-21T09:49:43.088+0000] {logging_mixin.py:137} INFO - [2022-12-21T09:49:43.088+0000] {dag.py:3427} INFO - Setting next_dagrun for example_external_task_marker_child to None, run_after=None
[2022-12-21T09:49:43.095+0000] {logging_mixin.py:137} INFO - [2022-12-21T09:49:43.094+0000] {dag.py:3427} INFO - Setting next_dagrun for example_external_task_marker_parent to None, run_after=None
[2022-12-21T09:49:43.142+0000] {processor.py:175} INFO - Processing /home/airflow/.local/lib/python3.7/site-packages/airflow/example_dags/example_external_task_marker_dag.py took 0.216 seconds
[2022-12-21T09:50:13.460+0000] {processor.py:153} INFO - Started process (PID=540) to work on /home/airflow/.local/lib/python3.7/site-packages/airflow/example_dags/example_external_task_marker_dag.py
[2022-12-21T09:50:13.462+0000] {processor.py:743} INFO - Processing file /home/airflow/.local/lib/python3.7/site-packages/airflow/example_dags/example_external_task_marker_dag.py for tasks to queue
[2022-12-21T09:50:13.464+0000] {logging_mixin.py:137} INFO - [2022-12-21T09:50:13.464+0000] {dagbag.py:538} INFO - Filling up the DagBag from /home/airflow/.local/lib/python3.7/site-packages/airflow/example_dags/example_external_task_marker_dag.py
[2022-12-21T09:50:13.482+0000] {processor.py:753} INFO - DAG(s) dict_keys(['example_external_task_marker_child', 'example_external_task_marker_parent']) retrieved from /home/airflow/.local/lib/python3.7/site-packages/airflow/example_dags/example_external_task_marker_dag.py
[2022-12-21T09:50:13.521+0000] {logging_mixin.py:137} INFO - [2022-12-21T09:50:13.521+0000] {dag.py:2676} INFO - Sync 2 DAGs
[2022-12-21T09:50:13.540+0000] {logging_mixin.py:137} INFO - [2022-12-21T09:50:13.540+0000] {dag.py:3427} INFO - Setting next_dagrun for example_external_task_marker_child to None, run_after=None
[2022-12-21T09:50:13.543+0000] {logging_mixin.py:137} INFO - [2022-12-21T09:50:13.543+0000] {dag.py:3427} INFO - Setting next_dagrun for example_external_task_marker_parent to None, run_after=None
[2022-12-21T09:50:13.555+0000] {processor.py:175} INFO - Processing /home/airflow/.local/lib/python3.7/site-packages/airflow/example_dags/example_external_task_marker_dag.py took 0.099 seconds
[2022-12-21T09:50:44.443+0000] {processor.py:153} INFO - Started process (PID=615) to work on /home/airflow/.local/lib/python3.7/site-packages/airflow/example_dags/example_external_task_marker_dag.py
[2022-12-21T09:50:44.446+0000] {processor.py:743} INFO - Processing file /home/airflow/.local/lib/python3.7/site-packages/airflow/example_dags/example_external_task_marker_dag.py for tasks to queue
[2022-12-21T09:50:44.448+0000] {logging_mixin.py:137} INFO - [2022-12-21T09:50:44.448+0000] {dagbag.py:538} INFO - Filling up the DagBag from /home/airflow/.local/lib/python3.7/site-packages/airflow/example_dags/example_external_task_marker_dag.py
[2022-12-21T09:50:44.474+0000] {processor.py:753} INFO - DAG(s) dict_keys(['example_external_task_marker_parent', 'example_external_task_marker_child']) retrieved from /home/airflow/.local/lib/python3.7/site-packages/airflow/example_dags/example_external_task_marker_dag.py
[2022-12-21T09:50:44.539+0000] {logging_mixin.py:137} INFO - [2022-12-21T09:50:44.539+0000] {dag.py:2676} INFO - Sync 2 DAGs
[2022-12-21T09:50:44.580+0000] {logging_mixin.py:137} INFO - [2022-12-21T09:50:44.580+0000] {dag.py:3427} INFO - Setting next_dagrun for example_external_task_marker_child to None, run_after=None
[2022-12-21T09:50:44.585+0000] {logging_mixin.py:137} INFO - [2022-12-21T09:50:44.585+0000] {dag.py:3427} INFO - Setting next_dagrun for example_external_task_marker_parent to None, run_after=None
[2022-12-21T09:50:44.608+0000] {processor.py:175} INFO - Processing /home/airflow/.local/lib/python3.7/site-packages/airflow/example_dags/example_external_task_marker_dag.py took 0.171 seconds
[2022-12-21T09:51:14.826+0000] {processor.py:153} INFO - Started process (PID=678) to work on /home/airflow/.local/lib/python3.7/site-packages/airflow/example_dags/example_external_task_marker_dag.py
[2022-12-21T09:51:14.831+0000] {processor.py:743} INFO - Processing file /home/airflow/.local/lib/python3.7/site-packages/airflow/example_dags/example_external_task_marker_dag.py for tasks to queue
[2022-12-21T09:51:14.834+0000] {logging_mixin.py:137} INFO - [2022-12-21T09:51:14.833+0000] {dagbag.py:538} INFO - Filling up the DagBag from /home/airflow/.local/lib/python3.7/site-packages/airflow/example_dags/example_external_task_marker_dag.py
[2022-12-21T09:51:14.874+0000] {processor.py:753} INFO - DAG(s) dict_keys(['example_external_task_marker_parent', 'example_external_task_marker_child']) retrieved from /home/airflow/.local/lib/python3.7/site-packages/airflow/example_dags/example_external_task_marker_dag.py
[2022-12-21T09:51:14.953+0000] {logging_mixin.py:137} INFO - [2022-12-21T09:51:14.953+0000] {dag.py:2676} INFO - Sync 2 DAGs
[2022-12-21T09:51:14.981+0000] {logging_mixin.py:137} INFO - [2022-12-21T09:51:14.981+0000] {dag.py:3427} INFO - Setting next_dagrun for example_external_task_marker_child to None, run_after=None
[2022-12-21T09:51:14.988+0000] {logging_mixin.py:137} INFO - [2022-12-21T09:51:14.988+0000] {dag.py:3427} INFO - Setting next_dagrun for example_external_task_marker_parent to None, run_after=None
[2022-12-21T09:51:15.005+0000] {processor.py:175} INFO - Processing /home/airflow/.local/lib/python3.7/site-packages/airflow/example_dags/example_external_task_marker_dag.py took 0.193 seconds
[2022-12-21T09:51:45.110+0000] {processor.py:153} INFO - Started process (PID=753) to work on /home/airflow/.local/lib/python3.7/site-packages/airflow/example_dags/example_external_task_marker_dag.py
[2022-12-21T09:51:45.113+0000] {processor.py:743} INFO - Processing file /home/airflow/.local/lib/python3.7/site-packages/airflow/example_dags/example_external_task_marker_dag.py for tasks to queue
[2022-12-21T09:51:45.115+0000] {logging_mixin.py:137} INFO - [2022-12-21T09:51:45.114+0000] {dagbag.py:538} INFO - Filling up the DagBag from /home/airflow/.local/lib/python3.7/site-packages/airflow/example_dags/example_external_task_marker_dag.py
[2022-12-21T09:51:45.134+0000] {processor.py:753} INFO - DAG(s) dict_keys(['example_external_task_marker_parent', 'example_external_task_marker_child']) retrieved from /home/airflow/.local/lib/python3.7/site-packages/airflow/example_dags/example_external_task_marker_dag.py
[2022-12-21T09:51:45.176+0000] {logging_mixin.py:137} INFO - [2022-12-21T09:51:45.176+0000] {dag.py:2676} INFO - Sync 2 DAGs
[2022-12-21T09:51:45.203+0000] {logging_mixin.py:137} INFO - [2022-12-21T09:51:45.202+0000] {dag.py:3427} INFO - Setting next_dagrun for example_external_task_marker_child to None, run_after=None
[2022-12-21T09:51:45.208+0000] {logging_mixin.py:137} INFO - [2022-12-21T09:51:45.207+0000] {dag.py:3427} INFO - Setting next_dagrun for example_external_task_marker_parent to None, run_after=None
[2022-12-21T09:51:45.238+0000] {processor.py:175} INFO - Processing /home/airflow/.local/lib/python3.7/site-packages/airflow/example_dags/example_external_task_marker_dag.py took 0.131 seconds
[2022-12-21T11:00:58.104+0000] {processor.py:153} INFO - Started process (PID=876) to work on /home/airflow/.local/lib/python3.7/site-packages/airflow/example_dags/example_external_task_marker_dag.py
[2022-12-21T11:00:58.121+0000] {processor.py:743} INFO - Processing file /home/airflow/.local/lib/python3.7/site-packages/airflow/example_dags/example_external_task_marker_dag.py for tasks to queue
[2022-12-21T11:00:58.128+0000] {logging_mixin.py:137} INFO - [2022-12-21T11:00:58.128+0000] {dagbag.py:538} INFO - Filling up the DagBag from /home/airflow/.local/lib/python3.7/site-packages/airflow/example_dags/example_external_task_marker_dag.py
[2022-12-21T11:00:58.254+0000] {processor.py:753} INFO - DAG(s) dict_keys(['example_external_task_marker_parent', 'example_external_task_marker_child']) retrieved from /home/airflow/.local/lib/python3.7/site-packages/airflow/example_dags/example_external_task_marker_dag.py
[2022-12-21T11:00:58.392+0000] {logging_mixin.py:137} INFO - [2022-12-21T11:00:58.392+0000] {dag.py:2676} INFO - Sync 2 DAGs
[2022-12-21T11:00:58.488+0000] {logging_mixin.py:137} INFO - [2022-12-21T11:00:58.488+0000] {dag.py:3427} INFO - Setting next_dagrun for example_external_task_marker_child to None, run_after=None
[2022-12-21T11:00:58.497+0000] {logging_mixin.py:137} INFO - [2022-12-21T11:00:58.497+0000] {dag.py:3427} INFO - Setting next_dagrun for example_external_task_marker_parent to None, run_after=None
[2022-12-21T11:00:58.557+0000] {processor.py:175} INFO - Processing /home/airflow/.local/lib/python3.7/site-packages/airflow/example_dags/example_external_task_marker_dag.py took 0.495 seconds
[2022-12-21T11:01:41.190+0000] {processor.py:153} INFO - Started process (PID=960) to work on /home/airflow/.local/lib/python3.7/site-packages/airflow/example_dags/example_external_task_marker_dag.py
[2022-12-21T11:01:41.196+0000] {processor.py:743} INFO - Processing file /home/airflow/.local/lib/python3.7/site-packages/airflow/example_dags/example_external_task_marker_dag.py for tasks to queue
[2022-12-21T11:01:41.208+0000] {logging_mixin.py:137} INFO - [2022-12-21T11:01:41.204+0000] {dagbag.py:538} INFO - Filling up the DagBag from /home/airflow/.local/lib/python3.7/site-packages/airflow/example_dags/example_external_task_marker_dag.py
[2022-12-21T11:01:41.278+0000] {processor.py:753} INFO - DAG(s) dict_keys(['example_external_task_marker_child', 'example_external_task_marker_parent']) retrieved from /home/airflow/.local/lib/python3.7/site-packages/airflow/example_dags/example_external_task_marker_dag.py
[2022-12-21T11:01:41.418+0000] {logging_mixin.py:137} INFO - [2022-12-21T11:01:41.418+0000] {dag.py:2676} INFO - Sync 2 DAGs
[2022-12-21T11:01:41.452+0000] {logging_mixin.py:137} INFO - [2022-12-21T11:01:41.452+0000] {dag.py:3427} INFO - Setting next_dagrun for example_external_task_marker_child to None, run_after=None
[2022-12-21T11:01:41.459+0000] {logging_mixin.py:137} INFO - [2022-12-21T11:01:41.459+0000] {dag.py:3427} INFO - Setting next_dagrun for example_external_task_marker_parent to None, run_after=None
[2022-12-21T11:01:41.486+0000] {processor.py:175} INFO - Processing /home/airflow/.local/lib/python3.7/site-packages/airflow/example_dags/example_external_task_marker_dag.py took 0.300 seconds
[2022-12-21T11:02:17.391+0000] {processor.py:153} INFO - Started process (PID=1027) to work on /home/airflow/.local/lib/python3.7/site-packages/airflow/example_dags/example_external_task_marker_dag.py
[2022-12-21T11:02:17.404+0000] {processor.py:743} INFO - Processing file /home/airflow/.local/lib/python3.7/site-packages/airflow/example_dags/example_external_task_marker_dag.py for tasks to queue
[2022-12-21T11:02:17.407+0000] {logging_mixin.py:137} INFO - [2022-12-21T11:02:17.407+0000] {dagbag.py:538} INFO - Filling up the DagBag from /home/airflow/.local/lib/python3.7/site-packages/airflow/example_dags/example_external_task_marker_dag.py
[2022-12-21T11:02:17.431+0000] {processor.py:753} INFO - DAG(s) dict_keys(['example_external_task_marker_parent', 'example_external_task_marker_child']) retrieved from /home/airflow/.local/lib/python3.7/site-packages/airflow/example_dags/example_external_task_marker_dag.py
[2022-12-21T11:02:17.573+0000] {logging_mixin.py:137} INFO - [2022-12-21T11:02:17.572+0000] {dag.py:2676} INFO - Sync 2 DAGs
[2022-12-21T11:02:17.614+0000] {logging_mixin.py:137} INFO - [2022-12-21T11:02:17.614+0000] {dag.py:3427} INFO - Setting next_dagrun for example_external_task_marker_child to None, run_after=None
[2022-12-21T11:02:17.621+0000] {logging_mixin.py:137} INFO - [2022-12-21T11:02:17.620+0000] {dag.py:3427} INFO - Setting next_dagrun for example_external_task_marker_parent to None, run_after=None
[2022-12-21T11:02:17.648+0000] {processor.py:175} INFO - Processing /home/airflow/.local/lib/python3.7/site-packages/airflow/example_dags/example_external_task_marker_dag.py took 0.262 seconds
[2022-12-21T11:03:16.905+0000] {processor.py:153} INFO - Started process (PID=1106) to work on /home/airflow/.local/lib/python3.7/site-packages/airflow/example_dags/example_external_task_marker_dag.py
[2022-12-21T11:03:16.908+0000] {processor.py:743} INFO - Processing file /home/airflow/.local/lib/python3.7/site-packages/airflow/example_dags/example_external_task_marker_dag.py for tasks to queue
[2022-12-21T11:03:16.912+0000] {logging_mixin.py:137} INFO - [2022-12-21T11:03:16.911+0000] {dagbag.py:538} INFO - Filling up the DagBag from /home/airflow/.local/lib/python3.7/site-packages/airflow/example_dags/example_external_task_marker_dag.py
[2022-12-21T11:03:16.931+0000] {processor.py:753} INFO - DAG(s) dict_keys(['example_external_task_marker_parent', 'example_external_task_marker_child']) retrieved from /home/airflow/.local/lib/python3.7/site-packages/airflow/example_dags/example_external_task_marker_dag.py
[2022-12-21T11:03:17.009+0000] {logging_mixin.py:137} INFO - [2022-12-21T11:03:17.008+0000] {dag.py:2676} INFO - Sync 2 DAGs
[2022-12-21T11:03:17.094+0000] {logging_mixin.py:137} INFO - [2022-12-21T11:03:17.094+0000] {dag.py:3427} INFO - Setting next_dagrun for example_external_task_marker_child to None, run_after=None
[2022-12-21T11:03:17.109+0000] {logging_mixin.py:137} INFO - [2022-12-21T11:03:17.108+0000] {dag.py:3427} INFO - Setting next_dagrun for example_external_task_marker_parent to None, run_after=None
[2022-12-21T11:03:17.148+0000] {processor.py:175} INFO - Processing /home/airflow/.local/lib/python3.7/site-packages/airflow/example_dags/example_external_task_marker_dag.py took 0.247 seconds
[2022-12-21T11:03:47.349+0000] {processor.py:153} INFO - Started process (PID=1173) to work on /home/airflow/.local/lib/python3.7/site-packages/airflow/example_dags/example_external_task_marker_dag.py
[2022-12-21T11:03:47.354+0000] {processor.py:743} INFO - Processing file /home/airflow/.local/lib/python3.7/site-packages/airflow/example_dags/example_external_task_marker_dag.py for tasks to queue
[2022-12-21T11:03:47.356+0000] {logging_mixin.py:137} INFO - [2022-12-21T11:03:47.355+0000] {dagbag.py:538} INFO - Filling up the DagBag from /home/airflow/.local/lib/python3.7/site-packages/airflow/example_dags/example_external_task_marker_dag.py
[2022-12-21T11:03:47.371+0000] {processor.py:753} INFO - DAG(s) dict_keys(['example_external_task_marker_parent', 'example_external_task_marker_child']) retrieved from /home/airflow/.local/lib/python3.7/site-packages/airflow/example_dags/example_external_task_marker_dag.py
[2022-12-21T11:03:47.422+0000] {logging_mixin.py:137} INFO - [2022-12-21T11:03:47.422+0000] {dag.py:2676} INFO - Sync 2 DAGs
[2022-12-21T11:03:47.441+0000] {logging_mixin.py:137} INFO - [2022-12-21T11:03:47.440+0000] {dag.py:3427} INFO - Setting next_dagrun for example_external_task_marker_child to None, run_after=None
[2022-12-21T11:03:47.444+0000] {logging_mixin.py:137} INFO - [2022-12-21T11:03:47.444+0000] {dag.py:3427} INFO - Setting next_dagrun for example_external_task_marker_parent to None, run_after=None
[2022-12-21T11:03:47.476+0000] {processor.py:175} INFO - Processing /home/airflow/.local/lib/python3.7/site-packages/airflow/example_dags/example_external_task_marker_dag.py took 0.131 seconds
[2022-12-21T11:04:18.342+0000] {processor.py:153} INFO - Started process (PID=1235) to work on /home/airflow/.local/lib/python3.7/site-packages/airflow/example_dags/example_external_task_marker_dag.py
[2022-12-21T11:04:18.351+0000] {processor.py:743} INFO - Processing file /home/airflow/.local/lib/python3.7/site-packages/airflow/example_dags/example_external_task_marker_dag.py for tasks to queue
[2022-12-21T11:04:18.353+0000] {logging_mixin.py:137} INFO - [2022-12-21T11:04:18.353+0000] {dagbag.py:538} INFO - Filling up the DagBag from /home/airflow/.local/lib/python3.7/site-packages/airflow/example_dags/example_external_task_marker_dag.py
[2022-12-21T11:04:18.392+0000] {processor.py:753} INFO - DAG(s) dict_keys(['example_external_task_marker_child', 'example_external_task_marker_parent']) retrieved from /home/airflow/.local/lib/python3.7/site-packages/airflow/example_dags/example_external_task_marker_dag.py
[2022-12-21T11:04:18.458+0000] {logging_mixin.py:137} INFO - [2022-12-21T11:04:18.457+0000] {dag.py:2676} INFO - Sync 2 DAGs
[2022-12-21T11:04:18.494+0000] {logging_mixin.py:137} INFO - [2022-12-21T11:04:18.493+0000] {dag.py:3427} INFO - Setting next_dagrun for example_external_task_marker_child to None, run_after=None
[2022-12-21T11:04:18.508+0000] {logging_mixin.py:137} INFO - [2022-12-21T11:04:18.507+0000] {dag.py:3427} INFO - Setting next_dagrun for example_external_task_marker_parent to None, run_after=None
[2022-12-21T11:04:18.534+0000] {processor.py:175} INFO - Processing /home/airflow/.local/lib/python3.7/site-packages/airflow/example_dags/example_external_task_marker_dag.py took 0.195 seconds
[2022-12-21T11:04:49.805+0000] {processor.py:153} INFO - Started process (PID=1298) to work on /home/airflow/.local/lib/python3.7/site-packages/airflow/example_dags/example_external_task_marker_dag.py
[2022-12-21T11:04:49.813+0000] {processor.py:743} INFO - Processing file /home/airflow/.local/lib/python3.7/site-packages/airflow/example_dags/example_external_task_marker_dag.py for tasks to queue
[2022-12-21T11:04:49.818+0000] {logging_mixin.py:137} INFO - [2022-12-21T11:04:49.818+0000] {dagbag.py:538} INFO - Filling up the DagBag from /home/airflow/.local/lib/python3.7/site-packages/airflow/example_dags/example_external_task_marker_dag.py
[2022-12-21T11:04:49.931+0000] {processor.py:753} INFO - DAG(s) dict_keys(['example_external_task_marker_parent', 'example_external_task_marker_child']) retrieved from /home/airflow/.local/lib/python3.7/site-packages/airflow/example_dags/example_external_task_marker_dag.py
[2022-12-21T11:04:50.022+0000] {logging_mixin.py:137} INFO - [2022-12-21T11:04:50.022+0000] {dag.py:2676} INFO - Sync 2 DAGs
[2022-12-21T11:04:50.119+0000] {logging_mixin.py:137} INFO - [2022-12-21T11:04:50.119+0000] {dag.py:3427} INFO - Setting next_dagrun for example_external_task_marker_child to None, run_after=None
[2022-12-21T11:04:50.125+0000] {logging_mixin.py:137} INFO - [2022-12-21T11:04:50.125+0000] {dag.py:3427} INFO - Setting next_dagrun for example_external_task_marker_parent to None, run_after=None
[2022-12-21T11:04:50.192+0000] {processor.py:175} INFO - Processing /home/airflow/.local/lib/python3.7/site-packages/airflow/example_dags/example_external_task_marker_dag.py took 0.392 seconds
[2022-12-21T11:05:21.218+0000] {processor.py:153} INFO - Started process (PID=1375) to work on /home/airflow/.local/lib/python3.7/site-packages/airflow/example_dags/example_external_task_marker_dag.py
[2022-12-21T11:05:21.220+0000] {processor.py:743} INFO - Processing file /home/airflow/.local/lib/python3.7/site-packages/airflow/example_dags/example_external_task_marker_dag.py for tasks to queue
[2022-12-21T11:05:21.223+0000] {logging_mixin.py:137} INFO - [2022-12-21T11:05:21.223+0000] {dagbag.py:538} INFO - Filling up the DagBag from /home/airflow/.local/lib/python3.7/site-packages/airflow/example_dags/example_external_task_marker_dag.py
[2022-12-21T11:05:21.247+0000] {processor.py:753} INFO - DAG(s) dict_keys(['example_external_task_marker_child', 'example_external_task_marker_parent']) retrieved from /home/airflow/.local/lib/python3.7/site-packages/airflow/example_dags/example_external_task_marker_dag.py
[2022-12-21T11:05:21.301+0000] {logging_mixin.py:137} INFO - [2022-12-21T11:05:21.301+0000] {dag.py:2676} INFO - Sync 2 DAGs
[2022-12-21T11:05:21.357+0000] {logging_mixin.py:137} INFO - [2022-12-21T11:05:21.357+0000] {dag.py:3427} INFO - Setting next_dagrun for example_external_task_marker_child to None, run_after=None
[2022-12-21T11:05:21.366+0000] {logging_mixin.py:137} INFO - [2022-12-21T11:05:21.366+0000] {dag.py:3427} INFO - Setting next_dagrun for example_external_task_marker_parent to None, run_after=None
[2022-12-21T11:05:21.403+0000] {processor.py:175} INFO - Processing /home/airflow/.local/lib/python3.7/site-packages/airflow/example_dags/example_external_task_marker_dag.py took 0.189 seconds
[2022-12-21T11:05:51.615+0000] {processor.py:153} INFO - Started process (PID=1439) to work on /home/airflow/.local/lib/python3.7/site-packages/airflow/example_dags/example_external_task_marker_dag.py
[2022-12-21T11:05:51.616+0000] {processor.py:743} INFO - Processing file /home/airflow/.local/lib/python3.7/site-packages/airflow/example_dags/example_external_task_marker_dag.py for tasks to queue
[2022-12-21T11:05:51.617+0000] {logging_mixin.py:137} INFO - [2022-12-21T11:05:51.617+0000] {dagbag.py:538} INFO - Filling up the DagBag from /home/airflow/.local/lib/python3.7/site-packages/airflow/example_dags/example_external_task_marker_dag.py
[2022-12-21T11:05:51.625+0000] {processor.py:753} INFO - DAG(s) dict_keys(['example_external_task_marker_child', 'example_external_task_marker_parent']) retrieved from /home/airflow/.local/lib/python3.7/site-packages/airflow/example_dags/example_external_task_marker_dag.py
[2022-12-21T11:05:51.651+0000] {logging_mixin.py:137} INFO - [2022-12-21T11:05:51.650+0000] {dag.py:2676} INFO - Sync 2 DAGs
[2022-12-21T11:05:51.666+0000] {logging_mixin.py:137} INFO - [2022-12-21T11:05:51.666+0000] {dag.py:3427} INFO - Setting next_dagrun for example_external_task_marker_child to None, run_after=None
[2022-12-21T11:05:51.669+0000] {logging_mixin.py:137} INFO - [2022-12-21T11:05:51.669+0000] {dag.py:3427} INFO - Setting next_dagrun for example_external_task_marker_parent to None, run_after=None
[2022-12-21T11:05:51.680+0000] {processor.py:175} INFO - Processing /home/airflow/.local/lib/python3.7/site-packages/airflow/example_dags/example_external_task_marker_dag.py took 0.068 seconds
[2022-12-21T11:06:22.515+0000] {processor.py:153} INFO - Started process (PID=1512) to work on /home/airflow/.local/lib/python3.7/site-packages/airflow/example_dags/example_external_task_marker_dag.py
[2022-12-21T11:06:22.519+0000] {processor.py:743} INFO - Processing file /home/airflow/.local/lib/python3.7/site-packages/airflow/example_dags/example_external_task_marker_dag.py for tasks to queue
[2022-12-21T11:06:22.522+0000] {logging_mixin.py:137} INFO - [2022-12-21T11:06:22.522+0000] {dagbag.py:538} INFO - Filling up the DagBag from /home/airflow/.local/lib/python3.7/site-packages/airflow/example_dags/example_external_task_marker_dag.py
[2022-12-21T11:06:22.538+0000] {processor.py:753} INFO - DAG(s) dict_keys(['example_external_task_marker_parent', 'example_external_task_marker_child']) retrieved from /home/airflow/.local/lib/python3.7/site-packages/airflow/example_dags/example_external_task_marker_dag.py
[2022-12-21T11:06:22.572+0000] {logging_mixin.py:137} INFO - [2022-12-21T11:06:22.572+0000] {dag.py:2676} INFO - Sync 2 DAGs
[2022-12-21T11:06:22.602+0000] {logging_mixin.py:137} INFO - [2022-12-21T11:06:22.602+0000] {dag.py:3427} INFO - Setting next_dagrun for example_external_task_marker_child to None, run_after=None
[2022-12-21T11:06:22.607+0000] {logging_mixin.py:137} INFO - [2022-12-21T11:06:22.607+0000] {dag.py:3427} INFO - Setting next_dagrun for example_external_task_marker_parent to None, run_after=None
[2022-12-21T11:06:22.633+0000] {processor.py:175} INFO - Processing /home/airflow/.local/lib/python3.7/site-packages/airflow/example_dags/example_external_task_marker_dag.py took 0.121 seconds
[2022-12-21T11:06:52.844+0000] {processor.py:153} INFO - Started process (PID=1575) to work on /home/airflow/.local/lib/python3.7/site-packages/airflow/example_dags/example_external_task_marker_dag.py
[2022-12-21T11:06:52.845+0000] {processor.py:743} INFO - Processing file /home/airflow/.local/lib/python3.7/site-packages/airflow/example_dags/example_external_task_marker_dag.py for tasks to queue
[2022-12-21T11:06:52.847+0000] {logging_mixin.py:137} INFO - [2022-12-21T11:06:52.847+0000] {dagbag.py:538} INFO - Filling up the DagBag from /home/airflow/.local/lib/python3.7/site-packages/airflow/example_dags/example_external_task_marker_dag.py
[2022-12-21T11:06:52.856+0000] {processor.py:753} INFO - DAG(s) dict_keys(['example_external_task_marker_child', 'example_external_task_marker_parent']) retrieved from /home/airflow/.local/lib/python3.7/site-packages/airflow/example_dags/example_external_task_marker_dag.py
[2022-12-21T11:06:52.883+0000] {logging_mixin.py:137} INFO - [2022-12-21T11:06:52.883+0000] {dag.py:2676} INFO - Sync 2 DAGs
[2022-12-21T11:06:52.903+0000] {logging_mixin.py:137} INFO - [2022-12-21T11:06:52.903+0000] {dag.py:3427} INFO - Setting next_dagrun for example_external_task_marker_child to None, run_after=None
[2022-12-21T11:06:52.908+0000] {logging_mixin.py:137} INFO - [2022-12-21T11:06:52.908+0000] {dag.py:3427} INFO - Setting next_dagrun for example_external_task_marker_parent to None, run_after=None
[2022-12-21T11:06:52.922+0000] {processor.py:175} INFO - Processing /home/airflow/.local/lib/python3.7/site-packages/airflow/example_dags/example_external_task_marker_dag.py took 0.080 seconds
[2022-12-21T11:07:23.687+0000] {processor.py:153} INFO - Started process (PID=1648) to work on /home/airflow/.local/lib/python3.7/site-packages/airflow/example_dags/example_external_task_marker_dag.py
[2022-12-21T11:07:23.690+0000] {processor.py:743} INFO - Processing file /home/airflow/.local/lib/python3.7/site-packages/airflow/example_dags/example_external_task_marker_dag.py for tasks to queue
[2022-12-21T11:07:23.695+0000] {logging_mixin.py:137} INFO - [2022-12-21T11:07:23.695+0000] {dagbag.py:538} INFO - Filling up the DagBag from /home/airflow/.local/lib/python3.7/site-packages/airflow/example_dags/example_external_task_marker_dag.py
[2022-12-21T11:07:23.706+0000] {processor.py:753} INFO - DAG(s) dict_keys(['example_external_task_marker_child', 'example_external_task_marker_parent']) retrieved from /home/airflow/.local/lib/python3.7/site-packages/airflow/example_dags/example_external_task_marker_dag.py
[2022-12-21T11:07:23.740+0000] {logging_mixin.py:137} INFO - [2022-12-21T11:07:23.740+0000] {dag.py:2676} INFO - Sync 2 DAGs
[2022-12-21T11:07:23.797+0000] {logging_mixin.py:137} INFO - [2022-12-21T11:07:23.797+0000] {dag.py:3427} INFO - Setting next_dagrun for example_external_task_marker_child to None, run_after=None
[2022-12-21T11:07:23.805+0000] {logging_mixin.py:137} INFO - [2022-12-21T11:07:23.805+0000] {dag.py:3427} INFO - Setting next_dagrun for example_external_task_marker_parent to None, run_after=None
[2022-12-21T11:07:23.831+0000] {processor.py:175} INFO - Processing /home/airflow/.local/lib/python3.7/site-packages/airflow/example_dags/example_external_task_marker_dag.py took 0.148 seconds
[2022-12-21T11:07:54.803+0000] {processor.py:153} INFO - Started process (PID=1711) to work on /home/airflow/.local/lib/python3.7/site-packages/airflow/example_dags/example_external_task_marker_dag.py
[2022-12-21T11:07:54.805+0000] {processor.py:743} INFO - Processing file /home/airflow/.local/lib/python3.7/site-packages/airflow/example_dags/example_external_task_marker_dag.py for tasks to queue
[2022-12-21T11:07:54.806+0000] {logging_mixin.py:137} INFO - [2022-12-21T11:07:54.806+0000] {dagbag.py:538} INFO - Filling up the DagBag from /home/airflow/.local/lib/python3.7/site-packages/airflow/example_dags/example_external_task_marker_dag.py
[2022-12-21T11:07:54.817+0000] {processor.py:753} INFO - DAG(s) dict_keys(['example_external_task_marker_parent', 'example_external_task_marker_child']) retrieved from /home/airflow/.local/lib/python3.7/site-packages/airflow/example_dags/example_external_task_marker_dag.py
[2022-12-21T11:07:54.845+0000] {logging_mixin.py:137} INFO - [2022-12-21T11:07:54.845+0000] {dag.py:2676} INFO - Sync 2 DAGs
[2022-12-21T11:07:54.862+0000] {logging_mixin.py:137} INFO - [2022-12-21T11:07:54.862+0000] {dag.py:3427} INFO - Setting next_dagrun for example_external_task_marker_child to None, run_after=None
[2022-12-21T11:07:54.866+0000] {logging_mixin.py:137} INFO - [2022-12-21T11:07:54.866+0000] {dag.py:3427} INFO - Setting next_dagrun for example_external_task_marker_parent to None, run_after=None
[2022-12-21T11:07:54.877+0000] {processor.py:175} INFO - Processing /home/airflow/.local/lib/python3.7/site-packages/airflow/example_dags/example_external_task_marker_dag.py took 0.076 seconds
[2022-12-21T11:08:25.541+0000] {processor.py:153} INFO - Started process (PID=1786) to work on /home/airflow/.local/lib/python3.7/site-packages/airflow/example_dags/example_external_task_marker_dag.py
[2022-12-21T11:08:25.543+0000] {processor.py:743} INFO - Processing file /home/airflow/.local/lib/python3.7/site-packages/airflow/example_dags/example_external_task_marker_dag.py for tasks to queue
[2022-12-21T11:08:25.545+0000] {logging_mixin.py:137} INFO - [2022-12-21T11:08:25.545+0000] {dagbag.py:538} INFO - Filling up the DagBag from /home/airflow/.local/lib/python3.7/site-packages/airflow/example_dags/example_external_task_marker_dag.py
[2022-12-21T11:08:25.560+0000] {processor.py:753} INFO - DAG(s) dict_keys(['example_external_task_marker_parent', 'example_external_task_marker_child']) retrieved from /home/airflow/.local/lib/python3.7/site-packages/airflow/example_dags/example_external_task_marker_dag.py
[2022-12-21T11:08:25.594+0000] {logging_mixin.py:137} INFO - [2022-12-21T11:08:25.594+0000] {dag.py:2676} INFO - Sync 2 DAGs
[2022-12-21T11:08:25.616+0000] {logging_mixin.py:137} INFO - [2022-12-21T11:08:25.615+0000] {dag.py:3427} INFO - Setting next_dagrun for example_external_task_marker_child to None, run_after=None
[2022-12-21T11:08:25.620+0000] {logging_mixin.py:137} INFO - [2022-12-21T11:08:25.620+0000] {dag.py:3427} INFO - Setting next_dagrun for example_external_task_marker_parent to None, run_after=None
[2022-12-21T11:08:25.642+0000] {processor.py:175} INFO - Processing /home/airflow/.local/lib/python3.7/site-packages/airflow/example_dags/example_external_task_marker_dag.py took 0.105 seconds
[2022-12-21T11:08:55.999+0000] {processor.py:153} INFO - Started process (PID=1849) to work on /home/airflow/.local/lib/python3.7/site-packages/airflow/example_dags/example_external_task_marker_dag.py
[2022-12-21T11:08:56.018+0000] {processor.py:743} INFO - Processing file /home/airflow/.local/lib/python3.7/site-packages/airflow/example_dags/example_external_task_marker_dag.py for tasks to queue
[2022-12-21T11:08:56.019+0000] {logging_mixin.py:137} INFO - [2022-12-21T11:08:56.019+0000] {dagbag.py:538} INFO - Filling up the DagBag from /home/airflow/.local/lib/python3.7/site-packages/airflow/example_dags/example_external_task_marker_dag.py
[2022-12-21T11:08:56.032+0000] {processor.py:753} INFO - DAG(s) dict_keys(['example_external_task_marker_parent', 'example_external_task_marker_child']) retrieved from /home/airflow/.local/lib/python3.7/site-packages/airflow/example_dags/example_external_task_marker_dag.py
[2022-12-21T11:08:56.075+0000] {logging_mixin.py:137} INFO - [2022-12-21T11:08:56.075+0000] {dag.py:2676} INFO - Sync 2 DAGs
[2022-12-21T11:08:56.092+0000] {logging_mixin.py:137} INFO - [2022-12-21T11:08:56.092+0000] {dag.py:3427} INFO - Setting next_dagrun for example_external_task_marker_child to None, run_after=None
[2022-12-21T11:08:56.096+0000] {logging_mixin.py:137} INFO - [2022-12-21T11:08:56.096+0000] {dag.py:3427} INFO - Setting next_dagrun for example_external_task_marker_parent to None, run_after=None
[2022-12-21T11:08:56.112+0000] {processor.py:175} INFO - Processing /home/airflow/.local/lib/python3.7/site-packages/airflow/example_dags/example_external_task_marker_dag.py took 0.115 seconds
[2022-12-21T11:09:26.665+0000] {processor.py:153} INFO - Started process (PID=1922) to work on /home/airflow/.local/lib/python3.7/site-packages/airflow/example_dags/example_external_task_marker_dag.py
[2022-12-21T11:09:26.666+0000] {processor.py:743} INFO - Processing file /home/airflow/.local/lib/python3.7/site-packages/airflow/example_dags/example_external_task_marker_dag.py for tasks to queue
[2022-12-21T11:09:26.668+0000] {logging_mixin.py:137} INFO - [2022-12-21T11:09:26.668+0000] {dagbag.py:538} INFO - Filling up the DagBag from /home/airflow/.local/lib/python3.7/site-packages/airflow/example_dags/example_external_task_marker_dag.py
[2022-12-21T11:09:26.678+0000] {processor.py:753} INFO - DAG(s) dict_keys(['example_external_task_marker_parent', 'example_external_task_marker_child']) retrieved from /home/airflow/.local/lib/python3.7/site-packages/airflow/example_dags/example_external_task_marker_dag.py
[2022-12-21T11:09:26.734+0000] {logging_mixin.py:137} INFO - [2022-12-21T11:09:26.733+0000] {dag.py:2676} INFO - Sync 2 DAGs
[2022-12-21T11:09:26.775+0000] {logging_mixin.py:137} INFO - [2022-12-21T11:09:26.775+0000] {dag.py:3427} INFO - Setting next_dagrun for example_external_task_marker_child to None, run_after=None
[2022-12-21T11:09:26.779+0000] {logging_mixin.py:137} INFO - [2022-12-21T11:09:26.779+0000] {dag.py:3427} INFO - Setting next_dagrun for example_external_task_marker_parent to None, run_after=None
[2022-12-21T11:09:26.820+0000] {processor.py:175} INFO - Processing /home/airflow/.local/lib/python3.7/site-packages/airflow/example_dags/example_external_task_marker_dag.py took 0.157 seconds
[2022-12-21T11:09:57.931+0000] {processor.py:153} INFO - Started process (PID=1988) to work on /home/airflow/.local/lib/python3.7/site-packages/airflow/example_dags/example_external_task_marker_dag.py
[2022-12-21T11:09:57.933+0000] {processor.py:743} INFO - Processing file /home/airflow/.local/lib/python3.7/site-packages/airflow/example_dags/example_external_task_marker_dag.py for tasks to queue
[2022-12-21T11:09:57.934+0000] {logging_mixin.py:137} INFO - [2022-12-21T11:09:57.934+0000] {dagbag.py:538} INFO - Filling up the DagBag from /home/airflow/.local/lib/python3.7/site-packages/airflow/example_dags/example_external_task_marker_dag.py
[2022-12-21T11:09:57.942+0000] {processor.py:753} INFO - DAG(s) dict_keys(['example_external_task_marker_parent', 'example_external_task_marker_child']) retrieved from /home/airflow/.local/lib/python3.7/site-packages/airflow/example_dags/example_external_task_marker_dag.py
[2022-12-21T11:09:57.966+0000] {logging_mixin.py:137} INFO - [2022-12-21T11:09:57.966+0000] {dag.py:2676} INFO - Sync 2 DAGs
[2022-12-21T11:09:57.982+0000] {logging_mixin.py:137} INFO - [2022-12-21T11:09:57.982+0000] {dag.py:3427} INFO - Setting next_dagrun for example_external_task_marker_child to None, run_after=None
[2022-12-21T11:09:57.985+0000] {logging_mixin.py:137} INFO - [2022-12-21T11:09:57.985+0000] {dag.py:3427} INFO - Setting next_dagrun for example_external_task_marker_parent to None, run_after=None
[2022-12-21T11:09:57.995+0000] {processor.py:175} INFO - Processing /home/airflow/.local/lib/python3.7/site-packages/airflow/example_dags/example_external_task_marker_dag.py took 0.067 seconds
[2022-12-21T11:10:28.982+0000] {processor.py:153} INFO - Started process (PID=2052) to work on /home/airflow/.local/lib/python3.7/site-packages/airflow/example_dags/example_external_task_marker_dag.py
[2022-12-21T11:10:28.986+0000] {processor.py:743} INFO - Processing file /home/airflow/.local/lib/python3.7/site-packages/airflow/example_dags/example_external_task_marker_dag.py for tasks to queue
[2022-12-21T11:10:28.990+0000] {logging_mixin.py:137} INFO - [2022-12-21T11:10:28.990+0000] {dagbag.py:538} INFO - Filling up the DagBag from /home/airflow/.local/lib/python3.7/site-packages/airflow/example_dags/example_external_task_marker_dag.py
[2022-12-21T11:10:29.006+0000] {processor.py:753} INFO - DAG(s) dict_keys(['example_external_task_marker_child', 'example_external_task_marker_parent']) retrieved from /home/airflow/.local/lib/python3.7/site-packages/airflow/example_dags/example_external_task_marker_dag.py
[2022-12-21T11:10:29.055+0000] {logging_mixin.py:137} INFO - [2022-12-21T11:10:29.054+0000] {dag.py:2676} INFO - Sync 2 DAGs
[2022-12-21T11:10:29.080+0000] {logging_mixin.py:137} INFO - [2022-12-21T11:10:29.080+0000] {dag.py:3427} INFO - Setting next_dagrun for example_external_task_marker_child to None, run_after=None
[2022-12-21T11:10:29.083+0000] {logging_mixin.py:137} INFO - [2022-12-21T11:10:29.083+0000] {dag.py:3427} INFO - Setting next_dagrun for example_external_task_marker_parent to None, run_after=None
[2022-12-21T11:10:29.100+0000] {processor.py:175} INFO - Processing /home/airflow/.local/lib/python3.7/site-packages/airflow/example_dags/example_external_task_marker_dag.py took 0.122 seconds
[2022-12-21T11:10:59.872+0000] {processor.py:153} INFO - Started process (PID=2126) to work on /home/airflow/.local/lib/python3.7/site-packages/airflow/example_dags/example_external_task_marker_dag.py
[2022-12-21T11:10:59.879+0000] {processor.py:743} INFO - Processing file /home/airflow/.local/lib/python3.7/site-packages/airflow/example_dags/example_external_task_marker_dag.py for tasks to queue
[2022-12-21T11:10:59.882+0000] {logging_mixin.py:137} INFO - [2022-12-21T11:10:59.882+0000] {dagbag.py:538} INFO - Filling up the DagBag from /home/airflow/.local/lib/python3.7/site-packages/airflow/example_dags/example_external_task_marker_dag.py
[2022-12-21T11:10:59.906+0000] {processor.py:753} INFO - DAG(s) dict_keys(['example_external_task_marker_parent', 'example_external_task_marker_child']) retrieved from /home/airflow/.local/lib/python3.7/site-packages/airflow/example_dags/example_external_task_marker_dag.py
[2022-12-21T11:11:00.000+0000] {logging_mixin.py:137} INFO - [2022-12-21T11:11:00.000+0000] {dag.py:2676} INFO - Sync 2 DAGs
[2022-12-21T11:11:00.043+0000] {logging_mixin.py:137} INFO - [2022-12-21T11:11:00.043+0000] {dag.py:3427} INFO - Setting next_dagrun for example_external_task_marker_child to None, run_after=None
[2022-12-21T11:11:00.047+0000] {logging_mixin.py:137} INFO - [2022-12-21T11:11:00.047+0000] {dag.py:3427} INFO - Setting next_dagrun for example_external_task_marker_parent to None, run_after=None
[2022-12-21T11:11:00.063+0000] {processor.py:175} INFO - Processing /home/airflow/.local/lib/python3.7/site-packages/airflow/example_dags/example_external_task_marker_dag.py took 0.195 seconds
