[2022-12-21T07:24:16.533+0000] {processor.py:153} INFO - Started process (PID=47) to work on /home/airflow/.local/lib/python3.7/site-packages/airflow/example_dags/example_latest_only_with_trigger.py
[2022-12-21T07:24:16.536+0000] {processor.py:743} INFO - Processing file /home/airflow/.local/lib/python3.7/site-packages/airflow/example_dags/example_latest_only_with_trigger.py for tasks to queue
[2022-12-21T07:24:16.539+0000] {logging_mixin.py:137} INFO - [2022-12-21T07:24:16.539+0000] {dagbag.py:538} INFO - Filling up the DagBag from /home/airflow/.local/lib/python3.7/site-packages/airflow/example_dags/example_latest_only_with_trigger.py
[2022-12-21T07:24:16.561+0000] {processor.py:753} INFO - DAG(s) dict_keys(['latest_only_with_trigger']) retrieved from /home/airflow/.local/lib/python3.7/site-packages/airflow/example_dags/example_latest_only_with_trigger.py
[2022-12-21T07:24:16.619+0000] {logging_mixin.py:137} INFO - [2022-12-21T07:24:16.618+0000] {dag.py:2676} INFO - Sync 1 DAGs
[2022-12-21T07:24:16.657+0000] {logging_mixin.py:137} INFO - [2022-12-21T07:24:16.656+0000] {dag.py:3427} INFO - Setting next_dagrun for latest_only_with_trigger to 2022-12-21T03:24:16.656704+00:00, run_after=2022-12-21T07:24:16.656704+00:00
[2022-12-21T07:24:16.686+0000] {processor.py:175} INFO - Processing /home/airflow/.local/lib/python3.7/site-packages/airflow/example_dags/example_latest_only_with_trigger.py took 0.159 seconds
[2022-12-21T09:45:48.762+0000] {processor.py:153} INFO - Started process (PID=75) to work on /home/airflow/.local/lib/python3.7/site-packages/airflow/example_dags/example_latest_only_with_trigger.py
[2022-12-21T09:45:49.036+0000] {processor.py:743} INFO - Processing file /home/airflow/.local/lib/python3.7/site-packages/airflow/example_dags/example_latest_only_with_trigger.py for tasks to queue
[2022-12-21T09:45:49.136+0000] {logging_mixin.py:137} INFO - [2022-12-21T09:45:49.135+0000] {dagbag.py:538} INFO - Filling up the DagBag from /home/airflow/.local/lib/python3.7/site-packages/airflow/example_dags/example_latest_only_with_trigger.py
[2022-12-21T09:45:49.890+0000] {processor.py:753} INFO - DAG(s) dict_keys(['latest_only_with_trigger']) retrieved from /home/airflow/.local/lib/python3.7/site-packages/airflow/example_dags/example_latest_only_with_trigger.py
[2022-12-21T09:45:56.699+0000] {logging_mixin.py:137} INFO - [2022-12-21T09:45:56.674+0000] {dag.py:2676} INFO - Sync 1 DAGs
[2022-12-21T09:45:57.721+0000] {logging_mixin.py:137} INFO - [2022-12-21T09:45:57.720+0000] {dag.py:3427} INFO - Setting next_dagrun for latest_only_with_trigger to 2022-12-21T05:45:57.699128+00:00, run_after=2022-12-21T09:45:57.699128+00:00
[2022-12-21T09:46:03.054+0000] {processor.py:175} INFO - Processing /home/airflow/.local/lib/python3.7/site-packages/airflow/example_dags/example_latest_only_with_trigger.py took 14.526 seconds
[2022-12-21T09:47:26.864+0000] {processor.py:153} INFO - Started process (PID=171) to work on /home/airflow/.local/lib/python3.7/site-packages/airflow/example_dags/example_latest_only_with_trigger.py
[2022-12-21T09:47:26.871+0000] {processor.py:743} INFO - Processing file /home/airflow/.local/lib/python3.7/site-packages/airflow/example_dags/example_latest_only_with_trigger.py for tasks to queue
[2022-12-21T09:47:26.875+0000] {logging_mixin.py:137} INFO - [2022-12-21T09:47:26.875+0000] {dagbag.py:538} INFO - Filling up the DagBag from /home/airflow/.local/lib/python3.7/site-packages/airflow/example_dags/example_latest_only_with_trigger.py
[2022-12-21T09:47:26.943+0000] {processor.py:753} INFO - DAG(s) dict_keys(['latest_only_with_trigger']) retrieved from /home/airflow/.local/lib/python3.7/site-packages/airflow/example_dags/example_latest_only_with_trigger.py
[2022-12-21T09:47:27.034+0000] {logging_mixin.py:137} INFO - [2022-12-21T09:47:27.034+0000] {dag.py:2676} INFO - Sync 1 DAGs
[2022-12-21T09:47:27.088+0000] {logging_mixin.py:137} INFO - [2022-12-21T09:47:27.087+0000] {dag.py:3427} INFO - Setting next_dagrun for latest_only_with_trigger to 2022-12-21T05:47:27.086634+00:00, run_after=2022-12-21T09:47:27.086634+00:00
[2022-12-21T09:47:27.155+0000] {processor.py:175} INFO - Processing /home/airflow/.local/lib/python3.7/site-packages/airflow/example_dags/example_latest_only_with_trigger.py took 0.295 seconds
[2022-12-21T09:47:58.026+0000] {processor.py:153} INFO - Started process (PID=246) to work on /home/airflow/.local/lib/python3.7/site-packages/airflow/example_dags/example_latest_only_with_trigger.py
[2022-12-21T09:47:58.030+0000] {processor.py:743} INFO - Processing file /home/airflow/.local/lib/python3.7/site-packages/airflow/example_dags/example_latest_only_with_trigger.py for tasks to queue
[2022-12-21T09:47:58.033+0000] {logging_mixin.py:137} INFO - [2022-12-21T09:47:58.033+0000] {dagbag.py:538} INFO - Filling up the DagBag from /home/airflow/.local/lib/python3.7/site-packages/airflow/example_dags/example_latest_only_with_trigger.py
[2022-12-21T09:47:58.058+0000] {processor.py:753} INFO - DAG(s) dict_keys(['latest_only_with_trigger']) retrieved from /home/airflow/.local/lib/python3.7/site-packages/airflow/example_dags/example_latest_only_with_trigger.py
[2022-12-21T09:47:58.098+0000] {logging_mixin.py:137} INFO - [2022-12-21T09:47:58.098+0000] {dag.py:2676} INFO - Sync 1 DAGs
[2022-12-21T09:47:58.128+0000] {logging_mixin.py:137} INFO - [2022-12-21T09:47:58.128+0000] {dag.py:3427} INFO - Setting next_dagrun for latest_only_with_trigger to 2022-12-21T05:47:58.128391+00:00, run_after=2022-12-21T09:47:58.128391+00:00
[2022-12-21T09:47:58.148+0000] {processor.py:175} INFO - Processing /home/airflow/.local/lib/python3.7/site-packages/airflow/example_dags/example_latest_only_with_trigger.py took 0.128 seconds
[2022-12-21T09:48:28.449+0000] {processor.py:153} INFO - Started process (PID=309) to work on /home/airflow/.local/lib/python3.7/site-packages/airflow/example_dags/example_latest_only_with_trigger.py
[2022-12-21T09:48:28.452+0000] {processor.py:743} INFO - Processing file /home/airflow/.local/lib/python3.7/site-packages/airflow/example_dags/example_latest_only_with_trigger.py for tasks to queue
[2022-12-21T09:48:28.454+0000] {logging_mixin.py:137} INFO - [2022-12-21T09:48:28.454+0000] {dagbag.py:538} INFO - Filling up the DagBag from /home/airflow/.local/lib/python3.7/site-packages/airflow/example_dags/example_latest_only_with_trigger.py
[2022-12-21T09:48:28.467+0000] {processor.py:753} INFO - DAG(s) dict_keys(['latest_only_with_trigger']) retrieved from /home/airflow/.local/lib/python3.7/site-packages/airflow/example_dags/example_latest_only_with_trigger.py
[2022-12-21T09:48:28.496+0000] {logging_mixin.py:137} INFO - [2022-12-21T09:48:28.496+0000] {dag.py:2676} INFO - Sync 1 DAGs
[2022-12-21T09:48:28.511+0000] {logging_mixin.py:137} INFO - [2022-12-21T09:48:28.511+0000] {dag.py:3427} INFO - Setting next_dagrun for latest_only_with_trigger to 2022-12-21T05:48:28.511303+00:00, run_after=2022-12-21T09:48:28.511303+00:00
[2022-12-21T09:48:28.526+0000] {processor.py:175} INFO - Processing /home/airflow/.local/lib/python3.7/site-packages/airflow/example_dags/example_latest_only_with_trigger.py took 0.080 seconds
[2022-12-21T09:49:00.133+0000] {processor.py:153} INFO - Started process (PID=384) to work on /home/airflow/.local/lib/python3.7/site-packages/airflow/example_dags/example_latest_only_with_trigger.py
[2022-12-21T09:49:00.146+0000] {processor.py:743} INFO - Processing file /home/airflow/.local/lib/python3.7/site-packages/airflow/example_dags/example_latest_only_with_trigger.py for tasks to queue
[2022-12-21T09:49:00.167+0000] {logging_mixin.py:137} INFO - [2022-12-21T09:49:00.167+0000] {dagbag.py:538} INFO - Filling up the DagBag from /home/airflow/.local/lib/python3.7/site-packages/airflow/example_dags/example_latest_only_with_trigger.py
[2022-12-21T09:49:00.187+0000] {processor.py:753} INFO - DAG(s) dict_keys(['latest_only_with_trigger']) retrieved from /home/airflow/.local/lib/python3.7/site-packages/airflow/example_dags/example_latest_only_with_trigger.py
[2022-12-21T09:49:00.252+0000] {logging_mixin.py:137} INFO - [2022-12-21T09:49:00.252+0000] {dag.py:2676} INFO - Sync 1 DAGs
[2022-12-21T09:49:00.288+0000] {logging_mixin.py:137} INFO - [2022-12-21T09:49:00.288+0000] {dag.py:3427} INFO - Setting next_dagrun for latest_only_with_trigger to 2022-12-21T05:49:00.288150+00:00, run_after=2022-12-21T09:49:00.288150+00:00
[2022-12-21T09:49:00.314+0000] {processor.py:175} INFO - Processing /home/airflow/.local/lib/python3.7/site-packages/airflow/example_dags/example_latest_only_with_trigger.py took 0.186 seconds
[2022-12-21T09:49:30.582+0000] {processor.py:153} INFO - Started process (PID=447) to work on /home/airflow/.local/lib/python3.7/site-packages/airflow/example_dags/example_latest_only_with_trigger.py
[2022-12-21T09:49:30.588+0000] {processor.py:743} INFO - Processing file /home/airflow/.local/lib/python3.7/site-packages/airflow/example_dags/example_latest_only_with_trigger.py for tasks to queue
[2022-12-21T09:49:30.590+0000] {logging_mixin.py:137} INFO - [2022-12-21T09:49:30.590+0000] {dagbag.py:538} INFO - Filling up the DagBag from /home/airflow/.local/lib/python3.7/site-packages/airflow/example_dags/example_latest_only_with_trigger.py
[2022-12-21T09:49:30.607+0000] {processor.py:753} INFO - DAG(s) dict_keys(['latest_only_with_trigger']) retrieved from /home/airflow/.local/lib/python3.7/site-packages/airflow/example_dags/example_latest_only_with_trigger.py
[2022-12-21T09:49:30.682+0000] {logging_mixin.py:137} INFO - [2022-12-21T09:49:30.681+0000] {dag.py:2676} INFO - Sync 1 DAGs
[2022-12-21T09:49:30.730+0000] {logging_mixin.py:137} INFO - [2022-12-21T09:49:30.730+0000] {dag.py:3427} INFO - Setting next_dagrun for latest_only_with_trigger to 2022-12-21T05:49:30.729929+00:00, run_after=2022-12-21T09:49:30.729929+00:00
[2022-12-21T09:49:30.774+0000] {processor.py:175} INFO - Processing /home/airflow/.local/lib/python3.7/site-packages/airflow/example_dags/example_latest_only_with_trigger.py took 0.195 seconds
[2022-12-21T09:50:01.731+0000] {processor.py:153} INFO - Started process (PID=510) to work on /home/airflow/.local/lib/python3.7/site-packages/airflow/example_dags/example_latest_only_with_trigger.py
[2022-12-21T09:50:01.734+0000] {processor.py:743} INFO - Processing file /home/airflow/.local/lib/python3.7/site-packages/airflow/example_dags/example_latest_only_with_trigger.py for tasks to queue
[2022-12-21T09:50:01.736+0000] {logging_mixin.py:137} INFO - [2022-12-21T09:50:01.735+0000] {dagbag.py:538} INFO - Filling up the DagBag from /home/airflow/.local/lib/python3.7/site-packages/airflow/example_dags/example_latest_only_with_trigger.py
[2022-12-21T09:50:01.785+0000] {processor.py:753} INFO - DAG(s) dict_keys(['latest_only_with_trigger']) retrieved from /home/airflow/.local/lib/python3.7/site-packages/airflow/example_dags/example_latest_only_with_trigger.py
[2022-12-21T09:50:01.844+0000] {logging_mixin.py:137} INFO - [2022-12-21T09:50:01.844+0000] {dag.py:2676} INFO - Sync 1 DAGs
[2022-12-21T09:50:01.874+0000] {logging_mixin.py:137} INFO - [2022-12-21T09:50:01.873+0000] {dag.py:3427} INFO - Setting next_dagrun for latest_only_with_trigger to 2022-12-21T05:50:01.873686+00:00, run_after=2022-12-21T09:50:01.873686+00:00
[2022-12-21T09:50:01.897+0000] {processor.py:175} INFO - Processing /home/airflow/.local/lib/python3.7/site-packages/airflow/example_dags/example_latest_only_with_trigger.py took 0.173 seconds
[2022-12-21T09:50:32.772+0000] {processor.py:153} INFO - Started process (PID=586) to work on /home/airflow/.local/lib/python3.7/site-packages/airflow/example_dags/example_latest_only_with_trigger.py
[2022-12-21T09:50:32.774+0000] {processor.py:743} INFO - Processing file /home/airflow/.local/lib/python3.7/site-packages/airflow/example_dags/example_latest_only_with_trigger.py for tasks to queue
[2022-12-21T09:50:32.776+0000] {logging_mixin.py:137} INFO - [2022-12-21T09:50:32.776+0000] {dagbag.py:538} INFO - Filling up the DagBag from /home/airflow/.local/lib/python3.7/site-packages/airflow/example_dags/example_latest_only_with_trigger.py
[2022-12-21T09:50:32.803+0000] {processor.py:753} INFO - DAG(s) dict_keys(['latest_only_with_trigger']) retrieved from /home/airflow/.local/lib/python3.7/site-packages/airflow/example_dags/example_latest_only_with_trigger.py
[2022-12-21T09:50:32.864+0000] {logging_mixin.py:137} INFO - [2022-12-21T09:50:32.863+0000] {dag.py:2676} INFO - Sync 1 DAGs
[2022-12-21T09:50:32.893+0000] {logging_mixin.py:137} INFO - [2022-12-21T09:50:32.893+0000] {dag.py:3427} INFO - Setting next_dagrun for latest_only_with_trigger to 2022-12-21T05:50:32.892778+00:00, run_after=2022-12-21T09:50:32.892778+00:00
[2022-12-21T09:50:32.913+0000] {processor.py:175} INFO - Processing /home/airflow/.local/lib/python3.7/site-packages/airflow/example_dags/example_latest_only_with_trigger.py took 0.146 seconds
[2022-12-21T09:51:03.413+0000] {processor.py:153} INFO - Started process (PID=649) to work on /home/airflow/.local/lib/python3.7/site-packages/airflow/example_dags/example_latest_only_with_trigger.py
[2022-12-21T09:51:03.414+0000] {processor.py:743} INFO - Processing file /home/airflow/.local/lib/python3.7/site-packages/airflow/example_dags/example_latest_only_with_trigger.py for tasks to queue
[2022-12-21T09:51:03.415+0000] {logging_mixin.py:137} INFO - [2022-12-21T09:51:03.415+0000] {dagbag.py:538} INFO - Filling up the DagBag from /home/airflow/.local/lib/python3.7/site-packages/airflow/example_dags/example_latest_only_with_trigger.py
[2022-12-21T09:51:03.426+0000] {processor.py:753} INFO - DAG(s) dict_keys(['latest_only_with_trigger']) retrieved from /home/airflow/.local/lib/python3.7/site-packages/airflow/example_dags/example_latest_only_with_trigger.py
[2022-12-21T09:51:03.456+0000] {logging_mixin.py:137} INFO - [2022-12-21T09:51:03.456+0000] {dag.py:2676} INFO - Sync 1 DAGs
[2022-12-21T09:51:03.473+0000] {logging_mixin.py:137} INFO - [2022-12-21T09:51:03.473+0000] {dag.py:3427} INFO - Setting next_dagrun for latest_only_with_trigger to 2022-12-21T05:51:03.473007+00:00, run_after=2022-12-21T09:51:03.473007+00:00
[2022-12-21T09:51:03.486+0000] {processor.py:175} INFO - Processing /home/airflow/.local/lib/python3.7/site-packages/airflow/example_dags/example_latest_only_with_trigger.py took 0.076 seconds
[2022-12-21T09:51:33.874+0000] {processor.py:153} INFO - Started process (PID=724) to work on /home/airflow/.local/lib/python3.7/site-packages/airflow/example_dags/example_latest_only_with_trigger.py
[2022-12-21T09:51:33.880+0000] {processor.py:743} INFO - Processing file /home/airflow/.local/lib/python3.7/site-packages/airflow/example_dags/example_latest_only_with_trigger.py for tasks to queue
[2022-12-21T09:51:33.882+0000] {logging_mixin.py:137} INFO - [2022-12-21T09:51:33.882+0000] {dagbag.py:538} INFO - Filling up the DagBag from /home/airflow/.local/lib/python3.7/site-packages/airflow/example_dags/example_latest_only_with_trigger.py
[2022-12-21T09:51:33.911+0000] {processor.py:753} INFO - DAG(s) dict_keys(['latest_only_with_trigger']) retrieved from /home/airflow/.local/lib/python3.7/site-packages/airflow/example_dags/example_latest_only_with_trigger.py
[2022-12-21T09:51:33.978+0000] {logging_mixin.py:137} INFO - [2022-12-21T09:51:33.978+0000] {dag.py:2676} INFO - Sync 1 DAGs
[2022-12-21T09:51:34.027+0000] {logging_mixin.py:137} INFO - [2022-12-21T09:51:34.026+0000] {dag.py:3427} INFO - Setting next_dagrun for latest_only_with_trigger to 2022-12-21T05:51:34.026565+00:00, run_after=2022-12-21T09:51:34.026565+00:00
[2022-12-21T09:51:34.044+0000] {processor.py:175} INFO - Processing /home/airflow/.local/lib/python3.7/site-packages/airflow/example_dags/example_latest_only_with_trigger.py took 0.178 seconds
[2022-12-21T09:52:05.137+0000] {processor.py:153} INFO - Started process (PID=787) to work on /home/airflow/.local/lib/python3.7/site-packages/airflow/example_dags/example_latest_only_with_trigger.py
[2022-12-21T09:52:05.141+0000] {processor.py:743} INFO - Processing file /home/airflow/.local/lib/python3.7/site-packages/airflow/example_dags/example_latest_only_with_trigger.py for tasks to queue
[2022-12-21T09:52:05.147+0000] {logging_mixin.py:137} INFO - [2022-12-21T09:52:05.146+0000] {dagbag.py:538} INFO - Filling up the DagBag from /home/airflow/.local/lib/python3.7/site-packages/airflow/example_dags/example_latest_only_with_trigger.py
[2022-12-21T09:52:05.219+0000] {processor.py:753} INFO - DAG(s) dict_keys(['latest_only_with_trigger']) retrieved from /home/airflow/.local/lib/python3.7/site-packages/airflow/example_dags/example_latest_only_with_trigger.py
[2022-12-21T09:52:05.295+0000] {logging_mixin.py:137} INFO - [2022-12-21T09:52:05.295+0000] {dag.py:2676} INFO - Sync 1 DAGs
[2022-12-21T09:52:05.326+0000] {logging_mixin.py:137} INFO - [2022-12-21T09:52:05.326+0000] {dag.py:3427} INFO - Setting next_dagrun for latest_only_with_trigger to 2022-12-21T05:52:05.326257+00:00, run_after=2022-12-21T09:52:05.326257+00:00
[2022-12-21T09:52:05.354+0000] {processor.py:175} INFO - Processing /home/airflow/.local/lib/python3.7/site-packages/airflow/example_dags/example_latest_only_with_trigger.py took 0.230 seconds
[2022-12-21T10:25:48.315+0000] {processor.py:153} INFO - Started process (PID=836) to work on /home/airflow/.local/lib/python3.7/site-packages/airflow/example_dags/example_latest_only_with_trigger.py
[2022-12-21T10:25:48.324+0000] {processor.py:743} INFO - Processing file /home/airflow/.local/lib/python3.7/site-packages/airflow/example_dags/example_latest_only_with_trigger.py for tasks to queue
[2022-12-21T10:25:48.340+0000] {logging_mixin.py:137} INFO - [2022-12-21T10:25:48.340+0000] {dagbag.py:538} INFO - Filling up the DagBag from /home/airflow/.local/lib/python3.7/site-packages/airflow/example_dags/example_latest_only_with_trigger.py
[2022-12-21T10:25:48.406+0000] {processor.py:753} INFO - DAG(s) dict_keys(['latest_only_with_trigger']) retrieved from /home/airflow/.local/lib/python3.7/site-packages/airflow/example_dags/example_latest_only_with_trigger.py
[2022-12-21T10:25:48.455+0000] {logging_mixin.py:137} INFO - [2022-12-21T10:25:48.455+0000] {dag.py:2676} INFO - Sync 1 DAGs
[2022-12-21T10:25:51.933+0000] {logging_mixin.py:137} INFO - [2022-12-21T10:25:51.932+0000] {dag.py:3427} INFO - Setting next_dagrun for latest_only_with_trigger to 2022-12-21T06:25:51.931956+00:00, run_after=2022-12-21T10:25:51.931956+00:00
[2022-12-21T10:25:53.316+0000] {processor.py:175} INFO - Processing /home/airflow/.local/lib/python3.7/site-packages/airflow/example_dags/example_latest_only_with_trigger.py took 5.003 seconds
[2022-12-21T11:01:02.598+0000] {processor.py:153} INFO - Started process (PID=898) to work on /home/airflow/.local/lib/python3.7/site-packages/airflow/example_dags/example_latest_only_with_trigger.py
[2022-12-21T11:01:02.602+0000] {processor.py:743} INFO - Processing file /home/airflow/.local/lib/python3.7/site-packages/airflow/example_dags/example_latest_only_with_trigger.py for tasks to queue
[2022-12-21T11:01:02.606+0000] {logging_mixin.py:137} INFO - [2022-12-21T11:01:02.606+0000] {dagbag.py:538} INFO - Filling up the DagBag from /home/airflow/.local/lib/python3.7/site-packages/airflow/example_dags/example_latest_only_with_trigger.py
[2022-12-21T11:01:02.626+0000] {processor.py:753} INFO - DAG(s) dict_keys(['latest_only_with_trigger']) retrieved from /home/airflow/.local/lib/python3.7/site-packages/airflow/example_dags/example_latest_only_with_trigger.py
[2022-12-21T11:01:02.660+0000] {logging_mixin.py:137} INFO - [2022-12-21T11:01:02.659+0000] {dag.py:2676} INFO - Sync 1 DAGs
[2022-12-21T11:01:02.689+0000] {logging_mixin.py:137} INFO - [2022-12-21T11:01:02.689+0000] {dag.py:3427} INFO - Setting next_dagrun for latest_only_with_trigger to 2022-12-21T07:01:02.689295+00:00, run_after=2022-12-21T11:01:02.689295+00:00
[2022-12-21T11:01:02.706+0000] {processor.py:175} INFO - Processing /home/airflow/.local/lib/python3.7/site-packages/airflow/example_dags/example_latest_only_with_trigger.py took 0.112 seconds
[2022-12-21T11:01:40.113+0000] {processor.py:153} INFO - Started process (PID=951) to work on /home/airflow/.local/lib/python3.7/site-packages/airflow/example_dags/example_latest_only_with_trigger.py
[2022-12-21T11:01:40.119+0000] {processor.py:743} INFO - Processing file /home/airflow/.local/lib/python3.7/site-packages/airflow/example_dags/example_latest_only_with_trigger.py for tasks to queue
[2022-12-21T11:01:40.128+0000] {logging_mixin.py:137} INFO - [2022-12-21T11:01:40.127+0000] {dagbag.py:538} INFO - Filling up the DagBag from /home/airflow/.local/lib/python3.7/site-packages/airflow/example_dags/example_latest_only_with_trigger.py
[2022-12-21T11:01:40.152+0000] {processor.py:753} INFO - DAG(s) dict_keys(['latest_only_with_trigger']) retrieved from /home/airflow/.local/lib/python3.7/site-packages/airflow/example_dags/example_latest_only_with_trigger.py
[2022-12-21T11:01:40.199+0000] {logging_mixin.py:137} INFO - [2022-12-21T11:01:40.199+0000] {dag.py:2676} INFO - Sync 1 DAGs
[2022-12-21T11:01:40.226+0000] {logging_mixin.py:137} INFO - [2022-12-21T11:01:40.226+0000] {dag.py:3427} INFO - Setting next_dagrun for latest_only_with_trigger to 2022-12-21T07:01:40.226004+00:00, run_after=2022-12-21T11:01:40.226004+00:00
[2022-12-21T11:01:40.250+0000] {processor.py:175} INFO - Processing /home/airflow/.local/lib/python3.7/site-packages/airflow/example_dags/example_latest_only_with_trigger.py took 0.141 seconds
[2022-12-21T11:02:15.626+0000] {processor.py:153} INFO - Started process (PID=1013) to work on /home/airflow/.local/lib/python3.7/site-packages/airflow/example_dags/example_latest_only_with_trigger.py
[2022-12-21T11:02:15.633+0000] {processor.py:743} INFO - Processing file /home/airflow/.local/lib/python3.7/site-packages/airflow/example_dags/example_latest_only_with_trigger.py for tasks to queue
[2022-12-21T11:02:15.639+0000] {logging_mixin.py:137} INFO - [2022-12-21T11:02:15.638+0000] {dagbag.py:538} INFO - Filling up the DagBag from /home/airflow/.local/lib/python3.7/site-packages/airflow/example_dags/example_latest_only_with_trigger.py
[2022-12-21T11:02:15.681+0000] {processor.py:753} INFO - DAG(s) dict_keys(['latest_only_with_trigger']) retrieved from /home/airflow/.local/lib/python3.7/site-packages/airflow/example_dags/example_latest_only_with_trigger.py
[2022-12-21T11:02:15.811+0000] {logging_mixin.py:137} INFO - [2022-12-21T11:02:15.810+0000] {dag.py:2676} INFO - Sync 1 DAGs
[2022-12-21T11:02:15.887+0000] {logging_mixin.py:137} INFO - [2022-12-21T11:02:15.887+0000] {dag.py:3427} INFO - Setting next_dagrun for latest_only_with_trigger to 2022-12-21T07:02:15.886916+00:00, run_after=2022-12-21T11:02:15.886916+00:00
[2022-12-21T11:02:15.947+0000] {processor.py:175} INFO - Processing /home/airflow/.local/lib/python3.7/site-packages/airflow/example_dags/example_latest_only_with_trigger.py took 0.334 seconds
[2022-12-21T11:03:03.888+0000] {processor.py:153} INFO - Started process (PID=1097) to work on /home/airflow/.local/lib/python3.7/site-packages/airflow/example_dags/example_latest_only_with_trigger.py
[2022-12-21T11:03:03.897+0000] {processor.py:743} INFO - Processing file /home/airflow/.local/lib/python3.7/site-packages/airflow/example_dags/example_latest_only_with_trigger.py for tasks to queue
[2022-12-21T11:03:03.915+0000] {logging_mixin.py:137} INFO - [2022-12-21T11:03:03.915+0000] {dagbag.py:538} INFO - Filling up the DagBag from /home/airflow/.local/lib/python3.7/site-packages/airflow/example_dags/example_latest_only_with_trigger.py
[2022-12-21T11:03:04.088+0000] {processor.py:753} INFO - DAG(s) dict_keys(['latest_only_with_trigger']) retrieved from /home/airflow/.local/lib/python3.7/site-packages/airflow/example_dags/example_latest_only_with_trigger.py
[2022-12-21T11:03:04.495+0000] {logging_mixin.py:137} INFO - [2022-12-21T11:03:04.491+0000] {dag.py:2676} INFO - Sync 1 DAGs
[2022-12-21T11:03:04.880+0000] {logging_mixin.py:137} INFO - [2022-12-21T11:03:04.860+0000] {dag.py:3427} INFO - Setting next_dagrun for latest_only_with_trigger to 2022-12-21T07:03:04.859199+00:00, run_after=2022-12-21T11:03:04.859199+00:00
[2022-12-21T11:03:05.028+0000] {processor.py:175} INFO - Processing /home/airflow/.local/lib/python3.7/site-packages/airflow/example_dags/example_latest_only_with_trigger.py took 1.203 seconds
[2022-12-21T11:03:36.180+0000] {processor.py:153} INFO - Started process (PID=1152) to work on /home/airflow/.local/lib/python3.7/site-packages/airflow/example_dags/example_latest_only_with_trigger.py
[2022-12-21T11:03:36.184+0000] {processor.py:743} INFO - Processing file /home/airflow/.local/lib/python3.7/site-packages/airflow/example_dags/example_latest_only_with_trigger.py for tasks to queue
[2022-12-21T11:03:36.188+0000] {logging_mixin.py:137} INFO - [2022-12-21T11:03:36.188+0000] {dagbag.py:538} INFO - Filling up the DagBag from /home/airflow/.local/lib/python3.7/site-packages/airflow/example_dags/example_latest_only_with_trigger.py
[2022-12-21T11:03:36.223+0000] {processor.py:753} INFO - DAG(s) dict_keys(['latest_only_with_trigger']) retrieved from /home/airflow/.local/lib/python3.7/site-packages/airflow/example_dags/example_latest_only_with_trigger.py
[2022-12-21T11:03:36.288+0000] {logging_mixin.py:137} INFO - [2022-12-21T11:03:36.288+0000] {dag.py:2676} INFO - Sync 1 DAGs
[2022-12-21T11:03:36.321+0000] {logging_mixin.py:137} INFO - [2022-12-21T11:03:36.321+0000] {dag.py:3427} INFO - Setting next_dagrun for latest_only_with_trigger to 2022-12-21T07:03:36.320858+00:00, run_after=2022-12-21T11:03:36.320858+00:00
[2022-12-21T11:03:36.350+0000] {processor.py:175} INFO - Processing /home/airflow/.local/lib/python3.7/site-packages/airflow/example_dags/example_latest_only_with_trigger.py took 0.186 seconds
[2022-12-21T11:04:07.136+0000] {processor.py:153} INFO - Started process (PID=1215) to work on /home/airflow/.local/lib/python3.7/site-packages/airflow/example_dags/example_latest_only_with_trigger.py
[2022-12-21T11:04:07.152+0000] {processor.py:743} INFO - Processing file /home/airflow/.local/lib/python3.7/site-packages/airflow/example_dags/example_latest_only_with_trigger.py for tasks to queue
[2022-12-21T11:04:07.164+0000] {logging_mixin.py:137} INFO - [2022-12-21T11:04:07.164+0000] {dagbag.py:538} INFO - Filling up the DagBag from /home/airflow/.local/lib/python3.7/site-packages/airflow/example_dags/example_latest_only_with_trigger.py
[2022-12-21T11:04:07.247+0000] {processor.py:753} INFO - DAG(s) dict_keys(['latest_only_with_trigger']) retrieved from /home/airflow/.local/lib/python3.7/site-packages/airflow/example_dags/example_latest_only_with_trigger.py
[2022-12-21T11:04:07.488+0000] {logging_mixin.py:137} INFO - [2022-12-21T11:04:07.488+0000] {dag.py:2676} INFO - Sync 1 DAGs
[2022-12-21T11:04:07.759+0000] {logging_mixin.py:137} INFO - [2022-12-21T11:04:07.759+0000] {dag.py:3427} INFO - Setting next_dagrun for latest_only_with_trigger to 2022-12-21T07:04:07.758865+00:00, run_after=2022-12-21T11:04:07.758865+00:00
[2022-12-21T11:04:07.978+0000] {processor.py:175} INFO - Processing /home/airflow/.local/lib/python3.7/site-packages/airflow/example_dags/example_latest_only_with_trigger.py took 0.880 seconds
[2022-12-21T11:04:38.373+0000] {processor.py:153} INFO - Started process (PID=1278) to work on /home/airflow/.local/lib/python3.7/site-packages/airflow/example_dags/example_latest_only_with_trigger.py
[2022-12-21T11:04:38.376+0000] {processor.py:743} INFO - Processing file /home/airflow/.local/lib/python3.7/site-packages/airflow/example_dags/example_latest_only_with_trigger.py for tasks to queue
[2022-12-21T11:04:38.378+0000] {logging_mixin.py:137} INFO - [2022-12-21T11:04:38.378+0000] {dagbag.py:538} INFO - Filling up the DagBag from /home/airflow/.local/lib/python3.7/site-packages/airflow/example_dags/example_latest_only_with_trigger.py
[2022-12-21T11:04:38.395+0000] {processor.py:753} INFO - DAG(s) dict_keys(['latest_only_with_trigger']) retrieved from /home/airflow/.local/lib/python3.7/site-packages/airflow/example_dags/example_latest_only_with_trigger.py
[2022-12-21T11:04:38.453+0000] {logging_mixin.py:137} INFO - [2022-12-21T11:04:38.453+0000] {dag.py:2676} INFO - Sync 1 DAGs
[2022-12-21T11:04:38.484+0000] {logging_mixin.py:137} INFO - [2022-12-21T11:04:38.484+0000] {dag.py:3427} INFO - Setting next_dagrun for latest_only_with_trigger to 2022-12-21T07:04:38.484505+00:00, run_after=2022-12-21T11:04:38.484505+00:00
[2022-12-21T11:04:38.504+0000] {processor.py:175} INFO - Processing /home/airflow/.local/lib/python3.7/site-packages/airflow/example_dags/example_latest_only_with_trigger.py took 0.135 seconds
[2022-12-21T11:05:08.800+0000] {processor.py:153} INFO - Started process (PID=1352) to work on /home/airflow/.local/lib/python3.7/site-packages/airflow/example_dags/example_latest_only_with_trigger.py
[2022-12-21T11:05:08.814+0000] {processor.py:743} INFO - Processing file /home/airflow/.local/lib/python3.7/site-packages/airflow/example_dags/example_latest_only_with_trigger.py for tasks to queue
[2022-12-21T11:05:08.818+0000] {logging_mixin.py:137} INFO - [2022-12-21T11:05:08.817+0000] {dagbag.py:538} INFO - Filling up the DagBag from /home/airflow/.local/lib/python3.7/site-packages/airflow/example_dags/example_latest_only_with_trigger.py
[2022-12-21T11:05:08.867+0000] {processor.py:753} INFO - DAG(s) dict_keys(['latest_only_with_trigger']) retrieved from /home/airflow/.local/lib/python3.7/site-packages/airflow/example_dags/example_latest_only_with_trigger.py
[2022-12-21T11:05:08.970+0000] {logging_mixin.py:137} INFO - [2022-12-21T11:05:08.970+0000] {dag.py:2676} INFO - Sync 1 DAGs
[2022-12-21T11:05:09.015+0000] {logging_mixin.py:137} INFO - [2022-12-21T11:05:09.015+0000] {dag.py:3427} INFO - Setting next_dagrun for latest_only_with_trigger to 2022-12-21T07:05:09.014379+00:00, run_after=2022-12-21T11:05:09.014379+00:00
[2022-12-21T11:05:09.044+0000] {processor.py:175} INFO - Processing /home/airflow/.local/lib/python3.7/site-packages/airflow/example_dags/example_latest_only_with_trigger.py took 0.261 seconds
[2022-12-21T11:05:39.374+0000] {processor.py:153} INFO - Started process (PID=1415) to work on /home/airflow/.local/lib/python3.7/site-packages/airflow/example_dags/example_latest_only_with_trigger.py
[2022-12-21T11:05:39.378+0000] {processor.py:743} INFO - Processing file /home/airflow/.local/lib/python3.7/site-packages/airflow/example_dags/example_latest_only_with_trigger.py for tasks to queue
[2022-12-21T11:05:39.381+0000] {logging_mixin.py:137} INFO - [2022-12-21T11:05:39.381+0000] {dagbag.py:538} INFO - Filling up the DagBag from /home/airflow/.local/lib/python3.7/site-packages/airflow/example_dags/example_latest_only_with_trigger.py
[2022-12-21T11:05:39.400+0000] {processor.py:753} INFO - DAG(s) dict_keys(['latest_only_with_trigger']) retrieved from /home/airflow/.local/lib/python3.7/site-packages/airflow/example_dags/example_latest_only_with_trigger.py
[2022-12-21T11:05:39.442+0000] {logging_mixin.py:137} INFO - [2022-12-21T11:05:39.442+0000] {dag.py:2676} INFO - Sync 1 DAGs
[2022-12-21T11:05:39.460+0000] {logging_mixin.py:137} INFO - [2022-12-21T11:05:39.460+0000] {dag.py:3427} INFO - Setting next_dagrun for latest_only_with_trigger to 2022-12-21T07:05:39.459655+00:00, run_after=2022-12-21T11:05:39.459655+00:00
[2022-12-21T11:05:39.472+0000] {processor.py:175} INFO - Processing /home/airflow/.local/lib/python3.7/site-packages/airflow/example_dags/example_latest_only_with_trigger.py took 0.102 seconds
[2022-12-21T11:06:10.155+0000] {processor.py:153} INFO - Started process (PID=1489) to work on /home/airflow/.local/lib/python3.7/site-packages/airflow/example_dags/example_latest_only_with_trigger.py
[2022-12-21T11:06:10.159+0000] {processor.py:743} INFO - Processing file /home/airflow/.local/lib/python3.7/site-packages/airflow/example_dags/example_latest_only_with_trigger.py for tasks to queue
[2022-12-21T11:06:10.163+0000] {logging_mixin.py:137} INFO - [2022-12-21T11:06:10.162+0000] {dagbag.py:538} INFO - Filling up the DagBag from /home/airflow/.local/lib/python3.7/site-packages/airflow/example_dags/example_latest_only_with_trigger.py
[2022-12-21T11:06:10.187+0000] {processor.py:753} INFO - DAG(s) dict_keys(['latest_only_with_trigger']) retrieved from /home/airflow/.local/lib/python3.7/site-packages/airflow/example_dags/example_latest_only_with_trigger.py
[2022-12-21T11:06:10.242+0000] {logging_mixin.py:137} INFO - [2022-12-21T11:06:10.242+0000] {dag.py:2676} INFO - Sync 1 DAGs
[2022-12-21T11:06:10.297+0000] {logging_mixin.py:137} INFO - [2022-12-21T11:06:10.296+0000] {dag.py:3427} INFO - Setting next_dagrun for latest_only_with_trigger to 2022-12-21T07:06:10.296593+00:00, run_after=2022-12-21T11:06:10.296593+00:00
[2022-12-21T11:06:10.319+0000] {processor.py:175} INFO - Processing /home/airflow/.local/lib/python3.7/site-packages/airflow/example_dags/example_latest_only_with_trigger.py took 0.172 seconds
[2022-12-21T11:06:40.775+0000] {processor.py:153} INFO - Started process (PID=1552) to work on /home/airflow/.local/lib/python3.7/site-packages/airflow/example_dags/example_latest_only_with_trigger.py
[2022-12-21T11:06:40.778+0000] {processor.py:743} INFO - Processing file /home/airflow/.local/lib/python3.7/site-packages/airflow/example_dags/example_latest_only_with_trigger.py for tasks to queue
[2022-12-21T11:06:40.781+0000] {logging_mixin.py:137} INFO - [2022-12-21T11:06:40.781+0000] {dagbag.py:538} INFO - Filling up the DagBag from /home/airflow/.local/lib/python3.7/site-packages/airflow/example_dags/example_latest_only_with_trigger.py
[2022-12-21T11:06:40.808+0000] {processor.py:753} INFO - DAG(s) dict_keys(['latest_only_with_trigger']) retrieved from /home/airflow/.local/lib/python3.7/site-packages/airflow/example_dags/example_latest_only_with_trigger.py
[2022-12-21T11:06:40.855+0000] {logging_mixin.py:137} INFO - [2022-12-21T11:06:40.855+0000] {dag.py:2676} INFO - Sync 1 DAGs
[2022-12-21T11:06:40.876+0000] {logging_mixin.py:137} INFO - [2022-12-21T11:06:40.876+0000] {dag.py:3427} INFO - Setting next_dagrun for latest_only_with_trigger to 2022-12-21T07:06:40.876301+00:00, run_after=2022-12-21T11:06:40.876301+00:00
[2022-12-21T11:06:40.893+0000] {processor.py:175} INFO - Processing /home/airflow/.local/lib/python3.7/site-packages/airflow/example_dags/example_latest_only_with_trigger.py took 0.127 seconds
[2022-12-21T11:07:11.360+0000] {processor.py:153} INFO - Started process (PID=1626) to work on /home/airflow/.local/lib/python3.7/site-packages/airflow/example_dags/example_latest_only_with_trigger.py
[2022-12-21T11:07:11.365+0000] {processor.py:743} INFO - Processing file /home/airflow/.local/lib/python3.7/site-packages/airflow/example_dags/example_latest_only_with_trigger.py for tasks to queue
[2022-12-21T11:07:11.367+0000] {logging_mixin.py:137} INFO - [2022-12-21T11:07:11.367+0000] {dagbag.py:538} INFO - Filling up the DagBag from /home/airflow/.local/lib/python3.7/site-packages/airflow/example_dags/example_latest_only_with_trigger.py
[2022-12-21T11:07:11.406+0000] {processor.py:753} INFO - DAG(s) dict_keys(['latest_only_with_trigger']) retrieved from /home/airflow/.local/lib/python3.7/site-packages/airflow/example_dags/example_latest_only_with_trigger.py
[2022-12-21T11:07:11.471+0000] {logging_mixin.py:137} INFO - [2022-12-21T11:07:11.471+0000] {dag.py:2676} INFO - Sync 1 DAGs
[2022-12-21T11:07:11.516+0000] {logging_mixin.py:137} INFO - [2022-12-21T11:07:11.516+0000] {dag.py:3427} INFO - Setting next_dagrun for latest_only_with_trigger to 2022-12-21T07:07:11.516405+00:00, run_after=2022-12-21T11:07:11.516405+00:00
[2022-12-21T11:07:11.540+0000] {processor.py:175} INFO - Processing /home/airflow/.local/lib/python3.7/site-packages/airflow/example_dags/example_latest_only_with_trigger.py took 0.192 seconds
[2022-12-21T11:07:41.750+0000] {processor.py:153} INFO - Started process (PID=1688) to work on /home/airflow/.local/lib/python3.7/site-packages/airflow/example_dags/example_latest_only_with_trigger.py
[2022-12-21T11:07:41.754+0000] {processor.py:743} INFO - Processing file /home/airflow/.local/lib/python3.7/site-packages/airflow/example_dags/example_latest_only_with_trigger.py for tasks to queue
[2022-12-21T11:07:41.755+0000] {logging_mixin.py:137} INFO - [2022-12-21T11:07:41.755+0000] {dagbag.py:538} INFO - Filling up the DagBag from /home/airflow/.local/lib/python3.7/site-packages/airflow/example_dags/example_latest_only_with_trigger.py
[2022-12-21T11:07:41.788+0000] {processor.py:753} INFO - DAG(s) dict_keys(['latest_only_with_trigger']) retrieved from /home/airflow/.local/lib/python3.7/site-packages/airflow/example_dags/example_latest_only_with_trigger.py
[2022-12-21T11:07:41.888+0000] {logging_mixin.py:137} INFO - [2022-12-21T11:07:41.887+0000] {dag.py:2676} INFO - Sync 1 DAGs
[2022-12-21T11:07:41.965+0000] {logging_mixin.py:137} INFO - [2022-12-21T11:07:41.964+0000] {dag.py:3427} INFO - Setting next_dagrun for latest_only_with_trigger to 2022-12-21T07:07:41.964528+00:00, run_after=2022-12-21T11:07:41.964528+00:00
[2022-12-21T11:07:42.007+0000] {processor.py:175} INFO - Processing /home/airflow/.local/lib/python3.7/site-packages/airflow/example_dags/example_latest_only_with_trigger.py took 0.261 seconds
[2022-12-21T11:08:12.108+0000] {processor.py:153} INFO - Started process (PID=1763) to work on /home/airflow/.local/lib/python3.7/site-packages/airflow/example_dags/example_latest_only_with_trigger.py
[2022-12-21T11:08:12.111+0000] {processor.py:743} INFO - Processing file /home/airflow/.local/lib/python3.7/site-packages/airflow/example_dags/example_latest_only_with_trigger.py for tasks to queue
[2022-12-21T11:08:12.114+0000] {logging_mixin.py:137} INFO - [2022-12-21T11:08:12.113+0000] {dagbag.py:538} INFO - Filling up the DagBag from /home/airflow/.local/lib/python3.7/site-packages/airflow/example_dags/example_latest_only_with_trigger.py
[2022-12-21T11:08:12.131+0000] {processor.py:753} INFO - DAG(s) dict_keys(['latest_only_with_trigger']) retrieved from /home/airflow/.local/lib/python3.7/site-packages/airflow/example_dags/example_latest_only_with_trigger.py
[2022-12-21T11:08:12.173+0000] {logging_mixin.py:137} INFO - [2022-12-21T11:08:12.173+0000] {dag.py:2676} INFO - Sync 1 DAGs
[2022-12-21T11:08:12.192+0000] {logging_mixin.py:137} INFO - [2022-12-21T11:08:12.192+0000] {dag.py:3427} INFO - Setting next_dagrun for latest_only_with_trigger to 2022-12-21T07:08:12.192191+00:00, run_after=2022-12-21T11:08:12.192191+00:00
[2022-12-21T11:08:12.212+0000] {processor.py:175} INFO - Processing /home/airflow/.local/lib/python3.7/site-packages/airflow/example_dags/example_latest_only_with_trigger.py took 0.107 seconds
[2022-12-21T11:08:42.574+0000] {processor.py:153} INFO - Started process (PID=1824) to work on /home/airflow/.local/lib/python3.7/site-packages/airflow/example_dags/example_latest_only_with_trigger.py
[2022-12-21T11:08:42.577+0000] {processor.py:743} INFO - Processing file /home/airflow/.local/lib/python3.7/site-packages/airflow/example_dags/example_latest_only_with_trigger.py for tasks to queue
[2022-12-21T11:08:42.578+0000] {logging_mixin.py:137} INFO - [2022-12-21T11:08:42.578+0000] {dagbag.py:538} INFO - Filling up the DagBag from /home/airflow/.local/lib/python3.7/site-packages/airflow/example_dags/example_latest_only_with_trigger.py
[2022-12-21T11:08:42.590+0000] {processor.py:753} INFO - DAG(s) dict_keys(['latest_only_with_trigger']) retrieved from /home/airflow/.local/lib/python3.7/site-packages/airflow/example_dags/example_latest_only_with_trigger.py
[2022-12-21T11:08:42.614+0000] {logging_mixin.py:137} INFO - [2022-12-21T11:08:42.614+0000] {dag.py:2676} INFO - Sync 1 DAGs
[2022-12-21T11:08:42.629+0000] {logging_mixin.py:137} INFO - [2022-12-21T11:08:42.629+0000] {dag.py:3427} INFO - Setting next_dagrun for latest_only_with_trigger to 2022-12-21T07:08:42.629380+00:00, run_after=2022-12-21T11:08:42.629380+00:00
[2022-12-21T11:08:42.643+0000] {processor.py:175} INFO - Processing /home/airflow/.local/lib/python3.7/site-packages/airflow/example_dags/example_latest_only_with_trigger.py took 0.072 seconds
[2022-12-21T11:09:13.235+0000] {processor.py:153} INFO - Started process (PID=1887) to work on /home/airflow/.local/lib/python3.7/site-packages/airflow/example_dags/example_latest_only_with_trigger.py
[2022-12-21T11:09:13.240+0000] {processor.py:743} INFO - Processing file /home/airflow/.local/lib/python3.7/site-packages/airflow/example_dags/example_latest_only_with_trigger.py for tasks to queue
[2022-12-21T11:09:13.248+0000] {logging_mixin.py:137} INFO - [2022-12-21T11:09:13.247+0000] {dagbag.py:538} INFO - Filling up the DagBag from /home/airflow/.local/lib/python3.7/site-packages/airflow/example_dags/example_latest_only_with_trigger.py
[2022-12-21T11:09:13.275+0000] {processor.py:753} INFO - DAG(s) dict_keys(['latest_only_with_trigger']) retrieved from /home/airflow/.local/lib/python3.7/site-packages/airflow/example_dags/example_latest_only_with_trigger.py
[2022-12-21T11:09:13.351+0000] {logging_mixin.py:137} INFO - [2022-12-21T11:09:13.351+0000] {dag.py:2676} INFO - Sync 1 DAGs
[2022-12-21T11:09:13.392+0000] {logging_mixin.py:137} INFO - [2022-12-21T11:09:13.392+0000] {dag.py:3427} INFO - Setting next_dagrun for latest_only_with_trigger to 2022-12-21T07:09:13.391069+00:00, run_after=2022-12-21T11:09:13.391069+00:00
[2022-12-21T11:09:13.491+0000] {processor.py:175} INFO - Processing /home/airflow/.local/lib/python3.7/site-packages/airflow/example_dags/example_latest_only_with_trigger.py took 0.261 seconds
[2022-12-21T11:09:43.639+0000] {processor.py:153} INFO - Started process (PID=1963) to work on /home/airflow/.local/lib/python3.7/site-packages/airflow/example_dags/example_latest_only_with_trigger.py
[2022-12-21T11:09:43.641+0000] {processor.py:743} INFO - Processing file /home/airflow/.local/lib/python3.7/site-packages/airflow/example_dags/example_latest_only_with_trigger.py for tasks to queue
[2022-12-21T11:09:43.642+0000] {logging_mixin.py:137} INFO - [2022-12-21T11:09:43.642+0000] {dagbag.py:538} INFO - Filling up the DagBag from /home/airflow/.local/lib/python3.7/site-packages/airflow/example_dags/example_latest_only_with_trigger.py
[2022-12-21T11:09:43.656+0000] {processor.py:753} INFO - DAG(s) dict_keys(['latest_only_with_trigger']) retrieved from /home/airflow/.local/lib/python3.7/site-packages/airflow/example_dags/example_latest_only_with_trigger.py
[2022-12-21T11:09:43.688+0000] {logging_mixin.py:137} INFO - [2022-12-21T11:09:43.688+0000] {dag.py:2676} INFO - Sync 1 DAGs
[2022-12-21T11:09:43.705+0000] {logging_mixin.py:137} INFO - [2022-12-21T11:09:43.705+0000] {dag.py:3427} INFO - Setting next_dagrun for latest_only_with_trigger to 2022-12-21T07:09:43.705496+00:00, run_after=2022-12-21T11:09:43.705496+00:00
[2022-12-21T11:09:43.719+0000] {processor.py:175} INFO - Processing /home/airflow/.local/lib/python3.7/site-packages/airflow/example_dags/example_latest_only_with_trigger.py took 0.083 seconds
[2022-12-21T11:10:14.155+0000] {processor.py:153} INFO - Started process (PID=2026) to work on /home/airflow/.local/lib/python3.7/site-packages/airflow/example_dags/example_latest_only_with_trigger.py
[2022-12-21T11:10:14.158+0000] {processor.py:743} INFO - Processing file /home/airflow/.local/lib/python3.7/site-packages/airflow/example_dags/example_latest_only_with_trigger.py for tasks to queue
[2022-12-21T11:10:14.162+0000] {logging_mixin.py:137} INFO - [2022-12-21T11:10:14.161+0000] {dagbag.py:538} INFO - Filling up the DagBag from /home/airflow/.local/lib/python3.7/site-packages/airflow/example_dags/example_latest_only_with_trigger.py
[2022-12-21T11:10:14.181+0000] {processor.py:753} INFO - DAG(s) dict_keys(['latest_only_with_trigger']) retrieved from /home/airflow/.local/lib/python3.7/site-packages/airflow/example_dags/example_latest_only_with_trigger.py
[2022-12-21T11:10:14.217+0000] {logging_mixin.py:137} INFO - [2022-12-21T11:10:14.216+0000] {dag.py:2676} INFO - Sync 1 DAGs
[2022-12-21T11:10:14.241+0000] {logging_mixin.py:137} INFO - [2022-12-21T11:10:14.241+0000] {dag.py:3427} INFO - Setting next_dagrun for latest_only_with_trigger to 2022-12-21T07:10:14.241020+00:00, run_after=2022-12-21T11:10:14.241020+00:00
[2022-12-21T11:10:14.275+0000] {processor.py:175} INFO - Processing /home/airflow/.local/lib/python3.7/site-packages/airflow/example_dags/example_latest_only_with_trigger.py took 0.122 seconds
[2022-12-21T11:10:45.271+0000] {processor.py:153} INFO - Started process (PID=2101) to work on /home/airflow/.local/lib/python3.7/site-packages/airflow/example_dags/example_latest_only_with_trigger.py
[2022-12-21T11:10:45.290+0000] {processor.py:743} INFO - Processing file /home/airflow/.local/lib/python3.7/site-packages/airflow/example_dags/example_latest_only_with_trigger.py for tasks to queue
[2022-12-21T11:10:45.295+0000] {logging_mixin.py:137} INFO - [2022-12-21T11:10:45.294+0000] {dagbag.py:538} INFO - Filling up the DagBag from /home/airflow/.local/lib/python3.7/site-packages/airflow/example_dags/example_latest_only_with_trigger.py
[2022-12-21T11:10:45.341+0000] {processor.py:753} INFO - DAG(s) dict_keys(['latest_only_with_trigger']) retrieved from /home/airflow/.local/lib/python3.7/site-packages/airflow/example_dags/example_latest_only_with_trigger.py
[2022-12-21T11:10:45.446+0000] {logging_mixin.py:137} INFO - [2022-12-21T11:10:45.445+0000] {dag.py:2676} INFO - Sync 1 DAGs
[2022-12-21T11:10:45.490+0000] {logging_mixin.py:137} INFO - [2022-12-21T11:10:45.490+0000] {dag.py:3427} INFO - Setting next_dagrun for latest_only_with_trigger to 2022-12-21T07:10:45.490494+00:00, run_after=2022-12-21T11:10:45.490494+00:00
[2022-12-21T11:10:45.532+0000] {processor.py:175} INFO - Processing /home/airflow/.local/lib/python3.7/site-packages/airflow/example_dags/example_latest_only_with_trigger.py took 0.270 seconds
[2022-12-21T11:11:19.016+0000] {processor.py:153} INFO - Started process (PID=2164) to work on /home/airflow/.local/lib/python3.7/site-packages/airflow/example_dags/example_latest_only_with_trigger.py
[2022-12-21T11:11:19.019+0000] {processor.py:743} INFO - Processing file /home/airflow/.local/lib/python3.7/site-packages/airflow/example_dags/example_latest_only_with_trigger.py for tasks to queue
[2022-12-21T11:11:19.020+0000] {logging_mixin.py:137} INFO - [2022-12-21T11:11:19.020+0000] {dagbag.py:538} INFO - Filling up the DagBag from /home/airflow/.local/lib/python3.7/site-packages/airflow/example_dags/example_latest_only_with_trigger.py
[2022-12-21T11:11:19.039+0000] {processor.py:753} INFO - DAG(s) dict_keys(['latest_only_with_trigger']) retrieved from /home/airflow/.local/lib/python3.7/site-packages/airflow/example_dags/example_latest_only_with_trigger.py
[2022-12-21T11:11:19.079+0000] {logging_mixin.py:137} INFO - [2022-12-21T11:11:19.079+0000] {dag.py:2676} INFO - Sync 1 DAGs
[2022-12-21T11:11:19.126+0000] {logging_mixin.py:137} INFO - [2022-12-21T11:11:19.126+0000] {dag.py:3427} INFO - Setting next_dagrun for latest_only_with_trigger to 2022-12-21T07:11:19.125582+00:00, run_after=2022-12-21T11:11:19.125582+00:00
[2022-12-21T11:11:19.155+0000] {processor.py:175} INFO - Processing /home/airflow/.local/lib/python3.7/site-packages/airflow/example_dags/example_latest_only_with_trigger.py took 0.142 seconds
