[2022-12-21T07:24:19.426+0000] {processor.py:153} INFO - Started process (PID=78) to work on /home/airflow/.local/lib/python3.7/site-packages/airflow/example_dags/example_short_circuit_operator.py
[2022-12-21T07:24:19.428+0000] {processor.py:743} INFO - Processing file /home/airflow/.local/lib/python3.7/site-packages/airflow/example_dags/example_short_circuit_operator.py for tasks to queue
[2022-12-21T07:24:19.430+0000] {logging_mixin.py:137} INFO - [2022-12-21T07:24:19.430+0000] {dagbag.py:538} INFO - Filling up the DagBag from /home/airflow/.local/lib/python3.7/site-packages/airflow/example_dags/example_short_circuit_operator.py
[2022-12-21T07:24:19.447+0000] {processor.py:753} INFO - DAG(s) dict_keys(['example_short_circuit_operator']) retrieved from /home/airflow/.local/lib/python3.7/site-packages/airflow/example_dags/example_short_circuit_operator.py
[2022-12-21T07:24:19.498+0000] {logging_mixin.py:137} INFO - [2022-12-21T07:24:19.498+0000] {dag.py:2676} INFO - Sync 1 DAGs
[2022-12-21T07:24:19.529+0000] {logging_mixin.py:137} INFO - [2022-12-21T07:24:19.529+0000] {dag.py:3427} INFO - Setting next_dagrun for example_short_circuit_operator to 2022-12-20T07:24:19.528613+00:00, run_after=2022-12-21T07:24:19.528613+00:00
[2022-12-21T07:24:19.559+0000] {processor.py:175} INFO - Processing /home/airflow/.local/lib/python3.7/site-packages/airflow/example_dags/example_short_circuit_operator.py took 0.135 seconds
[2022-12-21T09:47:07.845+0000] {processor.py:153} INFO - Started process (PID=136) to work on /home/airflow/.local/lib/python3.7/site-packages/airflow/example_dags/example_short_circuit_operator.py
[2022-12-21T09:47:07.879+0000] {processor.py:743} INFO - Processing file /home/airflow/.local/lib/python3.7/site-packages/airflow/example_dags/example_short_circuit_operator.py for tasks to queue
[2022-12-21T09:47:07.889+0000] {logging_mixin.py:137} INFO - [2022-12-21T09:47:07.889+0000] {dagbag.py:538} INFO - Filling up the DagBag from /home/airflow/.local/lib/python3.7/site-packages/airflow/example_dags/example_short_circuit_operator.py
[2022-12-21T09:47:08.222+0000] {processor.py:753} INFO - DAG(s) dict_keys(['example_short_circuit_operator']) retrieved from /home/airflow/.local/lib/python3.7/site-packages/airflow/example_dags/example_short_circuit_operator.py
[2022-12-21T09:47:08.941+0000] {logging_mixin.py:137} INFO - [2022-12-21T09:47:08.941+0000] {dag.py:2676} INFO - Sync 1 DAGs
[2022-12-21T09:47:09.817+0000] {logging_mixin.py:137} INFO - [2022-12-21T09:47:09.816+0000] {dag.py:3427} INFO - Setting next_dagrun for example_short_circuit_operator to 2022-12-20T09:47:09.815671+00:00, run_after=2022-12-21T09:47:09.815671+00:00
[2022-12-21T09:47:10.690+0000] {processor.py:175} INFO - Processing /home/airflow/.local/lib/python3.7/site-packages/airflow/example_dags/example_short_circuit_operator.py took 2.897 seconds
[2022-12-21T09:47:42.165+0000] {processor.py:153} INFO - Started process (PID=202) to work on /home/airflow/.local/lib/python3.7/site-packages/airflow/example_dags/example_short_circuit_operator.py
[2022-12-21T09:47:42.170+0000] {processor.py:743} INFO - Processing file /home/airflow/.local/lib/python3.7/site-packages/airflow/example_dags/example_short_circuit_operator.py for tasks to queue
[2022-12-21T09:47:42.173+0000] {logging_mixin.py:137} INFO - [2022-12-21T09:47:42.173+0000] {dagbag.py:538} INFO - Filling up the DagBag from /home/airflow/.local/lib/python3.7/site-packages/airflow/example_dags/example_short_circuit_operator.py
[2022-12-21T09:47:42.215+0000] {processor.py:753} INFO - DAG(s) dict_keys(['example_short_circuit_operator']) retrieved from /home/airflow/.local/lib/python3.7/site-packages/airflow/example_dags/example_short_circuit_operator.py
[2022-12-21T09:47:42.301+0000] {logging_mixin.py:137} INFO - [2022-12-21T09:47:42.301+0000] {dag.py:2676} INFO - Sync 1 DAGs
[2022-12-21T09:47:42.343+0000] {logging_mixin.py:137} INFO - [2022-12-21T09:47:42.342+0000] {dag.py:3427} INFO - Setting next_dagrun for example_short_circuit_operator to 2022-12-20T09:47:42.342549+00:00, run_after=2022-12-21T09:47:42.342549+00:00
[2022-12-21T09:47:42.366+0000] {processor.py:175} INFO - Processing /home/airflow/.local/lib/python3.7/site-packages/airflow/example_dags/example_short_circuit_operator.py took 0.212 seconds
[2022-12-21T09:48:12.429+0000] {processor.py:153} INFO - Started process (PID=277) to work on /home/airflow/.local/lib/python3.7/site-packages/airflow/example_dags/example_short_circuit_operator.py
[2022-12-21T09:48:12.432+0000] {processor.py:743} INFO - Processing file /home/airflow/.local/lib/python3.7/site-packages/airflow/example_dags/example_short_circuit_operator.py for tasks to queue
[2022-12-21T09:48:12.433+0000] {logging_mixin.py:137} INFO - [2022-12-21T09:48:12.433+0000] {dagbag.py:538} INFO - Filling up the DagBag from /home/airflow/.local/lib/python3.7/site-packages/airflow/example_dags/example_short_circuit_operator.py
[2022-12-21T09:48:12.452+0000] {processor.py:753} INFO - DAG(s) dict_keys(['example_short_circuit_operator']) retrieved from /home/airflow/.local/lib/python3.7/site-packages/airflow/example_dags/example_short_circuit_operator.py
[2022-12-21T09:48:12.495+0000] {logging_mixin.py:137} INFO - [2022-12-21T09:48:12.495+0000] {dag.py:2676} INFO - Sync 1 DAGs
[2022-12-21T09:48:12.519+0000] {logging_mixin.py:137} INFO - [2022-12-21T09:48:12.519+0000] {dag.py:3427} INFO - Setting next_dagrun for example_short_circuit_operator to 2022-12-20T09:48:12.518962+00:00, run_after=2022-12-21T09:48:12.518962+00:00
[2022-12-21T09:48:12.534+0000] {processor.py:175} INFO - Processing /home/airflow/.local/lib/python3.7/site-packages/airflow/example_dags/example_short_circuit_operator.py took 0.109 seconds
[2022-12-21T09:48:42.643+0000] {processor.py:153} INFO - Started process (PID=340) to work on /home/airflow/.local/lib/python3.7/site-packages/airflow/example_dags/example_short_circuit_operator.py
[2022-12-21T09:48:42.645+0000] {processor.py:743} INFO - Processing file /home/airflow/.local/lib/python3.7/site-packages/airflow/example_dags/example_short_circuit_operator.py for tasks to queue
[2022-12-21T09:48:42.646+0000] {logging_mixin.py:137} INFO - [2022-12-21T09:48:42.646+0000] {dagbag.py:538} INFO - Filling up the DagBag from /home/airflow/.local/lib/python3.7/site-packages/airflow/example_dags/example_short_circuit_operator.py
[2022-12-21T09:48:42.659+0000] {processor.py:753} INFO - DAG(s) dict_keys(['example_short_circuit_operator']) retrieved from /home/airflow/.local/lib/python3.7/site-packages/airflow/example_dags/example_short_circuit_operator.py
[2022-12-21T09:48:42.687+0000] {logging_mixin.py:137} INFO - [2022-12-21T09:48:42.687+0000] {dag.py:2676} INFO - Sync 1 DAGs
[2022-12-21T09:48:42.710+0000] {logging_mixin.py:137} INFO - [2022-12-21T09:48:42.709+0000] {dag.py:3427} INFO - Setting next_dagrun for example_short_circuit_operator to 2022-12-20T09:48:42.709703+00:00, run_after=2022-12-21T09:48:42.709703+00:00
[2022-12-21T09:48:42.726+0000] {processor.py:175} INFO - Processing /home/airflow/.local/lib/python3.7/site-packages/airflow/example_dags/example_short_circuit_operator.py took 0.086 seconds
[2022-12-21T09:49:14.834+0000] {processor.py:153} INFO - Started process (PID=412) to work on /home/airflow/.local/lib/python3.7/site-packages/airflow/example_dags/example_short_circuit_operator.py
[2022-12-21T09:49:14.840+0000] {processor.py:743} INFO - Processing file /home/airflow/.local/lib/python3.7/site-packages/airflow/example_dags/example_short_circuit_operator.py for tasks to queue
[2022-12-21T09:49:14.846+0000] {logging_mixin.py:137} INFO - [2022-12-21T09:49:14.845+0000] {dagbag.py:538} INFO - Filling up the DagBag from /home/airflow/.local/lib/python3.7/site-packages/airflow/example_dags/example_short_circuit_operator.py
[2022-12-21T09:49:14.906+0000] {processor.py:753} INFO - DAG(s) dict_keys(['example_short_circuit_operator']) retrieved from /home/airflow/.local/lib/python3.7/site-packages/airflow/example_dags/example_short_circuit_operator.py
[2022-12-21T09:49:14.988+0000] {logging_mixin.py:137} INFO - [2022-12-21T09:49:14.988+0000] {dag.py:2676} INFO - Sync 1 DAGs
[2022-12-21T09:49:15.045+0000] {logging_mixin.py:137} INFO - [2022-12-21T09:49:15.045+0000] {dag.py:3427} INFO - Setting next_dagrun for example_short_circuit_operator to 2022-12-20T09:49:15.043286+00:00, run_after=2022-12-21T09:49:15.043286+00:00
[2022-12-21T09:49:15.087+0000] {processor.py:175} INFO - Processing /home/airflow/.local/lib/python3.7/site-packages/airflow/example_dags/example_short_circuit_operator.py took 0.279 seconds
[2022-12-21T09:49:45.227+0000] {processor.py:153} INFO - Started process (PID=478) to work on /home/airflow/.local/lib/python3.7/site-packages/airflow/example_dags/example_short_circuit_operator.py
[2022-12-21T09:49:45.230+0000] {processor.py:743} INFO - Processing file /home/airflow/.local/lib/python3.7/site-packages/airflow/example_dags/example_short_circuit_operator.py for tasks to queue
[2022-12-21T09:49:45.232+0000] {logging_mixin.py:137} INFO - [2022-12-21T09:49:45.232+0000] {dagbag.py:538} INFO - Filling up the DagBag from /home/airflow/.local/lib/python3.7/site-packages/airflow/example_dags/example_short_circuit_operator.py
[2022-12-21T09:49:45.258+0000] {processor.py:753} INFO - DAG(s) dict_keys(['example_short_circuit_operator']) retrieved from /home/airflow/.local/lib/python3.7/site-packages/airflow/example_dags/example_short_circuit_operator.py
[2022-12-21T09:49:45.308+0000] {logging_mixin.py:137} INFO - [2022-12-21T09:49:45.308+0000] {dag.py:2676} INFO - Sync 1 DAGs
[2022-12-21T09:49:45.334+0000] {logging_mixin.py:137} INFO - [2022-12-21T09:49:45.334+0000] {dag.py:3427} INFO - Setting next_dagrun for example_short_circuit_operator to 2022-12-20T09:49:45.333926+00:00, run_after=2022-12-21T09:49:45.333926+00:00
[2022-12-21T09:49:45.349+0000] {processor.py:175} INFO - Processing /home/airflow/.local/lib/python3.7/site-packages/airflow/example_dags/example_short_circuit_operator.py took 0.128 seconds
[2022-12-21T09:50:15.661+0000] {processor.py:153} INFO - Started process (PID=542) to work on /home/airflow/.local/lib/python3.7/site-packages/airflow/example_dags/example_short_circuit_operator.py
[2022-12-21T09:50:15.664+0000] {processor.py:743} INFO - Processing file /home/airflow/.local/lib/python3.7/site-packages/airflow/example_dags/example_short_circuit_operator.py for tasks to queue
[2022-12-21T09:50:15.666+0000] {logging_mixin.py:137} INFO - [2022-12-21T09:50:15.666+0000] {dagbag.py:538} INFO - Filling up the DagBag from /home/airflow/.local/lib/python3.7/site-packages/airflow/example_dags/example_short_circuit_operator.py
[2022-12-21T09:50:15.686+0000] {processor.py:753} INFO - DAG(s) dict_keys(['example_short_circuit_operator']) retrieved from /home/airflow/.local/lib/python3.7/site-packages/airflow/example_dags/example_short_circuit_operator.py
[2022-12-21T09:50:15.719+0000] {logging_mixin.py:137} INFO - [2022-12-21T09:50:15.719+0000] {dag.py:2676} INFO - Sync 1 DAGs
[2022-12-21T09:50:15.741+0000] {logging_mixin.py:137} INFO - [2022-12-21T09:50:15.741+0000] {dag.py:3427} INFO - Setting next_dagrun for example_short_circuit_operator to 2022-12-20T09:50:15.740727+00:00, run_after=2022-12-21T09:50:15.740727+00:00
[2022-12-21T09:50:15.755+0000] {processor.py:175} INFO - Processing /home/airflow/.local/lib/python3.7/site-packages/airflow/example_dags/example_short_circuit_operator.py took 0.100 seconds
[2022-12-21T09:50:46.547+0000] {processor.py:153} INFO - Started process (PID=617) to work on /home/airflow/.local/lib/python3.7/site-packages/airflow/example_dags/example_short_circuit_operator.py
[2022-12-21T09:50:46.549+0000] {processor.py:743} INFO - Processing file /home/airflow/.local/lib/python3.7/site-packages/airflow/example_dags/example_short_circuit_operator.py for tasks to queue
[2022-12-21T09:50:46.550+0000] {logging_mixin.py:137} INFO - [2022-12-21T09:50:46.550+0000] {dagbag.py:538} INFO - Filling up the DagBag from /home/airflow/.local/lib/python3.7/site-packages/airflow/example_dags/example_short_circuit_operator.py
[2022-12-21T09:50:46.563+0000] {processor.py:753} INFO - DAG(s) dict_keys(['example_short_circuit_operator']) retrieved from /home/airflow/.local/lib/python3.7/site-packages/airflow/example_dags/example_short_circuit_operator.py
[2022-12-21T09:50:46.592+0000] {logging_mixin.py:137} INFO - [2022-12-21T09:50:46.592+0000] {dag.py:2676} INFO - Sync 1 DAGs
[2022-12-21T09:50:46.609+0000] {logging_mixin.py:137} INFO - [2022-12-21T09:50:46.608+0000] {dag.py:3427} INFO - Setting next_dagrun for example_short_circuit_operator to 2022-12-20T09:50:46.608762+00:00, run_after=2022-12-21T09:50:46.608762+00:00
[2022-12-21T09:50:46.621+0000] {processor.py:175} INFO - Processing /home/airflow/.local/lib/python3.7/site-packages/airflow/example_dags/example_short_circuit_operator.py took 0.078 seconds
[2022-12-21T09:51:17.122+0000] {processor.py:153} INFO - Started process (PID=680) to work on /home/airflow/.local/lib/python3.7/site-packages/airflow/example_dags/example_short_circuit_operator.py
[2022-12-21T09:51:17.124+0000] {processor.py:743} INFO - Processing file /home/airflow/.local/lib/python3.7/site-packages/airflow/example_dags/example_short_circuit_operator.py for tasks to queue
[2022-12-21T09:51:17.127+0000] {logging_mixin.py:137} INFO - [2022-12-21T09:51:17.126+0000] {dagbag.py:538} INFO - Filling up the DagBag from /home/airflow/.local/lib/python3.7/site-packages/airflow/example_dags/example_short_circuit_operator.py
[2022-12-21T09:51:17.145+0000] {processor.py:753} INFO - DAG(s) dict_keys(['example_short_circuit_operator']) retrieved from /home/airflow/.local/lib/python3.7/site-packages/airflow/example_dags/example_short_circuit_operator.py
[2022-12-21T09:51:17.183+0000] {logging_mixin.py:137} INFO - [2022-12-21T09:51:17.183+0000] {dag.py:2676} INFO - Sync 1 DAGs
[2022-12-21T09:51:17.218+0000] {logging_mixin.py:137} INFO - [2022-12-21T09:51:17.218+0000] {dag.py:3427} INFO - Setting next_dagrun for example_short_circuit_operator to 2022-12-20T09:51:17.217951+00:00, run_after=2022-12-21T09:51:17.217951+00:00
[2022-12-21T09:51:17.231+0000] {processor.py:175} INFO - Processing /home/airflow/.local/lib/python3.7/site-packages/airflow/example_dags/example_short_circuit_operator.py took 0.115 seconds
[2022-12-21T09:51:47.519+0000] {processor.py:153} INFO - Started process (PID=755) to work on /home/airflow/.local/lib/python3.7/site-packages/airflow/example_dags/example_short_circuit_operator.py
[2022-12-21T09:51:47.527+0000] {processor.py:743} INFO - Processing file /home/airflow/.local/lib/python3.7/site-packages/airflow/example_dags/example_short_circuit_operator.py for tasks to queue
[2022-12-21T09:51:47.541+0000] {logging_mixin.py:137} INFO - [2022-12-21T09:51:47.541+0000] {dagbag.py:538} INFO - Filling up the DagBag from /home/airflow/.local/lib/python3.7/site-packages/airflow/example_dags/example_short_circuit_operator.py
[2022-12-21T09:51:47.604+0000] {processor.py:753} INFO - DAG(s) dict_keys(['example_short_circuit_operator']) retrieved from /home/airflow/.local/lib/python3.7/site-packages/airflow/example_dags/example_short_circuit_operator.py
[2022-12-21T09:51:47.673+0000] {logging_mixin.py:137} INFO - [2022-12-21T09:51:47.673+0000] {dag.py:2676} INFO - Sync 1 DAGs
[2022-12-21T09:51:47.711+0000] {logging_mixin.py:137} INFO - [2022-12-21T09:51:47.711+0000] {dag.py:3427} INFO - Setting next_dagrun for example_short_circuit_operator to 2022-12-20T09:51:47.711028+00:00, run_after=2022-12-21T09:51:47.711028+00:00
[2022-12-21T09:51:47.751+0000] {processor.py:175} INFO - Processing /home/airflow/.local/lib/python3.7/site-packages/airflow/example_dags/example_short_circuit_operator.py took 0.251 seconds
[2022-12-21T11:00:58.627+0000] {processor.py:153} INFO - Started process (PID=878) to work on /home/airflow/.local/lib/python3.7/site-packages/airflow/example_dags/example_short_circuit_operator.py
[2022-12-21T11:00:58.631+0000] {processor.py:743} INFO - Processing file /home/airflow/.local/lib/python3.7/site-packages/airflow/example_dags/example_short_circuit_operator.py for tasks to queue
[2022-12-21T11:00:58.636+0000] {logging_mixin.py:137} INFO - [2022-12-21T11:00:58.635+0000] {dagbag.py:538} INFO - Filling up the DagBag from /home/airflow/.local/lib/python3.7/site-packages/airflow/example_dags/example_short_circuit_operator.py
[2022-12-21T11:00:58.704+0000] {processor.py:753} INFO - DAG(s) dict_keys(['example_short_circuit_operator']) retrieved from /home/airflow/.local/lib/python3.7/site-packages/airflow/example_dags/example_short_circuit_operator.py
[2022-12-21T11:00:58.778+0000] {logging_mixin.py:137} INFO - [2022-12-21T11:00:58.777+0000] {dag.py:2676} INFO - Sync 1 DAGs
[2022-12-21T11:00:58.820+0000] {logging_mixin.py:137} INFO - [2022-12-21T11:00:58.820+0000] {dag.py:3427} INFO - Setting next_dagrun for example_short_circuit_operator to 2022-12-20T11:00:58.819806+00:00, run_after=2022-12-21T11:00:58.819806+00:00
[2022-12-21T11:00:58.898+0000] {processor.py:175} INFO - Processing /home/airflow/.local/lib/python3.7/site-packages/airflow/example_dags/example_short_circuit_operator.py took 0.279 seconds
[2022-12-21T11:01:41.549+0000] {processor.py:153} INFO - Started process (PID=962) to work on /home/airflow/.local/lib/python3.7/site-packages/airflow/example_dags/example_short_circuit_operator.py
[2022-12-21T11:01:41.551+0000] {processor.py:743} INFO - Processing file /home/airflow/.local/lib/python3.7/site-packages/airflow/example_dags/example_short_circuit_operator.py for tasks to queue
[2022-12-21T11:01:41.554+0000] {logging_mixin.py:137} INFO - [2022-12-21T11:01:41.554+0000] {dagbag.py:538} INFO - Filling up the DagBag from /home/airflow/.local/lib/python3.7/site-packages/airflow/example_dags/example_short_circuit_operator.py
[2022-12-21T11:01:41.586+0000] {processor.py:753} INFO - DAG(s) dict_keys(['example_short_circuit_operator']) retrieved from /home/airflow/.local/lib/python3.7/site-packages/airflow/example_dags/example_short_circuit_operator.py
[2022-12-21T11:01:41.731+0000] {logging_mixin.py:137} INFO - [2022-12-21T11:01:41.730+0000] {dag.py:2676} INFO - Sync 1 DAGs
[2022-12-21T11:01:41.767+0000] {logging_mixin.py:137} INFO - [2022-12-21T11:01:41.766+0000] {dag.py:3427} INFO - Setting next_dagrun for example_short_circuit_operator to 2022-12-20T11:01:41.766696+00:00, run_after=2022-12-21T11:01:41.766696+00:00
[2022-12-21T11:01:41.803+0000] {processor.py:175} INFO - Processing /home/airflow/.local/lib/python3.7/site-packages/airflow/example_dags/example_short_circuit_operator.py took 0.260 seconds
[2022-12-21T11:02:17.699+0000] {processor.py:153} INFO - Started process (PID=1029) to work on /home/airflow/.local/lib/python3.7/site-packages/airflow/example_dags/example_short_circuit_operator.py
[2022-12-21T11:02:17.701+0000] {processor.py:743} INFO - Processing file /home/airflow/.local/lib/python3.7/site-packages/airflow/example_dags/example_short_circuit_operator.py for tasks to queue
[2022-12-21T11:02:17.702+0000] {logging_mixin.py:137} INFO - [2022-12-21T11:02:17.702+0000] {dagbag.py:538} INFO - Filling up the DagBag from /home/airflow/.local/lib/python3.7/site-packages/airflow/example_dags/example_short_circuit_operator.py
[2022-12-21T11:02:17.736+0000] {processor.py:753} INFO - DAG(s) dict_keys(['example_short_circuit_operator']) retrieved from /home/airflow/.local/lib/python3.7/site-packages/airflow/example_dags/example_short_circuit_operator.py
[2022-12-21T11:02:17.901+0000] {logging_mixin.py:137} INFO - [2022-12-21T11:02:17.901+0000] {dag.py:2676} INFO - Sync 1 DAGs
[2022-12-21T11:02:17.981+0000] {logging_mixin.py:137} INFO - [2022-12-21T11:02:17.980+0000] {dag.py:3427} INFO - Setting next_dagrun for example_short_circuit_operator to 2022-12-20T11:02:17.980451+00:00, run_after=2022-12-21T11:02:17.980451+00:00
[2022-12-21T11:02:18.122+0000] {processor.py:175} INFO - Processing /home/airflow/.local/lib/python3.7/site-packages/airflow/example_dags/example_short_circuit_operator.py took 0.427 seconds
[2022-12-21T11:03:17.355+0000] {processor.py:153} INFO - Started process (PID=1108) to work on /home/airflow/.local/lib/python3.7/site-packages/airflow/example_dags/example_short_circuit_operator.py
[2022-12-21T11:03:17.360+0000] {processor.py:743} INFO - Processing file /home/airflow/.local/lib/python3.7/site-packages/airflow/example_dags/example_short_circuit_operator.py for tasks to queue
[2022-12-21T11:03:17.364+0000] {logging_mixin.py:137} INFO - [2022-12-21T11:03:17.363+0000] {dagbag.py:538} INFO - Filling up the DagBag from /home/airflow/.local/lib/python3.7/site-packages/airflow/example_dags/example_short_circuit_operator.py
[2022-12-21T11:03:17.415+0000] {processor.py:753} INFO - DAG(s) dict_keys(['example_short_circuit_operator']) retrieved from /home/airflow/.local/lib/python3.7/site-packages/airflow/example_dags/example_short_circuit_operator.py
[2022-12-21T11:03:17.496+0000] {logging_mixin.py:137} INFO - [2022-12-21T11:03:17.496+0000] {dag.py:2676} INFO - Sync 1 DAGs
[2022-12-21T11:03:17.577+0000] {logging_mixin.py:137} INFO - [2022-12-21T11:03:17.577+0000] {dag.py:3427} INFO - Setting next_dagrun for example_short_circuit_operator to 2022-12-20T11:03:17.575767+00:00, run_after=2022-12-21T11:03:17.575767+00:00
[2022-12-21T11:03:17.717+0000] {processor.py:175} INFO - Processing /home/airflow/.local/lib/python3.7/site-packages/airflow/example_dags/example_short_circuit_operator.py took 0.375 seconds
[2022-12-21T11:03:48.702+0000] {processor.py:153} INFO - Started process (PID=1175) to work on /home/airflow/.local/lib/python3.7/site-packages/airflow/example_dags/example_short_circuit_operator.py
[2022-12-21T11:03:48.714+0000] {processor.py:743} INFO - Processing file /home/airflow/.local/lib/python3.7/site-packages/airflow/example_dags/example_short_circuit_operator.py for tasks to queue
[2022-12-21T11:03:48.716+0000] {logging_mixin.py:137} INFO - [2022-12-21T11:03:48.716+0000] {dagbag.py:538} INFO - Filling up the DagBag from /home/airflow/.local/lib/python3.7/site-packages/airflow/example_dags/example_short_circuit_operator.py
[2022-12-21T11:03:48.752+0000] {processor.py:753} INFO - DAG(s) dict_keys(['example_short_circuit_operator']) retrieved from /home/airflow/.local/lib/python3.7/site-packages/airflow/example_dags/example_short_circuit_operator.py
[2022-12-21T11:03:48.806+0000] {logging_mixin.py:137} INFO - [2022-12-21T11:03:48.806+0000] {dag.py:2676} INFO - Sync 1 DAGs
[2022-12-21T11:03:48.840+0000] {logging_mixin.py:137} INFO - [2022-12-21T11:03:48.840+0000] {dag.py:3427} INFO - Setting next_dagrun for example_short_circuit_operator to 2022-12-20T11:03:48.840191+00:00, run_after=2022-12-21T11:03:48.840191+00:00
[2022-12-21T11:03:48.870+0000] {processor.py:175} INFO - Processing /home/airflow/.local/lib/python3.7/site-packages/airflow/example_dags/example_short_circuit_operator.py took 0.174 seconds
[2022-12-21T11:04:19.626+0000] {processor.py:153} INFO - Started process (PID=1240) to work on /home/airflow/.local/lib/python3.7/site-packages/airflow/example_dags/example_short_circuit_operator.py
[2022-12-21T11:04:19.632+0000] {processor.py:743} INFO - Processing file /home/airflow/.local/lib/python3.7/site-packages/airflow/example_dags/example_short_circuit_operator.py for tasks to queue
[2022-12-21T11:04:19.635+0000] {logging_mixin.py:137} INFO - [2022-12-21T11:04:19.634+0000] {dagbag.py:538} INFO - Filling up the DagBag from /home/airflow/.local/lib/python3.7/site-packages/airflow/example_dags/example_short_circuit_operator.py
[2022-12-21T11:04:19.671+0000] {processor.py:753} INFO - DAG(s) dict_keys(['example_short_circuit_operator']) retrieved from /home/airflow/.local/lib/python3.7/site-packages/airflow/example_dags/example_short_circuit_operator.py
[2022-12-21T11:04:19.739+0000] {logging_mixin.py:137} INFO - [2022-12-21T11:04:19.739+0000] {dag.py:2676} INFO - Sync 1 DAGs
[2022-12-21T11:04:19.829+0000] {logging_mixin.py:137} INFO - [2022-12-21T11:04:19.828+0000] {dag.py:3427} INFO - Setting next_dagrun for example_short_circuit_operator to 2022-12-20T11:04:19.827082+00:00, run_after=2022-12-21T11:04:19.827082+00:00
[2022-12-21T11:04:19.939+0000] {processor.py:175} INFO - Processing /home/airflow/.local/lib/python3.7/site-packages/airflow/example_dags/example_short_circuit_operator.py took 0.322 seconds
[2022-12-21T11:04:50.628+0000] {processor.py:153} INFO - Started process (PID=1303) to work on /home/airflow/.local/lib/python3.7/site-packages/airflow/example_dags/example_short_circuit_operator.py
[2022-12-21T11:04:50.637+0000] {processor.py:743} INFO - Processing file /home/airflow/.local/lib/python3.7/site-packages/airflow/example_dags/example_short_circuit_operator.py for tasks to queue
[2022-12-21T11:04:50.641+0000] {logging_mixin.py:137} INFO - [2022-12-21T11:04:50.641+0000] {dagbag.py:538} INFO - Filling up the DagBag from /home/airflow/.local/lib/python3.7/site-packages/airflow/example_dags/example_short_circuit_operator.py
[2022-12-21T11:04:50.661+0000] {processor.py:753} INFO - DAG(s) dict_keys(['example_short_circuit_operator']) retrieved from /home/airflow/.local/lib/python3.7/site-packages/airflow/example_dags/example_short_circuit_operator.py
[2022-12-21T11:04:50.717+0000] {logging_mixin.py:137} INFO - [2022-12-21T11:04:50.716+0000] {dag.py:2676} INFO - Sync 1 DAGs
[2022-12-21T11:04:50.752+0000] {logging_mixin.py:137} INFO - [2022-12-21T11:04:50.752+0000] {dag.py:3427} INFO - Setting next_dagrun for example_short_circuit_operator to 2022-12-20T11:04:50.752361+00:00, run_after=2022-12-21T11:04:50.752361+00:00
[2022-12-21T11:04:50.774+0000] {processor.py:175} INFO - Processing /home/airflow/.local/lib/python3.7/site-packages/airflow/example_dags/example_short_circuit_operator.py took 0.151 seconds
[2022-12-21T11:05:21.673+0000] {processor.py:153} INFO - Started process (PID=1378) to work on /home/airflow/.local/lib/python3.7/site-packages/airflow/example_dags/example_short_circuit_operator.py
[2022-12-21T11:05:21.679+0000] {processor.py:743} INFO - Processing file /home/airflow/.local/lib/python3.7/site-packages/airflow/example_dags/example_short_circuit_operator.py for tasks to queue
[2022-12-21T11:05:21.681+0000] {logging_mixin.py:137} INFO - [2022-12-21T11:05:21.681+0000] {dagbag.py:538} INFO - Filling up the DagBag from /home/airflow/.local/lib/python3.7/site-packages/airflow/example_dags/example_short_circuit_operator.py
[2022-12-21T11:05:21.698+0000] {processor.py:753} INFO - DAG(s) dict_keys(['example_short_circuit_operator']) retrieved from /home/airflow/.local/lib/python3.7/site-packages/airflow/example_dags/example_short_circuit_operator.py
[2022-12-21T11:05:21.766+0000] {logging_mixin.py:137} INFO - [2022-12-21T11:05:21.765+0000] {dag.py:2676} INFO - Sync 1 DAGs
[2022-12-21T11:05:21.841+0000] {logging_mixin.py:137} INFO - [2022-12-21T11:05:21.841+0000] {dag.py:3427} INFO - Setting next_dagrun for example_short_circuit_operator to 2022-12-20T11:05:21.841195+00:00, run_after=2022-12-21T11:05:21.841195+00:00
[2022-12-21T11:05:21.885+0000] {processor.py:175} INFO - Processing /home/airflow/.local/lib/python3.7/site-packages/airflow/example_dags/example_short_circuit_operator.py took 0.218 seconds
[2022-12-21T11:05:52.805+0000] {processor.py:153} INFO - Started process (PID=1442) to work on /home/airflow/.local/lib/python3.7/site-packages/airflow/example_dags/example_short_circuit_operator.py
[2022-12-21T11:05:52.813+0000] {processor.py:743} INFO - Processing file /home/airflow/.local/lib/python3.7/site-packages/airflow/example_dags/example_short_circuit_operator.py for tasks to queue
[2022-12-21T11:05:52.815+0000] {logging_mixin.py:137} INFO - [2022-12-21T11:05:52.815+0000] {dagbag.py:538} INFO - Filling up the DagBag from /home/airflow/.local/lib/python3.7/site-packages/airflow/example_dags/example_short_circuit_operator.py
[2022-12-21T11:05:52.848+0000] {processor.py:753} INFO - DAG(s) dict_keys(['example_short_circuit_operator']) retrieved from /home/airflow/.local/lib/python3.7/site-packages/airflow/example_dags/example_short_circuit_operator.py
[2022-12-21T11:05:52.899+0000] {logging_mixin.py:137} INFO - [2022-12-21T11:05:52.898+0000] {dag.py:2676} INFO - Sync 1 DAGs
[2022-12-21T11:05:52.924+0000] {logging_mixin.py:137} INFO - [2022-12-21T11:05:52.924+0000] {dag.py:3427} INFO - Setting next_dagrun for example_short_circuit_operator to 2022-12-20T11:05:52.924256+00:00, run_after=2022-12-21T11:05:52.924256+00:00
[2022-12-21T11:05:52.958+0000] {processor.py:175} INFO - Processing /home/airflow/.local/lib/python3.7/site-packages/airflow/example_dags/example_short_circuit_operator.py took 0.173 seconds
[2022-12-21T11:06:23.855+0000] {processor.py:153} INFO - Started process (PID=1516) to work on /home/airflow/.local/lib/python3.7/site-packages/airflow/example_dags/example_short_circuit_operator.py
[2022-12-21T11:06:23.862+0000] {processor.py:743} INFO - Processing file /home/airflow/.local/lib/python3.7/site-packages/airflow/example_dags/example_short_circuit_operator.py for tasks to queue
[2022-12-21T11:06:23.864+0000] {logging_mixin.py:137} INFO - [2022-12-21T11:06:23.864+0000] {dagbag.py:538} INFO - Filling up the DagBag from /home/airflow/.local/lib/python3.7/site-packages/airflow/example_dags/example_short_circuit_operator.py
[2022-12-21T11:06:23.884+0000] {processor.py:753} INFO - DAG(s) dict_keys(['example_short_circuit_operator']) retrieved from /home/airflow/.local/lib/python3.7/site-packages/airflow/example_dags/example_short_circuit_operator.py
[2022-12-21T11:06:23.919+0000] {logging_mixin.py:137} INFO - [2022-12-21T11:06:23.919+0000] {dag.py:2676} INFO - Sync 1 DAGs
[2022-12-21T11:06:23.943+0000] {logging_mixin.py:137} INFO - [2022-12-21T11:06:23.943+0000] {dag.py:3427} INFO - Setting next_dagrun for example_short_circuit_operator to 2022-12-20T11:06:23.942915+00:00, run_after=2022-12-21T11:06:23.942915+00:00
[2022-12-21T11:06:23.959+0000] {processor.py:175} INFO - Processing /home/airflow/.local/lib/python3.7/site-packages/airflow/example_dags/example_short_circuit_operator.py took 0.109 seconds
[2022-12-21T11:06:54.201+0000] {processor.py:153} INFO - Started process (PID=1579) to work on /home/airflow/.local/lib/python3.7/site-packages/airflow/example_dags/example_short_circuit_operator.py
[2022-12-21T11:06:54.203+0000] {processor.py:743} INFO - Processing file /home/airflow/.local/lib/python3.7/site-packages/airflow/example_dags/example_short_circuit_operator.py for tasks to queue
[2022-12-21T11:06:54.205+0000] {logging_mixin.py:137} INFO - [2022-12-21T11:06:54.205+0000] {dagbag.py:538} INFO - Filling up the DagBag from /home/airflow/.local/lib/python3.7/site-packages/airflow/example_dags/example_short_circuit_operator.py
[2022-12-21T11:06:54.240+0000] {processor.py:753} INFO - DAG(s) dict_keys(['example_short_circuit_operator']) retrieved from /home/airflow/.local/lib/python3.7/site-packages/airflow/example_dags/example_short_circuit_operator.py
[2022-12-21T11:06:54.342+0000] {logging_mixin.py:137} INFO - [2022-12-21T11:06:54.342+0000] {dag.py:2676} INFO - Sync 1 DAGs
[2022-12-21T11:06:54.389+0000] {logging_mixin.py:137} INFO - [2022-12-21T11:06:54.389+0000] {dag.py:3427} INFO - Setting next_dagrun for example_short_circuit_operator to 2022-12-20T11:06:54.389003+00:00, run_after=2022-12-21T11:06:54.389003+00:00
[2022-12-21T11:06:54.409+0000] {processor.py:175} INFO - Processing /home/airflow/.local/lib/python3.7/site-packages/airflow/example_dags/example_short_circuit_operator.py took 0.213 seconds
[2022-12-21T11:07:25.080+0000] {processor.py:153} INFO - Started process (PID=1652) to work on /home/airflow/.local/lib/python3.7/site-packages/airflow/example_dags/example_short_circuit_operator.py
[2022-12-21T11:07:25.082+0000] {processor.py:743} INFO - Processing file /home/airflow/.local/lib/python3.7/site-packages/airflow/example_dags/example_short_circuit_operator.py for tasks to queue
[2022-12-21T11:07:25.084+0000] {logging_mixin.py:137} INFO - [2022-12-21T11:07:25.084+0000] {dagbag.py:538} INFO - Filling up the DagBag from /home/airflow/.local/lib/python3.7/site-packages/airflow/example_dags/example_short_circuit_operator.py
[2022-12-21T11:07:25.097+0000] {processor.py:753} INFO - DAG(s) dict_keys(['example_short_circuit_operator']) retrieved from /home/airflow/.local/lib/python3.7/site-packages/airflow/example_dags/example_short_circuit_operator.py
[2022-12-21T11:07:25.121+0000] {logging_mixin.py:137} INFO - [2022-12-21T11:07:25.120+0000] {dag.py:2676} INFO - Sync 1 DAGs
[2022-12-21T11:07:25.135+0000] {logging_mixin.py:137} INFO - [2022-12-21T11:07:25.135+0000] {dag.py:3427} INFO - Setting next_dagrun for example_short_circuit_operator to 2022-12-20T11:07:25.135512+00:00, run_after=2022-12-21T11:07:25.135512+00:00
[2022-12-21T11:07:25.147+0000] {processor.py:175} INFO - Processing /home/airflow/.local/lib/python3.7/site-packages/airflow/example_dags/example_short_circuit_operator.py took 0.070 seconds
[2022-12-21T11:07:56.087+0000] {processor.py:153} INFO - Started process (PID=1715) to work on /home/airflow/.local/lib/python3.7/site-packages/airflow/example_dags/example_short_circuit_operator.py
[2022-12-21T11:07:56.089+0000] {processor.py:743} INFO - Processing file /home/airflow/.local/lib/python3.7/site-packages/airflow/example_dags/example_short_circuit_operator.py for tasks to queue
[2022-12-21T11:07:56.090+0000] {logging_mixin.py:137} INFO - [2022-12-21T11:07:56.090+0000] {dagbag.py:538} INFO - Filling up the DagBag from /home/airflow/.local/lib/python3.7/site-packages/airflow/example_dags/example_short_circuit_operator.py
[2022-12-21T11:07:56.103+0000] {processor.py:753} INFO - DAG(s) dict_keys(['example_short_circuit_operator']) retrieved from /home/airflow/.local/lib/python3.7/site-packages/airflow/example_dags/example_short_circuit_operator.py
[2022-12-21T11:07:56.141+0000] {logging_mixin.py:137} INFO - [2022-12-21T11:07:56.141+0000] {dag.py:2676} INFO - Sync 1 DAGs
[2022-12-21T11:07:56.162+0000] {logging_mixin.py:137} INFO - [2022-12-21T11:07:56.162+0000] {dag.py:3427} INFO - Setting next_dagrun for example_short_circuit_operator to 2022-12-20T11:07:56.162100+00:00, run_after=2022-12-21T11:07:56.162100+00:00
[2022-12-21T11:07:56.180+0000] {processor.py:175} INFO - Processing /home/airflow/.local/lib/python3.7/site-packages/airflow/example_dags/example_short_circuit_operator.py took 0.095 seconds
[2022-12-21T11:08:27.278+0000] {processor.py:153} INFO - Started process (PID=1790) to work on /home/airflow/.local/lib/python3.7/site-packages/airflow/example_dags/example_short_circuit_operator.py
[2022-12-21T11:08:27.282+0000] {processor.py:743} INFO - Processing file /home/airflow/.local/lib/python3.7/site-packages/airflow/example_dags/example_short_circuit_operator.py for tasks to queue
[2022-12-21T11:08:27.285+0000] {logging_mixin.py:137} INFO - [2022-12-21T11:08:27.285+0000] {dagbag.py:538} INFO - Filling up the DagBag from /home/airflow/.local/lib/python3.7/site-packages/airflow/example_dags/example_short_circuit_operator.py
[2022-12-21T11:08:27.309+0000] {processor.py:753} INFO - DAG(s) dict_keys(['example_short_circuit_operator']) retrieved from /home/airflow/.local/lib/python3.7/site-packages/airflow/example_dags/example_short_circuit_operator.py
[2022-12-21T11:08:27.354+0000] {logging_mixin.py:137} INFO - [2022-12-21T11:08:27.354+0000] {dag.py:2676} INFO - Sync 1 DAGs
[2022-12-21T11:08:27.410+0000] {logging_mixin.py:137} INFO - [2022-12-21T11:08:27.409+0000] {dag.py:3427} INFO - Setting next_dagrun for example_short_circuit_operator to 2022-12-20T11:08:27.408622+00:00, run_after=2022-12-21T11:08:27.408622+00:00
[2022-12-21T11:08:27.445+0000] {processor.py:175} INFO - Processing /home/airflow/.local/lib/python3.7/site-packages/airflow/example_dags/example_short_circuit_operator.py took 0.173 seconds
[2022-12-21T11:08:58.481+0000] {processor.py:153} INFO - Started process (PID=1853) to work on /home/airflow/.local/lib/python3.7/site-packages/airflow/example_dags/example_short_circuit_operator.py
[2022-12-21T11:08:58.483+0000] {processor.py:743} INFO - Processing file /home/airflow/.local/lib/python3.7/site-packages/airflow/example_dags/example_short_circuit_operator.py for tasks to queue
[2022-12-21T11:08:58.487+0000] {logging_mixin.py:137} INFO - [2022-12-21T11:08:58.487+0000] {dagbag.py:538} INFO - Filling up the DagBag from /home/airflow/.local/lib/python3.7/site-packages/airflow/example_dags/example_short_circuit_operator.py
[2022-12-21T11:08:58.502+0000] {processor.py:753} INFO - DAG(s) dict_keys(['example_short_circuit_operator']) retrieved from /home/airflow/.local/lib/python3.7/site-packages/airflow/example_dags/example_short_circuit_operator.py
[2022-12-21T11:08:58.541+0000] {logging_mixin.py:137} INFO - [2022-12-21T11:08:58.541+0000] {dag.py:2676} INFO - Sync 1 DAGs
[2022-12-21T11:08:58.557+0000] {logging_mixin.py:137} INFO - [2022-12-21T11:08:58.557+0000] {dag.py:3427} INFO - Setting next_dagrun for example_short_circuit_operator to 2022-12-20T11:08:58.557372+00:00, run_after=2022-12-21T11:08:58.557372+00:00
[2022-12-21T11:08:58.571+0000] {processor.py:175} INFO - Processing /home/airflow/.local/lib/python3.7/site-packages/airflow/example_dags/example_short_circuit_operator.py took 0.093 seconds
[2022-12-21T11:09:29.275+0000] {processor.py:153} INFO - Started process (PID=1929) to work on /home/airflow/.local/lib/python3.7/site-packages/airflow/example_dags/example_short_circuit_operator.py
[2022-12-21T11:09:29.278+0000] {processor.py:743} INFO - Processing file /home/airflow/.local/lib/python3.7/site-packages/airflow/example_dags/example_short_circuit_operator.py for tasks to queue
[2022-12-21T11:09:29.279+0000] {logging_mixin.py:137} INFO - [2022-12-21T11:09:29.279+0000] {dagbag.py:538} INFO - Filling up the DagBag from /home/airflow/.local/lib/python3.7/site-packages/airflow/example_dags/example_short_circuit_operator.py
[2022-12-21T11:09:29.295+0000] {processor.py:753} INFO - DAG(s) dict_keys(['example_short_circuit_operator']) retrieved from /home/airflow/.local/lib/python3.7/site-packages/airflow/example_dags/example_short_circuit_operator.py
[2022-12-21T11:09:29.329+0000] {logging_mixin.py:137} INFO - [2022-12-21T11:09:29.329+0000] {dag.py:2676} INFO - Sync 1 DAGs
[2022-12-21T11:09:29.345+0000] {logging_mixin.py:137} INFO - [2022-12-21T11:09:29.345+0000] {dag.py:3427} INFO - Setting next_dagrun for example_short_circuit_operator to 2022-12-20T11:09:29.345717+00:00, run_after=2022-12-21T11:09:29.345717+00:00
[2022-12-21T11:09:29.358+0000] {processor.py:175} INFO - Processing /home/airflow/.local/lib/python3.7/site-packages/airflow/example_dags/example_short_circuit_operator.py took 0.089 seconds
[2022-12-21T11:10:00.531+0000] {processor.py:153} INFO - Started process (PID=1992) to work on /home/airflow/.local/lib/python3.7/site-packages/airflow/example_dags/example_short_circuit_operator.py
[2022-12-21T11:10:00.535+0000] {processor.py:743} INFO - Processing file /home/airflow/.local/lib/python3.7/site-packages/airflow/example_dags/example_short_circuit_operator.py for tasks to queue
[2022-12-21T11:10:00.537+0000] {logging_mixin.py:137} INFO - [2022-12-21T11:10:00.537+0000] {dagbag.py:538} INFO - Filling up the DagBag from /home/airflow/.local/lib/python3.7/site-packages/airflow/example_dags/example_short_circuit_operator.py
[2022-12-21T11:10:00.562+0000] {processor.py:753} INFO - DAG(s) dict_keys(['example_short_circuit_operator']) retrieved from /home/airflow/.local/lib/python3.7/site-packages/airflow/example_dags/example_short_circuit_operator.py
[2022-12-21T11:10:00.603+0000] {logging_mixin.py:137} INFO - [2022-12-21T11:10:00.603+0000] {dag.py:2676} INFO - Sync 1 DAGs
[2022-12-21T11:10:00.622+0000] {logging_mixin.py:137} INFO - [2022-12-21T11:10:00.622+0000] {dag.py:3427} INFO - Setting next_dagrun for example_short_circuit_operator to 2022-12-20T11:10:00.622408+00:00, run_after=2022-12-21T11:10:00.622408+00:00
[2022-12-21T11:10:00.636+0000] {processor.py:175} INFO - Processing /home/airflow/.local/lib/python3.7/site-packages/airflow/example_dags/example_short_circuit_operator.py took 0.109 seconds
[2022-12-21T11:10:31.721+0000] {processor.py:153} INFO - Started process (PID=2064) to work on /home/airflow/.local/lib/python3.7/site-packages/airflow/example_dags/example_short_circuit_operator.py
[2022-12-21T11:10:31.727+0000] {processor.py:743} INFO - Processing file /home/airflow/.local/lib/python3.7/site-packages/airflow/example_dags/example_short_circuit_operator.py for tasks to queue
[2022-12-21T11:10:31.730+0000] {logging_mixin.py:137} INFO - [2022-12-21T11:10:31.729+0000] {dagbag.py:538} INFO - Filling up the DagBag from /home/airflow/.local/lib/python3.7/site-packages/airflow/example_dags/example_short_circuit_operator.py
[2022-12-21T11:10:31.760+0000] {processor.py:753} INFO - DAG(s) dict_keys(['example_short_circuit_operator']) retrieved from /home/airflow/.local/lib/python3.7/site-packages/airflow/example_dags/example_short_circuit_operator.py
[2022-12-21T11:10:31.831+0000] {logging_mixin.py:137} INFO - [2022-12-21T11:10:31.831+0000] {dag.py:2676} INFO - Sync 1 DAGs
[2022-12-21T11:10:31.874+0000] {logging_mixin.py:137} INFO - [2022-12-21T11:10:31.874+0000] {dag.py:3427} INFO - Setting next_dagrun for example_short_circuit_operator to 2022-12-20T11:10:31.873603+00:00, run_after=2022-12-21T11:10:31.873603+00:00
[2022-12-21T11:10:31.911+0000] {processor.py:175} INFO - Processing /home/airflow/.local/lib/python3.7/site-packages/airflow/example_dags/example_short_circuit_operator.py took 0.198 seconds
[2022-12-21T11:11:02.497+0000] {processor.py:153} INFO - Started process (PID=2130) to work on /home/airflow/.local/lib/python3.7/site-packages/airflow/example_dags/example_short_circuit_operator.py
[2022-12-21T11:11:02.500+0000] {processor.py:743} INFO - Processing file /home/airflow/.local/lib/python3.7/site-packages/airflow/example_dags/example_short_circuit_operator.py for tasks to queue
[2022-12-21T11:11:02.502+0000] {logging_mixin.py:137} INFO - [2022-12-21T11:11:02.502+0000] {dagbag.py:538} INFO - Filling up the DagBag from /home/airflow/.local/lib/python3.7/site-packages/airflow/example_dags/example_short_circuit_operator.py
[2022-12-21T11:11:02.522+0000] {processor.py:753} INFO - DAG(s) dict_keys(['example_short_circuit_operator']) retrieved from /home/airflow/.local/lib/python3.7/site-packages/airflow/example_dags/example_short_circuit_operator.py
[2022-12-21T11:11:02.556+0000] {logging_mixin.py:137} INFO - [2022-12-21T11:11:02.555+0000] {dag.py:2676} INFO - Sync 1 DAGs
[2022-12-21T11:11:02.577+0000] {logging_mixin.py:137} INFO - [2022-12-21T11:11:02.577+0000] {dag.py:3427} INFO - Setting next_dagrun for example_short_circuit_operator to 2022-12-20T11:11:02.573823+00:00, run_after=2022-12-21T11:11:02.573823+00:00
[2022-12-21T11:11:02.591+0000] {processor.py:175} INFO - Processing /home/airflow/.local/lib/python3.7/site-packages/airflow/example_dags/example_short_circuit_operator.py took 0.097 seconds
