[2022-12-20T10:00:18.243+0000] {taskinstance.py:1087} INFO - Dependencies all met for <TaskInstance: Can_I_change_name_to_this.scrape_basic scheduled__2022-12-19T10:00:00+00:00 [queued]>
[2022-12-20T10:00:19.331+0000] {taskinstance.py:1087} INFO - Dependencies all met for <TaskInstance: Can_I_change_name_to_this.scrape_basic scheduled__2022-12-19T10:00:00+00:00 [queued]>
[2022-12-20T10:00:19.557+0000] {taskinstance.py:1283} INFO - 
--------------------------------------------------------------------------------
[2022-12-20T10:00:19.853+0000] {taskinstance.py:1284} INFO - Starting attempt 1 of 1
[2022-12-20T10:00:19.978+0000] {taskinstance.py:1285} INFO - 
--------------------------------------------------------------------------------
[2022-12-20T10:00:20.129+0000] {taskinstance.py:1304} INFO - Executing <Task(BashOperator): scrape_basic> on 2022-12-19 10:00:00+00:00
[2022-12-20T10:00:20.174+0000] {standard_task_runner.py:55} INFO - Started process 2733 to run task
[2022-12-20T10:00:20.207+0000] {standard_task_runner.py:82} INFO - Running: ['***', 'tasks', 'run', 'Can_I_change_name_to_this', 'scrape_basic', 'scheduled__2022-12-19T10:00:00+00:00', '--job-id', '165', '--raw', '--subdir', 'DAGS_FOLDER/dags.py', '--cfg-path', '/tmp/tmpazvhig90']
[2022-12-20T10:00:20.214+0000] {standard_task_runner.py:83} INFO - Job 165: Subtask scrape_basic
[2022-12-20T10:00:20.509+0000] {task_command.py:389} INFO - Running <TaskInstance: Can_I_change_name_to_this.scrape_basic scheduled__2022-12-19T10:00:00+00:00 [running]> on host 502390ac5559
[2022-12-20T10:00:20.645+0000] {taskinstance.py:1513} INFO - Exporting the following env vars:
AIRFLOW_CTX_DAG_OWNER=***
AIRFLOW_CTX_DAG_ID=Can_I_change_name_to_this
AIRFLOW_CTX_TASK_ID=scrape_basic
AIRFLOW_CTX_EXECUTION_DATE=2022-12-19T10:00:00+00:00
AIRFLOW_CTX_TRY_NUMBER=1
AIRFLOW_CTX_DAG_RUN_ID=scheduled__2022-12-19T10:00:00+00:00
[2022-12-20T10:00:20.663+0000] {subprocess.py:63} INFO - Tmp dir root location: 
 /tmp
[2022-12-20T10:00:20.677+0000] {subprocess.py:75} INFO - Running command: ['/bin/bash', '-c', 'python /opt/***/tasks/lol_champ_basic_stat.py ']
[2022-12-20T10:00:20.737+0000] {subprocess.py:86} INFO - Output:
[2022-12-20T10:00:24.320+0000] {subprocess.py:93} INFO - {"message": "now scraping the champ basic stat", "time": "2022-12-20T10:00:24.317855"}
[2022-12-20T10:00:24.333+0000] {subprocess.py:93} INFO - 2022-12-20 10:00:24 [scrapy.utils.log] INFO: Scrapy 2.7.1 started (bot: scrapybot)
[2022-12-20T10:00:24.356+0000] {subprocess.py:93} INFO - 2022-12-20 10:00:24 [scrapy.utils.log] INFO: Versions: lxml 4.9.1.0, libxml2 2.9.14, cssselect 1.2.0, parsel 1.7.0, w3lib 2.1.1, Twisted 22.10.0, Python 3.7.15 (default, Nov 15 2022, 10:39:17) - [GCC 10.2.1 20210110], pyOpenSSL 22.0.0 (OpenSSL 1.1.1n  15 Mar 2022), cryptography 36.0.2, Platform Linux-5.10.124-linuxkit-aarch64-with-debian-11.5
[2022-12-20T10:00:24.365+0000] {subprocess.py:93} INFO - 2022-12-20 10:00:24 [scrapy.crawler] INFO: Overridden settings:
[2022-12-20T10:00:24.366+0000] {subprocess.py:93} INFO - {}
[2022-12-20T10:00:24.380+0000] {subprocess.py:93} INFO - 2022-12-20 10:00:24 [py.warnings] WARNING: /home/***/.local/lib/python3.7/site-packages/scrapy/utils/request.py:231: ScrapyDeprecationWarning: '2.6' is a deprecated value for the 'REQUEST_FINGERPRINTER_IMPLEMENTATION' setting.
[2022-12-20T10:00:24.387+0000] {subprocess.py:93} INFO - 
[2022-12-20T10:00:24.388+0000] {subprocess.py:93} INFO - It is also the default value. In other words, it is normal to get this warning if you have not defined a value for the 'REQUEST_FINGERPRINTER_IMPLEMENTATION' setting. This is so for backward compatibility reasons, but it will change in a future version of Scrapy.
[2022-12-20T10:00:24.391+0000] {subprocess.py:93} INFO - 
[2022-12-20T10:00:24.394+0000] {subprocess.py:93} INFO - See the documentation of the 'REQUEST_FINGERPRINTER_IMPLEMENTATION' setting for information on how to handle this deprecation.
[2022-12-20T10:00:24.397+0000] {subprocess.py:93} INFO -   return cls(crawler)
[2022-12-20T10:00:24.398+0000] {subprocess.py:93} INFO - 
[2022-12-20T10:00:24.403+0000] {subprocess.py:93} INFO - 2022-12-20 10:00:24 [scrapy.utils.log] DEBUG: Using reactor: twisted.internet.epollreactor.EPollReactor
[2022-12-20T10:00:24.418+0000] {subprocess.py:93} INFO - 2022-12-20 10:00:24 [scrapy.extensions.telnet] INFO: Telnet Password: baa40526ab2f1b4d
[2022-12-20T10:00:24.471+0000] {subprocess.py:93} INFO - 2022-12-20 10:00:24 [scrapy.middleware] INFO: Enabled extensions:
[2022-12-20T10:00:24.473+0000] {subprocess.py:93} INFO - ['scrapy.extensions.corestats.CoreStats',
[2022-12-20T10:00:24.475+0000] {subprocess.py:93} INFO -  'scrapy.extensions.telnet.TelnetConsole',
[2022-12-20T10:00:24.476+0000] {subprocess.py:93} INFO -  'scrapy.extensions.memusage.MemoryUsage',
[2022-12-20T10:00:24.478+0000] {subprocess.py:93} INFO -  'scrapy.extensions.logstats.LogStats']
[2022-12-20T10:00:24.641+0000] {subprocess.py:93} INFO - 2022-12-20 10:00:24 [scrapy.middleware] INFO: Enabled downloader middlewares:
[2022-12-20T10:00:24.648+0000] {subprocess.py:93} INFO - ['scrapy.downloadermiddlewares.httpauth.HttpAuthMiddleware',
[2022-12-20T10:00:24.649+0000] {subprocess.py:93} INFO -  'scrapy.downloadermiddlewares.downloadtimeout.DownloadTimeoutMiddleware',
[2022-12-20T10:00:24.652+0000] {subprocess.py:93} INFO -  'scrapy.downloadermiddlewares.defaultheaders.DefaultHeadersMiddleware',
[2022-12-20T10:00:24.656+0000] {subprocess.py:93} INFO -  'scrapy.downloadermiddlewares.useragent.UserAgentMiddleware',
[2022-12-20T10:00:24.660+0000] {subprocess.py:93} INFO -  'scrapy.downloadermiddlewares.retry.RetryMiddleware',
[2022-12-20T10:00:24.663+0000] {subprocess.py:93} INFO -  'scrapy.downloadermiddlewares.redirect.MetaRefreshMiddleware',
[2022-12-20T10:00:24.665+0000] {subprocess.py:93} INFO -  'scrapy.downloadermiddlewares.httpcompression.HttpCompressionMiddleware',
[2022-12-20T10:00:24.667+0000] {subprocess.py:93} INFO -  'scrapy.downloadermiddlewares.redirect.RedirectMiddleware',
[2022-12-20T10:00:24.671+0000] {subprocess.py:93} INFO -  'scrapy.downloadermiddlewares.cookies.CookiesMiddleware',
[2022-12-20T10:00:24.677+0000] {subprocess.py:93} INFO -  'scrapy.downloadermiddlewares.httpproxy.HttpProxyMiddleware',
[2022-12-20T10:00:24.679+0000] {subprocess.py:93} INFO -  'scrapy.downloadermiddlewares.stats.DownloaderStats']
[2022-12-20T10:00:24.680+0000] {subprocess.py:93} INFO - 2022-12-20 10:00:24 [scrapy.middleware] INFO: Enabled spider middlewares:
[2022-12-20T10:00:24.682+0000] {subprocess.py:93} INFO - ['scrapy.spidermiddlewares.httperror.HttpErrorMiddleware',
[2022-12-20T10:00:24.683+0000] {subprocess.py:93} INFO -  'scrapy.spidermiddlewares.offsite.OffsiteMiddleware',
[2022-12-20T10:00:24.695+0000] {subprocess.py:93} INFO -  'scrapy.spidermiddlewares.referer.RefererMiddleware',
[2022-12-20T10:00:24.699+0000] {subprocess.py:93} INFO -  'scrapy.spidermiddlewares.urllength.UrlLengthMiddleware',
[2022-12-20T10:00:24.705+0000] {subprocess.py:93} INFO -  'scrapy.spidermiddlewares.depth.DepthMiddleware']
[2022-12-20T10:00:24.707+0000] {subprocess.py:93} INFO - 2022-12-20 10:00:24 [scrapy.middleware] INFO: Enabled item pipelines:
[2022-12-20T10:00:24.709+0000] {subprocess.py:93} INFO - []
[2022-12-20T10:00:24.711+0000] {subprocess.py:93} INFO - 2022-12-20 10:00:24 [scrapy.core.engine] INFO: Spider opened
[2022-12-20T10:00:24.902+0000] {subprocess.py:93} INFO - 2022-12-20 10:00:24 [scrapy.extensions.logstats] INFO: Crawled 0 pages (at 0 pages/min), scraped 0 items (at 0 items/min)
[2022-12-20T10:00:24.905+0000] {subprocess.py:93} INFO - 2022-12-20 10:00:24 [scrapy.extensions.telnet] INFO: Telnet console listening on 127.0.0.1:6023
[2022-12-20T10:00:26.125+0000] {subprocess.py:93} INFO - 2022-12-20 10:00:26 [scrapy.core.engine] DEBUG: Crawled (200) <GET https://www.metasrc.com/5v5/stats> (referer: None)
[2022-12-20T10:00:26.560+0000] {subprocess.py:93} INFO - 2022-12-20 10:00:26 [scrapy.core.engine] INFO: Closing spider (finished)
[2022-12-20T10:00:26.578+0000] {subprocess.py:93} INFO - 2022-12-20 10:00:26 [scrapy.statscollectors] INFO: Dumping Scrapy stats:
[2022-12-20T10:00:26.597+0000] {subprocess.py:93} INFO - {'downloader/request_bytes': 310,
[2022-12-20T10:00:26.611+0000] {subprocess.py:93} INFO -  'downloader/request_count': 1,
[2022-12-20T10:00:26.614+0000] {subprocess.py:93} INFO -  'downloader/request_method_count/GET': 1,
[2022-12-20T10:00:26.621+0000] {subprocess.py:93} INFO -  'downloader/response_bytes': 34608,
[2022-12-20T10:00:26.624+0000] {subprocess.py:93} INFO -  'downloader/response_count': 1,
[2022-12-20T10:00:26.635+0000] {subprocess.py:93} INFO -  'downloader/response_status_count/200': 1,
[2022-12-20T10:00:26.640+0000] {subprocess.py:93} INFO -  'elapsed_time_seconds': 1.665848,
[2022-12-20T10:00:26.646+0000] {subprocess.py:93} INFO -  'finish_reason': 'finished',
[2022-12-20T10:00:26.651+0000] {subprocess.py:93} INFO -  'finish_time': datetime.datetime(2022, 12, 20, 10, 0, 26, 566798),
[2022-12-20T10:00:26.654+0000] {subprocess.py:93} INFO -  'httpcompression/response_bytes': 490711,
[2022-12-20T10:00:26.660+0000] {subprocess.py:93} INFO -  'httpcompression/response_count': 1,
[2022-12-20T10:00:26.663+0000] {subprocess.py:93} INFO -  'log_count/DEBUG': 2,
[2022-12-20T10:00:26.667+0000] {subprocess.py:93} INFO -  'log_count/INFO': 10,
[2022-12-20T10:00:26.670+0000] {subprocess.py:93} INFO -  'log_count/WARNING': 1,
[2022-12-20T10:00:26.676+0000] {subprocess.py:93} INFO -  'memusage/max': 238489600,
[2022-12-20T10:00:26.678+0000] {subprocess.py:93} INFO -  'memusage/startup': 238489600,
[2022-12-20T10:00:26.679+0000] {subprocess.py:93} INFO -  'response_received_count': 1,
[2022-12-20T10:00:26.680+0000] {subprocess.py:93} INFO -  'scheduler/dequeued': 1,
[2022-12-20T10:00:26.686+0000] {subprocess.py:93} INFO -  'scheduler/dequeued/memory': 1,
[2022-12-20T10:00:26.692+0000] {subprocess.py:93} INFO -  'scheduler/enqueued': 1,
[2022-12-20T10:00:26.697+0000] {subprocess.py:93} INFO -  'scheduler/enqueued/memory': 1,
[2022-12-20T10:00:26.700+0000] {subprocess.py:93} INFO -  'start_time': datetime.datetime(2022, 12, 20, 10, 0, 24, 900950)}
[2022-12-20T10:00:26.708+0000] {subprocess.py:93} INFO - 2022-12-20 10:00:26 [scrapy.core.engine] INFO: Spider closed (finished)
[2022-12-20T10:00:26.718+0000] {subprocess.py:93} INFO - {"message": "successfully scrape champ basic stat", "time": "2022-12-20T10:00:26.623271"}
[2022-12-20T10:00:26.721+0000] {subprocess.py:93} INFO - 2022-12-20 10:00:26 [__main__] INFO: successfully scrape champ basic stat
[2022-12-20T10:00:26.723+0000] {subprocess.py:93} INFO - {"message": "scrapying champ stat have used 2.321169585000007s", "time": "2022-12-20T10:00:26.648161"}
[2022-12-20T10:00:26.725+0000] {subprocess.py:93} INFO - 2022-12-20 10:00:26 [__main__] INFO: scrapying champ stat have used 2.321169585000007s
[2022-12-20T10:00:26.729+0000] {subprocess.py:93} INFO - {"message": "scrapying champ stat have used cpu scpustats(ctx_switches=13933261, interrupts=10934184, soft_interrupts=4748066, syscalls=0)% and disk sdiskusage(total=245107195904, used=233538871296, free=11568324608, percent=95.3)%", "time": "2022-12-20T10:00:26.664823"}
[2022-12-20T10:00:26.738+0000] {subprocess.py:93} INFO - 2022-12-20 10:00:26 [__main__] INFO: scrapying champ stat have used cpu scpustats(ctx_switches=13933261, interrupts=10934184, soft_interrupts=4748066, syscalls=0)% and disk sdiskusage(total=245107195904, used=233538871296, free=11568324608, percent=95.3)%
[2022-12-20T10:00:27.070+0000] {subprocess.py:97} INFO - Command exited with return code 0
[2022-12-20T10:00:27.498+0000] {taskinstance.py:1327} INFO - Marking task as SUCCESS. dag_id=Can_I_change_name_to_this, task_id=scrape_basic, execution_date=20221219T100000, start_date=20221220T100019, end_date=20221220T100027
[2022-12-20T10:00:28.012+0000] {local_task_job.py:159} INFO - Task exited with return code 0
[2022-12-20T10:00:28.141+0000] {taskinstance.py:2582} INFO - 0 downstream tasks scheduled from follow-on schedule check
