[2022-12-22T13:31:24.583+0000] {taskinstance.py:1087} INFO - Dependencies all met for <TaskInstance: Can_I_change_name_to_this.task_15 manual__2022-12-22T13:30:23.536062+00:00 [queued]>
[2022-12-22T13:31:24.593+0000] {taskinstance.py:1087} INFO - Dependencies all met for <TaskInstance: Can_I_change_name_to_this.task_15 manual__2022-12-22T13:30:23.536062+00:00 [queued]>
[2022-12-22T13:31:24.594+0000] {taskinstance.py:1283} INFO - 
--------------------------------------------------------------------------------
[2022-12-22T13:31:24.595+0000] {taskinstance.py:1284} INFO - Starting attempt 1 of 1
[2022-12-22T13:31:24.596+0000] {taskinstance.py:1285} INFO - 
--------------------------------------------------------------------------------
[2022-12-22T13:31:24.604+0000] {taskinstance.py:1304} INFO - Executing <Task(BashOperator): task_15> on 2022-12-22 13:30:23.536062+00:00
[2022-12-22T13:31:24.610+0000] {standard_task_runner.py:55} INFO - Started process 220 to run task
[2022-12-22T13:31:24.614+0000] {standard_task_runner.py:82} INFO - Running: ['***', 'tasks', 'run', 'Can_I_change_name_to_this', 'task_15', 'manual__2022-12-22T13:30:23.536062+00:00', '--job-id', '215', '--raw', '--subdir', 'DAGS_FOLDER/dags.py', '--cfg-path', '/tmp/tmp64fw2qoo']
[2022-12-22T13:31:24.615+0000] {standard_task_runner.py:83} INFO - Job 215: Subtask task_15
[2022-12-22T13:31:24.667+0000] {task_command.py:389} INFO - Running <TaskInstance: Can_I_change_name_to_this.task_15 manual__2022-12-22T13:30:23.536062+00:00 [running]> on host 502390ac5559
[2022-12-22T13:31:24.715+0000] {taskinstance.py:1513} INFO - Exporting the following env vars:
AIRFLOW_CTX_DAG_OWNER=***
AIRFLOW_CTX_DAG_ID=Can_I_change_name_to_this
AIRFLOW_CTX_TASK_ID=task_15
AIRFLOW_CTX_EXECUTION_DATE=2022-12-22T13:30:23.536062+00:00
AIRFLOW_CTX_TRY_NUMBER=1
AIRFLOW_CTX_DAG_RUN_ID=manual__2022-12-22T13:30:23.536062+00:00
[2022-12-22T13:31:24.717+0000] {subprocess.py:63} INFO - Tmp dir root location: 
 /tmp
[2022-12-22T13:31:24.719+0000] {subprocess.py:75} INFO - Running command: ['/bin/bash', '-c', 'sleep 1']
[2022-12-22T13:31:24.729+0000] {subprocess.py:86} INFO - Output:
[2022-12-22T13:31:25.733+0000] {subprocess.py:97} INFO - Command exited with return code 0
[2022-12-22T13:31:25.789+0000] {taskinstance.py:1327} INFO - Marking task as SUCCESS. dag_id=Can_I_change_name_to_this, task_id=task_15, execution_date=20221222T133023, start_date=20221222T133124, end_date=20221222T133125
[2022-12-22T13:31:25.851+0000] {local_task_job.py:159} INFO - Task exited with return code 0
[2022-12-22T13:31:25.892+0000] {taskinstance.py:2582} INFO - 2 downstream tasks scheduled from follow-on schedule check
