[2022-11-29T05:28:14.716+0000] {taskinstance.py:1165} INFO - Dependencies all met for <TaskInstance: Can_I_change_name_to_this.task_1 manual__2022-11-29T05:28:12.931793+00:00 [queued]>
[2022-11-29T05:28:14.731+0000] {taskinstance.py:1165} INFO - Dependencies all met for <TaskInstance: Can_I_change_name_to_this.task_1 manual__2022-11-29T05:28:12.931793+00:00 [queued]>
[2022-11-29T05:28:14.733+0000] {taskinstance.py:1362} INFO - 
--------------------------------------------------------------------------------
[2022-11-29T05:28:14.735+0000] {taskinstance.py:1363} INFO - Starting attempt 1 of 1
[2022-11-29T05:28:14.736+0000] {taskinstance.py:1364} INFO - 
--------------------------------------------------------------------------------
[2022-11-29T05:28:14.768+0000] {taskinstance.py:1383} INFO - Executing <Task(BashOperator): task_1> on 2022-11-29 05:28:12.931793+00:00
[2022-11-29T05:28:14.792+0000] {standard_task_runner.py:55} INFO - Started process 493 to run task
[2022-11-29T05:28:14.815+0000] {standard_task_runner.py:82} INFO - Running: ['***', 'tasks', 'run', 'Can_I_change_name_to_this', 'task_1', 'manual__2022-11-29T05:28:12.931793+00:00', '--job-id', '23', '--raw', '--subdir', 'DAGS_FOLDER/dags.py', '--cfg-path', '/tmp/tmpqypu22z8']
[2022-11-29T05:28:14.818+0000] {standard_task_runner.py:83} INFO - Job 23: Subtask task_1
[2022-11-29T05:28:15.025+0000] {task_command.py:376} INFO - Running <TaskInstance: Can_I_change_name_to_this.task_1 manual__2022-11-29T05:28:12.931793+00:00 [running]> on host 68e922a5ec23
[2022-11-29T05:28:15.181+0000] {taskinstance.py:1592} INFO - Exporting the following env vars:
AIRFLOW_CTX_DAG_OWNER=***
AIRFLOW_CTX_DAG_ID=Can_I_change_name_to_this
AIRFLOW_CTX_TASK_ID=task_1
AIRFLOW_CTX_EXECUTION_DATE=2022-11-29T05:28:12.931793+00:00
AIRFLOW_CTX_TRY_NUMBER=1
AIRFLOW_CTX_DAG_RUN_ID=manual__2022-11-29T05:28:12.931793+00:00
[2022-11-29T05:28:15.193+0000] {subprocess.py:63} INFO - Tmp dir root location: 
 /tmp
[2022-11-29T05:28:15.195+0000] {subprocess.py:75} INFO - Running command: ['/bin/bash', '-c', 'python /opt/***/tasks/lol_champ_basic_stat.py ']
[2022-11-29T05:28:15.230+0000] {subprocess.py:86} INFO - Output:
[2022-11-29T05:28:16.498+0000] {subprocess.py:93} INFO - 2022-11-29 05:28:16,492 | __main__ |lol_champ_basic_stat.py | INFO | now scraping the champ basic stat
[2022-11-29T05:28:16.505+0000] {subprocess.py:93} INFO - 2022-11-29 05:28:16 [scrapy.utils.log] INFO: Scrapy 2.7.1 started (bot: scrapybot)
[2022-11-29T05:28:16.545+0000] {subprocess.py:93} INFO - 2022-11-29 05:28:16 [scrapy.utils.log] INFO: Versions: lxml 4.9.1.0, libxml2 2.9.14, cssselect 1.2.0, parsel 1.7.0, w3lib 2.1.0, Twisted 22.10.0, Python 3.7.15 (default, Oct 25 2022, 07:08:46) - [GCC 10.2.1 20210110], pyOpenSSL 22.0.0 (OpenSSL 1.1.1n  15 Mar 2022), cryptography 36.0.2, Platform Linux-5.10.124-linuxkit-aarch64-with-debian-11.5
[2022-11-29T05:28:16.551+0000] {subprocess.py:93} INFO - 2022-11-29 05:28:16 [scrapy.crawler] INFO: Overridden settings:
[2022-11-29T05:28:16.555+0000] {subprocess.py:93} INFO - {}
[2022-11-29T05:28:16.567+0000] {subprocess.py:93} INFO - 2022-11-29 05:28:16 [py.warnings] WARNING: /home/***/.local/lib/python3.7/site-packages/scrapy/utils/request.py:231: ScrapyDeprecationWarning: '2.6' is a deprecated value for the 'REQUEST_FINGERPRINTER_IMPLEMENTATION' setting.
[2022-11-29T05:28:16.579+0000] {subprocess.py:93} INFO - 
[2022-11-29T05:28:16.588+0000] {subprocess.py:93} INFO - It is also the default value. In other words, it is normal to get this warning if you have not defined a value for the 'REQUEST_FINGERPRINTER_IMPLEMENTATION' setting. This is so for backward compatibility reasons, but it will change in a future version of Scrapy.
[2022-11-29T05:28:16.597+0000] {subprocess.py:93} INFO - 
[2022-11-29T05:28:16.608+0000] {subprocess.py:93} INFO - See the documentation of the 'REQUEST_FINGERPRINTER_IMPLEMENTATION' setting for information on how to handle this deprecation.
[2022-11-29T05:28:16.614+0000] {subprocess.py:93} INFO -   return cls(crawler)
[2022-11-29T05:28:16.618+0000] {subprocess.py:93} INFO - 
[2022-11-29T05:28:16.624+0000] {subprocess.py:93} INFO - 2022-11-29 05:28:16 [scrapy.utils.log] DEBUG: Using reactor: twisted.internet.epollreactor.EPollReactor
[2022-11-29T05:28:16.626+0000] {subprocess.py:93} INFO - 2022-11-29 05:28:16 [scrapy.extensions.telnet] INFO: Telnet Password: 5295ad0cf42fb11f
[2022-11-29T05:28:16.672+0000] {subprocess.py:93} INFO - 2022-11-29 05:28:16 [scrapy.middleware] INFO: Enabled extensions:
[2022-11-29T05:28:16.676+0000] {subprocess.py:93} INFO - ['scrapy.extensions.corestats.CoreStats',
[2022-11-29T05:28:16.683+0000] {subprocess.py:93} INFO -  'scrapy.extensions.telnet.TelnetConsole',
[2022-11-29T05:28:16.687+0000] {subprocess.py:93} INFO -  'scrapy.extensions.memusage.MemoryUsage',
[2022-11-29T05:28:16.690+0000] {subprocess.py:93} INFO -  'scrapy.extensions.logstats.LogStats']
[2022-11-29T05:28:16.860+0000] {subprocess.py:93} INFO - 2022-11-29 05:28:16 [scrapy.middleware] INFO: Enabled downloader middlewares:
[2022-11-29T05:28:16.864+0000] {subprocess.py:93} INFO - ['scrapy.downloadermiddlewares.httpauth.HttpAuthMiddleware',
[2022-11-29T05:28:16.866+0000] {subprocess.py:93} INFO -  'scrapy.downloadermiddlewares.downloadtimeout.DownloadTimeoutMiddleware',
[2022-11-29T05:28:16.869+0000] {subprocess.py:93} INFO -  'scrapy.downloadermiddlewares.defaultheaders.DefaultHeadersMiddleware',
[2022-11-29T05:28:16.871+0000] {subprocess.py:93} INFO -  'scrapy.downloadermiddlewares.useragent.UserAgentMiddleware',
[2022-11-29T05:28:16.873+0000] {subprocess.py:93} INFO -  'scrapy.downloadermiddlewares.retry.RetryMiddleware',
[2022-11-29T05:28:16.875+0000] {subprocess.py:93} INFO -  'scrapy.downloadermiddlewares.redirect.MetaRefreshMiddleware',
[2022-11-29T05:28:16.877+0000] {subprocess.py:93} INFO -  'scrapy.downloadermiddlewares.httpcompression.HttpCompressionMiddleware',
[2022-11-29T05:28:16.879+0000] {subprocess.py:93} INFO -  'scrapy.downloadermiddlewares.redirect.RedirectMiddleware',
[2022-11-29T05:28:16.881+0000] {subprocess.py:93} INFO -  'scrapy.downloadermiddlewares.cookies.CookiesMiddleware',
[2022-11-29T05:28:16.884+0000] {subprocess.py:93} INFO -  'scrapy.downloadermiddlewares.httpproxy.HttpProxyMiddleware',
[2022-11-29T05:28:16.885+0000] {subprocess.py:93} INFO -  'scrapy.downloadermiddlewares.stats.DownloaderStats']
[2022-11-29T05:28:16.887+0000] {subprocess.py:93} INFO - 2022-11-29 05:28:16 [scrapy.middleware] INFO: Enabled spider middlewares:
[2022-11-29T05:28:16.888+0000] {subprocess.py:93} INFO - ['scrapy.spidermiddlewares.httperror.HttpErrorMiddleware',
[2022-11-29T05:28:16.890+0000] {subprocess.py:93} INFO -  'scrapy.spidermiddlewares.offsite.OffsiteMiddleware',
[2022-11-29T05:28:16.892+0000] {subprocess.py:93} INFO -  'scrapy.spidermiddlewares.referer.RefererMiddleware',
[2022-11-29T05:28:16.893+0000] {subprocess.py:93} INFO -  'scrapy.spidermiddlewares.urllength.UrlLengthMiddleware',
[2022-11-29T05:28:16.895+0000] {subprocess.py:93} INFO -  'scrapy.spidermiddlewares.depth.DepthMiddleware']
[2022-11-29T05:28:16.896+0000] {subprocess.py:93} INFO - 2022-11-29 05:28:16 [scrapy.middleware] INFO: Enabled item pipelines:
[2022-11-29T05:28:16.900+0000] {subprocess.py:93} INFO - []
[2022-11-29T05:28:16.910+0000] {subprocess.py:93} INFO - 2022-11-29 05:28:16 [scrapy.core.engine] INFO: Spider opened
[2022-11-29T05:28:16.956+0000] {subprocess.py:93} INFO - 2022-11-29 05:28:16 [scrapy.extensions.logstats] INFO: Crawled 0 pages (at 0 pages/min), scraped 0 items (at 0 items/min)
[2022-11-29T05:28:16.958+0000] {subprocess.py:93} INFO - 2022-11-29 05:28:16 [scrapy.extensions.telnet] INFO: Telnet console listening on 127.0.0.1:6023
[2022-11-29T05:28:17.071+0000] {subprocess.py:93} INFO - 2022-11-29 05:28:17 [scrapy.core.engine] DEBUG: Crawled (200) <GET https://www.metasrc.com/5v5/stats> (referer: None)
[2022-11-29T05:28:17.279+0000] {subprocess.py:93} INFO - 2022-11-29 05:28:17 [scrapy.core.engine] INFO: Closing spider (finished)
[2022-11-29T05:28:17.280+0000] {subprocess.py:93} INFO - 2022-11-29 05:28:17 [scrapy.statscollectors] INFO: Dumping Scrapy stats:
[2022-11-29T05:28:17.281+0000] {subprocess.py:93} INFO - {'downloader/request_bytes': 310,
[2022-11-29T05:28:17.282+0000] {subprocess.py:93} INFO -  'downloader/request_count': 1,
[2022-11-29T05:28:17.283+0000] {subprocess.py:93} INFO -  'downloader/request_method_count/GET': 1,
[2022-11-29T05:28:17.287+0000] {subprocess.py:93} INFO -  'downloader/response_bytes': 34934,
[2022-11-29T05:28:17.289+0000] {subprocess.py:93} INFO -  'downloader/response_count': 1,
[2022-11-29T05:28:17.290+0000] {subprocess.py:93} INFO -  'downloader/response_status_count/200': 1,
[2022-11-29T05:28:17.292+0000] {subprocess.py:93} INFO -  'elapsed_time_seconds': 0.322942,
[2022-11-29T05:28:17.294+0000] {subprocess.py:93} INFO -  'finish_reason': 'finished',
[2022-11-29T05:28:17.295+0000] {subprocess.py:93} INFO -  'finish_time': datetime.datetime(2022, 11, 29, 5, 28, 17, 279207),
[2022-11-29T05:28:17.296+0000] {subprocess.py:93} INFO -  'httpcompression/response_bytes': 503156,
[2022-11-29T05:28:17.297+0000] {subprocess.py:93} INFO -  'httpcompression/response_count': 1,
[2022-11-29T05:28:17.304+0000] {subprocess.py:93} INFO -  'log_count/DEBUG': 2,
[2022-11-29T05:28:17.306+0000] {subprocess.py:93} INFO -  'log_count/INFO': 10,
[2022-11-29T05:28:17.308+0000] {subprocess.py:93} INFO -  'log_count/WARNING': 1,
[2022-11-29T05:28:17.310+0000] {subprocess.py:93} INFO -  'memusage/max': 236019712,
[2022-11-29T05:28:17.311+0000] {subprocess.py:93} INFO -  'memusage/startup': 236019712,
[2022-11-29T05:28:17.311+0000] {subprocess.py:93} INFO -  'response_received_count': 1,
[2022-11-29T05:28:17.312+0000] {subprocess.py:93} INFO -  'scheduler/dequeued': 1,
[2022-11-29T05:28:17.313+0000] {subprocess.py:93} INFO -  'scheduler/dequeued/memory': 1,
[2022-11-29T05:28:17.313+0000] {subprocess.py:93} INFO -  'scheduler/enqueued': 1,
[2022-11-29T05:28:17.314+0000] {subprocess.py:93} INFO -  'scheduler/enqueued/memory': 1,
[2022-11-29T05:28:17.315+0000] {subprocess.py:93} INFO -  'start_time': datetime.datetime(2022, 11, 29, 5, 28, 16, 956265)}
[2022-11-29T05:28:17.316+0000] {subprocess.py:93} INFO - 2022-11-29 05:28:17 [scrapy.core.engine] INFO: Spider closed (finished)
[2022-11-29T05:28:17.316+0000] {subprocess.py:93} INFO - 2022-11-29 05:28:17,290 | __main__ |lol_champ_basic_stat.py | INFO | successfully scrape champ basic stat
[2022-11-29T05:28:17.317+0000] {subprocess.py:93} INFO - 2022-11-29 05:28:17 [__main__] INFO: successfully scrape champ basic stat
[2022-11-29T05:28:17.318+0000] {subprocess.py:93} INFO - 2022-11-29 05:28:17,294 | __main__ |lol_champ_basic_stat.py | INFO | scrapying champ stat have used 0.7937133760005963
[2022-11-29T05:28:17.319+0000] {subprocess.py:93} INFO - 2022-11-29 05:28:17 [__main__] INFO: scrapying champ stat have used 0.7937133760005963
[2022-11-29T05:28:17.319+0000] {subprocess.py:93} INFO - 2022-11-29 05:28:17,299 | __main__ |lol_champ_basic_stat.py | INFO | scrapying champ stat have used cpu scpustats(ctx_switches=4674580, interrupts=3209253, soft_interrupts=1247851, syscalls=0)% and disk sdiskusage(total=245107195904, used=219993313280, free=25113882624, percent=89.8)%
[2022-11-29T05:28:17.320+0000] {subprocess.py:93} INFO - 2022-11-29 05:28:17 [__main__] INFO: scrapying champ stat have used cpu scpustats(ctx_switches=4674580, interrupts=3209253, soft_interrupts=1247851, syscalls=0)% and disk sdiskusage(total=245107195904, used=219993313280, free=25113882624, percent=89.8)%
[2022-11-29T05:28:17.424+0000] {subprocess.py:97} INFO - Command exited with return code 0
[2022-11-29T05:28:17.492+0000] {taskinstance.py:1406} INFO - Marking task as SUCCESS. dag_id=Can_I_change_name_to_this, task_id=task_1, execution_date=20221129T052812, start_date=20221129T052814, end_date=20221129T052817
[2022-11-29T05:28:17.558+0000] {local_task_job.py:159} INFO - Task exited with return code 0
[2022-11-29T05:28:17.598+0000] {taskinstance.py:2623} INFO - 0 downstream tasks scheduled from follow-on schedule check
