[2022-12-19T15:10:17.956+0000] {taskinstance.py:1087} INFO - Dependencies all met for <TaskInstance: Can_I_change_name_to_this.task_10 scheduled__2022-12-18T10:00:00+00:00 [queued]>
[2022-12-19T15:10:17.994+0000] {taskinstance.py:1087} INFO - Dependencies all met for <TaskInstance: Can_I_change_name_to_this.task_10 scheduled__2022-12-18T10:00:00+00:00 [queued]>
[2022-12-19T15:10:17.995+0000] {taskinstance.py:1283} INFO - 
--------------------------------------------------------------------------------
[2022-12-19T15:10:17.996+0000] {taskinstance.py:1284} INFO - Starting attempt 1 of 1
[2022-12-19T15:10:17.997+0000] {taskinstance.py:1285} INFO - 
--------------------------------------------------------------------------------
[2022-12-19T15:10:18.082+0000] {taskinstance.py:1304} INFO - Executing <Task(BashOperator): task_10> on 2022-12-18 10:00:00+00:00
[2022-12-19T15:10:18.110+0000] {standard_task_runner.py:55} INFO - Started process 215 to run task
[2022-12-19T15:10:18.135+0000] {standard_task_runner.py:82} INFO - Running: ['***', 'tasks', 'run', 'Can_I_change_name_to_this', 'task_10', 'scheduled__2022-12-18T10:00:00+00:00', '--job-id', '155', '--raw', '--subdir', 'DAGS_FOLDER/dags.py', '--cfg-path', '/tmp/tmp6j2g5kx8']
[2022-12-19T15:10:18.136+0000] {standard_task_runner.py:83} INFO - Job 155: Subtask task_10
[2022-12-19T15:10:18.259+0000] {task_command.py:389} INFO - Running <TaskInstance: Can_I_change_name_to_this.task_10 scheduled__2022-12-18T10:00:00+00:00 [running]> on host 502390ac5559
[2022-12-19T15:10:18.452+0000] {taskinstance.py:1513} INFO - Exporting the following env vars:
AIRFLOW_CTX_DAG_OWNER=***
AIRFLOW_CTX_DAG_ID=Can_I_change_name_to_this
AIRFLOW_CTX_TASK_ID=task_10
AIRFLOW_CTX_EXECUTION_DATE=2022-12-18T10:00:00+00:00
AIRFLOW_CTX_TRY_NUMBER=1
AIRFLOW_CTX_DAG_RUN_ID=scheduled__2022-12-18T10:00:00+00:00
[2022-12-19T15:10:18.455+0000] {subprocess.py:63} INFO - Tmp dir root location: 
 /tmp
[2022-12-19T15:10:18.457+0000] {subprocess.py:75} INFO - Running command: ['/bin/bash', '-c', 'sleep 1']
[2022-12-19T15:10:18.487+0000] {subprocess.py:86} INFO - Output:
[2022-12-19T15:10:19.529+0000] {subprocess.py:97} INFO - Command exited with return code 0
[2022-12-19T15:10:19.882+0000] {taskinstance.py:1327} INFO - Marking task as SUCCESS. dag_id=Can_I_change_name_to_this, task_id=task_10, execution_date=20221218T100000, start_date=20221219T151017, end_date=20221219T151019
[2022-12-19T15:10:19.958+0000] {local_task_job.py:159} INFO - Task exited with return code 0
[2022-12-19T15:10:20.040+0000] {taskinstance.py:2582} INFO - 2 downstream tasks scheduled from follow-on schedule check
