[2022-11-29T06:19:42.815+0000] {taskinstance.py:1165} INFO - Dependencies all met for <TaskInstance: Can_I_change_name_to_this.task_1 manual__2022-11-29T06:19:39.257639+00:00 [queued]>
[2022-11-29T06:19:42.830+0000] {taskinstance.py:1165} INFO - Dependencies all met for <TaskInstance: Can_I_change_name_to_this.task_1 manual__2022-11-29T06:19:39.257639+00:00 [queued]>
[2022-11-29T06:19:42.832+0000] {taskinstance.py:1362} INFO - 
--------------------------------------------------------------------------------
[2022-11-29T06:19:42.833+0000] {taskinstance.py:1363} INFO - Starting attempt 1 of 1
[2022-11-29T06:19:42.834+0000] {taskinstance.py:1364} INFO - 
--------------------------------------------------------------------------------
[2022-11-29T06:19:42.853+0000] {taskinstance.py:1383} INFO - Executing <Task(BashOperator): task_1> on 2022-11-29 06:19:39.257639+00:00
[2022-11-29T06:19:42.867+0000] {standard_task_runner.py:55} INFO - Started process 1412 to run task
[2022-11-29T06:19:42.875+0000] {standard_task_runner.py:82} INFO - Running: ['***', 'tasks', 'run', 'Can_I_change_name_to_this', 'task_1', 'manual__2022-11-29T06:19:39.257639+00:00', '--job-id', '32', '--raw', '--subdir', 'DAGS_FOLDER/dags.py', '--cfg-path', '/tmp/tmpbxce94f2']
[2022-11-29T06:19:42.878+0000] {standard_task_runner.py:83} INFO - Job 32: Subtask task_1
[2022-11-29T06:19:42.960+0000] {task_command.py:376} INFO - Running <TaskInstance: Can_I_change_name_to_this.task_1 manual__2022-11-29T06:19:39.257639+00:00 [running]> on host 68e922a5ec23
[2022-11-29T06:19:43.026+0000] {taskinstance.py:1592} INFO - Exporting the following env vars:
AIRFLOW_CTX_DAG_OWNER=***
AIRFLOW_CTX_DAG_ID=Can_I_change_name_to_this
AIRFLOW_CTX_TASK_ID=task_1
AIRFLOW_CTX_EXECUTION_DATE=2022-11-29T06:19:39.257639+00:00
AIRFLOW_CTX_TRY_NUMBER=1
AIRFLOW_CTX_DAG_RUN_ID=manual__2022-11-29T06:19:39.257639+00:00
[2022-11-29T06:19:43.034+0000] {subprocess.py:63} INFO - Tmp dir root location: 
 /tmp
[2022-11-29T06:19:43.037+0000] {subprocess.py:75} INFO - Running command: ['/bin/bash', '-c', 'python /opt/***/tasks/lol_champ_basic_stat.py ']
[2022-11-29T06:19:43.056+0000] {subprocess.py:86} INFO - Output:
[2022-11-29T06:19:44.725+0000] {subprocess.py:93} INFO - {"message": "now scraping the champ basic stat", "time": "2022-11-29T06:19:44.721420"}
[2022-11-29T06:19:44.745+0000] {subprocess.py:93} INFO - 2022-11-29 06:19:44 [scrapy.utils.log] INFO: Scrapy 2.7.1 started (bot: scrapybot)
[2022-11-29T06:19:44.771+0000] {subprocess.py:93} INFO - 2022-11-29 06:19:44 [scrapy.utils.log] INFO: Versions: lxml 4.9.1.0, libxml2 2.9.14, cssselect 1.2.0, parsel 1.7.0, w3lib 2.1.0, Twisted 22.10.0, Python 3.7.15 (default, Oct 25 2022, 07:08:46) - [GCC 10.2.1 20210110], pyOpenSSL 22.0.0 (OpenSSL 1.1.1n  15 Mar 2022), cryptography 36.0.2, Platform Linux-5.10.124-linuxkit-aarch64-with-debian-11.5
[2022-11-29T06:19:44.778+0000] {subprocess.py:93} INFO - 2022-11-29 06:19:44 [scrapy.crawler] INFO: Overridden settings:
[2022-11-29T06:19:44.781+0000] {subprocess.py:93} INFO - {}
[2022-11-29T06:19:44.788+0000] {subprocess.py:93} INFO - 2022-11-29 06:19:44 [py.warnings] WARNING: /home/***/.local/lib/python3.7/site-packages/scrapy/utils/request.py:231: ScrapyDeprecationWarning: '2.6' is a deprecated value for the 'REQUEST_FINGERPRINTER_IMPLEMENTATION' setting.
[2022-11-29T06:19:44.791+0000] {subprocess.py:93} INFO - 
[2022-11-29T06:19:44.792+0000] {subprocess.py:93} INFO - It is also the default value. In other words, it is normal to get this warning if you have not defined a value for the 'REQUEST_FINGERPRINTER_IMPLEMENTATION' setting. This is so for backward compatibility reasons, but it will change in a future version of Scrapy.
[2022-11-29T06:19:44.796+0000] {subprocess.py:93} INFO - 
[2022-11-29T06:19:44.801+0000] {subprocess.py:93} INFO - See the documentation of the 'REQUEST_FINGERPRINTER_IMPLEMENTATION' setting for information on how to handle this deprecation.
[2022-11-29T06:19:44.805+0000] {subprocess.py:93} INFO -   return cls(crawler)
[2022-11-29T06:19:44.811+0000] {subprocess.py:93} INFO - 
[2022-11-29T06:19:44.814+0000] {subprocess.py:93} INFO - 2022-11-29 06:19:44 [scrapy.utils.log] DEBUG: Using reactor: twisted.internet.epollreactor.EPollReactor
[2022-11-29T06:19:44.826+0000] {subprocess.py:93} INFO - 2022-11-29 06:19:44 [scrapy.extensions.telnet] INFO: Telnet Password: e488517de9859878
[2022-11-29T06:19:44.892+0000] {subprocess.py:93} INFO - 2022-11-29 06:19:44 [scrapy.middleware] INFO: Enabled extensions:
[2022-11-29T06:19:44.894+0000] {subprocess.py:93} INFO - ['scrapy.extensions.corestats.CoreStats',
[2022-11-29T06:19:44.897+0000] {subprocess.py:93} INFO -  'scrapy.extensions.telnet.TelnetConsole',
[2022-11-29T06:19:44.898+0000] {subprocess.py:93} INFO -  'scrapy.extensions.memusage.MemoryUsage',
[2022-11-29T06:19:44.900+0000] {subprocess.py:93} INFO -  'scrapy.extensions.logstats.LogStats']
[2022-11-29T06:19:45.014+0000] {subprocess.py:93} INFO - 2022-11-29 06:19:45 [scrapy.middleware] INFO: Enabled downloader middlewares:
[2022-11-29T06:19:45.016+0000] {subprocess.py:93} INFO - ['scrapy.downloadermiddlewares.httpauth.HttpAuthMiddleware',
[2022-11-29T06:19:45.018+0000] {subprocess.py:93} INFO -  'scrapy.downloadermiddlewares.downloadtimeout.DownloadTimeoutMiddleware',
[2022-11-29T06:19:45.023+0000] {subprocess.py:93} INFO -  'scrapy.downloadermiddlewares.defaultheaders.DefaultHeadersMiddleware',
[2022-11-29T06:19:45.026+0000] {subprocess.py:93} INFO -  'scrapy.downloadermiddlewares.useragent.UserAgentMiddleware',
[2022-11-29T06:19:45.027+0000] {subprocess.py:93} INFO -  'scrapy.downloadermiddlewares.retry.RetryMiddleware',
[2022-11-29T06:19:45.030+0000] {subprocess.py:93} INFO -  'scrapy.downloadermiddlewares.redirect.MetaRefreshMiddleware',
[2022-11-29T06:19:45.031+0000] {subprocess.py:93} INFO -  'scrapy.downloadermiddlewares.httpcompression.HttpCompressionMiddleware',
[2022-11-29T06:19:45.035+0000] {subprocess.py:93} INFO -  'scrapy.downloadermiddlewares.redirect.RedirectMiddleware',
[2022-11-29T06:19:45.039+0000] {subprocess.py:93} INFO -  'scrapy.downloadermiddlewares.cookies.CookiesMiddleware',
[2022-11-29T06:19:45.041+0000] {subprocess.py:93} INFO -  'scrapy.downloadermiddlewares.httpproxy.HttpProxyMiddleware',
[2022-11-29T06:19:45.043+0000] {subprocess.py:93} INFO -  'scrapy.downloadermiddlewares.stats.DownloaderStats']
[2022-11-29T06:19:45.045+0000] {subprocess.py:93} INFO - 2022-11-29 06:19:45 [scrapy.middleware] INFO: Enabled spider middlewares:
[2022-11-29T06:19:45.048+0000] {subprocess.py:93} INFO - ['scrapy.spidermiddlewares.httperror.HttpErrorMiddleware',
[2022-11-29T06:19:45.050+0000] {subprocess.py:93} INFO -  'scrapy.spidermiddlewares.offsite.OffsiteMiddleware',
[2022-11-29T06:19:45.051+0000] {subprocess.py:93} INFO -  'scrapy.spidermiddlewares.referer.RefererMiddleware',
[2022-11-29T06:19:45.052+0000] {subprocess.py:93} INFO -  'scrapy.spidermiddlewares.urllength.UrlLengthMiddleware',
[2022-11-29T06:19:45.054+0000] {subprocess.py:93} INFO -  'scrapy.spidermiddlewares.depth.DepthMiddleware']
[2022-11-29T06:19:45.056+0000] {subprocess.py:93} INFO - 2022-11-29 06:19:45 [scrapy.middleware] INFO: Enabled item pipelines:
[2022-11-29T06:19:45.058+0000] {subprocess.py:93} INFO - []
[2022-11-29T06:19:45.059+0000] {subprocess.py:93} INFO - 2022-11-29 06:19:45 [scrapy.core.engine] INFO: Spider opened
[2022-11-29T06:19:45.096+0000] {subprocess.py:93} INFO - 2022-11-29 06:19:45 [scrapy.extensions.logstats] INFO: Crawled 0 pages (at 0 pages/min), scraped 0 items (at 0 items/min)
[2022-11-29T06:19:45.100+0000] {subprocess.py:93} INFO - 2022-11-29 06:19:45 [scrapy.extensions.telnet] INFO: Telnet console listening on 127.0.0.1:6023
[2022-11-29T06:19:45.241+0000] {subprocess.py:93} INFO - 2022-11-29 06:19:45 [scrapy.core.engine] DEBUG: Crawled (200) <GET https://www.metasrc.com/5v5/stats> (referer: None)
[2022-11-29T06:19:45.439+0000] {subprocess.py:93} INFO - 2022-11-29 06:19:45 [scrapy.core.engine] INFO: Closing spider (finished)
[2022-11-29T06:19:45.441+0000] {subprocess.py:93} INFO - 2022-11-29 06:19:45 [scrapy.statscollectors] INFO: Dumping Scrapy stats:
[2022-11-29T06:19:45.444+0000] {subprocess.py:93} INFO - {'downloader/request_bytes': 310,
[2022-11-29T06:19:45.449+0000] {subprocess.py:93} INFO -  'downloader/request_count': 1,
[2022-11-29T06:19:45.451+0000] {subprocess.py:93} INFO -  'downloader/request_method_count/GET': 1,
[2022-11-29T06:19:45.463+0000] {subprocess.py:93} INFO -  'downloader/response_bytes': 34923,
[2022-11-29T06:19:45.470+0000] {subprocess.py:93} INFO -  'downloader/response_count': 1,
[2022-11-29T06:19:45.472+0000] {subprocess.py:93} INFO -  'downloader/response_status_count/200': 1,
[2022-11-29T06:19:45.474+0000] {subprocess.py:93} INFO -  'elapsed_time_seconds': 0.343009,
[2022-11-29T06:19:45.475+0000] {subprocess.py:93} INFO -  'finish_reason': 'finished',
[2022-11-29T06:19:45.477+0000] {subprocess.py:93} INFO -  'finish_time': datetime.datetime(2022, 11, 29, 6, 19, 45, 439252),
[2022-11-29T06:19:45.481+0000] {subprocess.py:93} INFO -  'httpcompression/response_bytes': 503156,
[2022-11-29T06:19:45.483+0000] {subprocess.py:93} INFO -  'httpcompression/response_count': 1,
[2022-11-29T06:19:45.486+0000] {subprocess.py:93} INFO -  'log_count/DEBUG': 2,
[2022-11-29T06:19:45.489+0000] {subprocess.py:93} INFO -  'log_count/INFO': 10,
[2022-11-29T06:19:45.490+0000] {subprocess.py:93} INFO -  'log_count/WARNING': 1,
[2022-11-29T06:19:45.491+0000] {subprocess.py:93} INFO -  'memusage/max': 235454464,
[2022-11-29T06:19:45.495+0000] {subprocess.py:93} INFO -  'memusage/startup': 235454464,
[2022-11-29T06:19:45.496+0000] {subprocess.py:93} INFO -  'response_received_count': 1,
[2022-11-29T06:19:45.497+0000] {subprocess.py:93} INFO -  'scheduler/dequeued': 1,
[2022-11-29T06:19:45.499+0000] {subprocess.py:93} INFO -  'scheduler/dequeued/memory': 1,
[2022-11-29T06:19:45.500+0000] {subprocess.py:93} INFO -  'scheduler/enqueued': 1,
[2022-11-29T06:19:45.502+0000] {subprocess.py:93} INFO -  'scheduler/enqueued/memory': 1,
[2022-11-29T06:19:45.503+0000] {subprocess.py:93} INFO -  'start_time': datetime.datetime(2022, 11, 29, 6, 19, 45, 96243)}
[2022-11-29T06:19:45.505+0000] {subprocess.py:93} INFO - 2022-11-29 06:19:45 [scrapy.core.engine] INFO: Spider closed (finished)
[2022-11-29T06:19:45.507+0000] {subprocess.py:93} INFO - {"message": "successfully scrape champ basic stat", "time": "2022-11-29T06:19:45.452644"}
[2022-11-29T06:19:45.509+0000] {subprocess.py:93} INFO - 2022-11-29 06:19:45 [__main__] INFO: successfully scrape champ basic stat
[2022-11-29T06:19:45.514+0000] {subprocess.py:93} INFO - {"message": "scrapying champ stat have used 0.7415959999998449", "time": "2022-11-29T06:19:45.472301"}
[2022-11-29T06:19:45.516+0000] {subprocess.py:93} INFO - 2022-11-29 06:19:45 [__main__] INFO: scrapying champ stat have used 0.7415959999998449
[2022-11-29T06:19:45.517+0000] {subprocess.py:93} INFO - {"message": "scrapying champ stat have used cpu scpustats(ctx_switches=17298039, interrupts=12391443, soft_interrupts=5263700, syscalls=0)% and disk sdiskusage(total=245107195904, used=220151398400, free=24955797504, percent=89.8)%", "time": "2022-11-29T06:19:45.476709"}
[2022-11-29T06:19:45.518+0000] {subprocess.py:93} INFO - 2022-11-29 06:19:45 [__main__] INFO: scrapying champ stat have used cpu scpustats(ctx_switches=17298039, interrupts=12391443, soft_interrupts=5263700, syscalls=0)% and disk sdiskusage(total=245107195904, used=220151398400, free=24955797504, percent=89.8)%
[2022-11-29T06:19:45.697+0000] {subprocess.py:97} INFO - Command exited with return code 0
[2022-11-29T06:19:45.843+0000] {taskinstance.py:1406} INFO - Marking task as SUCCESS. dag_id=Can_I_change_name_to_this, task_id=task_1, execution_date=20221129T061939, start_date=20221129T061942, end_date=20221129T061945
[2022-11-29T06:19:45.972+0000] {local_task_job.py:159} INFO - Task exited with return code 0
[2022-11-29T06:19:46.039+0000] {taskinstance.py:2623} INFO - 0 downstream tasks scheduled from follow-on schedule check
