[2022-12-09T18:42:10.805+0000] {processor.py:154} INFO - Started process (PID=46) to work on /home/airflow/.local/lib/python3.7/site-packages/airflow/example_dags/example_time_delta_sensor_async.py
[2022-12-09T18:42:10.809+0000] {processor.py:756} INFO - Processing file /home/airflow/.local/lib/python3.7/site-packages/airflow/example_dags/example_time_delta_sensor_async.py for tasks to queue
[2022-12-09T18:42:10.816+0000] {logging_mixin.py:137} INFO - [2022-12-09T18:42:10.816+0000] {dagbag.py:537} INFO - Filling up the DagBag from /home/airflow/.local/lib/python3.7/site-packages/airflow/example_dags/example_time_delta_sensor_async.py
[2022-12-09T18:42:10.841+0000] {processor.py:766} INFO - DAG(s) dict_keys(['example_time_delta_sensor_async']) retrieved from /home/airflow/.local/lib/python3.7/site-packages/airflow/example_dags/example_time_delta_sensor_async.py
[2022-12-09T18:42:11.064+0000] {logging_mixin.py:137} INFO - [2022-12-09T18:42:11.063+0000] {dag.py:2585} INFO - Sync 1 DAGs
[2022-12-09T18:42:11.101+0000] {logging_mixin.py:137} INFO - [2022-12-09T18:42:11.101+0000] {dag.py:3340} INFO - Setting next_dagrun for example_time_delta_sensor_async to None, run_after=None
[2022-12-09T18:42:11.128+0000] {processor.py:176} INFO - Processing /home/airflow/.local/lib/python3.7/site-packages/airflow/example_dags/example_time_delta_sensor_async.py took 0.326 seconds
[2022-12-09T18:42:41.850+0000] {processor.py:154} INFO - Started process (PID=111) to work on /home/airflow/.local/lib/python3.7/site-packages/airflow/example_dags/example_time_delta_sensor_async.py
[2022-12-09T18:42:41.853+0000] {processor.py:756} INFO - Processing file /home/airflow/.local/lib/python3.7/site-packages/airflow/example_dags/example_time_delta_sensor_async.py for tasks to queue
[2022-12-09T18:42:41.854+0000] {logging_mixin.py:137} INFO - [2022-12-09T18:42:41.854+0000] {dagbag.py:537} INFO - Filling up the DagBag from /home/airflow/.local/lib/python3.7/site-packages/airflow/example_dags/example_time_delta_sensor_async.py
[2022-12-09T18:42:41.866+0000] {processor.py:766} INFO - DAG(s) dict_keys(['example_time_delta_sensor_async']) retrieved from /home/airflow/.local/lib/python3.7/site-packages/airflow/example_dags/example_time_delta_sensor_async.py
[2022-12-09T18:42:42.036+0000] {logging_mixin.py:137} INFO - [2022-12-09T18:42:42.036+0000] {dag.py:2585} INFO - Sync 1 DAGs
[2022-12-09T18:42:42.056+0000] {logging_mixin.py:137} INFO - [2022-12-09T18:42:42.056+0000] {dag.py:3340} INFO - Setting next_dagrun for example_time_delta_sensor_async to None, run_after=None
[2022-12-09T18:42:42.073+0000] {processor.py:176} INFO - Processing /home/airflow/.local/lib/python3.7/site-packages/airflow/example_dags/example_time_delta_sensor_async.py took 0.225 seconds
[2022-12-09T18:43:16.640+0000] {processor.py:154} INFO - Started process (PID=176) to work on /home/airflow/.local/lib/python3.7/site-packages/airflow/example_dags/example_time_delta_sensor_async.py
[2022-12-09T18:43:16.644+0000] {processor.py:756} INFO - Processing file /home/airflow/.local/lib/python3.7/site-packages/airflow/example_dags/example_time_delta_sensor_async.py for tasks to queue
[2022-12-09T18:43:16.646+0000] {logging_mixin.py:137} INFO - [2022-12-09T18:43:16.646+0000] {dagbag.py:537} INFO - Filling up the DagBag from /home/airflow/.local/lib/python3.7/site-packages/airflow/example_dags/example_time_delta_sensor_async.py
[2022-12-09T18:43:16.663+0000] {processor.py:766} INFO - DAG(s) dict_keys(['example_time_delta_sensor_async']) retrieved from /home/airflow/.local/lib/python3.7/site-packages/airflow/example_dags/example_time_delta_sensor_async.py
[2022-12-09T18:43:16.926+0000] {logging_mixin.py:137} INFO - [2022-12-09T18:43:16.925+0000] {dag.py:2585} INFO - Sync 1 DAGs
[2022-12-09T18:43:16.966+0000] {logging_mixin.py:137} INFO - [2022-12-09T18:43:16.965+0000] {dag.py:3340} INFO - Setting next_dagrun for example_time_delta_sensor_async to None, run_after=None
[2022-12-09T18:43:17.011+0000] {processor.py:176} INFO - Processing /home/airflow/.local/lib/python3.7/site-packages/airflow/example_dags/example_time_delta_sensor_async.py took 0.378 seconds
[2022-12-09T18:43:47.291+0000] {processor.py:154} INFO - Started process (PID=231) to work on /home/airflow/.local/lib/python3.7/site-packages/airflow/example_dags/example_time_delta_sensor_async.py
[2022-12-09T18:43:47.292+0000] {processor.py:756} INFO - Processing file /home/airflow/.local/lib/python3.7/site-packages/airflow/example_dags/example_time_delta_sensor_async.py for tasks to queue
[2022-12-09T18:43:47.294+0000] {logging_mixin.py:137} INFO - [2022-12-09T18:43:47.294+0000] {dagbag.py:537} INFO - Filling up the DagBag from /home/airflow/.local/lib/python3.7/site-packages/airflow/example_dags/example_time_delta_sensor_async.py
[2022-12-09T18:43:47.302+0000] {processor.py:766} INFO - DAG(s) dict_keys(['example_time_delta_sensor_async']) retrieved from /home/airflow/.local/lib/python3.7/site-packages/airflow/example_dags/example_time_delta_sensor_async.py
[2022-12-09T18:43:47.462+0000] {logging_mixin.py:137} INFO - [2022-12-09T18:43:47.462+0000] {dag.py:2585} INFO - Sync 1 DAGs
[2022-12-09T18:43:47.489+0000] {logging_mixin.py:137} INFO - [2022-12-09T18:43:47.489+0000] {dag.py:3340} INFO - Setting next_dagrun for example_time_delta_sensor_async to None, run_after=None
[2022-12-09T18:43:47.502+0000] {processor.py:176} INFO - Processing /home/airflow/.local/lib/python3.7/site-packages/airflow/example_dags/example_time_delta_sensor_async.py took 0.213 seconds
[2022-12-09T18:44:18.886+0000] {processor.py:154} INFO - Started process (PID=296) to work on /home/airflow/.local/lib/python3.7/site-packages/airflow/example_dags/example_time_delta_sensor_async.py
[2022-12-09T18:44:18.888+0000] {processor.py:756} INFO - Processing file /home/airflow/.local/lib/python3.7/site-packages/airflow/example_dags/example_time_delta_sensor_async.py for tasks to queue
[2022-12-09T18:44:18.891+0000] {logging_mixin.py:137} INFO - [2022-12-09T18:44:18.890+0000] {dagbag.py:537} INFO - Filling up the DagBag from /home/airflow/.local/lib/python3.7/site-packages/airflow/example_dags/example_time_delta_sensor_async.py
[2022-12-09T18:44:18.905+0000] {processor.py:766} INFO - DAG(s) dict_keys(['example_time_delta_sensor_async']) retrieved from /home/airflow/.local/lib/python3.7/site-packages/airflow/example_dags/example_time_delta_sensor_async.py
[2022-12-09T18:44:19.077+0000] {logging_mixin.py:137} INFO - [2022-12-09T18:44:19.077+0000] {dag.py:2585} INFO - Sync 1 DAGs
[2022-12-09T18:44:19.116+0000] {logging_mixin.py:137} INFO - [2022-12-09T18:44:19.116+0000] {dag.py:3340} INFO - Setting next_dagrun for example_time_delta_sensor_async to None, run_after=None
[2022-12-09T18:44:19.148+0000] {processor.py:176} INFO - Processing /home/airflow/.local/lib/python3.7/site-packages/airflow/example_dags/example_time_delta_sensor_async.py took 0.269 seconds
[2022-12-09T18:44:49.677+0000] {processor.py:154} INFO - Started process (PID=359) to work on /home/airflow/.local/lib/python3.7/site-packages/airflow/example_dags/example_time_delta_sensor_async.py
[2022-12-09T18:44:49.681+0000] {processor.py:756} INFO - Processing file /home/airflow/.local/lib/python3.7/site-packages/airflow/example_dags/example_time_delta_sensor_async.py for tasks to queue
[2022-12-09T18:44:49.683+0000] {logging_mixin.py:137} INFO - [2022-12-09T18:44:49.683+0000] {dagbag.py:537} INFO - Filling up the DagBag from /home/airflow/.local/lib/python3.7/site-packages/airflow/example_dags/example_time_delta_sensor_async.py
[2022-12-09T18:44:49.702+0000] {processor.py:766} INFO - DAG(s) dict_keys(['example_time_delta_sensor_async']) retrieved from /home/airflow/.local/lib/python3.7/site-packages/airflow/example_dags/example_time_delta_sensor_async.py
[2022-12-09T18:44:49.863+0000] {logging_mixin.py:137} INFO - [2022-12-09T18:44:49.863+0000] {dag.py:2585} INFO - Sync 1 DAGs
[2022-12-09T18:44:49.886+0000] {logging_mixin.py:137} INFO - [2022-12-09T18:44:49.886+0000] {dag.py:3340} INFO - Setting next_dagrun for example_time_delta_sensor_async to None, run_after=None
[2022-12-09T18:44:49.905+0000] {processor.py:176} INFO - Processing /home/airflow/.local/lib/python3.7/site-packages/airflow/example_dags/example_time_delta_sensor_async.py took 0.232 seconds
[2022-12-09T18:45:22.719+0000] {processor.py:154} INFO - Started process (PID=424) to work on /home/airflow/.local/lib/python3.7/site-packages/airflow/example_dags/example_time_delta_sensor_async.py
[2022-12-09T18:45:22.722+0000] {processor.py:756} INFO - Processing file /home/airflow/.local/lib/python3.7/site-packages/airflow/example_dags/example_time_delta_sensor_async.py for tasks to queue
[2022-12-09T18:45:22.727+0000] {logging_mixin.py:137} INFO - [2022-12-09T18:45:22.727+0000] {dagbag.py:537} INFO - Filling up the DagBag from /home/airflow/.local/lib/python3.7/site-packages/airflow/example_dags/example_time_delta_sensor_async.py
[2022-12-09T18:45:22.747+0000] {processor.py:766} INFO - DAG(s) dict_keys(['example_time_delta_sensor_async']) retrieved from /home/airflow/.local/lib/python3.7/site-packages/airflow/example_dags/example_time_delta_sensor_async.py
[2022-12-09T18:45:22.951+0000] {logging_mixin.py:137} INFO - [2022-12-09T18:45:22.951+0000] {dag.py:2585} INFO - Sync 1 DAGs
[2022-12-09T18:45:22.980+0000] {logging_mixin.py:137} INFO - [2022-12-09T18:45:22.980+0000] {dag.py:3340} INFO - Setting next_dagrun for example_time_delta_sensor_async to None, run_after=None
[2022-12-09T18:45:23.014+0000] {processor.py:176} INFO - Processing /home/airflow/.local/lib/python3.7/site-packages/airflow/example_dags/example_time_delta_sensor_async.py took 0.298 seconds
[2022-12-09T18:45:53.496+0000] {processor.py:154} INFO - Started process (PID=479) to work on /home/airflow/.local/lib/python3.7/site-packages/airflow/example_dags/example_time_delta_sensor_async.py
[2022-12-09T18:45:53.497+0000] {processor.py:756} INFO - Processing file /home/airflow/.local/lib/python3.7/site-packages/airflow/example_dags/example_time_delta_sensor_async.py for tasks to queue
[2022-12-09T18:45:53.499+0000] {logging_mixin.py:137} INFO - [2022-12-09T18:45:53.499+0000] {dagbag.py:537} INFO - Filling up the DagBag from /home/airflow/.local/lib/python3.7/site-packages/airflow/example_dags/example_time_delta_sensor_async.py
[2022-12-09T18:45:53.514+0000] {processor.py:766} INFO - DAG(s) dict_keys(['example_time_delta_sensor_async']) retrieved from /home/airflow/.local/lib/python3.7/site-packages/airflow/example_dags/example_time_delta_sensor_async.py
[2022-12-09T18:45:53.642+0000] {logging_mixin.py:137} INFO - [2022-12-09T18:45:53.642+0000] {dag.py:2585} INFO - Sync 1 DAGs
[2022-12-09T18:45:53.662+0000] {logging_mixin.py:137} INFO - [2022-12-09T18:45:53.662+0000] {dag.py:3340} INFO - Setting next_dagrun for example_time_delta_sensor_async to None, run_after=None
[2022-12-09T18:45:53.674+0000] {processor.py:176} INFO - Processing /home/airflow/.local/lib/python3.7/site-packages/airflow/example_dags/example_time_delta_sensor_async.py took 0.181 seconds
[2022-12-09T18:46:23.707+0000] {processor.py:154} INFO - Started process (PID=543) to work on /home/airflow/.local/lib/python3.7/site-packages/airflow/example_dags/example_time_delta_sensor_async.py
[2022-12-09T18:46:23.710+0000] {processor.py:756} INFO - Processing file /home/airflow/.local/lib/python3.7/site-packages/airflow/example_dags/example_time_delta_sensor_async.py for tasks to queue
[2022-12-09T18:46:23.714+0000] {logging_mixin.py:137} INFO - [2022-12-09T18:46:23.714+0000] {dagbag.py:537} INFO - Filling up the DagBag from /home/airflow/.local/lib/python3.7/site-packages/airflow/example_dags/example_time_delta_sensor_async.py
[2022-12-09T18:46:23.726+0000] {processor.py:766} INFO - DAG(s) dict_keys(['example_time_delta_sensor_async']) retrieved from /home/airflow/.local/lib/python3.7/site-packages/airflow/example_dags/example_time_delta_sensor_async.py
[2022-12-09T18:46:23.850+0000] {logging_mixin.py:137} INFO - [2022-12-09T18:46:23.850+0000] {dag.py:2585} INFO - Sync 1 DAGs
[2022-12-09T18:46:23.868+0000] {logging_mixin.py:137} INFO - [2022-12-09T18:46:23.868+0000] {dag.py:3340} INFO - Setting next_dagrun for example_time_delta_sensor_async to None, run_after=None
[2022-12-09T18:46:23.881+0000] {processor.py:176} INFO - Processing /home/airflow/.local/lib/python3.7/site-packages/airflow/example_dags/example_time_delta_sensor_async.py took 0.176 seconds
[2022-12-09T18:46:55.137+0000] {processor.py:154} INFO - Started process (PID=606) to work on /home/airflow/.local/lib/python3.7/site-packages/airflow/example_dags/example_time_delta_sensor_async.py
[2022-12-09T18:46:55.142+0000] {processor.py:756} INFO - Processing file /home/airflow/.local/lib/python3.7/site-packages/airflow/example_dags/example_time_delta_sensor_async.py for tasks to queue
[2022-12-09T18:46:55.148+0000] {logging_mixin.py:137} INFO - [2022-12-09T18:46:55.148+0000] {dagbag.py:537} INFO - Filling up the DagBag from /home/airflow/.local/lib/python3.7/site-packages/airflow/example_dags/example_time_delta_sensor_async.py
[2022-12-09T18:46:55.171+0000] {processor.py:766} INFO - DAG(s) dict_keys(['example_time_delta_sensor_async']) retrieved from /home/airflow/.local/lib/python3.7/site-packages/airflow/example_dags/example_time_delta_sensor_async.py
[2022-12-09T18:46:55.331+0000] {logging_mixin.py:137} INFO - [2022-12-09T18:46:55.331+0000] {dag.py:2585} INFO - Sync 1 DAGs
[2022-12-09T18:46:55.355+0000] {logging_mixin.py:137} INFO - [2022-12-09T18:46:55.355+0000] {dag.py:3340} INFO - Setting next_dagrun for example_time_delta_sensor_async to None, run_after=None
[2022-12-09T18:46:55.382+0000] {processor.py:176} INFO - Processing /home/airflow/.local/lib/python3.7/site-packages/airflow/example_dags/example_time_delta_sensor_async.py took 0.251 seconds
[2022-12-09T18:47:25.573+0000] {processor.py:154} INFO - Started process (PID=671) to work on /home/airflow/.local/lib/python3.7/site-packages/airflow/example_dags/example_time_delta_sensor_async.py
[2022-12-09T18:47:25.576+0000] {processor.py:756} INFO - Processing file /home/airflow/.local/lib/python3.7/site-packages/airflow/example_dags/example_time_delta_sensor_async.py for tasks to queue
[2022-12-09T18:47:25.581+0000] {logging_mixin.py:137} INFO - [2022-12-09T18:47:25.581+0000] {dagbag.py:537} INFO - Filling up the DagBag from /home/airflow/.local/lib/python3.7/site-packages/airflow/example_dags/example_time_delta_sensor_async.py
[2022-12-09T18:47:25.605+0000] {processor.py:766} INFO - DAG(s) dict_keys(['example_time_delta_sensor_async']) retrieved from /home/airflow/.local/lib/python3.7/site-packages/airflow/example_dags/example_time_delta_sensor_async.py
[2022-12-09T18:47:25.818+0000] {logging_mixin.py:137} INFO - [2022-12-09T18:47:25.818+0000] {dag.py:2585} INFO - Sync 1 DAGs
[2022-12-09T18:47:25.845+0000] {logging_mixin.py:137} INFO - [2022-12-09T18:47:25.845+0000] {dag.py:3340} INFO - Setting next_dagrun for example_time_delta_sensor_async to None, run_after=None
[2022-12-09T18:47:25.869+0000] {processor.py:176} INFO - Processing /home/airflow/.local/lib/python3.7/site-packages/airflow/example_dags/example_time_delta_sensor_async.py took 0.299 seconds
[2022-12-09T18:47:57.278+0000] {processor.py:154} INFO - Started process (PID=735) to work on /home/airflow/.local/lib/python3.7/site-packages/airflow/example_dags/example_time_delta_sensor_async.py
[2022-12-09T18:47:57.284+0000] {processor.py:756} INFO - Processing file /home/airflow/.local/lib/python3.7/site-packages/airflow/example_dags/example_time_delta_sensor_async.py for tasks to queue
[2022-12-09T18:47:57.292+0000] {logging_mixin.py:137} INFO - [2022-12-09T18:47:57.291+0000] {dagbag.py:537} INFO - Filling up the DagBag from /home/airflow/.local/lib/python3.7/site-packages/airflow/example_dags/example_time_delta_sensor_async.py
[2022-12-09T18:47:57.308+0000] {processor.py:766} INFO - DAG(s) dict_keys(['example_time_delta_sensor_async']) retrieved from /home/airflow/.local/lib/python3.7/site-packages/airflow/example_dags/example_time_delta_sensor_async.py
[2022-12-09T18:47:57.690+0000] {logging_mixin.py:137} INFO - [2022-12-09T18:47:57.689+0000] {dag.py:2585} INFO - Sync 1 DAGs
[2022-12-09T18:47:57.730+0000] {logging_mixin.py:137} INFO - [2022-12-09T18:47:57.730+0000] {dag.py:3340} INFO - Setting next_dagrun for example_time_delta_sensor_async to None, run_after=None
[2022-12-09T18:47:57.788+0000] {processor.py:176} INFO - Processing /home/airflow/.local/lib/python3.7/site-packages/airflow/example_dags/example_time_delta_sensor_async.py took 0.513 seconds
[2022-12-09T18:48:28.131+0000] {processor.py:154} INFO - Started process (PID=791) to work on /home/airflow/.local/lib/python3.7/site-packages/airflow/example_dags/example_time_delta_sensor_async.py
[2022-12-09T18:48:28.133+0000] {processor.py:756} INFO - Processing file /home/airflow/.local/lib/python3.7/site-packages/airflow/example_dags/example_time_delta_sensor_async.py for tasks to queue
[2022-12-09T18:48:28.134+0000] {logging_mixin.py:137} INFO - [2022-12-09T18:48:28.134+0000] {dagbag.py:537} INFO - Filling up the DagBag from /home/airflow/.local/lib/python3.7/site-packages/airflow/example_dags/example_time_delta_sensor_async.py
[2022-12-09T18:48:28.143+0000] {processor.py:766} INFO - DAG(s) dict_keys(['example_time_delta_sensor_async']) retrieved from /home/airflow/.local/lib/python3.7/site-packages/airflow/example_dags/example_time_delta_sensor_async.py
[2022-12-09T18:48:28.268+0000] {logging_mixin.py:137} INFO - [2022-12-09T18:48:28.268+0000] {dag.py:2585} INFO - Sync 1 DAGs
[2022-12-09T18:48:28.284+0000] {logging_mixin.py:137} INFO - [2022-12-09T18:48:28.284+0000] {dag.py:3340} INFO - Setting next_dagrun for example_time_delta_sensor_async to None, run_after=None
[2022-12-09T18:48:28.300+0000] {processor.py:176} INFO - Processing /home/airflow/.local/lib/python3.7/site-packages/airflow/example_dags/example_time_delta_sensor_async.py took 0.171 seconds
[2022-12-09T18:48:59.224+0000] {processor.py:154} INFO - Started process (PID=854) to work on /home/airflow/.local/lib/python3.7/site-packages/airflow/example_dags/example_time_delta_sensor_async.py
[2022-12-09T18:48:59.225+0000] {processor.py:756} INFO - Processing file /home/airflow/.local/lib/python3.7/site-packages/airflow/example_dags/example_time_delta_sensor_async.py for tasks to queue
[2022-12-09T18:48:59.226+0000] {logging_mixin.py:137} INFO - [2022-12-09T18:48:59.226+0000] {dagbag.py:537} INFO - Filling up the DagBag from /home/airflow/.local/lib/python3.7/site-packages/airflow/example_dags/example_time_delta_sensor_async.py
[2022-12-09T18:48:59.235+0000] {processor.py:766} INFO - DAG(s) dict_keys(['example_time_delta_sensor_async']) retrieved from /home/airflow/.local/lib/python3.7/site-packages/airflow/example_dags/example_time_delta_sensor_async.py
[2022-12-09T18:48:59.359+0000] {logging_mixin.py:137} INFO - [2022-12-09T18:48:59.359+0000] {dag.py:2585} INFO - Sync 1 DAGs
[2022-12-09T18:48:59.379+0000] {logging_mixin.py:137} INFO - [2022-12-09T18:48:59.379+0000] {dag.py:3340} INFO - Setting next_dagrun for example_time_delta_sensor_async to None, run_after=None
[2022-12-09T18:48:59.394+0000] {processor.py:176} INFO - Processing /home/airflow/.local/lib/python3.7/site-packages/airflow/example_dags/example_time_delta_sensor_async.py took 0.174 seconds
[2022-12-09T18:49:30.187+0000] {processor.py:154} INFO - Started process (PID=918) to work on /home/airflow/.local/lib/python3.7/site-packages/airflow/example_dags/example_time_delta_sensor_async.py
[2022-12-09T18:49:30.189+0000] {processor.py:756} INFO - Processing file /home/airflow/.local/lib/python3.7/site-packages/airflow/example_dags/example_time_delta_sensor_async.py for tasks to queue
[2022-12-09T18:49:30.190+0000] {logging_mixin.py:137} INFO - [2022-12-09T18:49:30.190+0000] {dagbag.py:537} INFO - Filling up the DagBag from /home/airflow/.local/lib/python3.7/site-packages/airflow/example_dags/example_time_delta_sensor_async.py
[2022-12-09T18:49:30.198+0000] {processor.py:766} INFO - DAG(s) dict_keys(['example_time_delta_sensor_async']) retrieved from /home/airflow/.local/lib/python3.7/site-packages/airflow/example_dags/example_time_delta_sensor_async.py
[2022-12-09T18:49:30.321+0000] {logging_mixin.py:137} INFO - [2022-12-09T18:49:30.321+0000] {dag.py:2585} INFO - Sync 1 DAGs
[2022-12-09T18:49:30.337+0000] {logging_mixin.py:137} INFO - [2022-12-09T18:49:30.337+0000] {dag.py:3340} INFO - Setting next_dagrun for example_time_delta_sensor_async to None, run_after=None
[2022-12-09T18:49:30.350+0000] {processor.py:176} INFO - Processing /home/airflow/.local/lib/python3.7/site-packages/airflow/example_dags/example_time_delta_sensor_async.py took 0.165 seconds
[2022-12-09T18:50:01.196+0000] {processor.py:154} INFO - Started process (PID=981) to work on /home/airflow/.local/lib/python3.7/site-packages/airflow/example_dags/example_time_delta_sensor_async.py
[2022-12-09T18:50:01.197+0000] {processor.py:756} INFO - Processing file /home/airflow/.local/lib/python3.7/site-packages/airflow/example_dags/example_time_delta_sensor_async.py for tasks to queue
[2022-12-09T18:50:01.199+0000] {logging_mixin.py:137} INFO - [2022-12-09T18:50:01.199+0000] {dagbag.py:537} INFO - Filling up the DagBag from /home/airflow/.local/lib/python3.7/site-packages/airflow/example_dags/example_time_delta_sensor_async.py
[2022-12-09T18:50:01.212+0000] {processor.py:766} INFO - DAG(s) dict_keys(['example_time_delta_sensor_async']) retrieved from /home/airflow/.local/lib/python3.7/site-packages/airflow/example_dags/example_time_delta_sensor_async.py
[2022-12-09T18:50:01.385+0000] {logging_mixin.py:137} INFO - [2022-12-09T18:50:01.385+0000] {dag.py:2585} INFO - Sync 1 DAGs
[2022-12-09T18:50:01.403+0000] {logging_mixin.py:137} INFO - [2022-12-09T18:50:01.403+0000] {dag.py:3340} INFO - Setting next_dagrun for example_time_delta_sensor_async to None, run_after=None
[2022-12-09T18:50:01.417+0000] {processor.py:176} INFO - Processing /home/airflow/.local/lib/python3.7/site-packages/airflow/example_dags/example_time_delta_sensor_async.py took 0.223 seconds
[2022-12-09T18:50:32.191+0000] {processor.py:154} INFO - Started process (PID=1036) to work on /home/airflow/.local/lib/python3.7/site-packages/airflow/example_dags/example_time_delta_sensor_async.py
[2022-12-09T18:50:32.197+0000] {processor.py:756} INFO - Processing file /home/airflow/.local/lib/python3.7/site-packages/airflow/example_dags/example_time_delta_sensor_async.py for tasks to queue
[2022-12-09T18:50:32.199+0000] {logging_mixin.py:137} INFO - [2022-12-09T18:50:32.199+0000] {dagbag.py:537} INFO - Filling up the DagBag from /home/airflow/.local/lib/python3.7/site-packages/airflow/example_dags/example_time_delta_sensor_async.py
[2022-12-09T18:50:32.213+0000] {processor.py:766} INFO - DAG(s) dict_keys(['example_time_delta_sensor_async']) retrieved from /home/airflow/.local/lib/python3.7/site-packages/airflow/example_dags/example_time_delta_sensor_async.py
[2022-12-09T18:50:32.357+0000] {logging_mixin.py:137} INFO - [2022-12-09T18:50:32.357+0000] {dag.py:2585} INFO - Sync 1 DAGs
[2022-12-09T18:50:32.373+0000] {logging_mixin.py:137} INFO - [2022-12-09T18:50:32.373+0000] {dag.py:3340} INFO - Setting next_dagrun for example_time_delta_sensor_async to None, run_after=None
[2022-12-09T18:50:32.389+0000] {processor.py:176} INFO - Processing /home/airflow/.local/lib/python3.7/site-packages/airflow/example_dags/example_time_delta_sensor_async.py took 0.201 seconds
[2022-12-09T18:51:02.859+0000] {processor.py:154} INFO - Started process (PID=1100) to work on /home/airflow/.local/lib/python3.7/site-packages/airflow/example_dags/example_time_delta_sensor_async.py
[2022-12-09T18:51:02.864+0000] {processor.py:756} INFO - Processing file /home/airflow/.local/lib/python3.7/site-packages/airflow/example_dags/example_time_delta_sensor_async.py for tasks to queue
[2022-12-09T18:51:02.866+0000] {logging_mixin.py:137} INFO - [2022-12-09T18:51:02.866+0000] {dagbag.py:537} INFO - Filling up the DagBag from /home/airflow/.local/lib/python3.7/site-packages/airflow/example_dags/example_time_delta_sensor_async.py
[2022-12-09T18:51:02.879+0000] {processor.py:766} INFO - DAG(s) dict_keys(['example_time_delta_sensor_async']) retrieved from /home/airflow/.local/lib/python3.7/site-packages/airflow/example_dags/example_time_delta_sensor_async.py
[2022-12-09T18:51:03.010+0000] {logging_mixin.py:137} INFO - [2022-12-09T18:51:03.010+0000] {dag.py:2585} INFO - Sync 1 DAGs
[2022-12-09T18:51:03.027+0000] {logging_mixin.py:137} INFO - [2022-12-09T18:51:03.027+0000] {dag.py:3340} INFO - Setting next_dagrun for example_time_delta_sensor_async to None, run_after=None
[2022-12-09T18:51:03.041+0000] {processor.py:176} INFO - Processing /home/airflow/.local/lib/python3.7/site-packages/airflow/example_dags/example_time_delta_sensor_async.py took 0.185 seconds
[2022-12-09T18:51:33.758+0000] {processor.py:154} INFO - Started process (PID=1164) to work on /home/airflow/.local/lib/python3.7/site-packages/airflow/example_dags/example_time_delta_sensor_async.py
[2022-12-09T18:51:33.760+0000] {processor.py:756} INFO - Processing file /home/airflow/.local/lib/python3.7/site-packages/airflow/example_dags/example_time_delta_sensor_async.py for tasks to queue
[2022-12-09T18:51:33.761+0000] {logging_mixin.py:137} INFO - [2022-12-09T18:51:33.761+0000] {dagbag.py:537} INFO - Filling up the DagBag from /home/airflow/.local/lib/python3.7/site-packages/airflow/example_dags/example_time_delta_sensor_async.py
[2022-12-09T18:51:33.769+0000] {processor.py:766} INFO - DAG(s) dict_keys(['example_time_delta_sensor_async']) retrieved from /home/airflow/.local/lib/python3.7/site-packages/airflow/example_dags/example_time_delta_sensor_async.py
[2022-12-09T18:51:33.890+0000] {logging_mixin.py:137} INFO - [2022-12-09T18:51:33.890+0000] {dag.py:2585} INFO - Sync 1 DAGs
[2022-12-09T18:51:33.905+0000] {logging_mixin.py:137} INFO - [2022-12-09T18:51:33.905+0000] {dag.py:3340} INFO - Setting next_dagrun for example_time_delta_sensor_async to None, run_after=None
[2022-12-09T18:51:33.918+0000] {processor.py:176} INFO - Processing /home/airflow/.local/lib/python3.7/site-packages/airflow/example_dags/example_time_delta_sensor_async.py took 0.162 seconds
[2022-12-09T18:52:03.989+0000] {processor.py:154} INFO - Started process (PID=1228) to work on /home/airflow/.local/lib/python3.7/site-packages/airflow/example_dags/example_time_delta_sensor_async.py
[2022-12-09T18:52:03.994+0000] {processor.py:756} INFO - Processing file /home/airflow/.local/lib/python3.7/site-packages/airflow/example_dags/example_time_delta_sensor_async.py for tasks to queue
[2022-12-09T18:52:03.999+0000] {logging_mixin.py:137} INFO - [2022-12-09T18:52:03.998+0000] {dagbag.py:537} INFO - Filling up the DagBag from /home/airflow/.local/lib/python3.7/site-packages/airflow/example_dags/example_time_delta_sensor_async.py
[2022-12-09T18:52:04.010+0000] {processor.py:766} INFO - DAG(s) dict_keys(['example_time_delta_sensor_async']) retrieved from /home/airflow/.local/lib/python3.7/site-packages/airflow/example_dags/example_time_delta_sensor_async.py
[2022-12-09T18:52:04.150+0000] {logging_mixin.py:137} INFO - [2022-12-09T18:52:04.150+0000] {dag.py:2585} INFO - Sync 1 DAGs
[2022-12-09T18:52:04.167+0000] {logging_mixin.py:137} INFO - [2022-12-09T18:52:04.167+0000] {dag.py:3340} INFO - Setting next_dagrun for example_time_delta_sensor_async to None, run_after=None
[2022-12-09T18:52:04.179+0000] {processor.py:176} INFO - Processing /home/airflow/.local/lib/python3.7/site-packages/airflow/example_dags/example_time_delta_sensor_async.py took 0.194 seconds
[2022-12-09T18:52:34.370+0000] {processor.py:154} INFO - Started process (PID=1293) to work on /home/airflow/.local/lib/python3.7/site-packages/airflow/example_dags/example_time_delta_sensor_async.py
[2022-12-09T18:52:34.372+0000] {processor.py:756} INFO - Processing file /home/airflow/.local/lib/python3.7/site-packages/airflow/example_dags/example_time_delta_sensor_async.py for tasks to queue
[2022-12-09T18:52:34.373+0000] {logging_mixin.py:137} INFO - [2022-12-09T18:52:34.373+0000] {dagbag.py:537} INFO - Filling up the DagBag from /home/airflow/.local/lib/python3.7/site-packages/airflow/example_dags/example_time_delta_sensor_async.py
[2022-12-09T18:52:34.381+0000] {processor.py:766} INFO - DAG(s) dict_keys(['example_time_delta_sensor_async']) retrieved from /home/airflow/.local/lib/python3.7/site-packages/airflow/example_dags/example_time_delta_sensor_async.py
[2022-12-09T18:52:34.491+0000] {logging_mixin.py:137} INFO - [2022-12-09T18:52:34.491+0000] {dag.py:2585} INFO - Sync 1 DAGs
[2022-12-09T18:52:34.513+0000] {logging_mixin.py:137} INFO - [2022-12-09T18:52:34.513+0000] {dag.py:3340} INFO - Setting next_dagrun for example_time_delta_sensor_async to None, run_after=None
[2022-12-09T18:52:34.525+0000] {processor.py:176} INFO - Processing /home/airflow/.local/lib/python3.7/site-packages/airflow/example_dags/example_time_delta_sensor_async.py took 0.158 seconds
[2022-12-09T18:53:05.114+0000] {processor.py:154} INFO - Started process (PID=1348) to work on /home/airflow/.local/lib/python3.7/site-packages/airflow/example_dags/example_time_delta_sensor_async.py
[2022-12-09T18:53:05.117+0000] {processor.py:756} INFO - Processing file /home/airflow/.local/lib/python3.7/site-packages/airflow/example_dags/example_time_delta_sensor_async.py for tasks to queue
[2022-12-09T18:53:05.119+0000] {logging_mixin.py:137} INFO - [2022-12-09T18:53:05.118+0000] {dagbag.py:537} INFO - Filling up the DagBag from /home/airflow/.local/lib/python3.7/site-packages/airflow/example_dags/example_time_delta_sensor_async.py
[2022-12-09T18:53:05.130+0000] {processor.py:766} INFO - DAG(s) dict_keys(['example_time_delta_sensor_async']) retrieved from /home/airflow/.local/lib/python3.7/site-packages/airflow/example_dags/example_time_delta_sensor_async.py
[2022-12-09T18:53:05.302+0000] {logging_mixin.py:137} INFO - [2022-12-09T18:53:05.302+0000] {dag.py:2585} INFO - Sync 1 DAGs
[2022-12-09T18:53:05.321+0000] {logging_mixin.py:137} INFO - [2022-12-09T18:53:05.321+0000] {dag.py:3340} INFO - Setting next_dagrun for example_time_delta_sensor_async to None, run_after=None
[2022-12-09T18:53:05.337+0000] {processor.py:176} INFO - Processing /home/airflow/.local/lib/python3.7/site-packages/airflow/example_dags/example_time_delta_sensor_async.py took 0.226 seconds
[2022-12-09T18:53:35.564+0000] {processor.py:154} INFO - Started process (PID=1413) to work on /home/airflow/.local/lib/python3.7/site-packages/airflow/example_dags/example_time_delta_sensor_async.py
[2022-12-09T18:53:35.567+0000] {processor.py:756} INFO - Processing file /home/airflow/.local/lib/python3.7/site-packages/airflow/example_dags/example_time_delta_sensor_async.py for tasks to queue
[2022-12-09T18:53:35.570+0000] {logging_mixin.py:137} INFO - [2022-12-09T18:53:35.569+0000] {dagbag.py:537} INFO - Filling up the DagBag from /home/airflow/.local/lib/python3.7/site-packages/airflow/example_dags/example_time_delta_sensor_async.py
[2022-12-09T18:53:35.579+0000] {processor.py:766} INFO - DAG(s) dict_keys(['example_time_delta_sensor_async']) retrieved from /home/airflow/.local/lib/python3.7/site-packages/airflow/example_dags/example_time_delta_sensor_async.py
[2022-12-09T18:53:35.743+0000] {logging_mixin.py:137} INFO - [2022-12-09T18:53:35.743+0000] {dag.py:2585} INFO - Sync 1 DAGs
[2022-12-09T18:53:35.762+0000] {logging_mixin.py:137} INFO - [2022-12-09T18:53:35.762+0000] {dag.py:3340} INFO - Setting next_dagrun for example_time_delta_sensor_async to None, run_after=None
[2022-12-09T18:53:35.797+0000] {processor.py:176} INFO - Processing /home/airflow/.local/lib/python3.7/site-packages/airflow/example_dags/example_time_delta_sensor_async.py took 0.236 seconds
[2022-12-09T18:54:06.556+0000] {processor.py:154} INFO - Started process (PID=1479) to work on /home/airflow/.local/lib/python3.7/site-packages/airflow/example_dags/example_time_delta_sensor_async.py
[2022-12-09T18:54:06.558+0000] {processor.py:756} INFO - Processing file /home/airflow/.local/lib/python3.7/site-packages/airflow/example_dags/example_time_delta_sensor_async.py for tasks to queue
[2022-12-09T18:54:06.560+0000] {logging_mixin.py:137} INFO - [2022-12-09T18:54:06.559+0000] {dagbag.py:537} INFO - Filling up the DagBag from /home/airflow/.local/lib/python3.7/site-packages/airflow/example_dags/example_time_delta_sensor_async.py
[2022-12-09T18:54:06.569+0000] {processor.py:766} INFO - DAG(s) dict_keys(['example_time_delta_sensor_async']) retrieved from /home/airflow/.local/lib/python3.7/site-packages/airflow/example_dags/example_time_delta_sensor_async.py
[2022-12-09T18:54:06.702+0000] {logging_mixin.py:137} INFO - [2022-12-09T18:54:06.702+0000] {dag.py:2585} INFO - Sync 1 DAGs
[2022-12-09T18:54:06.726+0000] {logging_mixin.py:137} INFO - [2022-12-09T18:54:06.726+0000] {dag.py:3340} INFO - Setting next_dagrun for example_time_delta_sensor_async to None, run_after=None
[2022-12-09T18:54:06.739+0000] {processor.py:176} INFO - Processing /home/airflow/.local/lib/python3.7/site-packages/airflow/example_dags/example_time_delta_sensor_async.py took 0.186 seconds
[2022-12-09T18:54:37.492+0000] {processor.py:154} INFO - Started process (PID=1544) to work on /home/airflow/.local/lib/python3.7/site-packages/airflow/example_dags/example_time_delta_sensor_async.py
[2022-12-09T18:54:37.493+0000] {processor.py:756} INFO - Processing file /home/airflow/.local/lib/python3.7/site-packages/airflow/example_dags/example_time_delta_sensor_async.py for tasks to queue
[2022-12-09T18:54:37.495+0000] {logging_mixin.py:137} INFO - [2022-12-09T18:54:37.495+0000] {dagbag.py:537} INFO - Filling up the DagBag from /home/airflow/.local/lib/python3.7/site-packages/airflow/example_dags/example_time_delta_sensor_async.py
[2022-12-09T18:54:37.504+0000] {processor.py:766} INFO - DAG(s) dict_keys(['example_time_delta_sensor_async']) retrieved from /home/airflow/.local/lib/python3.7/site-packages/airflow/example_dags/example_time_delta_sensor_async.py
[2022-12-09T18:54:37.651+0000] {logging_mixin.py:137} INFO - [2022-12-09T18:54:37.651+0000] {dag.py:2585} INFO - Sync 1 DAGs
[2022-12-09T18:54:37.677+0000] {logging_mixin.py:137} INFO - [2022-12-09T18:54:37.677+0000] {dag.py:3340} INFO - Setting next_dagrun for example_time_delta_sensor_async to None, run_after=None
[2022-12-09T18:54:37.716+0000] {processor.py:176} INFO - Processing /home/airflow/.local/lib/python3.7/site-packages/airflow/example_dags/example_time_delta_sensor_async.py took 0.227 seconds
[2022-12-09T18:55:08.228+0000] {processor.py:154} INFO - Started process (PID=1607) to work on /home/airflow/.local/lib/python3.7/site-packages/airflow/example_dags/example_time_delta_sensor_async.py
[2022-12-09T18:55:08.234+0000] {processor.py:756} INFO - Processing file /home/airflow/.local/lib/python3.7/site-packages/airflow/example_dags/example_time_delta_sensor_async.py for tasks to queue
[2022-12-09T18:55:08.235+0000] {logging_mixin.py:137} INFO - [2022-12-09T18:55:08.235+0000] {dagbag.py:537} INFO - Filling up the DagBag from /home/airflow/.local/lib/python3.7/site-packages/airflow/example_dags/example_time_delta_sensor_async.py
[2022-12-09T18:55:08.250+0000] {processor.py:766} INFO - DAG(s) dict_keys(['example_time_delta_sensor_async']) retrieved from /home/airflow/.local/lib/python3.7/site-packages/airflow/example_dags/example_time_delta_sensor_async.py
[2022-12-09T18:55:08.397+0000] {logging_mixin.py:137} INFO - [2022-12-09T18:55:08.396+0000] {dag.py:2585} INFO - Sync 1 DAGs
[2022-12-09T18:55:08.412+0000] {logging_mixin.py:137} INFO - [2022-12-09T18:55:08.412+0000] {dag.py:3340} INFO - Setting next_dagrun for example_time_delta_sensor_async to None, run_after=None
[2022-12-09T18:55:08.428+0000] {processor.py:176} INFO - Processing /home/airflow/.local/lib/python3.7/site-packages/airflow/example_dags/example_time_delta_sensor_async.py took 0.202 seconds
[2022-12-09T18:55:38.873+0000] {processor.py:154} INFO - Started process (PID=1662) to work on /home/airflow/.local/lib/python3.7/site-packages/airflow/example_dags/example_time_delta_sensor_async.py
[2022-12-09T18:55:38.875+0000] {processor.py:756} INFO - Processing file /home/airflow/.local/lib/python3.7/site-packages/airflow/example_dags/example_time_delta_sensor_async.py for tasks to queue
[2022-12-09T18:55:38.876+0000] {logging_mixin.py:137} INFO - [2022-12-09T18:55:38.876+0000] {dagbag.py:537} INFO - Filling up the DagBag from /home/airflow/.local/lib/python3.7/site-packages/airflow/example_dags/example_time_delta_sensor_async.py
[2022-12-09T18:55:38.887+0000] {processor.py:766} INFO - DAG(s) dict_keys(['example_time_delta_sensor_async']) retrieved from /home/airflow/.local/lib/python3.7/site-packages/airflow/example_dags/example_time_delta_sensor_async.py
[2022-12-09T18:55:39.009+0000] {logging_mixin.py:137} INFO - [2022-12-09T18:55:39.009+0000] {dag.py:2585} INFO - Sync 1 DAGs
[2022-12-09T18:55:39.027+0000] {logging_mixin.py:137} INFO - [2022-12-09T18:55:39.027+0000] {dag.py:3340} INFO - Setting next_dagrun for example_time_delta_sensor_async to None, run_after=None
[2022-12-09T18:55:39.041+0000] {processor.py:176} INFO - Processing /home/airflow/.local/lib/python3.7/site-packages/airflow/example_dags/example_time_delta_sensor_async.py took 0.171 seconds
[2022-12-09T18:56:09.753+0000] {processor.py:154} INFO - Started process (PID=1726) to work on /home/airflow/.local/lib/python3.7/site-packages/airflow/example_dags/example_time_delta_sensor_async.py
[2022-12-09T18:56:09.759+0000] {processor.py:756} INFO - Processing file /home/airflow/.local/lib/python3.7/site-packages/airflow/example_dags/example_time_delta_sensor_async.py for tasks to queue
[2022-12-09T18:56:09.762+0000] {logging_mixin.py:137} INFO - [2022-12-09T18:56:09.762+0000] {dagbag.py:537} INFO - Filling up the DagBag from /home/airflow/.local/lib/python3.7/site-packages/airflow/example_dags/example_time_delta_sensor_async.py
[2022-12-09T18:56:09.788+0000] {processor.py:766} INFO - DAG(s) dict_keys(['example_time_delta_sensor_async']) retrieved from /home/airflow/.local/lib/python3.7/site-packages/airflow/example_dags/example_time_delta_sensor_async.py
[2022-12-09T18:56:10.034+0000] {logging_mixin.py:137} INFO - [2022-12-09T18:56:10.034+0000] {dag.py:2585} INFO - Sync 1 DAGs
[2022-12-09T18:56:10.091+0000] {logging_mixin.py:137} INFO - [2022-12-09T18:56:10.091+0000] {dag.py:3340} INFO - Setting next_dagrun for example_time_delta_sensor_async to None, run_after=None
[2022-12-09T18:56:10.222+0000] {processor.py:176} INFO - Processing /home/airflow/.local/lib/python3.7/site-packages/airflow/example_dags/example_time_delta_sensor_async.py took 0.472 seconds
[2022-12-09T18:56:41.097+0000] {processor.py:154} INFO - Started process (PID=1790) to work on /home/airflow/.local/lib/python3.7/site-packages/airflow/example_dags/example_time_delta_sensor_async.py
[2022-12-09T18:56:41.102+0000] {processor.py:756} INFO - Processing file /home/airflow/.local/lib/python3.7/site-packages/airflow/example_dags/example_time_delta_sensor_async.py for tasks to queue
[2022-12-09T18:56:41.105+0000] {logging_mixin.py:137} INFO - [2022-12-09T18:56:41.105+0000] {dagbag.py:537} INFO - Filling up the DagBag from /home/airflow/.local/lib/python3.7/site-packages/airflow/example_dags/example_time_delta_sensor_async.py
[2022-12-09T18:56:41.147+0000] {processor.py:766} INFO - DAG(s) dict_keys(['example_time_delta_sensor_async']) retrieved from /home/airflow/.local/lib/python3.7/site-packages/airflow/example_dags/example_time_delta_sensor_async.py
[2022-12-09T18:56:41.386+0000] {logging_mixin.py:137} INFO - [2022-12-09T18:56:41.386+0000] {dag.py:2585} INFO - Sync 1 DAGs
[2022-12-09T18:56:41.408+0000] {logging_mixin.py:137} INFO - [2022-12-09T18:56:41.408+0000] {dag.py:3340} INFO - Setting next_dagrun for example_time_delta_sensor_async to None, run_after=None
[2022-12-09T18:56:41.426+0000] {processor.py:176} INFO - Processing /home/airflow/.local/lib/python3.7/site-packages/airflow/example_dags/example_time_delta_sensor_async.py took 0.334 seconds
[2022-12-09T18:57:12.165+0000] {processor.py:154} INFO - Started process (PID=1845) to work on /home/airflow/.local/lib/python3.7/site-packages/airflow/example_dags/example_time_delta_sensor_async.py
[2022-12-09T18:57:12.168+0000] {processor.py:756} INFO - Processing file /home/airflow/.local/lib/python3.7/site-packages/airflow/example_dags/example_time_delta_sensor_async.py for tasks to queue
[2022-12-09T18:57:12.170+0000] {logging_mixin.py:137} INFO - [2022-12-09T18:57:12.170+0000] {dagbag.py:537} INFO - Filling up the DagBag from /home/airflow/.local/lib/python3.7/site-packages/airflow/example_dags/example_time_delta_sensor_async.py
[2022-12-09T18:57:12.187+0000] {processor.py:766} INFO - DAG(s) dict_keys(['example_time_delta_sensor_async']) retrieved from /home/airflow/.local/lib/python3.7/site-packages/airflow/example_dags/example_time_delta_sensor_async.py
[2022-12-09T18:57:12.326+0000] {logging_mixin.py:137} INFO - [2022-12-09T18:57:12.325+0000] {dag.py:2585} INFO - Sync 1 DAGs
[2022-12-09T18:57:12.345+0000] {logging_mixin.py:137} INFO - [2022-12-09T18:57:12.345+0000] {dag.py:3340} INFO - Setting next_dagrun for example_time_delta_sensor_async to None, run_after=None
[2022-12-09T18:57:12.360+0000] {processor.py:176} INFO - Processing /home/airflow/.local/lib/python3.7/site-packages/airflow/example_dags/example_time_delta_sensor_async.py took 0.201 seconds
[2022-12-09T18:57:43.143+0000] {processor.py:154} INFO - Started process (PID=1909) to work on /home/airflow/.local/lib/python3.7/site-packages/airflow/example_dags/example_time_delta_sensor_async.py
[2022-12-09T18:57:43.146+0000] {processor.py:756} INFO - Processing file /home/airflow/.local/lib/python3.7/site-packages/airflow/example_dags/example_time_delta_sensor_async.py for tasks to queue
[2022-12-09T18:57:43.147+0000] {logging_mixin.py:137} INFO - [2022-12-09T18:57:43.147+0000] {dagbag.py:537} INFO - Filling up the DagBag from /home/airflow/.local/lib/python3.7/site-packages/airflow/example_dags/example_time_delta_sensor_async.py
[2022-12-09T18:57:43.158+0000] {processor.py:766} INFO - DAG(s) dict_keys(['example_time_delta_sensor_async']) retrieved from /home/airflow/.local/lib/python3.7/site-packages/airflow/example_dags/example_time_delta_sensor_async.py
[2022-12-09T18:57:43.282+0000] {logging_mixin.py:137} INFO - [2022-12-09T18:57:43.281+0000] {dag.py:2585} INFO - Sync 1 DAGs
[2022-12-09T18:57:43.296+0000] {logging_mixin.py:137} INFO - [2022-12-09T18:57:43.296+0000] {dag.py:3340} INFO - Setting next_dagrun for example_time_delta_sensor_async to None, run_after=None
[2022-12-09T18:57:43.307+0000] {processor.py:176} INFO - Processing /home/airflow/.local/lib/python3.7/site-packages/airflow/example_dags/example_time_delta_sensor_async.py took 0.167 seconds
[2022-12-09T18:58:13.704+0000] {processor.py:154} INFO - Started process (PID=1972) to work on /home/airflow/.local/lib/python3.7/site-packages/airflow/example_dags/example_time_delta_sensor_async.py
[2022-12-09T18:58:13.707+0000] {processor.py:756} INFO - Processing file /home/airflow/.local/lib/python3.7/site-packages/airflow/example_dags/example_time_delta_sensor_async.py for tasks to queue
[2022-12-09T18:58:13.710+0000] {logging_mixin.py:137} INFO - [2022-12-09T18:58:13.709+0000] {dagbag.py:537} INFO - Filling up the DagBag from /home/airflow/.local/lib/python3.7/site-packages/airflow/example_dags/example_time_delta_sensor_async.py
[2022-12-09T18:58:13.736+0000] {processor.py:766} INFO - DAG(s) dict_keys(['example_time_delta_sensor_async']) retrieved from /home/airflow/.local/lib/python3.7/site-packages/airflow/example_dags/example_time_delta_sensor_async.py
[2022-12-09T18:58:13.894+0000] {logging_mixin.py:137} INFO - [2022-12-09T18:58:13.894+0000] {dag.py:2585} INFO - Sync 1 DAGs
[2022-12-09T18:58:13.913+0000] {logging_mixin.py:137} INFO - [2022-12-09T18:58:13.913+0000] {dag.py:3340} INFO - Setting next_dagrun for example_time_delta_sensor_async to None, run_after=None
[2022-12-09T18:58:13.929+0000] {processor.py:176} INFO - Processing /home/airflow/.local/lib/python3.7/site-packages/airflow/example_dags/example_time_delta_sensor_async.py took 0.229 seconds
[2022-12-09T18:58:44.628+0000] {processor.py:154} INFO - Started process (PID=2038) to work on /home/airflow/.local/lib/python3.7/site-packages/airflow/example_dags/example_time_delta_sensor_async.py
[2022-12-09T18:58:44.630+0000] {processor.py:756} INFO - Processing file /home/airflow/.local/lib/python3.7/site-packages/airflow/example_dags/example_time_delta_sensor_async.py for tasks to queue
[2022-12-09T18:58:44.631+0000] {logging_mixin.py:137} INFO - [2022-12-09T18:58:44.630+0000] {dagbag.py:537} INFO - Filling up the DagBag from /home/airflow/.local/lib/python3.7/site-packages/airflow/example_dags/example_time_delta_sensor_async.py
[2022-12-09T18:58:44.640+0000] {processor.py:766} INFO - DAG(s) dict_keys(['example_time_delta_sensor_async']) retrieved from /home/airflow/.local/lib/python3.7/site-packages/airflow/example_dags/example_time_delta_sensor_async.py
[2022-12-09T18:58:44.812+0000] {logging_mixin.py:137} INFO - [2022-12-09T18:58:44.812+0000] {dag.py:2585} INFO - Sync 1 DAGs
[2022-12-09T18:58:44.837+0000] {logging_mixin.py:137} INFO - [2022-12-09T18:58:44.837+0000] {dag.py:3340} INFO - Setting next_dagrun for example_time_delta_sensor_async to None, run_after=None
[2022-12-09T18:58:44.856+0000] {processor.py:176} INFO - Processing /home/airflow/.local/lib/python3.7/site-packages/airflow/example_dags/example_time_delta_sensor_async.py took 0.231 seconds
[2022-12-09T18:59:14.971+0000] {processor.py:154} INFO - Started process (PID=2094) to work on /home/airflow/.local/lib/python3.7/site-packages/airflow/example_dags/example_time_delta_sensor_async.py
[2022-12-09T18:59:14.973+0000] {processor.py:756} INFO - Processing file /home/airflow/.local/lib/python3.7/site-packages/airflow/example_dags/example_time_delta_sensor_async.py for tasks to queue
[2022-12-09T18:59:14.975+0000] {logging_mixin.py:137} INFO - [2022-12-09T18:59:14.975+0000] {dagbag.py:537} INFO - Filling up the DagBag from /home/airflow/.local/lib/python3.7/site-packages/airflow/example_dags/example_time_delta_sensor_async.py
[2022-12-09T18:59:14.987+0000] {processor.py:766} INFO - DAG(s) dict_keys(['example_time_delta_sensor_async']) retrieved from /home/airflow/.local/lib/python3.7/site-packages/airflow/example_dags/example_time_delta_sensor_async.py
[2022-12-09T18:59:15.116+0000] {logging_mixin.py:137} INFO - [2022-12-09T18:59:15.116+0000] {dag.py:2585} INFO - Sync 1 DAGs
[2022-12-09T18:59:15.131+0000] {logging_mixin.py:137} INFO - [2022-12-09T18:59:15.131+0000] {dag.py:3340} INFO - Setting next_dagrun for example_time_delta_sensor_async to None, run_after=None
[2022-12-09T18:59:15.144+0000] {processor.py:176} INFO - Processing /home/airflow/.local/lib/python3.7/site-packages/airflow/example_dags/example_time_delta_sensor_async.py took 0.175 seconds
[2022-12-09T18:59:45.769+0000] {processor.py:154} INFO - Started process (PID=2157) to work on /home/airflow/.local/lib/python3.7/site-packages/airflow/example_dags/example_time_delta_sensor_async.py
[2022-12-09T18:59:45.772+0000] {processor.py:756} INFO - Processing file /home/airflow/.local/lib/python3.7/site-packages/airflow/example_dags/example_time_delta_sensor_async.py for tasks to queue
[2022-12-09T18:59:45.775+0000] {logging_mixin.py:137} INFO - [2022-12-09T18:59:45.775+0000] {dagbag.py:537} INFO - Filling up the DagBag from /home/airflow/.local/lib/python3.7/site-packages/airflow/example_dags/example_time_delta_sensor_async.py
[2022-12-09T18:59:45.797+0000] {processor.py:766} INFO - DAG(s) dict_keys(['example_time_delta_sensor_async']) retrieved from /home/airflow/.local/lib/python3.7/site-packages/airflow/example_dags/example_time_delta_sensor_async.py
[2022-12-09T18:59:45.960+0000] {logging_mixin.py:137} INFO - [2022-12-09T18:59:45.960+0000] {dag.py:2585} INFO - Sync 1 DAGs
[2022-12-09T18:59:45.978+0000] {logging_mixin.py:137} INFO - [2022-12-09T18:59:45.978+0000] {dag.py:3340} INFO - Setting next_dagrun for example_time_delta_sensor_async to None, run_after=None
[2022-12-09T18:59:45.990+0000] {processor.py:176} INFO - Processing /home/airflow/.local/lib/python3.7/site-packages/airflow/example_dags/example_time_delta_sensor_async.py took 0.226 seconds
[2022-12-09T19:00:16.667+0000] {processor.py:154} INFO - Started process (PID=2221) to work on /home/airflow/.local/lib/python3.7/site-packages/airflow/example_dags/example_time_delta_sensor_async.py
[2022-12-09T19:00:16.669+0000] {processor.py:756} INFO - Processing file /home/airflow/.local/lib/python3.7/site-packages/airflow/example_dags/example_time_delta_sensor_async.py for tasks to queue
[2022-12-09T19:00:16.670+0000] {logging_mixin.py:137} INFO - [2022-12-09T19:00:16.670+0000] {dagbag.py:537} INFO - Filling up the DagBag from /home/airflow/.local/lib/python3.7/site-packages/airflow/example_dags/example_time_delta_sensor_async.py
[2022-12-09T19:00:16.681+0000] {processor.py:766} INFO - DAG(s) dict_keys(['example_time_delta_sensor_async']) retrieved from /home/airflow/.local/lib/python3.7/site-packages/airflow/example_dags/example_time_delta_sensor_async.py
[2022-12-09T19:00:16.808+0000] {logging_mixin.py:137} INFO - [2022-12-09T19:00:16.807+0000] {dag.py:2585} INFO - Sync 1 DAGs
[2022-12-09T19:00:16.823+0000] {logging_mixin.py:137} INFO - [2022-12-09T19:00:16.822+0000] {dag.py:3340} INFO - Setting next_dagrun for example_time_delta_sensor_async to None, run_after=None
[2022-12-09T19:00:16.833+0000] {processor.py:176} INFO - Processing /home/airflow/.local/lib/python3.7/site-packages/airflow/example_dags/example_time_delta_sensor_async.py took 0.169 seconds
[2022-12-09T19:00:47.479+0000] {processor.py:154} INFO - Started process (PID=2284) to work on /home/airflow/.local/lib/python3.7/site-packages/airflow/example_dags/example_time_delta_sensor_async.py
[2022-12-09T19:00:47.480+0000] {processor.py:756} INFO - Processing file /home/airflow/.local/lib/python3.7/site-packages/airflow/example_dags/example_time_delta_sensor_async.py for tasks to queue
[2022-12-09T19:00:47.482+0000] {logging_mixin.py:137} INFO - [2022-12-09T19:00:47.482+0000] {dagbag.py:537} INFO - Filling up the DagBag from /home/airflow/.local/lib/python3.7/site-packages/airflow/example_dags/example_time_delta_sensor_async.py
[2022-12-09T19:00:47.492+0000] {processor.py:766} INFO - DAG(s) dict_keys(['example_time_delta_sensor_async']) retrieved from /home/airflow/.local/lib/python3.7/site-packages/airflow/example_dags/example_time_delta_sensor_async.py
[2022-12-09T19:00:47.619+0000] {logging_mixin.py:137} INFO - [2022-12-09T19:00:47.619+0000] {dag.py:2585} INFO - Sync 1 DAGs
[2022-12-09T19:00:47.634+0000] {logging_mixin.py:137} INFO - [2022-12-09T19:00:47.634+0000] {dag.py:3340} INFO - Setting next_dagrun for example_time_delta_sensor_async to None, run_after=None
[2022-12-09T19:00:47.646+0000] {processor.py:176} INFO - Processing /home/airflow/.local/lib/python3.7/site-packages/airflow/example_dags/example_time_delta_sensor_async.py took 0.170 seconds
[2022-12-09T19:01:17.792+0000] {processor.py:154} INFO - Started process (PID=2347) to work on /home/airflow/.local/lib/python3.7/site-packages/airflow/example_dags/example_time_delta_sensor_async.py
[2022-12-09T19:01:17.794+0000] {processor.py:756} INFO - Processing file /home/airflow/.local/lib/python3.7/site-packages/airflow/example_dags/example_time_delta_sensor_async.py for tasks to queue
[2022-12-09T19:01:17.795+0000] {logging_mixin.py:137} INFO - [2022-12-09T19:01:17.795+0000] {dagbag.py:537} INFO - Filling up the DagBag from /home/airflow/.local/lib/python3.7/site-packages/airflow/example_dags/example_time_delta_sensor_async.py
[2022-12-09T19:01:17.805+0000] {processor.py:766} INFO - DAG(s) dict_keys(['example_time_delta_sensor_async']) retrieved from /home/airflow/.local/lib/python3.7/site-packages/airflow/example_dags/example_time_delta_sensor_async.py
[2022-12-09T19:01:17.928+0000] {logging_mixin.py:137} INFO - [2022-12-09T19:01:17.928+0000] {dag.py:2585} INFO - Sync 1 DAGs
[2022-12-09T19:01:17.947+0000] {logging_mixin.py:137} INFO - [2022-12-09T19:01:17.947+0000] {dag.py:3340} INFO - Setting next_dagrun for example_time_delta_sensor_async to None, run_after=None
[2022-12-09T19:01:17.962+0000] {processor.py:176} INFO - Processing /home/airflow/.local/lib/python3.7/site-packages/airflow/example_dags/example_time_delta_sensor_async.py took 0.172 seconds
[2022-12-09T19:01:48.035+0000] {processor.py:154} INFO - Started process (PID=2404) to work on /home/airflow/.local/lib/python3.7/site-packages/airflow/example_dags/example_time_delta_sensor_async.py
[2022-12-09T19:01:48.037+0000] {processor.py:756} INFO - Processing file /home/airflow/.local/lib/python3.7/site-packages/airflow/example_dags/example_time_delta_sensor_async.py for tasks to queue
[2022-12-09T19:01:48.039+0000] {logging_mixin.py:137} INFO - [2022-12-09T19:01:48.039+0000] {dagbag.py:537} INFO - Filling up the DagBag from /home/airflow/.local/lib/python3.7/site-packages/airflow/example_dags/example_time_delta_sensor_async.py
[2022-12-09T19:01:48.060+0000] {processor.py:766} INFO - DAG(s) dict_keys(['example_time_delta_sensor_async']) retrieved from /home/airflow/.local/lib/python3.7/site-packages/airflow/example_dags/example_time_delta_sensor_async.py
[2022-12-09T19:01:48.240+0000] {logging_mixin.py:137} INFO - [2022-12-09T19:01:48.240+0000] {dag.py:2585} INFO - Sync 1 DAGs
[2022-12-09T19:01:48.256+0000] {logging_mixin.py:137} INFO - [2022-12-09T19:01:48.256+0000] {dag.py:3340} INFO - Setting next_dagrun for example_time_delta_sensor_async to None, run_after=None
[2022-12-09T19:01:48.270+0000] {processor.py:176} INFO - Processing /home/airflow/.local/lib/python3.7/site-packages/airflow/example_dags/example_time_delta_sensor_async.py took 0.239 seconds
[2022-12-09T19:02:18.977+0000] {processor.py:154} INFO - Started process (PID=2468) to work on /home/airflow/.local/lib/python3.7/site-packages/airflow/example_dags/example_time_delta_sensor_async.py
[2022-12-09T19:02:18.983+0000] {processor.py:756} INFO - Processing file /home/airflow/.local/lib/python3.7/site-packages/airflow/example_dags/example_time_delta_sensor_async.py for tasks to queue
[2022-12-09T19:02:18.985+0000] {logging_mixin.py:137} INFO - [2022-12-09T19:02:18.985+0000] {dagbag.py:537} INFO - Filling up the DagBag from /home/airflow/.local/lib/python3.7/site-packages/airflow/example_dags/example_time_delta_sensor_async.py
[2022-12-09T19:02:18.999+0000] {processor.py:766} INFO - DAG(s) dict_keys(['example_time_delta_sensor_async']) retrieved from /home/airflow/.local/lib/python3.7/site-packages/airflow/example_dags/example_time_delta_sensor_async.py
[2022-12-09T19:02:19.143+0000] {logging_mixin.py:137} INFO - [2022-12-09T19:02:19.142+0000] {dag.py:2585} INFO - Sync 1 DAGs
[2022-12-09T19:02:19.173+0000] {logging_mixin.py:137} INFO - [2022-12-09T19:02:19.172+0000] {dag.py:3340} INFO - Setting next_dagrun for example_time_delta_sensor_async to None, run_after=None
[2022-12-09T19:02:19.188+0000] {processor.py:176} INFO - Processing /home/airflow/.local/lib/python3.7/site-packages/airflow/example_dags/example_time_delta_sensor_async.py took 0.215 seconds
[2022-12-09T19:02:49.739+0000] {processor.py:154} INFO - Started process (PID=2532) to work on /home/airflow/.local/lib/python3.7/site-packages/airflow/example_dags/example_time_delta_sensor_async.py
[2022-12-09T19:02:49.743+0000] {processor.py:756} INFO - Processing file /home/airflow/.local/lib/python3.7/site-packages/airflow/example_dags/example_time_delta_sensor_async.py for tasks to queue
[2022-12-09T19:02:49.745+0000] {logging_mixin.py:137} INFO - [2022-12-09T19:02:49.745+0000] {dagbag.py:537} INFO - Filling up the DagBag from /home/airflow/.local/lib/python3.7/site-packages/airflow/example_dags/example_time_delta_sensor_async.py
[2022-12-09T19:02:49.775+0000] {processor.py:766} INFO - DAG(s) dict_keys(['example_time_delta_sensor_async']) retrieved from /home/airflow/.local/lib/python3.7/site-packages/airflow/example_dags/example_time_delta_sensor_async.py
[2022-12-09T19:02:49.934+0000] {logging_mixin.py:137} INFO - [2022-12-09T19:02:49.934+0000] {dag.py:2585} INFO - Sync 1 DAGs
[2022-12-09T19:02:49.954+0000] {logging_mixin.py:137} INFO - [2022-12-09T19:02:49.954+0000] {dag.py:3340} INFO - Setting next_dagrun for example_time_delta_sensor_async to None, run_after=None
[2022-12-09T19:02:49.973+0000] {processor.py:176} INFO - Processing /home/airflow/.local/lib/python3.7/site-packages/airflow/example_dags/example_time_delta_sensor_async.py took 0.241 seconds
[2022-12-09T19:03:22.794+0000] {processor.py:154} INFO - Started process (PID=2587) to work on /home/airflow/.local/lib/python3.7/site-packages/airflow/example_dags/example_time_delta_sensor_async.py
[2022-12-09T19:03:22.802+0000] {processor.py:756} INFO - Processing file /home/airflow/.local/lib/python3.7/site-packages/airflow/example_dags/example_time_delta_sensor_async.py for tasks to queue
[2022-12-09T19:03:22.826+0000] {logging_mixin.py:137} INFO - [2022-12-09T19:03:22.825+0000] {dagbag.py:537} INFO - Filling up the DagBag from /home/airflow/.local/lib/python3.7/site-packages/airflow/example_dags/example_time_delta_sensor_async.py
[2022-12-09T19:03:22.914+0000] {processor.py:766} INFO - DAG(s) dict_keys(['example_time_delta_sensor_async']) retrieved from /home/airflow/.local/lib/python3.7/site-packages/airflow/example_dags/example_time_delta_sensor_async.py
[2022-12-09T19:03:23.137+0000] {logging_mixin.py:137} INFO - [2022-12-09T19:03:23.137+0000] {dag.py:2585} INFO - Sync 1 DAGs
[2022-12-09T19:03:23.160+0000] {logging_mixin.py:137} INFO - [2022-12-09T19:03:23.160+0000] {dag.py:3340} INFO - Setting next_dagrun for example_time_delta_sensor_async to None, run_after=None
[2022-12-09T19:03:23.178+0000] {processor.py:176} INFO - Processing /home/airflow/.local/lib/python3.7/site-packages/airflow/example_dags/example_time_delta_sensor_async.py took 0.388 seconds
[2022-12-09T19:03:53.296+0000] {processor.py:154} INFO - Started process (PID=2642) to work on /home/airflow/.local/lib/python3.7/site-packages/airflow/example_dags/example_time_delta_sensor_async.py
[2022-12-09T19:03:53.297+0000] {processor.py:756} INFO - Processing file /home/airflow/.local/lib/python3.7/site-packages/airflow/example_dags/example_time_delta_sensor_async.py for tasks to queue
[2022-12-09T19:03:53.298+0000] {logging_mixin.py:137} INFO - [2022-12-09T19:03:53.298+0000] {dagbag.py:537} INFO - Filling up the DagBag from /home/airflow/.local/lib/python3.7/site-packages/airflow/example_dags/example_time_delta_sensor_async.py
[2022-12-09T19:03:53.308+0000] {processor.py:766} INFO - DAG(s) dict_keys(['example_time_delta_sensor_async']) retrieved from /home/airflow/.local/lib/python3.7/site-packages/airflow/example_dags/example_time_delta_sensor_async.py
[2022-12-09T19:03:53.437+0000] {logging_mixin.py:137} INFO - [2022-12-09T19:03:53.436+0000] {dag.py:2585} INFO - Sync 1 DAGs
[2022-12-09T19:03:53.453+0000] {logging_mixin.py:137} INFO - [2022-12-09T19:03:53.453+0000] {dag.py:3340} INFO - Setting next_dagrun for example_time_delta_sensor_async to None, run_after=None
[2022-12-09T19:03:53.466+0000] {processor.py:176} INFO - Processing /home/airflow/.local/lib/python3.7/site-packages/airflow/example_dags/example_time_delta_sensor_async.py took 0.173 seconds
[2022-12-09T19:04:24.395+0000] {processor.py:154} INFO - Started process (PID=2706) to work on /home/airflow/.local/lib/python3.7/site-packages/airflow/example_dags/example_time_delta_sensor_async.py
[2022-12-09T19:04:24.397+0000] {processor.py:756} INFO - Processing file /home/airflow/.local/lib/python3.7/site-packages/airflow/example_dags/example_time_delta_sensor_async.py for tasks to queue
[2022-12-09T19:04:24.399+0000] {logging_mixin.py:137} INFO - [2022-12-09T19:04:24.399+0000] {dagbag.py:537} INFO - Filling up the DagBag from /home/airflow/.local/lib/python3.7/site-packages/airflow/example_dags/example_time_delta_sensor_async.py
[2022-12-09T19:04:24.417+0000] {processor.py:766} INFO - DAG(s) dict_keys(['example_time_delta_sensor_async']) retrieved from /home/airflow/.local/lib/python3.7/site-packages/airflow/example_dags/example_time_delta_sensor_async.py
[2022-12-09T19:04:24.573+0000] {logging_mixin.py:137} INFO - [2022-12-09T19:04:24.573+0000] {dag.py:2585} INFO - Sync 1 DAGs
[2022-12-09T19:04:24.595+0000] {logging_mixin.py:137} INFO - [2022-12-09T19:04:24.594+0000] {dag.py:3340} INFO - Setting next_dagrun for example_time_delta_sensor_async to None, run_after=None
[2022-12-09T19:04:24.611+0000] {processor.py:176} INFO - Processing /home/airflow/.local/lib/python3.7/site-packages/airflow/example_dags/example_time_delta_sensor_async.py took 0.220 seconds
[2022-12-09T19:04:54.688+0000] {processor.py:154} INFO - Started process (PID=2772) to work on /home/airflow/.local/lib/python3.7/site-packages/airflow/example_dags/example_time_delta_sensor_async.py
[2022-12-09T19:04:54.690+0000] {processor.py:756} INFO - Processing file /home/airflow/.local/lib/python3.7/site-packages/airflow/example_dags/example_time_delta_sensor_async.py for tasks to queue
[2022-12-09T19:04:54.694+0000] {logging_mixin.py:137} INFO - [2022-12-09T19:04:54.694+0000] {dagbag.py:537} INFO - Filling up the DagBag from /home/airflow/.local/lib/python3.7/site-packages/airflow/example_dags/example_time_delta_sensor_async.py
[2022-12-09T19:04:54.706+0000] {processor.py:766} INFO - DAG(s) dict_keys(['example_time_delta_sensor_async']) retrieved from /home/airflow/.local/lib/python3.7/site-packages/airflow/example_dags/example_time_delta_sensor_async.py
[2022-12-09T19:04:54.827+0000] {logging_mixin.py:137} INFO - [2022-12-09T19:04:54.827+0000] {dag.py:2585} INFO - Sync 1 DAGs
[2022-12-09T19:04:54.843+0000] {logging_mixin.py:137} INFO - [2022-12-09T19:04:54.843+0000] {dag.py:3340} INFO - Setting next_dagrun for example_time_delta_sensor_async to None, run_after=None
[2022-12-09T19:04:54.855+0000] {processor.py:176} INFO - Processing /home/airflow/.local/lib/python3.7/site-packages/airflow/example_dags/example_time_delta_sensor_async.py took 0.169 seconds
[2022-12-09T19:05:24.878+0000] {processor.py:154} INFO - Started process (PID=2835) to work on /home/airflow/.local/lib/python3.7/site-packages/airflow/example_dags/example_time_delta_sensor_async.py
[2022-12-09T19:05:24.879+0000] {processor.py:756} INFO - Processing file /home/airflow/.local/lib/python3.7/site-packages/airflow/example_dags/example_time_delta_sensor_async.py for tasks to queue
[2022-12-09T19:05:24.881+0000] {logging_mixin.py:137} INFO - [2022-12-09T19:05:24.880+0000] {dagbag.py:537} INFO - Filling up the DagBag from /home/airflow/.local/lib/python3.7/site-packages/airflow/example_dags/example_time_delta_sensor_async.py
[2022-12-09T19:05:24.891+0000] {processor.py:766} INFO - DAG(s) dict_keys(['example_time_delta_sensor_async']) retrieved from /home/airflow/.local/lib/python3.7/site-packages/airflow/example_dags/example_time_delta_sensor_async.py
[2022-12-09T19:05:25.032+0000] {logging_mixin.py:137} INFO - [2022-12-09T19:05:25.031+0000] {dag.py:2585} INFO - Sync 1 DAGs
[2022-12-09T19:05:25.048+0000] {logging_mixin.py:137} INFO - [2022-12-09T19:05:25.048+0000] {dag.py:3340} INFO - Setting next_dagrun for example_time_delta_sensor_async to None, run_after=None
[2022-12-09T19:05:25.060+0000] {processor.py:176} INFO - Processing /home/airflow/.local/lib/python3.7/site-packages/airflow/example_dags/example_time_delta_sensor_async.py took 0.184 seconds
[2022-12-09T19:05:55.487+0000] {processor.py:154} INFO - Started process (PID=2891) to work on /home/airflow/.local/lib/python3.7/site-packages/airflow/example_dags/example_time_delta_sensor_async.py
[2022-12-09T19:05:55.488+0000] {processor.py:756} INFO - Processing file /home/airflow/.local/lib/python3.7/site-packages/airflow/example_dags/example_time_delta_sensor_async.py for tasks to queue
[2022-12-09T19:05:55.489+0000] {logging_mixin.py:137} INFO - [2022-12-09T19:05:55.489+0000] {dagbag.py:537} INFO - Filling up the DagBag from /home/airflow/.local/lib/python3.7/site-packages/airflow/example_dags/example_time_delta_sensor_async.py
[2022-12-09T19:05:55.500+0000] {processor.py:766} INFO - DAG(s) dict_keys(['example_time_delta_sensor_async']) retrieved from /home/airflow/.local/lib/python3.7/site-packages/airflow/example_dags/example_time_delta_sensor_async.py
[2022-12-09T19:05:55.651+0000] {logging_mixin.py:137} INFO - [2022-12-09T19:05:55.651+0000] {dag.py:2585} INFO - Sync 1 DAGs
[2022-12-09T19:05:55.667+0000] {logging_mixin.py:137} INFO - [2022-12-09T19:05:55.667+0000] {dag.py:3340} INFO - Setting next_dagrun for example_time_delta_sensor_async to None, run_after=None
[2022-12-09T19:05:55.686+0000] {processor.py:176} INFO - Processing /home/airflow/.local/lib/python3.7/site-packages/airflow/example_dags/example_time_delta_sensor_async.py took 0.201 seconds
[2022-12-09T19:06:26.452+0000] {processor.py:154} INFO - Started process (PID=2955) to work on /home/airflow/.local/lib/python3.7/site-packages/airflow/example_dags/example_time_delta_sensor_async.py
[2022-12-09T19:06:26.463+0000] {processor.py:756} INFO - Processing file /home/airflow/.local/lib/python3.7/site-packages/airflow/example_dags/example_time_delta_sensor_async.py for tasks to queue
[2022-12-09T19:06:26.473+0000] {logging_mixin.py:137} INFO - [2022-12-09T19:06:26.473+0000] {dagbag.py:537} INFO - Filling up the DagBag from /home/airflow/.local/lib/python3.7/site-packages/airflow/example_dags/example_time_delta_sensor_async.py
[2022-12-09T19:06:26.505+0000] {processor.py:766} INFO - DAG(s) dict_keys(['example_time_delta_sensor_async']) retrieved from /home/airflow/.local/lib/python3.7/site-packages/airflow/example_dags/example_time_delta_sensor_async.py
[2022-12-09T19:06:26.704+0000] {logging_mixin.py:137} INFO - [2022-12-09T19:06:26.703+0000] {dag.py:2585} INFO - Sync 1 DAGs
[2022-12-09T19:06:26.729+0000] {logging_mixin.py:137} INFO - [2022-12-09T19:06:26.729+0000] {dag.py:3340} INFO - Setting next_dagrun for example_time_delta_sensor_async to None, run_after=None
[2022-12-09T19:06:26.746+0000] {processor.py:176} INFO - Processing /home/airflow/.local/lib/python3.7/site-packages/airflow/example_dags/example_time_delta_sensor_async.py took 0.303 seconds
[2022-12-09T19:06:57.285+0000] {processor.py:154} INFO - Started process (PID=3019) to work on /home/airflow/.local/lib/python3.7/site-packages/airflow/example_dags/example_time_delta_sensor_async.py
[2022-12-09T19:06:57.286+0000] {processor.py:756} INFO - Processing file /home/airflow/.local/lib/python3.7/site-packages/airflow/example_dags/example_time_delta_sensor_async.py for tasks to queue
[2022-12-09T19:06:57.287+0000] {logging_mixin.py:137} INFO - [2022-12-09T19:06:57.287+0000] {dagbag.py:537} INFO - Filling up the DagBag from /home/airflow/.local/lib/python3.7/site-packages/airflow/example_dags/example_time_delta_sensor_async.py
[2022-12-09T19:06:57.298+0000] {processor.py:766} INFO - DAG(s) dict_keys(['example_time_delta_sensor_async']) retrieved from /home/airflow/.local/lib/python3.7/site-packages/airflow/example_dags/example_time_delta_sensor_async.py
[2022-12-09T19:06:57.419+0000] {logging_mixin.py:137} INFO - [2022-12-09T19:06:57.419+0000] {dag.py:2585} INFO - Sync 1 DAGs
[2022-12-09T19:06:57.433+0000] {logging_mixin.py:137} INFO - [2022-12-09T19:06:57.433+0000] {dag.py:3340} INFO - Setting next_dagrun for example_time_delta_sensor_async to None, run_after=None
[2022-12-09T19:06:57.447+0000] {processor.py:176} INFO - Processing /home/airflow/.local/lib/python3.7/site-packages/airflow/example_dags/example_time_delta_sensor_async.py took 0.165 seconds
[2022-12-09T19:07:28.387+0000] {processor.py:154} INFO - Started process (PID=3083) to work on /home/airflow/.local/lib/python3.7/site-packages/airflow/example_dags/example_time_delta_sensor_async.py
[2022-12-09T19:07:28.393+0000] {processor.py:756} INFO - Processing file /home/airflow/.local/lib/python3.7/site-packages/airflow/example_dags/example_time_delta_sensor_async.py for tasks to queue
[2022-12-09T19:07:28.394+0000] {logging_mixin.py:137} INFO - [2022-12-09T19:07:28.394+0000] {dagbag.py:537} INFO - Filling up the DagBag from /home/airflow/.local/lib/python3.7/site-packages/airflow/example_dags/example_time_delta_sensor_async.py
[2022-12-09T19:07:28.431+0000] {processor.py:766} INFO - DAG(s) dict_keys(['example_time_delta_sensor_async']) retrieved from /home/airflow/.local/lib/python3.7/site-packages/airflow/example_dags/example_time_delta_sensor_async.py
[2022-12-09T19:07:28.614+0000] {logging_mixin.py:137} INFO - [2022-12-09T19:07:28.614+0000] {dag.py:2585} INFO - Sync 1 DAGs
[2022-12-09T19:07:28.633+0000] {logging_mixin.py:137} INFO - [2022-12-09T19:07:28.632+0000] {dag.py:3340} INFO - Setting next_dagrun for example_time_delta_sensor_async to None, run_after=None
[2022-12-09T19:07:28.656+0000] {processor.py:176} INFO - Processing /home/airflow/.local/lib/python3.7/site-packages/airflow/example_dags/example_time_delta_sensor_async.py took 0.276 seconds
[2022-12-09T19:07:59.120+0000] {processor.py:154} INFO - Started process (PID=3148) to work on /home/airflow/.local/lib/python3.7/site-packages/airflow/example_dags/example_time_delta_sensor_async.py
[2022-12-09T19:07:59.124+0000] {processor.py:756} INFO - Processing file /home/airflow/.local/lib/python3.7/site-packages/airflow/example_dags/example_time_delta_sensor_async.py for tasks to queue
[2022-12-09T19:07:59.126+0000] {logging_mixin.py:137} INFO - [2022-12-09T19:07:59.126+0000] {dagbag.py:537} INFO - Filling up the DagBag from /home/airflow/.local/lib/python3.7/site-packages/airflow/example_dags/example_time_delta_sensor_async.py
[2022-12-09T19:07:59.160+0000] {processor.py:766} INFO - DAG(s) dict_keys(['example_time_delta_sensor_async']) retrieved from /home/airflow/.local/lib/python3.7/site-packages/airflow/example_dags/example_time_delta_sensor_async.py
[2022-12-09T19:07:59.516+0000] {logging_mixin.py:137} INFO - [2022-12-09T19:07:59.516+0000] {dag.py:2585} INFO - Sync 1 DAGs
[2022-12-09T19:07:59.563+0000] {logging_mixin.py:137} INFO - [2022-12-09T19:07:59.563+0000] {dag.py:3340} INFO - Setting next_dagrun for example_time_delta_sensor_async to None, run_after=None
[2022-12-09T19:07:59.622+0000] {processor.py:176} INFO - Processing /home/airflow/.local/lib/python3.7/site-packages/airflow/example_dags/example_time_delta_sensor_async.py took 0.509 seconds
[2022-12-09T19:08:29.715+0000] {processor.py:154} INFO - Started process (PID=3202) to work on /home/airflow/.local/lib/python3.7/site-packages/airflow/example_dags/example_time_delta_sensor_async.py
[2022-12-09T19:08:29.716+0000] {processor.py:756} INFO - Processing file /home/airflow/.local/lib/python3.7/site-packages/airflow/example_dags/example_time_delta_sensor_async.py for tasks to queue
[2022-12-09T19:08:29.717+0000] {logging_mixin.py:137} INFO - [2022-12-09T19:08:29.717+0000] {dagbag.py:537} INFO - Filling up the DagBag from /home/airflow/.local/lib/python3.7/site-packages/airflow/example_dags/example_time_delta_sensor_async.py
[2022-12-09T19:08:29.724+0000] {processor.py:766} INFO - DAG(s) dict_keys(['example_time_delta_sensor_async']) retrieved from /home/airflow/.local/lib/python3.7/site-packages/airflow/example_dags/example_time_delta_sensor_async.py
[2022-12-09T19:08:29.832+0000] {logging_mixin.py:137} INFO - [2022-12-09T19:08:29.832+0000] {dag.py:2585} INFO - Sync 1 DAGs
[2022-12-09T19:08:29.845+0000] {logging_mixin.py:137} INFO - [2022-12-09T19:08:29.845+0000] {dag.py:3340} INFO - Setting next_dagrun for example_time_delta_sensor_async to None, run_after=None
[2022-12-09T19:08:29.856+0000] {processor.py:176} INFO - Processing /home/airflow/.local/lib/python3.7/site-packages/airflow/example_dags/example_time_delta_sensor_async.py took 0.143 seconds
[2022-12-09T19:09:00.673+0000] {processor.py:154} INFO - Started process (PID=3266) to work on /home/airflow/.local/lib/python3.7/site-packages/airflow/example_dags/example_time_delta_sensor_async.py
[2022-12-09T19:09:00.676+0000] {processor.py:756} INFO - Processing file /home/airflow/.local/lib/python3.7/site-packages/airflow/example_dags/example_time_delta_sensor_async.py for tasks to queue
[2022-12-09T19:09:00.678+0000] {logging_mixin.py:137} INFO - [2022-12-09T19:09:00.678+0000] {dagbag.py:537} INFO - Filling up the DagBag from /home/airflow/.local/lib/python3.7/site-packages/airflow/example_dags/example_time_delta_sensor_async.py
[2022-12-09T19:09:00.687+0000] {processor.py:766} INFO - DAG(s) dict_keys(['example_time_delta_sensor_async']) retrieved from /home/airflow/.local/lib/python3.7/site-packages/airflow/example_dags/example_time_delta_sensor_async.py
[2022-12-09T19:09:00.818+0000] {logging_mixin.py:137} INFO - [2022-12-09T19:09:00.818+0000] {dag.py:2585} INFO - Sync 1 DAGs
[2022-12-09T19:09:00.833+0000] {logging_mixin.py:137} INFO - [2022-12-09T19:09:00.833+0000] {dag.py:3340} INFO - Setting next_dagrun for example_time_delta_sensor_async to None, run_after=None
[2022-12-09T19:09:00.846+0000] {processor.py:176} INFO - Processing /home/airflow/.local/lib/python3.7/site-packages/airflow/example_dags/example_time_delta_sensor_async.py took 0.175 seconds
[2022-12-09T19:09:31.341+0000] {processor.py:154} INFO - Started process (PID=3330) to work on /home/airflow/.local/lib/python3.7/site-packages/airflow/example_dags/example_time_delta_sensor_async.py
[2022-12-09T19:09:31.343+0000] {processor.py:756} INFO - Processing file /home/airflow/.local/lib/python3.7/site-packages/airflow/example_dags/example_time_delta_sensor_async.py for tasks to queue
[2022-12-09T19:09:31.345+0000] {logging_mixin.py:137} INFO - [2022-12-09T19:09:31.345+0000] {dagbag.py:537} INFO - Filling up the DagBag from /home/airflow/.local/lib/python3.7/site-packages/airflow/example_dags/example_time_delta_sensor_async.py
[2022-12-09T19:09:31.354+0000] {processor.py:766} INFO - DAG(s) dict_keys(['example_time_delta_sensor_async']) retrieved from /home/airflow/.local/lib/python3.7/site-packages/airflow/example_dags/example_time_delta_sensor_async.py
[2022-12-09T19:09:31.477+0000] {logging_mixin.py:137} INFO - [2022-12-09T19:09:31.477+0000] {dag.py:2585} INFO - Sync 1 DAGs
[2022-12-09T19:09:31.492+0000] {logging_mixin.py:137} INFO - [2022-12-09T19:09:31.492+0000] {dag.py:3340} INFO - Setting next_dagrun for example_time_delta_sensor_async to None, run_after=None
[2022-12-09T19:09:31.504+0000] {processor.py:176} INFO - Processing /home/airflow/.local/lib/python3.7/site-packages/airflow/example_dags/example_time_delta_sensor_async.py took 0.165 seconds
[2022-12-09T19:10:01.947+0000] {processor.py:154} INFO - Started process (PID=3395) to work on /home/airflow/.local/lib/python3.7/site-packages/airflow/example_dags/example_time_delta_sensor_async.py
[2022-12-09T19:10:01.949+0000] {processor.py:756} INFO - Processing file /home/airflow/.local/lib/python3.7/site-packages/airflow/example_dags/example_time_delta_sensor_async.py for tasks to queue
[2022-12-09T19:10:01.951+0000] {logging_mixin.py:137} INFO - [2022-12-09T19:10:01.950+0000] {dagbag.py:537} INFO - Filling up the DagBag from /home/airflow/.local/lib/python3.7/site-packages/airflow/example_dags/example_time_delta_sensor_async.py
[2022-12-09T19:10:01.960+0000] {processor.py:766} INFO - DAG(s) dict_keys(['example_time_delta_sensor_async']) retrieved from /home/airflow/.local/lib/python3.7/site-packages/airflow/example_dags/example_time_delta_sensor_async.py
[2022-12-09T19:10:02.080+0000] {logging_mixin.py:137} INFO - [2022-12-09T19:10:02.080+0000] {dag.py:2585} INFO - Sync 1 DAGs
[2022-12-09T19:10:02.095+0000] {logging_mixin.py:137} INFO - [2022-12-09T19:10:02.094+0000] {dag.py:3340} INFO - Setting next_dagrun for example_time_delta_sensor_async to None, run_after=None
[2022-12-09T19:10:02.107+0000] {processor.py:176} INFO - Processing /home/airflow/.local/lib/python3.7/site-packages/airflow/example_dags/example_time_delta_sensor_async.py took 0.161 seconds
[2022-12-09T19:10:32.589+0000] {processor.py:154} INFO - Started process (PID=3458) to work on /home/airflow/.local/lib/python3.7/site-packages/airflow/example_dags/example_time_delta_sensor_async.py
[2022-12-09T19:10:32.595+0000] {processor.py:756} INFO - Processing file /home/airflow/.local/lib/python3.7/site-packages/airflow/example_dags/example_time_delta_sensor_async.py for tasks to queue
[2022-12-09T19:10:32.596+0000] {logging_mixin.py:137} INFO - [2022-12-09T19:10:32.595+0000] {dagbag.py:537} INFO - Filling up the DagBag from /home/airflow/.local/lib/python3.7/site-packages/airflow/example_dags/example_time_delta_sensor_async.py
[2022-12-09T19:10:32.604+0000] {processor.py:766} INFO - DAG(s) dict_keys(['example_time_delta_sensor_async']) retrieved from /home/airflow/.local/lib/python3.7/site-packages/airflow/example_dags/example_time_delta_sensor_async.py
[2022-12-09T19:10:32.726+0000] {logging_mixin.py:137} INFO - [2022-12-09T19:10:32.726+0000] {dag.py:2585} INFO - Sync 1 DAGs
[2022-12-09T19:10:32.752+0000] {logging_mixin.py:137} INFO - [2022-12-09T19:10:32.752+0000] {dag.py:3340} INFO - Setting next_dagrun for example_time_delta_sensor_async to None, run_after=None
[2022-12-09T19:10:32.763+0000] {processor.py:176} INFO - Processing /home/airflow/.local/lib/python3.7/site-packages/airflow/example_dags/example_time_delta_sensor_async.py took 0.176 seconds
[2022-12-09T19:11:03.048+0000] {processor.py:154} INFO - Started process (PID=3513) to work on /home/airflow/.local/lib/python3.7/site-packages/airflow/example_dags/example_time_delta_sensor_async.py
[2022-12-09T19:11:03.050+0000] {processor.py:756} INFO - Processing file /home/airflow/.local/lib/python3.7/site-packages/airflow/example_dags/example_time_delta_sensor_async.py for tasks to queue
[2022-12-09T19:11:03.052+0000] {logging_mixin.py:137} INFO - [2022-12-09T19:11:03.052+0000] {dagbag.py:537} INFO - Filling up the DagBag from /home/airflow/.local/lib/python3.7/site-packages/airflow/example_dags/example_time_delta_sensor_async.py
[2022-12-09T19:11:03.061+0000] {processor.py:766} INFO - DAG(s) dict_keys(['example_time_delta_sensor_async']) retrieved from /home/airflow/.local/lib/python3.7/site-packages/airflow/example_dags/example_time_delta_sensor_async.py
[2022-12-09T19:11:03.224+0000] {logging_mixin.py:137} INFO - [2022-12-09T19:11:03.224+0000] {dag.py:2585} INFO - Sync 1 DAGs
[2022-12-09T19:11:03.242+0000] {logging_mixin.py:137} INFO - [2022-12-09T19:11:03.242+0000] {dag.py:3340} INFO - Setting next_dagrun for example_time_delta_sensor_async to None, run_after=None
[2022-12-09T19:11:03.257+0000] {processor.py:176} INFO - Processing /home/airflow/.local/lib/python3.7/site-packages/airflow/example_dags/example_time_delta_sensor_async.py took 0.212 seconds
[2022-12-09T19:11:33.541+0000] {processor.py:154} INFO - Started process (PID=3577) to work on /home/airflow/.local/lib/python3.7/site-packages/airflow/example_dags/example_time_delta_sensor_async.py
[2022-12-09T19:11:33.544+0000] {processor.py:756} INFO - Processing file /home/airflow/.local/lib/python3.7/site-packages/airflow/example_dags/example_time_delta_sensor_async.py for tasks to queue
[2022-12-09T19:11:33.546+0000] {logging_mixin.py:137} INFO - [2022-12-09T19:11:33.546+0000] {dagbag.py:537} INFO - Filling up the DagBag from /home/airflow/.local/lib/python3.7/site-packages/airflow/example_dags/example_time_delta_sensor_async.py
[2022-12-09T19:11:33.563+0000] {processor.py:766} INFO - DAG(s) dict_keys(['example_time_delta_sensor_async']) retrieved from /home/airflow/.local/lib/python3.7/site-packages/airflow/example_dags/example_time_delta_sensor_async.py
[2022-12-09T19:11:33.694+0000] {logging_mixin.py:137} INFO - [2022-12-09T19:11:33.694+0000] {dag.py:2585} INFO - Sync 1 DAGs
[2022-12-09T19:11:33.711+0000] {logging_mixin.py:137} INFO - [2022-12-09T19:11:33.711+0000] {dag.py:3340} INFO - Setting next_dagrun for example_time_delta_sensor_async to None, run_after=None
[2022-12-09T19:11:33.724+0000] {processor.py:176} INFO - Processing /home/airflow/.local/lib/python3.7/site-packages/airflow/example_dags/example_time_delta_sensor_async.py took 0.186 seconds
[2022-12-09T19:12:04.211+0000] {processor.py:154} INFO - Started process (PID=3641) to work on /home/airflow/.local/lib/python3.7/site-packages/airflow/example_dags/example_time_delta_sensor_async.py
[2022-12-09T19:12:04.215+0000] {processor.py:756} INFO - Processing file /home/airflow/.local/lib/python3.7/site-packages/airflow/example_dags/example_time_delta_sensor_async.py for tasks to queue
[2022-12-09T19:12:04.221+0000] {logging_mixin.py:137} INFO - [2022-12-09T19:12:04.220+0000] {dagbag.py:537} INFO - Filling up the DagBag from /home/airflow/.local/lib/python3.7/site-packages/airflow/example_dags/example_time_delta_sensor_async.py
[2022-12-09T19:12:04.281+0000] {processor.py:766} INFO - DAG(s) dict_keys(['example_time_delta_sensor_async']) retrieved from /home/airflow/.local/lib/python3.7/site-packages/airflow/example_dags/example_time_delta_sensor_async.py
[2022-12-09T19:12:04.451+0000] {logging_mixin.py:137} INFO - [2022-12-09T19:12:04.451+0000] {dag.py:2585} INFO - Sync 1 DAGs
[2022-12-09T19:12:04.469+0000] {logging_mixin.py:137} INFO - [2022-12-09T19:12:04.469+0000] {dag.py:3340} INFO - Setting next_dagrun for example_time_delta_sensor_async to None, run_after=None
[2022-12-09T19:12:04.487+0000] {processor.py:176} INFO - Processing /home/airflow/.local/lib/python3.7/site-packages/airflow/example_dags/example_time_delta_sensor_async.py took 0.282 seconds
[2022-12-09T19:12:35.265+0000] {processor.py:154} INFO - Started process (PID=3705) to work on /home/airflow/.local/lib/python3.7/site-packages/airflow/example_dags/example_time_delta_sensor_async.py
[2022-12-09T19:12:35.268+0000] {processor.py:756} INFO - Processing file /home/airflow/.local/lib/python3.7/site-packages/airflow/example_dags/example_time_delta_sensor_async.py for tasks to queue
[2022-12-09T19:12:35.271+0000] {logging_mixin.py:137} INFO - [2022-12-09T19:12:35.270+0000] {dagbag.py:537} INFO - Filling up the DagBag from /home/airflow/.local/lib/python3.7/site-packages/airflow/example_dags/example_time_delta_sensor_async.py
[2022-12-09T19:12:35.284+0000] {processor.py:766} INFO - DAG(s) dict_keys(['example_time_delta_sensor_async']) retrieved from /home/airflow/.local/lib/python3.7/site-packages/airflow/example_dags/example_time_delta_sensor_async.py
[2022-12-09T19:12:35.417+0000] {logging_mixin.py:137} INFO - [2022-12-09T19:12:35.417+0000] {dag.py:2585} INFO - Sync 1 DAGs
[2022-12-09T19:12:35.431+0000] {logging_mixin.py:137} INFO - [2022-12-09T19:12:35.431+0000] {dag.py:3340} INFO - Setting next_dagrun for example_time_delta_sensor_async to None, run_after=None
[2022-12-09T19:12:35.445+0000] {processor.py:176} INFO - Processing /home/airflow/.local/lib/python3.7/site-packages/airflow/example_dags/example_time_delta_sensor_async.py took 0.186 seconds
[2022-12-09T19:13:05.599+0000] {processor.py:154} INFO - Started process (PID=3768) to work on /home/airflow/.local/lib/python3.7/site-packages/airflow/example_dags/example_time_delta_sensor_async.py
[2022-12-09T19:13:05.603+0000] {processor.py:756} INFO - Processing file /home/airflow/.local/lib/python3.7/site-packages/airflow/example_dags/example_time_delta_sensor_async.py for tasks to queue
[2022-12-09T19:13:05.604+0000] {logging_mixin.py:137} INFO - [2022-12-09T19:13:05.604+0000] {dagbag.py:537} INFO - Filling up the DagBag from /home/airflow/.local/lib/python3.7/site-packages/airflow/example_dags/example_time_delta_sensor_async.py
[2022-12-09T19:13:05.621+0000] {processor.py:766} INFO - DAG(s) dict_keys(['example_time_delta_sensor_async']) retrieved from /home/airflow/.local/lib/python3.7/site-packages/airflow/example_dags/example_time_delta_sensor_async.py
[2022-12-09T19:13:05.767+0000] {logging_mixin.py:137} INFO - [2022-12-09T19:13:05.767+0000] {dag.py:2585} INFO - Sync 1 DAGs
[2022-12-09T19:13:05.785+0000] {logging_mixin.py:137} INFO - [2022-12-09T19:13:05.785+0000] {dag.py:3340} INFO - Setting next_dagrun for example_time_delta_sensor_async to None, run_after=None
[2022-12-09T19:13:05.798+0000] {processor.py:176} INFO - Processing /home/airflow/.local/lib/python3.7/site-packages/airflow/example_dags/example_time_delta_sensor_async.py took 0.205 seconds
[2022-12-09T19:13:36.342+0000] {processor.py:154} INFO - Started process (PID=3823) to work on /home/airflow/.local/lib/python3.7/site-packages/airflow/example_dags/example_time_delta_sensor_async.py
[2022-12-09T19:13:36.343+0000] {processor.py:756} INFO - Processing file /home/airflow/.local/lib/python3.7/site-packages/airflow/example_dags/example_time_delta_sensor_async.py for tasks to queue
[2022-12-09T19:13:36.345+0000] {logging_mixin.py:137} INFO - [2022-12-09T19:13:36.345+0000] {dagbag.py:537} INFO - Filling up the DagBag from /home/airflow/.local/lib/python3.7/site-packages/airflow/example_dags/example_time_delta_sensor_async.py
[2022-12-09T19:13:36.355+0000] {processor.py:766} INFO - DAG(s) dict_keys(['example_time_delta_sensor_async']) retrieved from /home/airflow/.local/lib/python3.7/site-packages/airflow/example_dags/example_time_delta_sensor_async.py
[2022-12-09T19:13:36.482+0000] {logging_mixin.py:137} INFO - [2022-12-09T19:13:36.482+0000] {dag.py:2585} INFO - Sync 1 DAGs
[2022-12-09T19:13:36.502+0000] {logging_mixin.py:137} INFO - [2022-12-09T19:13:36.502+0000] {dag.py:3340} INFO - Setting next_dagrun for example_time_delta_sensor_async to None, run_after=None
[2022-12-09T19:13:36.514+0000] {processor.py:176} INFO - Processing /home/airflow/.local/lib/python3.7/site-packages/airflow/example_dags/example_time_delta_sensor_async.py took 0.176 seconds
[2022-12-09T19:14:07.113+0000] {processor.py:154} INFO - Started process (PID=3887) to work on /home/airflow/.local/lib/python3.7/site-packages/airflow/example_dags/example_time_delta_sensor_async.py
[2022-12-09T19:14:07.116+0000] {processor.py:756} INFO - Processing file /home/airflow/.local/lib/python3.7/site-packages/airflow/example_dags/example_time_delta_sensor_async.py for tasks to queue
[2022-12-09T19:14:07.117+0000] {logging_mixin.py:137} INFO - [2022-12-09T19:14:07.117+0000] {dagbag.py:537} INFO - Filling up the DagBag from /home/airflow/.local/lib/python3.7/site-packages/airflow/example_dags/example_time_delta_sensor_async.py
[2022-12-09T19:14:07.127+0000] {processor.py:766} INFO - DAG(s) dict_keys(['example_time_delta_sensor_async']) retrieved from /home/airflow/.local/lib/python3.7/site-packages/airflow/example_dags/example_time_delta_sensor_async.py
[2022-12-09T19:14:07.277+0000] {logging_mixin.py:137} INFO - [2022-12-09T19:14:07.277+0000] {dag.py:2585} INFO - Sync 1 DAGs
[2022-12-09T19:14:07.296+0000] {logging_mixin.py:137} INFO - [2022-12-09T19:14:07.296+0000] {dag.py:3340} INFO - Setting next_dagrun for example_time_delta_sensor_async to None, run_after=None
[2022-12-09T19:14:07.310+0000] {processor.py:176} INFO - Processing /home/airflow/.local/lib/python3.7/site-packages/airflow/example_dags/example_time_delta_sensor_async.py took 0.201 seconds
[2022-12-09T20:18:30.855+0000] {processor.py:154} INFO - Started process (PID=3957) to work on /home/airflow/.local/lib/python3.7/site-packages/airflow/example_dags/example_time_delta_sensor_async.py
[2022-12-09T20:18:30.858+0000] {processor.py:756} INFO - Processing file /home/airflow/.local/lib/python3.7/site-packages/airflow/example_dags/example_time_delta_sensor_async.py for tasks to queue
[2022-12-09T20:18:30.859+0000] {logging_mixin.py:137} INFO - [2022-12-09T20:18:30.859+0000] {dagbag.py:537} INFO - Filling up the DagBag from /home/airflow/.local/lib/python3.7/site-packages/airflow/example_dags/example_time_delta_sensor_async.py
[2022-12-09T20:18:30.868+0000] {processor.py:766} INFO - DAG(s) dict_keys(['example_time_delta_sensor_async']) retrieved from /home/airflow/.local/lib/python3.7/site-packages/airflow/example_dags/example_time_delta_sensor_async.py
[2022-12-09T20:18:31.112+0000] {logging_mixin.py:137} INFO - [2022-12-09T20:18:31.111+0000] {dag.py:2585} INFO - Sync 1 DAGs
[2022-12-09T20:18:31.160+0000] {logging_mixin.py:137} INFO - [2022-12-09T20:18:31.160+0000] {dag.py:3340} INFO - Setting next_dagrun for example_time_delta_sensor_async to None, run_after=None
[2022-12-09T20:18:31.195+0000] {processor.py:176} INFO - Processing /home/airflow/.local/lib/python3.7/site-packages/airflow/example_dags/example_time_delta_sensor_async.py took 0.342 seconds
[2022-12-09T21:09:08.343+0000] {processor.py:154} INFO - Started process (PID=4013) to work on /home/airflow/.local/lib/python3.7/site-packages/airflow/example_dags/example_time_delta_sensor_async.py
[2022-12-09T21:09:08.345+0000] {processor.py:756} INFO - Processing file /home/airflow/.local/lib/python3.7/site-packages/airflow/example_dags/example_time_delta_sensor_async.py for tasks to queue
[2022-12-09T21:09:08.346+0000] {logging_mixin.py:137} INFO - [2022-12-09T21:09:08.346+0000] {dagbag.py:537} INFO - Filling up the DagBag from /home/airflow/.local/lib/python3.7/site-packages/airflow/example_dags/example_time_delta_sensor_async.py
[2022-12-09T21:09:08.356+0000] {processor.py:766} INFO - DAG(s) dict_keys(['example_time_delta_sensor_async']) retrieved from /home/airflow/.local/lib/python3.7/site-packages/airflow/example_dags/example_time_delta_sensor_async.py
[2022-12-09T21:09:08.500+0000] {logging_mixin.py:137} INFO - [2022-12-09T21:09:08.499+0000] {dag.py:2585} INFO - Sync 1 DAGs
[2022-12-09T21:09:08.566+0000] {logging_mixin.py:137} INFO - [2022-12-09T21:09:08.566+0000] {dag.py:3340} INFO - Setting next_dagrun for example_time_delta_sensor_async to None, run_after=None
[2022-12-09T21:09:08.665+0000] {processor.py:176} INFO - Processing /home/airflow/.local/lib/python3.7/site-packages/airflow/example_dags/example_time_delta_sensor_async.py took 0.326 seconds
[2022-12-09T22:16:06.020+0000] {processor.py:154} INFO - Started process (PID=4076) to work on /home/airflow/.local/lib/python3.7/site-packages/airflow/example_dags/example_time_delta_sensor_async.py
[2022-12-09T22:16:06.024+0000] {processor.py:756} INFO - Processing file /home/airflow/.local/lib/python3.7/site-packages/airflow/example_dags/example_time_delta_sensor_async.py for tasks to queue
[2022-12-09T22:16:06.026+0000] {logging_mixin.py:137} INFO - [2022-12-09T22:16:06.025+0000] {dagbag.py:537} INFO - Filling up the DagBag from /home/airflow/.local/lib/python3.7/site-packages/airflow/example_dags/example_time_delta_sensor_async.py
[2022-12-09T22:16:06.042+0000] {processor.py:766} INFO - DAG(s) dict_keys(['example_time_delta_sensor_async']) retrieved from /home/airflow/.local/lib/python3.7/site-packages/airflow/example_dags/example_time_delta_sensor_async.py
[2022-12-09T22:16:06.179+0000] {logging_mixin.py:137} INFO - [2022-12-09T22:16:06.179+0000] {dag.py:2585} INFO - Sync 1 DAGs
[2022-12-09T22:16:06.198+0000] {logging_mixin.py:137} INFO - [2022-12-09T22:16:06.198+0000] {dag.py:3340} INFO - Setting next_dagrun for example_time_delta_sensor_async to None, run_after=None
[2022-12-09T22:16:06.225+0000] {processor.py:176} INFO - Processing /home/airflow/.local/lib/python3.7/site-packages/airflow/example_dags/example_time_delta_sensor_async.py took 0.210 seconds
[2022-12-09T23:21:37.838+0000] {processor.py:154} INFO - Started process (PID=4132) to work on /home/airflow/.local/lib/python3.7/site-packages/airflow/example_dags/example_time_delta_sensor_async.py
[2022-12-09T23:21:37.840+0000] {processor.py:756} INFO - Processing file /home/airflow/.local/lib/python3.7/site-packages/airflow/example_dags/example_time_delta_sensor_async.py for tasks to queue
[2022-12-09T23:21:37.842+0000] {logging_mixin.py:137} INFO - [2022-12-09T23:21:37.842+0000] {dagbag.py:537} INFO - Filling up the DagBag from /home/airflow/.local/lib/python3.7/site-packages/airflow/example_dags/example_time_delta_sensor_async.py
[2022-12-09T23:21:37.859+0000] {processor.py:766} INFO - DAG(s) dict_keys(['example_time_delta_sensor_async']) retrieved from /home/airflow/.local/lib/python3.7/site-packages/airflow/example_dags/example_time_delta_sensor_async.py
[2022-12-09T23:21:38.025+0000] {logging_mixin.py:137} INFO - [2022-12-09T23:21:38.025+0000] {dag.py:2585} INFO - Sync 1 DAGs
[2022-12-09T23:21:38.048+0000] {logging_mixin.py:137} INFO - [2022-12-09T23:21:38.047+0000] {dag.py:3340} INFO - Setting next_dagrun for example_time_delta_sensor_async to None, run_after=None
[2022-12-09T23:21:38.063+0000] {processor.py:176} INFO - Processing /home/airflow/.local/lib/python3.7/site-packages/airflow/example_dags/example_time_delta_sensor_async.py took 0.229 seconds
