[2022-12-09T18:42:12.612+0000] {processor.py:154} INFO - Started process (PID=54) to work on /home/airflow/.local/lib/python3.7/site-packages/airflow/example_dags/example_branch_python_dop_operator_3.py
[2022-12-09T18:42:12.617+0000] {processor.py:756} INFO - Processing file /home/airflow/.local/lib/python3.7/site-packages/airflow/example_dags/example_branch_python_dop_operator_3.py for tasks to queue
[2022-12-09T18:42:12.622+0000] {logging_mixin.py:137} INFO - [2022-12-09T18:42:12.622+0000] {dagbag.py:537} INFO - Filling up the DagBag from /home/airflow/.local/lib/python3.7/site-packages/airflow/example_dags/example_branch_python_dop_operator_3.py
[2022-12-09T18:42:12.678+0000] {processor.py:766} INFO - DAG(s) dict_keys(['example_branch_dop_operator_v3']) retrieved from /home/airflow/.local/lib/python3.7/site-packages/airflow/example_dags/example_branch_python_dop_operator_3.py
[2022-12-09T18:42:12.789+0000] {logging_mixin.py:137} INFO - [2022-12-09T18:42:12.789+0000] {dag.py:2585} INFO - Sync 1 DAGs
[2022-12-09T18:42:12.844+0000] {logging_mixin.py:137} INFO - [2022-12-09T18:42:12.843+0000] {dag.py:3340} INFO - Setting next_dagrun for example_branch_dop_operator_v3 to 2022-12-09T18:41:00+00:00, run_after=2022-12-09T18:42:00+00:00
[2022-12-09T18:42:12.883+0000] {processor.py:176} INFO - Processing /home/airflow/.local/lib/python3.7/site-packages/airflow/example_dags/example_branch_python_dop_operator_3.py took 0.280 seconds
[2022-12-09T18:42:43.563+0000] {processor.py:154} INFO - Started process (PID=119) to work on /home/airflow/.local/lib/python3.7/site-packages/airflow/example_dags/example_branch_python_dop_operator_3.py
[2022-12-09T18:42:43.567+0000] {processor.py:756} INFO - Processing file /home/airflow/.local/lib/python3.7/site-packages/airflow/example_dags/example_branch_python_dop_operator_3.py for tasks to queue
[2022-12-09T18:42:43.569+0000] {logging_mixin.py:137} INFO - [2022-12-09T18:42:43.569+0000] {dagbag.py:537} INFO - Filling up the DagBag from /home/airflow/.local/lib/python3.7/site-packages/airflow/example_dags/example_branch_python_dop_operator_3.py
[2022-12-09T18:42:43.587+0000] {processor.py:766} INFO - DAG(s) dict_keys(['example_branch_dop_operator_v3']) retrieved from /home/airflow/.local/lib/python3.7/site-packages/airflow/example_dags/example_branch_python_dop_operator_3.py
[2022-12-09T18:42:43.617+0000] {logging_mixin.py:137} INFO - [2022-12-09T18:42:43.617+0000] {dag.py:2585} INFO - Sync 1 DAGs
[2022-12-09T18:42:43.636+0000] {logging_mixin.py:137} INFO - [2022-12-09T18:42:43.636+0000] {dag.py:3340} INFO - Setting next_dagrun for example_branch_dop_operator_v3 to 2022-12-09T18:41:00+00:00, run_after=2022-12-09T18:42:00+00:00
[2022-12-09T18:42:43.649+0000] {processor.py:176} INFO - Processing /home/airflow/.local/lib/python3.7/site-packages/airflow/example_dags/example_branch_python_dop_operator_3.py took 0.088 seconds
[2022-12-09T18:43:17.781+0000] {processor.py:154} INFO - Started process (PID=184) to work on /home/airflow/.local/lib/python3.7/site-packages/airflow/example_dags/example_branch_python_dop_operator_3.py
[2022-12-09T18:43:17.785+0000] {processor.py:756} INFO - Processing file /home/airflow/.local/lib/python3.7/site-packages/airflow/example_dags/example_branch_python_dop_operator_3.py for tasks to queue
[2022-12-09T18:43:17.793+0000] {logging_mixin.py:137} INFO - [2022-12-09T18:43:17.792+0000] {dagbag.py:537} INFO - Filling up the DagBag from /home/airflow/.local/lib/python3.7/site-packages/airflow/example_dags/example_branch_python_dop_operator_3.py
[2022-12-09T18:43:17.847+0000] {processor.py:766} INFO - DAG(s) dict_keys(['example_branch_dop_operator_v3']) retrieved from /home/airflow/.local/lib/python3.7/site-packages/airflow/example_dags/example_branch_python_dop_operator_3.py
[2022-12-09T18:43:17.889+0000] {logging_mixin.py:137} INFO - [2022-12-09T18:43:17.889+0000] {dag.py:2585} INFO - Sync 1 DAGs
[2022-12-09T18:43:17.914+0000] {logging_mixin.py:137} INFO - [2022-12-09T18:43:17.914+0000] {dag.py:3340} INFO - Setting next_dagrun for example_branch_dop_operator_v3 to 2022-12-09T18:42:00+00:00, run_after=2022-12-09T18:43:00+00:00
[2022-12-09T18:43:17.952+0000] {processor.py:176} INFO - Processing /home/airflow/.local/lib/python3.7/site-packages/airflow/example_dags/example_branch_python_dop_operator_3.py took 0.176 seconds
[2022-12-09T18:43:47.990+0000] {processor.py:154} INFO - Started process (PID=239) to work on /home/airflow/.local/lib/python3.7/site-packages/airflow/example_dags/example_branch_python_dop_operator_3.py
[2022-12-09T18:43:47.992+0000] {processor.py:756} INFO - Processing file /home/airflow/.local/lib/python3.7/site-packages/airflow/example_dags/example_branch_python_dop_operator_3.py for tasks to queue
[2022-12-09T18:43:47.993+0000] {logging_mixin.py:137} INFO - [2022-12-09T18:43:47.993+0000] {dagbag.py:537} INFO - Filling up the DagBag from /home/airflow/.local/lib/python3.7/site-packages/airflow/example_dags/example_branch_python_dop_operator_3.py
[2022-12-09T18:43:48.006+0000] {processor.py:766} INFO - DAG(s) dict_keys(['example_branch_dop_operator_v3']) retrieved from /home/airflow/.local/lib/python3.7/site-packages/airflow/example_dags/example_branch_python_dop_operator_3.py
[2022-12-09T18:43:48.030+0000] {logging_mixin.py:137} INFO - [2022-12-09T18:43:48.030+0000] {dag.py:2585} INFO - Sync 1 DAGs
[2022-12-09T18:43:48.046+0000] {logging_mixin.py:137} INFO - [2022-12-09T18:43:48.046+0000] {dag.py:3340} INFO - Setting next_dagrun for example_branch_dop_operator_v3 to 2022-12-09T18:42:00+00:00, run_after=2022-12-09T18:43:00+00:00
[2022-12-09T18:43:48.056+0000] {processor.py:176} INFO - Processing /home/airflow/.local/lib/python3.7/site-packages/airflow/example_dags/example_branch_python_dop_operator_3.py took 0.069 seconds
[2022-12-09T18:44:19.704+0000] {processor.py:154} INFO - Started process (PID=304) to work on /home/airflow/.local/lib/python3.7/site-packages/airflow/example_dags/example_branch_python_dop_operator_3.py
[2022-12-09T18:44:19.707+0000] {processor.py:756} INFO - Processing file /home/airflow/.local/lib/python3.7/site-packages/airflow/example_dags/example_branch_python_dop_operator_3.py for tasks to queue
[2022-12-09T18:44:19.709+0000] {logging_mixin.py:137} INFO - [2022-12-09T18:44:19.709+0000] {dagbag.py:537} INFO - Filling up the DagBag from /home/airflow/.local/lib/python3.7/site-packages/airflow/example_dags/example_branch_python_dop_operator_3.py
[2022-12-09T18:44:19.733+0000] {processor.py:766} INFO - DAG(s) dict_keys(['example_branch_dop_operator_v3']) retrieved from /home/airflow/.local/lib/python3.7/site-packages/airflow/example_dags/example_branch_python_dop_operator_3.py
[2022-12-09T18:44:19.785+0000] {logging_mixin.py:137} INFO - [2022-12-09T18:44:19.785+0000] {dag.py:2585} INFO - Sync 1 DAGs
[2022-12-09T18:44:19.816+0000] {logging_mixin.py:137} INFO - [2022-12-09T18:44:19.816+0000] {dag.py:3340} INFO - Setting next_dagrun for example_branch_dop_operator_v3 to 2022-12-09T18:43:00+00:00, run_after=2022-12-09T18:44:00+00:00
[2022-12-09T18:44:19.835+0000] {processor.py:176} INFO - Processing /home/airflow/.local/lib/python3.7/site-packages/airflow/example_dags/example_branch_python_dop_operator_3.py took 0.134 seconds
[2022-12-09T18:44:50.266+0000] {processor.py:154} INFO - Started process (PID=367) to work on /home/airflow/.local/lib/python3.7/site-packages/airflow/example_dags/example_branch_python_dop_operator_3.py
[2022-12-09T18:44:50.271+0000] {processor.py:756} INFO - Processing file /home/airflow/.local/lib/python3.7/site-packages/airflow/example_dags/example_branch_python_dop_operator_3.py for tasks to queue
[2022-12-09T18:44:50.274+0000] {logging_mixin.py:137} INFO - [2022-12-09T18:44:50.274+0000] {dagbag.py:537} INFO - Filling up the DagBag from /home/airflow/.local/lib/python3.7/site-packages/airflow/example_dags/example_branch_python_dop_operator_3.py
[2022-12-09T18:44:50.303+0000] {processor.py:766} INFO - DAG(s) dict_keys(['example_branch_dop_operator_v3']) retrieved from /home/airflow/.local/lib/python3.7/site-packages/airflow/example_dags/example_branch_python_dop_operator_3.py
[2022-12-09T18:44:50.376+0000] {logging_mixin.py:137} INFO - [2022-12-09T18:44:50.376+0000] {dag.py:2585} INFO - Sync 1 DAGs
[2022-12-09T18:44:50.410+0000] {logging_mixin.py:137} INFO - [2022-12-09T18:44:50.410+0000] {dag.py:3340} INFO - Setting next_dagrun for example_branch_dop_operator_v3 to 2022-12-09T18:43:00+00:00, run_after=2022-12-09T18:44:00+00:00
[2022-12-09T18:44:50.431+0000] {processor.py:176} INFO - Processing /home/airflow/.local/lib/python3.7/site-packages/airflow/example_dags/example_branch_python_dop_operator_3.py took 0.169 seconds
[2022-12-09T18:45:23.872+0000] {processor.py:154} INFO - Started process (PID=431) to work on /home/airflow/.local/lib/python3.7/site-packages/airflow/example_dags/example_branch_python_dop_operator_3.py
[2022-12-09T18:45:23.887+0000] {processor.py:756} INFO - Processing file /home/airflow/.local/lib/python3.7/site-packages/airflow/example_dags/example_branch_python_dop_operator_3.py for tasks to queue
[2022-12-09T18:45:23.903+0000] {logging_mixin.py:137} INFO - [2022-12-09T18:45:23.901+0000] {dagbag.py:537} INFO - Filling up the DagBag from /home/airflow/.local/lib/python3.7/site-packages/airflow/example_dags/example_branch_python_dop_operator_3.py
[2022-12-09T18:45:23.981+0000] {processor.py:766} INFO - DAG(s) dict_keys(['example_branch_dop_operator_v3']) retrieved from /home/airflow/.local/lib/python3.7/site-packages/airflow/example_dags/example_branch_python_dop_operator_3.py
[2022-12-09T18:45:24.067+0000] {logging_mixin.py:137} INFO - [2022-12-09T18:45:24.067+0000] {dag.py:2585} INFO - Sync 1 DAGs
[2022-12-09T18:45:24.270+0000] {logging_mixin.py:137} INFO - [2022-12-09T18:45:24.270+0000] {dag.py:3340} INFO - Setting next_dagrun for example_branch_dop_operator_v3 to 2022-12-09T18:44:00+00:00, run_after=2022-12-09T18:45:00+00:00
[2022-12-09T18:45:24.351+0000] {processor.py:176} INFO - Processing /home/airflow/.local/lib/python3.7/site-packages/airflow/example_dags/example_branch_python_dop_operator_3.py took 0.485 seconds
[2022-12-09T18:45:54.853+0000] {processor.py:154} INFO - Started process (PID=495) to work on /home/airflow/.local/lib/python3.7/site-packages/airflow/example_dags/example_branch_python_dop_operator_3.py
[2022-12-09T18:45:54.855+0000] {processor.py:756} INFO - Processing file /home/airflow/.local/lib/python3.7/site-packages/airflow/example_dags/example_branch_python_dop_operator_3.py for tasks to queue
[2022-12-09T18:45:54.856+0000] {logging_mixin.py:137} INFO - [2022-12-09T18:45:54.856+0000] {dagbag.py:537} INFO - Filling up the DagBag from /home/airflow/.local/lib/python3.7/site-packages/airflow/example_dags/example_branch_python_dop_operator_3.py
[2022-12-09T18:45:54.873+0000] {processor.py:766} INFO - DAG(s) dict_keys(['example_branch_dop_operator_v3']) retrieved from /home/airflow/.local/lib/python3.7/site-packages/airflow/example_dags/example_branch_python_dop_operator_3.py
[2022-12-09T18:45:54.912+0000] {logging_mixin.py:137} INFO - [2022-12-09T18:45:54.912+0000] {dag.py:2585} INFO - Sync 1 DAGs
[2022-12-09T18:45:54.944+0000] {logging_mixin.py:137} INFO - [2022-12-09T18:45:54.944+0000] {dag.py:3340} INFO - Setting next_dagrun for example_branch_dop_operator_v3 to 2022-12-09T18:44:00+00:00, run_after=2022-12-09T18:45:00+00:00
[2022-12-09T18:45:54.974+0000] {processor.py:176} INFO - Processing /home/airflow/.local/lib/python3.7/site-packages/airflow/example_dags/example_branch_python_dop_operator_3.py took 0.123 seconds
[2022-12-09T18:46:25.166+0000] {processor.py:154} INFO - Started process (PID=550) to work on /home/airflow/.local/lib/python3.7/site-packages/airflow/example_dags/example_branch_python_dop_operator_3.py
[2022-12-09T18:46:25.168+0000] {processor.py:756} INFO - Processing file /home/airflow/.local/lib/python3.7/site-packages/airflow/example_dags/example_branch_python_dop_operator_3.py for tasks to queue
[2022-12-09T18:46:25.169+0000] {logging_mixin.py:137} INFO - [2022-12-09T18:46:25.169+0000] {dagbag.py:537} INFO - Filling up the DagBag from /home/airflow/.local/lib/python3.7/site-packages/airflow/example_dags/example_branch_python_dop_operator_3.py
[2022-12-09T18:46:25.185+0000] {processor.py:766} INFO - DAG(s) dict_keys(['example_branch_dop_operator_v3']) retrieved from /home/airflow/.local/lib/python3.7/site-packages/airflow/example_dags/example_branch_python_dop_operator_3.py
[2022-12-09T18:46:25.215+0000] {logging_mixin.py:137} INFO - [2022-12-09T18:46:25.215+0000] {dag.py:2585} INFO - Sync 1 DAGs
[2022-12-09T18:46:25.234+0000] {logging_mixin.py:137} INFO - [2022-12-09T18:46:25.234+0000] {dag.py:3340} INFO - Setting next_dagrun for example_branch_dop_operator_v3 to 2022-12-09T18:45:00+00:00, run_after=2022-12-09T18:46:00+00:00
[2022-12-09T18:46:25.250+0000] {processor.py:176} INFO - Processing /home/airflow/.local/lib/python3.7/site-packages/airflow/example_dags/example_branch_python_dop_operator_3.py took 0.086 seconds
[2022-12-09T18:46:55.943+0000] {processor.py:154} INFO - Started process (PID=614) to work on /home/airflow/.local/lib/python3.7/site-packages/airflow/example_dags/example_branch_python_dop_operator_3.py
[2022-12-09T18:46:55.948+0000] {processor.py:756} INFO - Processing file /home/airflow/.local/lib/python3.7/site-packages/airflow/example_dags/example_branch_python_dop_operator_3.py for tasks to queue
[2022-12-09T18:46:55.956+0000] {logging_mixin.py:137} INFO - [2022-12-09T18:46:55.956+0000] {dagbag.py:537} INFO - Filling up the DagBag from /home/airflow/.local/lib/python3.7/site-packages/airflow/example_dags/example_branch_python_dop_operator_3.py
[2022-12-09T18:46:55.999+0000] {processor.py:766} INFO - DAG(s) dict_keys(['example_branch_dop_operator_v3']) retrieved from /home/airflow/.local/lib/python3.7/site-packages/airflow/example_dags/example_branch_python_dop_operator_3.py
[2022-12-09T18:46:56.074+0000] {logging_mixin.py:137} INFO - [2022-12-09T18:46:56.074+0000] {dag.py:2585} INFO - Sync 1 DAGs
[2022-12-09T18:46:56.132+0000] {logging_mixin.py:137} INFO - [2022-12-09T18:46:56.132+0000] {dag.py:3340} INFO - Setting next_dagrun for example_branch_dop_operator_v3 to 2022-12-09T18:45:00+00:00, run_after=2022-12-09T18:46:00+00:00
[2022-12-09T18:46:56.212+0000] {processor.py:176} INFO - Processing /home/airflow/.local/lib/python3.7/site-packages/airflow/example_dags/example_branch_python_dop_operator_3.py took 0.273 seconds
[2022-12-09T18:47:27.238+0000] {processor.py:154} INFO - Started process (PID=678) to work on /home/airflow/.local/lib/python3.7/site-packages/airflow/example_dags/example_branch_python_dop_operator_3.py
[2022-12-09T18:47:27.241+0000] {processor.py:756} INFO - Processing file /home/airflow/.local/lib/python3.7/site-packages/airflow/example_dags/example_branch_python_dop_operator_3.py for tasks to queue
[2022-12-09T18:47:27.243+0000] {logging_mixin.py:137} INFO - [2022-12-09T18:47:27.243+0000] {dagbag.py:537} INFO - Filling up the DagBag from /home/airflow/.local/lib/python3.7/site-packages/airflow/example_dags/example_branch_python_dop_operator_3.py
[2022-12-09T18:47:27.282+0000] {processor.py:766} INFO - DAG(s) dict_keys(['example_branch_dop_operator_v3']) retrieved from /home/airflow/.local/lib/python3.7/site-packages/airflow/example_dags/example_branch_python_dop_operator_3.py
[2022-12-09T18:47:27.379+0000] {logging_mixin.py:137} INFO - [2022-12-09T18:47:27.378+0000] {dag.py:2585} INFO - Sync 1 DAGs
[2022-12-09T18:47:27.432+0000] {logging_mixin.py:137} INFO - [2022-12-09T18:47:27.431+0000] {dag.py:3340} INFO - Setting next_dagrun for example_branch_dop_operator_v3 to 2022-12-09T18:46:00+00:00, run_after=2022-12-09T18:47:00+00:00
[2022-12-09T18:47:27.484+0000] {processor.py:176} INFO - Processing /home/airflow/.local/lib/python3.7/site-packages/airflow/example_dags/example_branch_python_dop_operator_3.py took 0.250 seconds
[2022-12-09T18:47:58.452+0000] {processor.py:154} INFO - Started process (PID=742) to work on /home/airflow/.local/lib/python3.7/site-packages/airflow/example_dags/example_branch_python_dop_operator_3.py
[2022-12-09T18:47:58.453+0000] {processor.py:756} INFO - Processing file /home/airflow/.local/lib/python3.7/site-packages/airflow/example_dags/example_branch_python_dop_operator_3.py for tasks to queue
[2022-12-09T18:47:58.455+0000] {logging_mixin.py:137} INFO - [2022-12-09T18:47:58.455+0000] {dagbag.py:537} INFO - Filling up the DagBag from /home/airflow/.local/lib/python3.7/site-packages/airflow/example_dags/example_branch_python_dop_operator_3.py
[2022-12-09T18:47:58.471+0000] {processor.py:766} INFO - DAG(s) dict_keys(['example_branch_dop_operator_v3']) retrieved from /home/airflow/.local/lib/python3.7/site-packages/airflow/example_dags/example_branch_python_dop_operator_3.py
[2022-12-09T18:47:58.506+0000] {logging_mixin.py:137} INFO - [2022-12-09T18:47:58.505+0000] {dag.py:2585} INFO - Sync 1 DAGs
[2022-12-09T18:47:58.540+0000] {logging_mixin.py:137} INFO - [2022-12-09T18:47:58.539+0000] {dag.py:3340} INFO - Setting next_dagrun for example_branch_dop_operator_v3 to 2022-12-09T18:46:00+00:00, run_after=2022-12-09T18:47:00+00:00
[2022-12-09T18:47:58.563+0000] {processor.py:176} INFO - Processing /home/airflow/.local/lib/python3.7/site-packages/airflow/example_dags/example_branch_python_dop_operator_3.py took 0.113 seconds
[2022-12-09T18:48:28.601+0000] {processor.py:154} INFO - Started process (PID=804) to work on /home/airflow/.local/lib/python3.7/site-packages/airflow/example_dags/example_branch_python_dop_operator_3.py
[2022-12-09T18:48:28.603+0000] {processor.py:756} INFO - Processing file /home/airflow/.local/lib/python3.7/site-packages/airflow/example_dags/example_branch_python_dop_operator_3.py for tasks to queue
[2022-12-09T18:48:28.604+0000] {logging_mixin.py:137} INFO - [2022-12-09T18:48:28.604+0000] {dagbag.py:537} INFO - Filling up the DagBag from /home/airflow/.local/lib/python3.7/site-packages/airflow/example_dags/example_branch_python_dop_operator_3.py
[2022-12-09T18:48:28.625+0000] {processor.py:766} INFO - DAG(s) dict_keys(['example_branch_dop_operator_v3']) retrieved from /home/airflow/.local/lib/python3.7/site-packages/airflow/example_dags/example_branch_python_dop_operator_3.py
[2022-12-09T18:48:28.672+0000] {logging_mixin.py:137} INFO - [2022-12-09T18:48:28.672+0000] {dag.py:2585} INFO - Sync 1 DAGs
[2022-12-09T18:48:28.721+0000] {logging_mixin.py:137} INFO - [2022-12-09T18:48:28.721+0000] {dag.py:3340} INFO - Setting next_dagrun for example_branch_dop_operator_v3 to 2022-12-09T18:47:00+00:00, run_after=2022-12-09T18:48:00+00:00
[2022-12-09T18:48:28.779+0000] {processor.py:176} INFO - Processing /home/airflow/.local/lib/python3.7/site-packages/airflow/example_dags/example_branch_python_dop_operator_3.py took 0.180 seconds
[2022-12-09T18:48:59.736+0000] {processor.py:154} INFO - Started process (PID=862) to work on /home/airflow/.local/lib/python3.7/site-packages/airflow/example_dags/example_branch_python_dop_operator_3.py
[2022-12-09T18:48:59.739+0000] {processor.py:756} INFO - Processing file /home/airflow/.local/lib/python3.7/site-packages/airflow/example_dags/example_branch_python_dop_operator_3.py for tasks to queue
[2022-12-09T18:48:59.740+0000] {logging_mixin.py:137} INFO - [2022-12-09T18:48:59.740+0000] {dagbag.py:537} INFO - Filling up the DagBag from /home/airflow/.local/lib/python3.7/site-packages/airflow/example_dags/example_branch_python_dop_operator_3.py
[2022-12-09T18:48:59.757+0000] {processor.py:766} INFO - DAG(s) dict_keys(['example_branch_dop_operator_v3']) retrieved from /home/airflow/.local/lib/python3.7/site-packages/airflow/example_dags/example_branch_python_dop_operator_3.py
[2022-12-09T18:48:59.800+0000] {logging_mixin.py:137} INFO - [2022-12-09T18:48:59.800+0000] {dag.py:2585} INFO - Sync 1 DAGs
[2022-12-09T18:48:59.827+0000] {logging_mixin.py:137} INFO - [2022-12-09T18:48:59.827+0000] {dag.py:3340} INFO - Setting next_dagrun for example_branch_dop_operator_v3 to 2022-12-09T18:47:00+00:00, run_after=2022-12-09T18:48:00+00:00
[2022-12-09T18:48:59.844+0000] {processor.py:176} INFO - Processing /home/airflow/.local/lib/python3.7/site-packages/airflow/example_dags/example_branch_python_dop_operator_3.py took 0.111 seconds
[2022-12-09T18:49:31.047+0000] {processor.py:154} INFO - Started process (PID=926) to work on /home/airflow/.local/lib/python3.7/site-packages/airflow/example_dags/example_branch_python_dop_operator_3.py
[2022-12-09T18:49:31.050+0000] {processor.py:756} INFO - Processing file /home/airflow/.local/lib/python3.7/site-packages/airflow/example_dags/example_branch_python_dop_operator_3.py for tasks to queue
[2022-12-09T18:49:31.053+0000] {logging_mixin.py:137} INFO - [2022-12-09T18:49:31.052+0000] {dagbag.py:537} INFO - Filling up the DagBag from /home/airflow/.local/lib/python3.7/site-packages/airflow/example_dags/example_branch_python_dop_operator_3.py
[2022-12-09T18:49:31.078+0000] {processor.py:766} INFO - DAG(s) dict_keys(['example_branch_dop_operator_v3']) retrieved from /home/airflow/.local/lib/python3.7/site-packages/airflow/example_dags/example_branch_python_dop_operator_3.py
[2022-12-09T18:49:31.115+0000] {logging_mixin.py:137} INFO - [2022-12-09T18:49:31.115+0000] {dag.py:2585} INFO - Sync 1 DAGs
[2022-12-09T18:49:31.134+0000] {logging_mixin.py:137} INFO - [2022-12-09T18:49:31.134+0000] {dag.py:3340} INFO - Setting next_dagrun for example_branch_dop_operator_v3 to 2022-12-09T18:48:00+00:00, run_after=2022-12-09T18:49:00+00:00
[2022-12-09T18:49:31.147+0000] {processor.py:176} INFO - Processing /home/airflow/.local/lib/python3.7/site-packages/airflow/example_dags/example_branch_python_dop_operator_3.py took 0.104 seconds
[2022-12-09T18:50:01.757+0000] {processor.py:154} INFO - Started process (PID=989) to work on /home/airflow/.local/lib/python3.7/site-packages/airflow/example_dags/example_branch_python_dop_operator_3.py
[2022-12-09T18:50:01.762+0000] {processor.py:756} INFO - Processing file /home/airflow/.local/lib/python3.7/site-packages/airflow/example_dags/example_branch_python_dop_operator_3.py for tasks to queue
[2022-12-09T18:50:01.763+0000] {logging_mixin.py:137} INFO - [2022-12-09T18:50:01.763+0000] {dagbag.py:537} INFO - Filling up the DagBag from /home/airflow/.local/lib/python3.7/site-packages/airflow/example_dags/example_branch_python_dop_operator_3.py
[2022-12-09T18:50:01.787+0000] {processor.py:766} INFO - DAG(s) dict_keys(['example_branch_dop_operator_v3']) retrieved from /home/airflow/.local/lib/python3.7/site-packages/airflow/example_dags/example_branch_python_dop_operator_3.py
[2022-12-09T18:50:01.826+0000] {logging_mixin.py:137} INFO - [2022-12-09T18:50:01.826+0000] {dag.py:2585} INFO - Sync 1 DAGs
[2022-12-09T18:50:01.847+0000] {logging_mixin.py:137} INFO - [2022-12-09T18:50:01.847+0000] {dag.py:3340} INFO - Setting next_dagrun for example_branch_dop_operator_v3 to 2022-12-09T18:49:00+00:00, run_after=2022-12-09T18:50:00+00:00
[2022-12-09T18:50:01.863+0000] {processor.py:176} INFO - Processing /home/airflow/.local/lib/python3.7/site-packages/airflow/example_dags/example_branch_python_dop_operator_3.py took 0.109 seconds
[2022-12-09T18:50:32.826+0000] {processor.py:154} INFO - Started process (PID=1044) to work on /home/airflow/.local/lib/python3.7/site-packages/airflow/example_dags/example_branch_python_dop_operator_3.py
[2022-12-09T18:50:32.828+0000] {processor.py:756} INFO - Processing file /home/airflow/.local/lib/python3.7/site-packages/airflow/example_dags/example_branch_python_dop_operator_3.py for tasks to queue
[2022-12-09T18:50:32.830+0000] {logging_mixin.py:137} INFO - [2022-12-09T18:50:32.830+0000] {dagbag.py:537} INFO - Filling up the DagBag from /home/airflow/.local/lib/python3.7/site-packages/airflow/example_dags/example_branch_python_dop_operator_3.py
[2022-12-09T18:50:32.847+0000] {processor.py:766} INFO - DAG(s) dict_keys(['example_branch_dop_operator_v3']) retrieved from /home/airflow/.local/lib/python3.7/site-packages/airflow/example_dags/example_branch_python_dop_operator_3.py
[2022-12-09T18:50:32.877+0000] {logging_mixin.py:137} INFO - [2022-12-09T18:50:32.877+0000] {dag.py:2585} INFO - Sync 1 DAGs
[2022-12-09T18:50:32.897+0000] {logging_mixin.py:137} INFO - [2022-12-09T18:50:32.897+0000] {dag.py:3340} INFO - Setting next_dagrun for example_branch_dop_operator_v3 to 2022-12-09T18:49:00+00:00, run_after=2022-12-09T18:50:00+00:00
[2022-12-09T18:50:32.911+0000] {processor.py:176} INFO - Processing /home/airflow/.local/lib/python3.7/site-packages/airflow/example_dags/example_branch_python_dop_operator_3.py took 0.088 seconds
[2022-12-09T18:51:03.451+0000] {processor.py:154} INFO - Started process (PID=1108) to work on /home/airflow/.local/lib/python3.7/site-packages/airflow/example_dags/example_branch_python_dop_operator_3.py
[2022-12-09T18:51:03.453+0000] {processor.py:756} INFO - Processing file /home/airflow/.local/lib/python3.7/site-packages/airflow/example_dags/example_branch_python_dop_operator_3.py for tasks to queue
[2022-12-09T18:51:03.454+0000] {logging_mixin.py:137} INFO - [2022-12-09T18:51:03.454+0000] {dagbag.py:537} INFO - Filling up the DagBag from /home/airflow/.local/lib/python3.7/site-packages/airflow/example_dags/example_branch_python_dop_operator_3.py
[2022-12-09T18:51:03.468+0000] {processor.py:766} INFO - DAG(s) dict_keys(['example_branch_dop_operator_v3']) retrieved from /home/airflow/.local/lib/python3.7/site-packages/airflow/example_dags/example_branch_python_dop_operator_3.py
[2022-12-09T18:51:03.493+0000] {logging_mixin.py:137} INFO - [2022-12-09T18:51:03.492+0000] {dag.py:2585} INFO - Sync 1 DAGs
[2022-12-09T18:51:03.511+0000] {logging_mixin.py:137} INFO - [2022-12-09T18:51:03.511+0000] {dag.py:3340} INFO - Setting next_dagrun for example_branch_dop_operator_v3 to 2022-12-09T18:50:00+00:00, run_after=2022-12-09T18:51:00+00:00
[2022-12-09T18:51:03.524+0000] {processor.py:176} INFO - Processing /home/airflow/.local/lib/python3.7/site-packages/airflow/example_dags/example_branch_python_dop_operator_3.py took 0.075 seconds
[2022-12-09T18:51:34.301+0000] {processor.py:154} INFO - Started process (PID=1172) to work on /home/airflow/.local/lib/python3.7/site-packages/airflow/example_dags/example_branch_python_dop_operator_3.py
[2022-12-09T18:51:34.303+0000] {processor.py:756} INFO - Processing file /home/airflow/.local/lib/python3.7/site-packages/airflow/example_dags/example_branch_python_dop_operator_3.py for tasks to queue
[2022-12-09T18:51:34.304+0000] {logging_mixin.py:137} INFO - [2022-12-09T18:51:34.304+0000] {dagbag.py:537} INFO - Filling up the DagBag from /home/airflow/.local/lib/python3.7/site-packages/airflow/example_dags/example_branch_python_dop_operator_3.py
[2022-12-09T18:51:34.323+0000] {processor.py:766} INFO - DAG(s) dict_keys(['example_branch_dop_operator_v3']) retrieved from /home/airflow/.local/lib/python3.7/site-packages/airflow/example_dags/example_branch_python_dop_operator_3.py
[2022-12-09T18:51:34.437+0000] {logging_mixin.py:137} INFO - [2022-12-09T18:51:34.436+0000] {dag.py:2585} INFO - Sync 1 DAGs
[2022-12-09T18:51:34.480+0000] {logging_mixin.py:137} INFO - [2022-12-09T18:51:34.480+0000] {dag.py:3340} INFO - Setting next_dagrun for example_branch_dop_operator_v3 to 2022-12-09T18:50:00+00:00, run_after=2022-12-09T18:51:00+00:00
[2022-12-09T18:51:34.510+0000] {processor.py:176} INFO - Processing /home/airflow/.local/lib/python3.7/site-packages/airflow/example_dags/example_branch_python_dop_operator_3.py took 0.212 seconds
[2022-12-09T18:52:05.470+0000] {processor.py:154} INFO - Started process (PID=1236) to work on /home/airflow/.local/lib/python3.7/site-packages/airflow/example_dags/example_branch_python_dop_operator_3.py
[2022-12-09T18:52:05.473+0000] {processor.py:756} INFO - Processing file /home/airflow/.local/lib/python3.7/site-packages/airflow/example_dags/example_branch_python_dop_operator_3.py for tasks to queue
[2022-12-09T18:52:05.476+0000] {logging_mixin.py:137} INFO - [2022-12-09T18:52:05.476+0000] {dagbag.py:537} INFO - Filling up the DagBag from /home/airflow/.local/lib/python3.7/site-packages/airflow/example_dags/example_branch_python_dop_operator_3.py
[2022-12-09T18:52:05.503+0000] {processor.py:766} INFO - DAG(s) dict_keys(['example_branch_dop_operator_v3']) retrieved from /home/airflow/.local/lib/python3.7/site-packages/airflow/example_dags/example_branch_python_dop_operator_3.py
[2022-12-09T18:52:05.560+0000] {logging_mixin.py:137} INFO - [2022-12-09T18:52:05.560+0000] {dag.py:2585} INFO - Sync 1 DAGs
[2022-12-09T18:52:05.594+0000] {logging_mixin.py:137} INFO - [2022-12-09T18:52:05.594+0000] {dag.py:3340} INFO - Setting next_dagrun for example_branch_dop_operator_v3 to 2022-12-09T18:51:00+00:00, run_after=2022-12-09T18:52:00+00:00
[2022-12-09T18:52:05.632+0000] {processor.py:176} INFO - Processing /home/airflow/.local/lib/python3.7/site-packages/airflow/example_dags/example_branch_python_dop_operator_3.py took 0.165 seconds
[2022-12-09T18:52:35.766+0000] {processor.py:154} INFO - Started process (PID=1301) to work on /home/airflow/.local/lib/python3.7/site-packages/airflow/example_dags/example_branch_python_dop_operator_3.py
[2022-12-09T18:52:35.768+0000] {processor.py:756} INFO - Processing file /home/airflow/.local/lib/python3.7/site-packages/airflow/example_dags/example_branch_python_dop_operator_3.py for tasks to queue
[2022-12-09T18:52:35.770+0000] {logging_mixin.py:137} INFO - [2022-12-09T18:52:35.770+0000] {dagbag.py:537} INFO - Filling up the DagBag from /home/airflow/.local/lib/python3.7/site-packages/airflow/example_dags/example_branch_python_dop_operator_3.py
[2022-12-09T18:52:35.792+0000] {processor.py:766} INFO - DAG(s) dict_keys(['example_branch_dop_operator_v3']) retrieved from /home/airflow/.local/lib/python3.7/site-packages/airflow/example_dags/example_branch_python_dop_operator_3.py
[2022-12-09T18:52:35.823+0000] {logging_mixin.py:137} INFO - [2022-12-09T18:52:35.823+0000] {dag.py:2585} INFO - Sync 1 DAGs
[2022-12-09T18:52:35.849+0000] {logging_mixin.py:137} INFO - [2022-12-09T18:52:35.849+0000] {dag.py:3340} INFO - Setting next_dagrun for example_branch_dop_operator_v3 to 2022-12-09T18:51:00+00:00, run_after=2022-12-09T18:52:00+00:00
[2022-12-09T18:52:35.868+0000] {processor.py:176} INFO - Processing /home/airflow/.local/lib/python3.7/site-packages/airflow/example_dags/example_branch_python_dop_operator_3.py took 0.106 seconds
[2022-12-09T18:53:06.609+0000] {processor.py:154} INFO - Started process (PID=1365) to work on /home/airflow/.local/lib/python3.7/site-packages/airflow/example_dags/example_branch_python_dop_operator_3.py
[2022-12-09T18:53:06.610+0000] {processor.py:756} INFO - Processing file /home/airflow/.local/lib/python3.7/site-packages/airflow/example_dags/example_branch_python_dop_operator_3.py for tasks to queue
[2022-12-09T18:53:06.611+0000] {logging_mixin.py:137} INFO - [2022-12-09T18:53:06.611+0000] {dagbag.py:537} INFO - Filling up the DagBag from /home/airflow/.local/lib/python3.7/site-packages/airflow/example_dags/example_branch_python_dop_operator_3.py
[2022-12-09T18:53:06.626+0000] {processor.py:766} INFO - DAG(s) dict_keys(['example_branch_dop_operator_v3']) retrieved from /home/airflow/.local/lib/python3.7/site-packages/airflow/example_dags/example_branch_python_dop_operator_3.py
[2022-12-09T18:53:06.651+0000] {logging_mixin.py:137} INFO - [2022-12-09T18:53:06.651+0000] {dag.py:2585} INFO - Sync 1 DAGs
[2022-12-09T18:53:06.670+0000] {logging_mixin.py:137} INFO - [2022-12-09T18:53:06.670+0000] {dag.py:3340} INFO - Setting next_dagrun for example_branch_dop_operator_v3 to 2022-12-09T18:52:00+00:00, run_after=2022-12-09T18:53:00+00:00
[2022-12-09T18:53:06.683+0000] {processor.py:176} INFO - Processing /home/airflow/.local/lib/python3.7/site-packages/airflow/example_dags/example_branch_python_dop_operator_3.py took 0.076 seconds
[2022-12-09T18:53:37.134+0000] {processor.py:154} INFO - Started process (PID=1421) to work on /home/airflow/.local/lib/python3.7/site-packages/airflow/example_dags/example_branch_python_dop_operator_3.py
[2022-12-09T18:53:37.136+0000] {processor.py:756} INFO - Processing file /home/airflow/.local/lib/python3.7/site-packages/airflow/example_dags/example_branch_python_dop_operator_3.py for tasks to queue
[2022-12-09T18:53:37.137+0000] {logging_mixin.py:137} INFO - [2022-12-09T18:53:37.137+0000] {dagbag.py:537} INFO - Filling up the DagBag from /home/airflow/.local/lib/python3.7/site-packages/airflow/example_dags/example_branch_python_dop_operator_3.py
[2022-12-09T18:53:37.154+0000] {processor.py:766} INFO - DAG(s) dict_keys(['example_branch_dop_operator_v3']) retrieved from /home/airflow/.local/lib/python3.7/site-packages/airflow/example_dags/example_branch_python_dop_operator_3.py
[2022-12-09T18:53:37.194+0000] {logging_mixin.py:137} INFO - [2022-12-09T18:53:37.194+0000] {dag.py:2585} INFO - Sync 1 DAGs
[2022-12-09T18:53:37.218+0000] {logging_mixin.py:137} INFO - [2022-12-09T18:53:37.218+0000] {dag.py:3340} INFO - Setting next_dagrun for example_branch_dop_operator_v3 to 2022-12-09T18:52:00+00:00, run_after=2022-12-09T18:53:00+00:00
[2022-12-09T18:53:37.234+0000] {processor.py:176} INFO - Processing /home/airflow/.local/lib/python3.7/site-packages/airflow/example_dags/example_branch_python_dop_operator_3.py took 0.102 seconds
[2022-12-09T18:54:07.411+0000] {processor.py:154} INFO - Started process (PID=1487) to work on /home/airflow/.local/lib/python3.7/site-packages/airflow/example_dags/example_branch_python_dop_operator_3.py
[2022-12-09T18:54:07.414+0000] {processor.py:756} INFO - Processing file /home/airflow/.local/lib/python3.7/site-packages/airflow/example_dags/example_branch_python_dop_operator_3.py for tasks to queue
[2022-12-09T18:54:07.419+0000] {logging_mixin.py:137} INFO - [2022-12-09T18:54:07.419+0000] {dagbag.py:537} INFO - Filling up the DagBag from /home/airflow/.local/lib/python3.7/site-packages/airflow/example_dags/example_branch_python_dop_operator_3.py
[2022-12-09T18:54:07.442+0000] {processor.py:766} INFO - DAG(s) dict_keys(['example_branch_dop_operator_v3']) retrieved from /home/airflow/.local/lib/python3.7/site-packages/airflow/example_dags/example_branch_python_dop_operator_3.py
[2022-12-09T18:54:07.480+0000] {logging_mixin.py:137} INFO - [2022-12-09T18:54:07.480+0000] {dag.py:2585} INFO - Sync 1 DAGs
[2022-12-09T18:54:07.499+0000] {logging_mixin.py:137} INFO - [2022-12-09T18:54:07.499+0000] {dag.py:3340} INFO - Setting next_dagrun for example_branch_dop_operator_v3 to 2022-12-09T18:53:00+00:00, run_after=2022-12-09T18:54:00+00:00
[2022-12-09T18:54:07.515+0000] {processor.py:176} INFO - Processing /home/airflow/.local/lib/python3.7/site-packages/airflow/example_dags/example_branch_python_dop_operator_3.py took 0.107 seconds
[2022-12-09T18:54:38.277+0000] {processor.py:154} INFO - Started process (PID=1552) to work on /home/airflow/.local/lib/python3.7/site-packages/airflow/example_dags/example_branch_python_dop_operator_3.py
[2022-12-09T18:54:38.282+0000] {processor.py:756} INFO - Processing file /home/airflow/.local/lib/python3.7/site-packages/airflow/example_dags/example_branch_python_dop_operator_3.py for tasks to queue
[2022-12-09T18:54:38.285+0000] {logging_mixin.py:137} INFO - [2022-12-09T18:54:38.285+0000] {dagbag.py:537} INFO - Filling up the DagBag from /home/airflow/.local/lib/python3.7/site-packages/airflow/example_dags/example_branch_python_dop_operator_3.py
[2022-12-09T18:54:38.313+0000] {processor.py:766} INFO - DAG(s) dict_keys(['example_branch_dop_operator_v3']) retrieved from /home/airflow/.local/lib/python3.7/site-packages/airflow/example_dags/example_branch_python_dop_operator_3.py
[2022-12-09T18:54:38.413+0000] {logging_mixin.py:137} INFO - [2022-12-09T18:54:38.413+0000] {dag.py:2585} INFO - Sync 1 DAGs
[2022-12-09T18:54:38.452+0000] {logging_mixin.py:137} INFO - [2022-12-09T18:54:38.452+0000] {dag.py:3340} INFO - Setting next_dagrun for example_branch_dop_operator_v3 to 2022-12-09T18:53:00+00:00, run_after=2022-12-09T18:54:00+00:00
[2022-12-09T18:54:38.469+0000] {processor.py:176} INFO - Processing /home/airflow/.local/lib/python3.7/site-packages/airflow/example_dags/example_branch_python_dop_operator_3.py took 0.195 seconds
[2022-12-09T18:55:08.720+0000] {processor.py:154} INFO - Started process (PID=1615) to work on /home/airflow/.local/lib/python3.7/site-packages/airflow/example_dags/example_branch_python_dop_operator_3.py
[2022-12-09T18:55:08.721+0000] {processor.py:756} INFO - Processing file /home/airflow/.local/lib/python3.7/site-packages/airflow/example_dags/example_branch_python_dop_operator_3.py for tasks to queue
[2022-12-09T18:55:08.722+0000] {logging_mixin.py:137} INFO - [2022-12-09T18:55:08.722+0000] {dagbag.py:537} INFO - Filling up the DagBag from /home/airflow/.local/lib/python3.7/site-packages/airflow/example_dags/example_branch_python_dop_operator_3.py
[2022-12-09T18:55:08.737+0000] {processor.py:766} INFO - DAG(s) dict_keys(['example_branch_dop_operator_v3']) retrieved from /home/airflow/.local/lib/python3.7/site-packages/airflow/example_dags/example_branch_python_dop_operator_3.py
[2022-12-09T18:55:08.768+0000] {logging_mixin.py:137} INFO - [2022-12-09T18:55:08.767+0000] {dag.py:2585} INFO - Sync 1 DAGs
[2022-12-09T18:55:08.789+0000] {logging_mixin.py:137} INFO - [2022-12-09T18:55:08.789+0000] {dag.py:3340} INFO - Setting next_dagrun for example_branch_dop_operator_v3 to 2022-12-09T18:54:00+00:00, run_after=2022-12-09T18:55:00+00:00
[2022-12-09T18:55:08.802+0000] {processor.py:176} INFO - Processing /home/airflow/.local/lib/python3.7/site-packages/airflow/example_dags/example_branch_python_dop_operator_3.py took 0.085 seconds
[2022-12-09T18:55:39.381+0000] {processor.py:154} INFO - Started process (PID=1670) to work on /home/airflow/.local/lib/python3.7/site-packages/airflow/example_dags/example_branch_python_dop_operator_3.py
[2022-12-09T18:55:39.384+0000] {processor.py:756} INFO - Processing file /home/airflow/.local/lib/python3.7/site-packages/airflow/example_dags/example_branch_python_dop_operator_3.py for tasks to queue
[2022-12-09T18:55:39.386+0000] {logging_mixin.py:137} INFO - [2022-12-09T18:55:39.386+0000] {dagbag.py:537} INFO - Filling up the DagBag from /home/airflow/.local/lib/python3.7/site-packages/airflow/example_dags/example_branch_python_dop_operator_3.py
[2022-12-09T18:55:39.402+0000] {processor.py:766} INFO - DAG(s) dict_keys(['example_branch_dop_operator_v3']) retrieved from /home/airflow/.local/lib/python3.7/site-packages/airflow/example_dags/example_branch_python_dop_operator_3.py
[2022-12-09T18:55:39.434+0000] {logging_mixin.py:137} INFO - [2022-12-09T18:55:39.434+0000] {dag.py:2585} INFO - Sync 1 DAGs
[2022-12-09T18:55:39.454+0000] {logging_mixin.py:137} INFO - [2022-12-09T18:55:39.454+0000] {dag.py:3340} INFO - Setting next_dagrun for example_branch_dop_operator_v3 to 2022-12-09T18:54:00+00:00, run_after=2022-12-09T18:55:00+00:00
[2022-12-09T18:55:39.467+0000] {processor.py:176} INFO - Processing /home/airflow/.local/lib/python3.7/site-packages/airflow/example_dags/example_branch_python_dop_operator_3.py took 0.089 seconds
[2022-12-09T18:56:11.739+0000] {processor.py:154} INFO - Started process (PID=1734) to work on /home/airflow/.local/lib/python3.7/site-packages/airflow/example_dags/example_branch_python_dop_operator_3.py
[2022-12-09T18:56:11.745+0000] {processor.py:756} INFO - Processing file /home/airflow/.local/lib/python3.7/site-packages/airflow/example_dags/example_branch_python_dop_operator_3.py for tasks to queue
[2022-12-09T18:56:11.749+0000] {logging_mixin.py:137} INFO - [2022-12-09T18:56:11.749+0000] {dagbag.py:537} INFO - Filling up the DagBag from /home/airflow/.local/lib/python3.7/site-packages/airflow/example_dags/example_branch_python_dop_operator_3.py
[2022-12-09T18:56:11.788+0000] {processor.py:766} INFO - DAG(s) dict_keys(['example_branch_dop_operator_v3']) retrieved from /home/airflow/.local/lib/python3.7/site-packages/airflow/example_dags/example_branch_python_dop_operator_3.py
[2022-12-09T18:56:11.839+0000] {logging_mixin.py:137} INFO - [2022-12-09T18:56:11.839+0000] {dag.py:2585} INFO - Sync 1 DAGs
[2022-12-09T18:56:11.869+0000] {logging_mixin.py:137} INFO - [2022-12-09T18:56:11.869+0000] {dag.py:3340} INFO - Setting next_dagrun for example_branch_dop_operator_v3 to 2022-12-09T18:55:00+00:00, run_after=2022-12-09T18:56:00+00:00
[2022-12-09T18:56:11.897+0000] {processor.py:176} INFO - Processing /home/airflow/.local/lib/python3.7/site-packages/airflow/example_dags/example_branch_python_dop_operator_3.py took 0.161 seconds
[2022-12-09T18:56:42.734+0000] {processor.py:154} INFO - Started process (PID=1798) to work on /home/airflow/.local/lib/python3.7/site-packages/airflow/example_dags/example_branch_python_dop_operator_3.py
[2022-12-09T18:56:42.736+0000] {processor.py:756} INFO - Processing file /home/airflow/.local/lib/python3.7/site-packages/airflow/example_dags/example_branch_python_dop_operator_3.py for tasks to queue
[2022-12-09T18:56:42.738+0000] {logging_mixin.py:137} INFO - [2022-12-09T18:56:42.738+0000] {dagbag.py:537} INFO - Filling up the DagBag from /home/airflow/.local/lib/python3.7/site-packages/airflow/example_dags/example_branch_python_dop_operator_3.py
[2022-12-09T18:56:42.756+0000] {processor.py:766} INFO - DAG(s) dict_keys(['example_branch_dop_operator_v3']) retrieved from /home/airflow/.local/lib/python3.7/site-packages/airflow/example_dags/example_branch_python_dop_operator_3.py
[2022-12-09T18:56:42.798+0000] {logging_mixin.py:137} INFO - [2022-12-09T18:56:42.798+0000] {dag.py:2585} INFO - Sync 1 DAGs
[2022-12-09T18:56:42.818+0000] {logging_mixin.py:137} INFO - [2022-12-09T18:56:42.818+0000] {dag.py:3340} INFO - Setting next_dagrun for example_branch_dop_operator_v3 to 2022-12-09T18:55:00+00:00, run_after=2022-12-09T18:56:00+00:00
[2022-12-09T18:56:42.839+0000] {processor.py:176} INFO - Processing /home/airflow/.local/lib/python3.7/site-packages/airflow/example_dags/example_branch_python_dop_operator_3.py took 0.107 seconds
[2022-12-09T18:57:13.952+0000] {processor.py:154} INFO - Started process (PID=1862) to work on /home/airflow/.local/lib/python3.7/site-packages/airflow/example_dags/example_branch_python_dop_operator_3.py
[2022-12-09T18:57:13.954+0000] {processor.py:756} INFO - Processing file /home/airflow/.local/lib/python3.7/site-packages/airflow/example_dags/example_branch_python_dop_operator_3.py for tasks to queue
[2022-12-09T18:57:13.956+0000] {logging_mixin.py:137} INFO - [2022-12-09T18:57:13.956+0000] {dagbag.py:537} INFO - Filling up the DagBag from /home/airflow/.local/lib/python3.7/site-packages/airflow/example_dags/example_branch_python_dop_operator_3.py
[2022-12-09T18:57:13.979+0000] {processor.py:766} INFO - DAG(s) dict_keys(['example_branch_dop_operator_v3']) retrieved from /home/airflow/.local/lib/python3.7/site-packages/airflow/example_dags/example_branch_python_dop_operator_3.py
[2022-12-09T18:57:14.012+0000] {logging_mixin.py:137} INFO - [2022-12-09T18:57:14.012+0000] {dag.py:2585} INFO - Sync 1 DAGs
[2022-12-09T18:57:14.040+0000] {logging_mixin.py:137} INFO - [2022-12-09T18:57:14.040+0000] {dag.py:3340} INFO - Setting next_dagrun for example_branch_dop_operator_v3 to 2022-12-09T18:56:00+00:00, run_after=2022-12-09T18:57:00+00:00
[2022-12-09T18:57:14.059+0000] {processor.py:176} INFO - Processing /home/airflow/.local/lib/python3.7/site-packages/airflow/example_dags/example_branch_python_dop_operator_3.py took 0.111 seconds
[2022-12-09T18:57:45.314+0000] {processor.py:154} INFO - Started process (PID=1917) to work on /home/airflow/.local/lib/python3.7/site-packages/airflow/example_dags/example_branch_python_dop_operator_3.py
[2022-12-09T18:57:45.319+0000] {processor.py:756} INFO - Processing file /home/airflow/.local/lib/python3.7/site-packages/airflow/example_dags/example_branch_python_dop_operator_3.py for tasks to queue
[2022-12-09T18:57:45.326+0000] {logging_mixin.py:137} INFO - [2022-12-09T18:57:45.326+0000] {dagbag.py:537} INFO - Filling up the DagBag from /home/airflow/.local/lib/python3.7/site-packages/airflow/example_dags/example_branch_python_dop_operator_3.py
[2022-12-09T18:57:45.365+0000] {processor.py:766} INFO - DAG(s) dict_keys(['example_branch_dop_operator_v3']) retrieved from /home/airflow/.local/lib/python3.7/site-packages/airflow/example_dags/example_branch_python_dop_operator_3.py
[2022-12-09T18:57:45.408+0000] {logging_mixin.py:137} INFO - [2022-12-09T18:57:45.408+0000] {dag.py:2585} INFO - Sync 1 DAGs
[2022-12-09T18:57:45.430+0000] {logging_mixin.py:137} INFO - [2022-12-09T18:57:45.430+0000] {dag.py:3340} INFO - Setting next_dagrun for example_branch_dop_operator_v3 to 2022-12-09T18:56:00+00:00, run_after=2022-12-09T18:57:00+00:00
[2022-12-09T18:57:45.448+0000] {processor.py:176} INFO - Processing /home/airflow/.local/lib/python3.7/site-packages/airflow/example_dags/example_branch_python_dop_operator_3.py took 0.140 seconds
[2022-12-09T18:58:16.296+0000] {processor.py:154} INFO - Started process (PID=1980) to work on /home/airflow/.local/lib/python3.7/site-packages/airflow/example_dags/example_branch_python_dop_operator_3.py
[2022-12-09T18:58:16.301+0000] {processor.py:756} INFO - Processing file /home/airflow/.local/lib/python3.7/site-packages/airflow/example_dags/example_branch_python_dop_operator_3.py for tasks to queue
[2022-12-09T18:58:16.304+0000] {logging_mixin.py:137} INFO - [2022-12-09T18:58:16.304+0000] {dagbag.py:537} INFO - Filling up the DagBag from /home/airflow/.local/lib/python3.7/site-packages/airflow/example_dags/example_branch_python_dop_operator_3.py
[2022-12-09T18:58:16.329+0000] {processor.py:766} INFO - DAG(s) dict_keys(['example_branch_dop_operator_v3']) retrieved from /home/airflow/.local/lib/python3.7/site-packages/airflow/example_dags/example_branch_python_dop_operator_3.py
[2022-12-09T18:58:16.363+0000] {logging_mixin.py:137} INFO - [2022-12-09T18:58:16.362+0000] {dag.py:2585} INFO - Sync 1 DAGs
[2022-12-09T18:58:16.385+0000] {logging_mixin.py:137} INFO - [2022-12-09T18:58:16.385+0000] {dag.py:3340} INFO - Setting next_dagrun for example_branch_dop_operator_v3 to 2022-12-09T18:57:00+00:00, run_after=2022-12-09T18:58:00+00:00
[2022-12-09T18:58:16.400+0000] {processor.py:176} INFO - Processing /home/airflow/.local/lib/python3.7/site-packages/airflow/example_dags/example_branch_python_dop_operator_3.py took 0.114 seconds
[2022-12-09T18:58:47.226+0000] {processor.py:154} INFO - Started process (PID=2046) to work on /home/airflow/.local/lib/python3.7/site-packages/airflow/example_dags/example_branch_python_dop_operator_3.py
[2022-12-09T18:58:47.235+0000] {processor.py:756} INFO - Processing file /home/airflow/.local/lib/python3.7/site-packages/airflow/example_dags/example_branch_python_dop_operator_3.py for tasks to queue
[2022-12-09T18:58:47.240+0000] {logging_mixin.py:137} INFO - [2022-12-09T18:58:47.240+0000] {dagbag.py:537} INFO - Filling up the DagBag from /home/airflow/.local/lib/python3.7/site-packages/airflow/example_dags/example_branch_python_dop_operator_3.py
[2022-12-09T18:58:47.306+0000] {processor.py:766} INFO - DAG(s) dict_keys(['example_branch_dop_operator_v3']) retrieved from /home/airflow/.local/lib/python3.7/site-packages/airflow/example_dags/example_branch_python_dop_operator_3.py
[2022-12-09T18:58:47.422+0000] {logging_mixin.py:137} INFO - [2022-12-09T18:58:47.422+0000] {dag.py:2585} INFO - Sync 1 DAGs
[2022-12-09T18:58:47.458+0000] {logging_mixin.py:137} INFO - [2022-12-09T18:58:47.458+0000] {dag.py:3340} INFO - Setting next_dagrun for example_branch_dop_operator_v3 to 2022-12-09T18:57:00+00:00, run_after=2022-12-09T18:58:00+00:00
[2022-12-09T18:58:47.479+0000] {processor.py:176} INFO - Processing /home/airflow/.local/lib/python3.7/site-packages/airflow/example_dags/example_branch_python_dop_operator_3.py took 0.266 seconds
[2022-12-09T18:59:18.416+0000] {processor.py:154} INFO - Started process (PID=2110) to work on /home/airflow/.local/lib/python3.7/site-packages/airflow/example_dags/example_branch_python_dop_operator_3.py
[2022-12-09T18:59:18.418+0000] {processor.py:756} INFO - Processing file /home/airflow/.local/lib/python3.7/site-packages/airflow/example_dags/example_branch_python_dop_operator_3.py for tasks to queue
[2022-12-09T18:59:18.419+0000] {logging_mixin.py:137} INFO - [2022-12-09T18:59:18.419+0000] {dagbag.py:537} INFO - Filling up the DagBag from /home/airflow/.local/lib/python3.7/site-packages/airflow/example_dags/example_branch_python_dop_operator_3.py
[2022-12-09T18:59:18.437+0000] {processor.py:766} INFO - DAG(s) dict_keys(['example_branch_dop_operator_v3']) retrieved from /home/airflow/.local/lib/python3.7/site-packages/airflow/example_dags/example_branch_python_dop_operator_3.py
[2022-12-09T18:59:18.470+0000] {logging_mixin.py:137} INFO - [2022-12-09T18:59:18.470+0000] {dag.py:2585} INFO - Sync 1 DAGs
[2022-12-09T18:59:18.491+0000] {logging_mixin.py:137} INFO - [2022-12-09T18:59:18.491+0000] {dag.py:3340} INFO - Setting next_dagrun for example_branch_dop_operator_v3 to 2022-12-09T18:58:00+00:00, run_after=2022-12-09T18:59:00+00:00
[2022-12-09T18:59:18.506+0000] {processor.py:176} INFO - Processing /home/airflow/.local/lib/python3.7/site-packages/airflow/example_dags/example_branch_python_dop_operator_3.py took 0.093 seconds
[2022-12-09T18:59:49.248+0000] {processor.py:154} INFO - Started process (PID=2165) to work on /home/airflow/.local/lib/python3.7/site-packages/airflow/example_dags/example_branch_python_dop_operator_3.py
[2022-12-09T18:59:49.251+0000] {processor.py:756} INFO - Processing file /home/airflow/.local/lib/python3.7/site-packages/airflow/example_dags/example_branch_python_dop_operator_3.py for tasks to queue
[2022-12-09T18:59:49.253+0000] {logging_mixin.py:137} INFO - [2022-12-09T18:59:49.253+0000] {dagbag.py:537} INFO - Filling up the DagBag from /home/airflow/.local/lib/python3.7/site-packages/airflow/example_dags/example_branch_python_dop_operator_3.py
[2022-12-09T18:59:49.280+0000] {processor.py:766} INFO - DAG(s) dict_keys(['example_branch_dop_operator_v3']) retrieved from /home/airflow/.local/lib/python3.7/site-packages/airflow/example_dags/example_branch_python_dop_operator_3.py
[2022-12-09T18:59:49.324+0000] {logging_mixin.py:137} INFO - [2022-12-09T18:59:49.324+0000] {dag.py:2585} INFO - Sync 1 DAGs
[2022-12-09T18:59:49.345+0000] {logging_mixin.py:137} INFO - [2022-12-09T18:59:49.344+0000] {dag.py:3340} INFO - Setting next_dagrun for example_branch_dop_operator_v3 to 2022-12-09T18:58:00+00:00, run_after=2022-12-09T18:59:00+00:00
[2022-12-09T18:59:49.357+0000] {processor.py:176} INFO - Processing /home/airflow/.local/lib/python3.7/site-packages/airflow/example_dags/example_branch_python_dop_operator_3.py took 0.114 seconds
[2022-12-09T19:00:20.225+0000] {processor.py:154} INFO - Started process (PID=2229) to work on /home/airflow/.local/lib/python3.7/site-packages/airflow/example_dags/example_branch_python_dop_operator_3.py
[2022-12-09T19:00:20.229+0000] {processor.py:756} INFO - Processing file /home/airflow/.local/lib/python3.7/site-packages/airflow/example_dags/example_branch_python_dop_operator_3.py for tasks to queue
[2022-12-09T19:00:20.231+0000] {logging_mixin.py:137} INFO - [2022-12-09T19:00:20.231+0000] {dagbag.py:537} INFO - Filling up the DagBag from /home/airflow/.local/lib/python3.7/site-packages/airflow/example_dags/example_branch_python_dop_operator_3.py
[2022-12-09T19:00:20.260+0000] {processor.py:766} INFO - DAG(s) dict_keys(['example_branch_dop_operator_v3']) retrieved from /home/airflow/.local/lib/python3.7/site-packages/airflow/example_dags/example_branch_python_dop_operator_3.py
[2022-12-09T19:00:20.290+0000] {logging_mixin.py:137} INFO - [2022-12-09T19:00:20.290+0000] {dag.py:2585} INFO - Sync 1 DAGs
[2022-12-09T19:00:20.308+0000] {logging_mixin.py:137} INFO - [2022-12-09T19:00:20.308+0000] {dag.py:3340} INFO - Setting next_dagrun for example_branch_dop_operator_v3 to 2022-12-09T18:59:00+00:00, run_after=2022-12-09T19:00:00+00:00
[2022-12-09T19:00:20.323+0000] {processor.py:176} INFO - Processing /home/airflow/.local/lib/python3.7/site-packages/airflow/example_dags/example_branch_python_dop_operator_3.py took 0.104 seconds
[2022-12-09T19:00:50.888+0000] {processor.py:154} INFO - Started process (PID=2292) to work on /home/airflow/.local/lib/python3.7/site-packages/airflow/example_dags/example_branch_python_dop_operator_3.py
[2022-12-09T19:00:50.893+0000] {processor.py:756} INFO - Processing file /home/airflow/.local/lib/python3.7/site-packages/airflow/example_dags/example_branch_python_dop_operator_3.py for tasks to queue
[2022-12-09T19:00:50.895+0000] {logging_mixin.py:137} INFO - [2022-12-09T19:00:50.895+0000] {dagbag.py:537} INFO - Filling up the DagBag from /home/airflow/.local/lib/python3.7/site-packages/airflow/example_dags/example_branch_python_dop_operator_3.py
[2022-12-09T19:00:50.917+0000] {processor.py:766} INFO - DAG(s) dict_keys(['example_branch_dop_operator_v3']) retrieved from /home/airflow/.local/lib/python3.7/site-packages/airflow/example_dags/example_branch_python_dop_operator_3.py
[2022-12-09T19:00:50.943+0000] {logging_mixin.py:137} INFO - [2022-12-09T19:00:50.943+0000] {dag.py:2585} INFO - Sync 1 DAGs
[2022-12-09T19:00:50.959+0000] {logging_mixin.py:137} INFO - [2022-12-09T19:00:50.959+0000] {dag.py:3340} INFO - Setting next_dagrun for example_branch_dop_operator_v3 to 2022-12-09T18:59:00+00:00, run_after=2022-12-09T19:00:00+00:00
[2022-12-09T19:00:50.974+0000] {processor.py:176} INFO - Processing /home/airflow/.local/lib/python3.7/site-packages/airflow/example_dags/example_branch_python_dop_operator_3.py took 0.090 seconds
[2022-12-09T19:01:21.285+0000] {processor.py:154} INFO - Started process (PID=2357) to work on /home/airflow/.local/lib/python3.7/site-packages/airflow/example_dags/example_branch_python_dop_operator_3.py
[2022-12-09T19:01:21.287+0000] {processor.py:756} INFO - Processing file /home/airflow/.local/lib/python3.7/site-packages/airflow/example_dags/example_branch_python_dop_operator_3.py for tasks to queue
[2022-12-09T19:01:21.289+0000] {logging_mixin.py:137} INFO - [2022-12-09T19:01:21.289+0000] {dagbag.py:537} INFO - Filling up the DagBag from /home/airflow/.local/lib/python3.7/site-packages/airflow/example_dags/example_branch_python_dop_operator_3.py
[2022-12-09T19:01:21.314+0000] {processor.py:766} INFO - DAG(s) dict_keys(['example_branch_dop_operator_v3']) retrieved from /home/airflow/.local/lib/python3.7/site-packages/airflow/example_dags/example_branch_python_dop_operator_3.py
[2022-12-09T19:01:21.357+0000] {logging_mixin.py:137} INFO - [2022-12-09T19:01:21.357+0000] {dag.py:2585} INFO - Sync 1 DAGs
[2022-12-09T19:01:21.379+0000] {logging_mixin.py:137} INFO - [2022-12-09T19:01:21.379+0000] {dag.py:3340} INFO - Setting next_dagrun for example_branch_dop_operator_v3 to 2022-12-09T19:00:00+00:00, run_after=2022-12-09T19:01:00+00:00
[2022-12-09T19:01:21.391+0000] {processor.py:176} INFO - Processing /home/airflow/.local/lib/python3.7/site-packages/airflow/example_dags/example_branch_python_dop_operator_3.py took 0.110 seconds
[2022-12-09T19:01:51.677+0000] {processor.py:154} INFO - Started process (PID=2421) to work on /home/airflow/.local/lib/python3.7/site-packages/airflow/example_dags/example_branch_python_dop_operator_3.py
[2022-12-09T19:01:51.679+0000] {processor.py:756} INFO - Processing file /home/airflow/.local/lib/python3.7/site-packages/airflow/example_dags/example_branch_python_dop_operator_3.py for tasks to queue
[2022-12-09T19:01:51.684+0000] {logging_mixin.py:137} INFO - [2022-12-09T19:01:51.684+0000] {dagbag.py:537} INFO - Filling up the DagBag from /home/airflow/.local/lib/python3.7/site-packages/airflow/example_dags/example_branch_python_dop_operator_3.py
[2022-12-09T19:01:51.711+0000] {processor.py:766} INFO - DAG(s) dict_keys(['example_branch_dop_operator_v3']) retrieved from /home/airflow/.local/lib/python3.7/site-packages/airflow/example_dags/example_branch_python_dop_operator_3.py
[2022-12-09T19:01:51.767+0000] {logging_mixin.py:137} INFO - [2022-12-09T19:01:51.766+0000] {dag.py:2585} INFO - Sync 1 DAGs
[2022-12-09T19:01:51.800+0000] {logging_mixin.py:137} INFO - [2022-12-09T19:01:51.800+0000] {dag.py:3340} INFO - Setting next_dagrun for example_branch_dop_operator_v3 to 2022-12-09T19:00:00+00:00, run_after=2022-12-09T19:01:00+00:00
[2022-12-09T19:01:51.813+0000] {processor.py:176} INFO - Processing /home/airflow/.local/lib/python3.7/site-packages/airflow/example_dags/example_branch_python_dop_operator_3.py took 0.139 seconds
[2022-12-09T19:02:22.826+0000] {processor.py:154} INFO - Started process (PID=2483) to work on /home/airflow/.local/lib/python3.7/site-packages/airflow/example_dags/example_branch_python_dop_operator_3.py
[2022-12-09T19:02:22.831+0000] {processor.py:756} INFO - Processing file /home/airflow/.local/lib/python3.7/site-packages/airflow/example_dags/example_branch_python_dop_operator_3.py for tasks to queue
[2022-12-09T19:02:22.842+0000] {logging_mixin.py:137} INFO - [2022-12-09T19:02:22.842+0000] {dagbag.py:537} INFO - Filling up the DagBag from /home/airflow/.local/lib/python3.7/site-packages/airflow/example_dags/example_branch_python_dop_operator_3.py
[2022-12-09T19:02:22.921+0000] {processor.py:766} INFO - DAG(s) dict_keys(['example_branch_dop_operator_v3']) retrieved from /home/airflow/.local/lib/python3.7/site-packages/airflow/example_dags/example_branch_python_dop_operator_3.py
[2022-12-09T19:02:22.981+0000] {logging_mixin.py:137} INFO - [2022-12-09T19:02:22.980+0000] {dag.py:2585} INFO - Sync 1 DAGs
[2022-12-09T19:02:23.009+0000] {logging_mixin.py:137} INFO - [2022-12-09T19:02:23.009+0000] {dag.py:3340} INFO - Setting next_dagrun for example_branch_dop_operator_v3 to 2022-12-09T19:01:00+00:00, run_after=2022-12-09T19:02:00+00:00
[2022-12-09T19:02:23.024+0000] {processor.py:176} INFO - Processing /home/airflow/.local/lib/python3.7/site-packages/airflow/example_dags/example_branch_python_dop_operator_3.py took 0.210 seconds
[2022-12-09T19:02:53.233+0000] {processor.py:154} INFO - Started process (PID=2540) to work on /home/airflow/.local/lib/python3.7/site-packages/airflow/example_dags/example_branch_python_dop_operator_3.py
[2022-12-09T19:02:53.240+0000] {processor.py:756} INFO - Processing file /home/airflow/.local/lib/python3.7/site-packages/airflow/example_dags/example_branch_python_dop_operator_3.py for tasks to queue
[2022-12-09T19:02:53.250+0000] {logging_mixin.py:137} INFO - [2022-12-09T19:02:53.249+0000] {dagbag.py:537} INFO - Filling up the DagBag from /home/airflow/.local/lib/python3.7/site-packages/airflow/example_dags/example_branch_python_dop_operator_3.py
[2022-12-09T19:02:53.319+0000] {processor.py:766} INFO - DAG(s) dict_keys(['example_branch_dop_operator_v3']) retrieved from /home/airflow/.local/lib/python3.7/site-packages/airflow/example_dags/example_branch_python_dop_operator_3.py
[2022-12-09T19:02:53.457+0000] {logging_mixin.py:137} INFO - [2022-12-09T19:02:53.457+0000] {dag.py:2585} INFO - Sync 1 DAGs
[2022-12-09T19:02:53.504+0000] {logging_mixin.py:137} INFO - [2022-12-09T19:02:53.504+0000] {dag.py:3340} INFO - Setting next_dagrun for example_branch_dop_operator_v3 to 2022-12-09T19:01:00+00:00, run_after=2022-12-09T19:02:00+00:00
[2022-12-09T19:02:53.542+0000] {processor.py:176} INFO - Processing /home/airflow/.local/lib/python3.7/site-packages/airflow/example_dags/example_branch_python_dop_operator_3.py took 0.319 seconds
[2022-12-09T19:03:24.473+0000] {processor.py:154} INFO - Started process (PID=2595) to work on /home/airflow/.local/lib/python3.7/site-packages/airflow/example_dags/example_branch_python_dop_operator_3.py
[2022-12-09T19:03:24.478+0000] {processor.py:756} INFO - Processing file /home/airflow/.local/lib/python3.7/site-packages/airflow/example_dags/example_branch_python_dop_operator_3.py for tasks to queue
[2022-12-09T19:03:24.480+0000] {logging_mixin.py:137} INFO - [2022-12-09T19:03:24.480+0000] {dagbag.py:537} INFO - Filling up the DagBag from /home/airflow/.local/lib/python3.7/site-packages/airflow/example_dags/example_branch_python_dop_operator_3.py
[2022-12-09T19:03:24.522+0000] {processor.py:766} INFO - DAG(s) dict_keys(['example_branch_dop_operator_v3']) retrieved from /home/airflow/.local/lib/python3.7/site-packages/airflow/example_dags/example_branch_python_dop_operator_3.py
[2022-12-09T19:03:24.581+0000] {logging_mixin.py:137} INFO - [2022-12-09T19:03:24.581+0000] {dag.py:2585} INFO - Sync 1 DAGs
[2022-12-09T19:03:24.607+0000] {logging_mixin.py:137} INFO - [2022-12-09T19:03:24.607+0000] {dag.py:3340} INFO - Setting next_dagrun for example_branch_dop_operator_v3 to 2022-12-09T19:02:00+00:00, run_after=2022-12-09T19:03:00+00:00
[2022-12-09T19:03:24.628+0000] {processor.py:176} INFO - Processing /home/airflow/.local/lib/python3.7/site-packages/airflow/example_dags/example_branch_python_dop_operator_3.py took 0.159 seconds
[2022-12-09T19:03:54.739+0000] {processor.py:154} INFO - Started process (PID=2649) to work on /home/airflow/.local/lib/python3.7/site-packages/airflow/example_dags/example_branch_python_dop_operator_3.py
[2022-12-09T19:03:54.742+0000] {processor.py:756} INFO - Processing file /home/airflow/.local/lib/python3.7/site-packages/airflow/example_dags/example_branch_python_dop_operator_3.py for tasks to queue
[2022-12-09T19:03:54.743+0000] {logging_mixin.py:137} INFO - [2022-12-09T19:03:54.743+0000] {dagbag.py:537} INFO - Filling up the DagBag from /home/airflow/.local/lib/python3.7/site-packages/airflow/example_dags/example_branch_python_dop_operator_3.py
[2022-12-09T19:03:54.768+0000] {processor.py:766} INFO - DAG(s) dict_keys(['example_branch_dop_operator_v3']) retrieved from /home/airflow/.local/lib/python3.7/site-packages/airflow/example_dags/example_branch_python_dop_operator_3.py
[2022-12-09T19:03:54.859+0000] {logging_mixin.py:137} INFO - [2022-12-09T19:03:54.859+0000] {dag.py:2585} INFO - Sync 1 DAGs
[2022-12-09T19:03:54.893+0000] {logging_mixin.py:137} INFO - [2022-12-09T19:03:54.893+0000] {dag.py:3340} INFO - Setting next_dagrun for example_branch_dop_operator_v3 to 2022-12-09T19:02:00+00:00, run_after=2022-12-09T19:03:00+00:00
[2022-12-09T19:03:54.928+0000] {processor.py:176} INFO - Processing /home/airflow/.local/lib/python3.7/site-packages/airflow/example_dags/example_branch_python_dop_operator_3.py took 0.192 seconds
[2022-12-09T19:04:25.168+0000] {processor.py:154} INFO - Started process (PID=2713) to work on /home/airflow/.local/lib/python3.7/site-packages/airflow/example_dags/example_branch_python_dop_operator_3.py
[2022-12-09T19:04:25.171+0000] {processor.py:756} INFO - Processing file /home/airflow/.local/lib/python3.7/site-packages/airflow/example_dags/example_branch_python_dop_operator_3.py for tasks to queue
[2022-12-09T19:04:25.173+0000] {logging_mixin.py:137} INFO - [2022-12-09T19:04:25.173+0000] {dagbag.py:537} INFO - Filling up the DagBag from /home/airflow/.local/lib/python3.7/site-packages/airflow/example_dags/example_branch_python_dop_operator_3.py
[2022-12-09T19:04:25.191+0000] {processor.py:766} INFO - DAG(s) dict_keys(['example_branch_dop_operator_v3']) retrieved from /home/airflow/.local/lib/python3.7/site-packages/airflow/example_dags/example_branch_python_dop_operator_3.py
[2022-12-09T19:04:25.221+0000] {logging_mixin.py:137} INFO - [2022-12-09T19:04:25.221+0000] {dag.py:2585} INFO - Sync 1 DAGs
[2022-12-09T19:04:25.240+0000] {logging_mixin.py:137} INFO - [2022-12-09T19:04:25.240+0000] {dag.py:3340} INFO - Setting next_dagrun for example_branch_dop_operator_v3 to 2022-12-09T19:03:00+00:00, run_after=2022-12-09T19:04:00+00:00
[2022-12-09T19:04:25.256+0000] {processor.py:176} INFO - Processing /home/airflow/.local/lib/python3.7/site-packages/airflow/example_dags/example_branch_python_dop_operator_3.py took 0.091 seconds
[2022-12-09T19:04:55.357+0000] {processor.py:154} INFO - Started process (PID=2779) to work on /home/airflow/.local/lib/python3.7/site-packages/airflow/example_dags/example_branch_python_dop_operator_3.py
[2022-12-09T19:04:55.358+0000] {processor.py:756} INFO - Processing file /home/airflow/.local/lib/python3.7/site-packages/airflow/example_dags/example_branch_python_dop_operator_3.py for tasks to queue
[2022-12-09T19:04:55.359+0000] {logging_mixin.py:137} INFO - [2022-12-09T19:04:55.359+0000] {dagbag.py:537} INFO - Filling up the DagBag from /home/airflow/.local/lib/python3.7/site-packages/airflow/example_dags/example_branch_python_dop_operator_3.py
[2022-12-09T19:04:55.373+0000] {processor.py:766} INFO - DAG(s) dict_keys(['example_branch_dop_operator_v3']) retrieved from /home/airflow/.local/lib/python3.7/site-packages/airflow/example_dags/example_branch_python_dop_operator_3.py
[2022-12-09T19:04:55.402+0000] {logging_mixin.py:137} INFO - [2022-12-09T19:04:55.402+0000] {dag.py:2585} INFO - Sync 1 DAGs
[2022-12-09T19:04:55.420+0000] {logging_mixin.py:137} INFO - [2022-12-09T19:04:55.420+0000] {dag.py:3340} INFO - Setting next_dagrun for example_branch_dop_operator_v3 to 2022-12-09T19:03:00+00:00, run_after=2022-12-09T19:04:00+00:00
[2022-12-09T19:04:55.429+0000] {processor.py:176} INFO - Processing /home/airflow/.local/lib/python3.7/site-packages/airflow/example_dags/example_branch_python_dop_operator_3.py took 0.075 seconds
[2022-12-09T19:05:25.516+0000] {processor.py:154} INFO - Started process (PID=2843) to work on /home/airflow/.local/lib/python3.7/site-packages/airflow/example_dags/example_branch_python_dop_operator_3.py
[2022-12-09T19:05:25.519+0000] {processor.py:756} INFO - Processing file /home/airflow/.local/lib/python3.7/site-packages/airflow/example_dags/example_branch_python_dop_operator_3.py for tasks to queue
[2022-12-09T19:05:25.521+0000] {logging_mixin.py:137} INFO - [2022-12-09T19:05:25.521+0000] {dagbag.py:537} INFO - Filling up the DagBag from /home/airflow/.local/lib/python3.7/site-packages/airflow/example_dags/example_branch_python_dop_operator_3.py
[2022-12-09T19:05:25.537+0000] {processor.py:766} INFO - DAG(s) dict_keys(['example_branch_dop_operator_v3']) retrieved from /home/airflow/.local/lib/python3.7/site-packages/airflow/example_dags/example_branch_python_dop_operator_3.py
[2022-12-09T19:05:25.567+0000] {logging_mixin.py:137} INFO - [2022-12-09T19:05:25.567+0000] {dag.py:2585} INFO - Sync 1 DAGs
[2022-12-09T19:05:25.588+0000] {logging_mixin.py:137} INFO - [2022-12-09T19:05:25.588+0000] {dag.py:3340} INFO - Setting next_dagrun for example_branch_dop_operator_v3 to 2022-12-09T19:04:00+00:00, run_after=2022-12-09T19:05:00+00:00
[2022-12-09T19:05:25.601+0000] {processor.py:176} INFO - Processing /home/airflow/.local/lib/python3.7/site-packages/airflow/example_dags/example_branch_python_dop_operator_3.py took 0.089 seconds
[2022-12-09T19:05:56.021+0000] {processor.py:154} INFO - Started process (PID=2898) to work on /home/airflow/.local/lib/python3.7/site-packages/airflow/example_dags/example_branch_python_dop_operator_3.py
[2022-12-09T19:05:56.023+0000] {processor.py:756} INFO - Processing file /home/airflow/.local/lib/python3.7/site-packages/airflow/example_dags/example_branch_python_dop_operator_3.py for tasks to queue
[2022-12-09T19:05:56.024+0000] {logging_mixin.py:137} INFO - [2022-12-09T19:05:56.024+0000] {dagbag.py:537} INFO - Filling up the DagBag from /home/airflow/.local/lib/python3.7/site-packages/airflow/example_dags/example_branch_python_dop_operator_3.py
[2022-12-09T19:05:56.038+0000] {processor.py:766} INFO - DAG(s) dict_keys(['example_branch_dop_operator_v3']) retrieved from /home/airflow/.local/lib/python3.7/site-packages/airflow/example_dags/example_branch_python_dop_operator_3.py
[2022-12-09T19:05:56.067+0000] {logging_mixin.py:137} INFO - [2022-12-09T19:05:56.066+0000] {dag.py:2585} INFO - Sync 1 DAGs
[2022-12-09T19:05:56.085+0000] {logging_mixin.py:137} INFO - [2022-12-09T19:05:56.085+0000] {dag.py:3340} INFO - Setting next_dagrun for example_branch_dop_operator_v3 to 2022-12-09T19:04:00+00:00, run_after=2022-12-09T19:05:00+00:00
[2022-12-09T19:05:56.099+0000] {processor.py:176} INFO - Processing /home/airflow/.local/lib/python3.7/site-packages/airflow/example_dags/example_branch_python_dop_operator_3.py took 0.080 seconds
[2022-12-09T19:06:27.155+0000] {processor.py:154} INFO - Started process (PID=2962) to work on /home/airflow/.local/lib/python3.7/site-packages/airflow/example_dags/example_branch_python_dop_operator_3.py
[2022-12-09T19:06:27.157+0000] {processor.py:756} INFO - Processing file /home/airflow/.local/lib/python3.7/site-packages/airflow/example_dags/example_branch_python_dop_operator_3.py for tasks to queue
[2022-12-09T19:06:27.158+0000] {logging_mixin.py:137} INFO - [2022-12-09T19:06:27.158+0000] {dagbag.py:537} INFO - Filling up the DagBag from /home/airflow/.local/lib/python3.7/site-packages/airflow/example_dags/example_branch_python_dop_operator_3.py
[2022-12-09T19:06:27.173+0000] {processor.py:766} INFO - DAG(s) dict_keys(['example_branch_dop_operator_v3']) retrieved from /home/airflow/.local/lib/python3.7/site-packages/airflow/example_dags/example_branch_python_dop_operator_3.py
[2022-12-09T19:06:27.197+0000] {logging_mixin.py:137} INFO - [2022-12-09T19:06:27.197+0000] {dag.py:2585} INFO - Sync 1 DAGs
[2022-12-09T19:06:27.213+0000] {logging_mixin.py:137} INFO - [2022-12-09T19:06:27.213+0000] {dag.py:3340} INFO - Setting next_dagrun for example_branch_dop_operator_v3 to 2022-12-09T19:05:00+00:00, run_after=2022-12-09T19:06:00+00:00
[2022-12-09T19:06:27.224+0000] {processor.py:176} INFO - Processing /home/airflow/.local/lib/python3.7/site-packages/airflow/example_dags/example_branch_python_dop_operator_3.py took 0.071 seconds
[2022-12-09T19:06:57.800+0000] {processor.py:154} INFO - Started process (PID=3026) to work on /home/airflow/.local/lib/python3.7/site-packages/airflow/example_dags/example_branch_python_dop_operator_3.py
[2022-12-09T19:06:57.803+0000] {processor.py:756} INFO - Processing file /home/airflow/.local/lib/python3.7/site-packages/airflow/example_dags/example_branch_python_dop_operator_3.py for tasks to queue
[2022-12-09T19:06:57.805+0000] {logging_mixin.py:137} INFO - [2022-12-09T19:06:57.804+0000] {dagbag.py:537} INFO - Filling up the DagBag from /home/airflow/.local/lib/python3.7/site-packages/airflow/example_dags/example_branch_python_dop_operator_3.py
[2022-12-09T19:06:57.827+0000] {processor.py:766} INFO - DAG(s) dict_keys(['example_branch_dop_operator_v3']) retrieved from /home/airflow/.local/lib/python3.7/site-packages/airflow/example_dags/example_branch_python_dop_operator_3.py
[2022-12-09T19:06:57.868+0000] {logging_mixin.py:137} INFO - [2022-12-09T19:06:57.867+0000] {dag.py:2585} INFO - Sync 1 DAGs
[2022-12-09T19:06:57.896+0000] {logging_mixin.py:137} INFO - [2022-12-09T19:06:57.896+0000] {dag.py:3340} INFO - Setting next_dagrun for example_branch_dop_operator_v3 to 2022-12-09T19:05:00+00:00, run_after=2022-12-09T19:06:00+00:00
[2022-12-09T19:06:57.912+0000] {processor.py:176} INFO - Processing /home/airflow/.local/lib/python3.7/site-packages/airflow/example_dags/example_branch_python_dop_operator_3.py took 0.116 seconds
[2022-12-09T19:07:28.992+0000] {processor.py:154} INFO - Started process (PID=3090) to work on /home/airflow/.local/lib/python3.7/site-packages/airflow/example_dags/example_branch_python_dop_operator_3.py
[2022-12-09T19:07:28.995+0000] {processor.py:756} INFO - Processing file /home/airflow/.local/lib/python3.7/site-packages/airflow/example_dags/example_branch_python_dop_operator_3.py for tasks to queue
[2022-12-09T19:07:28.996+0000] {logging_mixin.py:137} INFO - [2022-12-09T19:07:28.996+0000] {dagbag.py:537} INFO - Filling up the DagBag from /home/airflow/.local/lib/python3.7/site-packages/airflow/example_dags/example_branch_python_dop_operator_3.py
[2022-12-09T19:07:29.011+0000] {processor.py:766} INFO - DAG(s) dict_keys(['example_branch_dop_operator_v3']) retrieved from /home/airflow/.local/lib/python3.7/site-packages/airflow/example_dags/example_branch_python_dop_operator_3.py
[2022-12-09T19:07:29.037+0000] {logging_mixin.py:137} INFO - [2022-12-09T19:07:29.037+0000] {dag.py:2585} INFO - Sync 1 DAGs
[2022-12-09T19:07:29.057+0000] {logging_mixin.py:137} INFO - [2022-12-09T19:07:29.057+0000] {dag.py:3340} INFO - Setting next_dagrun for example_branch_dop_operator_v3 to 2022-12-09T19:06:00+00:00, run_after=2022-12-09T19:07:00+00:00
[2022-12-09T19:07:29.069+0000] {processor.py:176} INFO - Processing /home/airflow/.local/lib/python3.7/site-packages/airflow/example_dags/example_branch_python_dop_operator_3.py took 0.079 seconds
[2022-12-09T19:08:02.118+0000] {processor.py:154} INFO - Started process (PID=3155) to work on /home/airflow/.local/lib/python3.7/site-packages/airflow/example_dags/example_branch_python_dop_operator_3.py
[2022-12-09T19:08:02.122+0000] {processor.py:756} INFO - Processing file /home/airflow/.local/lib/python3.7/site-packages/airflow/example_dags/example_branch_python_dop_operator_3.py for tasks to queue
[2022-12-09T19:08:02.124+0000] {logging_mixin.py:137} INFO - [2022-12-09T19:08:02.124+0000] {dagbag.py:537} INFO - Filling up the DagBag from /home/airflow/.local/lib/python3.7/site-packages/airflow/example_dags/example_branch_python_dop_operator_3.py
[2022-12-09T19:08:02.149+0000] {processor.py:766} INFO - DAG(s) dict_keys(['example_branch_dop_operator_v3']) retrieved from /home/airflow/.local/lib/python3.7/site-packages/airflow/example_dags/example_branch_python_dop_operator_3.py
[2022-12-09T19:08:02.190+0000] {logging_mixin.py:137} INFO - [2022-12-09T19:08:02.189+0000] {dag.py:2585} INFO - Sync 1 DAGs
[2022-12-09T19:08:02.221+0000] {logging_mixin.py:137} INFO - [2022-12-09T19:08:02.221+0000] {dag.py:3340} INFO - Setting next_dagrun for example_branch_dop_operator_v3 to 2022-12-09T19:07:00+00:00, run_after=2022-12-09T19:08:00+00:00
[2022-12-09T19:08:02.245+0000] {processor.py:176} INFO - Processing /home/airflow/.local/lib/python3.7/site-packages/airflow/example_dags/example_branch_python_dop_operator_3.py took 0.131 seconds
[2022-12-09T19:08:32.414+0000] {processor.py:154} INFO - Started process (PID=3219) to work on /home/airflow/.local/lib/python3.7/site-packages/airflow/example_dags/example_branch_python_dop_operator_3.py
[2022-12-09T19:08:32.416+0000] {processor.py:756} INFO - Processing file /home/airflow/.local/lib/python3.7/site-packages/airflow/example_dags/example_branch_python_dop_operator_3.py for tasks to queue
[2022-12-09T19:08:32.418+0000] {logging_mixin.py:137} INFO - [2022-12-09T19:08:32.418+0000] {dagbag.py:537} INFO - Filling up the DagBag from /home/airflow/.local/lib/python3.7/site-packages/airflow/example_dags/example_branch_python_dop_operator_3.py
[2022-12-09T19:08:32.435+0000] {processor.py:766} INFO - DAG(s) dict_keys(['example_branch_dop_operator_v3']) retrieved from /home/airflow/.local/lib/python3.7/site-packages/airflow/example_dags/example_branch_python_dop_operator_3.py
[2022-12-09T19:08:32.466+0000] {logging_mixin.py:137} INFO - [2022-12-09T19:08:32.466+0000] {dag.py:2585} INFO - Sync 1 DAGs
[2022-12-09T19:08:32.488+0000] {logging_mixin.py:137} INFO - [2022-12-09T19:08:32.488+0000] {dag.py:3340} INFO - Setting next_dagrun for example_branch_dop_operator_v3 to 2022-12-09T19:07:00+00:00, run_after=2022-12-09T19:08:00+00:00
[2022-12-09T19:08:32.510+0000] {processor.py:176} INFO - Processing /home/airflow/.local/lib/python3.7/site-packages/airflow/example_dags/example_branch_python_dop_operator_3.py took 0.098 seconds
[2022-12-09T19:09:03.415+0000] {processor.py:154} INFO - Started process (PID=3280) to work on /home/airflow/.local/lib/python3.7/site-packages/airflow/example_dags/example_branch_python_dop_operator_3.py
[2022-12-09T19:09:03.417+0000] {processor.py:756} INFO - Processing file /home/airflow/.local/lib/python3.7/site-packages/airflow/example_dags/example_branch_python_dop_operator_3.py for tasks to queue
[2022-12-09T19:09:03.419+0000] {logging_mixin.py:137} INFO - [2022-12-09T19:09:03.419+0000] {dagbag.py:537} INFO - Filling up the DagBag from /home/airflow/.local/lib/python3.7/site-packages/airflow/example_dags/example_branch_python_dop_operator_3.py
[2022-12-09T19:09:03.442+0000] {processor.py:766} INFO - DAG(s) dict_keys(['example_branch_dop_operator_v3']) retrieved from /home/airflow/.local/lib/python3.7/site-packages/airflow/example_dags/example_branch_python_dop_operator_3.py
[2022-12-09T19:09:03.471+0000] {logging_mixin.py:137} INFO - [2022-12-09T19:09:03.471+0000] {dag.py:2585} INFO - Sync 1 DAGs
[2022-12-09T19:09:03.495+0000] {logging_mixin.py:137} INFO - [2022-12-09T19:09:03.495+0000] {dag.py:3340} INFO - Setting next_dagrun for example_branch_dop_operator_v3 to 2022-12-09T19:08:00+00:00, run_after=2022-12-09T19:09:00+00:00
[2022-12-09T19:09:03.510+0000] {processor.py:176} INFO - Processing /home/airflow/.local/lib/python3.7/site-packages/airflow/example_dags/example_branch_python_dop_operator_3.py took 0.099 seconds
[2022-12-09T19:09:33.893+0000] {processor.py:154} INFO - Started process (PID=3338) to work on /home/airflow/.local/lib/python3.7/site-packages/airflow/example_dags/example_branch_python_dop_operator_3.py
[2022-12-09T19:09:33.895+0000] {processor.py:756} INFO - Processing file /home/airflow/.local/lib/python3.7/site-packages/airflow/example_dags/example_branch_python_dop_operator_3.py for tasks to queue
[2022-12-09T19:09:33.896+0000] {logging_mixin.py:137} INFO - [2022-12-09T19:09:33.896+0000] {dagbag.py:537} INFO - Filling up the DagBag from /home/airflow/.local/lib/python3.7/site-packages/airflow/example_dags/example_branch_python_dop_operator_3.py
[2022-12-09T19:09:33.910+0000] {processor.py:766} INFO - DAG(s) dict_keys(['example_branch_dop_operator_v3']) retrieved from /home/airflow/.local/lib/python3.7/site-packages/airflow/example_dags/example_branch_python_dop_operator_3.py
[2022-12-09T19:09:33.935+0000] {logging_mixin.py:137} INFO - [2022-12-09T19:09:33.935+0000] {dag.py:2585} INFO - Sync 1 DAGs
[2022-12-09T19:09:33.955+0000] {logging_mixin.py:137} INFO - [2022-12-09T19:09:33.955+0000] {dag.py:3340} INFO - Setting next_dagrun for example_branch_dop_operator_v3 to 2022-12-09T19:08:00+00:00, run_after=2022-12-09T19:09:00+00:00
[2022-12-09T19:09:33.968+0000] {processor.py:176} INFO - Processing /home/airflow/.local/lib/python3.7/site-packages/airflow/example_dags/example_branch_python_dop_operator_3.py took 0.078 seconds
[2022-12-09T19:10:04.463+0000] {processor.py:154} INFO - Started process (PID=3403) to work on /home/airflow/.local/lib/python3.7/site-packages/airflow/example_dags/example_branch_python_dop_operator_3.py
[2022-12-09T19:10:04.465+0000] {processor.py:756} INFO - Processing file /home/airflow/.local/lib/python3.7/site-packages/airflow/example_dags/example_branch_python_dop_operator_3.py for tasks to queue
[2022-12-09T19:10:04.466+0000] {logging_mixin.py:137} INFO - [2022-12-09T19:10:04.465+0000] {dagbag.py:537} INFO - Filling up the DagBag from /home/airflow/.local/lib/python3.7/site-packages/airflow/example_dags/example_branch_python_dop_operator_3.py
[2022-12-09T19:10:04.479+0000] {processor.py:766} INFO - DAG(s) dict_keys(['example_branch_dop_operator_v3']) retrieved from /home/airflow/.local/lib/python3.7/site-packages/airflow/example_dags/example_branch_python_dop_operator_3.py
[2022-12-09T19:10:04.504+0000] {logging_mixin.py:137} INFO - [2022-12-09T19:10:04.504+0000] {dag.py:2585} INFO - Sync 1 DAGs
[2022-12-09T19:10:04.521+0000] {logging_mixin.py:137} INFO - [2022-12-09T19:10:04.521+0000] {dag.py:3340} INFO - Setting next_dagrun for example_branch_dop_operator_v3 to 2022-12-09T19:09:00+00:00, run_after=2022-12-09T19:10:00+00:00
[2022-12-09T19:10:04.532+0000] {processor.py:176} INFO - Processing /home/airflow/.local/lib/python3.7/site-packages/airflow/example_dags/example_branch_python_dop_operator_3.py took 0.071 seconds
[2022-12-09T19:10:35.114+0000] {processor.py:154} INFO - Started process (PID=3466) to work on /home/airflow/.local/lib/python3.7/site-packages/airflow/example_dags/example_branch_python_dop_operator_3.py
[2022-12-09T19:10:35.116+0000] {processor.py:756} INFO - Processing file /home/airflow/.local/lib/python3.7/site-packages/airflow/example_dags/example_branch_python_dop_operator_3.py for tasks to queue
[2022-12-09T19:10:35.117+0000] {logging_mixin.py:137} INFO - [2022-12-09T19:10:35.117+0000] {dagbag.py:537} INFO - Filling up the DagBag from /home/airflow/.local/lib/python3.7/site-packages/airflow/example_dags/example_branch_python_dop_operator_3.py
[2022-12-09T19:10:35.135+0000] {processor.py:766} INFO - DAG(s) dict_keys(['example_branch_dop_operator_v3']) retrieved from /home/airflow/.local/lib/python3.7/site-packages/airflow/example_dags/example_branch_python_dop_operator_3.py
[2022-12-09T19:10:35.169+0000] {logging_mixin.py:137} INFO - [2022-12-09T19:10:35.169+0000] {dag.py:2585} INFO - Sync 1 DAGs
[2022-12-09T19:10:35.191+0000] {logging_mixin.py:137} INFO - [2022-12-09T19:10:35.191+0000] {dag.py:3340} INFO - Setting next_dagrun for example_branch_dop_operator_v3 to 2022-12-09T19:09:00+00:00, run_after=2022-12-09T19:10:00+00:00
[2022-12-09T19:10:35.209+0000] {processor.py:176} INFO - Processing /home/airflow/.local/lib/python3.7/site-packages/airflow/example_dags/example_branch_python_dop_operator_3.py took 0.098 seconds
[2022-12-09T19:11:05.570+0000] {processor.py:154} INFO - Started process (PID=3530) to work on /home/airflow/.local/lib/python3.7/site-packages/airflow/example_dags/example_branch_python_dop_operator_3.py
[2022-12-09T19:11:05.571+0000] {processor.py:756} INFO - Processing file /home/airflow/.local/lib/python3.7/site-packages/airflow/example_dags/example_branch_python_dop_operator_3.py for tasks to queue
[2022-12-09T19:11:05.572+0000] {logging_mixin.py:137} INFO - [2022-12-09T19:11:05.572+0000] {dagbag.py:537} INFO - Filling up the DagBag from /home/airflow/.local/lib/python3.7/site-packages/airflow/example_dags/example_branch_python_dop_operator_3.py
[2022-12-09T19:11:05.587+0000] {processor.py:766} INFO - DAG(s) dict_keys(['example_branch_dop_operator_v3']) retrieved from /home/airflow/.local/lib/python3.7/site-packages/airflow/example_dags/example_branch_python_dop_operator_3.py
[2022-12-09T19:11:05.616+0000] {logging_mixin.py:137} INFO - [2022-12-09T19:11:05.616+0000] {dag.py:2585} INFO - Sync 1 DAGs
[2022-12-09T19:11:05.638+0000] {logging_mixin.py:137} INFO - [2022-12-09T19:11:05.638+0000] {dag.py:3340} INFO - Setting next_dagrun for example_branch_dop_operator_v3 to 2022-12-09T19:10:00+00:00, run_after=2022-12-09T19:11:00+00:00
[2022-12-09T19:11:05.653+0000] {processor.py:176} INFO - Processing /home/airflow/.local/lib/python3.7/site-packages/airflow/example_dags/example_branch_python_dop_operator_3.py took 0.086 seconds
[2022-12-09T19:11:36.638+0000] {processor.py:154} INFO - Started process (PID=3594) to work on /home/airflow/.local/lib/python3.7/site-packages/airflow/example_dags/example_branch_python_dop_operator_3.py
[2022-12-09T19:11:36.640+0000] {processor.py:756} INFO - Processing file /home/airflow/.local/lib/python3.7/site-packages/airflow/example_dags/example_branch_python_dop_operator_3.py for tasks to queue
[2022-12-09T19:11:36.641+0000] {logging_mixin.py:137} INFO - [2022-12-09T19:11:36.641+0000] {dagbag.py:537} INFO - Filling up the DagBag from /home/airflow/.local/lib/python3.7/site-packages/airflow/example_dags/example_branch_python_dop_operator_3.py
[2022-12-09T19:11:36.663+0000] {processor.py:766} INFO - DAG(s) dict_keys(['example_branch_dop_operator_v3']) retrieved from /home/airflow/.local/lib/python3.7/site-packages/airflow/example_dags/example_branch_python_dop_operator_3.py
[2022-12-09T19:11:36.702+0000] {logging_mixin.py:137} INFO - [2022-12-09T19:11:36.702+0000] {dag.py:2585} INFO - Sync 1 DAGs
[2022-12-09T19:11:36.730+0000] {logging_mixin.py:137} INFO - [2022-12-09T19:11:36.729+0000] {dag.py:3340} INFO - Setting next_dagrun for example_branch_dop_operator_v3 to 2022-12-09T19:10:00+00:00, run_after=2022-12-09T19:11:00+00:00
[2022-12-09T19:11:36.763+0000] {processor.py:176} INFO - Processing /home/airflow/.local/lib/python3.7/site-packages/airflow/example_dags/example_branch_python_dop_operator_3.py took 0.128 seconds
[2022-12-09T19:12:07.121+0000] {processor.py:154} INFO - Started process (PID=3649) to work on /home/airflow/.local/lib/python3.7/site-packages/airflow/example_dags/example_branch_python_dop_operator_3.py
[2022-12-09T19:12:07.128+0000] {processor.py:756} INFO - Processing file /home/airflow/.local/lib/python3.7/site-packages/airflow/example_dags/example_branch_python_dop_operator_3.py for tasks to queue
[2022-12-09T19:12:07.130+0000] {logging_mixin.py:137} INFO - [2022-12-09T19:12:07.130+0000] {dagbag.py:537} INFO - Filling up the DagBag from /home/airflow/.local/lib/python3.7/site-packages/airflow/example_dags/example_branch_python_dop_operator_3.py
[2022-12-09T19:12:07.149+0000] {processor.py:766} INFO - DAG(s) dict_keys(['example_branch_dop_operator_v3']) retrieved from /home/airflow/.local/lib/python3.7/site-packages/airflow/example_dags/example_branch_python_dop_operator_3.py
[2022-12-09T19:12:07.183+0000] {logging_mixin.py:137} INFO - [2022-12-09T19:12:07.183+0000] {dag.py:2585} INFO - Sync 1 DAGs
[2022-12-09T19:12:07.211+0000] {logging_mixin.py:137} INFO - [2022-12-09T19:12:07.211+0000] {dag.py:3340} INFO - Setting next_dagrun for example_branch_dop_operator_v3 to 2022-12-09T19:11:00+00:00, run_after=2022-12-09T19:12:00+00:00
[2022-12-09T19:12:07.225+0000] {processor.py:176} INFO - Processing /home/airflow/.local/lib/python3.7/site-packages/airflow/example_dags/example_branch_python_dop_operator_3.py took 0.109 seconds
[2022-12-09T19:12:37.945+0000] {processor.py:154} INFO - Started process (PID=3713) to work on /home/airflow/.local/lib/python3.7/site-packages/airflow/example_dags/example_branch_python_dop_operator_3.py
[2022-12-09T19:12:37.948+0000] {processor.py:756} INFO - Processing file /home/airflow/.local/lib/python3.7/site-packages/airflow/example_dags/example_branch_python_dop_operator_3.py for tasks to queue
[2022-12-09T19:12:37.949+0000] {logging_mixin.py:137} INFO - [2022-12-09T19:12:37.949+0000] {dagbag.py:537} INFO - Filling up the DagBag from /home/airflow/.local/lib/python3.7/site-packages/airflow/example_dags/example_branch_python_dop_operator_3.py
[2022-12-09T19:12:37.970+0000] {processor.py:766} INFO - DAG(s) dict_keys(['example_branch_dop_operator_v3']) retrieved from /home/airflow/.local/lib/python3.7/site-packages/airflow/example_dags/example_branch_python_dop_operator_3.py
[2022-12-09T19:12:38.005+0000] {logging_mixin.py:137} INFO - [2022-12-09T19:12:38.005+0000] {dag.py:2585} INFO - Sync 1 DAGs
[2022-12-09T19:12:38.026+0000] {logging_mixin.py:137} INFO - [2022-12-09T19:12:38.026+0000] {dag.py:3340} INFO - Setting next_dagrun for example_branch_dop_operator_v3 to 2022-12-09T19:11:00+00:00, run_after=2022-12-09T19:12:00+00:00
[2022-12-09T19:12:38.041+0000] {processor.py:176} INFO - Processing /home/airflow/.local/lib/python3.7/site-packages/airflow/example_dags/example_branch_python_dop_operator_3.py took 0.099 seconds
[2022-12-09T19:13:08.128+0000] {processor.py:154} INFO - Started process (PID=3776) to work on /home/airflow/.local/lib/python3.7/site-packages/airflow/example_dags/example_branch_python_dop_operator_3.py
[2022-12-09T19:13:08.129+0000] {processor.py:756} INFO - Processing file /home/airflow/.local/lib/python3.7/site-packages/airflow/example_dags/example_branch_python_dop_operator_3.py for tasks to queue
[2022-12-09T19:13:08.130+0000] {logging_mixin.py:137} INFO - [2022-12-09T19:13:08.130+0000] {dagbag.py:537} INFO - Filling up the DagBag from /home/airflow/.local/lib/python3.7/site-packages/airflow/example_dags/example_branch_python_dop_operator_3.py
[2022-12-09T19:13:08.145+0000] {processor.py:766} INFO - DAG(s) dict_keys(['example_branch_dop_operator_v3']) retrieved from /home/airflow/.local/lib/python3.7/site-packages/airflow/example_dags/example_branch_python_dop_operator_3.py
[2022-12-09T19:13:08.170+0000] {logging_mixin.py:137} INFO - [2022-12-09T19:13:08.170+0000] {dag.py:2585} INFO - Sync 1 DAGs
[2022-12-09T19:13:08.188+0000] {logging_mixin.py:137} INFO - [2022-12-09T19:13:08.187+0000] {dag.py:3340} INFO - Setting next_dagrun for example_branch_dop_operator_v3 to 2022-12-09T19:12:00+00:00, run_after=2022-12-09T19:13:00+00:00
[2022-12-09T19:13:08.202+0000] {processor.py:176} INFO - Processing /home/airflow/.local/lib/python3.7/site-packages/airflow/example_dags/example_branch_python_dop_operator_3.py took 0.077 seconds
[2022-12-09T19:13:38.819+0000] {processor.py:154} INFO - Started process (PID=3840) to work on /home/airflow/.local/lib/python3.7/site-packages/airflow/example_dags/example_branch_python_dop_operator_3.py
[2022-12-09T19:13:38.821+0000] {processor.py:756} INFO - Processing file /home/airflow/.local/lib/python3.7/site-packages/airflow/example_dags/example_branch_python_dop_operator_3.py for tasks to queue
[2022-12-09T19:13:38.822+0000] {logging_mixin.py:137} INFO - [2022-12-09T19:13:38.822+0000] {dagbag.py:537} INFO - Filling up the DagBag from /home/airflow/.local/lib/python3.7/site-packages/airflow/example_dags/example_branch_python_dop_operator_3.py
[2022-12-09T19:13:38.836+0000] {processor.py:766} INFO - DAG(s) dict_keys(['example_branch_dop_operator_v3']) retrieved from /home/airflow/.local/lib/python3.7/site-packages/airflow/example_dags/example_branch_python_dop_operator_3.py
[2022-12-09T19:13:38.860+0000] {logging_mixin.py:137} INFO - [2022-12-09T19:13:38.860+0000] {dag.py:2585} INFO - Sync 1 DAGs
[2022-12-09T19:13:38.878+0000] {logging_mixin.py:137} INFO - [2022-12-09T19:13:38.878+0000] {dag.py:3340} INFO - Setting next_dagrun for example_branch_dop_operator_v3 to 2022-12-09T19:12:00+00:00, run_after=2022-12-09T19:13:00+00:00
[2022-12-09T19:13:38.891+0000] {processor.py:176} INFO - Processing /home/airflow/.local/lib/python3.7/site-packages/airflow/example_dags/example_branch_python_dop_operator_3.py took 0.074 seconds
[2022-12-09T19:14:09.727+0000] {processor.py:154} INFO - Started process (PID=3895) to work on /home/airflow/.local/lib/python3.7/site-packages/airflow/example_dags/example_branch_python_dop_operator_3.py
[2022-12-09T19:14:09.728+0000] {processor.py:756} INFO - Processing file /home/airflow/.local/lib/python3.7/site-packages/airflow/example_dags/example_branch_python_dop_operator_3.py for tasks to queue
[2022-12-09T19:14:09.730+0000] {logging_mixin.py:137} INFO - [2022-12-09T19:14:09.730+0000] {dagbag.py:537} INFO - Filling up the DagBag from /home/airflow/.local/lib/python3.7/site-packages/airflow/example_dags/example_branch_python_dop_operator_3.py
[2022-12-09T19:14:09.745+0000] {processor.py:766} INFO - DAG(s) dict_keys(['example_branch_dop_operator_v3']) retrieved from /home/airflow/.local/lib/python3.7/site-packages/airflow/example_dags/example_branch_python_dop_operator_3.py
[2022-12-09T19:14:09.770+0000] {logging_mixin.py:137} INFO - [2022-12-09T19:14:09.770+0000] {dag.py:2585} INFO - Sync 1 DAGs
[2022-12-09T19:14:09.788+0000] {logging_mixin.py:137} INFO - [2022-12-09T19:14:09.788+0000] {dag.py:3340} INFO - Setting next_dagrun for example_branch_dop_operator_v3 to 2022-12-09T19:13:00+00:00, run_after=2022-12-09T19:14:00+00:00
[2022-12-09T19:14:09.801+0000] {processor.py:176} INFO - Processing /home/airflow/.local/lib/python3.7/site-packages/airflow/example_dags/example_branch_python_dop_operator_3.py took 0.077 seconds
[2022-12-09T20:18:32.356+0000] {processor.py:154} INFO - Started process (PID=3967) to work on /home/airflow/.local/lib/python3.7/site-packages/airflow/example_dags/example_branch_python_dop_operator_3.py
[2022-12-09T20:18:32.359+0000] {processor.py:756} INFO - Processing file /home/airflow/.local/lib/python3.7/site-packages/airflow/example_dags/example_branch_python_dop_operator_3.py for tasks to queue
[2022-12-09T20:18:32.362+0000] {logging_mixin.py:137} INFO - [2022-12-09T20:18:32.362+0000] {dagbag.py:537} INFO - Filling up the DagBag from /home/airflow/.local/lib/python3.7/site-packages/airflow/example_dags/example_branch_python_dop_operator_3.py
[2022-12-09T20:18:32.384+0000] {processor.py:766} INFO - DAG(s) dict_keys(['example_branch_dop_operator_v3']) retrieved from /home/airflow/.local/lib/python3.7/site-packages/airflow/example_dags/example_branch_python_dop_operator_3.py
[2022-12-09T20:18:32.471+0000] {logging_mixin.py:137} INFO - [2022-12-09T20:18:32.471+0000] {dag.py:2585} INFO - Sync 1 DAGs
[2022-12-09T20:18:32.528+0000] {logging_mixin.py:137} INFO - [2022-12-09T20:18:32.528+0000] {dag.py:3340} INFO - Setting next_dagrun for example_branch_dop_operator_v3 to 2022-12-09T20:17:00+00:00, run_after=2022-12-09T20:18:00+00:00
[2022-12-09T20:18:32.550+0000] {processor.py:176} INFO - Processing /home/airflow/.local/lib/python3.7/site-packages/airflow/example_dags/example_branch_python_dop_operator_3.py took 0.197 seconds
[2022-12-09T21:09:09.981+0000] {processor.py:154} INFO - Started process (PID=4021) to work on /home/airflow/.local/lib/python3.7/site-packages/airflow/example_dags/example_branch_python_dop_operator_3.py
[2022-12-09T21:09:09.986+0000] {processor.py:756} INFO - Processing file /home/airflow/.local/lib/python3.7/site-packages/airflow/example_dags/example_branch_python_dop_operator_3.py for tasks to queue
[2022-12-09T21:09:10.028+0000] {logging_mixin.py:137} INFO - [2022-12-09T21:09:10.028+0000] {dagbag.py:537} INFO - Filling up the DagBag from /home/airflow/.local/lib/python3.7/site-packages/airflow/example_dags/example_branch_python_dop_operator_3.py
[2022-12-09T21:09:10.054+0000] {processor.py:766} INFO - DAG(s) dict_keys(['example_branch_dop_operator_v3']) retrieved from /home/airflow/.local/lib/python3.7/site-packages/airflow/example_dags/example_branch_python_dop_operator_3.py
[2022-12-09T21:09:10.208+0000] {logging_mixin.py:137} INFO - [2022-12-09T21:09:10.208+0000] {dag.py:2585} INFO - Sync 1 DAGs
[2022-12-09T21:09:10.380+0000] {logging_mixin.py:137} INFO - [2022-12-09T21:09:10.380+0000] {dag.py:3340} INFO - Setting next_dagrun for example_branch_dop_operator_v3 to 2022-12-09T21:08:00+00:00, run_after=2022-12-09T21:09:00+00:00
[2022-12-09T21:09:10.532+0000] {processor.py:176} INFO - Processing /home/airflow/.local/lib/python3.7/site-packages/airflow/example_dags/example_branch_python_dop_operator_3.py took 0.555 seconds
[2022-12-09T22:16:06.597+0000] {processor.py:154} INFO - Started process (PID=4084) to work on /home/airflow/.local/lib/python3.7/site-packages/airflow/example_dags/example_branch_python_dop_operator_3.py
[2022-12-09T22:16:06.603+0000] {processor.py:756} INFO - Processing file /home/airflow/.local/lib/python3.7/site-packages/airflow/example_dags/example_branch_python_dop_operator_3.py for tasks to queue
[2022-12-09T22:16:06.604+0000] {logging_mixin.py:137} INFO - [2022-12-09T22:16:06.604+0000] {dagbag.py:537} INFO - Filling up the DagBag from /home/airflow/.local/lib/python3.7/site-packages/airflow/example_dags/example_branch_python_dop_operator_3.py
[2022-12-09T22:16:06.625+0000] {processor.py:766} INFO - DAG(s) dict_keys(['example_branch_dop_operator_v3']) retrieved from /home/airflow/.local/lib/python3.7/site-packages/airflow/example_dags/example_branch_python_dop_operator_3.py
[2022-12-09T22:16:06.666+0000] {logging_mixin.py:137} INFO - [2022-12-09T22:16:06.666+0000] {dag.py:2585} INFO - Sync 1 DAGs
[2022-12-09T22:16:06.687+0000] {logging_mixin.py:137} INFO - [2022-12-09T22:16:06.687+0000] {dag.py:3340} INFO - Setting next_dagrun for example_branch_dop_operator_v3 to 2022-12-09T22:15:00+00:00, run_after=2022-12-09T22:16:00+00:00
[2022-12-09T22:16:06.702+0000] {processor.py:176} INFO - Processing /home/airflow/.local/lib/python3.7/site-packages/airflow/example_dags/example_branch_python_dop_operator_3.py took 0.109 seconds
[2022-12-09T23:21:38.415+0000] {processor.py:154} INFO - Started process (PID=4140) to work on /home/airflow/.local/lib/python3.7/site-packages/airflow/example_dags/example_branch_python_dop_operator_3.py
[2022-12-09T23:21:38.417+0000] {processor.py:756} INFO - Processing file /home/airflow/.local/lib/python3.7/site-packages/airflow/example_dags/example_branch_python_dop_operator_3.py for tasks to queue
[2022-12-09T23:21:38.419+0000] {logging_mixin.py:137} INFO - [2022-12-09T23:21:38.419+0000] {dagbag.py:537} INFO - Filling up the DagBag from /home/airflow/.local/lib/python3.7/site-packages/airflow/example_dags/example_branch_python_dop_operator_3.py
[2022-12-09T23:21:38.438+0000] {processor.py:766} INFO - DAG(s) dict_keys(['example_branch_dop_operator_v3']) retrieved from /home/airflow/.local/lib/python3.7/site-packages/airflow/example_dags/example_branch_python_dop_operator_3.py
[2022-12-09T23:21:38.470+0000] {logging_mixin.py:137} INFO - [2022-12-09T23:21:38.470+0000] {dag.py:2585} INFO - Sync 1 DAGs
[2022-12-09T23:21:38.492+0000] {logging_mixin.py:137} INFO - [2022-12-09T23:21:38.491+0000] {dag.py:3340} INFO - Setting next_dagrun for example_branch_dop_operator_v3 to 2022-12-09T23:20:00+00:00, run_after=2022-12-09T23:21:00+00:00
[2022-12-09T23:21:38.507+0000] {processor.py:176} INFO - Processing /home/airflow/.local/lib/python3.7/site-packages/airflow/example_dags/example_branch_python_dop_operator_3.py took 0.094 seconds
