[2022-12-09T18:42:15.566+0000] {processor.py:154} INFO - Started process (PID=74) to work on /home/airflow/.local/lib/python3.7/site-packages/airflow/example_dags/example_short_circuit_operator.py
[2022-12-09T18:42:15.572+0000] {processor.py:756} INFO - Processing file /home/airflow/.local/lib/python3.7/site-packages/airflow/example_dags/example_short_circuit_operator.py for tasks to queue
[2022-12-09T18:42:15.574+0000] {logging_mixin.py:137} INFO - [2022-12-09T18:42:15.574+0000] {dagbag.py:537} INFO - Filling up the DagBag from /home/airflow/.local/lib/python3.7/site-packages/airflow/example_dags/example_short_circuit_operator.py
[2022-12-09T18:42:15.592+0000] {processor.py:766} INFO - DAG(s) dict_keys(['example_short_circuit_operator']) retrieved from /home/airflow/.local/lib/python3.7/site-packages/airflow/example_dags/example_short_circuit_operator.py
[2022-12-09T18:42:15.642+0000] {logging_mixin.py:137} INFO - [2022-12-09T18:42:15.642+0000] {dag.py:2585} INFO - Sync 1 DAGs
[2022-12-09T18:42:15.666+0000] {logging_mixin.py:137} INFO - [2022-12-09T18:42:15.666+0000] {dag.py:3340} INFO - Setting next_dagrun for example_short_circuit_operator to 2022-12-08T18:42:15.666111+00:00, run_after=2022-12-09T18:42:15.666111+00:00
[2022-12-09T18:42:15.722+0000] {processor.py:176} INFO - Processing /home/airflow/.local/lib/python3.7/site-packages/airflow/example_dags/example_short_circuit_operator.py took 0.164 seconds
[2022-12-09T18:42:46.565+0000] {processor.py:154} INFO - Started process (PID=130) to work on /home/airflow/.local/lib/python3.7/site-packages/airflow/example_dags/example_short_circuit_operator.py
[2022-12-09T18:42:46.567+0000] {processor.py:756} INFO - Processing file /home/airflow/.local/lib/python3.7/site-packages/airflow/example_dags/example_short_circuit_operator.py for tasks to queue
[2022-12-09T18:42:46.571+0000] {logging_mixin.py:137} INFO - [2022-12-09T18:42:46.571+0000] {dagbag.py:537} INFO - Filling up the DagBag from /home/airflow/.local/lib/python3.7/site-packages/airflow/example_dags/example_short_circuit_operator.py
[2022-12-09T18:42:46.589+0000] {processor.py:766} INFO - DAG(s) dict_keys(['example_short_circuit_operator']) retrieved from /home/airflow/.local/lib/python3.7/site-packages/airflow/example_dags/example_short_circuit_operator.py
[2022-12-09T18:42:46.630+0000] {logging_mixin.py:137} INFO - [2022-12-09T18:42:46.629+0000] {dag.py:2585} INFO - Sync 1 DAGs
[2022-12-09T18:42:46.661+0000] {logging_mixin.py:137} INFO - [2022-12-09T18:42:46.661+0000] {dag.py:3340} INFO - Setting next_dagrun for example_short_circuit_operator to 2022-12-08T18:42:46.661343+00:00, run_after=2022-12-09T18:42:46.661343+00:00
[2022-12-09T18:42:46.683+0000] {processor.py:176} INFO - Processing /home/airflow/.local/lib/python3.7/site-packages/airflow/example_dags/example_short_circuit_operator.py took 0.121 seconds
[2022-12-09T18:43:19.979+0000] {processor.py:154} INFO - Started process (PID=195) to work on /home/airflow/.local/lib/python3.7/site-packages/airflow/example_dags/example_short_circuit_operator.py
[2022-12-09T18:43:19.992+0000] {processor.py:756} INFO - Processing file /home/airflow/.local/lib/python3.7/site-packages/airflow/example_dags/example_short_circuit_operator.py for tasks to queue
[2022-12-09T18:43:19.997+0000] {logging_mixin.py:137} INFO - [2022-12-09T18:43:19.997+0000] {dagbag.py:537} INFO - Filling up the DagBag from /home/airflow/.local/lib/python3.7/site-packages/airflow/example_dags/example_short_circuit_operator.py
[2022-12-09T18:43:20.029+0000] {processor.py:766} INFO - DAG(s) dict_keys(['example_short_circuit_operator']) retrieved from /home/airflow/.local/lib/python3.7/site-packages/airflow/example_dags/example_short_circuit_operator.py
[2022-12-09T18:43:20.097+0000] {logging_mixin.py:137} INFO - [2022-12-09T18:43:20.097+0000] {dag.py:2585} INFO - Sync 1 DAGs
[2022-12-09T18:43:20.165+0000] {logging_mixin.py:137} INFO - [2022-12-09T18:43:20.165+0000] {dag.py:3340} INFO - Setting next_dagrun for example_short_circuit_operator to 2022-12-08T18:43:20.164973+00:00, run_after=2022-12-09T18:43:20.164973+00:00
[2022-12-09T18:43:20.262+0000] {processor.py:176} INFO - Processing /home/airflow/.local/lib/python3.7/site-packages/airflow/example_dags/example_short_circuit_operator.py took 0.285 seconds
[2022-12-09T18:43:50.756+0000] {processor.py:154} INFO - Started process (PID=260) to work on /home/airflow/.local/lib/python3.7/site-packages/airflow/example_dags/example_short_circuit_operator.py
[2022-12-09T18:43:50.761+0000] {processor.py:756} INFO - Processing file /home/airflow/.local/lib/python3.7/site-packages/airflow/example_dags/example_short_circuit_operator.py for tasks to queue
[2022-12-09T18:43:50.765+0000] {logging_mixin.py:137} INFO - [2022-12-09T18:43:50.765+0000] {dagbag.py:537} INFO - Filling up the DagBag from /home/airflow/.local/lib/python3.7/site-packages/airflow/example_dags/example_short_circuit_operator.py
[2022-12-09T18:43:50.794+0000] {processor.py:766} INFO - DAG(s) dict_keys(['example_short_circuit_operator']) retrieved from /home/airflow/.local/lib/python3.7/site-packages/airflow/example_dags/example_short_circuit_operator.py
[2022-12-09T18:43:50.864+0000] {logging_mixin.py:137} INFO - [2022-12-09T18:43:50.864+0000] {dag.py:2585} INFO - Sync 1 DAGs
[2022-12-09T18:43:50.897+0000] {logging_mixin.py:137} INFO - [2022-12-09T18:43:50.897+0000] {dag.py:3340} INFO - Setting next_dagrun for example_short_circuit_operator to 2022-12-08T18:43:50.896979+00:00, run_after=2022-12-09T18:43:50.896979+00:00
[2022-12-09T18:43:50.931+0000] {processor.py:176} INFO - Processing /home/airflow/.local/lib/python3.7/site-packages/airflow/example_dags/example_short_circuit_operator.py took 0.183 seconds
[2022-12-09T18:44:21.598+0000] {processor.py:154} INFO - Started process (PID=315) to work on /home/airflow/.local/lib/python3.7/site-packages/airflow/example_dags/example_short_circuit_operator.py
[2022-12-09T18:44:21.600+0000] {processor.py:756} INFO - Processing file /home/airflow/.local/lib/python3.7/site-packages/airflow/example_dags/example_short_circuit_operator.py for tasks to queue
[2022-12-09T18:44:21.601+0000] {logging_mixin.py:137} INFO - [2022-12-09T18:44:21.601+0000] {dagbag.py:537} INFO - Filling up the DagBag from /home/airflow/.local/lib/python3.7/site-packages/airflow/example_dags/example_short_circuit_operator.py
[2022-12-09T18:44:21.613+0000] {processor.py:766} INFO - DAG(s) dict_keys(['example_short_circuit_operator']) retrieved from /home/airflow/.local/lib/python3.7/site-packages/airflow/example_dags/example_short_circuit_operator.py
[2022-12-09T18:44:21.641+0000] {logging_mixin.py:137} INFO - [2022-12-09T18:44:21.640+0000] {dag.py:2585} INFO - Sync 1 DAGs
[2022-12-09T18:44:21.656+0000] {logging_mixin.py:137} INFO - [2022-12-09T18:44:21.656+0000] {dag.py:3340} INFO - Setting next_dagrun for example_short_circuit_operator to 2022-12-08T18:44:21.656054+00:00, run_after=2022-12-09T18:44:21.656054+00:00
[2022-12-09T18:44:21.668+0000] {processor.py:176} INFO - Processing /home/airflow/.local/lib/python3.7/site-packages/airflow/example_dags/example_short_circuit_operator.py took 0.073 seconds
[2022-12-09T18:44:52.765+0000] {processor.py:154} INFO - Started process (PID=378) to work on /home/airflow/.local/lib/python3.7/site-packages/airflow/example_dags/example_short_circuit_operator.py
[2022-12-09T18:44:52.767+0000] {processor.py:756} INFO - Processing file /home/airflow/.local/lib/python3.7/site-packages/airflow/example_dags/example_short_circuit_operator.py for tasks to queue
[2022-12-09T18:44:52.769+0000] {logging_mixin.py:137} INFO - [2022-12-09T18:44:52.769+0000] {dagbag.py:537} INFO - Filling up the DagBag from /home/airflow/.local/lib/python3.7/site-packages/airflow/example_dags/example_short_circuit_operator.py
[2022-12-09T18:44:52.785+0000] {processor.py:766} INFO - DAG(s) dict_keys(['example_short_circuit_operator']) retrieved from /home/airflow/.local/lib/python3.7/site-packages/airflow/example_dags/example_short_circuit_operator.py
[2022-12-09T18:44:52.834+0000] {logging_mixin.py:137} INFO - [2022-12-09T18:44:52.834+0000] {dag.py:2585} INFO - Sync 1 DAGs
[2022-12-09T18:44:52.869+0000] {logging_mixin.py:137} INFO - [2022-12-09T18:44:52.868+0000] {dag.py:3340} INFO - Setting next_dagrun for example_short_circuit_operator to 2022-12-08T18:44:52.868546+00:00, run_after=2022-12-09T18:44:52.868546+00:00
[2022-12-09T18:44:52.895+0000] {processor.py:176} INFO - Processing /home/airflow/.local/lib/python3.7/site-packages/airflow/example_dags/example_short_circuit_operator.py took 0.132 seconds
[2022-12-09T18:45:25.421+0000] {processor.py:154} INFO - Started process (PID=442) to work on /home/airflow/.local/lib/python3.7/site-packages/airflow/example_dags/example_short_circuit_operator.py
[2022-12-09T18:45:25.427+0000] {processor.py:756} INFO - Processing file /home/airflow/.local/lib/python3.7/site-packages/airflow/example_dags/example_short_circuit_operator.py for tasks to queue
[2022-12-09T18:45:25.429+0000] {logging_mixin.py:137} INFO - [2022-12-09T18:45:25.429+0000] {dagbag.py:537} INFO - Filling up the DagBag from /home/airflow/.local/lib/python3.7/site-packages/airflow/example_dags/example_short_circuit_operator.py
[2022-12-09T18:45:25.448+0000] {processor.py:766} INFO - DAG(s) dict_keys(['example_short_circuit_operator']) retrieved from /home/airflow/.local/lib/python3.7/site-packages/airflow/example_dags/example_short_circuit_operator.py
[2022-12-09T18:45:25.482+0000] {logging_mixin.py:137} INFO - [2022-12-09T18:45:25.482+0000] {dag.py:2585} INFO - Sync 1 DAGs
[2022-12-09T18:45:25.518+0000] {logging_mixin.py:137} INFO - [2022-12-09T18:45:25.518+0000] {dag.py:3340} INFO - Setting next_dagrun for example_short_circuit_operator to 2022-12-08T18:45:25.518491+00:00, run_after=2022-12-09T18:45:25.518491+00:00
[2022-12-09T18:45:25.532+0000] {processor.py:176} INFO - Processing /home/airflow/.local/lib/python3.7/site-packages/airflow/example_dags/example_short_circuit_operator.py took 0.113 seconds
[2022-12-09T18:45:55.667+0000] {processor.py:154} INFO - Started process (PID=506) to work on /home/airflow/.local/lib/python3.7/site-packages/airflow/example_dags/example_short_circuit_operator.py
[2022-12-09T18:45:55.669+0000] {processor.py:756} INFO - Processing file /home/airflow/.local/lib/python3.7/site-packages/airflow/example_dags/example_short_circuit_operator.py for tasks to queue
[2022-12-09T18:45:55.670+0000] {logging_mixin.py:137} INFO - [2022-12-09T18:45:55.670+0000] {dagbag.py:537} INFO - Filling up the DagBag from /home/airflow/.local/lib/python3.7/site-packages/airflow/example_dags/example_short_circuit_operator.py
[2022-12-09T18:45:55.682+0000] {processor.py:766} INFO - DAG(s) dict_keys(['example_short_circuit_operator']) retrieved from /home/airflow/.local/lib/python3.7/site-packages/airflow/example_dags/example_short_circuit_operator.py
[2022-12-09T18:45:55.712+0000] {logging_mixin.py:137} INFO - [2022-12-09T18:45:55.711+0000] {dag.py:2585} INFO - Sync 1 DAGs
[2022-12-09T18:45:55.727+0000] {logging_mixin.py:137} INFO - [2022-12-09T18:45:55.727+0000] {dag.py:3340} INFO - Setting next_dagrun for example_short_circuit_operator to 2022-12-08T18:45:55.727687+00:00, run_after=2022-12-09T18:45:55.727687+00:00
[2022-12-09T18:45:55.740+0000] {processor.py:176} INFO - Processing /home/airflow/.local/lib/python3.7/site-packages/airflow/example_dags/example_short_circuit_operator.py took 0.075 seconds
[2022-12-09T18:46:26.029+0000] {processor.py:154} INFO - Started process (PID=561) to work on /home/airflow/.local/lib/python3.7/site-packages/airflow/example_dags/example_short_circuit_operator.py
[2022-12-09T18:46:26.030+0000] {processor.py:756} INFO - Processing file /home/airflow/.local/lib/python3.7/site-packages/airflow/example_dags/example_short_circuit_operator.py for tasks to queue
[2022-12-09T18:46:26.031+0000] {logging_mixin.py:137} INFO - [2022-12-09T18:46:26.031+0000] {dagbag.py:537} INFO - Filling up the DagBag from /home/airflow/.local/lib/python3.7/site-packages/airflow/example_dags/example_short_circuit_operator.py
[2022-12-09T18:46:26.042+0000] {processor.py:766} INFO - DAG(s) dict_keys(['example_short_circuit_operator']) retrieved from /home/airflow/.local/lib/python3.7/site-packages/airflow/example_dags/example_short_circuit_operator.py
[2022-12-09T18:46:26.072+0000] {logging_mixin.py:137} INFO - [2022-12-09T18:46:26.072+0000] {dag.py:2585} INFO - Sync 1 DAGs
[2022-12-09T18:46:26.087+0000] {logging_mixin.py:137} INFO - [2022-12-09T18:46:26.087+0000] {dag.py:3340} INFO - Setting next_dagrun for example_short_circuit_operator to 2022-12-08T18:46:26.086967+00:00, run_after=2022-12-09T18:46:26.086967+00:00
[2022-12-09T18:46:26.098+0000] {processor.py:176} INFO - Processing /home/airflow/.local/lib/python3.7/site-packages/airflow/example_dags/example_short_circuit_operator.py took 0.072 seconds
[2022-12-09T18:46:57.001+0000] {processor.py:154} INFO - Started process (PID=625) to work on /home/airflow/.local/lib/python3.7/site-packages/airflow/example_dags/example_short_circuit_operator.py
[2022-12-09T18:46:57.003+0000] {processor.py:756} INFO - Processing file /home/airflow/.local/lib/python3.7/site-packages/airflow/example_dags/example_short_circuit_operator.py for tasks to queue
[2022-12-09T18:46:57.004+0000] {logging_mixin.py:137} INFO - [2022-12-09T18:46:57.004+0000] {dagbag.py:537} INFO - Filling up the DagBag from /home/airflow/.local/lib/python3.7/site-packages/airflow/example_dags/example_short_circuit_operator.py
[2022-12-09T18:46:57.016+0000] {processor.py:766} INFO - DAG(s) dict_keys(['example_short_circuit_operator']) retrieved from /home/airflow/.local/lib/python3.7/site-packages/airflow/example_dags/example_short_circuit_operator.py
[2022-12-09T18:46:57.047+0000] {logging_mixin.py:137} INFO - [2022-12-09T18:46:57.047+0000] {dag.py:2585} INFO - Sync 1 DAGs
[2022-12-09T18:46:57.066+0000] {logging_mixin.py:137} INFO - [2022-12-09T18:46:57.066+0000] {dag.py:3340} INFO - Setting next_dagrun for example_short_circuit_operator to 2022-12-08T18:46:57.066228+00:00, run_after=2022-12-09T18:46:57.066228+00:00
[2022-12-09T18:46:57.078+0000] {processor.py:176} INFO - Processing /home/airflow/.local/lib/python3.7/site-packages/airflow/example_dags/example_short_circuit_operator.py took 0.080 seconds
[2022-12-09T18:47:28.359+0000] {processor.py:154} INFO - Started process (PID=689) to work on /home/airflow/.local/lib/python3.7/site-packages/airflow/example_dags/example_short_circuit_operator.py
[2022-12-09T18:47:28.360+0000] {processor.py:756} INFO - Processing file /home/airflow/.local/lib/python3.7/site-packages/airflow/example_dags/example_short_circuit_operator.py for tasks to queue
[2022-12-09T18:47:28.362+0000] {logging_mixin.py:137} INFO - [2022-12-09T18:47:28.361+0000] {dagbag.py:537} INFO - Filling up the DagBag from /home/airflow/.local/lib/python3.7/site-packages/airflow/example_dags/example_short_circuit_operator.py
[2022-12-09T18:47:28.374+0000] {processor.py:766} INFO - DAG(s) dict_keys(['example_short_circuit_operator']) retrieved from /home/airflow/.local/lib/python3.7/site-packages/airflow/example_dags/example_short_circuit_operator.py
[2022-12-09T18:47:28.400+0000] {logging_mixin.py:137} INFO - [2022-12-09T18:47:28.400+0000] {dag.py:2585} INFO - Sync 1 DAGs
[2022-12-09T18:47:28.415+0000] {logging_mixin.py:137} INFO - [2022-12-09T18:47:28.415+0000] {dag.py:3340} INFO - Setting next_dagrun for example_short_circuit_operator to 2022-12-08T18:47:28.415680+00:00, run_after=2022-12-09T18:47:28.415680+00:00
[2022-12-09T18:47:28.427+0000] {processor.py:176} INFO - Processing /home/airflow/.local/lib/python3.7/site-packages/airflow/example_dags/example_short_circuit_operator.py took 0.071 seconds
[2022-12-09T18:47:59.215+0000] {processor.py:154} INFO - Started process (PID=753) to work on /home/airflow/.local/lib/python3.7/site-packages/airflow/example_dags/example_short_circuit_operator.py
[2022-12-09T18:47:59.216+0000] {processor.py:756} INFO - Processing file /home/airflow/.local/lib/python3.7/site-packages/airflow/example_dags/example_short_circuit_operator.py for tasks to queue
[2022-12-09T18:47:59.217+0000] {logging_mixin.py:137} INFO - [2022-12-09T18:47:59.217+0000] {dagbag.py:537} INFO - Filling up the DagBag from /home/airflow/.local/lib/python3.7/site-packages/airflow/example_dags/example_short_circuit_operator.py
[2022-12-09T18:47:59.230+0000] {processor.py:766} INFO - DAG(s) dict_keys(['example_short_circuit_operator']) retrieved from /home/airflow/.local/lib/python3.7/site-packages/airflow/example_dags/example_short_circuit_operator.py
[2022-12-09T18:47:59.266+0000] {logging_mixin.py:137} INFO - [2022-12-09T18:47:59.266+0000] {dag.py:2585} INFO - Sync 1 DAGs
[2022-12-09T18:47:59.288+0000] {logging_mixin.py:137} INFO - [2022-12-09T18:47:59.288+0000] {dag.py:3340} INFO - Setting next_dagrun for example_short_circuit_operator to 2022-12-08T18:47:59.288371+00:00, run_after=2022-12-09T18:47:59.288371+00:00
[2022-12-09T18:47:59.325+0000] {processor.py:176} INFO - Processing /home/airflow/.local/lib/python3.7/site-packages/airflow/example_dags/example_short_circuit_operator.py took 0.113 seconds
[2022-12-09T18:48:30.001+0000] {processor.py:154} INFO - Started process (PID=817) to work on /home/airflow/.local/lib/python3.7/site-packages/airflow/example_dags/example_short_circuit_operator.py
[2022-12-09T18:48:30.008+0000] {processor.py:756} INFO - Processing file /home/airflow/.local/lib/python3.7/site-packages/airflow/example_dags/example_short_circuit_operator.py for tasks to queue
[2022-12-09T18:48:30.014+0000] {logging_mixin.py:137} INFO - [2022-12-09T18:48:30.014+0000] {dagbag.py:537} INFO - Filling up the DagBag from /home/airflow/.local/lib/python3.7/site-packages/airflow/example_dags/example_short_circuit_operator.py
[2022-12-09T18:48:30.051+0000] {processor.py:766} INFO - DAG(s) dict_keys(['example_short_circuit_operator']) retrieved from /home/airflow/.local/lib/python3.7/site-packages/airflow/example_dags/example_short_circuit_operator.py
[2022-12-09T18:48:30.159+0000] {logging_mixin.py:137} INFO - [2022-12-09T18:48:30.158+0000] {dag.py:2585} INFO - Sync 1 DAGs
[2022-12-09T18:48:30.203+0000] {logging_mixin.py:137} INFO - [2022-12-09T18:48:30.203+0000] {dag.py:3340} INFO - Setting next_dagrun for example_short_circuit_operator to 2022-12-08T18:48:30.202787+00:00, run_after=2022-12-09T18:48:30.202787+00:00
[2022-12-09T18:48:30.225+0000] {processor.py:176} INFO - Processing /home/airflow/.local/lib/python3.7/site-packages/airflow/example_dags/example_short_circuit_operator.py took 0.229 seconds
[2022-12-09T18:49:00.414+0000] {processor.py:154} INFO - Started process (PID=873) to work on /home/airflow/.local/lib/python3.7/site-packages/airflow/example_dags/example_short_circuit_operator.py
[2022-12-09T18:49:00.416+0000] {processor.py:756} INFO - Processing file /home/airflow/.local/lib/python3.7/site-packages/airflow/example_dags/example_short_circuit_operator.py for tasks to queue
[2022-12-09T18:49:00.417+0000] {logging_mixin.py:137} INFO - [2022-12-09T18:49:00.417+0000] {dagbag.py:537} INFO - Filling up the DagBag from /home/airflow/.local/lib/python3.7/site-packages/airflow/example_dags/example_short_circuit_operator.py
[2022-12-09T18:49:00.428+0000] {processor.py:766} INFO - DAG(s) dict_keys(['example_short_circuit_operator']) retrieved from /home/airflow/.local/lib/python3.7/site-packages/airflow/example_dags/example_short_circuit_operator.py
[2022-12-09T18:49:00.455+0000] {logging_mixin.py:137} INFO - [2022-12-09T18:49:00.455+0000] {dag.py:2585} INFO - Sync 1 DAGs
[2022-12-09T18:49:00.473+0000] {logging_mixin.py:137} INFO - [2022-12-09T18:49:00.473+0000] {dag.py:3340} INFO - Setting next_dagrun for example_short_circuit_operator to 2022-12-08T18:49:00.473253+00:00, run_after=2022-12-09T18:49:00.473253+00:00
[2022-12-09T18:49:00.485+0000] {processor.py:176} INFO - Processing /home/airflow/.local/lib/python3.7/site-packages/airflow/example_dags/example_short_circuit_operator.py took 0.074 seconds
[2022-12-09T18:49:32.245+0000] {processor.py:154} INFO - Started process (PID=937) to work on /home/airflow/.local/lib/python3.7/site-packages/airflow/example_dags/example_short_circuit_operator.py
[2022-12-09T18:49:32.247+0000] {processor.py:756} INFO - Processing file /home/airflow/.local/lib/python3.7/site-packages/airflow/example_dags/example_short_circuit_operator.py for tasks to queue
[2022-12-09T18:49:32.249+0000] {logging_mixin.py:137} INFO - [2022-12-09T18:49:32.249+0000] {dagbag.py:537} INFO - Filling up the DagBag from /home/airflow/.local/lib/python3.7/site-packages/airflow/example_dags/example_short_circuit_operator.py
[2022-12-09T18:49:32.266+0000] {processor.py:766} INFO - DAG(s) dict_keys(['example_short_circuit_operator']) retrieved from /home/airflow/.local/lib/python3.7/site-packages/airflow/example_dags/example_short_circuit_operator.py
[2022-12-09T18:49:32.322+0000] {logging_mixin.py:137} INFO - [2022-12-09T18:49:32.322+0000] {dag.py:2585} INFO - Sync 1 DAGs
[2022-12-09T18:49:32.345+0000] {logging_mixin.py:137} INFO - [2022-12-09T18:49:32.345+0000] {dag.py:3340} INFO - Setting next_dagrun for example_short_circuit_operator to 2022-12-08T18:49:32.345262+00:00, run_after=2022-12-09T18:49:32.345262+00:00
[2022-12-09T18:49:32.365+0000] {processor.py:176} INFO - Processing /home/airflow/.local/lib/python3.7/site-packages/airflow/example_dags/example_short_circuit_operator.py took 0.123 seconds
[2022-12-09T18:50:02.414+0000] {processor.py:154} INFO - Started process (PID=1000) to work on /home/airflow/.local/lib/python3.7/site-packages/airflow/example_dags/example_short_circuit_operator.py
[2022-12-09T18:50:02.415+0000] {processor.py:756} INFO - Processing file /home/airflow/.local/lib/python3.7/site-packages/airflow/example_dags/example_short_circuit_operator.py for tasks to queue
[2022-12-09T18:50:02.416+0000] {logging_mixin.py:137} INFO - [2022-12-09T18:50:02.416+0000] {dagbag.py:537} INFO - Filling up the DagBag from /home/airflow/.local/lib/python3.7/site-packages/airflow/example_dags/example_short_circuit_operator.py
[2022-12-09T18:50:02.427+0000] {processor.py:766} INFO - DAG(s) dict_keys(['example_short_circuit_operator']) retrieved from /home/airflow/.local/lib/python3.7/site-packages/airflow/example_dags/example_short_circuit_operator.py
[2022-12-09T18:50:02.456+0000] {logging_mixin.py:137} INFO - [2022-12-09T18:50:02.456+0000] {dag.py:2585} INFO - Sync 1 DAGs
[2022-12-09T18:50:02.472+0000] {logging_mixin.py:137} INFO - [2022-12-09T18:50:02.472+0000] {dag.py:3340} INFO - Setting next_dagrun for example_short_circuit_operator to 2022-12-08T18:50:02.472273+00:00, run_after=2022-12-09T18:50:02.472273+00:00
[2022-12-09T18:50:02.484+0000] {processor.py:176} INFO - Processing /home/airflow/.local/lib/python3.7/site-packages/airflow/example_dags/example_short_circuit_operator.py took 0.073 seconds
[2022-12-09T18:50:33.553+0000] {processor.py:154} INFO - Started process (PID=1064) to work on /home/airflow/.local/lib/python3.7/site-packages/airflow/example_dags/example_short_circuit_operator.py
[2022-12-09T18:50:33.556+0000] {processor.py:756} INFO - Processing file /home/airflow/.local/lib/python3.7/site-packages/airflow/example_dags/example_short_circuit_operator.py for tasks to queue
[2022-12-09T18:50:33.557+0000] {logging_mixin.py:137} INFO - [2022-12-09T18:50:33.557+0000] {dagbag.py:537} INFO - Filling up the DagBag from /home/airflow/.local/lib/python3.7/site-packages/airflow/example_dags/example_short_circuit_operator.py
[2022-12-09T18:50:33.570+0000] {processor.py:766} INFO - DAG(s) dict_keys(['example_short_circuit_operator']) retrieved from /home/airflow/.local/lib/python3.7/site-packages/airflow/example_dags/example_short_circuit_operator.py
[2022-12-09T18:50:33.601+0000] {logging_mixin.py:137} INFO - [2022-12-09T18:50:33.600+0000] {dag.py:2585} INFO - Sync 1 DAGs
[2022-12-09T18:50:33.618+0000] {logging_mixin.py:137} INFO - [2022-12-09T18:50:33.618+0000] {dag.py:3340} INFO - Setting next_dagrun for example_short_circuit_operator to 2022-12-08T18:50:33.618329+00:00, run_after=2022-12-09T18:50:33.618329+00:00
[2022-12-09T18:50:33.632+0000] {processor.py:176} INFO - Processing /home/airflow/.local/lib/python3.7/site-packages/airflow/example_dags/example_short_circuit_operator.py took 0.081 seconds
[2022-12-09T18:51:04.090+0000] {processor.py:154} INFO - Started process (PID=1119) to work on /home/airflow/.local/lib/python3.7/site-packages/airflow/example_dags/example_short_circuit_operator.py
[2022-12-09T18:51:04.092+0000] {processor.py:756} INFO - Processing file /home/airflow/.local/lib/python3.7/site-packages/airflow/example_dags/example_short_circuit_operator.py for tasks to queue
[2022-12-09T18:51:04.094+0000] {logging_mixin.py:137} INFO - [2022-12-09T18:51:04.094+0000] {dagbag.py:537} INFO - Filling up the DagBag from /home/airflow/.local/lib/python3.7/site-packages/airflow/example_dags/example_short_circuit_operator.py
[2022-12-09T18:51:04.106+0000] {processor.py:766} INFO - DAG(s) dict_keys(['example_short_circuit_operator']) retrieved from /home/airflow/.local/lib/python3.7/site-packages/airflow/example_dags/example_short_circuit_operator.py
[2022-12-09T18:51:04.138+0000] {logging_mixin.py:137} INFO - [2022-12-09T18:51:04.138+0000] {dag.py:2585} INFO - Sync 1 DAGs
[2022-12-09T18:51:04.155+0000] {logging_mixin.py:137} INFO - [2022-12-09T18:51:04.155+0000] {dag.py:3340} INFO - Setting next_dagrun for example_short_circuit_operator to 2022-12-08T18:51:04.155270+00:00, run_after=2022-12-09T18:51:04.155270+00:00
[2022-12-09T18:51:04.170+0000] {processor.py:176} INFO - Processing /home/airflow/.local/lib/python3.7/site-packages/airflow/example_dags/example_short_circuit_operator.py took 0.083 seconds
[2022-12-09T18:51:35.358+0000] {processor.py:154} INFO - Started process (PID=1183) to work on /home/airflow/.local/lib/python3.7/site-packages/airflow/example_dags/example_short_circuit_operator.py
[2022-12-09T18:51:35.360+0000] {processor.py:756} INFO - Processing file /home/airflow/.local/lib/python3.7/site-packages/airflow/example_dags/example_short_circuit_operator.py for tasks to queue
[2022-12-09T18:51:35.361+0000] {logging_mixin.py:137} INFO - [2022-12-09T18:51:35.361+0000] {dagbag.py:537} INFO - Filling up the DagBag from /home/airflow/.local/lib/python3.7/site-packages/airflow/example_dags/example_short_circuit_operator.py
[2022-12-09T18:51:35.375+0000] {processor.py:766} INFO - DAG(s) dict_keys(['example_short_circuit_operator']) retrieved from /home/airflow/.local/lib/python3.7/site-packages/airflow/example_dags/example_short_circuit_operator.py
[2022-12-09T18:51:35.409+0000] {logging_mixin.py:137} INFO - [2022-12-09T18:51:35.408+0000] {dag.py:2585} INFO - Sync 1 DAGs
[2022-12-09T18:51:35.432+0000] {logging_mixin.py:137} INFO - [2022-12-09T18:51:35.432+0000] {dag.py:3340} INFO - Setting next_dagrun for example_short_circuit_operator to 2022-12-08T18:51:35.432212+00:00, run_after=2022-12-09T18:51:35.432212+00:00
[2022-12-09T18:51:35.452+0000] {processor.py:176} INFO - Processing /home/airflow/.local/lib/python3.7/site-packages/airflow/example_dags/example_short_circuit_operator.py took 0.097 seconds
[2022-12-09T18:52:06.632+0000] {processor.py:154} INFO - Started process (PID=1247) to work on /home/airflow/.local/lib/python3.7/site-packages/airflow/example_dags/example_short_circuit_operator.py
[2022-12-09T18:52:06.635+0000] {processor.py:756} INFO - Processing file /home/airflow/.local/lib/python3.7/site-packages/airflow/example_dags/example_short_circuit_operator.py for tasks to queue
[2022-12-09T18:52:06.636+0000] {logging_mixin.py:137} INFO - [2022-12-09T18:52:06.636+0000] {dagbag.py:537} INFO - Filling up the DagBag from /home/airflow/.local/lib/python3.7/site-packages/airflow/example_dags/example_short_circuit_operator.py
[2022-12-09T18:52:06.649+0000] {processor.py:766} INFO - DAG(s) dict_keys(['example_short_circuit_operator']) retrieved from /home/airflow/.local/lib/python3.7/site-packages/airflow/example_dags/example_short_circuit_operator.py
[2022-12-09T18:52:06.681+0000] {logging_mixin.py:137} INFO - [2022-12-09T18:52:06.681+0000] {dag.py:2585} INFO - Sync 1 DAGs
[2022-12-09T18:52:06.714+0000] {logging_mixin.py:137} INFO - [2022-12-09T18:52:06.714+0000] {dag.py:3340} INFO - Setting next_dagrun for example_short_circuit_operator to 2022-12-08T18:52:06.714324+00:00, run_after=2022-12-09T18:52:06.714324+00:00
[2022-12-09T18:52:06.756+0000] {processor.py:176} INFO - Processing /home/airflow/.local/lib/python3.7/site-packages/airflow/example_dags/example_short_circuit_operator.py took 0.128 seconds
[2022-12-09T18:52:37.485+0000] {processor.py:154} INFO - Started process (PID=1312) to work on /home/airflow/.local/lib/python3.7/site-packages/airflow/example_dags/example_short_circuit_operator.py
[2022-12-09T18:52:37.487+0000] {processor.py:756} INFO - Processing file /home/airflow/.local/lib/python3.7/site-packages/airflow/example_dags/example_short_circuit_operator.py for tasks to queue
[2022-12-09T18:52:37.488+0000] {logging_mixin.py:137} INFO - [2022-12-09T18:52:37.488+0000] {dagbag.py:537} INFO - Filling up the DagBag from /home/airflow/.local/lib/python3.7/site-packages/airflow/example_dags/example_short_circuit_operator.py
[2022-12-09T18:52:37.499+0000] {processor.py:766} INFO - DAG(s) dict_keys(['example_short_circuit_operator']) retrieved from /home/airflow/.local/lib/python3.7/site-packages/airflow/example_dags/example_short_circuit_operator.py
[2022-12-09T18:52:37.530+0000] {logging_mixin.py:137} INFO - [2022-12-09T18:52:37.530+0000] {dag.py:2585} INFO - Sync 1 DAGs
[2022-12-09T18:52:37.547+0000] {logging_mixin.py:137} INFO - [2022-12-09T18:52:37.547+0000] {dag.py:3340} INFO - Setting next_dagrun for example_short_circuit_operator to 2022-12-08T18:52:37.547463+00:00, run_after=2022-12-09T18:52:37.547463+00:00
[2022-12-09T18:52:37.567+0000] {processor.py:176} INFO - Processing /home/airflow/.local/lib/python3.7/site-packages/airflow/example_dags/example_short_circuit_operator.py took 0.084 seconds
[2022-12-09T18:53:08.257+0000] {processor.py:154} INFO - Started process (PID=1376) to work on /home/airflow/.local/lib/python3.7/site-packages/airflow/example_dags/example_short_circuit_operator.py
[2022-12-09T18:53:08.259+0000] {processor.py:756} INFO - Processing file /home/airflow/.local/lib/python3.7/site-packages/airflow/example_dags/example_short_circuit_operator.py for tasks to queue
[2022-12-09T18:53:08.260+0000] {logging_mixin.py:137} INFO - [2022-12-09T18:53:08.260+0000] {dagbag.py:537} INFO - Filling up the DagBag from /home/airflow/.local/lib/python3.7/site-packages/airflow/example_dags/example_short_circuit_operator.py
[2022-12-09T18:53:08.271+0000] {processor.py:766} INFO - DAG(s) dict_keys(['example_short_circuit_operator']) retrieved from /home/airflow/.local/lib/python3.7/site-packages/airflow/example_dags/example_short_circuit_operator.py
[2022-12-09T18:53:08.298+0000] {logging_mixin.py:137} INFO - [2022-12-09T18:53:08.298+0000] {dag.py:2585} INFO - Sync 1 DAGs
[2022-12-09T18:53:08.314+0000] {logging_mixin.py:137} INFO - [2022-12-09T18:53:08.314+0000] {dag.py:3340} INFO - Setting next_dagrun for example_short_circuit_operator to 2022-12-08T18:53:08.314018+00:00, run_after=2022-12-09T18:53:08.314018+00:00
[2022-12-09T18:53:08.326+0000] {processor.py:176} INFO - Processing /home/airflow/.local/lib/python3.7/site-packages/airflow/example_dags/example_short_circuit_operator.py took 0.071 seconds
[2022-12-09T18:53:39.167+0000] {processor.py:154} INFO - Started process (PID=1442) to work on /home/airflow/.local/lib/python3.7/site-packages/airflow/example_dags/example_short_circuit_operator.py
[2022-12-09T18:53:39.168+0000] {processor.py:756} INFO - Processing file /home/airflow/.local/lib/python3.7/site-packages/airflow/example_dags/example_short_circuit_operator.py for tasks to queue
[2022-12-09T18:53:39.170+0000] {logging_mixin.py:137} INFO - [2022-12-09T18:53:39.170+0000] {dagbag.py:537} INFO - Filling up the DagBag from /home/airflow/.local/lib/python3.7/site-packages/airflow/example_dags/example_short_circuit_operator.py
[2022-12-09T18:53:39.182+0000] {processor.py:766} INFO - DAG(s) dict_keys(['example_short_circuit_operator']) retrieved from /home/airflow/.local/lib/python3.7/site-packages/airflow/example_dags/example_short_circuit_operator.py
[2022-12-09T18:53:39.209+0000] {logging_mixin.py:137} INFO - [2022-12-09T18:53:39.209+0000] {dag.py:2585} INFO - Sync 1 DAGs
[2022-12-09T18:53:39.225+0000] {logging_mixin.py:137} INFO - [2022-12-09T18:53:39.225+0000] {dag.py:3340} INFO - Setting next_dagrun for example_short_circuit_operator to 2022-12-08T18:53:39.225382+00:00, run_after=2022-12-09T18:53:39.225382+00:00
[2022-12-09T18:53:39.244+0000] {processor.py:176} INFO - Processing /home/airflow/.local/lib/python3.7/site-packages/airflow/example_dags/example_short_circuit_operator.py took 0.080 seconds
[2022-12-09T18:54:09.440+0000] {processor.py:154} INFO - Started process (PID=1498) to work on /home/airflow/.local/lib/python3.7/site-packages/airflow/example_dags/example_short_circuit_operator.py
[2022-12-09T18:54:09.444+0000] {processor.py:756} INFO - Processing file /home/airflow/.local/lib/python3.7/site-packages/airflow/example_dags/example_short_circuit_operator.py for tasks to queue
[2022-12-09T18:54:09.445+0000] {logging_mixin.py:137} INFO - [2022-12-09T18:54:09.445+0000] {dagbag.py:537} INFO - Filling up the DagBag from /home/airflow/.local/lib/python3.7/site-packages/airflow/example_dags/example_short_circuit_operator.py
[2022-12-09T18:54:09.464+0000] {processor.py:766} INFO - DAG(s) dict_keys(['example_short_circuit_operator']) retrieved from /home/airflow/.local/lib/python3.7/site-packages/airflow/example_dags/example_short_circuit_operator.py
[2022-12-09T18:54:09.494+0000] {logging_mixin.py:137} INFO - [2022-12-09T18:54:09.494+0000] {dag.py:2585} INFO - Sync 1 DAGs
[2022-12-09T18:54:09.509+0000] {logging_mixin.py:137} INFO - [2022-12-09T18:54:09.509+0000] {dag.py:3340} INFO - Setting next_dagrun for example_short_circuit_operator to 2022-12-08T18:54:09.509770+00:00, run_after=2022-12-09T18:54:09.509770+00:00
[2022-12-09T18:54:09.522+0000] {processor.py:176} INFO - Processing /home/airflow/.local/lib/python3.7/site-packages/airflow/example_dags/example_short_circuit_operator.py took 0.085 seconds
[2022-12-09T18:54:40.420+0000] {processor.py:154} INFO - Started process (PID=1563) to work on /home/airflow/.local/lib/python3.7/site-packages/airflow/example_dags/example_short_circuit_operator.py
[2022-12-09T18:54:40.422+0000] {processor.py:756} INFO - Processing file /home/airflow/.local/lib/python3.7/site-packages/airflow/example_dags/example_short_circuit_operator.py for tasks to queue
[2022-12-09T18:54:40.423+0000] {logging_mixin.py:137} INFO - [2022-12-09T18:54:40.423+0000] {dagbag.py:537} INFO - Filling up the DagBag from /home/airflow/.local/lib/python3.7/site-packages/airflow/example_dags/example_short_circuit_operator.py
[2022-12-09T18:54:40.435+0000] {processor.py:766} INFO - DAG(s) dict_keys(['example_short_circuit_operator']) retrieved from /home/airflow/.local/lib/python3.7/site-packages/airflow/example_dags/example_short_circuit_operator.py
[2022-12-09T18:54:40.463+0000] {logging_mixin.py:137} INFO - [2022-12-09T18:54:40.463+0000] {dag.py:2585} INFO - Sync 1 DAGs
[2022-12-09T18:54:40.478+0000] {logging_mixin.py:137} INFO - [2022-12-09T18:54:40.478+0000] {dag.py:3340} INFO - Setting next_dagrun for example_short_circuit_operator to 2022-12-08T18:54:40.478274+00:00, run_after=2022-12-09T18:54:40.478274+00:00
[2022-12-09T18:54:40.490+0000] {processor.py:176} INFO - Processing /home/airflow/.local/lib/python3.7/site-packages/airflow/example_dags/example_short_circuit_operator.py took 0.072 seconds
[2022-12-09T18:55:11.387+0000] {processor.py:154} INFO - Started process (PID=1626) to work on /home/airflow/.local/lib/python3.7/site-packages/airflow/example_dags/example_short_circuit_operator.py
[2022-12-09T18:55:11.390+0000] {processor.py:756} INFO - Processing file /home/airflow/.local/lib/python3.7/site-packages/airflow/example_dags/example_short_circuit_operator.py for tasks to queue
[2022-12-09T18:55:11.391+0000] {logging_mixin.py:137} INFO - [2022-12-09T18:55:11.391+0000] {dagbag.py:537} INFO - Filling up the DagBag from /home/airflow/.local/lib/python3.7/site-packages/airflow/example_dags/example_short_circuit_operator.py
[2022-12-09T18:55:11.404+0000] {processor.py:766} INFO - DAG(s) dict_keys(['example_short_circuit_operator']) retrieved from /home/airflow/.local/lib/python3.7/site-packages/airflow/example_dags/example_short_circuit_operator.py
[2022-12-09T18:55:11.429+0000] {logging_mixin.py:137} INFO - [2022-12-09T18:55:11.429+0000] {dag.py:2585} INFO - Sync 1 DAGs
[2022-12-09T18:55:11.449+0000] {logging_mixin.py:137} INFO - [2022-12-09T18:55:11.449+0000] {dag.py:3340} INFO - Setting next_dagrun for example_short_circuit_operator to 2022-12-08T18:55:11.449602+00:00, run_after=2022-12-09T18:55:11.449602+00:00
[2022-12-09T18:55:11.467+0000] {processor.py:176} INFO - Processing /home/airflow/.local/lib/python3.7/site-packages/airflow/example_dags/example_short_circuit_operator.py took 0.082 seconds
[2022-12-09T18:55:42.204+0000] {processor.py:154} INFO - Started process (PID=1690) to work on /home/airflow/.local/lib/python3.7/site-packages/airflow/example_dags/example_short_circuit_operator.py
[2022-12-09T18:55:42.207+0000] {processor.py:756} INFO - Processing file /home/airflow/.local/lib/python3.7/site-packages/airflow/example_dags/example_short_circuit_operator.py for tasks to queue
[2022-12-09T18:55:42.209+0000] {logging_mixin.py:137} INFO - [2022-12-09T18:55:42.209+0000] {dagbag.py:537} INFO - Filling up the DagBag from /home/airflow/.local/lib/python3.7/site-packages/airflow/example_dags/example_short_circuit_operator.py
[2022-12-09T18:55:42.223+0000] {processor.py:766} INFO - DAG(s) dict_keys(['example_short_circuit_operator']) retrieved from /home/airflow/.local/lib/python3.7/site-packages/airflow/example_dags/example_short_circuit_operator.py
[2022-12-09T18:55:42.259+0000] {logging_mixin.py:137} INFO - [2022-12-09T18:55:42.258+0000] {dag.py:2585} INFO - Sync 1 DAGs
[2022-12-09T18:55:42.279+0000] {logging_mixin.py:137} INFO - [2022-12-09T18:55:42.279+0000] {dag.py:3340} INFO - Setting next_dagrun for example_short_circuit_operator to 2022-12-08T18:55:42.279649+00:00, run_after=2022-12-09T18:55:42.279649+00:00
[2022-12-09T18:55:42.296+0000] {processor.py:176} INFO - Processing /home/airflow/.local/lib/python3.7/site-packages/airflow/example_dags/example_short_circuit_operator.py took 0.097 seconds
[2022-12-09T18:56:12.764+0000] {processor.py:154} INFO - Started process (PID=1745) to work on /home/airflow/.local/lib/python3.7/site-packages/airflow/example_dags/example_short_circuit_operator.py
[2022-12-09T18:56:12.766+0000] {processor.py:756} INFO - Processing file /home/airflow/.local/lib/python3.7/site-packages/airflow/example_dags/example_short_circuit_operator.py for tasks to queue
[2022-12-09T18:56:12.768+0000] {logging_mixin.py:137} INFO - [2022-12-09T18:56:12.768+0000] {dagbag.py:537} INFO - Filling up the DagBag from /home/airflow/.local/lib/python3.7/site-packages/airflow/example_dags/example_short_circuit_operator.py
[2022-12-09T18:56:12.781+0000] {processor.py:766} INFO - DAG(s) dict_keys(['example_short_circuit_operator']) retrieved from /home/airflow/.local/lib/python3.7/site-packages/airflow/example_dags/example_short_circuit_operator.py
[2022-12-09T18:56:12.809+0000] {logging_mixin.py:137} INFO - [2022-12-09T18:56:12.809+0000] {dag.py:2585} INFO - Sync 1 DAGs
[2022-12-09T18:56:12.826+0000] {logging_mixin.py:137} INFO - [2022-12-09T18:56:12.825+0000] {dag.py:3340} INFO - Setting next_dagrun for example_short_circuit_operator to 2022-12-08T18:56:12.825710+00:00, run_after=2022-12-09T18:56:12.825710+00:00
[2022-12-09T18:56:12.848+0000] {processor.py:176} INFO - Processing /home/airflow/.local/lib/python3.7/site-packages/airflow/example_dags/example_short_circuit_operator.py took 0.086 seconds
[2022-12-09T18:56:43.422+0000] {processor.py:154} INFO - Started process (PID=1809) to work on /home/airflow/.local/lib/python3.7/site-packages/airflow/example_dags/example_short_circuit_operator.py
[2022-12-09T18:56:43.424+0000] {processor.py:756} INFO - Processing file /home/airflow/.local/lib/python3.7/site-packages/airflow/example_dags/example_short_circuit_operator.py for tasks to queue
[2022-12-09T18:56:43.426+0000] {logging_mixin.py:137} INFO - [2022-12-09T18:56:43.426+0000] {dagbag.py:537} INFO - Filling up the DagBag from /home/airflow/.local/lib/python3.7/site-packages/airflow/example_dags/example_short_circuit_operator.py
[2022-12-09T18:56:43.442+0000] {processor.py:766} INFO - DAG(s) dict_keys(['example_short_circuit_operator']) retrieved from /home/airflow/.local/lib/python3.7/site-packages/airflow/example_dags/example_short_circuit_operator.py
[2022-12-09T18:56:43.480+0000] {logging_mixin.py:137} INFO - [2022-12-09T18:56:43.479+0000] {dag.py:2585} INFO - Sync 1 DAGs
[2022-12-09T18:56:43.499+0000] {logging_mixin.py:137} INFO - [2022-12-09T18:56:43.499+0000] {dag.py:3340} INFO - Setting next_dagrun for example_short_circuit_operator to 2022-12-08T18:56:43.498973+00:00, run_after=2022-12-09T18:56:43.498973+00:00
[2022-12-09T18:56:43.511+0000] {processor.py:176} INFO - Processing /home/airflow/.local/lib/python3.7/site-packages/airflow/example_dags/example_short_circuit_operator.py took 0.092 seconds
[2022-12-09T18:57:14.673+0000] {processor.py:154} INFO - Started process (PID=1873) to work on /home/airflow/.local/lib/python3.7/site-packages/airflow/example_dags/example_short_circuit_operator.py
[2022-12-09T18:57:14.675+0000] {processor.py:756} INFO - Processing file /home/airflow/.local/lib/python3.7/site-packages/airflow/example_dags/example_short_circuit_operator.py for tasks to queue
[2022-12-09T18:57:14.676+0000] {logging_mixin.py:137} INFO - [2022-12-09T18:57:14.676+0000] {dagbag.py:537} INFO - Filling up the DagBag from /home/airflow/.local/lib/python3.7/site-packages/airflow/example_dags/example_short_circuit_operator.py
[2022-12-09T18:57:14.688+0000] {processor.py:766} INFO - DAG(s) dict_keys(['example_short_circuit_operator']) retrieved from /home/airflow/.local/lib/python3.7/site-packages/airflow/example_dags/example_short_circuit_operator.py
[2022-12-09T18:57:14.715+0000] {logging_mixin.py:137} INFO - [2022-12-09T18:57:14.715+0000] {dag.py:2585} INFO - Sync 1 DAGs
[2022-12-09T18:57:14.732+0000] {logging_mixin.py:137} INFO - [2022-12-09T18:57:14.731+0000] {dag.py:3340} INFO - Setting next_dagrun for example_short_circuit_operator to 2022-12-08T18:57:14.731782+00:00, run_after=2022-12-09T18:57:14.731782+00:00
[2022-12-09T18:57:14.746+0000] {processor.py:176} INFO - Processing /home/airflow/.local/lib/python3.7/site-packages/airflow/example_dags/example_short_circuit_operator.py took 0.075 seconds
[2022-12-09T18:57:46.863+0000] {processor.py:154} INFO - Started process (PID=1936) to work on /home/airflow/.local/lib/python3.7/site-packages/airflow/example_dags/example_short_circuit_operator.py
[2022-12-09T18:57:46.866+0000] {processor.py:756} INFO - Processing file /home/airflow/.local/lib/python3.7/site-packages/airflow/example_dags/example_short_circuit_operator.py for tasks to queue
[2022-12-09T18:57:46.867+0000] {logging_mixin.py:137} INFO - [2022-12-09T18:57:46.867+0000] {dagbag.py:537} INFO - Filling up the DagBag from /home/airflow/.local/lib/python3.7/site-packages/airflow/example_dags/example_short_circuit_operator.py
[2022-12-09T18:57:46.893+0000] {processor.py:766} INFO - DAG(s) dict_keys(['example_short_circuit_operator']) retrieved from /home/airflow/.local/lib/python3.7/site-packages/airflow/example_dags/example_short_circuit_operator.py
[2022-12-09T18:57:46.943+0000] {logging_mixin.py:137} INFO - [2022-12-09T18:57:46.942+0000] {dag.py:2585} INFO - Sync 1 DAGs
[2022-12-09T18:57:46.969+0000] {logging_mixin.py:137} INFO - [2022-12-09T18:57:46.969+0000] {dag.py:3340} INFO - Setting next_dagrun for example_short_circuit_operator to 2022-12-08T18:57:46.968837+00:00, run_after=2022-12-09T18:57:46.968837+00:00
[2022-12-09T18:57:46.985+0000] {processor.py:176} INFO - Processing /home/airflow/.local/lib/python3.7/site-packages/airflow/example_dags/example_short_circuit_operator.py took 0.128 seconds
[2022-12-09T18:58:17.126+0000] {processor.py:154} INFO - Started process (PID=1991) to work on /home/airflow/.local/lib/python3.7/site-packages/airflow/example_dags/example_short_circuit_operator.py
[2022-12-09T18:58:17.128+0000] {processor.py:756} INFO - Processing file /home/airflow/.local/lib/python3.7/site-packages/airflow/example_dags/example_short_circuit_operator.py for tasks to queue
[2022-12-09T18:58:17.129+0000] {logging_mixin.py:137} INFO - [2022-12-09T18:58:17.129+0000] {dagbag.py:537} INFO - Filling up the DagBag from /home/airflow/.local/lib/python3.7/site-packages/airflow/example_dags/example_short_circuit_operator.py
[2022-12-09T18:58:17.144+0000] {processor.py:766} INFO - DAG(s) dict_keys(['example_short_circuit_operator']) retrieved from /home/airflow/.local/lib/python3.7/site-packages/airflow/example_dags/example_short_circuit_operator.py
[2022-12-09T18:58:17.175+0000] {logging_mixin.py:137} INFO - [2022-12-09T18:58:17.175+0000] {dag.py:2585} INFO - Sync 1 DAGs
[2022-12-09T18:58:17.193+0000] {logging_mixin.py:137} INFO - [2022-12-09T18:58:17.193+0000] {dag.py:3340} INFO - Setting next_dagrun for example_short_circuit_operator to 2022-12-08T18:58:17.193355+00:00, run_after=2022-12-09T18:58:17.193355+00:00
[2022-12-09T18:58:17.216+0000] {processor.py:176} INFO - Processing /home/airflow/.local/lib/python3.7/site-packages/airflow/example_dags/example_short_circuit_operator.py took 0.094 seconds
[2022-12-09T18:58:53.175+0000] {processor.py:154} INFO - Started process (PID=2064) to work on /home/airflow/.local/lib/python3.7/site-packages/airflow/example_dags/example_short_circuit_operator.py
[2022-12-09T18:58:53.217+0000] {processor.py:756} INFO - Processing file /home/airflow/.local/lib/python3.7/site-packages/airflow/example_dags/example_short_circuit_operator.py for tasks to queue
[2022-12-09T18:58:53.231+0000] {logging_mixin.py:137} INFO - [2022-12-09T18:58:53.231+0000] {dagbag.py:537} INFO - Filling up the DagBag from /home/airflow/.local/lib/python3.7/site-packages/airflow/example_dags/example_short_circuit_operator.py
[2022-12-09T18:58:53.381+0000] {processor.py:766} INFO - DAG(s) dict_keys(['example_short_circuit_operator']) retrieved from /home/airflow/.local/lib/python3.7/site-packages/airflow/example_dags/example_short_circuit_operator.py
[2022-12-09T18:58:54.782+0000] {logging_mixin.py:137} INFO - [2022-12-09T18:58:54.781+0000] {dag.py:2585} INFO - Sync 1 DAGs
[2022-12-09T18:58:55.214+0000] {logging_mixin.py:137} INFO - [2022-12-09T18:58:55.209+0000] {dag.py:3340} INFO - Setting next_dagrun for example_short_circuit_operator to 2022-12-08T18:58:55.189472+00:00, run_after=2022-12-09T18:58:55.189472+00:00
[2022-12-09T18:58:56.210+0000] {processor.py:176} INFO - Processing /home/airflow/.local/lib/python3.7/site-packages/airflow/example_dags/example_short_circuit_operator.py took 3.067 seconds
[2022-12-09T18:59:26.347+0000] {processor.py:154} INFO - Started process (PID=2121) to work on /home/airflow/.local/lib/python3.7/site-packages/airflow/example_dags/example_short_circuit_operator.py
[2022-12-09T18:59:26.349+0000] {processor.py:756} INFO - Processing file /home/airflow/.local/lib/python3.7/site-packages/airflow/example_dags/example_short_circuit_operator.py for tasks to queue
[2022-12-09T18:59:26.351+0000] {logging_mixin.py:137} INFO - [2022-12-09T18:59:26.351+0000] {dagbag.py:537} INFO - Filling up the DagBag from /home/airflow/.local/lib/python3.7/site-packages/airflow/example_dags/example_short_circuit_operator.py
[2022-12-09T18:59:26.370+0000] {processor.py:766} INFO - DAG(s) dict_keys(['example_short_circuit_operator']) retrieved from /home/airflow/.local/lib/python3.7/site-packages/airflow/example_dags/example_short_circuit_operator.py
[2022-12-09T18:59:26.416+0000] {logging_mixin.py:137} INFO - [2022-12-09T18:59:26.416+0000] {dag.py:2585} INFO - Sync 1 DAGs
[2022-12-09T18:59:26.439+0000] {logging_mixin.py:137} INFO - [2022-12-09T18:59:26.438+0000] {dag.py:3340} INFO - Setting next_dagrun for example_short_circuit_operator to 2022-12-08T18:59:26.438647+00:00, run_after=2022-12-09T18:59:26.438647+00:00
[2022-12-09T18:59:26.454+0000] {processor.py:176} INFO - Processing /home/airflow/.local/lib/python3.7/site-packages/airflow/example_dags/example_short_circuit_operator.py took 0.111 seconds
[2022-12-09T18:59:57.077+0000] {processor.py:154} INFO - Started process (PID=2185) to work on /home/airflow/.local/lib/python3.7/site-packages/airflow/example_dags/example_short_circuit_operator.py
[2022-12-09T18:59:57.079+0000] {processor.py:756} INFO - Processing file /home/airflow/.local/lib/python3.7/site-packages/airflow/example_dags/example_short_circuit_operator.py for tasks to queue
[2022-12-09T18:59:57.080+0000] {logging_mixin.py:137} INFO - [2022-12-09T18:59:57.080+0000] {dagbag.py:537} INFO - Filling up the DagBag from /home/airflow/.local/lib/python3.7/site-packages/airflow/example_dags/example_short_circuit_operator.py
[2022-12-09T18:59:57.106+0000] {processor.py:766} INFO - DAG(s) dict_keys(['example_short_circuit_operator']) retrieved from /home/airflow/.local/lib/python3.7/site-packages/airflow/example_dags/example_short_circuit_operator.py
[2022-12-09T18:59:57.160+0000] {logging_mixin.py:137} INFO - [2022-12-09T18:59:57.160+0000] {dag.py:2585} INFO - Sync 1 DAGs
[2022-12-09T18:59:57.182+0000] {logging_mixin.py:137} INFO - [2022-12-09T18:59:57.182+0000] {dag.py:3340} INFO - Setting next_dagrun for example_short_circuit_operator to 2022-12-08T18:59:57.182050+00:00, run_after=2022-12-09T18:59:57.182050+00:00
[2022-12-09T18:59:57.195+0000] {processor.py:176} INFO - Processing /home/airflow/.local/lib/python3.7/site-packages/airflow/example_dags/example_short_circuit_operator.py took 0.124 seconds
[2022-12-09T19:00:28.019+0000] {processor.py:154} INFO - Started process (PID=2248) to work on /home/airflow/.local/lib/python3.7/site-packages/airflow/example_dags/example_short_circuit_operator.py
[2022-12-09T19:00:28.021+0000] {processor.py:756} INFO - Processing file /home/airflow/.local/lib/python3.7/site-packages/airflow/example_dags/example_short_circuit_operator.py for tasks to queue
[2022-12-09T19:00:28.023+0000] {logging_mixin.py:137} INFO - [2022-12-09T19:00:28.023+0000] {dagbag.py:537} INFO - Filling up the DagBag from /home/airflow/.local/lib/python3.7/site-packages/airflow/example_dags/example_short_circuit_operator.py
[2022-12-09T19:00:28.057+0000] {processor.py:766} INFO - DAG(s) dict_keys(['example_short_circuit_operator']) retrieved from /home/airflow/.local/lib/python3.7/site-packages/airflow/example_dags/example_short_circuit_operator.py
[2022-12-09T19:00:28.114+0000] {logging_mixin.py:137} INFO - [2022-12-09T19:00:28.114+0000] {dag.py:2585} INFO - Sync 1 DAGs
[2022-12-09T19:00:28.135+0000] {logging_mixin.py:137} INFO - [2022-12-09T19:00:28.135+0000] {dag.py:3340} INFO - Setting next_dagrun for example_short_circuit_operator to 2022-12-08T19:00:28.135083+00:00, run_after=2022-12-09T19:00:28.135083+00:00
[2022-12-09T19:00:28.149+0000] {processor.py:176} INFO - Processing /home/airflow/.local/lib/python3.7/site-packages/airflow/example_dags/example_short_circuit_operator.py took 0.134 seconds
[2022-12-09T19:00:59.066+0000] {processor.py:154} INFO - Started process (PID=2312) to work on /home/airflow/.local/lib/python3.7/site-packages/airflow/example_dags/example_short_circuit_operator.py
[2022-12-09T19:00:59.068+0000] {processor.py:756} INFO - Processing file /home/airflow/.local/lib/python3.7/site-packages/airflow/example_dags/example_short_circuit_operator.py for tasks to queue
[2022-12-09T19:00:59.070+0000] {logging_mixin.py:137} INFO - [2022-12-09T19:00:59.070+0000] {dagbag.py:537} INFO - Filling up the DagBag from /home/airflow/.local/lib/python3.7/site-packages/airflow/example_dags/example_short_circuit_operator.py
[2022-12-09T19:00:59.112+0000] {processor.py:766} INFO - DAG(s) dict_keys(['example_short_circuit_operator']) retrieved from /home/airflow/.local/lib/python3.7/site-packages/airflow/example_dags/example_short_circuit_operator.py
[2022-12-09T19:00:59.191+0000] {logging_mixin.py:137} INFO - [2022-12-09T19:00:59.190+0000] {dag.py:2585} INFO - Sync 1 DAGs
[2022-12-09T19:00:59.215+0000] {logging_mixin.py:137} INFO - [2022-12-09T19:00:59.215+0000] {dag.py:3340} INFO - Setting next_dagrun for example_short_circuit_operator to 2022-12-08T19:00:59.214503+00:00, run_after=2022-12-09T19:00:59.214503+00:00
[2022-12-09T19:00:59.250+0000] {processor.py:176} INFO - Processing /home/airflow/.local/lib/python3.7/site-packages/airflow/example_dags/example_short_circuit_operator.py took 0.189 seconds
[2022-12-09T19:01:29.532+0000] {processor.py:154} INFO - Started process (PID=2377) to work on /home/airflow/.local/lib/python3.7/site-packages/airflow/example_dags/example_short_circuit_operator.py
[2022-12-09T19:01:29.534+0000] {processor.py:756} INFO - Processing file /home/airflow/.local/lib/python3.7/site-packages/airflow/example_dags/example_short_circuit_operator.py for tasks to queue
[2022-12-09T19:01:29.537+0000] {logging_mixin.py:137} INFO - [2022-12-09T19:01:29.537+0000] {dagbag.py:537} INFO - Filling up the DagBag from /home/airflow/.local/lib/python3.7/site-packages/airflow/example_dags/example_short_circuit_operator.py
[2022-12-09T19:01:29.561+0000] {processor.py:766} INFO - DAG(s) dict_keys(['example_short_circuit_operator']) retrieved from /home/airflow/.local/lib/python3.7/site-packages/airflow/example_dags/example_short_circuit_operator.py
[2022-12-09T19:01:29.600+0000] {logging_mixin.py:137} INFO - [2022-12-09T19:01:29.600+0000] {dag.py:2585} INFO - Sync 1 DAGs
[2022-12-09T19:01:29.621+0000] {logging_mixin.py:137} INFO - [2022-12-09T19:01:29.620+0000] {dag.py:3340} INFO - Setting next_dagrun for example_short_circuit_operator to 2022-12-08T19:01:29.620536+00:00, run_after=2022-12-09T19:01:29.620536+00:00
[2022-12-09T19:01:29.643+0000] {processor.py:176} INFO - Processing /home/airflow/.local/lib/python3.7/site-packages/airflow/example_dags/example_short_circuit_operator.py took 0.114 seconds
[2022-12-09T19:02:00.572+0000] {processor.py:154} INFO - Started process (PID=2432) to work on /home/airflow/.local/lib/python3.7/site-packages/airflow/example_dags/example_short_circuit_operator.py
[2022-12-09T19:02:00.576+0000] {processor.py:756} INFO - Processing file /home/airflow/.local/lib/python3.7/site-packages/airflow/example_dags/example_short_circuit_operator.py for tasks to queue
[2022-12-09T19:02:00.577+0000] {logging_mixin.py:137} INFO - [2022-12-09T19:02:00.577+0000] {dagbag.py:537} INFO - Filling up the DagBag from /home/airflow/.local/lib/python3.7/site-packages/airflow/example_dags/example_short_circuit_operator.py
[2022-12-09T19:02:00.609+0000] {processor.py:766} INFO - DAG(s) dict_keys(['example_short_circuit_operator']) retrieved from /home/airflow/.local/lib/python3.7/site-packages/airflow/example_dags/example_short_circuit_operator.py
[2022-12-09T19:02:00.659+0000] {logging_mixin.py:137} INFO - [2022-12-09T19:02:00.659+0000] {dag.py:2585} INFO - Sync 1 DAGs
[2022-12-09T19:02:00.679+0000] {logging_mixin.py:137} INFO - [2022-12-09T19:02:00.679+0000] {dag.py:3340} INFO - Setting next_dagrun for example_short_circuit_operator to 2022-12-08T19:02:00.679357+00:00, run_after=2022-12-09T19:02:00.679357+00:00
[2022-12-09T19:02:00.693+0000] {processor.py:176} INFO - Processing /home/airflow/.local/lib/python3.7/site-packages/airflow/example_dags/example_short_circuit_operator.py took 0.126 seconds
[2022-12-09T19:02:30.865+0000] {processor.py:154} INFO - Started process (PID=2496) to work on /home/airflow/.local/lib/python3.7/site-packages/airflow/example_dags/example_short_circuit_operator.py
[2022-12-09T19:02:30.874+0000] {processor.py:756} INFO - Processing file /home/airflow/.local/lib/python3.7/site-packages/airflow/example_dags/example_short_circuit_operator.py for tasks to queue
[2022-12-09T19:02:30.878+0000] {logging_mixin.py:137} INFO - [2022-12-09T19:02:30.877+0000] {dagbag.py:537} INFO - Filling up the DagBag from /home/airflow/.local/lib/python3.7/site-packages/airflow/example_dags/example_short_circuit_operator.py
[2022-12-09T19:02:30.952+0000] {processor.py:766} INFO - DAG(s) dict_keys(['example_short_circuit_operator']) retrieved from /home/airflow/.local/lib/python3.7/site-packages/airflow/example_dags/example_short_circuit_operator.py
[2022-12-09T19:02:31.073+0000] {logging_mixin.py:137} INFO - [2022-12-09T19:02:31.073+0000] {dag.py:2585} INFO - Sync 1 DAGs
[2022-12-09T19:02:31.107+0000] {logging_mixin.py:137} INFO - [2022-12-09T19:02:31.107+0000] {dag.py:3340} INFO - Setting next_dagrun for example_short_circuit_operator to 2022-12-08T19:02:31.107151+00:00, run_after=2022-12-09T19:02:31.107151+00:00
[2022-12-09T19:02:31.144+0000] {processor.py:176} INFO - Processing /home/airflow/.local/lib/python3.7/site-packages/airflow/example_dags/example_short_circuit_operator.py took 0.290 seconds
[2022-12-09T19:03:01.617+0000] {processor.py:154} INFO - Started process (PID=2560) to work on /home/airflow/.local/lib/python3.7/site-packages/airflow/example_dags/example_short_circuit_operator.py
[2022-12-09T19:03:02.518+0000] {processor.py:756} INFO - Processing file /home/airflow/.local/lib/python3.7/site-packages/airflow/example_dags/example_short_circuit_operator.py for tasks to queue
[2022-12-09T19:03:02.538+0000] {logging_mixin.py:137} INFO - [2022-12-09T19:03:02.537+0000] {dagbag.py:537} INFO - Filling up the DagBag from /home/airflow/.local/lib/python3.7/site-packages/airflow/example_dags/example_short_circuit_operator.py
[2022-12-09T19:03:02.916+0000] {processor.py:766} INFO - DAG(s) dict_keys(['example_short_circuit_operator']) retrieved from /home/airflow/.local/lib/python3.7/site-packages/airflow/example_dags/example_short_circuit_operator.py
[2022-12-09T19:03:03.592+0000] {logging_mixin.py:137} INFO - [2022-12-09T19:03:03.591+0000] {dag.py:2585} INFO - Sync 1 DAGs
[2022-12-09T19:03:03.670+0000] {logging_mixin.py:137} INFO - [2022-12-09T19:03:03.669+0000] {dag.py:3340} INFO - Setting next_dagrun for example_short_circuit_operator to 2022-12-08T19:03:03.664839+00:00, run_after=2022-12-09T19:03:03.664839+00:00
[2022-12-09T19:03:03.820+0000] {processor.py:176} INFO - Processing /home/airflow/.local/lib/python3.7/site-packages/airflow/example_dags/example_short_circuit_operator.py took 2.047 seconds
[2022-12-09T19:03:34.211+0000] {processor.py:154} INFO - Started process (PID=2615) to work on /home/airflow/.local/lib/python3.7/site-packages/airflow/example_dags/example_short_circuit_operator.py
[2022-12-09T19:03:34.213+0000] {processor.py:756} INFO - Processing file /home/airflow/.local/lib/python3.7/site-packages/airflow/example_dags/example_short_circuit_operator.py for tasks to queue
[2022-12-09T19:03:34.216+0000] {logging_mixin.py:137} INFO - [2022-12-09T19:03:34.216+0000] {dagbag.py:537} INFO - Filling up the DagBag from /home/airflow/.local/lib/python3.7/site-packages/airflow/example_dags/example_short_circuit_operator.py
[2022-12-09T19:03:34.233+0000] {processor.py:766} INFO - DAG(s) dict_keys(['example_short_circuit_operator']) retrieved from /home/airflow/.local/lib/python3.7/site-packages/airflow/example_dags/example_short_circuit_operator.py
[2022-12-09T19:03:34.263+0000] {logging_mixin.py:137} INFO - [2022-12-09T19:03:34.263+0000] {dag.py:2585} INFO - Sync 1 DAGs
[2022-12-09T19:03:34.281+0000] {logging_mixin.py:137} INFO - [2022-12-09T19:03:34.281+0000] {dag.py:3340} INFO - Setting next_dagrun for example_short_circuit_operator to 2022-12-08T19:03:34.281694+00:00, run_after=2022-12-09T19:03:34.281694+00:00
[2022-12-09T19:03:34.295+0000] {processor.py:176} INFO - Processing /home/airflow/.local/lib/python3.7/site-packages/airflow/example_dags/example_short_circuit_operator.py took 0.087 seconds
[2022-12-09T19:04:04.429+0000] {processor.py:154} INFO - Started process (PID=2668) to work on /home/airflow/.local/lib/python3.7/site-packages/airflow/example_dags/example_short_circuit_operator.py
[2022-12-09T19:04:04.435+0000] {processor.py:756} INFO - Processing file /home/airflow/.local/lib/python3.7/site-packages/airflow/example_dags/example_short_circuit_operator.py for tasks to queue
[2022-12-09T19:04:04.437+0000] {logging_mixin.py:137} INFO - [2022-12-09T19:04:04.437+0000] {dagbag.py:537} INFO - Filling up the DagBag from /home/airflow/.local/lib/python3.7/site-packages/airflow/example_dags/example_short_circuit_operator.py
[2022-12-09T19:04:04.460+0000] {processor.py:766} INFO - DAG(s) dict_keys(['example_short_circuit_operator']) retrieved from /home/airflow/.local/lib/python3.7/site-packages/airflow/example_dags/example_short_circuit_operator.py
[2022-12-09T19:04:04.520+0000] {logging_mixin.py:137} INFO - [2022-12-09T19:04:04.520+0000] {dag.py:2585} INFO - Sync 1 DAGs
[2022-12-09T19:04:04.550+0000] {logging_mixin.py:137} INFO - [2022-12-09T19:04:04.549+0000] {dag.py:3340} INFO - Setting next_dagrun for example_short_circuit_operator to 2022-12-08T19:04:04.548460+00:00, run_after=2022-12-09T19:04:04.548460+00:00
[2022-12-09T19:04:04.606+0000] {processor.py:176} INFO - Processing /home/airflow/.local/lib/python3.7/site-packages/airflow/example_dags/example_short_circuit_operator.py took 0.183 seconds
[2022-12-09T19:04:35.032+0000] {processor.py:154} INFO - Started process (PID=2732) to work on /home/airflow/.local/lib/python3.7/site-packages/airflow/example_dags/example_short_circuit_operator.py
[2022-12-09T19:04:35.035+0000] {processor.py:756} INFO - Processing file /home/airflow/.local/lib/python3.7/site-packages/airflow/example_dags/example_short_circuit_operator.py for tasks to queue
[2022-12-09T19:04:35.038+0000] {logging_mixin.py:137} INFO - [2022-12-09T19:04:35.038+0000] {dagbag.py:537} INFO - Filling up the DagBag from /home/airflow/.local/lib/python3.7/site-packages/airflow/example_dags/example_short_circuit_operator.py
[2022-12-09T19:04:35.057+0000] {processor.py:766} INFO - DAG(s) dict_keys(['example_short_circuit_operator']) retrieved from /home/airflow/.local/lib/python3.7/site-packages/airflow/example_dags/example_short_circuit_operator.py
[2022-12-09T19:04:35.086+0000] {logging_mixin.py:137} INFO - [2022-12-09T19:04:35.086+0000] {dag.py:2585} INFO - Sync 1 DAGs
[2022-12-09T19:04:35.103+0000] {logging_mixin.py:137} INFO - [2022-12-09T19:04:35.103+0000] {dag.py:3340} INFO - Setting next_dagrun for example_short_circuit_operator to 2022-12-08T19:04:35.103207+00:00, run_after=2022-12-09T19:04:35.103207+00:00
[2022-12-09T19:04:35.123+0000] {processor.py:176} INFO - Processing /home/airflow/.local/lib/python3.7/site-packages/airflow/example_dags/example_short_circuit_operator.py took 0.095 seconds
[2022-12-09T19:05:05.274+0000] {processor.py:154} INFO - Started process (PID=2798) to work on /home/airflow/.local/lib/python3.7/site-packages/airflow/example_dags/example_short_circuit_operator.py
[2022-12-09T19:05:05.275+0000] {processor.py:756} INFO - Processing file /home/airflow/.local/lib/python3.7/site-packages/airflow/example_dags/example_short_circuit_operator.py for tasks to queue
[2022-12-09T19:05:05.276+0000] {logging_mixin.py:137} INFO - [2022-12-09T19:05:05.276+0000] {dagbag.py:537} INFO - Filling up the DagBag from /home/airflow/.local/lib/python3.7/site-packages/airflow/example_dags/example_short_circuit_operator.py
[2022-12-09T19:05:05.288+0000] {processor.py:766} INFO - DAG(s) dict_keys(['example_short_circuit_operator']) retrieved from /home/airflow/.local/lib/python3.7/site-packages/airflow/example_dags/example_short_circuit_operator.py
[2022-12-09T19:05:05.317+0000] {logging_mixin.py:137} INFO - [2022-12-09T19:05:05.317+0000] {dag.py:2585} INFO - Sync 1 DAGs
[2022-12-09T19:05:05.335+0000] {logging_mixin.py:137} INFO - [2022-12-09T19:05:05.335+0000] {dag.py:3340} INFO - Setting next_dagrun for example_short_circuit_operator to 2022-12-08T19:05:05.335216+00:00, run_after=2022-12-09T19:05:05.335216+00:00
[2022-12-09T19:05:05.350+0000] {processor.py:176} INFO - Processing /home/airflow/.local/lib/python3.7/site-packages/airflow/example_dags/example_short_circuit_operator.py took 0.078 seconds
[2022-12-09T19:05:36.222+0000] {processor.py:154} INFO - Started process (PID=2863) to work on /home/airflow/.local/lib/python3.7/site-packages/airflow/example_dags/example_short_circuit_operator.py
[2022-12-09T19:05:36.224+0000] {processor.py:756} INFO - Processing file /home/airflow/.local/lib/python3.7/site-packages/airflow/example_dags/example_short_circuit_operator.py for tasks to queue
[2022-12-09T19:05:36.225+0000] {logging_mixin.py:137} INFO - [2022-12-09T19:05:36.225+0000] {dagbag.py:537} INFO - Filling up the DagBag from /home/airflow/.local/lib/python3.7/site-packages/airflow/example_dags/example_short_circuit_operator.py
[2022-12-09T19:05:36.236+0000] {processor.py:766} INFO - DAG(s) dict_keys(['example_short_circuit_operator']) retrieved from /home/airflow/.local/lib/python3.7/site-packages/airflow/example_dags/example_short_circuit_operator.py
[2022-12-09T19:05:36.262+0000] {logging_mixin.py:137} INFO - [2022-12-09T19:05:36.262+0000] {dag.py:2585} INFO - Sync 1 DAGs
[2022-12-09T19:05:36.279+0000] {logging_mixin.py:137} INFO - [2022-12-09T19:05:36.279+0000] {dag.py:3340} INFO - Setting next_dagrun for example_short_circuit_operator to 2022-12-08T19:05:36.279035+00:00, run_after=2022-12-09T19:05:36.279035+00:00
[2022-12-09T19:05:36.292+0000] {processor.py:176} INFO - Processing /home/airflow/.local/lib/python3.7/site-packages/airflow/example_dags/example_short_circuit_operator.py took 0.072 seconds
[2022-12-09T19:06:06.797+0000] {processor.py:154} INFO - Started process (PID=2918) to work on /home/airflow/.local/lib/python3.7/site-packages/airflow/example_dags/example_short_circuit_operator.py
[2022-12-09T19:06:06.798+0000] {processor.py:756} INFO - Processing file /home/airflow/.local/lib/python3.7/site-packages/airflow/example_dags/example_short_circuit_operator.py for tasks to queue
[2022-12-09T19:06:06.799+0000] {logging_mixin.py:137} INFO - [2022-12-09T19:06:06.799+0000] {dagbag.py:537} INFO - Filling up the DagBag from /home/airflow/.local/lib/python3.7/site-packages/airflow/example_dags/example_short_circuit_operator.py
[2022-12-09T19:06:06.812+0000] {processor.py:766} INFO - DAG(s) dict_keys(['example_short_circuit_operator']) retrieved from /home/airflow/.local/lib/python3.7/site-packages/airflow/example_dags/example_short_circuit_operator.py
[2022-12-09T19:06:06.839+0000] {logging_mixin.py:137} INFO - [2022-12-09T19:06:06.839+0000] {dag.py:2585} INFO - Sync 1 DAGs
[2022-12-09T19:06:06.861+0000] {logging_mixin.py:137} INFO - [2022-12-09T19:06:06.861+0000] {dag.py:3340} INFO - Setting next_dagrun for example_short_circuit_operator to 2022-12-08T19:06:06.860990+00:00, run_after=2022-12-09T19:06:06.860990+00:00
[2022-12-09T19:06:06.874+0000] {processor.py:176} INFO - Processing /home/airflow/.local/lib/python3.7/site-packages/airflow/example_dags/example_short_circuit_operator.py took 0.079 seconds
[2022-12-09T19:06:37.167+0000] {processor.py:154} INFO - Started process (PID=2982) to work on /home/airflow/.local/lib/python3.7/site-packages/airflow/example_dags/example_short_circuit_operator.py
[2022-12-09T19:06:37.170+0000] {processor.py:756} INFO - Processing file /home/airflow/.local/lib/python3.7/site-packages/airflow/example_dags/example_short_circuit_operator.py for tasks to queue
[2022-12-09T19:06:37.171+0000] {logging_mixin.py:137} INFO - [2022-12-09T19:06:37.171+0000] {dagbag.py:537} INFO - Filling up the DagBag from /home/airflow/.local/lib/python3.7/site-packages/airflow/example_dags/example_short_circuit_operator.py
[2022-12-09T19:06:37.184+0000] {processor.py:766} INFO - DAG(s) dict_keys(['example_short_circuit_operator']) retrieved from /home/airflow/.local/lib/python3.7/site-packages/airflow/example_dags/example_short_circuit_operator.py
[2022-12-09T19:06:37.221+0000] {logging_mixin.py:137} INFO - [2022-12-09T19:06:37.221+0000] {dag.py:2585} INFO - Sync 1 DAGs
[2022-12-09T19:06:37.242+0000] {logging_mixin.py:137} INFO - [2022-12-09T19:06:37.242+0000] {dag.py:3340} INFO - Setting next_dagrun for example_short_circuit_operator to 2022-12-08T19:06:37.242115+00:00, run_after=2022-12-09T19:06:37.242115+00:00
[2022-12-09T19:06:37.258+0000] {processor.py:176} INFO - Processing /home/airflow/.local/lib/python3.7/site-packages/airflow/example_dags/example_short_circuit_operator.py took 0.093 seconds
[2022-12-09T19:07:07.936+0000] {processor.py:154} INFO - Started process (PID=3046) to work on /home/airflow/.local/lib/python3.7/site-packages/airflow/example_dags/example_short_circuit_operator.py
[2022-12-09T19:07:07.940+0000] {processor.py:756} INFO - Processing file /home/airflow/.local/lib/python3.7/site-packages/airflow/example_dags/example_short_circuit_operator.py for tasks to queue
[2022-12-09T19:07:07.941+0000] {logging_mixin.py:137} INFO - [2022-12-09T19:07:07.941+0000] {dagbag.py:537} INFO - Filling up the DagBag from /home/airflow/.local/lib/python3.7/site-packages/airflow/example_dags/example_short_circuit_operator.py
[2022-12-09T19:07:07.952+0000] {processor.py:766} INFO - DAG(s) dict_keys(['example_short_circuit_operator']) retrieved from /home/airflow/.local/lib/python3.7/site-packages/airflow/example_dags/example_short_circuit_operator.py
[2022-12-09T19:07:07.980+0000] {logging_mixin.py:137} INFO - [2022-12-09T19:07:07.979+0000] {dag.py:2585} INFO - Sync 1 DAGs
[2022-12-09T19:07:07.998+0000] {logging_mixin.py:137} INFO - [2022-12-09T19:07:07.997+0000] {dag.py:3340} INFO - Setting next_dagrun for example_short_circuit_operator to 2022-12-08T19:07:07.997684+00:00, run_after=2022-12-09T19:07:07.997684+00:00
[2022-12-09T19:07:08.013+0000] {processor.py:176} INFO - Processing /home/airflow/.local/lib/python3.7/site-packages/airflow/example_dags/example_short_circuit_operator.py took 0.079 seconds
[2022-12-09T19:07:39.064+0000] {processor.py:154} INFO - Started process (PID=3110) to work on /home/airflow/.local/lib/python3.7/site-packages/airflow/example_dags/example_short_circuit_operator.py
[2022-12-09T19:07:39.066+0000] {processor.py:756} INFO - Processing file /home/airflow/.local/lib/python3.7/site-packages/airflow/example_dags/example_short_circuit_operator.py for tasks to queue
[2022-12-09T19:07:39.067+0000] {logging_mixin.py:137} INFO - [2022-12-09T19:07:39.067+0000] {dagbag.py:537} INFO - Filling up the DagBag from /home/airflow/.local/lib/python3.7/site-packages/airflow/example_dags/example_short_circuit_operator.py
[2022-12-09T19:07:39.108+0000] {processor.py:766} INFO - DAG(s) dict_keys(['example_short_circuit_operator']) retrieved from /home/airflow/.local/lib/python3.7/site-packages/airflow/example_dags/example_short_circuit_operator.py
[2022-12-09T19:07:39.190+0000] {logging_mixin.py:137} INFO - [2022-12-09T19:07:39.190+0000] {dag.py:2585} INFO - Sync 1 DAGs
[2022-12-09T19:07:39.226+0000] {logging_mixin.py:137} INFO - [2022-12-09T19:07:39.226+0000] {dag.py:3340} INFO - Setting next_dagrun for example_short_circuit_operator to 2022-12-08T19:07:39.225817+00:00, run_after=2022-12-09T19:07:39.225817+00:00
[2022-12-09T19:07:39.243+0000] {processor.py:176} INFO - Processing /home/airflow/.local/lib/python3.7/site-packages/airflow/example_dags/example_short_circuit_operator.py took 0.183 seconds
[2022-12-09T19:08:09.399+0000] {processor.py:154} INFO - Started process (PID=3175) to work on /home/airflow/.local/lib/python3.7/site-packages/airflow/example_dags/example_short_circuit_operator.py
[2022-12-09T19:08:09.402+0000] {processor.py:756} INFO - Processing file /home/airflow/.local/lib/python3.7/site-packages/airflow/example_dags/example_short_circuit_operator.py for tasks to queue
[2022-12-09T19:08:09.403+0000] {logging_mixin.py:137} INFO - [2022-12-09T19:08:09.403+0000] {dagbag.py:537} INFO - Filling up the DagBag from /home/airflow/.local/lib/python3.7/site-packages/airflow/example_dags/example_short_circuit_operator.py
[2022-12-09T19:08:09.420+0000] {processor.py:766} INFO - DAG(s) dict_keys(['example_short_circuit_operator']) retrieved from /home/airflow/.local/lib/python3.7/site-packages/airflow/example_dags/example_short_circuit_operator.py
[2022-12-09T19:08:09.468+0000] {logging_mixin.py:137} INFO - [2022-12-09T19:08:09.468+0000] {dag.py:2585} INFO - Sync 1 DAGs
[2022-12-09T19:08:09.487+0000] {logging_mixin.py:137} INFO - [2022-12-09T19:08:09.487+0000] {dag.py:3340} INFO - Setting next_dagrun for example_short_circuit_operator to 2022-12-08T19:08:09.487151+00:00, run_after=2022-12-09T19:08:09.487151+00:00
[2022-12-09T19:08:09.508+0000] {processor.py:176} INFO - Processing /home/airflow/.local/lib/python3.7/site-packages/airflow/example_dags/example_short_circuit_operator.py took 0.112 seconds
[2022-12-09T19:08:40.252+0000] {processor.py:154} INFO - Started process (PID=3230) to work on /home/airflow/.local/lib/python3.7/site-packages/airflow/example_dags/example_short_circuit_operator.py
[2022-12-09T19:08:40.254+0000] {processor.py:756} INFO - Processing file /home/airflow/.local/lib/python3.7/site-packages/airflow/example_dags/example_short_circuit_operator.py for tasks to queue
[2022-12-09T19:08:40.255+0000] {logging_mixin.py:137} INFO - [2022-12-09T19:08:40.255+0000] {dagbag.py:537} INFO - Filling up the DagBag from /home/airflow/.local/lib/python3.7/site-packages/airflow/example_dags/example_short_circuit_operator.py
[2022-12-09T19:08:40.267+0000] {processor.py:766} INFO - DAG(s) dict_keys(['example_short_circuit_operator']) retrieved from /home/airflow/.local/lib/python3.7/site-packages/airflow/example_dags/example_short_circuit_operator.py
[2022-12-09T19:08:40.292+0000] {logging_mixin.py:137} INFO - [2022-12-09T19:08:40.292+0000] {dag.py:2585} INFO - Sync 1 DAGs
[2022-12-09T19:08:40.306+0000] {logging_mixin.py:137} INFO - [2022-12-09T19:08:40.306+0000] {dag.py:3340} INFO - Setting next_dagrun for example_short_circuit_operator to 2022-12-08T19:08:40.306278+00:00, run_after=2022-12-09T19:08:40.306278+00:00
[2022-12-09T19:08:40.318+0000] {processor.py:176} INFO - Processing /home/airflow/.local/lib/python3.7/site-packages/airflow/example_dags/example_short_circuit_operator.py took 0.068 seconds
[2022-12-09T19:09:11.159+0000] {processor.py:154} INFO - Started process (PID=3294) to work on /home/airflow/.local/lib/python3.7/site-packages/airflow/example_dags/example_short_circuit_operator.py
[2022-12-09T19:09:11.162+0000] {processor.py:756} INFO - Processing file /home/airflow/.local/lib/python3.7/site-packages/airflow/example_dags/example_short_circuit_operator.py for tasks to queue
[2022-12-09T19:09:11.164+0000] {logging_mixin.py:137} INFO - [2022-12-09T19:09:11.164+0000] {dagbag.py:537} INFO - Filling up the DagBag from /home/airflow/.local/lib/python3.7/site-packages/airflow/example_dags/example_short_circuit_operator.py
[2022-12-09T19:09:11.179+0000] {processor.py:766} INFO - DAG(s) dict_keys(['example_short_circuit_operator']) retrieved from /home/airflow/.local/lib/python3.7/site-packages/airflow/example_dags/example_short_circuit_operator.py
[2022-12-09T19:09:11.216+0000] {logging_mixin.py:137} INFO - [2022-12-09T19:09:11.216+0000] {dag.py:2585} INFO - Sync 1 DAGs
[2022-12-09T19:09:11.239+0000] {logging_mixin.py:137} INFO - [2022-12-09T19:09:11.238+0000] {dag.py:3340} INFO - Setting next_dagrun for example_short_circuit_operator to 2022-12-08T19:09:11.238594+00:00, run_after=2022-12-09T19:09:11.238594+00:00
[2022-12-09T19:09:11.253+0000] {processor.py:176} INFO - Processing /home/airflow/.local/lib/python3.7/site-packages/airflow/example_dags/example_short_circuit_operator.py took 0.096 seconds
[2022-12-09T19:09:41.759+0000] {processor.py:154} INFO - Started process (PID=3358) to work on /home/airflow/.local/lib/python3.7/site-packages/airflow/example_dags/example_short_circuit_operator.py
[2022-12-09T19:09:41.761+0000] {processor.py:756} INFO - Processing file /home/airflow/.local/lib/python3.7/site-packages/airflow/example_dags/example_short_circuit_operator.py for tasks to queue
[2022-12-09T19:09:41.762+0000] {logging_mixin.py:137} INFO - [2022-12-09T19:09:41.762+0000] {dagbag.py:537} INFO - Filling up the DagBag from /home/airflow/.local/lib/python3.7/site-packages/airflow/example_dags/example_short_circuit_operator.py
[2022-12-09T19:09:41.774+0000] {processor.py:766} INFO - DAG(s) dict_keys(['example_short_circuit_operator']) retrieved from /home/airflow/.local/lib/python3.7/site-packages/airflow/example_dags/example_short_circuit_operator.py
[2022-12-09T19:09:41.802+0000] {logging_mixin.py:137} INFO - [2022-12-09T19:09:41.802+0000] {dag.py:2585} INFO - Sync 1 DAGs
[2022-12-09T19:09:41.818+0000] {logging_mixin.py:137} INFO - [2022-12-09T19:09:41.818+0000] {dag.py:3340} INFO - Setting next_dagrun for example_short_circuit_operator to 2022-12-08T19:09:41.818326+00:00, run_after=2022-12-09T19:09:41.818326+00:00
[2022-12-09T19:09:41.831+0000] {processor.py:176} INFO - Processing /home/airflow/.local/lib/python3.7/site-packages/airflow/example_dags/example_short_circuit_operator.py took 0.075 seconds
[2022-12-09T19:10:12.310+0000] {processor.py:154} INFO - Started process (PID=3422) to work on /home/airflow/.local/lib/python3.7/site-packages/airflow/example_dags/example_short_circuit_operator.py
[2022-12-09T19:10:12.311+0000] {processor.py:756} INFO - Processing file /home/airflow/.local/lib/python3.7/site-packages/airflow/example_dags/example_short_circuit_operator.py for tasks to queue
[2022-12-09T19:10:12.313+0000] {logging_mixin.py:137} INFO - [2022-12-09T19:10:12.312+0000] {dagbag.py:537} INFO - Filling up the DagBag from /home/airflow/.local/lib/python3.7/site-packages/airflow/example_dags/example_short_circuit_operator.py
[2022-12-09T19:10:12.325+0000] {processor.py:766} INFO - DAG(s) dict_keys(['example_short_circuit_operator']) retrieved from /home/airflow/.local/lib/python3.7/site-packages/airflow/example_dags/example_short_circuit_operator.py
[2022-12-09T19:10:12.369+0000] {logging_mixin.py:137} INFO - [2022-12-09T19:10:12.369+0000] {dag.py:2585} INFO - Sync 1 DAGs
[2022-12-09T19:10:12.401+0000] {logging_mixin.py:137} INFO - [2022-12-09T19:10:12.400+0000] {dag.py:3340} INFO - Setting next_dagrun for example_short_circuit_operator to 2022-12-08T19:10:12.400727+00:00, run_after=2022-12-09T19:10:12.400727+00:00
[2022-12-09T19:10:12.441+0000] {processor.py:176} INFO - Processing /home/airflow/.local/lib/python3.7/site-packages/airflow/example_dags/example_short_circuit_operator.py took 0.134 seconds
[2022-12-09T19:10:42.840+0000] {processor.py:154} INFO - Started process (PID=3486) to work on /home/airflow/.local/lib/python3.7/site-packages/airflow/example_dags/example_short_circuit_operator.py
[2022-12-09T19:10:42.842+0000] {processor.py:756} INFO - Processing file /home/airflow/.local/lib/python3.7/site-packages/airflow/example_dags/example_short_circuit_operator.py for tasks to queue
[2022-12-09T19:10:42.843+0000] {logging_mixin.py:137} INFO - [2022-12-09T19:10:42.843+0000] {dagbag.py:537} INFO - Filling up the DagBag from /home/airflow/.local/lib/python3.7/site-packages/airflow/example_dags/example_short_circuit_operator.py
[2022-12-09T19:10:42.853+0000] {processor.py:766} INFO - DAG(s) dict_keys(['example_short_circuit_operator']) retrieved from /home/airflow/.local/lib/python3.7/site-packages/airflow/example_dags/example_short_circuit_operator.py
[2022-12-09T19:10:42.879+0000] {logging_mixin.py:137} INFO - [2022-12-09T19:10:42.879+0000] {dag.py:2585} INFO - Sync 1 DAGs
[2022-12-09T19:10:42.897+0000] {logging_mixin.py:137} INFO - [2022-12-09T19:10:42.897+0000] {dag.py:3340} INFO - Setting next_dagrun for example_short_circuit_operator to 2022-12-08T19:10:42.897341+00:00, run_after=2022-12-09T19:10:42.897341+00:00
[2022-12-09T19:10:42.911+0000] {processor.py:176} INFO - Processing /home/airflow/.local/lib/python3.7/site-packages/airflow/example_dags/example_short_circuit_operator.py took 0.073 seconds
[2022-12-09T19:11:13.513+0000] {processor.py:154} INFO - Started process (PID=3541) to work on /home/airflow/.local/lib/python3.7/site-packages/airflow/example_dags/example_short_circuit_operator.py
[2022-12-09T19:11:13.515+0000] {processor.py:756} INFO - Processing file /home/airflow/.local/lib/python3.7/site-packages/airflow/example_dags/example_short_circuit_operator.py for tasks to queue
[2022-12-09T19:11:13.516+0000] {logging_mixin.py:137} INFO - [2022-12-09T19:11:13.515+0000] {dagbag.py:537} INFO - Filling up the DagBag from /home/airflow/.local/lib/python3.7/site-packages/airflow/example_dags/example_short_circuit_operator.py
[2022-12-09T19:11:13.532+0000] {processor.py:766} INFO - DAG(s) dict_keys(['example_short_circuit_operator']) retrieved from /home/airflow/.local/lib/python3.7/site-packages/airflow/example_dags/example_short_circuit_operator.py
[2022-12-09T19:11:13.567+0000] {logging_mixin.py:137} INFO - [2022-12-09T19:11:13.567+0000] {dag.py:2585} INFO - Sync 1 DAGs
[2022-12-09T19:11:13.583+0000] {logging_mixin.py:137} INFO - [2022-12-09T19:11:13.583+0000] {dag.py:3340} INFO - Setting next_dagrun for example_short_circuit_operator to 2022-12-08T19:11:13.582900+00:00, run_after=2022-12-09T19:11:13.582900+00:00
[2022-12-09T19:11:13.602+0000] {processor.py:176} INFO - Processing /home/airflow/.local/lib/python3.7/site-packages/airflow/example_dags/example_short_circuit_operator.py took 0.092 seconds
[2022-12-09T19:11:44.447+0000] {processor.py:154} INFO - Started process (PID=3605) to work on /home/airflow/.local/lib/python3.7/site-packages/airflow/example_dags/example_short_circuit_operator.py
[2022-12-09T19:11:44.449+0000] {processor.py:756} INFO - Processing file /home/airflow/.local/lib/python3.7/site-packages/airflow/example_dags/example_short_circuit_operator.py for tasks to queue
[2022-12-09T19:11:44.450+0000] {logging_mixin.py:137} INFO - [2022-12-09T19:11:44.450+0000] {dagbag.py:537} INFO - Filling up the DagBag from /home/airflow/.local/lib/python3.7/site-packages/airflow/example_dags/example_short_circuit_operator.py
[2022-12-09T19:11:44.461+0000] {processor.py:766} INFO - DAG(s) dict_keys(['example_short_circuit_operator']) retrieved from /home/airflow/.local/lib/python3.7/site-packages/airflow/example_dags/example_short_circuit_operator.py
[2022-12-09T19:11:44.487+0000] {logging_mixin.py:137} INFO - [2022-12-09T19:11:44.487+0000] {dag.py:2585} INFO - Sync 1 DAGs
[2022-12-09T19:11:44.503+0000] {logging_mixin.py:137} INFO - [2022-12-09T19:11:44.502+0000] {dag.py:3340} INFO - Setting next_dagrun for example_short_circuit_operator to 2022-12-08T19:11:44.502778+00:00, run_after=2022-12-09T19:11:44.502778+00:00
[2022-12-09T19:11:44.516+0000] {processor.py:176} INFO - Processing /home/airflow/.local/lib/python3.7/site-packages/airflow/example_dags/example_short_circuit_operator.py took 0.071 seconds
[2022-12-09T19:12:15.589+0000] {processor.py:154} INFO - Started process (PID=3669) to work on /home/airflow/.local/lib/python3.7/site-packages/airflow/example_dags/example_short_circuit_operator.py
[2022-12-09T19:12:15.597+0000] {processor.py:756} INFO - Processing file /home/airflow/.local/lib/python3.7/site-packages/airflow/example_dags/example_short_circuit_operator.py for tasks to queue
[2022-12-09T19:12:15.608+0000] {logging_mixin.py:137} INFO - [2022-12-09T19:12:15.607+0000] {dagbag.py:537} INFO - Filling up the DagBag from /home/airflow/.local/lib/python3.7/site-packages/airflow/example_dags/example_short_circuit_operator.py
[2022-12-09T19:12:15.749+0000] {processor.py:766} INFO - DAG(s) dict_keys(['example_short_circuit_operator']) retrieved from /home/airflow/.local/lib/python3.7/site-packages/airflow/example_dags/example_short_circuit_operator.py
[2022-12-09T19:12:15.924+0000] {logging_mixin.py:137} INFO - [2022-12-09T19:12:15.923+0000] {dag.py:2585} INFO - Sync 1 DAGs
[2022-12-09T19:12:15.983+0000] {logging_mixin.py:137} INFO - [2022-12-09T19:12:15.982+0000] {dag.py:3340} INFO - Setting next_dagrun for example_short_circuit_operator to 2022-12-08T19:12:15.982456+00:00, run_after=2022-12-09T19:12:15.982456+00:00
[2022-12-09T19:12:16.020+0000] {processor.py:176} INFO - Processing /home/airflow/.local/lib/python3.7/site-packages/airflow/example_dags/example_short_circuit_operator.py took 0.446 seconds
[2022-12-09T19:12:46.785+0000] {processor.py:154} INFO - Started process (PID=3732) to work on /home/airflow/.local/lib/python3.7/site-packages/airflow/example_dags/example_short_circuit_operator.py
[2022-12-09T19:12:46.791+0000] {processor.py:756} INFO - Processing file /home/airflow/.local/lib/python3.7/site-packages/airflow/example_dags/example_short_circuit_operator.py for tasks to queue
[2022-12-09T19:12:46.794+0000] {logging_mixin.py:137} INFO - [2022-12-09T19:12:46.794+0000] {dagbag.py:537} INFO - Filling up the DagBag from /home/airflow/.local/lib/python3.7/site-packages/airflow/example_dags/example_short_circuit_operator.py
[2022-12-09T19:12:46.842+0000] {processor.py:766} INFO - DAG(s) dict_keys(['example_short_circuit_operator']) retrieved from /home/airflow/.local/lib/python3.7/site-packages/airflow/example_dags/example_short_circuit_operator.py
[2022-12-09T19:12:46.927+0000] {logging_mixin.py:137} INFO - [2022-12-09T19:12:46.927+0000] {dag.py:2585} INFO - Sync 1 DAGs
[2022-12-09T19:12:46.954+0000] {logging_mixin.py:137} INFO - [2022-12-09T19:12:46.954+0000] {dag.py:3340} INFO - Setting next_dagrun for example_short_circuit_operator to 2022-12-08T19:12:46.953819+00:00, run_after=2022-12-09T19:12:46.953819+00:00
[2022-12-09T19:12:46.976+0000] {processor.py:176} INFO - Processing /home/airflow/.local/lib/python3.7/site-packages/airflow/example_dags/example_short_circuit_operator.py took 0.202 seconds
[2022-12-09T19:13:17.067+0000] {processor.py:154} INFO - Started process (PID=3795) to work on /home/airflow/.local/lib/python3.7/site-packages/airflow/example_dags/example_short_circuit_operator.py
[2022-12-09T19:13:17.071+0000] {processor.py:756} INFO - Processing file /home/airflow/.local/lib/python3.7/site-packages/airflow/example_dags/example_short_circuit_operator.py for tasks to queue
[2022-12-09T19:13:17.073+0000] {logging_mixin.py:137} INFO - [2022-12-09T19:13:17.073+0000] {dagbag.py:537} INFO - Filling up the DagBag from /home/airflow/.local/lib/python3.7/site-packages/airflow/example_dags/example_short_circuit_operator.py
[2022-12-09T19:13:17.091+0000] {processor.py:766} INFO - DAG(s) dict_keys(['example_short_circuit_operator']) retrieved from /home/airflow/.local/lib/python3.7/site-packages/airflow/example_dags/example_short_circuit_operator.py
[2022-12-09T19:13:17.120+0000] {logging_mixin.py:137} INFO - [2022-12-09T19:13:17.120+0000] {dag.py:2585} INFO - Sync 1 DAGs
[2022-12-09T19:13:17.134+0000] {logging_mixin.py:137} INFO - [2022-12-09T19:13:17.134+0000] {dag.py:3340} INFO - Setting next_dagrun for example_short_circuit_operator to 2022-12-08T19:13:17.133954+00:00, run_after=2022-12-09T19:13:17.133954+00:00
[2022-12-09T19:13:17.145+0000] {processor.py:176} INFO - Processing /home/airflow/.local/lib/python3.7/site-packages/airflow/example_dags/example_short_circuit_operator.py took 0.084 seconds
[2022-12-09T19:13:49.557+0000] {processor.py:154} INFO - Started process (PID=3860) to work on /home/airflow/.local/lib/python3.7/site-packages/airflow/example_dags/example_short_circuit_operator.py
[2022-12-09T19:13:49.562+0000] {processor.py:756} INFO - Processing file /home/airflow/.local/lib/python3.7/site-packages/airflow/example_dags/example_short_circuit_operator.py for tasks to queue
[2022-12-09T19:13:49.565+0000] {logging_mixin.py:137} INFO - [2022-12-09T19:13:49.565+0000] {dagbag.py:537} INFO - Filling up the DagBag from /home/airflow/.local/lib/python3.7/site-packages/airflow/example_dags/example_short_circuit_operator.py
[2022-12-09T19:13:49.603+0000] {processor.py:766} INFO - DAG(s) dict_keys(['example_short_circuit_operator']) retrieved from /home/airflow/.local/lib/python3.7/site-packages/airflow/example_dags/example_short_circuit_operator.py
[2022-12-09T19:13:49.975+0000] {logging_mixin.py:137} INFO - [2022-12-09T19:13:49.973+0000] {dag.py:2585} INFO - Sync 1 DAGs
[2022-12-09T19:13:50.020+0000] {logging_mixin.py:137} INFO - [2022-12-09T19:13:50.020+0000] {dag.py:3340} INFO - Setting next_dagrun for example_short_circuit_operator to 2022-12-08T19:13:50.019356+00:00, run_after=2022-12-09T19:13:50.019356+00:00
[2022-12-09T19:13:50.070+0000] {processor.py:176} INFO - Processing /home/airflow/.local/lib/python3.7/site-packages/airflow/example_dags/example_short_circuit_operator.py took 0.521 seconds
[2022-12-09T19:14:21.560+0000] {processor.py:154} INFO - Started process (PID=3919) to work on /home/airflow/.local/lib/python3.7/site-packages/airflow/example_dags/example_short_circuit_operator.py
[2022-12-09T19:14:21.562+0000] {processor.py:756} INFO - Processing file /home/airflow/.local/lib/python3.7/site-packages/airflow/example_dags/example_short_circuit_operator.py for tasks to queue
[2022-12-09T19:14:21.563+0000] {logging_mixin.py:137} INFO - [2022-12-09T19:14:21.563+0000] {dagbag.py:537} INFO - Filling up the DagBag from /home/airflow/.local/lib/python3.7/site-packages/airflow/example_dags/example_short_circuit_operator.py
[2022-12-09T19:14:21.574+0000] {processor.py:766} INFO - DAG(s) dict_keys(['example_short_circuit_operator']) retrieved from /home/airflow/.local/lib/python3.7/site-packages/airflow/example_dags/example_short_circuit_operator.py
[2022-12-09T19:14:21.611+0000] {logging_mixin.py:137} INFO - [2022-12-09T19:14:21.611+0000] {dag.py:2585} INFO - Sync 1 DAGs
[2022-12-09T19:14:21.638+0000] {logging_mixin.py:137} INFO - [2022-12-09T19:14:21.638+0000] {dag.py:3340} INFO - Setting next_dagrun for example_short_circuit_operator to 2022-12-08T19:14:21.638245+00:00, run_after=2022-12-09T19:14:21.638245+00:00
[2022-12-09T19:14:21.679+0000] {processor.py:176} INFO - Processing /home/airflow/.local/lib/python3.7/site-packages/airflow/example_dags/example_short_circuit_operator.py took 0.120 seconds
[2022-12-09T20:18:33.409+0000] {processor.py:154} INFO - Started process (PID=3978) to work on /home/airflow/.local/lib/python3.7/site-packages/airflow/example_dags/example_short_circuit_operator.py
[2022-12-09T20:18:33.411+0000] {processor.py:756} INFO - Processing file /home/airflow/.local/lib/python3.7/site-packages/airflow/example_dags/example_short_circuit_operator.py for tasks to queue
[2022-12-09T20:18:33.413+0000] {logging_mixin.py:137} INFO - [2022-12-09T20:18:33.413+0000] {dagbag.py:537} INFO - Filling up the DagBag from /home/airflow/.local/lib/python3.7/site-packages/airflow/example_dags/example_short_circuit_operator.py
[2022-12-09T20:18:33.424+0000] {processor.py:766} INFO - DAG(s) dict_keys(['example_short_circuit_operator']) retrieved from /home/airflow/.local/lib/python3.7/site-packages/airflow/example_dags/example_short_circuit_operator.py
[2022-12-09T20:18:33.455+0000] {logging_mixin.py:137} INFO - [2022-12-09T20:18:33.454+0000] {dag.py:2585} INFO - Sync 1 DAGs
[2022-12-09T20:18:33.472+0000] {logging_mixin.py:137} INFO - [2022-12-09T20:18:33.472+0000] {dag.py:3340} INFO - Setting next_dagrun for example_short_circuit_operator to 2022-12-08T20:18:33.472126+00:00, run_after=2022-12-09T20:18:33.472126+00:00
[2022-12-09T20:18:33.486+0000] {processor.py:176} INFO - Processing /home/airflow/.local/lib/python3.7/site-packages/airflow/example_dags/example_short_circuit_operator.py took 0.079 seconds
[2022-12-09T21:09:12.123+0000] {processor.py:154} INFO - Started process (PID=4032) to work on /home/airflow/.local/lib/python3.7/site-packages/airflow/example_dags/example_short_circuit_operator.py
[2022-12-09T21:09:12.125+0000] {processor.py:756} INFO - Processing file /home/airflow/.local/lib/python3.7/site-packages/airflow/example_dags/example_short_circuit_operator.py for tasks to queue
[2022-12-09T21:09:12.127+0000] {logging_mixin.py:137} INFO - [2022-12-09T21:09:12.127+0000] {dagbag.py:537} INFO - Filling up the DagBag from /home/airflow/.local/lib/python3.7/site-packages/airflow/example_dags/example_short_circuit_operator.py
[2022-12-09T21:09:12.144+0000] {processor.py:766} INFO - DAG(s) dict_keys(['example_short_circuit_operator']) retrieved from /home/airflow/.local/lib/python3.7/site-packages/airflow/example_dags/example_short_circuit_operator.py
[2022-12-09T21:09:12.197+0000] {logging_mixin.py:137} INFO - [2022-12-09T21:09:12.197+0000] {dag.py:2585} INFO - Sync 1 DAGs
[2022-12-09T21:09:12.212+0000] {logging_mixin.py:137} INFO - [2022-12-09T21:09:12.212+0000] {dag.py:3340} INFO - Setting next_dagrun for example_short_circuit_operator to 2022-12-08T21:09:12.212585+00:00, run_after=2022-12-09T21:09:12.212585+00:00
[2022-12-09T21:09:12.234+0000] {processor.py:176} INFO - Processing /home/airflow/.local/lib/python3.7/site-packages/airflow/example_dags/example_short_circuit_operator.py took 0.114 seconds
[2022-12-09T22:16:07.584+0000] {processor.py:154} INFO - Started process (PID=4095) to work on /home/airflow/.local/lib/python3.7/site-packages/airflow/example_dags/example_short_circuit_operator.py
[2022-12-09T22:16:07.586+0000] {processor.py:756} INFO - Processing file /home/airflow/.local/lib/python3.7/site-packages/airflow/example_dags/example_short_circuit_operator.py for tasks to queue
[2022-12-09T22:16:07.587+0000] {logging_mixin.py:137} INFO - [2022-12-09T22:16:07.587+0000] {dagbag.py:537} INFO - Filling up the DagBag from /home/airflow/.local/lib/python3.7/site-packages/airflow/example_dags/example_short_circuit_operator.py
[2022-12-09T22:16:07.599+0000] {processor.py:766} INFO - DAG(s) dict_keys(['example_short_circuit_operator']) retrieved from /home/airflow/.local/lib/python3.7/site-packages/airflow/example_dags/example_short_circuit_operator.py
[2022-12-09T22:16:07.627+0000] {logging_mixin.py:137} INFO - [2022-12-09T22:16:07.627+0000] {dag.py:2585} INFO - Sync 1 DAGs
[2022-12-09T22:16:07.644+0000] {logging_mixin.py:137} INFO - [2022-12-09T22:16:07.644+0000] {dag.py:3340} INFO - Setting next_dagrun for example_short_circuit_operator to 2022-12-08T22:16:07.644735+00:00, run_after=2022-12-09T22:16:07.644735+00:00
[2022-12-09T22:16:07.658+0000] {processor.py:176} INFO - Processing /home/airflow/.local/lib/python3.7/site-packages/airflow/example_dags/example_short_circuit_operator.py took 0.076 seconds
[2022-12-09T23:21:39.634+0000] {processor.py:154} INFO - Started process (PID=4151) to work on /home/airflow/.local/lib/python3.7/site-packages/airflow/example_dags/example_short_circuit_operator.py
[2022-12-09T23:21:39.636+0000] {processor.py:756} INFO - Processing file /home/airflow/.local/lib/python3.7/site-packages/airflow/example_dags/example_short_circuit_operator.py for tasks to queue
[2022-12-09T23:21:39.637+0000] {logging_mixin.py:137} INFO - [2022-12-09T23:21:39.636+0000] {dagbag.py:537} INFO - Filling up the DagBag from /home/airflow/.local/lib/python3.7/site-packages/airflow/example_dags/example_short_circuit_operator.py
[2022-12-09T23:21:39.651+0000] {processor.py:766} INFO - DAG(s) dict_keys(['example_short_circuit_operator']) retrieved from /home/airflow/.local/lib/python3.7/site-packages/airflow/example_dags/example_short_circuit_operator.py
[2022-12-09T23:21:39.685+0000] {logging_mixin.py:137} INFO - [2022-12-09T23:21:39.685+0000] {dag.py:2585} INFO - Sync 1 DAGs
[2022-12-09T23:21:39.705+0000] {logging_mixin.py:137} INFO - [2022-12-09T23:21:39.705+0000] {dag.py:3340} INFO - Setting next_dagrun for example_short_circuit_operator to 2022-12-08T23:21:39.705049+00:00, run_after=2022-12-09T23:21:39.705049+00:00
[2022-12-09T23:21:39.722+0000] {processor.py:176} INFO - Processing /home/airflow/.local/lib/python3.7/site-packages/airflow/example_dags/example_short_circuit_operator.py took 0.091 seconds
