[2022-12-09T18:42:11.422+0000] {processor.py:154} INFO - Started process (PID=48) to work on /home/airflow/.local/lib/python3.7/site-packages/airflow/example_dags/example_latest_only_with_trigger.py
[2022-12-09T18:42:11.427+0000] {processor.py:756} INFO - Processing file /home/airflow/.local/lib/python3.7/site-packages/airflow/example_dags/example_latest_only_with_trigger.py for tasks to queue
[2022-12-09T18:42:11.429+0000] {logging_mixin.py:137} INFO - [2022-12-09T18:42:11.429+0000] {dagbag.py:537} INFO - Filling up the DagBag from /home/airflow/.local/lib/python3.7/site-packages/airflow/example_dags/example_latest_only_with_trigger.py
[2022-12-09T18:42:11.466+0000] {processor.py:766} INFO - DAG(s) dict_keys(['latest_only_with_trigger']) retrieved from /home/airflow/.local/lib/python3.7/site-packages/airflow/example_dags/example_latest_only_with_trigger.py
[2022-12-09T18:42:11.569+0000] {logging_mixin.py:137} INFO - [2022-12-09T18:42:11.569+0000] {dag.py:2585} INFO - Sync 1 DAGs
[2022-12-09T18:42:11.608+0000] {logging_mixin.py:137} INFO - [2022-12-09T18:42:11.608+0000] {dag.py:3340} INFO - Setting next_dagrun for latest_only_with_trigger to 2022-12-09T14:42:11.608375+00:00, run_after=2022-12-09T18:42:11.608375+00:00
[2022-12-09T18:42:11.708+0000] {processor.py:176} INFO - Processing /home/airflow/.local/lib/python3.7/site-packages/airflow/example_dags/example_latest_only_with_trigger.py took 0.293 seconds
[2022-12-09T18:42:42.124+0000] {processor.py:154} INFO - Started process (PID=113) to work on /home/airflow/.local/lib/python3.7/site-packages/airflow/example_dags/example_latest_only_with_trigger.py
[2022-12-09T18:42:42.126+0000] {processor.py:756} INFO - Processing file /home/airflow/.local/lib/python3.7/site-packages/airflow/example_dags/example_latest_only_with_trigger.py for tasks to queue
[2022-12-09T18:42:42.127+0000] {logging_mixin.py:137} INFO - [2022-12-09T18:42:42.127+0000] {dagbag.py:537} INFO - Filling up the DagBag from /home/airflow/.local/lib/python3.7/site-packages/airflow/example_dags/example_latest_only_with_trigger.py
[2022-12-09T18:42:42.140+0000] {processor.py:766} INFO - DAG(s) dict_keys(['latest_only_with_trigger']) retrieved from /home/airflow/.local/lib/python3.7/site-packages/airflow/example_dags/example_latest_only_with_trigger.py
[2022-12-09T18:42:42.168+0000] {logging_mixin.py:137} INFO - [2022-12-09T18:42:42.168+0000] {dag.py:2585} INFO - Sync 1 DAGs
[2022-12-09T18:42:42.185+0000] {logging_mixin.py:137} INFO - [2022-12-09T18:42:42.185+0000] {dag.py:3340} INFO - Setting next_dagrun for latest_only_with_trigger to 2022-12-09T14:42:42.185207+00:00, run_after=2022-12-09T18:42:42.185207+00:00
[2022-12-09T18:42:42.202+0000] {processor.py:176} INFO - Processing /home/airflow/.local/lib/python3.7/site-packages/airflow/example_dags/example_latest_only_with_trigger.py took 0.080 seconds
[2022-12-09T18:43:17.069+0000] {processor.py:154} INFO - Started process (PID=178) to work on /home/airflow/.local/lib/python3.7/site-packages/airflow/example_dags/example_latest_only_with_trigger.py
[2022-12-09T18:43:17.074+0000] {processor.py:756} INFO - Processing file /home/airflow/.local/lib/python3.7/site-packages/airflow/example_dags/example_latest_only_with_trigger.py for tasks to queue
[2022-12-09T18:43:17.075+0000] {logging_mixin.py:137} INFO - [2022-12-09T18:43:17.075+0000] {dagbag.py:537} INFO - Filling up the DagBag from /home/airflow/.local/lib/python3.7/site-packages/airflow/example_dags/example_latest_only_with_trigger.py
[2022-12-09T18:43:17.089+0000] {processor.py:766} INFO - DAG(s) dict_keys(['latest_only_with_trigger']) retrieved from /home/airflow/.local/lib/python3.7/site-packages/airflow/example_dags/example_latest_only_with_trigger.py
[2022-12-09T18:43:17.132+0000] {logging_mixin.py:137} INFO - [2022-12-09T18:43:17.132+0000] {dag.py:2585} INFO - Sync 1 DAGs
[2022-12-09T18:43:17.158+0000] {logging_mixin.py:137} INFO - [2022-12-09T18:43:17.158+0000] {dag.py:3340} INFO - Setting next_dagrun for latest_only_with_trigger to 2022-12-09T14:43:17.158078+00:00, run_after=2022-12-09T18:43:17.158078+00:00
[2022-12-09T18:43:17.185+0000] {processor.py:176} INFO - Processing /home/airflow/.local/lib/python3.7/site-packages/airflow/example_dags/example_latest_only_with_trigger.py took 0.118 seconds
[2022-12-09T18:43:47.538+0000] {processor.py:154} INFO - Started process (PID=233) to work on /home/airflow/.local/lib/python3.7/site-packages/airflow/example_dags/example_latest_only_with_trigger.py
[2022-12-09T18:43:47.540+0000] {processor.py:756} INFO - Processing file /home/airflow/.local/lib/python3.7/site-packages/airflow/example_dags/example_latest_only_with_trigger.py for tasks to queue
[2022-12-09T18:43:47.541+0000] {logging_mixin.py:137} INFO - [2022-12-09T18:43:47.541+0000] {dagbag.py:537} INFO - Filling up the DagBag from /home/airflow/.local/lib/python3.7/site-packages/airflow/example_dags/example_latest_only_with_trigger.py
[2022-12-09T18:43:47.551+0000] {processor.py:766} INFO - DAG(s) dict_keys(['latest_only_with_trigger']) retrieved from /home/airflow/.local/lib/python3.7/site-packages/airflow/example_dags/example_latest_only_with_trigger.py
[2022-12-09T18:43:47.582+0000] {logging_mixin.py:137} INFO - [2022-12-09T18:43:47.582+0000] {dag.py:2585} INFO - Sync 1 DAGs
[2022-12-09T18:43:47.600+0000] {logging_mixin.py:137} INFO - [2022-12-09T18:43:47.600+0000] {dag.py:3340} INFO - Setting next_dagrun for latest_only_with_trigger to 2022-12-09T14:43:47.600156+00:00, run_after=2022-12-09T18:43:47.600156+00:00
[2022-12-09T18:43:47.616+0000] {processor.py:176} INFO - Processing /home/airflow/.local/lib/python3.7/site-packages/airflow/example_dags/example_latest_only_with_trigger.py took 0.080 seconds
[2022-12-09T18:44:19.227+0000] {processor.py:154} INFO - Started process (PID=298) to work on /home/airflow/.local/lib/python3.7/site-packages/airflow/example_dags/example_latest_only_with_trigger.py
[2022-12-09T18:44:19.233+0000] {processor.py:756} INFO - Processing file /home/airflow/.local/lib/python3.7/site-packages/airflow/example_dags/example_latest_only_with_trigger.py for tasks to queue
[2022-12-09T18:44:19.237+0000] {logging_mixin.py:137} INFO - [2022-12-09T18:44:19.236+0000] {dagbag.py:537} INFO - Filling up the DagBag from /home/airflow/.local/lib/python3.7/site-packages/airflow/example_dags/example_latest_only_with_trigger.py
[2022-12-09T18:44:19.256+0000] {processor.py:766} INFO - DAG(s) dict_keys(['latest_only_with_trigger']) retrieved from /home/airflow/.local/lib/python3.7/site-packages/airflow/example_dags/example_latest_only_with_trigger.py
[2022-12-09T18:44:19.297+0000] {logging_mixin.py:137} INFO - [2022-12-09T18:44:19.297+0000] {dag.py:2585} INFO - Sync 1 DAGs
[2022-12-09T18:44:19.319+0000] {logging_mixin.py:137} INFO - [2022-12-09T18:44:19.319+0000] {dag.py:3340} INFO - Setting next_dagrun for latest_only_with_trigger to 2022-12-09T14:44:19.318879+00:00, run_after=2022-12-09T18:44:19.318879+00:00
[2022-12-09T18:44:19.335+0000] {processor.py:176} INFO - Processing /home/airflow/.local/lib/python3.7/site-packages/airflow/example_dags/example_latest_only_with_trigger.py took 0.115 seconds
[2022-12-09T18:44:49.850+0000] {processor.py:154} INFO - Started process (PID=361) to work on /home/airflow/.local/lib/python3.7/site-packages/airflow/example_dags/example_latest_only_with_trigger.py
[2022-12-09T18:44:49.853+0000] {processor.py:756} INFO - Processing file /home/airflow/.local/lib/python3.7/site-packages/airflow/example_dags/example_latest_only_with_trigger.py for tasks to queue
[2022-12-09T18:44:49.855+0000] {logging_mixin.py:137} INFO - [2022-12-09T18:44:49.855+0000] {dagbag.py:537} INFO - Filling up the DagBag from /home/airflow/.local/lib/python3.7/site-packages/airflow/example_dags/example_latest_only_with_trigger.py
[2022-12-09T18:44:49.870+0000] {processor.py:766} INFO - DAG(s) dict_keys(['latest_only_with_trigger']) retrieved from /home/airflow/.local/lib/python3.7/site-packages/airflow/example_dags/example_latest_only_with_trigger.py
[2022-12-09T18:44:49.911+0000] {logging_mixin.py:137} INFO - [2022-12-09T18:44:49.911+0000] {dag.py:2585} INFO - Sync 1 DAGs
[2022-12-09T18:44:49.955+0000] {logging_mixin.py:137} INFO - [2022-12-09T18:44:49.954+0000] {dag.py:3340} INFO - Setting next_dagrun for latest_only_with_trigger to 2022-12-09T14:44:49.954499+00:00, run_after=2022-12-09T18:44:49.954499+00:00
[2022-12-09T18:44:49.974+0000] {processor.py:176} INFO - Processing /home/airflow/.local/lib/python3.7/site-packages/airflow/example_dags/example_latest_only_with_trigger.py took 0.129 seconds
[2022-12-09T18:45:22.880+0000] {processor.py:154} INFO - Started process (PID=425) to work on /home/airflow/.local/lib/python3.7/site-packages/airflow/example_dags/example_latest_only_with_trigger.py
[2022-12-09T18:45:22.883+0000] {processor.py:756} INFO - Processing file /home/airflow/.local/lib/python3.7/site-packages/airflow/example_dags/example_latest_only_with_trigger.py for tasks to queue
[2022-12-09T18:45:22.890+0000] {logging_mixin.py:137} INFO - [2022-12-09T18:45:22.889+0000] {dagbag.py:537} INFO - Filling up the DagBag from /home/airflow/.local/lib/python3.7/site-packages/airflow/example_dags/example_latest_only_with_trigger.py
[2022-12-09T18:45:22.908+0000] {processor.py:766} INFO - DAG(s) dict_keys(['latest_only_with_trigger']) retrieved from /home/airflow/.local/lib/python3.7/site-packages/airflow/example_dags/example_latest_only_with_trigger.py
[2022-12-09T18:45:22.948+0000] {logging_mixin.py:137} INFO - [2022-12-09T18:45:22.948+0000] {dag.py:2585} INFO - Sync 1 DAGs
[2022-12-09T18:45:22.970+0000] {logging_mixin.py:137} INFO - [2022-12-09T18:45:22.970+0000] {dag.py:3340} INFO - Setting next_dagrun for latest_only_with_trigger to 2022-12-09T14:45:22.969950+00:00, run_after=2022-12-09T18:45:22.969950+00:00
[2022-12-09T18:45:23.003+0000] {processor.py:176} INFO - Processing /home/airflow/.local/lib/python3.7/site-packages/airflow/example_dags/example_latest_only_with_trigger.py took 0.127 seconds
[2022-12-09T18:45:53.513+0000] {processor.py:154} INFO - Started process (PID=480) to work on /home/airflow/.local/lib/python3.7/site-packages/airflow/example_dags/example_latest_only_with_trigger.py
[2022-12-09T18:45:53.516+0000] {processor.py:756} INFO - Processing file /home/airflow/.local/lib/python3.7/site-packages/airflow/example_dags/example_latest_only_with_trigger.py for tasks to queue
[2022-12-09T18:45:53.518+0000] {logging_mixin.py:137} INFO - [2022-12-09T18:45:53.517+0000] {dagbag.py:537} INFO - Filling up the DagBag from /home/airflow/.local/lib/python3.7/site-packages/airflow/example_dags/example_latest_only_with_trigger.py
[2022-12-09T18:45:53.528+0000] {processor.py:766} INFO - DAG(s) dict_keys(['latest_only_with_trigger']) retrieved from /home/airflow/.local/lib/python3.7/site-packages/airflow/example_dags/example_latest_only_with_trigger.py
[2022-12-09T18:45:53.560+0000] {logging_mixin.py:137} INFO - [2022-12-09T18:45:53.559+0000] {dag.py:2585} INFO - Sync 1 DAGs
[2022-12-09T18:45:53.579+0000] {logging_mixin.py:137} INFO - [2022-12-09T18:45:53.579+0000] {dag.py:3340} INFO - Setting next_dagrun for latest_only_with_trigger to 2022-12-09T14:45:53.579020+00:00, run_after=2022-12-09T18:45:53.579020+00:00
[2022-12-09T18:45:53.594+0000] {processor.py:176} INFO - Processing /home/airflow/.local/lib/python3.7/site-packages/airflow/example_dags/example_latest_only_with_trigger.py took 0.084 seconds
[2022-12-09T18:46:23.796+0000] {processor.py:154} INFO - Started process (PID=544) to work on /home/airflow/.local/lib/python3.7/site-packages/airflow/example_dags/example_latest_only_with_trigger.py
[2022-12-09T18:46:23.799+0000] {processor.py:756} INFO - Processing file /home/airflow/.local/lib/python3.7/site-packages/airflow/example_dags/example_latest_only_with_trigger.py for tasks to queue
[2022-12-09T18:46:23.800+0000] {logging_mixin.py:137} INFO - [2022-12-09T18:46:23.800+0000] {dagbag.py:537} INFO - Filling up the DagBag from /home/airflow/.local/lib/python3.7/site-packages/airflow/example_dags/example_latest_only_with_trigger.py
[2022-12-09T18:46:23.810+0000] {processor.py:766} INFO - DAG(s) dict_keys(['latest_only_with_trigger']) retrieved from /home/airflow/.local/lib/python3.7/site-packages/airflow/example_dags/example_latest_only_with_trigger.py
[2022-12-09T18:46:23.842+0000] {logging_mixin.py:137} INFO - [2022-12-09T18:46:23.842+0000] {dag.py:2585} INFO - Sync 1 DAGs
[2022-12-09T18:46:23.862+0000] {logging_mixin.py:137} INFO - [2022-12-09T18:46:23.862+0000] {dag.py:3340} INFO - Setting next_dagrun for latest_only_with_trigger to 2022-12-09T14:46:23.862087+00:00, run_after=2022-12-09T18:46:23.862087+00:00
[2022-12-09T18:46:23.875+0000] {processor.py:176} INFO - Processing /home/airflow/.local/lib/python3.7/site-packages/airflow/example_dags/example_latest_only_with_trigger.py took 0.081 seconds
[2022-12-09T18:46:55.402+0000] {processor.py:154} INFO - Started process (PID=608) to work on /home/airflow/.local/lib/python3.7/site-packages/airflow/example_dags/example_latest_only_with_trigger.py
[2022-12-09T18:46:55.404+0000] {processor.py:756} INFO - Processing file /home/airflow/.local/lib/python3.7/site-packages/airflow/example_dags/example_latest_only_with_trigger.py for tasks to queue
[2022-12-09T18:46:55.406+0000] {logging_mixin.py:137} INFO - [2022-12-09T18:46:55.406+0000] {dagbag.py:537} INFO - Filling up the DagBag from /home/airflow/.local/lib/python3.7/site-packages/airflow/example_dags/example_latest_only_with_trigger.py
[2022-12-09T18:46:55.428+0000] {processor.py:766} INFO - DAG(s) dict_keys(['latest_only_with_trigger']) retrieved from /home/airflow/.local/lib/python3.7/site-packages/airflow/example_dags/example_latest_only_with_trigger.py
[2022-12-09T18:46:55.470+0000] {logging_mixin.py:137} INFO - [2022-12-09T18:46:55.469+0000] {dag.py:2585} INFO - Sync 1 DAGs
[2022-12-09T18:46:55.499+0000] {logging_mixin.py:137} INFO - [2022-12-09T18:46:55.499+0000] {dag.py:3340} INFO - Setting next_dagrun for latest_only_with_trigger to 2022-12-09T14:46:55.498569+00:00, run_after=2022-12-09T18:46:55.498569+00:00
[2022-12-09T18:46:55.525+0000] {processor.py:176} INFO - Processing /home/airflow/.local/lib/python3.7/site-packages/airflow/example_dags/example_latest_only_with_trigger.py took 0.125 seconds
[2022-12-09T18:47:25.770+0000] {processor.py:154} INFO - Started process (PID=672) to work on /home/airflow/.local/lib/python3.7/site-packages/airflow/example_dags/example_latest_only_with_trigger.py
[2022-12-09T18:47:25.772+0000] {processor.py:756} INFO - Processing file /home/airflow/.local/lib/python3.7/site-packages/airflow/example_dags/example_latest_only_with_trigger.py for tasks to queue
[2022-12-09T18:47:25.773+0000] {logging_mixin.py:137} INFO - [2022-12-09T18:47:25.773+0000] {dagbag.py:537} INFO - Filling up the DagBag from /home/airflow/.local/lib/python3.7/site-packages/airflow/example_dags/example_latest_only_with_trigger.py
[2022-12-09T18:47:25.789+0000] {processor.py:766} INFO - DAG(s) dict_keys(['latest_only_with_trigger']) retrieved from /home/airflow/.local/lib/python3.7/site-packages/airflow/example_dags/example_latest_only_with_trigger.py
[2022-12-09T18:47:25.834+0000] {logging_mixin.py:137} INFO - [2022-12-09T18:47:25.834+0000] {dag.py:2585} INFO - Sync 1 DAGs
[2022-12-09T18:47:25.861+0000] {logging_mixin.py:137} INFO - [2022-12-09T18:47:25.861+0000] {dag.py:3340} INFO - Setting next_dagrun for latest_only_with_trigger to 2022-12-09T14:47:25.860633+00:00, run_after=2022-12-09T18:47:25.860633+00:00
[2022-12-09T18:47:25.890+0000] {processor.py:176} INFO - Processing /home/airflow/.local/lib/python3.7/site-packages/airflow/example_dags/example_latest_only_with_trigger.py took 0.122 seconds
[2022-12-09T18:47:57.351+0000] {processor.py:154} INFO - Started process (PID=736) to work on /home/airflow/.local/lib/python3.7/site-packages/airflow/example_dags/example_latest_only_with_trigger.py
[2022-12-09T18:47:57.364+0000] {processor.py:756} INFO - Processing file /home/airflow/.local/lib/python3.7/site-packages/airflow/example_dags/example_latest_only_with_trigger.py for tasks to queue
[2022-12-09T18:47:57.375+0000] {logging_mixin.py:137} INFO - [2022-12-09T18:47:57.375+0000] {dagbag.py:537} INFO - Filling up the DagBag from /home/airflow/.local/lib/python3.7/site-packages/airflow/example_dags/example_latest_only_with_trigger.py
[2022-12-09T18:47:57.428+0000] {processor.py:766} INFO - DAG(s) dict_keys(['latest_only_with_trigger']) retrieved from /home/airflow/.local/lib/python3.7/site-packages/airflow/example_dags/example_latest_only_with_trigger.py
[2022-12-09T18:47:57.560+0000] {logging_mixin.py:137} INFO - [2022-12-09T18:47:57.560+0000] {dag.py:2585} INFO - Sync 1 DAGs
[2022-12-09T18:47:57.621+0000] {logging_mixin.py:137} INFO - [2022-12-09T18:47:57.620+0000] {dag.py:3340} INFO - Setting next_dagrun for latest_only_with_trigger to 2022-12-09T14:47:57.620591+00:00, run_after=2022-12-09T18:47:57.620591+00:00
[2022-12-09T18:47:57.651+0000] {processor.py:176} INFO - Processing /home/airflow/.local/lib/python3.7/site-packages/airflow/example_dags/example_latest_only_with_trigger.py took 0.304 seconds
[2022-12-09T18:48:28.120+0000] {processor.py:154} INFO - Started process (PID=790) to work on /home/airflow/.local/lib/python3.7/site-packages/airflow/example_dags/example_latest_only_with_trigger.py
[2022-12-09T18:48:28.121+0000] {processor.py:756} INFO - Processing file /home/airflow/.local/lib/python3.7/site-packages/airflow/example_dags/example_latest_only_with_trigger.py for tasks to queue
[2022-12-09T18:48:28.122+0000] {logging_mixin.py:137} INFO - [2022-12-09T18:48:28.122+0000] {dagbag.py:537} INFO - Filling up the DagBag from /home/airflow/.local/lib/python3.7/site-packages/airflow/example_dags/example_latest_only_with_trigger.py
[2022-12-09T18:48:28.134+0000] {processor.py:766} INFO - DAG(s) dict_keys(['latest_only_with_trigger']) retrieved from /home/airflow/.local/lib/python3.7/site-packages/airflow/example_dags/example_latest_only_with_trigger.py
[2022-12-09T18:48:28.160+0000] {logging_mixin.py:137} INFO - [2022-12-09T18:48:28.160+0000] {dag.py:2585} INFO - Sync 1 DAGs
[2022-12-09T18:48:28.179+0000] {logging_mixin.py:137} INFO - [2022-12-09T18:48:28.179+0000] {dag.py:3340} INFO - Setting next_dagrun for latest_only_with_trigger to 2022-12-09T14:48:28.179203+00:00, run_after=2022-12-09T18:48:28.179203+00:00
[2022-12-09T18:48:28.193+0000] {processor.py:176} INFO - Processing /home/airflow/.local/lib/python3.7/site-packages/airflow/example_dags/example_latest_only_with_trigger.py took 0.075 seconds
[2022-12-09T18:48:59.424+0000] {processor.py:154} INFO - Started process (PID=856) to work on /home/airflow/.local/lib/python3.7/site-packages/airflow/example_dags/example_latest_only_with_trigger.py
[2022-12-09T18:48:59.426+0000] {processor.py:756} INFO - Processing file /home/airflow/.local/lib/python3.7/site-packages/airflow/example_dags/example_latest_only_with_trigger.py for tasks to queue
[2022-12-09T18:48:59.428+0000] {logging_mixin.py:137} INFO - [2022-12-09T18:48:59.428+0000] {dagbag.py:537} INFO - Filling up the DagBag from /home/airflow/.local/lib/python3.7/site-packages/airflow/example_dags/example_latest_only_with_trigger.py
[2022-12-09T18:48:59.438+0000] {processor.py:766} INFO - DAG(s) dict_keys(['latest_only_with_trigger']) retrieved from /home/airflow/.local/lib/python3.7/site-packages/airflow/example_dags/example_latest_only_with_trigger.py
[2022-12-09T18:48:59.479+0000] {logging_mixin.py:137} INFO - [2022-12-09T18:48:59.479+0000] {dag.py:2585} INFO - Sync 1 DAGs
[2022-12-09T18:48:59.495+0000] {logging_mixin.py:137} INFO - [2022-12-09T18:48:59.495+0000] {dag.py:3340} INFO - Setting next_dagrun for latest_only_with_trigger to 2022-12-09T14:48:59.495723+00:00, run_after=2022-12-09T18:48:59.495723+00:00
[2022-12-09T18:48:59.508+0000] {processor.py:176} INFO - Processing /home/airflow/.local/lib/python3.7/site-packages/airflow/example_dags/example_latest_only_with_trigger.py took 0.086 seconds
[2022-12-09T18:49:30.417+0000] {processor.py:154} INFO - Started process (PID=920) to work on /home/airflow/.local/lib/python3.7/site-packages/airflow/example_dags/example_latest_only_with_trigger.py
[2022-12-09T18:49:30.425+0000] {processor.py:756} INFO - Processing file /home/airflow/.local/lib/python3.7/site-packages/airflow/example_dags/example_latest_only_with_trigger.py for tasks to queue
[2022-12-09T18:49:30.429+0000] {logging_mixin.py:137} INFO - [2022-12-09T18:49:30.429+0000] {dagbag.py:537} INFO - Filling up the DagBag from /home/airflow/.local/lib/python3.7/site-packages/airflow/example_dags/example_latest_only_with_trigger.py
[2022-12-09T18:49:30.454+0000] {processor.py:766} INFO - DAG(s) dict_keys(['latest_only_with_trigger']) retrieved from /home/airflow/.local/lib/python3.7/site-packages/airflow/example_dags/example_latest_only_with_trigger.py
[2022-12-09T18:49:30.507+0000] {logging_mixin.py:137} INFO - [2022-12-09T18:49:30.506+0000] {dag.py:2585} INFO - Sync 1 DAGs
[2022-12-09T18:49:30.528+0000] {logging_mixin.py:137} INFO - [2022-12-09T18:49:30.528+0000] {dag.py:3340} INFO - Setting next_dagrun for latest_only_with_trigger to 2022-12-09T14:49:30.528512+00:00, run_after=2022-12-09T18:49:30.528512+00:00
[2022-12-09T18:49:30.543+0000] {processor.py:176} INFO - Processing /home/airflow/.local/lib/python3.7/site-packages/airflow/example_dags/example_latest_only_with_trigger.py took 0.132 seconds
[2022-12-09T18:50:01.426+0000] {processor.py:154} INFO - Started process (PID=983) to work on /home/airflow/.local/lib/python3.7/site-packages/airflow/example_dags/example_latest_only_with_trigger.py
[2022-12-09T18:50:01.429+0000] {processor.py:756} INFO - Processing file /home/airflow/.local/lib/python3.7/site-packages/airflow/example_dags/example_latest_only_with_trigger.py for tasks to queue
[2022-12-09T18:50:01.431+0000] {logging_mixin.py:137} INFO - [2022-12-09T18:50:01.431+0000] {dagbag.py:537} INFO - Filling up the DagBag from /home/airflow/.local/lib/python3.7/site-packages/airflow/example_dags/example_latest_only_with_trigger.py
[2022-12-09T18:50:01.442+0000] {processor.py:766} INFO - DAG(s) dict_keys(['latest_only_with_trigger']) retrieved from /home/airflow/.local/lib/python3.7/site-packages/airflow/example_dags/example_latest_only_with_trigger.py
[2022-12-09T18:50:01.474+0000] {logging_mixin.py:137} INFO - [2022-12-09T18:50:01.474+0000] {dag.py:2585} INFO - Sync 1 DAGs
[2022-12-09T18:50:01.491+0000] {logging_mixin.py:137} INFO - [2022-12-09T18:50:01.491+0000] {dag.py:3340} INFO - Setting next_dagrun for latest_only_with_trigger to 2022-12-09T14:50:01.491568+00:00, run_after=2022-12-09T18:50:01.491568+00:00
[2022-12-09T18:50:01.505+0000] {processor.py:176} INFO - Processing /home/airflow/.local/lib/python3.7/site-packages/airflow/example_dags/example_latest_only_with_trigger.py took 0.082 seconds
[2022-12-09T18:50:32.423+0000] {processor.py:154} INFO - Started process (PID=1038) to work on /home/airflow/.local/lib/python3.7/site-packages/airflow/example_dags/example_latest_only_with_trigger.py
[2022-12-09T18:50:32.428+0000] {processor.py:756} INFO - Processing file /home/airflow/.local/lib/python3.7/site-packages/airflow/example_dags/example_latest_only_with_trigger.py for tasks to queue
[2022-12-09T18:50:32.429+0000] {logging_mixin.py:137} INFO - [2022-12-09T18:50:32.429+0000] {dagbag.py:537} INFO - Filling up the DagBag from /home/airflow/.local/lib/python3.7/site-packages/airflow/example_dags/example_latest_only_with_trigger.py
[2022-12-09T18:50:32.441+0000] {processor.py:766} INFO - DAG(s) dict_keys(['latest_only_with_trigger']) retrieved from /home/airflow/.local/lib/python3.7/site-packages/airflow/example_dags/example_latest_only_with_trigger.py
[2022-12-09T18:50:32.484+0000] {logging_mixin.py:137} INFO - [2022-12-09T18:50:32.484+0000] {dag.py:2585} INFO - Sync 1 DAGs
[2022-12-09T18:50:32.505+0000] {logging_mixin.py:137} INFO - [2022-12-09T18:50:32.505+0000] {dag.py:3340} INFO - Setting next_dagrun for latest_only_with_trigger to 2022-12-09T14:50:32.505128+00:00, run_after=2022-12-09T18:50:32.505128+00:00
[2022-12-09T18:50:32.524+0000] {processor.py:176} INFO - Processing /home/airflow/.local/lib/python3.7/site-packages/airflow/example_dags/example_latest_only_with_trigger.py took 0.103 seconds
[2022-12-09T18:51:03.065+0000] {processor.py:154} INFO - Started process (PID=1102) to work on /home/airflow/.local/lib/python3.7/site-packages/airflow/example_dags/example_latest_only_with_trigger.py
[2022-12-09T18:51:03.066+0000] {processor.py:756} INFO - Processing file /home/airflow/.local/lib/python3.7/site-packages/airflow/example_dags/example_latest_only_with_trigger.py for tasks to queue
[2022-12-09T18:51:03.069+0000] {logging_mixin.py:137} INFO - [2022-12-09T18:51:03.069+0000] {dagbag.py:537} INFO - Filling up the DagBag from /home/airflow/.local/lib/python3.7/site-packages/airflow/example_dags/example_latest_only_with_trigger.py
[2022-12-09T18:51:03.080+0000] {processor.py:766} INFO - DAG(s) dict_keys(['latest_only_with_trigger']) retrieved from /home/airflow/.local/lib/python3.7/site-packages/airflow/example_dags/example_latest_only_with_trigger.py
[2022-12-09T18:51:03.108+0000] {logging_mixin.py:137} INFO - [2022-12-09T18:51:03.107+0000] {dag.py:2585} INFO - Sync 1 DAGs
[2022-12-09T18:51:03.125+0000] {logging_mixin.py:137} INFO - [2022-12-09T18:51:03.125+0000] {dag.py:3340} INFO - Setting next_dagrun for latest_only_with_trigger to 2022-12-09T14:51:03.124958+00:00, run_after=2022-12-09T18:51:03.124958+00:00
[2022-12-09T18:51:03.136+0000] {processor.py:176} INFO - Processing /home/airflow/.local/lib/python3.7/site-packages/airflow/example_dags/example_latest_only_with_trigger.py took 0.074 seconds
[2022-12-09T18:51:33.939+0000] {processor.py:154} INFO - Started process (PID=1166) to work on /home/airflow/.local/lib/python3.7/site-packages/airflow/example_dags/example_latest_only_with_trigger.py
[2022-12-09T18:51:33.941+0000] {processor.py:756} INFO - Processing file /home/airflow/.local/lib/python3.7/site-packages/airflow/example_dags/example_latest_only_with_trigger.py for tasks to queue
[2022-12-09T18:51:33.942+0000] {logging_mixin.py:137} INFO - [2022-12-09T18:51:33.942+0000] {dagbag.py:537} INFO - Filling up the DagBag from /home/airflow/.local/lib/python3.7/site-packages/airflow/example_dags/example_latest_only_with_trigger.py
[2022-12-09T18:51:33.951+0000] {processor.py:766} INFO - DAG(s) dict_keys(['latest_only_with_trigger']) retrieved from /home/airflow/.local/lib/python3.7/site-packages/airflow/example_dags/example_latest_only_with_trigger.py
[2022-12-09T18:51:33.977+0000] {logging_mixin.py:137} INFO - [2022-12-09T18:51:33.977+0000] {dag.py:2585} INFO - Sync 1 DAGs
[2022-12-09T18:51:33.992+0000] {logging_mixin.py:137} INFO - [2022-12-09T18:51:33.992+0000] {dag.py:3340} INFO - Setting next_dagrun for latest_only_with_trigger to 2022-12-09T14:51:33.992116+00:00, run_after=2022-12-09T18:51:33.992116+00:00
[2022-12-09T18:51:34.003+0000] {processor.py:176} INFO - Processing /home/airflow/.local/lib/python3.7/site-packages/airflow/example_dags/example_latest_only_with_trigger.py took 0.066 seconds
[2022-12-09T18:52:04.201+0000] {processor.py:154} INFO - Started process (PID=1230) to work on /home/airflow/.local/lib/python3.7/site-packages/airflow/example_dags/example_latest_only_with_trigger.py
[2022-12-09T18:52:04.203+0000] {processor.py:756} INFO - Processing file /home/airflow/.local/lib/python3.7/site-packages/airflow/example_dags/example_latest_only_with_trigger.py for tasks to queue
[2022-12-09T18:52:04.204+0000] {logging_mixin.py:137} INFO - [2022-12-09T18:52:04.204+0000] {dagbag.py:537} INFO - Filling up the DagBag from /home/airflow/.local/lib/python3.7/site-packages/airflow/example_dags/example_latest_only_with_trigger.py
[2022-12-09T18:52:04.214+0000] {processor.py:766} INFO - DAG(s) dict_keys(['latest_only_with_trigger']) retrieved from /home/airflow/.local/lib/python3.7/site-packages/airflow/example_dags/example_latest_only_with_trigger.py
[2022-12-09T18:52:04.241+0000] {logging_mixin.py:137} INFO - [2022-12-09T18:52:04.241+0000] {dag.py:2585} INFO - Sync 1 DAGs
[2022-12-09T18:52:04.259+0000] {logging_mixin.py:137} INFO - [2022-12-09T18:52:04.259+0000] {dag.py:3340} INFO - Setting next_dagrun for latest_only_with_trigger to 2022-12-09T14:52:04.259779+00:00, run_after=2022-12-09T18:52:04.259779+00:00
[2022-12-09T18:52:04.271+0000] {processor.py:176} INFO - Processing /home/airflow/.local/lib/python3.7/site-packages/airflow/example_dags/example_latest_only_with_trigger.py took 0.072 seconds
[2022-12-09T18:52:34.467+0000] {processor.py:154} INFO - Started process (PID=1295) to work on /home/airflow/.local/lib/python3.7/site-packages/airflow/example_dags/example_latest_only_with_trigger.py
[2022-12-09T18:52:34.469+0000] {processor.py:756} INFO - Processing file /home/airflow/.local/lib/python3.7/site-packages/airflow/example_dags/example_latest_only_with_trigger.py for tasks to queue
[2022-12-09T18:52:34.469+0000] {logging_mixin.py:137} INFO - [2022-12-09T18:52:34.469+0000] {dagbag.py:537} INFO - Filling up the DagBag from /home/airflow/.local/lib/python3.7/site-packages/airflow/example_dags/example_latest_only_with_trigger.py
[2022-12-09T18:52:34.479+0000] {processor.py:766} INFO - DAG(s) dict_keys(['latest_only_with_trigger']) retrieved from /home/airflow/.local/lib/python3.7/site-packages/airflow/example_dags/example_latest_only_with_trigger.py
[2022-12-09T18:52:34.505+0000] {logging_mixin.py:137} INFO - [2022-12-09T18:52:34.505+0000] {dag.py:2585} INFO - Sync 1 DAGs
[2022-12-09T18:52:34.522+0000] {logging_mixin.py:137} INFO - [2022-12-09T18:52:34.521+0000] {dag.py:3340} INFO - Setting next_dagrun for latest_only_with_trigger to 2022-12-09T14:52:34.521812+00:00, run_after=2022-12-09T18:52:34.521812+00:00
[2022-12-09T18:52:34.534+0000] {processor.py:176} INFO - Processing /home/airflow/.local/lib/python3.7/site-packages/airflow/example_dags/example_latest_only_with_trigger.py took 0.069 seconds
[2022-12-09T18:53:05.363+0000] {processor.py:154} INFO - Started process (PID=1350) to work on /home/airflow/.local/lib/python3.7/site-packages/airflow/example_dags/example_latest_only_with_trigger.py
[2022-12-09T18:53:05.365+0000] {processor.py:756} INFO - Processing file /home/airflow/.local/lib/python3.7/site-packages/airflow/example_dags/example_latest_only_with_trigger.py for tasks to queue
[2022-12-09T18:53:05.367+0000] {logging_mixin.py:137} INFO - [2022-12-09T18:53:05.367+0000] {dagbag.py:537} INFO - Filling up the DagBag from /home/airflow/.local/lib/python3.7/site-packages/airflow/example_dags/example_latest_only_with_trigger.py
[2022-12-09T18:53:05.380+0000] {processor.py:766} INFO - DAG(s) dict_keys(['latest_only_with_trigger']) retrieved from /home/airflow/.local/lib/python3.7/site-packages/airflow/example_dags/example_latest_only_with_trigger.py
[2022-12-09T18:53:05.408+0000] {logging_mixin.py:137} INFO - [2022-12-09T18:53:05.408+0000] {dag.py:2585} INFO - Sync 1 DAGs
[2022-12-09T18:53:05.423+0000] {logging_mixin.py:137} INFO - [2022-12-09T18:53:05.423+0000] {dag.py:3340} INFO - Setting next_dagrun for latest_only_with_trigger to 2022-12-09T14:53:05.423224+00:00, run_after=2022-12-09T18:53:05.423224+00:00
[2022-12-09T18:53:05.435+0000] {processor.py:176} INFO - Processing /home/airflow/.local/lib/python3.7/site-packages/airflow/example_dags/example_latest_only_with_trigger.py took 0.074 seconds
[2022-12-09T18:53:35.838+0000] {processor.py:154} INFO - Started process (PID=1415) to work on /home/airflow/.local/lib/python3.7/site-packages/airflow/example_dags/example_latest_only_with_trigger.py
[2022-12-09T18:53:35.843+0000] {processor.py:756} INFO - Processing file /home/airflow/.local/lib/python3.7/site-packages/airflow/example_dags/example_latest_only_with_trigger.py for tasks to queue
[2022-12-09T18:53:35.844+0000] {logging_mixin.py:137} INFO - [2022-12-09T18:53:35.844+0000] {dagbag.py:537} INFO - Filling up the DagBag from /home/airflow/.local/lib/python3.7/site-packages/airflow/example_dags/example_latest_only_with_trigger.py
[2022-12-09T18:53:35.853+0000] {processor.py:766} INFO - DAG(s) dict_keys(['latest_only_with_trigger']) retrieved from /home/airflow/.local/lib/python3.7/site-packages/airflow/example_dags/example_latest_only_with_trigger.py
[2022-12-09T18:53:35.880+0000] {logging_mixin.py:137} INFO - [2022-12-09T18:53:35.880+0000] {dag.py:2585} INFO - Sync 1 DAGs
[2022-12-09T18:53:35.902+0000] {logging_mixin.py:137} INFO - [2022-12-09T18:53:35.902+0000] {dag.py:3340} INFO - Setting next_dagrun for latest_only_with_trigger to 2022-12-09T14:53:35.902651+00:00, run_after=2022-12-09T18:53:35.902651+00:00
[2022-12-09T18:53:35.920+0000] {processor.py:176} INFO - Processing /home/airflow/.local/lib/python3.7/site-packages/airflow/example_dags/example_latest_only_with_trigger.py took 0.085 seconds
[2022-12-09T18:54:06.765+0000] {processor.py:154} INFO - Started process (PID=1481) to work on /home/airflow/.local/lib/python3.7/site-packages/airflow/example_dags/example_latest_only_with_trigger.py
[2022-12-09T18:54:06.767+0000] {processor.py:756} INFO - Processing file /home/airflow/.local/lib/python3.7/site-packages/airflow/example_dags/example_latest_only_with_trigger.py for tasks to queue
[2022-12-09T18:54:06.768+0000] {logging_mixin.py:137} INFO - [2022-12-09T18:54:06.768+0000] {dagbag.py:537} INFO - Filling up the DagBag from /home/airflow/.local/lib/python3.7/site-packages/airflow/example_dags/example_latest_only_with_trigger.py
[2022-12-09T18:54:06.784+0000] {processor.py:766} INFO - DAG(s) dict_keys(['latest_only_with_trigger']) retrieved from /home/airflow/.local/lib/python3.7/site-packages/airflow/example_dags/example_latest_only_with_trigger.py
[2022-12-09T18:54:06.847+0000] {logging_mixin.py:137} INFO - [2022-12-09T18:54:06.847+0000] {dag.py:2585} INFO - Sync 1 DAGs
[2022-12-09T18:54:06.895+0000] {logging_mixin.py:137} INFO - [2022-12-09T18:54:06.895+0000] {dag.py:3340} INFO - Setting next_dagrun for latest_only_with_trigger to 2022-12-09T14:54:06.894938+00:00, run_after=2022-12-09T18:54:06.894938+00:00
[2022-12-09T18:54:06.933+0000] {processor.py:176} INFO - Processing /home/airflow/.local/lib/python3.7/site-packages/airflow/example_dags/example_latest_only_with_trigger.py took 0.171 seconds
[2022-12-09T18:54:37.763+0000] {processor.py:154} INFO - Started process (PID=1546) to work on /home/airflow/.local/lib/python3.7/site-packages/airflow/example_dags/example_latest_only_with_trigger.py
[2022-12-09T18:54:37.765+0000] {processor.py:756} INFO - Processing file /home/airflow/.local/lib/python3.7/site-packages/airflow/example_dags/example_latest_only_with_trigger.py for tasks to queue
[2022-12-09T18:54:37.768+0000] {logging_mixin.py:137} INFO - [2022-12-09T18:54:37.767+0000] {dagbag.py:537} INFO - Filling up the DagBag from /home/airflow/.local/lib/python3.7/site-packages/airflow/example_dags/example_latest_only_with_trigger.py
[2022-12-09T18:54:37.780+0000] {processor.py:766} INFO - DAG(s) dict_keys(['latest_only_with_trigger']) retrieved from /home/airflow/.local/lib/python3.7/site-packages/airflow/example_dags/example_latest_only_with_trigger.py
[2022-12-09T18:54:37.808+0000] {logging_mixin.py:137} INFO - [2022-12-09T18:54:37.808+0000] {dag.py:2585} INFO - Sync 1 DAGs
[2022-12-09T18:54:37.826+0000] {logging_mixin.py:137} INFO - [2022-12-09T18:54:37.825+0000] {dag.py:3340} INFO - Setting next_dagrun for latest_only_with_trigger to 2022-12-09T14:54:37.825764+00:00, run_after=2022-12-09T18:54:37.825764+00:00
[2022-12-09T18:54:37.841+0000] {processor.py:176} INFO - Processing /home/airflow/.local/lib/python3.7/site-packages/airflow/example_dags/example_latest_only_with_trigger.py took 0.081 seconds
[2022-12-09T18:55:08.441+0000] {processor.py:154} INFO - Started process (PID=1609) to work on /home/airflow/.local/lib/python3.7/site-packages/airflow/example_dags/example_latest_only_with_trigger.py
[2022-12-09T18:55:08.444+0000] {processor.py:756} INFO - Processing file /home/airflow/.local/lib/python3.7/site-packages/airflow/example_dags/example_latest_only_with_trigger.py for tasks to queue
[2022-12-09T18:55:08.446+0000] {logging_mixin.py:137} INFO - [2022-12-09T18:55:08.446+0000] {dagbag.py:537} INFO - Filling up the DagBag from /home/airflow/.local/lib/python3.7/site-packages/airflow/example_dags/example_latest_only_with_trigger.py
[2022-12-09T18:55:08.459+0000] {processor.py:766} INFO - DAG(s) dict_keys(['latest_only_with_trigger']) retrieved from /home/airflow/.local/lib/python3.7/site-packages/airflow/example_dags/example_latest_only_with_trigger.py
[2022-12-09T18:55:08.484+0000] {logging_mixin.py:137} INFO - [2022-12-09T18:55:08.483+0000] {dag.py:2585} INFO - Sync 1 DAGs
[2022-12-09T18:55:08.500+0000] {logging_mixin.py:137} INFO - [2022-12-09T18:55:08.500+0000] {dag.py:3340} INFO - Setting next_dagrun for latest_only_with_trigger to 2022-12-09T14:55:08.499905+00:00, run_after=2022-12-09T18:55:08.499905+00:00
[2022-12-09T18:55:08.512+0000] {processor.py:176} INFO - Processing /home/airflow/.local/lib/python3.7/site-packages/airflow/example_dags/example_latest_only_with_trigger.py took 0.073 seconds
[2022-12-09T18:55:39.068+0000] {processor.py:154} INFO - Started process (PID=1664) to work on /home/airflow/.local/lib/python3.7/site-packages/airflow/example_dags/example_latest_only_with_trigger.py
[2022-12-09T18:55:39.070+0000] {processor.py:756} INFO - Processing file /home/airflow/.local/lib/python3.7/site-packages/airflow/example_dags/example_latest_only_with_trigger.py for tasks to queue
[2022-12-09T18:55:39.071+0000] {logging_mixin.py:137} INFO - [2022-12-09T18:55:39.070+0000] {dagbag.py:537} INFO - Filling up the DagBag from /home/airflow/.local/lib/python3.7/site-packages/airflow/example_dags/example_latest_only_with_trigger.py
[2022-12-09T18:55:39.081+0000] {processor.py:766} INFO - DAG(s) dict_keys(['latest_only_with_trigger']) retrieved from /home/airflow/.local/lib/python3.7/site-packages/airflow/example_dags/example_latest_only_with_trigger.py
[2022-12-09T18:55:39.109+0000] {logging_mixin.py:137} INFO - [2022-12-09T18:55:39.109+0000] {dag.py:2585} INFO - Sync 1 DAGs
[2022-12-09T18:55:39.127+0000] {logging_mixin.py:137} INFO - [2022-12-09T18:55:39.126+0000] {dag.py:3340} INFO - Setting next_dagrun for latest_only_with_trigger to 2022-12-09T14:55:39.126791+00:00, run_after=2022-12-09T18:55:39.126791+00:00
[2022-12-09T18:55:39.141+0000] {processor.py:176} INFO - Processing /home/airflow/.local/lib/python3.7/site-packages/airflow/example_dags/example_latest_only_with_trigger.py took 0.075 seconds
[2022-12-09T18:56:10.661+0000] {processor.py:154} INFO - Started process (PID=1728) to work on /home/airflow/.local/lib/python3.7/site-packages/airflow/example_dags/example_latest_only_with_trigger.py
[2022-12-09T18:56:10.668+0000] {processor.py:756} INFO - Processing file /home/airflow/.local/lib/python3.7/site-packages/airflow/example_dags/example_latest_only_with_trigger.py for tasks to queue
[2022-12-09T18:56:10.677+0000] {logging_mixin.py:137} INFO - [2022-12-09T18:56:10.676+0000] {dagbag.py:537} INFO - Filling up the DagBag from /home/airflow/.local/lib/python3.7/site-packages/airflow/example_dags/example_latest_only_with_trigger.py
[2022-12-09T18:56:10.814+0000] {processor.py:766} INFO - DAG(s) dict_keys(['latest_only_with_trigger']) retrieved from /home/airflow/.local/lib/python3.7/site-packages/airflow/example_dags/example_latest_only_with_trigger.py
[2022-12-09T18:56:10.934+0000] {logging_mixin.py:137} INFO - [2022-12-09T18:56:10.934+0000] {dag.py:2585} INFO - Sync 1 DAGs
[2022-12-09T18:56:10.974+0000] {logging_mixin.py:137} INFO - [2022-12-09T18:56:10.974+0000] {dag.py:3340} INFO - Setting next_dagrun for latest_only_with_trigger to 2022-12-09T14:56:10.974012+00:00, run_after=2022-12-09T18:56:10.974012+00:00
[2022-12-09T18:56:11.014+0000] {processor.py:176} INFO - Processing /home/airflow/.local/lib/python3.7/site-packages/airflow/example_dags/example_latest_only_with_trigger.py took 0.375 seconds
[2022-12-09T18:56:41.340+0000] {processor.py:154} INFO - Started process (PID=1792) to work on /home/airflow/.local/lib/python3.7/site-packages/airflow/example_dags/example_latest_only_with_trigger.py
[2022-12-09T18:56:41.345+0000] {processor.py:756} INFO - Processing file /home/airflow/.local/lib/python3.7/site-packages/airflow/example_dags/example_latest_only_with_trigger.py for tasks to queue
[2022-12-09T18:56:41.348+0000] {logging_mixin.py:137} INFO - [2022-12-09T18:56:41.347+0000] {dagbag.py:537} INFO - Filling up the DagBag from /home/airflow/.local/lib/python3.7/site-packages/airflow/example_dags/example_latest_only_with_trigger.py
[2022-12-09T18:56:41.369+0000] {processor.py:766} INFO - DAG(s) dict_keys(['latest_only_with_trigger']) retrieved from /home/airflow/.local/lib/python3.7/site-packages/airflow/example_dags/example_latest_only_with_trigger.py
[2022-12-09T18:56:41.414+0000] {logging_mixin.py:137} INFO - [2022-12-09T18:56:41.414+0000] {dag.py:2585} INFO - Sync 1 DAGs
[2022-12-09T18:56:41.438+0000] {logging_mixin.py:137} INFO - [2022-12-09T18:56:41.438+0000] {dag.py:3340} INFO - Setting next_dagrun for latest_only_with_trigger to 2022-12-09T14:56:41.438314+00:00, run_after=2022-12-09T18:56:41.438314+00:00
[2022-12-09T18:56:41.460+0000] {processor.py:176} INFO - Processing /home/airflow/.local/lib/python3.7/site-packages/airflow/example_dags/example_latest_only_with_trigger.py took 0.123 seconds
[2022-12-09T18:57:12.302+0000] {processor.py:154} INFO - Started process (PID=1854) to work on /home/airflow/.local/lib/python3.7/site-packages/airflow/example_dags/example_latest_only_with_trigger.py
[2022-12-09T18:57:12.305+0000] {processor.py:756} INFO - Processing file /home/airflow/.local/lib/python3.7/site-packages/airflow/example_dags/example_latest_only_with_trigger.py for tasks to queue
[2022-12-09T18:57:12.307+0000] {logging_mixin.py:137} INFO - [2022-12-09T18:57:12.307+0000] {dagbag.py:537} INFO - Filling up the DagBag from /home/airflow/.local/lib/python3.7/site-packages/airflow/example_dags/example_latest_only_with_trigger.py
[2022-12-09T18:57:12.318+0000] {processor.py:766} INFO - DAG(s) dict_keys(['latest_only_with_trigger']) retrieved from /home/airflow/.local/lib/python3.7/site-packages/airflow/example_dags/example_latest_only_with_trigger.py
[2022-12-09T18:57:12.353+0000] {logging_mixin.py:137} INFO - [2022-12-09T18:57:12.353+0000] {dag.py:2585} INFO - Sync 1 DAGs
[2022-12-09T18:57:12.373+0000] {logging_mixin.py:137} INFO - [2022-12-09T18:57:12.372+0000] {dag.py:3340} INFO - Setting next_dagrun for latest_only_with_trigger to 2022-12-09T14:57:12.372761+00:00, run_after=2022-12-09T18:57:12.372761+00:00
[2022-12-09T18:57:12.390+0000] {processor.py:176} INFO - Processing /home/airflow/.local/lib/python3.7/site-packages/airflow/example_dags/example_latest_only_with_trigger.py took 0.090 seconds
[2022-12-09T18:57:43.262+0000] {processor.py:154} INFO - Started process (PID=1911) to work on /home/airflow/.local/lib/python3.7/site-packages/airflow/example_dags/example_latest_only_with_trigger.py
[2022-12-09T18:57:43.263+0000] {processor.py:756} INFO - Processing file /home/airflow/.local/lib/python3.7/site-packages/airflow/example_dags/example_latest_only_with_trigger.py for tasks to queue
[2022-12-09T18:57:43.264+0000] {logging_mixin.py:137} INFO - [2022-12-09T18:57:43.264+0000] {dagbag.py:537} INFO - Filling up the DagBag from /home/airflow/.local/lib/python3.7/site-packages/airflow/example_dags/example_latest_only_with_trigger.py
[2022-12-09T18:57:43.273+0000] {processor.py:766} INFO - DAG(s) dict_keys(['latest_only_with_trigger']) retrieved from /home/airflow/.local/lib/python3.7/site-packages/airflow/example_dags/example_latest_only_with_trigger.py
[2022-12-09T18:57:43.297+0000] {logging_mixin.py:137} INFO - [2022-12-09T18:57:43.297+0000] {dag.py:2585} INFO - Sync 1 DAGs
[2022-12-09T18:57:43.313+0000] {logging_mixin.py:137} INFO - [2022-12-09T18:57:43.313+0000] {dag.py:3340} INFO - Setting next_dagrun for latest_only_with_trigger to 2022-12-09T14:57:43.313012+00:00, run_after=2022-12-09T18:57:43.313012+00:00
[2022-12-09T18:57:43.326+0000] {processor.py:176} INFO - Processing /home/airflow/.local/lib/python3.7/site-packages/airflow/example_dags/example_latest_only_with_trigger.py took 0.066 seconds
[2022-12-09T18:58:13.868+0000] {processor.py:154} INFO - Started process (PID=1974) to work on /home/airflow/.local/lib/python3.7/site-packages/airflow/example_dags/example_latest_only_with_trigger.py
[2022-12-09T18:58:13.871+0000] {processor.py:756} INFO - Processing file /home/airflow/.local/lib/python3.7/site-packages/airflow/example_dags/example_latest_only_with_trigger.py for tasks to queue
[2022-12-09T18:58:13.875+0000] {logging_mixin.py:137} INFO - [2022-12-09T18:58:13.875+0000] {dagbag.py:537} INFO - Filling up the DagBag from /home/airflow/.local/lib/python3.7/site-packages/airflow/example_dags/example_latest_only_with_trigger.py
[2022-12-09T18:58:13.888+0000] {processor.py:766} INFO - DAG(s) dict_keys(['latest_only_with_trigger']) retrieved from /home/airflow/.local/lib/python3.7/site-packages/airflow/example_dags/example_latest_only_with_trigger.py
[2022-12-09T18:58:13.921+0000] {logging_mixin.py:137} INFO - [2022-12-09T18:58:13.921+0000] {dag.py:2585} INFO - Sync 1 DAGs
[2022-12-09T18:58:13.938+0000] {logging_mixin.py:137} INFO - [2022-12-09T18:58:13.938+0000] {dag.py:3340} INFO - Setting next_dagrun for latest_only_with_trigger to 2022-12-09T14:58:13.938157+00:00, run_after=2022-12-09T18:58:13.938157+00:00
[2022-12-09T18:58:13.958+0000] {processor.py:176} INFO - Processing /home/airflow/.local/lib/python3.7/site-packages/airflow/example_dags/example_latest_only_with_trigger.py took 0.092 seconds
[2022-12-09T18:58:44.791+0000] {processor.py:154} INFO - Started process (PID=2040) to work on /home/airflow/.local/lib/python3.7/site-packages/airflow/example_dags/example_latest_only_with_trigger.py
[2022-12-09T18:58:44.793+0000] {processor.py:756} INFO - Processing file /home/airflow/.local/lib/python3.7/site-packages/airflow/example_dags/example_latest_only_with_trigger.py for tasks to queue
[2022-12-09T18:58:44.795+0000] {logging_mixin.py:137} INFO - [2022-12-09T18:58:44.795+0000] {dagbag.py:537} INFO - Filling up the DagBag from /home/airflow/.local/lib/python3.7/site-packages/airflow/example_dags/example_latest_only_with_trigger.py
[2022-12-09T18:58:44.810+0000] {processor.py:766} INFO - DAG(s) dict_keys(['latest_only_with_trigger']) retrieved from /home/airflow/.local/lib/python3.7/site-packages/airflow/example_dags/example_latest_only_with_trigger.py
[2022-12-09T18:58:44.854+0000] {logging_mixin.py:137} INFO - [2022-12-09T18:58:44.853+0000] {dag.py:2585} INFO - Sync 1 DAGs
[2022-12-09T18:58:44.880+0000] {logging_mixin.py:137} INFO - [2022-12-09T18:58:44.880+0000] {dag.py:3340} INFO - Setting next_dagrun for latest_only_with_trigger to 2022-12-09T14:58:44.880387+00:00, run_after=2022-12-09T18:58:44.880387+00:00
[2022-12-09T18:58:44.901+0000] {processor.py:176} INFO - Processing /home/airflow/.local/lib/python3.7/site-packages/airflow/example_dags/example_latest_only_with_trigger.py took 0.114 seconds
[2022-12-09T18:59:14.971+0000] {processor.py:154} INFO - Started process (PID=2095) to work on /home/airflow/.local/lib/python3.7/site-packages/airflow/example_dags/example_latest_only_with_trigger.py
[2022-12-09T18:59:14.974+0000] {processor.py:756} INFO - Processing file /home/airflow/.local/lib/python3.7/site-packages/airflow/example_dags/example_latest_only_with_trigger.py for tasks to queue
[2022-12-09T18:59:14.976+0000] {logging_mixin.py:137} INFO - [2022-12-09T18:59:14.976+0000] {dagbag.py:537} INFO - Filling up the DagBag from /home/airflow/.local/lib/python3.7/site-packages/airflow/example_dags/example_latest_only_with_trigger.py
[2022-12-09T18:59:14.988+0000] {processor.py:766} INFO - DAG(s) dict_keys(['latest_only_with_trigger']) retrieved from /home/airflow/.local/lib/python3.7/site-packages/airflow/example_dags/example_latest_only_with_trigger.py
[2022-12-09T18:59:15.029+0000] {logging_mixin.py:137} INFO - [2022-12-09T18:59:15.029+0000] {dag.py:2585} INFO - Sync 1 DAGs
[2022-12-09T18:59:15.048+0000] {logging_mixin.py:137} INFO - [2022-12-09T18:59:15.048+0000] {dag.py:3340} INFO - Setting next_dagrun for latest_only_with_trigger to 2022-12-09T14:59:15.048616+00:00, run_after=2022-12-09T18:59:15.048616+00:00
[2022-12-09T18:59:15.061+0000] {processor.py:176} INFO - Processing /home/airflow/.local/lib/python3.7/site-packages/airflow/example_dags/example_latest_only_with_trigger.py took 0.092 seconds
[2022-12-09T18:59:45.922+0000] {processor.py:154} INFO - Started process (PID=2159) to work on /home/airflow/.local/lib/python3.7/site-packages/airflow/example_dags/example_latest_only_with_trigger.py
[2022-12-09T18:59:45.923+0000] {processor.py:756} INFO - Processing file /home/airflow/.local/lib/python3.7/site-packages/airflow/example_dags/example_latest_only_with_trigger.py for tasks to queue
[2022-12-09T18:59:45.925+0000] {logging_mixin.py:137} INFO - [2022-12-09T18:59:45.925+0000] {dagbag.py:537} INFO - Filling up the DagBag from /home/airflow/.local/lib/python3.7/site-packages/airflow/example_dags/example_latest_only_with_trigger.py
[2022-12-09T18:59:45.940+0000] {processor.py:766} INFO - DAG(s) dict_keys(['latest_only_with_trigger']) retrieved from /home/airflow/.local/lib/python3.7/site-packages/airflow/example_dags/example_latest_only_with_trigger.py
[2022-12-09T18:59:45.970+0000] {logging_mixin.py:137} INFO - [2022-12-09T18:59:45.970+0000] {dag.py:2585} INFO - Sync 1 DAGs
[2022-12-09T18:59:45.989+0000] {logging_mixin.py:137} INFO - [2022-12-09T18:59:45.989+0000] {dag.py:3340} INFO - Setting next_dagrun for latest_only_with_trigger to 2022-12-09T14:59:45.989116+00:00, run_after=2022-12-09T18:59:45.989116+00:00
[2022-12-09T18:59:46.005+0000] {processor.py:176} INFO - Processing /home/airflow/.local/lib/python3.7/site-packages/airflow/example_dags/example_latest_only_with_trigger.py took 0.087 seconds
[2022-12-09T19:00:16.781+0000] {processor.py:154} INFO - Started process (PID=2223) to work on /home/airflow/.local/lib/python3.7/site-packages/airflow/example_dags/example_latest_only_with_trigger.py
[2022-12-09T19:00:16.783+0000] {processor.py:756} INFO - Processing file /home/airflow/.local/lib/python3.7/site-packages/airflow/example_dags/example_latest_only_with_trigger.py for tasks to queue
[2022-12-09T19:00:16.784+0000] {logging_mixin.py:137} INFO - [2022-12-09T19:00:16.784+0000] {dagbag.py:537} INFO - Filling up the DagBag from /home/airflow/.local/lib/python3.7/site-packages/airflow/example_dags/example_latest_only_with_trigger.py
[2022-12-09T19:00:16.793+0000] {processor.py:766} INFO - DAG(s) dict_keys(['latest_only_with_trigger']) retrieved from /home/airflow/.local/lib/python3.7/site-packages/airflow/example_dags/example_latest_only_with_trigger.py
[2022-12-09T19:00:16.819+0000] {logging_mixin.py:137} INFO - [2022-12-09T19:00:16.819+0000] {dag.py:2585} INFO - Sync 1 DAGs
[2022-12-09T19:00:16.834+0000] {logging_mixin.py:137} INFO - [2022-12-09T19:00:16.834+0000] {dag.py:3340} INFO - Setting next_dagrun for latest_only_with_trigger to 2022-12-09T15:00:16.834090+00:00, run_after=2022-12-09T19:00:16.834090+00:00
[2022-12-09T19:00:16.848+0000] {processor.py:176} INFO - Processing /home/airflow/.local/lib/python3.7/site-packages/airflow/example_dags/example_latest_only_with_trigger.py took 0.069 seconds
[2022-12-09T19:00:47.587+0000] {processor.py:154} INFO - Started process (PID=2286) to work on /home/airflow/.local/lib/python3.7/site-packages/airflow/example_dags/example_latest_only_with_trigger.py
[2022-12-09T19:00:47.588+0000] {processor.py:756} INFO - Processing file /home/airflow/.local/lib/python3.7/site-packages/airflow/example_dags/example_latest_only_with_trigger.py for tasks to queue
[2022-12-09T19:00:47.589+0000] {logging_mixin.py:137} INFO - [2022-12-09T19:00:47.589+0000] {dagbag.py:537} INFO - Filling up the DagBag from /home/airflow/.local/lib/python3.7/site-packages/airflow/example_dags/example_latest_only_with_trigger.py
[2022-12-09T19:00:47.599+0000] {processor.py:766} INFO - DAG(s) dict_keys(['latest_only_with_trigger']) retrieved from /home/airflow/.local/lib/python3.7/site-packages/airflow/example_dags/example_latest_only_with_trigger.py
[2022-12-09T19:00:47.625+0000] {logging_mixin.py:137} INFO - [2022-12-09T19:00:47.625+0000] {dag.py:2585} INFO - Sync 1 DAGs
[2022-12-09T19:00:47.641+0000] {logging_mixin.py:137} INFO - [2022-12-09T19:00:47.640+0000] {dag.py:3340} INFO - Setting next_dagrun for latest_only_with_trigger to 2022-12-09T15:00:47.640845+00:00, run_after=2022-12-09T19:00:47.640845+00:00
[2022-12-09T19:00:47.656+0000] {processor.py:176} INFO - Processing /home/airflow/.local/lib/python3.7/site-packages/airflow/example_dags/example_latest_only_with_trigger.py took 0.072 seconds
[2022-12-09T19:01:17.900+0000] {processor.py:154} INFO - Started process (PID=2351) to work on /home/airflow/.local/lib/python3.7/site-packages/airflow/example_dags/example_latest_only_with_trigger.py
[2022-12-09T19:01:17.902+0000] {processor.py:756} INFO - Processing file /home/airflow/.local/lib/python3.7/site-packages/airflow/example_dags/example_latest_only_with_trigger.py for tasks to queue
[2022-12-09T19:01:17.903+0000] {logging_mixin.py:137} INFO - [2022-12-09T19:01:17.903+0000] {dagbag.py:537} INFO - Filling up the DagBag from /home/airflow/.local/lib/python3.7/site-packages/airflow/example_dags/example_latest_only_with_trigger.py
[2022-12-09T19:01:17.914+0000] {processor.py:766} INFO - DAG(s) dict_keys(['latest_only_with_trigger']) retrieved from /home/airflow/.local/lib/python3.7/site-packages/airflow/example_dags/example_latest_only_with_trigger.py
[2022-12-09T19:01:17.940+0000] {logging_mixin.py:137} INFO - [2022-12-09T19:01:17.940+0000] {dag.py:2585} INFO - Sync 1 DAGs
[2022-12-09T19:01:17.959+0000] {logging_mixin.py:137} INFO - [2022-12-09T19:01:17.959+0000] {dag.py:3340} INFO - Setting next_dagrun for latest_only_with_trigger to 2022-12-09T15:01:17.958950+00:00, run_after=2022-12-09T19:01:17.958950+00:00
[2022-12-09T19:01:17.975+0000] {processor.py:176} INFO - Processing /home/airflow/.local/lib/python3.7/site-packages/airflow/example_dags/example_latest_only_with_trigger.py took 0.077 seconds
[2022-12-09T19:01:48.205+0000] {processor.py:154} INFO - Started process (PID=2406) to work on /home/airflow/.local/lib/python3.7/site-packages/airflow/example_dags/example_latest_only_with_trigger.py
[2022-12-09T19:01:48.207+0000] {processor.py:756} INFO - Processing file /home/airflow/.local/lib/python3.7/site-packages/airflow/example_dags/example_latest_only_with_trigger.py for tasks to queue
[2022-12-09T19:01:48.208+0000] {logging_mixin.py:137} INFO - [2022-12-09T19:01:48.208+0000] {dagbag.py:537} INFO - Filling up the DagBag from /home/airflow/.local/lib/python3.7/site-packages/airflow/example_dags/example_latest_only_with_trigger.py
[2022-12-09T19:01:48.217+0000] {processor.py:766} INFO - DAG(s) dict_keys(['latest_only_with_trigger']) retrieved from /home/airflow/.local/lib/python3.7/site-packages/airflow/example_dags/example_latest_only_with_trigger.py
[2022-12-09T19:01:48.242+0000] {logging_mixin.py:137} INFO - [2022-12-09T19:01:48.242+0000] {dag.py:2585} INFO - Sync 1 DAGs
[2022-12-09T19:01:48.257+0000] {logging_mixin.py:137} INFO - [2022-12-09T19:01:48.257+0000] {dag.py:3340} INFO - Setting next_dagrun for latest_only_with_trigger to 2022-12-09T15:01:48.257671+00:00, run_after=2022-12-09T19:01:48.257671+00:00
[2022-12-09T19:01:48.271+0000] {processor.py:176} INFO - Processing /home/airflow/.local/lib/python3.7/site-packages/airflow/example_dags/example_latest_only_with_trigger.py took 0.069 seconds
[2022-12-09T19:02:19.112+0000] {processor.py:154} INFO - Started process (PID=2470) to work on /home/airflow/.local/lib/python3.7/site-packages/airflow/example_dags/example_latest_only_with_trigger.py
[2022-12-09T19:02:19.114+0000] {processor.py:756} INFO - Processing file /home/airflow/.local/lib/python3.7/site-packages/airflow/example_dags/example_latest_only_with_trigger.py for tasks to queue
[2022-12-09T19:02:19.115+0000] {logging_mixin.py:137} INFO - [2022-12-09T19:02:19.115+0000] {dagbag.py:537} INFO - Filling up the DagBag from /home/airflow/.local/lib/python3.7/site-packages/airflow/example_dags/example_latest_only_with_trigger.py
[2022-12-09T19:02:19.128+0000] {processor.py:766} INFO - DAG(s) dict_keys(['latest_only_with_trigger']) retrieved from /home/airflow/.local/lib/python3.7/site-packages/airflow/example_dags/example_latest_only_with_trigger.py
[2022-12-09T19:02:19.181+0000] {logging_mixin.py:137} INFO - [2022-12-09T19:02:19.181+0000] {dag.py:2585} INFO - Sync 1 DAGs
[2022-12-09T19:02:19.213+0000] {logging_mixin.py:137} INFO - [2022-12-09T19:02:19.213+0000] {dag.py:3340} INFO - Setting next_dagrun for latest_only_with_trigger to 2022-12-09T15:02:19.212996+00:00, run_after=2022-12-09T19:02:19.212996+00:00
[2022-12-09T19:02:19.241+0000] {processor.py:176} INFO - Processing /home/airflow/.local/lib/python3.7/site-packages/airflow/example_dags/example_latest_only_with_trigger.py took 0.133 seconds
[2022-12-09T19:02:49.904+0000] {processor.py:154} INFO - Started process (PID=2534) to work on /home/airflow/.local/lib/python3.7/site-packages/airflow/example_dags/example_latest_only_with_trigger.py
[2022-12-09T19:02:49.908+0000] {processor.py:756} INFO - Processing file /home/airflow/.local/lib/python3.7/site-packages/airflow/example_dags/example_latest_only_with_trigger.py for tasks to queue
[2022-12-09T19:02:49.910+0000] {logging_mixin.py:137} INFO - [2022-12-09T19:02:49.910+0000] {dagbag.py:537} INFO - Filling up the DagBag from /home/airflow/.local/lib/python3.7/site-packages/airflow/example_dags/example_latest_only_with_trigger.py
[2022-12-09T19:02:49.920+0000] {processor.py:766} INFO - DAG(s) dict_keys(['latest_only_with_trigger']) retrieved from /home/airflow/.local/lib/python3.7/site-packages/airflow/example_dags/example_latest_only_with_trigger.py
[2022-12-09T19:02:49.950+0000] {logging_mixin.py:137} INFO - [2022-12-09T19:02:49.950+0000] {dag.py:2585} INFO - Sync 1 DAGs
[2022-12-09T19:02:49.972+0000] {logging_mixin.py:137} INFO - [2022-12-09T19:02:49.972+0000] {dag.py:3340} INFO - Setting next_dagrun for latest_only_with_trigger to 2022-12-09T15:02:49.972292+00:00, run_after=2022-12-09T19:02:49.972292+00:00
[2022-12-09T19:02:49.987+0000] {processor.py:176} INFO - Processing /home/airflow/.local/lib/python3.7/site-packages/airflow/example_dags/example_latest_only_with_trigger.py took 0.087 seconds
[2022-12-09T19:03:23.168+0000] {processor.py:154} INFO - Started process (PID=2589) to work on /home/airflow/.local/lib/python3.7/site-packages/airflow/example_dags/example_latest_only_with_trigger.py
[2022-12-09T19:03:23.172+0000] {processor.py:756} INFO - Processing file /home/airflow/.local/lib/python3.7/site-packages/airflow/example_dags/example_latest_only_with_trigger.py for tasks to queue
[2022-12-09T19:03:23.175+0000] {logging_mixin.py:137} INFO - [2022-12-09T19:03:23.175+0000] {dagbag.py:537} INFO - Filling up the DagBag from /home/airflow/.local/lib/python3.7/site-packages/airflow/example_dags/example_latest_only_with_trigger.py
[2022-12-09T19:03:23.189+0000] {processor.py:766} INFO - DAG(s) dict_keys(['latest_only_with_trigger']) retrieved from /home/airflow/.local/lib/python3.7/site-packages/airflow/example_dags/example_latest_only_with_trigger.py
[2022-12-09T19:03:23.219+0000] {logging_mixin.py:137} INFO - [2022-12-09T19:03:23.219+0000] {dag.py:2585} INFO - Sync 1 DAGs
[2022-12-09T19:03:23.237+0000] {logging_mixin.py:137} INFO - [2022-12-09T19:03:23.237+0000] {dag.py:3340} INFO - Setting next_dagrun for latest_only_with_trigger to 2022-12-09T15:03:23.237288+00:00, run_after=2022-12-09T19:03:23.237288+00:00
[2022-12-09T19:03:23.260+0000] {processor.py:176} INFO - Processing /home/airflow/.local/lib/python3.7/site-packages/airflow/example_dags/example_latest_only_with_trigger.py took 0.095 seconds
[2022-12-09T19:03:53.428+0000] {processor.py:154} INFO - Started process (PID=2643) to work on /home/airflow/.local/lib/python3.7/site-packages/airflow/example_dags/example_latest_only_with_trigger.py
[2022-12-09T19:03:53.430+0000] {processor.py:756} INFO - Processing file /home/airflow/.local/lib/python3.7/site-packages/airflow/example_dags/example_latest_only_with_trigger.py for tasks to queue
[2022-12-09T19:03:53.431+0000] {logging_mixin.py:137} INFO - [2022-12-09T19:03:53.431+0000] {dagbag.py:537} INFO - Filling up the DagBag from /home/airflow/.local/lib/python3.7/site-packages/airflow/example_dags/example_latest_only_with_trigger.py
[2022-12-09T19:03:53.442+0000] {processor.py:766} INFO - DAG(s) dict_keys(['latest_only_with_trigger']) retrieved from /home/airflow/.local/lib/python3.7/site-packages/airflow/example_dags/example_latest_only_with_trigger.py
[2022-12-09T19:03:53.470+0000] {logging_mixin.py:137} INFO - [2022-12-09T19:03:53.470+0000] {dag.py:2585} INFO - Sync 1 DAGs
[2022-12-09T19:03:53.491+0000] {logging_mixin.py:137} INFO - [2022-12-09T19:03:53.491+0000] {dag.py:3340} INFO - Setting next_dagrun for latest_only_with_trigger to 2022-12-09T15:03:53.491439+00:00, run_after=2022-12-09T19:03:53.491439+00:00
[2022-12-09T19:03:53.505+0000] {processor.py:176} INFO - Processing /home/airflow/.local/lib/python3.7/site-packages/airflow/example_dags/example_latest_only_with_trigger.py took 0.079 seconds
[2022-12-09T19:04:24.635+0000] {processor.py:154} INFO - Started process (PID=2707) to work on /home/airflow/.local/lib/python3.7/site-packages/airflow/example_dags/example_latest_only_with_trigger.py
[2022-12-09T19:04:24.636+0000] {processor.py:756} INFO - Processing file /home/airflow/.local/lib/python3.7/site-packages/airflow/example_dags/example_latest_only_with_trigger.py for tasks to queue
[2022-12-09T19:04:24.638+0000] {logging_mixin.py:137} INFO - [2022-12-09T19:04:24.638+0000] {dagbag.py:537} INFO - Filling up the DagBag from /home/airflow/.local/lib/python3.7/site-packages/airflow/example_dags/example_latest_only_with_trigger.py
[2022-12-09T19:04:24.651+0000] {processor.py:766} INFO - DAG(s) dict_keys(['latest_only_with_trigger']) retrieved from /home/airflow/.local/lib/python3.7/site-packages/airflow/example_dags/example_latest_only_with_trigger.py
[2022-12-09T19:04:24.695+0000] {logging_mixin.py:137} INFO - [2022-12-09T19:04:24.695+0000] {dag.py:2585} INFO - Sync 1 DAGs
[2022-12-09T19:04:24.718+0000] {logging_mixin.py:137} INFO - [2022-12-09T19:04:24.717+0000] {dag.py:3340} INFO - Setting next_dagrun for latest_only_with_trigger to 2022-12-09T15:04:24.717527+00:00, run_after=2022-12-09T19:04:24.717527+00:00
[2022-12-09T19:04:24.737+0000] {processor.py:176} INFO - Processing /home/airflow/.local/lib/python3.7/site-packages/airflow/example_dags/example_latest_only_with_trigger.py took 0.105 seconds
[2022-12-09T19:04:54.878+0000] {processor.py:154} INFO - Started process (PID=2773) to work on /home/airflow/.local/lib/python3.7/site-packages/airflow/example_dags/example_latest_only_with_trigger.py
[2022-12-09T19:04:54.880+0000] {processor.py:756} INFO - Processing file /home/airflow/.local/lib/python3.7/site-packages/airflow/example_dags/example_latest_only_with_trigger.py for tasks to queue
[2022-12-09T19:04:54.881+0000] {logging_mixin.py:137} INFO - [2022-12-09T19:04:54.881+0000] {dagbag.py:537} INFO - Filling up the DagBag from /home/airflow/.local/lib/python3.7/site-packages/airflow/example_dags/example_latest_only_with_trigger.py
[2022-12-09T19:04:54.893+0000] {processor.py:766} INFO - DAG(s) dict_keys(['latest_only_with_trigger']) retrieved from /home/airflow/.local/lib/python3.7/site-packages/airflow/example_dags/example_latest_only_with_trigger.py
[2022-12-09T19:04:54.920+0000] {logging_mixin.py:137} INFO - [2022-12-09T19:04:54.920+0000] {dag.py:2585} INFO - Sync 1 DAGs
[2022-12-09T19:04:54.936+0000] {logging_mixin.py:137} INFO - [2022-12-09T19:04:54.936+0000] {dag.py:3340} INFO - Setting next_dagrun for latest_only_with_trigger to 2022-12-09T15:04:54.935916+00:00, run_after=2022-12-09T19:04:54.935916+00:00
[2022-12-09T19:04:54.947+0000] {processor.py:176} INFO - Processing /home/airflow/.local/lib/python3.7/site-packages/airflow/example_dags/example_latest_only_with_trigger.py took 0.071 seconds
[2022-12-09T19:05:25.082+0000] {processor.py:154} INFO - Started process (PID=2837) to work on /home/airflow/.local/lib/python3.7/site-packages/airflow/example_dags/example_latest_only_with_trigger.py
[2022-12-09T19:05:25.085+0000] {processor.py:756} INFO - Processing file /home/airflow/.local/lib/python3.7/site-packages/airflow/example_dags/example_latest_only_with_trigger.py for tasks to queue
[2022-12-09T19:05:25.086+0000] {logging_mixin.py:137} INFO - [2022-12-09T19:05:25.086+0000] {dagbag.py:537} INFO - Filling up the DagBag from /home/airflow/.local/lib/python3.7/site-packages/airflow/example_dags/example_latest_only_with_trigger.py
[2022-12-09T19:05:25.097+0000] {processor.py:766} INFO - DAG(s) dict_keys(['latest_only_with_trigger']) retrieved from /home/airflow/.local/lib/python3.7/site-packages/airflow/example_dags/example_latest_only_with_trigger.py
[2022-12-09T19:05:25.125+0000] {logging_mixin.py:137} INFO - [2022-12-09T19:05:25.125+0000] {dag.py:2585} INFO - Sync 1 DAGs
[2022-12-09T19:05:25.140+0000] {logging_mixin.py:137} INFO - [2022-12-09T19:05:25.140+0000] {dag.py:3340} INFO - Setting next_dagrun for latest_only_with_trigger to 2022-12-09T15:05:25.140288+00:00, run_after=2022-12-09T19:05:25.140288+00:00
[2022-12-09T19:05:25.155+0000] {processor.py:176} INFO - Processing /home/airflow/.local/lib/python3.7/site-packages/airflow/example_dags/example_latest_only_with_trigger.py took 0.075 seconds
[2022-12-09T19:05:55.707+0000] {processor.py:154} INFO - Started process (PID=2892) to work on /home/airflow/.local/lib/python3.7/site-packages/airflow/example_dags/example_latest_only_with_trigger.py
[2022-12-09T19:05:55.709+0000] {processor.py:756} INFO - Processing file /home/airflow/.local/lib/python3.7/site-packages/airflow/example_dags/example_latest_only_with_trigger.py for tasks to queue
[2022-12-09T19:05:55.709+0000] {logging_mixin.py:137} INFO - [2022-12-09T19:05:55.709+0000] {dagbag.py:537} INFO - Filling up the DagBag from /home/airflow/.local/lib/python3.7/site-packages/airflow/example_dags/example_latest_only_with_trigger.py
[2022-12-09T19:05:55.722+0000] {processor.py:766} INFO - DAG(s) dict_keys(['latest_only_with_trigger']) retrieved from /home/airflow/.local/lib/python3.7/site-packages/airflow/example_dags/example_latest_only_with_trigger.py
[2022-12-09T19:05:55.746+0000] {logging_mixin.py:137} INFO - [2022-12-09T19:05:55.746+0000] {dag.py:2585} INFO - Sync 1 DAGs
[2022-12-09T19:05:55.762+0000] {logging_mixin.py:137} INFO - [2022-12-09T19:05:55.762+0000] {dag.py:3340} INFO - Setting next_dagrun for latest_only_with_trigger to 2022-12-09T15:05:55.762688+00:00, run_after=2022-12-09T19:05:55.762688+00:00
[2022-12-09T19:05:55.774+0000] {processor.py:176} INFO - Processing /home/airflow/.local/lib/python3.7/site-packages/airflow/example_dags/example_latest_only_with_trigger.py took 0.068 seconds
[2022-12-09T19:06:26.789+0000] {processor.py:154} INFO - Started process (PID=2956) to work on /home/airflow/.local/lib/python3.7/site-packages/airflow/example_dags/example_latest_only_with_trigger.py
[2022-12-09T19:06:26.791+0000] {processor.py:756} INFO - Processing file /home/airflow/.local/lib/python3.7/site-packages/airflow/example_dags/example_latest_only_with_trigger.py for tasks to queue
[2022-12-09T19:06:26.793+0000] {logging_mixin.py:137} INFO - [2022-12-09T19:06:26.793+0000] {dagbag.py:537} INFO - Filling up the DagBag from /home/airflow/.local/lib/python3.7/site-packages/airflow/example_dags/example_latest_only_with_trigger.py
[2022-12-09T19:06:26.806+0000] {processor.py:766} INFO - DAG(s) dict_keys(['latest_only_with_trigger']) retrieved from /home/airflow/.local/lib/python3.7/site-packages/airflow/example_dags/example_latest_only_with_trigger.py
[2022-12-09T19:06:26.836+0000] {logging_mixin.py:137} INFO - [2022-12-09T19:06:26.836+0000] {dag.py:2585} INFO - Sync 1 DAGs
[2022-12-09T19:06:26.854+0000] {logging_mixin.py:137} INFO - [2022-12-09T19:06:26.854+0000] {dag.py:3340} INFO - Setting next_dagrun for latest_only_with_trigger to 2022-12-09T15:06:26.854615+00:00, run_after=2022-12-09T19:06:26.854615+00:00
[2022-12-09T19:06:26.867+0000] {processor.py:176} INFO - Processing /home/airflow/.local/lib/python3.7/site-packages/airflow/example_dags/example_latest_only_with_trigger.py took 0.081 seconds
[2022-12-09T19:06:57.474+0000] {processor.py:154} INFO - Started process (PID=3020) to work on /home/airflow/.local/lib/python3.7/site-packages/airflow/example_dags/example_latest_only_with_trigger.py
[2022-12-09T19:06:57.475+0000] {processor.py:756} INFO - Processing file /home/airflow/.local/lib/python3.7/site-packages/airflow/example_dags/example_latest_only_with_trigger.py for tasks to queue
[2022-12-09T19:06:57.478+0000] {logging_mixin.py:137} INFO - [2022-12-09T19:06:57.478+0000] {dagbag.py:537} INFO - Filling up the DagBag from /home/airflow/.local/lib/python3.7/site-packages/airflow/example_dags/example_latest_only_with_trigger.py
[2022-12-09T19:06:57.489+0000] {processor.py:766} INFO - DAG(s) dict_keys(['latest_only_with_trigger']) retrieved from /home/airflow/.local/lib/python3.7/site-packages/airflow/example_dags/example_latest_only_with_trigger.py
[2022-12-09T19:06:57.517+0000] {logging_mixin.py:137} INFO - [2022-12-09T19:06:57.517+0000] {dag.py:2585} INFO - Sync 1 DAGs
[2022-12-09T19:06:57.534+0000] {logging_mixin.py:137} INFO - [2022-12-09T19:06:57.534+0000] {dag.py:3340} INFO - Setting next_dagrun for latest_only_with_trigger to 2022-12-09T15:06:57.534478+00:00, run_after=2022-12-09T19:06:57.534478+00:00
[2022-12-09T19:06:57.549+0000] {processor.py:176} INFO - Processing /home/airflow/.local/lib/python3.7/site-packages/airflow/example_dags/example_latest_only_with_trigger.py took 0.078 seconds
[2022-12-09T19:07:28.684+0000] {processor.py:154} INFO - Started process (PID=3084) to work on /home/airflow/.local/lib/python3.7/site-packages/airflow/example_dags/example_latest_only_with_trigger.py
[2022-12-09T19:07:28.688+0000] {processor.py:756} INFO - Processing file /home/airflow/.local/lib/python3.7/site-packages/airflow/example_dags/example_latest_only_with_trigger.py for tasks to queue
[2022-12-09T19:07:28.689+0000] {logging_mixin.py:137} INFO - [2022-12-09T19:07:28.689+0000] {dagbag.py:537} INFO - Filling up the DagBag from /home/airflow/.local/lib/python3.7/site-packages/airflow/example_dags/example_latest_only_with_trigger.py
[2022-12-09T19:07:28.703+0000] {processor.py:766} INFO - DAG(s) dict_keys(['latest_only_with_trigger']) retrieved from /home/airflow/.local/lib/python3.7/site-packages/airflow/example_dags/example_latest_only_with_trigger.py
[2022-12-09T19:07:28.728+0000] {logging_mixin.py:137} INFO - [2022-12-09T19:07:28.728+0000] {dag.py:2585} INFO - Sync 1 DAGs
[2022-12-09T19:07:28.744+0000] {logging_mixin.py:137} INFO - [2022-12-09T19:07:28.744+0000] {dag.py:3340} INFO - Setting next_dagrun for latest_only_with_trigger to 2022-12-09T15:07:28.744270+00:00, run_after=2022-12-09T19:07:28.744270+00:00
[2022-12-09T19:07:28.761+0000] {processor.py:176} INFO - Processing /home/airflow/.local/lib/python3.7/site-packages/airflow/example_dags/example_latest_only_with_trigger.py took 0.079 seconds
[2022-12-09T19:07:59.901+0000] {processor.py:154} INFO - Started process (PID=3149) to work on /home/airflow/.local/lib/python3.7/site-packages/airflow/example_dags/example_latest_only_with_trigger.py
[2022-12-09T19:07:59.913+0000] {processor.py:756} INFO - Processing file /home/airflow/.local/lib/python3.7/site-packages/airflow/example_dags/example_latest_only_with_trigger.py for tasks to queue
[2022-12-09T19:07:59.921+0000] {logging_mixin.py:137} INFO - [2022-12-09T19:07:59.920+0000] {dagbag.py:537} INFO - Filling up the DagBag from /home/airflow/.local/lib/python3.7/site-packages/airflow/example_dags/example_latest_only_with_trigger.py
[2022-12-09T19:07:59.993+0000] {processor.py:766} INFO - DAG(s) dict_keys(['latest_only_with_trigger']) retrieved from /home/airflow/.local/lib/python3.7/site-packages/airflow/example_dags/example_latest_only_with_trigger.py
[2022-12-09T19:08:00.204+0000] {logging_mixin.py:137} INFO - [2022-12-09T19:08:00.204+0000] {dag.py:2585} INFO - Sync 1 DAGs
[2022-12-09T19:08:00.274+0000] {logging_mixin.py:137} INFO - [2022-12-09T19:08:00.273+0000] {dag.py:3340} INFO - Setting next_dagrun for latest_only_with_trigger to 2022-12-09T15:08:00.273226+00:00, run_after=2022-12-09T19:08:00.273226+00:00
[2022-12-09T19:08:00.331+0000] {processor.py:176} INFO - Processing /home/airflow/.local/lib/python3.7/site-packages/airflow/example_dags/example_latest_only_with_trigger.py took 0.488 seconds
[2022-12-09T19:08:30.885+0000] {processor.py:154} INFO - Started process (PID=3211) to work on /home/airflow/.local/lib/python3.7/site-packages/airflow/example_dags/example_latest_only_with_trigger.py
[2022-12-09T19:08:30.887+0000] {processor.py:756} INFO - Processing file /home/airflow/.local/lib/python3.7/site-packages/airflow/example_dags/example_latest_only_with_trigger.py for tasks to queue
[2022-12-09T19:08:30.888+0000] {logging_mixin.py:137} INFO - [2022-12-09T19:08:30.888+0000] {dagbag.py:537} INFO - Filling up the DagBag from /home/airflow/.local/lib/python3.7/site-packages/airflow/example_dags/example_latest_only_with_trigger.py
[2022-12-09T19:08:30.898+0000] {processor.py:766} INFO - DAG(s) dict_keys(['latest_only_with_trigger']) retrieved from /home/airflow/.local/lib/python3.7/site-packages/airflow/example_dags/example_latest_only_with_trigger.py
[2022-12-09T19:08:30.927+0000] {logging_mixin.py:137} INFO - [2022-12-09T19:08:30.927+0000] {dag.py:2585} INFO - Sync 1 DAGs
[2022-12-09T19:08:30.944+0000] {logging_mixin.py:137} INFO - [2022-12-09T19:08:30.944+0000] {dag.py:3340} INFO - Setting next_dagrun for latest_only_with_trigger to 2022-12-09T15:08:30.944210+00:00, run_after=2022-12-09T19:08:30.944210+00:00
[2022-12-09T19:08:30.958+0000] {processor.py:176} INFO - Processing /home/airflow/.local/lib/python3.7/site-packages/airflow/example_dags/example_latest_only_with_trigger.py took 0.075 seconds
[2022-12-09T19:09:01.873+0000] {processor.py:154} INFO - Started process (PID=3268) to work on /home/airflow/.local/lib/python3.7/site-packages/airflow/example_dags/example_latest_only_with_trigger.py
[2022-12-09T19:09:01.875+0000] {processor.py:756} INFO - Processing file /home/airflow/.local/lib/python3.7/site-packages/airflow/example_dags/example_latest_only_with_trigger.py for tasks to queue
[2022-12-09T19:09:01.876+0000] {logging_mixin.py:137} INFO - [2022-12-09T19:09:01.876+0000] {dagbag.py:537} INFO - Filling up the DagBag from /home/airflow/.local/lib/python3.7/site-packages/airflow/example_dags/example_latest_only_with_trigger.py
[2022-12-09T19:09:01.888+0000] {processor.py:766} INFO - DAG(s) dict_keys(['latest_only_with_trigger']) retrieved from /home/airflow/.local/lib/python3.7/site-packages/airflow/example_dags/example_latest_only_with_trigger.py
[2022-12-09T19:09:01.920+0000] {logging_mixin.py:137} INFO - [2022-12-09T19:09:01.920+0000] {dag.py:2585} INFO - Sync 1 DAGs
[2022-12-09T19:09:01.936+0000] {logging_mixin.py:137} INFO - [2022-12-09T19:09:01.936+0000] {dag.py:3340} INFO - Setting next_dagrun for latest_only_with_trigger to 2022-12-09T15:09:01.936408+00:00, run_after=2022-12-09T19:09:01.936408+00:00
[2022-12-09T19:09:01.948+0000] {processor.py:176} INFO - Processing /home/airflow/.local/lib/python3.7/site-packages/airflow/example_dags/example_latest_only_with_trigger.py took 0.077 seconds
[2022-12-09T19:09:32.550+0000] {processor.py:154} INFO - Started process (PID=3332) to work on /home/airflow/.local/lib/python3.7/site-packages/airflow/example_dags/example_latest_only_with_trigger.py
[2022-12-09T19:09:32.551+0000] {processor.py:756} INFO - Processing file /home/airflow/.local/lib/python3.7/site-packages/airflow/example_dags/example_latest_only_with_trigger.py for tasks to queue
[2022-12-09T19:09:32.552+0000] {logging_mixin.py:137} INFO - [2022-12-09T19:09:32.552+0000] {dagbag.py:537} INFO - Filling up the DagBag from /home/airflow/.local/lib/python3.7/site-packages/airflow/example_dags/example_latest_only_with_trigger.py
[2022-12-09T19:09:32.563+0000] {processor.py:766} INFO - DAG(s) dict_keys(['latest_only_with_trigger']) retrieved from /home/airflow/.local/lib/python3.7/site-packages/airflow/example_dags/example_latest_only_with_trigger.py
[2022-12-09T19:09:32.591+0000] {logging_mixin.py:137} INFO - [2022-12-09T19:09:32.591+0000] {dag.py:2585} INFO - Sync 1 DAGs
[2022-12-09T19:09:32.607+0000] {logging_mixin.py:137} INFO - [2022-12-09T19:09:32.607+0000] {dag.py:3340} INFO - Setting next_dagrun for latest_only_with_trigger to 2022-12-09T15:09:32.607339+00:00, run_after=2022-12-09T19:09:32.607339+00:00
[2022-12-09T19:09:32.621+0000] {processor.py:176} INFO - Processing /home/airflow/.local/lib/python3.7/site-packages/airflow/example_dags/example_latest_only_with_trigger.py took 0.074 seconds
[2022-12-09T19:10:03.148+0000] {processor.py:154} INFO - Started process (PID=3397) to work on /home/airflow/.local/lib/python3.7/site-packages/airflow/example_dags/example_latest_only_with_trigger.py
[2022-12-09T19:10:03.151+0000] {processor.py:756} INFO - Processing file /home/airflow/.local/lib/python3.7/site-packages/airflow/example_dags/example_latest_only_with_trigger.py for tasks to queue
[2022-12-09T19:10:03.153+0000] {logging_mixin.py:137} INFO - [2022-12-09T19:10:03.153+0000] {dagbag.py:537} INFO - Filling up the DagBag from /home/airflow/.local/lib/python3.7/site-packages/airflow/example_dags/example_latest_only_with_trigger.py
[2022-12-09T19:10:03.167+0000] {processor.py:766} INFO - DAG(s) dict_keys(['latest_only_with_trigger']) retrieved from /home/airflow/.local/lib/python3.7/site-packages/airflow/example_dags/example_latest_only_with_trigger.py
[2022-12-09T19:10:03.201+0000] {logging_mixin.py:137} INFO - [2022-12-09T19:10:03.201+0000] {dag.py:2585} INFO - Sync 1 DAGs
[2022-12-09T19:10:03.223+0000] {logging_mixin.py:137} INFO - [2022-12-09T19:10:03.223+0000] {dag.py:3340} INFO - Setting next_dagrun for latest_only_with_trigger to 2022-12-09T15:10:03.223209+00:00, run_after=2022-12-09T19:10:03.223209+00:00
[2022-12-09T19:10:03.238+0000] {processor.py:176} INFO - Processing /home/airflow/.local/lib/python3.7/site-packages/airflow/example_dags/example_latest_only_with_trigger.py took 0.097 seconds
[2022-12-09T19:10:33.840+0000] {processor.py:154} INFO - Started process (PID=3460) to work on /home/airflow/.local/lib/python3.7/site-packages/airflow/example_dags/example_latest_only_with_trigger.py
[2022-12-09T19:10:33.842+0000] {processor.py:756} INFO - Processing file /home/airflow/.local/lib/python3.7/site-packages/airflow/example_dags/example_latest_only_with_trigger.py for tasks to queue
[2022-12-09T19:10:33.843+0000] {logging_mixin.py:137} INFO - [2022-12-09T19:10:33.843+0000] {dagbag.py:537} INFO - Filling up the DagBag from /home/airflow/.local/lib/python3.7/site-packages/airflow/example_dags/example_latest_only_with_trigger.py
[2022-12-09T19:10:33.862+0000] {processor.py:766} INFO - DAG(s) dict_keys(['latest_only_with_trigger']) retrieved from /home/airflow/.local/lib/python3.7/site-packages/airflow/example_dags/example_latest_only_with_trigger.py
[2022-12-09T19:10:33.903+0000] {logging_mixin.py:137} INFO - [2022-12-09T19:10:33.903+0000] {dag.py:2585} INFO - Sync 1 DAGs
[2022-12-09T19:10:33.919+0000] {logging_mixin.py:137} INFO - [2022-12-09T19:10:33.919+0000] {dag.py:3340} INFO - Setting next_dagrun for latest_only_with_trigger to 2022-12-09T15:10:33.918844+00:00, run_after=2022-12-09T19:10:33.918844+00:00
[2022-12-09T19:10:33.931+0000] {processor.py:176} INFO - Processing /home/airflow/.local/lib/python3.7/site-packages/airflow/example_dags/example_latest_only_with_trigger.py took 0.097 seconds
[2022-12-09T19:11:04.296+0000] {processor.py:154} INFO - Started process (PID=3524) to work on /home/airflow/.local/lib/python3.7/site-packages/airflow/example_dags/example_latest_only_with_trigger.py
[2022-12-09T19:11:04.298+0000] {processor.py:756} INFO - Processing file /home/airflow/.local/lib/python3.7/site-packages/airflow/example_dags/example_latest_only_with_trigger.py for tasks to queue
[2022-12-09T19:11:04.299+0000] {logging_mixin.py:137} INFO - [2022-12-09T19:11:04.299+0000] {dagbag.py:537} INFO - Filling up the DagBag from /home/airflow/.local/lib/python3.7/site-packages/airflow/example_dags/example_latest_only_with_trigger.py
[2022-12-09T19:11:04.318+0000] {processor.py:766} INFO - DAG(s) dict_keys(['latest_only_with_trigger']) retrieved from /home/airflow/.local/lib/python3.7/site-packages/airflow/example_dags/example_latest_only_with_trigger.py
[2022-12-09T19:11:04.359+0000] {logging_mixin.py:137} INFO - [2022-12-09T19:11:04.359+0000] {dag.py:2585} INFO - Sync 1 DAGs
[2022-12-09T19:11:04.382+0000] {logging_mixin.py:137} INFO - [2022-12-09T19:11:04.382+0000] {dag.py:3340} INFO - Setting next_dagrun for latest_only_with_trigger to 2022-12-09T15:11:04.382295+00:00, run_after=2022-12-09T19:11:04.382295+00:00
[2022-12-09T19:11:04.395+0000] {processor.py:176} INFO - Processing /home/airflow/.local/lib/python3.7/site-packages/airflow/example_dags/example_latest_only_with_trigger.py took 0.102 seconds
[2022-12-09T19:11:34.750+0000] {processor.py:154} INFO - Started process (PID=3579) to work on /home/airflow/.local/lib/python3.7/site-packages/airflow/example_dags/example_latest_only_with_trigger.py
[2022-12-09T19:11:34.755+0000] {processor.py:756} INFO - Processing file /home/airflow/.local/lib/python3.7/site-packages/airflow/example_dags/example_latest_only_with_trigger.py for tasks to queue
[2022-12-09T19:11:34.758+0000] {logging_mixin.py:137} INFO - [2022-12-09T19:11:34.758+0000] {dagbag.py:537} INFO - Filling up the DagBag from /home/airflow/.local/lib/python3.7/site-packages/airflow/example_dags/example_latest_only_with_trigger.py
[2022-12-09T19:11:34.793+0000] {processor.py:766} INFO - DAG(s) dict_keys(['latest_only_with_trigger']) retrieved from /home/airflow/.local/lib/python3.7/site-packages/airflow/example_dags/example_latest_only_with_trigger.py
[2022-12-09T19:11:34.920+0000] {logging_mixin.py:137} INFO - [2022-12-09T19:11:34.919+0000] {dag.py:2585} INFO - Sync 1 DAGs
[2022-12-09T19:11:34.950+0000] {logging_mixin.py:137} INFO - [2022-12-09T19:11:34.950+0000] {dag.py:3340} INFO - Setting next_dagrun for latest_only_with_trigger to 2022-12-09T15:11:34.950358+00:00, run_after=2022-12-09T19:11:34.950358+00:00
[2022-12-09T19:11:34.972+0000] {processor.py:176} INFO - Processing /home/airflow/.local/lib/python3.7/site-packages/airflow/example_dags/example_latest_only_with_trigger.py took 0.229 seconds
[2022-12-09T19:12:05.534+0000] {processor.py:154} INFO - Started process (PID=3643) to work on /home/airflow/.local/lib/python3.7/site-packages/airflow/example_dags/example_latest_only_with_trigger.py
[2022-12-09T19:12:05.537+0000] {processor.py:756} INFO - Processing file /home/airflow/.local/lib/python3.7/site-packages/airflow/example_dags/example_latest_only_with_trigger.py for tasks to queue
[2022-12-09T19:12:05.539+0000] {logging_mixin.py:137} INFO - [2022-12-09T19:12:05.539+0000] {dagbag.py:537} INFO - Filling up the DagBag from /home/airflow/.local/lib/python3.7/site-packages/airflow/example_dags/example_latest_only_with_trigger.py
[2022-12-09T19:12:05.562+0000] {processor.py:766} INFO - DAG(s) dict_keys(['latest_only_with_trigger']) retrieved from /home/airflow/.local/lib/python3.7/site-packages/airflow/example_dags/example_latest_only_with_trigger.py
[2022-12-09T19:12:05.624+0000] {logging_mixin.py:137} INFO - [2022-12-09T19:12:05.624+0000] {dag.py:2585} INFO - Sync 1 DAGs
[2022-12-09T19:12:05.655+0000] {logging_mixin.py:137} INFO - [2022-12-09T19:12:05.655+0000] {dag.py:3340} INFO - Setting next_dagrun for latest_only_with_trigger to 2022-12-09T15:12:05.655335+00:00, run_after=2022-12-09T19:12:05.655335+00:00
[2022-12-09T19:12:05.684+0000] {processor.py:176} INFO - Processing /home/airflow/.local/lib/python3.7/site-packages/airflow/example_dags/example_latest_only_with_trigger.py took 0.155 seconds
[2022-12-09T19:12:36.517+0000] {processor.py:154} INFO - Started process (PID=3707) to work on /home/airflow/.local/lib/python3.7/site-packages/airflow/example_dags/example_latest_only_with_trigger.py
[2022-12-09T19:12:36.521+0000] {processor.py:756} INFO - Processing file /home/airflow/.local/lib/python3.7/site-packages/airflow/example_dags/example_latest_only_with_trigger.py for tasks to queue
[2022-12-09T19:12:36.523+0000] {logging_mixin.py:137} INFO - [2022-12-09T19:12:36.523+0000] {dagbag.py:537} INFO - Filling up the DagBag from /home/airflow/.local/lib/python3.7/site-packages/airflow/example_dags/example_latest_only_with_trigger.py
[2022-12-09T19:12:36.539+0000] {processor.py:766} INFO - DAG(s) dict_keys(['latest_only_with_trigger']) retrieved from /home/airflow/.local/lib/python3.7/site-packages/airflow/example_dags/example_latest_only_with_trigger.py
[2022-12-09T19:12:36.569+0000] {logging_mixin.py:137} INFO - [2022-12-09T19:12:36.569+0000] {dag.py:2585} INFO - Sync 1 DAGs
[2022-12-09T19:12:36.584+0000] {logging_mixin.py:137} INFO - [2022-12-09T19:12:36.584+0000] {dag.py:3340} INFO - Setting next_dagrun for latest_only_with_trigger to 2022-12-09T15:12:36.584631+00:00, run_after=2022-12-09T19:12:36.584631+00:00
[2022-12-09T19:12:36.596+0000] {processor.py:176} INFO - Processing /home/airflow/.local/lib/python3.7/site-packages/airflow/example_dags/example_latest_only_with_trigger.py took 0.084 seconds
[2022-12-09T19:13:06.874+0000] {processor.py:154} INFO - Started process (PID=3770) to work on /home/airflow/.local/lib/python3.7/site-packages/airflow/example_dags/example_latest_only_with_trigger.py
[2022-12-09T19:13:06.878+0000] {processor.py:756} INFO - Processing file /home/airflow/.local/lib/python3.7/site-packages/airflow/example_dags/example_latest_only_with_trigger.py for tasks to queue
[2022-12-09T19:13:06.880+0000] {logging_mixin.py:137} INFO - [2022-12-09T19:13:06.880+0000] {dagbag.py:537} INFO - Filling up the DagBag from /home/airflow/.local/lib/python3.7/site-packages/airflow/example_dags/example_latest_only_with_trigger.py
[2022-12-09T19:13:06.898+0000] {processor.py:766} INFO - DAG(s) dict_keys(['latest_only_with_trigger']) retrieved from /home/airflow/.local/lib/python3.7/site-packages/airflow/example_dags/example_latest_only_with_trigger.py
[2022-12-09T19:13:06.927+0000] {logging_mixin.py:137} INFO - [2022-12-09T19:13:06.927+0000] {dag.py:2585} INFO - Sync 1 DAGs
[2022-12-09T19:13:06.941+0000] {logging_mixin.py:137} INFO - [2022-12-09T19:13:06.941+0000] {dag.py:3340} INFO - Setting next_dagrun for latest_only_with_trigger to 2022-12-09T15:13:06.941579+00:00, run_after=2022-12-09T19:13:06.941579+00:00
[2022-12-09T19:13:06.952+0000] {processor.py:176} INFO - Processing /home/airflow/.local/lib/python3.7/site-packages/airflow/example_dags/example_latest_only_with_trigger.py took 0.085 seconds
[2022-12-09T19:13:37.584+0000] {processor.py:154} INFO - Started process (PID=3834) to work on /home/airflow/.local/lib/python3.7/site-packages/airflow/example_dags/example_latest_only_with_trigger.py
[2022-12-09T19:13:37.589+0000] {processor.py:756} INFO - Processing file /home/airflow/.local/lib/python3.7/site-packages/airflow/example_dags/example_latest_only_with_trigger.py for tasks to queue
[2022-12-09T19:13:37.591+0000] {logging_mixin.py:137} INFO - [2022-12-09T19:13:37.591+0000] {dagbag.py:537} INFO - Filling up the DagBag from /home/airflow/.local/lib/python3.7/site-packages/airflow/example_dags/example_latest_only_with_trigger.py
[2022-12-09T19:13:37.609+0000] {processor.py:766} INFO - DAG(s) dict_keys(['latest_only_with_trigger']) retrieved from /home/airflow/.local/lib/python3.7/site-packages/airflow/example_dags/example_latest_only_with_trigger.py
[2022-12-09T19:13:37.639+0000] {logging_mixin.py:137} INFO - [2022-12-09T19:13:37.639+0000] {dag.py:2585} INFO - Sync 1 DAGs
[2022-12-09T19:13:37.653+0000] {logging_mixin.py:137} INFO - [2022-12-09T19:13:37.653+0000] {dag.py:3340} INFO - Setting next_dagrun for latest_only_with_trigger to 2022-12-09T15:13:37.653198+00:00, run_after=2022-12-09T19:13:37.653198+00:00
[2022-12-09T19:13:37.665+0000] {processor.py:176} INFO - Processing /home/airflow/.local/lib/python3.7/site-packages/airflow/example_dags/example_latest_only_with_trigger.py took 0.086 seconds
[2022-12-09T19:14:08.405+0000] {processor.py:154} INFO - Started process (PID=3889) to work on /home/airflow/.local/lib/python3.7/site-packages/airflow/example_dags/example_latest_only_with_trigger.py
[2022-12-09T19:14:08.412+0000] {processor.py:756} INFO - Processing file /home/airflow/.local/lib/python3.7/site-packages/airflow/example_dags/example_latest_only_with_trigger.py for tasks to queue
[2022-12-09T19:14:08.414+0000] {logging_mixin.py:137} INFO - [2022-12-09T19:14:08.414+0000] {dagbag.py:537} INFO - Filling up the DagBag from /home/airflow/.local/lib/python3.7/site-packages/airflow/example_dags/example_latest_only_with_trigger.py
[2022-12-09T19:14:08.447+0000] {processor.py:766} INFO - DAG(s) dict_keys(['latest_only_with_trigger']) retrieved from /home/airflow/.local/lib/python3.7/site-packages/airflow/example_dags/example_latest_only_with_trigger.py
[2022-12-09T19:14:08.525+0000] {logging_mixin.py:137} INFO - [2022-12-09T19:14:08.525+0000] {dag.py:2585} INFO - Sync 1 DAGs
[2022-12-09T19:14:08.545+0000] {logging_mixin.py:137} INFO - [2022-12-09T19:14:08.545+0000] {dag.py:3340} INFO - Setting next_dagrun for latest_only_with_trigger to 2022-12-09T15:14:08.545393+00:00, run_after=2022-12-09T19:14:08.545393+00:00
[2022-12-09T19:14:08.560+0000] {processor.py:176} INFO - Processing /home/airflow/.local/lib/python3.7/site-packages/airflow/example_dags/example_latest_only_with_trigger.py took 0.168 seconds
[2022-12-09T20:18:31.242+0000] {processor.py:154} INFO - Started process (PID=3961) to work on /home/airflow/.local/lib/python3.7/site-packages/airflow/example_dags/example_latest_only_with_trigger.py
[2022-12-09T20:18:31.245+0000] {processor.py:756} INFO - Processing file /home/airflow/.local/lib/python3.7/site-packages/airflow/example_dags/example_latest_only_with_trigger.py for tasks to queue
[2022-12-09T20:18:31.246+0000] {logging_mixin.py:137} INFO - [2022-12-09T20:18:31.246+0000] {dagbag.py:537} INFO - Filling up the DagBag from /home/airflow/.local/lib/python3.7/site-packages/airflow/example_dags/example_latest_only_with_trigger.py
[2022-12-09T20:18:31.264+0000] {processor.py:766} INFO - DAG(s) dict_keys(['latest_only_with_trigger']) retrieved from /home/airflow/.local/lib/python3.7/site-packages/airflow/example_dags/example_latest_only_with_trigger.py
[2022-12-09T20:18:31.416+0000] {logging_mixin.py:137} INFO - [2022-12-09T20:18:31.416+0000] {dag.py:2585} INFO - Sync 1 DAGs
[2022-12-09T20:18:31.534+0000] {logging_mixin.py:137} INFO - [2022-12-09T20:18:31.534+0000] {dag.py:3340} INFO - Setting next_dagrun for latest_only_with_trigger to 2022-12-09T16:18:31.534045+00:00, run_after=2022-12-09T20:18:31.534045+00:00
[2022-12-09T20:18:31.562+0000] {processor.py:176} INFO - Processing /home/airflow/.local/lib/python3.7/site-packages/airflow/example_dags/example_latest_only_with_trigger.py took 0.324 seconds
[2022-12-09T21:09:08.747+0000] {processor.py:154} INFO - Started process (PID=4015) to work on /home/airflow/.local/lib/python3.7/site-packages/airflow/example_dags/example_latest_only_with_trigger.py
[2022-12-09T21:09:08.760+0000] {processor.py:756} INFO - Processing file /home/airflow/.local/lib/python3.7/site-packages/airflow/example_dags/example_latest_only_with_trigger.py for tasks to queue
[2022-12-09T21:09:08.762+0000] {logging_mixin.py:137} INFO - [2022-12-09T21:09:08.762+0000] {dagbag.py:537} INFO - Filling up the DagBag from /home/airflow/.local/lib/python3.7/site-packages/airflow/example_dags/example_latest_only_with_trigger.py
[2022-12-09T21:09:08.780+0000] {processor.py:766} INFO - DAG(s) dict_keys(['latest_only_with_trigger']) retrieved from /home/airflow/.local/lib/python3.7/site-packages/airflow/example_dags/example_latest_only_with_trigger.py
[2022-12-09T21:09:08.824+0000] {logging_mixin.py:137} INFO - [2022-12-09T21:09:08.824+0000] {dag.py:2585} INFO - Sync 1 DAGs
[2022-12-09T21:09:08.847+0000] {logging_mixin.py:137} INFO - [2022-12-09T21:09:08.847+0000] {dag.py:3340} INFO - Setting next_dagrun for latest_only_with_trigger to 2022-12-09T17:09:08.847012+00:00, run_after=2022-12-09T21:09:08.847012+00:00
[2022-12-09T21:09:08.881+0000] {processor.py:176} INFO - Processing /home/airflow/.local/lib/python3.7/site-packages/airflow/example_dags/example_latest_only_with_trigger.py took 0.148 seconds
[2022-12-09T22:16:06.249+0000] {processor.py:154} INFO - Started process (PID=4078) to work on /home/airflow/.local/lib/python3.7/site-packages/airflow/example_dags/example_latest_only_with_trigger.py
[2022-12-09T22:16:06.251+0000] {processor.py:756} INFO - Processing file /home/airflow/.local/lib/python3.7/site-packages/airflow/example_dags/example_latest_only_with_trigger.py for tasks to queue
[2022-12-09T22:16:06.254+0000] {logging_mixin.py:137} INFO - [2022-12-09T22:16:06.254+0000] {dagbag.py:537} INFO - Filling up the DagBag from /home/airflow/.local/lib/python3.7/site-packages/airflow/example_dags/example_latest_only_with_trigger.py
[2022-12-09T22:16:06.268+0000] {processor.py:766} INFO - DAG(s) dict_keys(['latest_only_with_trigger']) retrieved from /home/airflow/.local/lib/python3.7/site-packages/airflow/example_dags/example_latest_only_with_trigger.py
[2022-12-09T22:16:06.297+0000] {logging_mixin.py:137} INFO - [2022-12-09T22:16:06.297+0000] {dag.py:2585} INFO - Sync 1 DAGs
[2022-12-09T22:16:06.314+0000] {logging_mixin.py:137} INFO - [2022-12-09T22:16:06.314+0000] {dag.py:3340} INFO - Setting next_dagrun for latest_only_with_trigger to 2022-12-09T18:16:06.314573+00:00, run_after=2022-12-09T22:16:06.314573+00:00
[2022-12-09T22:16:06.331+0000] {processor.py:176} INFO - Processing /home/airflow/.local/lib/python3.7/site-packages/airflow/example_dags/example_latest_only_with_trigger.py took 0.085 seconds
[2022-12-09T23:21:38.065+0000] {processor.py:154} INFO - Started process (PID=4134) to work on /home/airflow/.local/lib/python3.7/site-packages/airflow/example_dags/example_latest_only_with_trigger.py
[2022-12-09T23:21:38.067+0000] {processor.py:756} INFO - Processing file /home/airflow/.local/lib/python3.7/site-packages/airflow/example_dags/example_latest_only_with_trigger.py for tasks to queue
[2022-12-09T23:21:38.068+0000] {logging_mixin.py:137} INFO - [2022-12-09T23:21:38.068+0000] {dagbag.py:537} INFO - Filling up the DagBag from /home/airflow/.local/lib/python3.7/site-packages/airflow/example_dags/example_latest_only_with_trigger.py
[2022-12-09T23:21:38.083+0000] {processor.py:766} INFO - DAG(s) dict_keys(['latest_only_with_trigger']) retrieved from /home/airflow/.local/lib/python3.7/site-packages/airflow/example_dags/example_latest_only_with_trigger.py
[2022-12-09T23:21:38.115+0000] {logging_mixin.py:137} INFO - [2022-12-09T23:21:38.115+0000] {dag.py:2585} INFO - Sync 1 DAGs
[2022-12-09T23:21:38.131+0000] {logging_mixin.py:137} INFO - [2022-12-09T23:21:38.131+0000] {dag.py:3340} INFO - Setting next_dagrun for latest_only_with_trigger to 2022-12-09T19:21:38.131615+00:00, run_after=2022-12-09T23:21:38.131615+00:00
[2022-12-09T23:21:38.147+0000] {processor.py:176} INFO - Processing /home/airflow/.local/lib/python3.7/site-packages/airflow/example_dags/example_latest_only_with_trigger.py took 0.085 seconds
