[2022-12-09T18:42:15.802+0000] {processor.py:154} INFO - Started process (PID=76) to work on /home/airflow/.local/lib/python3.7/site-packages/airflow/example_dags/example_latest_only.py
[2022-12-09T18:42:15.812+0000] {processor.py:756} INFO - Processing file /home/airflow/.local/lib/python3.7/site-packages/airflow/example_dags/example_latest_only.py for tasks to queue
[2022-12-09T18:42:15.816+0000] {logging_mixin.py:137} INFO - [2022-12-09T18:42:15.815+0000] {dagbag.py:537} INFO - Filling up the DagBag from /home/airflow/.local/lib/python3.7/site-packages/airflow/example_dags/example_latest_only.py
[2022-12-09T18:42:15.837+0000] {processor.py:766} INFO - DAG(s) dict_keys(['latest_only']) retrieved from /home/airflow/.local/lib/python3.7/site-packages/airflow/example_dags/example_latest_only.py
[2022-12-09T18:42:15.894+0000] {logging_mixin.py:137} INFO - [2022-12-09T18:42:15.894+0000] {dag.py:2585} INFO - Sync 1 DAGs
[2022-12-09T18:42:15.933+0000] {logging_mixin.py:137} INFO - [2022-12-09T18:42:15.933+0000] {dag.py:3340} INFO - Setting next_dagrun for latest_only to 2022-12-09T14:42:15.932832+00:00, run_after=2022-12-09T18:42:15.932832+00:00
[2022-12-09T18:42:15.959+0000] {processor.py:176} INFO - Processing /home/airflow/.local/lib/python3.7/site-packages/airflow/example_dags/example_latest_only.py took 0.161 seconds
[2022-12-09T18:42:46.708+0000] {processor.py:154} INFO - Started process (PID=132) to work on /home/airflow/.local/lib/python3.7/site-packages/airflow/example_dags/example_latest_only.py
[2022-12-09T18:42:46.710+0000] {processor.py:756} INFO - Processing file /home/airflow/.local/lib/python3.7/site-packages/airflow/example_dags/example_latest_only.py for tasks to queue
[2022-12-09T18:42:46.711+0000] {logging_mixin.py:137} INFO - [2022-12-09T18:42:46.711+0000] {dagbag.py:537} INFO - Filling up the DagBag from /home/airflow/.local/lib/python3.7/site-packages/airflow/example_dags/example_latest_only.py
[2022-12-09T18:42:46.722+0000] {processor.py:766} INFO - DAG(s) dict_keys(['latest_only']) retrieved from /home/airflow/.local/lib/python3.7/site-packages/airflow/example_dags/example_latest_only.py
[2022-12-09T18:42:46.749+0000] {logging_mixin.py:137} INFO - [2022-12-09T18:42:46.749+0000] {dag.py:2585} INFO - Sync 1 DAGs
[2022-12-09T18:42:46.765+0000] {logging_mixin.py:137} INFO - [2022-12-09T18:42:46.765+0000] {dag.py:3340} INFO - Setting next_dagrun for latest_only to 2022-12-09T14:42:46.765581+00:00, run_after=2022-12-09T18:42:46.765581+00:00
[2022-12-09T18:42:46.779+0000] {processor.py:176} INFO - Processing /home/airflow/.local/lib/python3.7/site-packages/airflow/example_dags/example_latest_only.py took 0.073 seconds
[2022-12-09T18:43:20.358+0000] {processor.py:154} INFO - Started process (PID=197) to work on /home/airflow/.local/lib/python3.7/site-packages/airflow/example_dags/example_latest_only.py
[2022-12-09T18:43:20.363+0000] {processor.py:756} INFO - Processing file /home/airflow/.local/lib/python3.7/site-packages/airflow/example_dags/example_latest_only.py for tasks to queue
[2022-12-09T18:43:20.367+0000] {logging_mixin.py:137} INFO - [2022-12-09T18:43:20.367+0000] {dagbag.py:537} INFO - Filling up the DagBag from /home/airflow/.local/lib/python3.7/site-packages/airflow/example_dags/example_latest_only.py
[2022-12-09T18:43:20.399+0000] {processor.py:766} INFO - DAG(s) dict_keys(['latest_only']) retrieved from /home/airflow/.local/lib/python3.7/site-packages/airflow/example_dags/example_latest_only.py
[2022-12-09T18:43:20.470+0000] {logging_mixin.py:137} INFO - [2022-12-09T18:43:20.469+0000] {dag.py:2585} INFO - Sync 1 DAGs
[2022-12-09T18:43:20.529+0000] {logging_mixin.py:137} INFO - [2022-12-09T18:43:20.528+0000] {dag.py:3340} INFO - Setting next_dagrun for latest_only to 2022-12-09T14:43:20.528112+00:00, run_after=2022-12-09T18:43:20.528112+00:00
[2022-12-09T18:43:20.570+0000] {processor.py:176} INFO - Processing /home/airflow/.local/lib/python3.7/site-packages/airflow/example_dags/example_latest_only.py took 0.215 seconds
[2022-12-09T18:43:51.081+0000] {processor.py:154} INFO - Started process (PID=262) to work on /home/airflow/.local/lib/python3.7/site-packages/airflow/example_dags/example_latest_only.py
[2022-12-09T18:43:51.086+0000] {processor.py:756} INFO - Processing file /home/airflow/.local/lib/python3.7/site-packages/airflow/example_dags/example_latest_only.py for tasks to queue
[2022-12-09T18:43:51.087+0000] {logging_mixin.py:137} INFO - [2022-12-09T18:43:51.087+0000] {dagbag.py:537} INFO - Filling up the DagBag from /home/airflow/.local/lib/python3.7/site-packages/airflow/example_dags/example_latest_only.py
[2022-12-09T18:43:51.097+0000] {processor.py:766} INFO - DAG(s) dict_keys(['latest_only']) retrieved from /home/airflow/.local/lib/python3.7/site-packages/airflow/example_dags/example_latest_only.py
[2022-12-09T18:43:51.127+0000] {logging_mixin.py:137} INFO - [2022-12-09T18:43:51.127+0000] {dag.py:2585} INFO - Sync 1 DAGs
[2022-12-09T18:43:51.149+0000] {logging_mixin.py:137} INFO - [2022-12-09T18:43:51.149+0000] {dag.py:3340} INFO - Setting next_dagrun for latest_only to 2022-12-09T14:43:51.149177+00:00, run_after=2022-12-09T18:43:51.149177+00:00
[2022-12-09T18:43:51.169+0000] {processor.py:176} INFO - Processing /home/airflow/.local/lib/python3.7/site-packages/airflow/example_dags/example_latest_only.py took 0.091 seconds
[2022-12-09T18:44:21.782+0000] {processor.py:154} INFO - Started process (PID=317) to work on /home/airflow/.local/lib/python3.7/site-packages/airflow/example_dags/example_latest_only.py
[2022-12-09T18:44:21.784+0000] {processor.py:756} INFO - Processing file /home/airflow/.local/lib/python3.7/site-packages/airflow/example_dags/example_latest_only.py for tasks to queue
[2022-12-09T18:44:21.785+0000] {logging_mixin.py:137} INFO - [2022-12-09T18:44:21.785+0000] {dagbag.py:537} INFO - Filling up the DagBag from /home/airflow/.local/lib/python3.7/site-packages/airflow/example_dags/example_latest_only.py
[2022-12-09T18:44:21.796+0000] {processor.py:766} INFO - DAG(s) dict_keys(['latest_only']) retrieved from /home/airflow/.local/lib/python3.7/site-packages/airflow/example_dags/example_latest_only.py
[2022-12-09T18:44:21.822+0000] {logging_mixin.py:137} INFO - [2022-12-09T18:44:21.822+0000] {dag.py:2585} INFO - Sync 1 DAGs
[2022-12-09T18:44:21.837+0000] {logging_mixin.py:137} INFO - [2022-12-09T18:44:21.837+0000] {dag.py:3340} INFO - Setting next_dagrun for latest_only to 2022-12-09T14:44:21.837710+00:00, run_after=2022-12-09T18:44:21.837710+00:00
[2022-12-09T18:44:21.850+0000] {processor.py:176} INFO - Processing /home/airflow/.local/lib/python3.7/site-packages/airflow/example_dags/example_latest_only.py took 0.071 seconds
[2022-12-09T18:44:52.927+0000] {processor.py:154} INFO - Started process (PID=380) to work on /home/airflow/.local/lib/python3.7/site-packages/airflow/example_dags/example_latest_only.py
[2022-12-09T18:44:52.929+0000] {processor.py:756} INFO - Processing file /home/airflow/.local/lib/python3.7/site-packages/airflow/example_dags/example_latest_only.py for tasks to queue
[2022-12-09T18:44:52.930+0000] {logging_mixin.py:137} INFO - [2022-12-09T18:44:52.930+0000] {dagbag.py:537} INFO - Filling up the DagBag from /home/airflow/.local/lib/python3.7/site-packages/airflow/example_dags/example_latest_only.py
[2022-12-09T18:44:52.940+0000] {processor.py:766} INFO - DAG(s) dict_keys(['latest_only']) retrieved from /home/airflow/.local/lib/python3.7/site-packages/airflow/example_dags/example_latest_only.py
[2022-12-09T18:44:52.980+0000] {logging_mixin.py:137} INFO - [2022-12-09T18:44:52.980+0000] {dag.py:2585} INFO - Sync 1 DAGs
[2022-12-09T18:44:53.001+0000] {logging_mixin.py:137} INFO - [2022-12-09T18:44:53.000+0000] {dag.py:3340} INFO - Setting next_dagrun for latest_only to 2022-12-09T14:44:53.000672+00:00, run_after=2022-12-09T18:44:53.000672+00:00
[2022-12-09T18:44:53.022+0000] {processor.py:176} INFO - Processing /home/airflow/.local/lib/python3.7/site-packages/airflow/example_dags/example_latest_only.py took 0.098 seconds
[2022-12-09T18:45:25.593+0000] {processor.py:154} INFO - Started process (PID=444) to work on /home/airflow/.local/lib/python3.7/site-packages/airflow/example_dags/example_latest_only.py
[2022-12-09T18:45:25.600+0000] {processor.py:756} INFO - Processing file /home/airflow/.local/lib/python3.7/site-packages/airflow/example_dags/example_latest_only.py for tasks to queue
[2022-12-09T18:45:25.667+0000] {logging_mixin.py:137} INFO - [2022-12-09T18:45:25.667+0000] {dagbag.py:537} INFO - Filling up the DagBag from /home/airflow/.local/lib/python3.7/site-packages/airflow/example_dags/example_latest_only.py
[2022-12-09T18:45:25.692+0000] {processor.py:766} INFO - DAG(s) dict_keys(['latest_only']) retrieved from /home/airflow/.local/lib/python3.7/site-packages/airflow/example_dags/example_latest_only.py
[2022-12-09T18:45:25.732+0000] {logging_mixin.py:137} INFO - [2022-12-09T18:45:25.732+0000] {dag.py:2585} INFO - Sync 1 DAGs
[2022-12-09T18:45:25.751+0000] {logging_mixin.py:137} INFO - [2022-12-09T18:45:25.751+0000] {dag.py:3340} INFO - Setting next_dagrun for latest_only to 2022-12-09T14:45:25.751388+00:00, run_after=2022-12-09T18:45:25.751388+00:00
[2022-12-09T18:45:25.784+0000] {processor.py:176} INFO - Processing /home/airflow/.local/lib/python3.7/site-packages/airflow/example_dags/example_latest_only.py took 0.194 seconds
[2022-12-09T18:45:55.833+0000] {processor.py:154} INFO - Started process (PID=508) to work on /home/airflow/.local/lib/python3.7/site-packages/airflow/example_dags/example_latest_only.py
[2022-12-09T18:45:55.835+0000] {processor.py:756} INFO - Processing file /home/airflow/.local/lib/python3.7/site-packages/airflow/example_dags/example_latest_only.py for tasks to queue
[2022-12-09T18:45:55.835+0000] {logging_mixin.py:137} INFO - [2022-12-09T18:45:55.835+0000] {dagbag.py:537} INFO - Filling up the DagBag from /home/airflow/.local/lib/python3.7/site-packages/airflow/example_dags/example_latest_only.py
[2022-12-09T18:45:55.846+0000] {processor.py:766} INFO - DAG(s) dict_keys(['latest_only']) retrieved from /home/airflow/.local/lib/python3.7/site-packages/airflow/example_dags/example_latest_only.py
[2022-12-09T18:45:55.891+0000] {logging_mixin.py:137} INFO - [2022-12-09T18:45:55.891+0000] {dag.py:2585} INFO - Sync 1 DAGs
[2022-12-09T18:45:55.915+0000] {logging_mixin.py:137} INFO - [2022-12-09T18:45:55.915+0000] {dag.py:3340} INFO - Setting next_dagrun for latest_only to 2022-12-09T14:45:55.914826+00:00, run_after=2022-12-09T18:45:55.914826+00:00
[2022-12-09T18:45:55.937+0000] {processor.py:176} INFO - Processing /home/airflow/.local/lib/python3.7/site-packages/airflow/example_dags/example_latest_only.py took 0.106 seconds
[2022-12-09T18:46:26.214+0000] {processor.py:154} INFO - Started process (PID=563) to work on /home/airflow/.local/lib/python3.7/site-packages/airflow/example_dags/example_latest_only.py
[2022-12-09T18:46:26.216+0000] {processor.py:756} INFO - Processing file /home/airflow/.local/lib/python3.7/site-packages/airflow/example_dags/example_latest_only.py for tasks to queue
[2022-12-09T18:46:26.217+0000] {logging_mixin.py:137} INFO - [2022-12-09T18:46:26.217+0000] {dagbag.py:537} INFO - Filling up the DagBag from /home/airflow/.local/lib/python3.7/site-packages/airflow/example_dags/example_latest_only.py
[2022-12-09T18:46:26.226+0000] {processor.py:766} INFO - DAG(s) dict_keys(['latest_only']) retrieved from /home/airflow/.local/lib/python3.7/site-packages/airflow/example_dags/example_latest_only.py
[2022-12-09T18:46:26.256+0000] {logging_mixin.py:137} INFO - [2022-12-09T18:46:26.256+0000] {dag.py:2585} INFO - Sync 1 DAGs
[2022-12-09T18:46:26.273+0000] {logging_mixin.py:137} INFO - [2022-12-09T18:46:26.273+0000] {dag.py:3340} INFO - Setting next_dagrun for latest_only to 2022-12-09T14:46:26.273542+00:00, run_after=2022-12-09T18:46:26.273542+00:00
[2022-12-09T18:46:26.293+0000] {processor.py:176} INFO - Processing /home/airflow/.local/lib/python3.7/site-packages/airflow/example_dags/example_latest_only.py took 0.081 seconds
[2022-12-09T18:46:57.100+0000] {processor.py:154} INFO - Started process (PID=627) to work on /home/airflow/.local/lib/python3.7/site-packages/airflow/example_dags/example_latest_only.py
[2022-12-09T18:46:57.102+0000] {processor.py:756} INFO - Processing file /home/airflow/.local/lib/python3.7/site-packages/airflow/example_dags/example_latest_only.py for tasks to queue
[2022-12-09T18:46:57.103+0000] {logging_mixin.py:137} INFO - [2022-12-09T18:46:57.103+0000] {dagbag.py:537} INFO - Filling up the DagBag from /home/airflow/.local/lib/python3.7/site-packages/airflow/example_dags/example_latest_only.py
[2022-12-09T18:46:57.113+0000] {processor.py:766} INFO - DAG(s) dict_keys(['latest_only']) retrieved from /home/airflow/.local/lib/python3.7/site-packages/airflow/example_dags/example_latest_only.py
[2022-12-09T18:46:57.138+0000] {logging_mixin.py:137} INFO - [2022-12-09T18:46:57.138+0000] {dag.py:2585} INFO - Sync 1 DAGs
[2022-12-09T18:46:57.159+0000] {logging_mixin.py:137} INFO - [2022-12-09T18:46:57.158+0000] {dag.py:3340} INFO - Setting next_dagrun for latest_only to 2022-12-09T14:46:57.158655+00:00, run_after=2022-12-09T18:46:57.158655+00:00
[2022-12-09T18:46:57.174+0000] {processor.py:176} INFO - Processing /home/airflow/.local/lib/python3.7/site-packages/airflow/example_dags/example_latest_only.py took 0.076 seconds
[2022-12-09T18:47:28.452+0000] {processor.py:154} INFO - Started process (PID=691) to work on /home/airflow/.local/lib/python3.7/site-packages/airflow/example_dags/example_latest_only.py
[2022-12-09T18:47:28.453+0000] {processor.py:756} INFO - Processing file /home/airflow/.local/lib/python3.7/site-packages/airflow/example_dags/example_latest_only.py for tasks to queue
[2022-12-09T18:47:28.454+0000] {logging_mixin.py:137} INFO - [2022-12-09T18:47:28.454+0000] {dagbag.py:537} INFO - Filling up the DagBag from /home/airflow/.local/lib/python3.7/site-packages/airflow/example_dags/example_latest_only.py
[2022-12-09T18:47:28.465+0000] {processor.py:766} INFO - DAG(s) dict_keys(['latest_only']) retrieved from /home/airflow/.local/lib/python3.7/site-packages/airflow/example_dags/example_latest_only.py
[2022-12-09T18:47:28.493+0000] {logging_mixin.py:137} INFO - [2022-12-09T18:47:28.493+0000] {dag.py:2585} INFO - Sync 1 DAGs
[2022-12-09T18:47:28.511+0000] {logging_mixin.py:137} INFO - [2022-12-09T18:47:28.511+0000] {dag.py:3340} INFO - Setting next_dagrun for latest_only to 2022-12-09T14:47:28.511694+00:00, run_after=2022-12-09T18:47:28.511694+00:00
[2022-12-09T18:47:28.527+0000] {processor.py:176} INFO - Processing /home/airflow/.local/lib/python3.7/site-packages/airflow/example_dags/example_latest_only.py took 0.078 seconds
[2022-12-09T18:47:59.349+0000] {processor.py:154} INFO - Started process (PID=755) to work on /home/airflow/.local/lib/python3.7/site-packages/airflow/example_dags/example_latest_only.py
[2022-12-09T18:47:59.351+0000] {processor.py:756} INFO - Processing file /home/airflow/.local/lib/python3.7/site-packages/airflow/example_dags/example_latest_only.py for tasks to queue
[2022-12-09T18:47:59.352+0000] {logging_mixin.py:137} INFO - [2022-12-09T18:47:59.352+0000] {dagbag.py:537} INFO - Filling up the DagBag from /home/airflow/.local/lib/python3.7/site-packages/airflow/example_dags/example_latest_only.py
[2022-12-09T18:47:59.364+0000] {processor.py:766} INFO - DAG(s) dict_keys(['latest_only']) retrieved from /home/airflow/.local/lib/python3.7/site-packages/airflow/example_dags/example_latest_only.py
[2022-12-09T18:47:59.393+0000] {logging_mixin.py:137} INFO - [2022-12-09T18:47:59.393+0000] {dag.py:2585} INFO - Sync 1 DAGs
[2022-12-09T18:47:59.412+0000] {logging_mixin.py:137} INFO - [2022-12-09T18:47:59.412+0000] {dag.py:3340} INFO - Setting next_dagrun for latest_only to 2022-12-09T14:47:59.412194+00:00, run_after=2022-12-09T18:47:59.412194+00:00
[2022-12-09T18:47:59.426+0000] {processor.py:176} INFO - Processing /home/airflow/.local/lib/python3.7/site-packages/airflow/example_dags/example_latest_only.py took 0.079 seconds
[2022-12-09T18:48:30.258+0000] {processor.py:154} INFO - Started process (PID=819) to work on /home/airflow/.local/lib/python3.7/site-packages/airflow/example_dags/example_latest_only.py
[2022-12-09T18:48:30.262+0000] {processor.py:756} INFO - Processing file /home/airflow/.local/lib/python3.7/site-packages/airflow/example_dags/example_latest_only.py for tasks to queue
[2022-12-09T18:48:30.264+0000] {logging_mixin.py:137} INFO - [2022-12-09T18:48:30.264+0000] {dagbag.py:537} INFO - Filling up the DagBag from /home/airflow/.local/lib/python3.7/site-packages/airflow/example_dags/example_latest_only.py
[2022-12-09T18:48:30.278+0000] {processor.py:766} INFO - DAG(s) dict_keys(['latest_only']) retrieved from /home/airflow/.local/lib/python3.7/site-packages/airflow/example_dags/example_latest_only.py
[2022-12-09T18:48:30.308+0000] {logging_mixin.py:137} INFO - [2022-12-09T18:48:30.308+0000] {dag.py:2585} INFO - Sync 1 DAGs
[2022-12-09T18:48:30.328+0000] {logging_mixin.py:137} INFO - [2022-12-09T18:48:30.327+0000] {dag.py:3340} INFO - Setting next_dagrun for latest_only to 2022-12-09T14:48:30.327780+00:00, run_after=2022-12-09T18:48:30.327780+00:00
[2022-12-09T18:48:30.345+0000] {processor.py:176} INFO - Processing /home/airflow/.local/lib/python3.7/site-packages/airflow/example_dags/example_latest_only.py took 0.090 seconds
[2022-12-09T18:49:00.513+0000] {processor.py:154} INFO - Started process (PID=875) to work on /home/airflow/.local/lib/python3.7/site-packages/airflow/example_dags/example_latest_only.py
[2022-12-09T18:49:00.516+0000] {processor.py:756} INFO - Processing file /home/airflow/.local/lib/python3.7/site-packages/airflow/example_dags/example_latest_only.py for tasks to queue
[2022-12-09T18:49:00.517+0000] {logging_mixin.py:137} INFO - [2022-12-09T18:49:00.517+0000] {dagbag.py:537} INFO - Filling up the DagBag from /home/airflow/.local/lib/python3.7/site-packages/airflow/example_dags/example_latest_only.py
[2022-12-09T18:49:00.528+0000] {processor.py:766} INFO - DAG(s) dict_keys(['latest_only']) retrieved from /home/airflow/.local/lib/python3.7/site-packages/airflow/example_dags/example_latest_only.py
[2022-12-09T18:49:00.553+0000] {logging_mixin.py:137} INFO - [2022-12-09T18:49:00.553+0000] {dag.py:2585} INFO - Sync 1 DAGs
[2022-12-09T18:49:00.572+0000] {logging_mixin.py:137} INFO - [2022-12-09T18:49:00.572+0000] {dag.py:3340} INFO - Setting next_dagrun for latest_only to 2022-12-09T14:49:00.572693+00:00, run_after=2022-12-09T18:49:00.572693+00:00
[2022-12-09T18:49:00.584+0000] {processor.py:176} INFO - Processing /home/airflow/.local/lib/python3.7/site-packages/airflow/example_dags/example_latest_only.py took 0.074 seconds
[2022-12-09T18:49:32.394+0000] {processor.py:154} INFO - Started process (PID=939) to work on /home/airflow/.local/lib/python3.7/site-packages/airflow/example_dags/example_latest_only.py
[2022-12-09T18:49:32.396+0000] {processor.py:756} INFO - Processing file /home/airflow/.local/lib/python3.7/site-packages/airflow/example_dags/example_latest_only.py for tasks to queue
[2022-12-09T18:49:32.397+0000] {logging_mixin.py:137} INFO - [2022-12-09T18:49:32.397+0000] {dagbag.py:537} INFO - Filling up the DagBag from /home/airflow/.local/lib/python3.7/site-packages/airflow/example_dags/example_latest_only.py
[2022-12-09T18:49:32.408+0000] {processor.py:766} INFO - DAG(s) dict_keys(['latest_only']) retrieved from /home/airflow/.local/lib/python3.7/site-packages/airflow/example_dags/example_latest_only.py
[2022-12-09T18:49:32.446+0000] {logging_mixin.py:137} INFO - [2022-12-09T18:49:32.446+0000] {dag.py:2585} INFO - Sync 1 DAGs
[2022-12-09T18:49:32.473+0000] {logging_mixin.py:137} INFO - [2022-12-09T18:49:32.472+0000] {dag.py:3340} INFO - Setting next_dagrun for latest_only to 2022-12-09T14:49:32.472826+00:00, run_after=2022-12-09T18:49:32.472826+00:00
[2022-12-09T18:49:32.490+0000] {processor.py:176} INFO - Processing /home/airflow/.local/lib/python3.7/site-packages/airflow/example_dags/example_latest_only.py took 0.098 seconds
[2022-12-09T18:50:02.596+0000] {processor.py:154} INFO - Started process (PID=1003) to work on /home/airflow/.local/lib/python3.7/site-packages/airflow/example_dags/example_latest_only.py
[2022-12-09T18:50:02.598+0000] {processor.py:756} INFO - Processing file /home/airflow/.local/lib/python3.7/site-packages/airflow/example_dags/example_latest_only.py for tasks to queue
[2022-12-09T18:50:02.599+0000] {logging_mixin.py:137} INFO - [2022-12-09T18:50:02.599+0000] {dagbag.py:537} INFO - Filling up the DagBag from /home/airflow/.local/lib/python3.7/site-packages/airflow/example_dags/example_latest_only.py
[2022-12-09T18:50:02.611+0000] {processor.py:766} INFO - DAG(s) dict_keys(['latest_only']) retrieved from /home/airflow/.local/lib/python3.7/site-packages/airflow/example_dags/example_latest_only.py
[2022-12-09T18:50:02.639+0000] {logging_mixin.py:137} INFO - [2022-12-09T18:50:02.639+0000] {dag.py:2585} INFO - Sync 1 DAGs
[2022-12-09T18:50:02.659+0000] {logging_mixin.py:137} INFO - [2022-12-09T18:50:02.659+0000] {dag.py:3340} INFO - Setting next_dagrun for latest_only to 2022-12-09T14:50:02.659446+00:00, run_after=2022-12-09T18:50:02.659446+00:00
[2022-12-09T18:50:02.672+0000] {processor.py:176} INFO - Processing /home/airflow/.local/lib/python3.7/site-packages/airflow/example_dags/example_latest_only.py took 0.078 seconds
[2022-12-09T18:50:33.665+0000] {processor.py:154} INFO - Started process (PID=1066) to work on /home/airflow/.local/lib/python3.7/site-packages/airflow/example_dags/example_latest_only.py
[2022-12-09T18:50:33.667+0000] {processor.py:756} INFO - Processing file /home/airflow/.local/lib/python3.7/site-packages/airflow/example_dags/example_latest_only.py for tasks to queue
[2022-12-09T18:50:33.668+0000] {logging_mixin.py:137} INFO - [2022-12-09T18:50:33.668+0000] {dagbag.py:537} INFO - Filling up the DagBag from /home/airflow/.local/lib/python3.7/site-packages/airflow/example_dags/example_latest_only.py
[2022-12-09T18:50:33.679+0000] {processor.py:766} INFO - DAG(s) dict_keys(['latest_only']) retrieved from /home/airflow/.local/lib/python3.7/site-packages/airflow/example_dags/example_latest_only.py
[2022-12-09T18:50:33.712+0000] {logging_mixin.py:137} INFO - [2022-12-09T18:50:33.712+0000] {dag.py:2585} INFO - Sync 1 DAGs
[2022-12-09T18:50:33.729+0000] {logging_mixin.py:137} INFO - [2022-12-09T18:50:33.729+0000] {dag.py:3340} INFO - Setting next_dagrun for latest_only to 2022-12-09T14:50:33.729727+00:00, run_after=2022-12-09T18:50:33.729727+00:00
[2022-12-09T18:50:33.742+0000] {processor.py:176} INFO - Processing /home/airflow/.local/lib/python3.7/site-packages/airflow/example_dags/example_latest_only.py took 0.079 seconds
[2022-12-09T18:51:04.199+0000] {processor.py:154} INFO - Started process (PID=1121) to work on /home/airflow/.local/lib/python3.7/site-packages/airflow/example_dags/example_latest_only.py
[2022-12-09T18:51:04.200+0000] {processor.py:756} INFO - Processing file /home/airflow/.local/lib/python3.7/site-packages/airflow/example_dags/example_latest_only.py for tasks to queue
[2022-12-09T18:51:04.201+0000] {logging_mixin.py:137} INFO - [2022-12-09T18:51:04.201+0000] {dagbag.py:537} INFO - Filling up the DagBag from /home/airflow/.local/lib/python3.7/site-packages/airflow/example_dags/example_latest_only.py
[2022-12-09T18:51:04.211+0000] {processor.py:766} INFO - DAG(s) dict_keys(['latest_only']) retrieved from /home/airflow/.local/lib/python3.7/site-packages/airflow/example_dags/example_latest_only.py
[2022-12-09T18:51:04.238+0000] {logging_mixin.py:137} INFO - [2022-12-09T18:51:04.238+0000] {dag.py:2585} INFO - Sync 1 DAGs
[2022-12-09T18:51:04.258+0000] {logging_mixin.py:137} INFO - [2022-12-09T18:51:04.258+0000] {dag.py:3340} INFO - Setting next_dagrun for latest_only to 2022-12-09T14:51:04.258152+00:00, run_after=2022-12-09T18:51:04.258152+00:00
[2022-12-09T18:51:04.273+0000] {processor.py:176} INFO - Processing /home/airflow/.local/lib/python3.7/site-packages/airflow/example_dags/example_latest_only.py took 0.076 seconds
[2022-12-09T18:51:35.483+0000] {processor.py:154} INFO - Started process (PID=1185) to work on /home/airflow/.local/lib/python3.7/site-packages/airflow/example_dags/example_latest_only.py
[2022-12-09T18:51:35.485+0000] {processor.py:756} INFO - Processing file /home/airflow/.local/lib/python3.7/site-packages/airflow/example_dags/example_latest_only.py for tasks to queue
[2022-12-09T18:51:35.486+0000] {logging_mixin.py:137} INFO - [2022-12-09T18:51:35.486+0000] {dagbag.py:537} INFO - Filling up the DagBag from /home/airflow/.local/lib/python3.7/site-packages/airflow/example_dags/example_latest_only.py
[2022-12-09T18:51:35.500+0000] {processor.py:766} INFO - DAG(s) dict_keys(['latest_only']) retrieved from /home/airflow/.local/lib/python3.7/site-packages/airflow/example_dags/example_latest_only.py
[2022-12-09T18:51:35.536+0000] {logging_mixin.py:137} INFO - [2022-12-09T18:51:35.536+0000] {dag.py:2585} INFO - Sync 1 DAGs
[2022-12-09T18:51:35.556+0000] {logging_mixin.py:137} INFO - [2022-12-09T18:51:35.556+0000] {dag.py:3340} INFO - Setting next_dagrun for latest_only to 2022-12-09T14:51:35.556521+00:00, run_after=2022-12-09T18:51:35.556521+00:00
[2022-12-09T18:51:35.583+0000] {processor.py:176} INFO - Processing /home/airflow/.local/lib/python3.7/site-packages/airflow/example_dags/example_latest_only.py took 0.102 seconds
[2022-12-09T18:52:06.810+0000] {processor.py:154} INFO - Started process (PID=1249) to work on /home/airflow/.local/lib/python3.7/site-packages/airflow/example_dags/example_latest_only.py
[2022-12-09T18:52:06.816+0000] {processor.py:756} INFO - Processing file /home/airflow/.local/lib/python3.7/site-packages/airflow/example_dags/example_latest_only.py for tasks to queue
[2022-12-09T18:52:06.818+0000] {logging_mixin.py:137} INFO - [2022-12-09T18:52:06.818+0000] {dagbag.py:537} INFO - Filling up the DagBag from /home/airflow/.local/lib/python3.7/site-packages/airflow/example_dags/example_latest_only.py
[2022-12-09T18:52:06.833+0000] {processor.py:766} INFO - DAG(s) dict_keys(['latest_only']) retrieved from /home/airflow/.local/lib/python3.7/site-packages/airflow/example_dags/example_latest_only.py
[2022-12-09T18:52:06.872+0000] {logging_mixin.py:137} INFO - [2022-12-09T18:52:06.872+0000] {dag.py:2585} INFO - Sync 1 DAGs
[2022-12-09T18:52:06.898+0000] {logging_mixin.py:137} INFO - [2022-12-09T18:52:06.898+0000] {dag.py:3340} INFO - Setting next_dagrun for latest_only to 2022-12-09T14:52:06.898692+00:00, run_after=2022-12-09T18:52:06.898692+00:00
[2022-12-09T18:52:06.923+0000] {processor.py:176} INFO - Processing /home/airflow/.local/lib/python3.7/site-packages/airflow/example_dags/example_latest_only.py took 0.116 seconds
[2022-12-09T18:52:37.590+0000] {processor.py:154} INFO - Started process (PID=1314) to work on /home/airflow/.local/lib/python3.7/site-packages/airflow/example_dags/example_latest_only.py
[2022-12-09T18:52:37.592+0000] {processor.py:756} INFO - Processing file /home/airflow/.local/lib/python3.7/site-packages/airflow/example_dags/example_latest_only.py for tasks to queue
[2022-12-09T18:52:37.593+0000] {logging_mixin.py:137} INFO - [2022-12-09T18:52:37.593+0000] {dagbag.py:537} INFO - Filling up the DagBag from /home/airflow/.local/lib/python3.7/site-packages/airflow/example_dags/example_latest_only.py
[2022-12-09T18:52:37.602+0000] {processor.py:766} INFO - DAG(s) dict_keys(['latest_only']) retrieved from /home/airflow/.local/lib/python3.7/site-packages/airflow/example_dags/example_latest_only.py
[2022-12-09T18:52:37.627+0000] {logging_mixin.py:137} INFO - [2022-12-09T18:52:37.627+0000] {dag.py:2585} INFO - Sync 1 DAGs
[2022-12-09T18:52:37.642+0000] {logging_mixin.py:137} INFO - [2022-12-09T18:52:37.642+0000] {dag.py:3340} INFO - Setting next_dagrun for latest_only to 2022-12-09T14:52:37.642743+00:00, run_after=2022-12-09T18:52:37.642743+00:00
[2022-12-09T18:52:37.656+0000] {processor.py:176} INFO - Processing /home/airflow/.local/lib/python3.7/site-packages/airflow/example_dags/example_latest_only.py took 0.068 seconds
[2022-12-09T18:53:08.350+0000] {processor.py:154} INFO - Started process (PID=1378) to work on /home/airflow/.local/lib/python3.7/site-packages/airflow/example_dags/example_latest_only.py
[2022-12-09T18:53:08.352+0000] {processor.py:756} INFO - Processing file /home/airflow/.local/lib/python3.7/site-packages/airflow/example_dags/example_latest_only.py for tasks to queue
[2022-12-09T18:53:08.353+0000] {logging_mixin.py:137} INFO - [2022-12-09T18:53:08.353+0000] {dagbag.py:537} INFO - Filling up the DagBag from /home/airflow/.local/lib/python3.7/site-packages/airflow/example_dags/example_latest_only.py
[2022-12-09T18:53:08.362+0000] {processor.py:766} INFO - DAG(s) dict_keys(['latest_only']) retrieved from /home/airflow/.local/lib/python3.7/site-packages/airflow/example_dags/example_latest_only.py
[2022-12-09T18:53:08.387+0000] {logging_mixin.py:137} INFO - [2022-12-09T18:53:08.387+0000] {dag.py:2585} INFO - Sync 1 DAGs
[2022-12-09T18:53:08.402+0000] {logging_mixin.py:137} INFO - [2022-12-09T18:53:08.402+0000] {dag.py:3340} INFO - Setting next_dagrun for latest_only to 2022-12-09T14:53:08.402142+00:00, run_after=2022-12-09T18:53:08.402142+00:00
[2022-12-09T18:53:08.412+0000] {processor.py:176} INFO - Processing /home/airflow/.local/lib/python3.7/site-packages/airflow/example_dags/example_latest_only.py took 0.065 seconds
[2022-12-09T18:53:39.314+0000] {processor.py:154} INFO - Started process (PID=1444) to work on /home/airflow/.local/lib/python3.7/site-packages/airflow/example_dags/example_latest_only.py
[2022-12-09T18:53:39.325+0000] {processor.py:756} INFO - Processing file /home/airflow/.local/lib/python3.7/site-packages/airflow/example_dags/example_latest_only.py for tasks to queue
[2022-12-09T18:53:39.330+0000] {logging_mixin.py:137} INFO - [2022-12-09T18:53:39.330+0000] {dagbag.py:537} INFO - Filling up the DagBag from /home/airflow/.local/lib/python3.7/site-packages/airflow/example_dags/example_latest_only.py
[2022-12-09T18:53:39.439+0000] {processor.py:766} INFO - DAG(s) dict_keys(['latest_only']) retrieved from /home/airflow/.local/lib/python3.7/site-packages/airflow/example_dags/example_latest_only.py
[2022-12-09T18:53:39.580+0000] {logging_mixin.py:137} INFO - [2022-12-09T18:53:39.580+0000] {dag.py:2585} INFO - Sync 1 DAGs
[2022-12-09T18:53:39.657+0000] {logging_mixin.py:137} INFO - [2022-12-09T18:53:39.656+0000] {dag.py:3340} INFO - Setting next_dagrun for latest_only to 2022-12-09T14:53:39.656104+00:00, run_after=2022-12-09T18:53:39.656104+00:00
[2022-12-09T18:53:39.751+0000] {processor.py:176} INFO - Processing /home/airflow/.local/lib/python3.7/site-packages/airflow/example_dags/example_latest_only.py took 0.454 seconds
[2022-12-09T18:54:10.550+0000] {processor.py:154} INFO - Started process (PID=1500) to work on /home/airflow/.local/lib/python3.7/site-packages/airflow/example_dags/example_latest_only.py
[2022-12-09T18:54:10.552+0000] {processor.py:756} INFO - Processing file /home/airflow/.local/lib/python3.7/site-packages/airflow/example_dags/example_latest_only.py for tasks to queue
[2022-12-09T18:54:10.553+0000] {logging_mixin.py:137} INFO - [2022-12-09T18:54:10.553+0000] {dagbag.py:537} INFO - Filling up the DagBag from /home/airflow/.local/lib/python3.7/site-packages/airflow/example_dags/example_latest_only.py
[2022-12-09T18:54:10.568+0000] {processor.py:766} INFO - DAG(s) dict_keys(['latest_only']) retrieved from /home/airflow/.local/lib/python3.7/site-packages/airflow/example_dags/example_latest_only.py
[2022-12-09T18:54:10.602+0000] {logging_mixin.py:137} INFO - [2022-12-09T18:54:10.602+0000] {dag.py:2585} INFO - Sync 1 DAGs
[2022-12-09T18:54:10.622+0000] {logging_mixin.py:137} INFO - [2022-12-09T18:54:10.621+0000] {dag.py:3340} INFO - Setting next_dagrun for latest_only to 2022-12-09T14:54:10.621819+00:00, run_after=2022-12-09T18:54:10.621819+00:00
[2022-12-09T18:54:10.633+0000] {processor.py:176} INFO - Processing /home/airflow/.local/lib/python3.7/site-packages/airflow/example_dags/example_latest_only.py took 0.086 seconds
[2022-12-09T18:54:41.630+0000] {processor.py:154} INFO - Started process (PID=1566) to work on /home/airflow/.local/lib/python3.7/site-packages/airflow/example_dags/example_latest_only.py
[2022-12-09T18:54:41.633+0000] {processor.py:756} INFO - Processing file /home/airflow/.local/lib/python3.7/site-packages/airflow/example_dags/example_latest_only.py for tasks to queue
[2022-12-09T18:54:41.634+0000] {logging_mixin.py:137} INFO - [2022-12-09T18:54:41.634+0000] {dagbag.py:537} INFO - Filling up the DagBag from /home/airflow/.local/lib/python3.7/site-packages/airflow/example_dags/example_latest_only.py
[2022-12-09T18:54:41.655+0000] {processor.py:766} INFO - DAG(s) dict_keys(['latest_only']) retrieved from /home/airflow/.local/lib/python3.7/site-packages/airflow/example_dags/example_latest_only.py
[2022-12-09T18:54:41.686+0000] {logging_mixin.py:137} INFO - [2022-12-09T18:54:41.686+0000] {dag.py:2585} INFO - Sync 1 DAGs
[2022-12-09T18:54:41.702+0000] {logging_mixin.py:137} INFO - [2022-12-09T18:54:41.702+0000] {dag.py:3340} INFO - Setting next_dagrun for latest_only to 2022-12-09T14:54:41.702334+00:00, run_after=2022-12-09T18:54:41.702334+00:00
[2022-12-09T18:54:41.714+0000] {processor.py:176} INFO - Processing /home/airflow/.local/lib/python3.7/site-packages/airflow/example_dags/example_latest_only.py took 0.090 seconds
[2022-12-09T18:55:12.537+0000] {processor.py:154} INFO - Started process (PID=1629) to work on /home/airflow/.local/lib/python3.7/site-packages/airflow/example_dags/example_latest_only.py
[2022-12-09T18:55:12.540+0000] {processor.py:756} INFO - Processing file /home/airflow/.local/lib/python3.7/site-packages/airflow/example_dags/example_latest_only.py for tasks to queue
[2022-12-09T18:55:12.542+0000] {logging_mixin.py:137} INFO - [2022-12-09T18:55:12.542+0000] {dagbag.py:537} INFO - Filling up the DagBag from /home/airflow/.local/lib/python3.7/site-packages/airflow/example_dags/example_latest_only.py
[2022-12-09T18:55:12.565+0000] {processor.py:766} INFO - DAG(s) dict_keys(['latest_only']) retrieved from /home/airflow/.local/lib/python3.7/site-packages/airflow/example_dags/example_latest_only.py
[2022-12-09T18:55:12.596+0000] {logging_mixin.py:137} INFO - [2022-12-09T18:55:12.596+0000] {dag.py:2585} INFO - Sync 1 DAGs
[2022-12-09T18:55:12.611+0000] {logging_mixin.py:137} INFO - [2022-12-09T18:55:12.611+0000] {dag.py:3340} INFO - Setting next_dagrun for latest_only to 2022-12-09T14:55:12.611551+00:00, run_after=2022-12-09T18:55:12.611551+00:00
[2022-12-09T18:55:12.623+0000] {processor.py:176} INFO - Processing /home/airflow/.local/lib/python3.7/site-packages/airflow/example_dags/example_latest_only.py took 0.093 seconds
[2022-12-09T18:55:43.437+0000] {processor.py:154} INFO - Started process (PID=1693) to work on /home/airflow/.local/lib/python3.7/site-packages/airflow/example_dags/example_latest_only.py
[2022-12-09T18:55:43.443+0000] {processor.py:756} INFO - Processing file /home/airflow/.local/lib/python3.7/site-packages/airflow/example_dags/example_latest_only.py for tasks to queue
[2022-12-09T18:55:43.446+0000] {logging_mixin.py:137} INFO - [2022-12-09T18:55:43.446+0000] {dagbag.py:537} INFO - Filling up the DagBag from /home/airflow/.local/lib/python3.7/site-packages/airflow/example_dags/example_latest_only.py
[2022-12-09T18:55:43.470+0000] {processor.py:766} INFO - DAG(s) dict_keys(['latest_only']) retrieved from /home/airflow/.local/lib/python3.7/site-packages/airflow/example_dags/example_latest_only.py
[2022-12-09T18:55:43.546+0000] {logging_mixin.py:137} INFO - [2022-12-09T18:55:43.545+0000] {dag.py:2585} INFO - Sync 1 DAGs
[2022-12-09T18:55:43.577+0000] {logging_mixin.py:137} INFO - [2022-12-09T18:55:43.577+0000] {dag.py:3340} INFO - Setting next_dagrun for latest_only to 2022-12-09T14:55:43.577569+00:00, run_after=2022-12-09T18:55:43.577569+00:00
[2022-12-09T18:55:43.601+0000] {processor.py:176} INFO - Processing /home/airflow/.local/lib/python3.7/site-packages/airflow/example_dags/example_latest_only.py took 0.170 seconds
[2022-12-09T18:56:13.960+0000] {processor.py:154} INFO - Started process (PID=1748) to work on /home/airflow/.local/lib/python3.7/site-packages/airflow/example_dags/example_latest_only.py
[2022-12-09T18:56:13.963+0000] {processor.py:756} INFO - Processing file /home/airflow/.local/lib/python3.7/site-packages/airflow/example_dags/example_latest_only.py for tasks to queue
[2022-12-09T18:56:13.965+0000] {logging_mixin.py:137} INFO - [2022-12-09T18:56:13.965+0000] {dagbag.py:537} INFO - Filling up the DagBag from /home/airflow/.local/lib/python3.7/site-packages/airflow/example_dags/example_latest_only.py
[2022-12-09T18:56:13.992+0000] {processor.py:766} INFO - DAG(s) dict_keys(['latest_only']) retrieved from /home/airflow/.local/lib/python3.7/site-packages/airflow/example_dags/example_latest_only.py
[2022-12-09T18:56:14.030+0000] {logging_mixin.py:137} INFO - [2022-12-09T18:56:14.030+0000] {dag.py:2585} INFO - Sync 1 DAGs
[2022-12-09T18:56:14.049+0000] {logging_mixin.py:137} INFO - [2022-12-09T18:56:14.049+0000] {dag.py:3340} INFO - Setting next_dagrun for latest_only to 2022-12-09T14:56:14.049216+00:00, run_after=2022-12-09T18:56:14.049216+00:00
[2022-12-09T18:56:14.067+0000] {processor.py:176} INFO - Processing /home/airflow/.local/lib/python3.7/site-packages/airflow/example_dags/example_latest_only.py took 0.115 seconds
[2022-12-09T18:56:44.614+0000] {processor.py:154} INFO - Started process (PID=1812) to work on /home/airflow/.local/lib/python3.7/site-packages/airflow/example_dags/example_latest_only.py
[2022-12-09T18:56:44.617+0000] {processor.py:756} INFO - Processing file /home/airflow/.local/lib/python3.7/site-packages/airflow/example_dags/example_latest_only.py for tasks to queue
[2022-12-09T18:56:44.621+0000] {logging_mixin.py:137} INFO - [2022-12-09T18:56:44.621+0000] {dagbag.py:537} INFO - Filling up the DagBag from /home/airflow/.local/lib/python3.7/site-packages/airflow/example_dags/example_latest_only.py
[2022-12-09T18:56:44.657+0000] {processor.py:766} INFO - DAG(s) dict_keys(['latest_only']) retrieved from /home/airflow/.local/lib/python3.7/site-packages/airflow/example_dags/example_latest_only.py
[2022-12-09T18:56:44.710+0000] {logging_mixin.py:137} INFO - [2022-12-09T18:56:44.710+0000] {dag.py:2585} INFO - Sync 1 DAGs
[2022-12-09T18:56:44.735+0000] {logging_mixin.py:137} INFO - [2022-12-09T18:56:44.735+0000] {dag.py:3340} INFO - Setting next_dagrun for latest_only to 2022-12-09T14:56:44.734798+00:00, run_after=2022-12-09T18:56:44.734798+00:00
[2022-12-09T18:56:44.753+0000] {processor.py:176} INFO - Processing /home/airflow/.local/lib/python3.7/site-packages/airflow/example_dags/example_latest_only.py took 0.143 seconds
[2022-12-09T18:57:14.801+0000] {processor.py:154} INFO - Started process (PID=1876) to work on /home/airflow/.local/lib/python3.7/site-packages/airflow/example_dags/example_latest_only.py
[2022-12-09T18:57:14.802+0000] {processor.py:756} INFO - Processing file /home/airflow/.local/lib/python3.7/site-packages/airflow/example_dags/example_latest_only.py for tasks to queue
[2022-12-09T18:57:14.804+0000] {logging_mixin.py:137} INFO - [2022-12-09T18:57:14.804+0000] {dagbag.py:537} INFO - Filling up the DagBag from /home/airflow/.local/lib/python3.7/site-packages/airflow/example_dags/example_latest_only.py
[2022-12-09T18:57:14.814+0000] {processor.py:766} INFO - DAG(s) dict_keys(['latest_only']) retrieved from /home/airflow/.local/lib/python3.7/site-packages/airflow/example_dags/example_latest_only.py
[2022-12-09T18:57:14.841+0000] {logging_mixin.py:137} INFO - [2022-12-09T18:57:14.840+0000] {dag.py:2585} INFO - Sync 1 DAGs
[2022-12-09T18:57:14.856+0000] {logging_mixin.py:137} INFO - [2022-12-09T18:57:14.856+0000] {dag.py:3340} INFO - Setting next_dagrun for latest_only to 2022-12-09T14:57:14.856763+00:00, run_after=2022-12-09T18:57:14.856763+00:00
[2022-12-09T18:57:14.868+0000] {processor.py:176} INFO - Processing /home/airflow/.local/lib/python3.7/site-packages/airflow/example_dags/example_latest_only.py took 0.069 seconds
[2022-12-09T18:57:47.023+0000] {processor.py:154} INFO - Started process (PID=1938) to work on /home/airflow/.local/lib/python3.7/site-packages/airflow/example_dags/example_latest_only.py
[2022-12-09T18:57:47.025+0000] {processor.py:756} INFO - Processing file /home/airflow/.local/lib/python3.7/site-packages/airflow/example_dags/example_latest_only.py for tasks to queue
[2022-12-09T18:57:47.032+0000] {logging_mixin.py:137} INFO - [2022-12-09T18:57:47.032+0000] {dagbag.py:537} INFO - Filling up the DagBag from /home/airflow/.local/lib/python3.7/site-packages/airflow/example_dags/example_latest_only.py
[2022-12-09T18:57:47.044+0000] {processor.py:766} INFO - DAG(s) dict_keys(['latest_only']) retrieved from /home/airflow/.local/lib/python3.7/site-packages/airflow/example_dags/example_latest_only.py
[2022-12-09T18:57:47.082+0000] {logging_mixin.py:137} INFO - [2022-12-09T18:57:47.082+0000] {dag.py:2585} INFO - Sync 1 DAGs
[2022-12-09T18:57:47.099+0000] {logging_mixin.py:137} INFO - [2022-12-09T18:57:47.099+0000] {dag.py:3340} INFO - Setting next_dagrun for latest_only to 2022-12-09T14:57:47.099429+00:00, run_after=2022-12-09T18:57:47.099429+00:00
[2022-12-09T18:57:47.114+0000] {processor.py:176} INFO - Processing /home/airflow/.local/lib/python3.7/site-packages/airflow/example_dags/example_latest_only.py took 0.095 seconds
[2022-12-09T18:58:17.250+0000] {processor.py:154} INFO - Started process (PID=1993) to work on /home/airflow/.local/lib/python3.7/site-packages/airflow/example_dags/example_latest_only.py
[2022-12-09T18:58:17.252+0000] {processor.py:756} INFO - Processing file /home/airflow/.local/lib/python3.7/site-packages/airflow/example_dags/example_latest_only.py for tasks to queue
[2022-12-09T18:58:17.255+0000] {logging_mixin.py:137} INFO - [2022-12-09T18:58:17.255+0000] {dagbag.py:537} INFO - Filling up the DagBag from /home/airflow/.local/lib/python3.7/site-packages/airflow/example_dags/example_latest_only.py
[2022-12-09T18:58:17.265+0000] {processor.py:766} INFO - DAG(s) dict_keys(['latest_only']) retrieved from /home/airflow/.local/lib/python3.7/site-packages/airflow/example_dags/example_latest_only.py
[2022-12-09T18:58:17.294+0000] {logging_mixin.py:137} INFO - [2022-12-09T18:58:17.294+0000] {dag.py:2585} INFO - Sync 1 DAGs
[2022-12-09T18:58:17.311+0000] {logging_mixin.py:137} INFO - [2022-12-09T18:58:17.311+0000] {dag.py:3340} INFO - Setting next_dagrun for latest_only to 2022-12-09T14:58:17.311265+00:00, run_after=2022-12-09T18:58:17.311265+00:00
[2022-12-09T18:58:17.325+0000] {processor.py:176} INFO - Processing /home/airflow/.local/lib/python3.7/site-packages/airflow/example_dags/example_latest_only.py took 0.078 seconds
[2022-12-09T18:58:56.367+0000] {processor.py:154} INFO - Started process (PID=2068) to work on /home/airflow/.local/lib/python3.7/site-packages/airflow/example_dags/example_latest_only.py
[2022-12-09T18:58:56.374+0000] {processor.py:756} INFO - Processing file /home/airflow/.local/lib/python3.7/site-packages/airflow/example_dags/example_latest_only.py for tasks to queue
[2022-12-09T18:58:56.395+0000] {logging_mixin.py:137} INFO - [2022-12-09T18:58:56.395+0000] {dagbag.py:537} INFO - Filling up the DagBag from /home/airflow/.local/lib/python3.7/site-packages/airflow/example_dags/example_latest_only.py
[2022-12-09T18:58:56.424+0000] {processor.py:766} INFO - DAG(s) dict_keys(['latest_only']) retrieved from /home/airflow/.local/lib/python3.7/site-packages/airflow/example_dags/example_latest_only.py
[2022-12-09T18:58:56.472+0000] {logging_mixin.py:137} INFO - [2022-12-09T18:58:56.472+0000] {dag.py:2585} INFO - Sync 1 DAGs
[2022-12-09T18:58:56.504+0000] {logging_mixin.py:137} INFO - [2022-12-09T18:58:56.504+0000] {dag.py:3340} INFO - Setting next_dagrun for latest_only to 2022-12-09T14:58:56.503834+00:00, run_after=2022-12-09T18:58:56.503834+00:00
[2022-12-09T18:58:56.542+0000] {processor.py:176} INFO - Processing /home/airflow/.local/lib/python3.7/site-packages/airflow/example_dags/example_latest_only.py took 0.190 seconds
[2022-12-09T18:59:26.601+0000] {processor.py:154} INFO - Started process (PID=2124) to work on /home/airflow/.local/lib/python3.7/site-packages/airflow/example_dags/example_latest_only.py
[2022-12-09T18:59:26.603+0000] {processor.py:756} INFO - Processing file /home/airflow/.local/lib/python3.7/site-packages/airflow/example_dags/example_latest_only.py for tasks to queue
[2022-12-09T18:59:26.604+0000] {logging_mixin.py:137} INFO - [2022-12-09T18:59:26.604+0000] {dagbag.py:537} INFO - Filling up the DagBag from /home/airflow/.local/lib/python3.7/site-packages/airflow/example_dags/example_latest_only.py
[2022-12-09T18:59:26.613+0000] {processor.py:766} INFO - DAG(s) dict_keys(['latest_only']) retrieved from /home/airflow/.local/lib/python3.7/site-packages/airflow/example_dags/example_latest_only.py
[2022-12-09T18:59:26.638+0000] {logging_mixin.py:137} INFO - [2022-12-09T18:59:26.638+0000] {dag.py:2585} INFO - Sync 1 DAGs
[2022-12-09T18:59:26.654+0000] {logging_mixin.py:137} INFO - [2022-12-09T18:59:26.654+0000] {dag.py:3340} INFO - Setting next_dagrun for latest_only to 2022-12-09T14:59:26.653983+00:00, run_after=2022-12-09T18:59:26.653983+00:00
[2022-12-09T18:59:26.666+0000] {processor.py:176} INFO - Processing /home/airflow/.local/lib/python3.7/site-packages/airflow/example_dags/example_latest_only.py took 0.067 seconds
[2022-12-09T18:59:57.219+0000] {processor.py:154} INFO - Started process (PID=2187) to work on /home/airflow/.local/lib/python3.7/site-packages/airflow/example_dags/example_latest_only.py
[2022-12-09T18:59:57.221+0000] {processor.py:756} INFO - Processing file /home/airflow/.local/lib/python3.7/site-packages/airflow/example_dags/example_latest_only.py for tasks to queue
[2022-12-09T18:59:57.222+0000] {logging_mixin.py:137} INFO - [2022-12-09T18:59:57.222+0000] {dagbag.py:537} INFO - Filling up the DagBag from /home/airflow/.local/lib/python3.7/site-packages/airflow/example_dags/example_latest_only.py
[2022-12-09T18:59:57.232+0000] {processor.py:766} INFO - DAG(s) dict_keys(['latest_only']) retrieved from /home/airflow/.local/lib/python3.7/site-packages/airflow/example_dags/example_latest_only.py
[2022-12-09T18:59:57.265+0000] {logging_mixin.py:137} INFO - [2022-12-09T18:59:57.265+0000] {dag.py:2585} INFO - Sync 1 DAGs
[2022-12-09T18:59:57.282+0000] {logging_mixin.py:137} INFO - [2022-12-09T18:59:57.282+0000] {dag.py:3340} INFO - Setting next_dagrun for latest_only to 2022-12-09T14:59:57.282562+00:00, run_after=2022-12-09T18:59:57.282562+00:00
[2022-12-09T18:59:57.297+0000] {processor.py:176} INFO - Processing /home/airflow/.local/lib/python3.7/site-packages/airflow/example_dags/example_latest_only.py took 0.081 seconds
[2022-12-09T19:00:28.173+0000] {processor.py:154} INFO - Started process (PID=2250) to work on /home/airflow/.local/lib/python3.7/site-packages/airflow/example_dags/example_latest_only.py
[2022-12-09T19:00:28.174+0000] {processor.py:756} INFO - Processing file /home/airflow/.local/lib/python3.7/site-packages/airflow/example_dags/example_latest_only.py for tasks to queue
[2022-12-09T19:00:28.176+0000] {logging_mixin.py:137} INFO - [2022-12-09T19:00:28.175+0000] {dagbag.py:537} INFO - Filling up the DagBag from /home/airflow/.local/lib/python3.7/site-packages/airflow/example_dags/example_latest_only.py
[2022-12-09T19:00:28.188+0000] {processor.py:766} INFO - DAG(s) dict_keys(['latest_only']) retrieved from /home/airflow/.local/lib/python3.7/site-packages/airflow/example_dags/example_latest_only.py
[2022-12-09T19:00:28.216+0000] {logging_mixin.py:137} INFO - [2022-12-09T19:00:28.215+0000] {dag.py:2585} INFO - Sync 1 DAGs
[2022-12-09T19:00:28.229+0000] {logging_mixin.py:137} INFO - [2022-12-09T19:00:28.229+0000] {dag.py:3340} INFO - Setting next_dagrun for latest_only to 2022-12-09T15:00:28.229581+00:00, run_after=2022-12-09T19:00:28.229581+00:00
[2022-12-09T19:00:28.240+0000] {processor.py:176} INFO - Processing /home/airflow/.local/lib/python3.7/site-packages/airflow/example_dags/example_latest_only.py took 0.070 seconds
[2022-12-09T19:00:59.271+0000] {processor.py:154} INFO - Started process (PID=2314) to work on /home/airflow/.local/lib/python3.7/site-packages/airflow/example_dags/example_latest_only.py
[2022-12-09T19:00:59.273+0000] {processor.py:756} INFO - Processing file /home/airflow/.local/lib/python3.7/site-packages/airflow/example_dags/example_latest_only.py for tasks to queue
[2022-12-09T19:00:59.274+0000] {logging_mixin.py:137} INFO - [2022-12-09T19:00:59.274+0000] {dagbag.py:537} INFO - Filling up the DagBag from /home/airflow/.local/lib/python3.7/site-packages/airflow/example_dags/example_latest_only.py
[2022-12-09T19:00:59.283+0000] {processor.py:766} INFO - DAG(s) dict_keys(['latest_only']) retrieved from /home/airflow/.local/lib/python3.7/site-packages/airflow/example_dags/example_latest_only.py
[2022-12-09T19:00:59.308+0000] {logging_mixin.py:137} INFO - [2022-12-09T19:00:59.308+0000] {dag.py:2585} INFO - Sync 1 DAGs
[2022-12-09T19:00:59.327+0000] {logging_mixin.py:137} INFO - [2022-12-09T19:00:59.327+0000] {dag.py:3340} INFO - Setting next_dagrun for latest_only to 2022-12-09T15:00:59.327257+00:00, run_after=2022-12-09T19:00:59.327257+00:00
[2022-12-09T19:00:59.340+0000] {processor.py:176} INFO - Processing /home/airflow/.local/lib/python3.7/site-packages/airflow/example_dags/example_latest_only.py took 0.071 seconds
[2022-12-09T19:01:29.669+0000] {processor.py:154} INFO - Started process (PID=2379) to work on /home/airflow/.local/lib/python3.7/site-packages/airflow/example_dags/example_latest_only.py
[2022-12-09T19:01:29.670+0000] {processor.py:756} INFO - Processing file /home/airflow/.local/lib/python3.7/site-packages/airflow/example_dags/example_latest_only.py for tasks to queue
[2022-12-09T19:01:29.671+0000] {logging_mixin.py:137} INFO - [2022-12-09T19:01:29.671+0000] {dagbag.py:537} INFO - Filling up the DagBag from /home/airflow/.local/lib/python3.7/site-packages/airflow/example_dags/example_latest_only.py
[2022-12-09T19:01:29.680+0000] {processor.py:766} INFO - DAG(s) dict_keys(['latest_only']) retrieved from /home/airflow/.local/lib/python3.7/site-packages/airflow/example_dags/example_latest_only.py
[2022-12-09T19:01:29.705+0000] {logging_mixin.py:137} INFO - [2022-12-09T19:01:29.705+0000] {dag.py:2585} INFO - Sync 1 DAGs
[2022-12-09T19:01:29.721+0000] {logging_mixin.py:137} INFO - [2022-12-09T19:01:29.721+0000] {dag.py:3340} INFO - Setting next_dagrun for latest_only to 2022-12-09T15:01:29.720953+00:00, run_after=2022-12-09T19:01:29.720953+00:00
[2022-12-09T19:01:29.732+0000] {processor.py:176} INFO - Processing /home/airflow/.local/lib/python3.7/site-packages/airflow/example_dags/example_latest_only.py took 0.066 seconds
[2022-12-09T19:02:00.716+0000] {processor.py:154} INFO - Started process (PID=2434) to work on /home/airflow/.local/lib/python3.7/site-packages/airflow/example_dags/example_latest_only.py
[2022-12-09T19:02:00.717+0000] {processor.py:756} INFO - Processing file /home/airflow/.local/lib/python3.7/site-packages/airflow/example_dags/example_latest_only.py for tasks to queue
[2022-12-09T19:02:00.718+0000] {logging_mixin.py:137} INFO - [2022-12-09T19:02:00.718+0000] {dagbag.py:537} INFO - Filling up the DagBag from /home/airflow/.local/lib/python3.7/site-packages/airflow/example_dags/example_latest_only.py
[2022-12-09T19:02:00.727+0000] {processor.py:766} INFO - DAG(s) dict_keys(['latest_only']) retrieved from /home/airflow/.local/lib/python3.7/site-packages/airflow/example_dags/example_latest_only.py
[2022-12-09T19:02:00.754+0000] {logging_mixin.py:137} INFO - [2022-12-09T19:02:00.753+0000] {dag.py:2585} INFO - Sync 1 DAGs
[2022-12-09T19:02:00.768+0000] {logging_mixin.py:137} INFO - [2022-12-09T19:02:00.768+0000] {dag.py:3340} INFO - Setting next_dagrun for latest_only to 2022-12-09T15:02:00.768245+00:00, run_after=2022-12-09T19:02:00.768245+00:00
[2022-12-09T19:02:00.778+0000] {processor.py:176} INFO - Processing /home/airflow/.local/lib/python3.7/site-packages/airflow/example_dags/example_latest_only.py took 0.065 seconds
[2022-12-09T19:02:31.187+0000] {processor.py:154} INFO - Started process (PID=2498) to work on /home/airflow/.local/lib/python3.7/site-packages/airflow/example_dags/example_latest_only.py
[2022-12-09T19:02:31.188+0000] {processor.py:756} INFO - Processing file /home/airflow/.local/lib/python3.7/site-packages/airflow/example_dags/example_latest_only.py for tasks to queue
[2022-12-09T19:02:31.189+0000] {logging_mixin.py:137} INFO - [2022-12-09T19:02:31.189+0000] {dagbag.py:537} INFO - Filling up the DagBag from /home/airflow/.local/lib/python3.7/site-packages/airflow/example_dags/example_latest_only.py
[2022-12-09T19:02:31.199+0000] {processor.py:766} INFO - DAG(s) dict_keys(['latest_only']) retrieved from /home/airflow/.local/lib/python3.7/site-packages/airflow/example_dags/example_latest_only.py
[2022-12-09T19:02:31.229+0000] {logging_mixin.py:137} INFO - [2022-12-09T19:02:31.229+0000] {dag.py:2585} INFO - Sync 1 DAGs
[2022-12-09T19:02:31.244+0000] {logging_mixin.py:137} INFO - [2022-12-09T19:02:31.243+0000] {dag.py:3340} INFO - Setting next_dagrun for latest_only to 2022-12-09T15:02:31.243726+00:00, run_after=2022-12-09T19:02:31.243726+00:00
[2022-12-09T19:02:31.255+0000] {processor.py:176} INFO - Processing /home/airflow/.local/lib/python3.7/site-packages/airflow/example_dags/example_latest_only.py took 0.071 seconds
[2022-12-09T19:03:04.517+0000] {processor.py:154} INFO - Started process (PID=2562) to work on /home/airflow/.local/lib/python3.7/site-packages/airflow/example_dags/example_latest_only.py
[2022-12-09T19:03:04.534+0000] {processor.py:756} INFO - Processing file /home/airflow/.local/lib/python3.7/site-packages/airflow/example_dags/example_latest_only.py for tasks to queue
[2022-12-09T19:03:04.544+0000] {logging_mixin.py:137} INFO - [2022-12-09T19:03:04.544+0000] {dagbag.py:537} INFO - Filling up the DagBag from /home/airflow/.local/lib/python3.7/site-packages/airflow/example_dags/example_latest_only.py
[2022-12-09T19:03:04.684+0000] {processor.py:766} INFO - DAG(s) dict_keys(['latest_only']) retrieved from /home/airflow/.local/lib/python3.7/site-packages/airflow/example_dags/example_latest_only.py
[2022-12-09T19:03:04.964+0000] {logging_mixin.py:137} INFO - [2022-12-09T19:03:04.948+0000] {dag.py:2585} INFO - Sync 1 DAGs
[2022-12-09T19:03:05.112+0000] {logging_mixin.py:137} INFO - [2022-12-09T19:03:05.107+0000] {dag.py:3340} INFO - Setting next_dagrun for latest_only to 2022-12-09T15:03:05.102953+00:00, run_after=2022-12-09T19:03:05.102953+00:00
[2022-12-09T19:03:05.248+0000] {processor.py:176} INFO - Processing /home/airflow/.local/lib/python3.7/site-packages/airflow/example_dags/example_latest_only.py took 0.820 seconds
[2022-12-09T19:03:36.389+0000] {processor.py:154} INFO - Started process (PID=2617) to work on /home/airflow/.local/lib/python3.7/site-packages/airflow/example_dags/example_latest_only.py
[2022-12-09T19:03:36.393+0000] {processor.py:756} INFO - Processing file /home/airflow/.local/lib/python3.7/site-packages/airflow/example_dags/example_latest_only.py for tasks to queue
[2022-12-09T19:03:36.397+0000] {logging_mixin.py:137} INFO - [2022-12-09T19:03:36.396+0000] {dagbag.py:537} INFO - Filling up the DagBag from /home/airflow/.local/lib/python3.7/site-packages/airflow/example_dags/example_latest_only.py
[2022-12-09T19:03:36.442+0000] {processor.py:766} INFO - DAG(s) dict_keys(['latest_only']) retrieved from /home/airflow/.local/lib/python3.7/site-packages/airflow/example_dags/example_latest_only.py
[2022-12-09T19:03:36.536+0000] {logging_mixin.py:137} INFO - [2022-12-09T19:03:36.536+0000] {dag.py:2585} INFO - Sync 1 DAGs
[2022-12-09T19:03:36.573+0000] {logging_mixin.py:137} INFO - [2022-12-09T19:03:36.573+0000] {dag.py:3340} INFO - Setting next_dagrun for latest_only to 2022-12-09T15:03:36.573567+00:00, run_after=2022-12-09T19:03:36.573567+00:00
[2022-12-09T19:03:36.603+0000] {processor.py:176} INFO - Processing /home/airflow/.local/lib/python3.7/site-packages/airflow/example_dags/example_latest_only.py took 0.224 seconds
[2022-12-09T19:04:06.987+0000] {processor.py:154} INFO - Started process (PID=2671) to work on /home/airflow/.local/lib/python3.7/site-packages/airflow/example_dags/example_latest_only.py
[2022-12-09T19:04:06.998+0000] {processor.py:756} INFO - Processing file /home/airflow/.local/lib/python3.7/site-packages/airflow/example_dags/example_latest_only.py for tasks to queue
[2022-12-09T19:04:07.007+0000] {logging_mixin.py:137} INFO - [2022-12-09T19:04:07.007+0000] {dagbag.py:537} INFO - Filling up the DagBag from /home/airflow/.local/lib/python3.7/site-packages/airflow/example_dags/example_latest_only.py
[2022-12-09T19:04:07.085+0000] {processor.py:766} INFO - DAG(s) dict_keys(['latest_only']) retrieved from /home/airflow/.local/lib/python3.7/site-packages/airflow/example_dags/example_latest_only.py
[2022-12-09T19:04:07.373+0000] {logging_mixin.py:137} INFO - [2022-12-09T19:04:07.372+0000] {dag.py:2585} INFO - Sync 1 DAGs
[2022-12-09T19:04:07.737+0000] {logging_mixin.py:137} INFO - [2022-12-09T19:04:07.736+0000] {dag.py:3340} INFO - Setting next_dagrun for latest_only to 2022-12-09T15:04:07.736667+00:00, run_after=2022-12-09T19:04:07.736667+00:00
[2022-12-09T19:04:07.834+0000] {processor.py:176} INFO - Processing /home/airflow/.local/lib/python3.7/site-packages/airflow/example_dags/example_latest_only.py took 0.865 seconds
[2022-12-09T19:04:38.228+0000] {processor.py:154} INFO - Started process (PID=2735) to work on /home/airflow/.local/lib/python3.7/site-packages/airflow/example_dags/example_latest_only.py
[2022-12-09T19:04:38.235+0000] {processor.py:756} INFO - Processing file /home/airflow/.local/lib/python3.7/site-packages/airflow/example_dags/example_latest_only.py for tasks to queue
[2022-12-09T19:04:38.237+0000] {logging_mixin.py:137} INFO - [2022-12-09T19:04:38.237+0000] {dagbag.py:537} INFO - Filling up the DagBag from /home/airflow/.local/lib/python3.7/site-packages/airflow/example_dags/example_latest_only.py
[2022-12-09T19:04:38.285+0000] {processor.py:766} INFO - DAG(s) dict_keys(['latest_only']) retrieved from /home/airflow/.local/lib/python3.7/site-packages/airflow/example_dags/example_latest_only.py
[2022-12-09T19:04:38.357+0000] {logging_mixin.py:137} INFO - [2022-12-09T19:04:38.357+0000] {dag.py:2585} INFO - Sync 1 DAGs
[2022-12-09T19:04:38.383+0000] {logging_mixin.py:137} INFO - [2022-12-09T19:04:38.383+0000] {dag.py:3340} INFO - Setting next_dagrun for latest_only to 2022-12-09T15:04:38.383361+00:00, run_after=2022-12-09T19:04:38.383361+00:00
[2022-12-09T19:04:38.401+0000] {processor.py:176} INFO - Processing /home/airflow/.local/lib/python3.7/site-packages/airflow/example_dags/example_latest_only.py took 0.181 seconds
[2022-12-09T19:05:08.644+0000] {processor.py:154} INFO - Started process (PID=2801) to work on /home/airflow/.local/lib/python3.7/site-packages/airflow/example_dags/example_latest_only.py
[2022-12-09T19:05:08.648+0000] {processor.py:756} INFO - Processing file /home/airflow/.local/lib/python3.7/site-packages/airflow/example_dags/example_latest_only.py for tasks to queue
[2022-12-09T19:05:08.649+0000] {logging_mixin.py:137} INFO - [2022-12-09T19:05:08.649+0000] {dagbag.py:537} INFO - Filling up the DagBag from /home/airflow/.local/lib/python3.7/site-packages/airflow/example_dags/example_latest_only.py
[2022-12-09T19:05:08.685+0000] {processor.py:766} INFO - DAG(s) dict_keys(['latest_only']) retrieved from /home/airflow/.local/lib/python3.7/site-packages/airflow/example_dags/example_latest_only.py
[2022-12-09T19:05:08.756+0000] {logging_mixin.py:137} INFO - [2022-12-09T19:05:08.756+0000] {dag.py:2585} INFO - Sync 1 DAGs
[2022-12-09T19:05:08.781+0000] {logging_mixin.py:137} INFO - [2022-12-09T19:05:08.781+0000] {dag.py:3340} INFO - Setting next_dagrun for latest_only to 2022-12-09T15:05:08.781048+00:00, run_after=2022-12-09T19:05:08.781048+00:00
[2022-12-09T19:05:08.798+0000] {processor.py:176} INFO - Processing /home/airflow/.local/lib/python3.7/site-packages/airflow/example_dags/example_latest_only.py took 0.163 seconds
[2022-12-09T19:05:39.337+0000] {processor.py:154} INFO - Started process (PID=2865) to work on /home/airflow/.local/lib/python3.7/site-packages/airflow/example_dags/example_latest_only.py
[2022-12-09T19:05:39.343+0000] {processor.py:756} INFO - Processing file /home/airflow/.local/lib/python3.7/site-packages/airflow/example_dags/example_latest_only.py for tasks to queue
[2022-12-09T19:05:39.345+0000] {logging_mixin.py:137} INFO - [2022-12-09T19:05:39.345+0000] {dagbag.py:537} INFO - Filling up the DagBag from /home/airflow/.local/lib/python3.7/site-packages/airflow/example_dags/example_latest_only.py
[2022-12-09T19:05:39.429+0000] {processor.py:766} INFO - DAG(s) dict_keys(['latest_only']) retrieved from /home/airflow/.local/lib/python3.7/site-packages/airflow/example_dags/example_latest_only.py
[2022-12-09T19:05:39.553+0000] {logging_mixin.py:137} INFO - [2022-12-09T19:05:39.553+0000] {dag.py:2585} INFO - Sync 1 DAGs
[2022-12-09T19:05:39.601+0000] {logging_mixin.py:137} INFO - [2022-12-09T19:05:39.601+0000] {dag.py:3340} INFO - Setting next_dagrun for latest_only to 2022-12-09T15:05:39.601442+00:00, run_after=2022-12-09T19:05:39.601442+00:00
[2022-12-09T19:05:39.635+0000] {processor.py:176} INFO - Processing /home/airflow/.local/lib/python3.7/site-packages/airflow/example_dags/example_latest_only.py took 0.313 seconds
[2022-12-09T19:06:09.939+0000] {processor.py:154} INFO - Started process (PID=2929) to work on /home/airflow/.local/lib/python3.7/site-packages/airflow/example_dags/example_latest_only.py
[2022-12-09T19:06:09.942+0000] {processor.py:756} INFO - Processing file /home/airflow/.local/lib/python3.7/site-packages/airflow/example_dags/example_latest_only.py for tasks to queue
[2022-12-09T19:06:09.947+0000] {logging_mixin.py:137} INFO - [2022-12-09T19:06:09.946+0000] {dagbag.py:537} INFO - Filling up the DagBag from /home/airflow/.local/lib/python3.7/site-packages/airflow/example_dags/example_latest_only.py
[2022-12-09T19:06:09.975+0000] {processor.py:766} INFO - DAG(s) dict_keys(['latest_only']) retrieved from /home/airflow/.local/lib/python3.7/site-packages/airflow/example_dags/example_latest_only.py
[2022-12-09T19:06:10.018+0000] {logging_mixin.py:137} INFO - [2022-12-09T19:06:10.018+0000] {dag.py:2585} INFO - Sync 1 DAGs
[2022-12-09T19:06:10.041+0000] {logging_mixin.py:137} INFO - [2022-12-09T19:06:10.041+0000] {dag.py:3340} INFO - Setting next_dagrun for latest_only to 2022-12-09T15:06:10.040775+00:00, run_after=2022-12-09T19:06:10.040775+00:00
[2022-12-09T19:06:10.054+0000] {processor.py:176} INFO - Processing /home/airflow/.local/lib/python3.7/site-packages/airflow/example_dags/example_latest_only.py took 0.119 seconds
[2022-12-09T19:06:40.330+0000] {processor.py:154} INFO - Started process (PID=2984) to work on /home/airflow/.local/lib/python3.7/site-packages/airflow/example_dags/example_latest_only.py
[2022-12-09T19:06:40.333+0000] {processor.py:756} INFO - Processing file /home/airflow/.local/lib/python3.7/site-packages/airflow/example_dags/example_latest_only.py for tasks to queue
[2022-12-09T19:06:40.334+0000] {logging_mixin.py:137} INFO - [2022-12-09T19:06:40.334+0000] {dagbag.py:537} INFO - Filling up the DagBag from /home/airflow/.local/lib/python3.7/site-packages/airflow/example_dags/example_latest_only.py
[2022-12-09T19:06:40.355+0000] {processor.py:766} INFO - DAG(s) dict_keys(['latest_only']) retrieved from /home/airflow/.local/lib/python3.7/site-packages/airflow/example_dags/example_latest_only.py
[2022-12-09T19:06:40.400+0000] {logging_mixin.py:137} INFO - [2022-12-09T19:06:40.400+0000] {dag.py:2585} INFO - Sync 1 DAGs
[2022-12-09T19:06:40.425+0000] {logging_mixin.py:137} INFO - [2022-12-09T19:06:40.425+0000] {dag.py:3340} INFO - Setting next_dagrun for latest_only to 2022-12-09T15:06:40.425217+00:00, run_after=2022-12-09T19:06:40.425217+00:00
[2022-12-09T19:06:40.443+0000] {processor.py:176} INFO - Processing /home/airflow/.local/lib/python3.7/site-packages/airflow/example_dags/example_latest_only.py took 0.117 seconds
[2022-12-09T19:07:11.172+0000] {processor.py:154} INFO - Started process (PID=3048) to work on /home/airflow/.local/lib/python3.7/site-packages/airflow/example_dags/example_latest_only.py
[2022-12-09T19:07:11.192+0000] {processor.py:756} INFO - Processing file /home/airflow/.local/lib/python3.7/site-packages/airflow/example_dags/example_latest_only.py for tasks to queue
[2022-12-09T19:07:11.195+0000] {logging_mixin.py:137} INFO - [2022-12-09T19:07:11.195+0000] {dagbag.py:537} INFO - Filling up the DagBag from /home/airflow/.local/lib/python3.7/site-packages/airflow/example_dags/example_latest_only.py
[2022-12-09T19:07:11.236+0000] {processor.py:766} INFO - DAG(s) dict_keys(['latest_only']) retrieved from /home/airflow/.local/lib/python3.7/site-packages/airflow/example_dags/example_latest_only.py
[2022-12-09T19:07:11.310+0000] {logging_mixin.py:137} INFO - [2022-12-09T19:07:11.309+0000] {dag.py:2585} INFO - Sync 1 DAGs
[2022-12-09T19:07:11.336+0000] {logging_mixin.py:137} INFO - [2022-12-09T19:07:11.336+0000] {dag.py:3340} INFO - Setting next_dagrun for latest_only to 2022-12-09T15:07:11.335981+00:00, run_after=2022-12-09T19:07:11.335981+00:00
[2022-12-09T19:07:11.354+0000] {processor.py:176} INFO - Processing /home/airflow/.local/lib/python3.7/site-packages/airflow/example_dags/example_latest_only.py took 0.191 seconds
[2022-12-09T19:07:42.339+0000] {processor.py:154} INFO - Started process (PID=3112) to work on /home/airflow/.local/lib/python3.7/site-packages/airflow/example_dags/example_latest_only.py
[2022-12-09T19:07:42.343+0000] {processor.py:756} INFO - Processing file /home/airflow/.local/lib/python3.7/site-packages/airflow/example_dags/example_latest_only.py for tasks to queue
[2022-12-09T19:07:42.345+0000] {logging_mixin.py:137} INFO - [2022-12-09T19:07:42.345+0000] {dagbag.py:537} INFO - Filling up the DagBag from /home/airflow/.local/lib/python3.7/site-packages/airflow/example_dags/example_latest_only.py
[2022-12-09T19:07:42.384+0000] {processor.py:766} INFO - DAG(s) dict_keys(['latest_only']) retrieved from /home/airflow/.local/lib/python3.7/site-packages/airflow/example_dags/example_latest_only.py
[2022-12-09T19:07:42.445+0000] {logging_mixin.py:137} INFO - [2022-12-09T19:07:42.445+0000] {dag.py:2585} INFO - Sync 1 DAGs
[2022-12-09T19:07:42.470+0000] {logging_mixin.py:137} INFO - [2022-12-09T19:07:42.469+0000] {dag.py:3340} INFO - Setting next_dagrun for latest_only to 2022-12-09T15:07:42.469661+00:00, run_after=2022-12-09T19:07:42.469661+00:00
[2022-12-09T19:07:42.485+0000] {processor.py:176} INFO - Processing /home/airflow/.local/lib/python3.7/site-packages/airflow/example_dags/example_latest_only.py took 0.158 seconds
[2022-12-09T19:08:12.630+0000] {processor.py:154} INFO - Started process (PID=3177) to work on /home/airflow/.local/lib/python3.7/site-packages/airflow/example_dags/example_latest_only.py
[2022-12-09T19:08:12.638+0000] {processor.py:756} INFO - Processing file /home/airflow/.local/lib/python3.7/site-packages/airflow/example_dags/example_latest_only.py for tasks to queue
[2022-12-09T19:08:12.640+0000] {logging_mixin.py:137} INFO - [2022-12-09T19:08:12.640+0000] {dagbag.py:537} INFO - Filling up the DagBag from /home/airflow/.local/lib/python3.7/site-packages/airflow/example_dags/example_latest_only.py
[2022-12-09T19:08:12.693+0000] {processor.py:766} INFO - DAG(s) dict_keys(['latest_only']) retrieved from /home/airflow/.local/lib/python3.7/site-packages/airflow/example_dags/example_latest_only.py
[2022-12-09T19:08:12.796+0000] {logging_mixin.py:137} INFO - [2022-12-09T19:08:12.796+0000] {dag.py:2585} INFO - Sync 1 DAGs
[2022-12-09T19:08:12.832+0000] {logging_mixin.py:137} INFO - [2022-12-09T19:08:12.832+0000] {dag.py:3340} INFO - Setting next_dagrun for latest_only to 2022-12-09T15:08:12.832470+00:00, run_after=2022-12-09T19:08:12.832470+00:00
[2022-12-09T19:08:12.865+0000] {processor.py:176} INFO - Processing /home/airflow/.local/lib/python3.7/site-packages/airflow/example_dags/example_latest_only.py took 0.245 seconds
[2022-12-09T19:08:43.303+0000] {processor.py:154} INFO - Started process (PID=3241) to work on /home/airflow/.local/lib/python3.7/site-packages/airflow/example_dags/example_latest_only.py
[2022-12-09T19:08:43.305+0000] {processor.py:756} INFO - Processing file /home/airflow/.local/lib/python3.7/site-packages/airflow/example_dags/example_latest_only.py for tasks to queue
[2022-12-09T19:08:43.306+0000] {logging_mixin.py:137} INFO - [2022-12-09T19:08:43.306+0000] {dagbag.py:537} INFO - Filling up the DagBag from /home/airflow/.local/lib/python3.7/site-packages/airflow/example_dags/example_latest_only.py
[2022-12-09T19:08:43.316+0000] {processor.py:766} INFO - DAG(s) dict_keys(['latest_only']) retrieved from /home/airflow/.local/lib/python3.7/site-packages/airflow/example_dags/example_latest_only.py
[2022-12-09T19:08:43.344+0000] {logging_mixin.py:137} INFO - [2022-12-09T19:08:43.344+0000] {dag.py:2585} INFO - Sync 1 DAGs
[2022-12-09T19:08:43.361+0000] {logging_mixin.py:137} INFO - [2022-12-09T19:08:43.361+0000] {dag.py:3340} INFO - Setting next_dagrun for latest_only to 2022-12-09T15:08:43.361443+00:00, run_after=2022-12-09T19:08:43.361443+00:00
[2022-12-09T19:08:43.373+0000] {processor.py:176} INFO - Processing /home/airflow/.local/lib/python3.7/site-packages/airflow/example_dags/example_latest_only.py took 0.074 seconds
[2022-12-09T19:09:14.319+0000] {processor.py:154} INFO - Started process (PID=3303) to work on /home/airflow/.local/lib/python3.7/site-packages/airflow/example_dags/example_latest_only.py
[2022-12-09T19:09:14.323+0000] {processor.py:756} INFO - Processing file /home/airflow/.local/lib/python3.7/site-packages/airflow/example_dags/example_latest_only.py for tasks to queue
[2022-12-09T19:09:14.326+0000] {logging_mixin.py:137} INFO - [2022-12-09T19:09:14.325+0000] {dagbag.py:537} INFO - Filling up the DagBag from /home/airflow/.local/lib/python3.7/site-packages/airflow/example_dags/example_latest_only.py
[2022-12-09T19:09:14.350+0000] {processor.py:766} INFO - DAG(s) dict_keys(['latest_only']) retrieved from /home/airflow/.local/lib/python3.7/site-packages/airflow/example_dags/example_latest_only.py
[2022-12-09T19:09:14.400+0000] {logging_mixin.py:137} INFO - [2022-12-09T19:09:14.400+0000] {dag.py:2585} INFO - Sync 1 DAGs
[2022-12-09T19:09:14.420+0000] {logging_mixin.py:137} INFO - [2022-12-09T19:09:14.420+0000] {dag.py:3340} INFO - Setting next_dagrun for latest_only to 2022-12-09T15:09:14.420133+00:00, run_after=2022-12-09T19:09:14.420133+00:00
[2022-12-09T19:09:14.440+0000] {processor.py:176} INFO - Processing /home/airflow/.local/lib/python3.7/site-packages/airflow/example_dags/example_latest_only.py took 0.125 seconds
[2022-12-09T19:09:44.923+0000] {processor.py:154} INFO - Started process (PID=3360) to work on /home/airflow/.local/lib/python3.7/site-packages/airflow/example_dags/example_latest_only.py
[2022-12-09T19:09:44.925+0000] {processor.py:756} INFO - Processing file /home/airflow/.local/lib/python3.7/site-packages/airflow/example_dags/example_latest_only.py for tasks to queue
[2022-12-09T19:09:44.927+0000] {logging_mixin.py:137} INFO - [2022-12-09T19:09:44.926+0000] {dagbag.py:537} INFO - Filling up the DagBag from /home/airflow/.local/lib/python3.7/site-packages/airflow/example_dags/example_latest_only.py
[2022-12-09T19:09:44.945+0000] {processor.py:766} INFO - DAG(s) dict_keys(['latest_only']) retrieved from /home/airflow/.local/lib/python3.7/site-packages/airflow/example_dags/example_latest_only.py
[2022-12-09T19:09:44.978+0000] {logging_mixin.py:137} INFO - [2022-12-09T19:09:44.977+0000] {dag.py:2585} INFO - Sync 1 DAGs
[2022-12-09T19:09:44.994+0000] {logging_mixin.py:137} INFO - [2022-12-09T19:09:44.994+0000] {dag.py:3340} INFO - Setting next_dagrun for latest_only to 2022-12-09T15:09:44.994047+00:00, run_after=2022-12-09T19:09:44.994047+00:00
[2022-12-09T19:09:45.006+0000] {processor.py:176} INFO - Processing /home/airflow/.local/lib/python3.7/site-packages/airflow/example_dags/example_latest_only.py took 0.088 seconds
[2022-12-09T19:10:15.552+0000] {processor.py:154} INFO - Started process (PID=3424) to work on /home/airflow/.local/lib/python3.7/site-packages/airflow/example_dags/example_latest_only.py
[2022-12-09T19:10:15.555+0000] {processor.py:756} INFO - Processing file /home/airflow/.local/lib/python3.7/site-packages/airflow/example_dags/example_latest_only.py for tasks to queue
[2022-12-09T19:10:15.557+0000] {logging_mixin.py:137} INFO - [2022-12-09T19:10:15.557+0000] {dagbag.py:537} INFO - Filling up the DagBag from /home/airflow/.local/lib/python3.7/site-packages/airflow/example_dags/example_latest_only.py
[2022-12-09T19:10:15.575+0000] {processor.py:766} INFO - DAG(s) dict_keys(['latest_only']) retrieved from /home/airflow/.local/lib/python3.7/site-packages/airflow/example_dags/example_latest_only.py
[2022-12-09T19:10:15.608+0000] {logging_mixin.py:137} INFO - [2022-12-09T19:10:15.608+0000] {dag.py:2585} INFO - Sync 1 DAGs
[2022-12-09T19:10:15.627+0000] {logging_mixin.py:137} INFO - [2022-12-09T19:10:15.626+0000] {dag.py:3340} INFO - Setting next_dagrun for latest_only to 2022-12-09T15:10:15.626791+00:00, run_after=2022-12-09T19:10:15.626791+00:00
[2022-12-09T19:10:15.639+0000] {processor.py:176} INFO - Processing /home/airflow/.local/lib/python3.7/site-packages/airflow/example_dags/example_latest_only.py took 0.092 seconds
[2022-12-09T19:10:45.999+0000] {processor.py:154} INFO - Started process (PID=3488) to work on /home/airflow/.local/lib/python3.7/site-packages/airflow/example_dags/example_latest_only.py
[2022-12-09T19:10:46.002+0000] {processor.py:756} INFO - Processing file /home/airflow/.local/lib/python3.7/site-packages/airflow/example_dags/example_latest_only.py for tasks to queue
[2022-12-09T19:10:46.004+0000] {logging_mixin.py:137} INFO - [2022-12-09T19:10:46.004+0000] {dagbag.py:537} INFO - Filling up the DagBag from /home/airflow/.local/lib/python3.7/site-packages/airflow/example_dags/example_latest_only.py
[2022-12-09T19:10:46.049+0000] {processor.py:766} INFO - DAG(s) dict_keys(['latest_only']) retrieved from /home/airflow/.local/lib/python3.7/site-packages/airflow/example_dags/example_latest_only.py
[2022-12-09T19:10:46.109+0000] {logging_mixin.py:137} INFO - [2022-12-09T19:10:46.109+0000] {dag.py:2585} INFO - Sync 1 DAGs
[2022-12-09T19:10:46.128+0000] {logging_mixin.py:137} INFO - [2022-12-09T19:10:46.128+0000] {dag.py:3340} INFO - Setting next_dagrun for latest_only to 2022-12-09T15:10:46.128507+00:00, run_after=2022-12-09T19:10:46.128507+00:00
[2022-12-09T19:10:46.146+0000] {processor.py:176} INFO - Processing /home/airflow/.local/lib/python3.7/site-packages/airflow/example_dags/example_latest_only.py took 0.151 seconds
[2022-12-09T19:11:16.751+0000] {processor.py:154} INFO - Started process (PID=3552) to work on /home/airflow/.local/lib/python3.7/site-packages/airflow/example_dags/example_latest_only.py
[2022-12-09T19:11:16.759+0000] {processor.py:756} INFO - Processing file /home/airflow/.local/lib/python3.7/site-packages/airflow/example_dags/example_latest_only.py for tasks to queue
[2022-12-09T19:11:16.764+0000] {logging_mixin.py:137} INFO - [2022-12-09T19:11:16.764+0000] {dagbag.py:537} INFO - Filling up the DagBag from /home/airflow/.local/lib/python3.7/site-packages/airflow/example_dags/example_latest_only.py
[2022-12-09T19:11:16.825+0000] {processor.py:766} INFO - DAG(s) dict_keys(['latest_only']) retrieved from /home/airflow/.local/lib/python3.7/site-packages/airflow/example_dags/example_latest_only.py
[2022-12-09T19:11:16.938+0000] {logging_mixin.py:137} INFO - [2022-12-09T19:11:16.938+0000] {dag.py:2585} INFO - Sync 1 DAGs
[2022-12-09T19:11:16.973+0000] {logging_mixin.py:137} INFO - [2022-12-09T19:11:16.972+0000] {dag.py:3340} INFO - Setting next_dagrun for latest_only to 2022-12-09T15:11:16.972028+00:00, run_after=2022-12-09T19:11:16.972028+00:00
[2022-12-09T19:11:17.025+0000] {processor.py:176} INFO - Processing /home/airflow/.local/lib/python3.7/site-packages/airflow/example_dags/example_latest_only.py took 0.289 seconds
[2022-12-09T19:11:47.747+0000] {processor.py:154} INFO - Started process (PID=3617) to work on /home/airflow/.local/lib/python3.7/site-packages/airflow/example_dags/example_latest_only.py
[2022-12-09T19:11:47.750+0000] {processor.py:756} INFO - Processing file /home/airflow/.local/lib/python3.7/site-packages/airflow/example_dags/example_latest_only.py for tasks to queue
[2022-12-09T19:11:47.751+0000] {logging_mixin.py:137} INFO - [2022-12-09T19:11:47.751+0000] {dagbag.py:537} INFO - Filling up the DagBag from /home/airflow/.local/lib/python3.7/site-packages/airflow/example_dags/example_latest_only.py
[2022-12-09T19:11:47.762+0000] {processor.py:766} INFO - DAG(s) dict_keys(['latest_only']) retrieved from /home/airflow/.local/lib/python3.7/site-packages/airflow/example_dags/example_latest_only.py
[2022-12-09T19:11:47.808+0000] {logging_mixin.py:137} INFO - [2022-12-09T19:11:47.808+0000] {dag.py:2585} INFO - Sync 1 DAGs
[2022-12-09T19:11:47.844+0000] {logging_mixin.py:137} INFO - [2022-12-09T19:11:47.844+0000] {dag.py:3340} INFO - Setting next_dagrun for latest_only to 2022-12-09T15:11:47.843729+00:00, run_after=2022-12-09T19:11:47.843729+00:00
[2022-12-09T19:11:47.868+0000] {processor.py:176} INFO - Processing /home/airflow/.local/lib/python3.7/site-packages/airflow/example_dags/example_latest_only.py took 0.124 seconds
[2022-12-09T19:12:19.258+0000] {processor.py:154} INFO - Started process (PID=3675) to work on /home/airflow/.local/lib/python3.7/site-packages/airflow/example_dags/example_latest_only.py
[2022-12-09T19:12:19.264+0000] {processor.py:756} INFO - Processing file /home/airflow/.local/lib/python3.7/site-packages/airflow/example_dags/example_latest_only.py for tasks to queue
[2022-12-09T19:12:19.271+0000] {logging_mixin.py:137} INFO - [2022-12-09T19:12:19.271+0000] {dagbag.py:537} INFO - Filling up the DagBag from /home/airflow/.local/lib/python3.7/site-packages/airflow/example_dags/example_latest_only.py
[2022-12-09T19:12:19.293+0000] {processor.py:766} INFO - DAG(s) dict_keys(['latest_only']) retrieved from /home/airflow/.local/lib/python3.7/site-packages/airflow/example_dags/example_latest_only.py
[2022-12-09T19:12:19.358+0000] {logging_mixin.py:137} INFO - [2022-12-09T19:12:19.358+0000] {dag.py:2585} INFO - Sync 1 DAGs
[2022-12-09T19:12:19.387+0000] {logging_mixin.py:137} INFO - [2022-12-09T19:12:19.387+0000] {dag.py:3340} INFO - Setting next_dagrun for latest_only to 2022-12-09T15:12:19.386535+00:00, run_after=2022-12-09T19:12:19.386535+00:00
[2022-12-09T19:12:19.439+0000] {processor.py:176} INFO - Processing /home/airflow/.local/lib/python3.7/site-packages/airflow/example_dags/example_latest_only.py took 0.187 seconds
[2022-12-09T19:12:49.600+0000] {processor.py:154} INFO - Started process (PID=3738) to work on /home/airflow/.local/lib/python3.7/site-packages/airflow/example_dags/example_latest_only.py
[2022-12-09T19:12:49.614+0000] {processor.py:756} INFO - Processing file /home/airflow/.local/lib/python3.7/site-packages/airflow/example_dags/example_latest_only.py for tasks to queue
[2022-12-09T19:12:49.626+0000] {logging_mixin.py:137} INFO - [2022-12-09T19:12:49.625+0000] {dagbag.py:537} INFO - Filling up the DagBag from /home/airflow/.local/lib/python3.7/site-packages/airflow/example_dags/example_latest_only.py
[2022-12-09T19:12:49.658+0000] {processor.py:766} INFO - DAG(s) dict_keys(['latest_only']) retrieved from /home/airflow/.local/lib/python3.7/site-packages/airflow/example_dags/example_latest_only.py
[2022-12-09T19:12:49.709+0000] {logging_mixin.py:137} INFO - [2022-12-09T19:12:49.707+0000] {dag.py:2585} INFO - Sync 1 DAGs
[2022-12-09T19:12:49.731+0000] {logging_mixin.py:137} INFO - [2022-12-09T19:12:49.731+0000] {dag.py:3340} INFO - Setting next_dagrun for latest_only to 2022-12-09T15:12:49.730868+00:00, run_after=2022-12-09T19:12:49.730868+00:00
[2022-12-09T19:12:49.749+0000] {processor.py:176} INFO - Processing /home/airflow/.local/lib/python3.7/site-packages/airflow/example_dags/example_latest_only.py took 0.153 seconds
[2022-12-09T19:13:20.615+0000] {processor.py:154} INFO - Started process (PID=3802) to work on /home/airflow/.local/lib/python3.7/site-packages/airflow/example_dags/example_latest_only.py
[2022-12-09T19:13:20.617+0000] {processor.py:756} INFO - Processing file /home/airflow/.local/lib/python3.7/site-packages/airflow/example_dags/example_latest_only.py for tasks to queue
[2022-12-09T19:13:20.619+0000] {logging_mixin.py:137} INFO - [2022-12-09T19:13:20.619+0000] {dagbag.py:537} INFO - Filling up the DagBag from /home/airflow/.local/lib/python3.7/site-packages/airflow/example_dags/example_latest_only.py
[2022-12-09T19:13:20.633+0000] {processor.py:766} INFO - DAG(s) dict_keys(['latest_only']) retrieved from /home/airflow/.local/lib/python3.7/site-packages/airflow/example_dags/example_latest_only.py
[2022-12-09T19:13:20.678+0000] {logging_mixin.py:137} INFO - [2022-12-09T19:13:20.678+0000] {dag.py:2585} INFO - Sync 1 DAGs
[2022-12-09T19:13:20.711+0000] {logging_mixin.py:137} INFO - [2022-12-09T19:13:20.711+0000] {dag.py:3340} INFO - Setting next_dagrun for latest_only to 2022-12-09T15:13:20.711149+00:00, run_after=2022-12-09T19:13:20.711149+00:00
[2022-12-09T19:13:20.730+0000] {processor.py:176} INFO - Processing /home/airflow/.local/lib/python3.7/site-packages/airflow/example_dags/example_latest_only.py took 0.118 seconds
[2022-12-09T19:13:51.084+0000] {processor.py:154} INFO - Started process (PID=3866) to work on /home/airflow/.local/lib/python3.7/site-packages/airflow/example_dags/example_latest_only.py
[2022-12-09T19:13:51.088+0000] {processor.py:756} INFO - Processing file /home/airflow/.local/lib/python3.7/site-packages/airflow/example_dags/example_latest_only.py for tasks to queue
[2022-12-09T19:13:51.090+0000] {logging_mixin.py:137} INFO - [2022-12-09T19:13:51.090+0000] {dagbag.py:537} INFO - Filling up the DagBag from /home/airflow/.local/lib/python3.7/site-packages/airflow/example_dags/example_latest_only.py
[2022-12-09T19:13:51.102+0000] {processor.py:766} INFO - DAG(s) dict_keys(['latest_only']) retrieved from /home/airflow/.local/lib/python3.7/site-packages/airflow/example_dags/example_latest_only.py
[2022-12-09T19:13:51.135+0000] {logging_mixin.py:137} INFO - [2022-12-09T19:13:51.135+0000] {dag.py:2585} INFO - Sync 1 DAGs
[2022-12-09T19:13:51.157+0000] {logging_mixin.py:137} INFO - [2022-12-09T19:13:51.157+0000] {dag.py:3340} INFO - Setting next_dagrun for latest_only to 2022-12-09T15:13:51.157208+00:00, run_after=2022-12-09T19:13:51.157208+00:00
[2022-12-09T19:13:51.174+0000] {processor.py:176} INFO - Processing /home/airflow/.local/lib/python3.7/site-packages/airflow/example_dags/example_latest_only.py took 0.092 seconds
[2022-12-09T19:14:21.708+0000] {processor.py:154} INFO - Started process (PID=3921) to work on /home/airflow/.local/lib/python3.7/site-packages/airflow/example_dags/example_latest_only.py
[2022-12-09T19:14:21.711+0000] {processor.py:756} INFO - Processing file /home/airflow/.local/lib/python3.7/site-packages/airflow/example_dags/example_latest_only.py for tasks to queue
[2022-12-09T19:14:21.712+0000] {logging_mixin.py:137} INFO - [2022-12-09T19:14:21.712+0000] {dagbag.py:537} INFO - Filling up the DagBag from /home/airflow/.local/lib/python3.7/site-packages/airflow/example_dags/example_latest_only.py
[2022-12-09T19:14:21.725+0000] {processor.py:766} INFO - DAG(s) dict_keys(['latest_only']) retrieved from /home/airflow/.local/lib/python3.7/site-packages/airflow/example_dags/example_latest_only.py
[2022-12-09T19:14:21.757+0000] {logging_mixin.py:137} INFO - [2022-12-09T19:14:21.757+0000] {dag.py:2585} INFO - Sync 1 DAGs
[2022-12-09T19:14:21.775+0000] {logging_mixin.py:137} INFO - [2022-12-09T19:14:21.775+0000] {dag.py:3340} INFO - Setting next_dagrun for latest_only to 2022-12-09T15:14:21.775506+00:00, run_after=2022-12-09T19:14:21.775506+00:00
[2022-12-09T19:14:21.788+0000] {processor.py:176} INFO - Processing /home/airflow/.local/lib/python3.7/site-packages/airflow/example_dags/example_latest_only.py took 0.083 seconds
[2022-12-09T20:18:33.528+0000] {processor.py:154} INFO - Started process (PID=3980) to work on /home/airflow/.local/lib/python3.7/site-packages/airflow/example_dags/example_latest_only.py
[2022-12-09T20:18:33.534+0000] {processor.py:756} INFO - Processing file /home/airflow/.local/lib/python3.7/site-packages/airflow/example_dags/example_latest_only.py for tasks to queue
[2022-12-09T20:18:33.535+0000] {logging_mixin.py:137} INFO - [2022-12-09T20:18:33.535+0000] {dagbag.py:537} INFO - Filling up the DagBag from /home/airflow/.local/lib/python3.7/site-packages/airflow/example_dags/example_latest_only.py
[2022-12-09T20:18:33.545+0000] {processor.py:766} INFO - DAG(s) dict_keys(['latest_only']) retrieved from /home/airflow/.local/lib/python3.7/site-packages/airflow/example_dags/example_latest_only.py
[2022-12-09T20:18:33.575+0000] {logging_mixin.py:137} INFO - [2022-12-09T20:18:33.575+0000] {dag.py:2585} INFO - Sync 1 DAGs
[2022-12-09T20:18:33.591+0000] {logging_mixin.py:137} INFO - [2022-12-09T20:18:33.591+0000] {dag.py:3340} INFO - Setting next_dagrun for latest_only to 2022-12-09T16:18:33.591074+00:00, run_after=2022-12-09T20:18:33.591074+00:00
[2022-12-09T20:18:33.608+0000] {processor.py:176} INFO - Processing /home/airflow/.local/lib/python3.7/site-packages/airflow/example_dags/example_latest_only.py took 0.082 seconds
[2022-12-09T21:09:12.266+0000] {processor.py:154} INFO - Started process (PID=4034) to work on /home/airflow/.local/lib/python3.7/site-packages/airflow/example_dags/example_latest_only.py
[2022-12-09T21:09:12.267+0000] {processor.py:756} INFO - Processing file /home/airflow/.local/lib/python3.7/site-packages/airflow/example_dags/example_latest_only.py for tasks to queue
[2022-12-09T21:09:12.269+0000] {logging_mixin.py:137} INFO - [2022-12-09T21:09:12.269+0000] {dagbag.py:537} INFO - Filling up the DagBag from /home/airflow/.local/lib/python3.7/site-packages/airflow/example_dags/example_latest_only.py
[2022-12-09T21:09:12.281+0000] {processor.py:766} INFO - DAG(s) dict_keys(['latest_only']) retrieved from /home/airflow/.local/lib/python3.7/site-packages/airflow/example_dags/example_latest_only.py
[2022-12-09T21:09:12.321+0000] {logging_mixin.py:137} INFO - [2022-12-09T21:09:12.321+0000] {dag.py:2585} INFO - Sync 1 DAGs
[2022-12-09T21:09:12.350+0000] {logging_mixin.py:137} INFO - [2022-12-09T21:09:12.350+0000] {dag.py:3340} INFO - Setting next_dagrun for latest_only to 2022-12-09T17:09:12.350550+00:00, run_after=2022-12-09T21:09:12.350550+00:00
[2022-12-09T21:09:12.371+0000] {processor.py:176} INFO - Processing /home/airflow/.local/lib/python3.7/site-packages/airflow/example_dags/example_latest_only.py took 0.107 seconds
[2022-12-09T22:16:07.683+0000] {processor.py:154} INFO - Started process (PID=4097) to work on /home/airflow/.local/lib/python3.7/site-packages/airflow/example_dags/example_latest_only.py
[2022-12-09T22:16:07.686+0000] {processor.py:756} INFO - Processing file /home/airflow/.local/lib/python3.7/site-packages/airflow/example_dags/example_latest_only.py for tasks to queue
[2022-12-09T22:16:07.689+0000] {logging_mixin.py:137} INFO - [2022-12-09T22:16:07.688+0000] {dagbag.py:537} INFO - Filling up the DagBag from /home/airflow/.local/lib/python3.7/site-packages/airflow/example_dags/example_latest_only.py
[2022-12-09T22:16:07.700+0000] {processor.py:766} INFO - DAG(s) dict_keys(['latest_only']) retrieved from /home/airflow/.local/lib/python3.7/site-packages/airflow/example_dags/example_latest_only.py
[2022-12-09T22:16:07.724+0000] {logging_mixin.py:137} INFO - [2022-12-09T22:16:07.724+0000] {dag.py:2585} INFO - Sync 1 DAGs
[2022-12-09T22:16:07.742+0000] {logging_mixin.py:137} INFO - [2022-12-09T22:16:07.742+0000] {dag.py:3340} INFO - Setting next_dagrun for latest_only to 2022-12-09T18:16:07.741946+00:00, run_after=2022-12-09T22:16:07.741946+00:00
[2022-12-09T22:16:07.761+0000] {processor.py:176} INFO - Processing /home/airflow/.local/lib/python3.7/site-packages/airflow/example_dags/example_latest_only.py took 0.081 seconds
[2022-12-09T23:21:39.749+0000] {processor.py:154} INFO - Started process (PID=4153) to work on /home/airflow/.local/lib/python3.7/site-packages/airflow/example_dags/example_latest_only.py
[2022-12-09T23:21:39.751+0000] {processor.py:756} INFO - Processing file /home/airflow/.local/lib/python3.7/site-packages/airflow/example_dags/example_latest_only.py for tasks to queue
[2022-12-09T23:21:39.752+0000] {logging_mixin.py:137} INFO - [2022-12-09T23:21:39.752+0000] {dagbag.py:537} INFO - Filling up the DagBag from /home/airflow/.local/lib/python3.7/site-packages/airflow/example_dags/example_latest_only.py
[2022-12-09T23:21:39.762+0000] {processor.py:766} INFO - DAG(s) dict_keys(['latest_only']) retrieved from /home/airflow/.local/lib/python3.7/site-packages/airflow/example_dags/example_latest_only.py
[2022-12-09T23:21:39.795+0000] {logging_mixin.py:137} INFO - [2022-12-09T23:21:39.795+0000] {dag.py:2585} INFO - Sync 1 DAGs
[2022-12-09T23:21:39.816+0000] {logging_mixin.py:137} INFO - [2022-12-09T23:21:39.816+0000] {dag.py:3340} INFO - Setting next_dagrun for latest_only to 2022-12-09T19:21:39.816113+00:00, run_after=2022-12-09T23:21:39.816113+00:00
[2022-12-09T23:21:39.829+0000] {processor.py:176} INFO - Processing /home/airflow/.local/lib/python3.7/site-packages/airflow/example_dags/example_latest_only.py took 0.082 seconds
