[2022-11-30T09:49:47.975+0000] {processor.py:154} INFO - Started process (PID=65) to work on /home/airflow/.local/lib/python3.7/site-packages/airflow/example_dags/example_sla_dag.py
[2022-11-30T09:49:47.978+0000] {processor.py:756} INFO - Processing file /home/airflow/.local/lib/python3.7/site-packages/airflow/example_dags/example_sla_dag.py for tasks to queue
[2022-11-30T09:49:47.983+0000] {logging_mixin.py:137} INFO - [2022-11-30T09:49:47.982+0000] {dagbag.py:537} INFO - Filling up the DagBag from /home/airflow/.local/lib/python3.7/site-packages/airflow/example_dags/example_sla_dag.py
[2022-11-30T09:49:48.076+0000] {processor.py:766} INFO - DAG(s) dict_keys(['example_sla_dag']) retrieved from /home/airflow/.local/lib/python3.7/site-packages/airflow/example_dags/example_sla_dag.py
[2022-11-30T09:49:48.174+0000] {logging_mixin.py:137} INFO - [2022-11-30T09:49:48.174+0000] {dag.py:2585} INFO - Sync 1 DAGs
[2022-11-30T09:49:48.266+0000] {logging_mixin.py:137} INFO - [2022-11-30T09:49:48.266+0000] {dag.py:3340} INFO - Setting next_dagrun for example_sla_dag to 2022-11-30T09:46:00+00:00, run_after=2022-11-30T09:48:00+00:00
[2022-11-30T09:49:48.298+0000] {processor.py:176} INFO - Processing /home/airflow/.local/lib/python3.7/site-packages/airflow/example_dags/example_sla_dag.py took 0.328 seconds
[2022-11-30T09:50:18.987+0000] {processor.py:154} INFO - Started process (PID=120) to work on /home/airflow/.local/lib/python3.7/site-packages/airflow/example_dags/example_sla_dag.py
[2022-11-30T09:50:18.990+0000] {processor.py:756} INFO - Processing file /home/airflow/.local/lib/python3.7/site-packages/airflow/example_dags/example_sla_dag.py for tasks to queue
[2022-11-30T09:50:18.991+0000] {logging_mixin.py:137} INFO - [2022-11-30T09:50:18.991+0000] {dagbag.py:537} INFO - Filling up the DagBag from /home/airflow/.local/lib/python3.7/site-packages/airflow/example_dags/example_sla_dag.py
[2022-11-30T09:50:19.013+0000] {processor.py:766} INFO - DAG(s) dict_keys(['example_sla_dag']) retrieved from /home/airflow/.local/lib/python3.7/site-packages/airflow/example_dags/example_sla_dag.py
[2022-11-30T09:50:19.047+0000] {logging_mixin.py:137} INFO - [2022-11-30T09:50:19.047+0000] {dag.py:2585} INFO - Sync 1 DAGs
[2022-11-30T09:50:19.068+0000] {logging_mixin.py:137} INFO - [2022-11-30T09:50:19.068+0000] {dag.py:3340} INFO - Setting next_dagrun for example_sla_dag to 2022-11-30T09:48:00+00:00, run_after=2022-11-30T09:50:00+00:00
[2022-11-30T09:50:19.085+0000] {processor.py:176} INFO - Processing /home/airflow/.local/lib/python3.7/site-packages/airflow/example_dags/example_sla_dag.py took 0.102 seconds
[2022-11-30T09:50:50.133+0000] {processor.py:154} INFO - Started process (PID=184) to work on /home/airflow/.local/lib/python3.7/site-packages/airflow/example_dags/example_sla_dag.py
[2022-11-30T09:50:50.151+0000] {processor.py:756} INFO - Processing file /home/airflow/.local/lib/python3.7/site-packages/airflow/example_dags/example_sla_dag.py for tasks to queue
[2022-11-30T09:50:50.163+0000] {logging_mixin.py:137} INFO - [2022-11-30T09:50:50.163+0000] {dagbag.py:537} INFO - Filling up the DagBag from /home/airflow/.local/lib/python3.7/site-packages/airflow/example_dags/example_sla_dag.py
[2022-11-30T09:50:50.207+0000] {processor.py:766} INFO - DAG(s) dict_keys(['example_sla_dag']) retrieved from /home/airflow/.local/lib/python3.7/site-packages/airflow/example_dags/example_sla_dag.py
[2022-11-30T09:50:50.234+0000] {logging_mixin.py:137} INFO - [2022-11-30T09:50:50.234+0000] {dag.py:2585} INFO - Sync 1 DAGs
[2022-11-30T09:50:50.251+0000] {logging_mixin.py:137} INFO - [2022-11-30T09:50:50.251+0000] {dag.py:3340} INFO - Setting next_dagrun for example_sla_dag to 2022-11-30T09:48:00+00:00, run_after=2022-11-30T09:50:00+00:00
[2022-11-30T09:50:50.262+0000] {processor.py:176} INFO - Processing /home/airflow/.local/lib/python3.7/site-packages/airflow/example_dags/example_sla_dag.py took 0.131 seconds
[2022-11-30T09:51:21.100+0000] {processor.py:154} INFO - Started process (PID=242) to work on /home/airflow/.local/lib/python3.7/site-packages/airflow/example_dags/example_sla_dag.py
[2022-11-30T09:51:21.102+0000] {processor.py:756} INFO - Processing file /home/airflow/.local/lib/python3.7/site-packages/airflow/example_dags/example_sla_dag.py for tasks to queue
[2022-11-30T09:51:21.103+0000] {logging_mixin.py:137} INFO - [2022-11-30T09:51:21.103+0000] {dagbag.py:537} INFO - Filling up the DagBag from /home/airflow/.local/lib/python3.7/site-packages/airflow/example_dags/example_sla_dag.py
[2022-11-30T09:51:21.118+0000] {processor.py:766} INFO - DAG(s) dict_keys(['example_sla_dag']) retrieved from /home/airflow/.local/lib/python3.7/site-packages/airflow/example_dags/example_sla_dag.py
[2022-11-30T09:51:21.145+0000] {logging_mixin.py:137} INFO - [2022-11-30T09:51:21.145+0000] {dag.py:2585} INFO - Sync 1 DAGs
[2022-11-30T09:51:21.163+0000] {logging_mixin.py:137} INFO - [2022-11-30T09:51:21.163+0000] {dag.py:3340} INFO - Setting next_dagrun for example_sla_dag to 2022-11-30T09:48:00+00:00, run_after=2022-11-30T09:50:00+00:00
[2022-11-30T09:51:21.182+0000] {processor.py:176} INFO - Processing /home/airflow/.local/lib/python3.7/site-packages/airflow/example_dags/example_sla_dag.py took 0.084 seconds
[2022-11-30T09:51:51.927+0000] {processor.py:154} INFO - Started process (PID=306) to work on /home/airflow/.local/lib/python3.7/site-packages/airflow/example_dags/example_sla_dag.py
[2022-11-30T09:51:51.929+0000] {processor.py:756} INFO - Processing file /home/airflow/.local/lib/python3.7/site-packages/airflow/example_dags/example_sla_dag.py for tasks to queue
[2022-11-30T09:51:51.930+0000] {logging_mixin.py:137} INFO - [2022-11-30T09:51:51.930+0000] {dagbag.py:537} INFO - Filling up the DagBag from /home/airflow/.local/lib/python3.7/site-packages/airflow/example_dags/example_sla_dag.py
[2022-11-30T09:51:51.945+0000] {processor.py:766} INFO - DAG(s) dict_keys(['example_sla_dag']) retrieved from /home/airflow/.local/lib/python3.7/site-packages/airflow/example_dags/example_sla_dag.py
[2022-11-30T09:51:51.971+0000] {logging_mixin.py:137} INFO - [2022-11-30T09:51:51.971+0000] {dag.py:2585} INFO - Sync 1 DAGs
[2022-11-30T09:51:51.989+0000] {logging_mixin.py:137} INFO - [2022-11-30T09:51:51.989+0000] {dag.py:3340} INFO - Setting next_dagrun for example_sla_dag to 2022-11-30T09:48:00+00:00, run_after=2022-11-30T09:50:00+00:00
[2022-11-30T09:51:52.002+0000] {processor.py:176} INFO - Processing /home/airflow/.local/lib/python3.7/site-packages/airflow/example_dags/example_sla_dag.py took 0.077 seconds
[2022-11-30T09:52:22.361+0000] {processor.py:154} INFO - Started process (PID=361) to work on /home/airflow/.local/lib/python3.7/site-packages/airflow/example_dags/example_sla_dag.py
[2022-11-30T09:52:22.363+0000] {processor.py:756} INFO - Processing file /home/airflow/.local/lib/python3.7/site-packages/airflow/example_dags/example_sla_dag.py for tasks to queue
[2022-11-30T09:52:22.365+0000] {logging_mixin.py:137} INFO - [2022-11-30T09:52:22.364+0000] {dagbag.py:537} INFO - Filling up the DagBag from /home/airflow/.local/lib/python3.7/site-packages/airflow/example_dags/example_sla_dag.py
[2022-11-30T09:52:22.388+0000] {processor.py:766} INFO - DAG(s) dict_keys(['example_sla_dag']) retrieved from /home/airflow/.local/lib/python3.7/site-packages/airflow/example_dags/example_sla_dag.py
[2022-11-30T09:52:22.419+0000] {logging_mixin.py:137} INFO - [2022-11-30T09:52:22.419+0000] {dag.py:2585} INFO - Sync 1 DAGs
[2022-11-30T09:52:22.439+0000] {logging_mixin.py:137} INFO - [2022-11-30T09:52:22.439+0000] {dag.py:3340} INFO - Setting next_dagrun for example_sla_dag to 2022-11-30T09:50:00+00:00, run_after=2022-11-30T09:52:00+00:00
[2022-11-30T09:52:22.452+0000] {processor.py:176} INFO - Processing /home/airflow/.local/lib/python3.7/site-packages/airflow/example_dags/example_sla_dag.py took 0.094 seconds
[2022-11-30T09:52:53.985+0000] {processor.py:154} INFO - Started process (PID=426) to work on /home/airflow/.local/lib/python3.7/site-packages/airflow/example_dags/example_sla_dag.py
[2022-11-30T09:52:53.988+0000] {processor.py:756} INFO - Processing file /home/airflow/.local/lib/python3.7/site-packages/airflow/example_dags/example_sla_dag.py for tasks to queue
[2022-11-30T09:52:53.994+0000] {logging_mixin.py:137} INFO - [2022-11-30T09:52:53.993+0000] {dagbag.py:537} INFO - Filling up the DagBag from /home/airflow/.local/lib/python3.7/site-packages/airflow/example_dags/example_sla_dag.py
[2022-11-30T09:52:54.018+0000] {processor.py:766} INFO - DAG(s) dict_keys(['example_sla_dag']) retrieved from /home/airflow/.local/lib/python3.7/site-packages/airflow/example_dags/example_sla_dag.py
[2022-11-30T09:52:54.069+0000] {logging_mixin.py:137} INFO - [2022-11-30T09:52:54.068+0000] {dag.py:2585} INFO - Sync 1 DAGs
[2022-11-30T09:52:54.090+0000] {logging_mixin.py:137} INFO - [2022-11-30T09:52:54.090+0000] {dag.py:3340} INFO - Setting next_dagrun for example_sla_dag to 2022-11-30T09:50:00+00:00, run_after=2022-11-30T09:52:00+00:00
[2022-11-30T09:52:54.110+0000] {processor.py:176} INFO - Processing /home/airflow/.local/lib/python3.7/site-packages/airflow/example_dags/example_sla_dag.py took 0.128 seconds
[2022-11-30T09:53:25.014+0000] {processor.py:154} INFO - Started process (PID=483) to work on /home/airflow/.local/lib/python3.7/site-packages/airflow/example_dags/example_sla_dag.py
[2022-11-30T09:53:25.017+0000] {processor.py:756} INFO - Processing file /home/airflow/.local/lib/python3.7/site-packages/airflow/example_dags/example_sla_dag.py for tasks to queue
[2022-11-30T09:53:25.018+0000] {logging_mixin.py:137} INFO - [2022-11-30T09:53:25.018+0000] {dagbag.py:537} INFO - Filling up the DagBag from /home/airflow/.local/lib/python3.7/site-packages/airflow/example_dags/example_sla_dag.py
[2022-11-30T09:53:25.036+0000] {processor.py:766} INFO - DAG(s) dict_keys(['example_sla_dag']) retrieved from /home/airflow/.local/lib/python3.7/site-packages/airflow/example_dags/example_sla_dag.py
[2022-11-30T09:53:25.067+0000] {logging_mixin.py:137} INFO - [2022-11-30T09:53:25.067+0000] {dag.py:2585} INFO - Sync 1 DAGs
[2022-11-30T09:53:25.091+0000] {logging_mixin.py:137} INFO - [2022-11-30T09:53:25.091+0000] {dag.py:3340} INFO - Setting next_dagrun for example_sla_dag to 2022-11-30T09:50:00+00:00, run_after=2022-11-30T09:52:00+00:00
[2022-11-30T09:53:25.108+0000] {processor.py:176} INFO - Processing /home/airflow/.local/lib/python3.7/site-packages/airflow/example_dags/example_sla_dag.py took 0.096 seconds
[2022-11-30T09:53:56.877+0000] {processor.py:154} INFO - Started process (PID=547) to work on /home/airflow/.local/lib/python3.7/site-packages/airflow/example_dags/example_sla_dag.py
[2022-11-30T09:53:56.884+0000] {processor.py:756} INFO - Processing file /home/airflow/.local/lib/python3.7/site-packages/airflow/example_dags/example_sla_dag.py for tasks to queue
[2022-11-30T09:53:56.886+0000] {logging_mixin.py:137} INFO - [2022-11-30T09:53:56.886+0000] {dagbag.py:537} INFO - Filling up the DagBag from /home/airflow/.local/lib/python3.7/site-packages/airflow/example_dags/example_sla_dag.py
[2022-11-30T09:53:56.904+0000] {processor.py:766} INFO - DAG(s) dict_keys(['example_sla_dag']) retrieved from /home/airflow/.local/lib/python3.7/site-packages/airflow/example_dags/example_sla_dag.py
[2022-11-30T09:53:56.941+0000] {logging_mixin.py:137} INFO - [2022-11-30T09:53:56.941+0000] {dag.py:2585} INFO - Sync 1 DAGs
[2022-11-30T09:53:56.967+0000] {logging_mixin.py:137} INFO - [2022-11-30T09:53:56.966+0000] {dag.py:3340} INFO - Setting next_dagrun for example_sla_dag to 2022-11-30T09:50:00+00:00, run_after=2022-11-30T09:52:00+00:00
[2022-11-30T09:53:56.981+0000] {processor.py:176} INFO - Processing /home/airflow/.local/lib/python3.7/site-packages/airflow/example_dags/example_sla_dag.py took 0.111 seconds
[2022-11-30T09:54:27.026+0000] {processor.py:154} INFO - Started process (PID=600) to work on /home/airflow/.local/lib/python3.7/site-packages/airflow/example_dags/example_sla_dag.py
[2022-11-30T09:54:27.035+0000] {processor.py:756} INFO - Processing file /home/airflow/.local/lib/python3.7/site-packages/airflow/example_dags/example_sla_dag.py for tasks to queue
[2022-11-30T09:54:27.041+0000] {logging_mixin.py:137} INFO - [2022-11-30T09:54:27.041+0000] {dagbag.py:537} INFO - Filling up the DagBag from /home/airflow/.local/lib/python3.7/site-packages/airflow/example_dags/example_sla_dag.py
[2022-11-30T09:54:27.059+0000] {processor.py:766} INFO - DAG(s) dict_keys(['example_sla_dag']) retrieved from /home/airflow/.local/lib/python3.7/site-packages/airflow/example_dags/example_sla_dag.py
[2022-11-30T09:54:27.090+0000] {logging_mixin.py:137} INFO - [2022-11-30T09:54:27.090+0000] {dag.py:2585} INFO - Sync 1 DAGs
[2022-11-30T09:54:27.118+0000] {logging_mixin.py:137} INFO - [2022-11-30T09:54:27.117+0000] {dag.py:3340} INFO - Setting next_dagrun for example_sla_dag to 2022-11-30T09:52:00+00:00, run_after=2022-11-30T09:54:00+00:00
[2022-11-30T09:54:27.143+0000] {processor.py:176} INFO - Processing /home/airflow/.local/lib/python3.7/site-packages/airflow/example_dags/example_sla_dag.py took 0.120 seconds
[2022-11-30T09:54:58.192+0000] {processor.py:154} INFO - Started process (PID=665) to work on /home/airflow/.local/lib/python3.7/site-packages/airflow/example_dags/example_sla_dag.py
[2022-11-30T09:54:58.194+0000] {processor.py:756} INFO - Processing file /home/airflow/.local/lib/python3.7/site-packages/airflow/example_dags/example_sla_dag.py for tasks to queue
[2022-11-30T09:54:58.196+0000] {logging_mixin.py:137} INFO - [2022-11-30T09:54:58.196+0000] {dagbag.py:537} INFO - Filling up the DagBag from /home/airflow/.local/lib/python3.7/site-packages/airflow/example_dags/example_sla_dag.py
[2022-11-30T09:54:58.224+0000] {processor.py:766} INFO - DAG(s) dict_keys(['example_sla_dag']) retrieved from /home/airflow/.local/lib/python3.7/site-packages/airflow/example_dags/example_sla_dag.py
[2022-11-30T09:54:58.281+0000] {logging_mixin.py:137} INFO - [2022-11-30T09:54:58.281+0000] {dag.py:2585} INFO - Sync 1 DAGs
[2022-11-30T09:54:58.300+0000] {logging_mixin.py:137} INFO - [2022-11-30T09:54:58.300+0000] {dag.py:3340} INFO - Setting next_dagrun for example_sla_dag to 2022-11-30T09:52:00+00:00, run_after=2022-11-30T09:54:00+00:00
[2022-11-30T09:54:58.351+0000] {processor.py:176} INFO - Processing /home/airflow/.local/lib/python3.7/site-packages/airflow/example_dags/example_sla_dag.py took 0.162 seconds
[2022-11-30T09:58:29.237+0000] {processor.py:154} INFO - Started process (PID=64) to work on /home/airflow/.local/lib/python3.7/site-packages/airflow/example_dags/example_sla_dag.py
[2022-11-30T09:58:29.252+0000] {processor.py:756} INFO - Processing file /home/airflow/.local/lib/python3.7/site-packages/airflow/example_dags/example_sla_dag.py for tasks to queue
[2022-11-30T09:58:29.262+0000] {logging_mixin.py:137} INFO - [2022-11-30T09:58:29.261+0000] {dagbag.py:537} INFO - Filling up the DagBag from /home/airflow/.local/lib/python3.7/site-packages/airflow/example_dags/example_sla_dag.py
[2022-11-30T09:58:29.311+0000] {processor.py:766} INFO - DAG(s) dict_keys(['example_sla_dag']) retrieved from /home/airflow/.local/lib/python3.7/site-packages/airflow/example_dags/example_sla_dag.py
[2022-11-30T09:58:29.350+0000] {logging_mixin.py:137} INFO - [2022-11-30T09:58:29.349+0000] {dag.py:2585} INFO - Sync 1 DAGs
[2022-11-30T09:58:29.391+0000] {logging_mixin.py:137} INFO - [2022-11-30T09:58:29.391+0000] {dag.py:3340} INFO - Setting next_dagrun for example_sla_dag to 2022-11-30T09:56:00+00:00, run_after=2022-11-30T09:58:00+00:00
[2022-11-30T09:58:29.415+0000] {processor.py:176} INFO - Processing /home/airflow/.local/lib/python3.7/site-packages/airflow/example_dags/example_sla_dag.py took 0.199 seconds
[2022-11-30T09:58:59.950+0000] {processor.py:154} INFO - Started process (PID=119) to work on /home/airflow/.local/lib/python3.7/site-packages/airflow/example_dags/example_sla_dag.py
[2022-11-30T09:58:59.951+0000] {processor.py:756} INFO - Processing file /home/airflow/.local/lib/python3.7/site-packages/airflow/example_dags/example_sla_dag.py for tasks to queue
[2022-11-30T09:58:59.952+0000] {logging_mixin.py:137} INFO - [2022-11-30T09:58:59.952+0000] {dagbag.py:537} INFO - Filling up the DagBag from /home/airflow/.local/lib/python3.7/site-packages/airflow/example_dags/example_sla_dag.py
[2022-11-30T09:58:59.971+0000] {processor.py:766} INFO - DAG(s) dict_keys(['example_sla_dag']) retrieved from /home/airflow/.local/lib/python3.7/site-packages/airflow/example_dags/example_sla_dag.py
[2022-11-30T09:59:00.020+0000] {logging_mixin.py:137} INFO - [2022-11-30T09:59:00.020+0000] {dag.py:2585} INFO - Sync 1 DAGs
[2022-11-30T09:59:00.042+0000] {logging_mixin.py:137} INFO - [2022-11-30T09:59:00.042+0000] {dag.py:3340} INFO - Setting next_dagrun for example_sla_dag to 2022-11-30T09:56:00+00:00, run_after=2022-11-30T09:58:00+00:00
[2022-11-30T09:59:00.059+0000] {processor.py:176} INFO - Processing /home/airflow/.local/lib/python3.7/site-packages/airflow/example_dags/example_sla_dag.py took 0.111 seconds
[2022-11-30T09:59:31.120+0000] {processor.py:154} INFO - Started process (PID=184) to work on /home/airflow/.local/lib/python3.7/site-packages/airflow/example_dags/example_sla_dag.py
[2022-11-30T09:59:31.128+0000] {processor.py:756} INFO - Processing file /home/airflow/.local/lib/python3.7/site-packages/airflow/example_dags/example_sla_dag.py for tasks to queue
[2022-11-30T09:59:31.130+0000] {logging_mixin.py:137} INFO - [2022-11-30T09:59:31.130+0000] {dagbag.py:537} INFO - Filling up the DagBag from /home/airflow/.local/lib/python3.7/site-packages/airflow/example_dags/example_sla_dag.py
[2022-11-30T09:59:31.158+0000] {processor.py:766} INFO - DAG(s) dict_keys(['example_sla_dag']) retrieved from /home/airflow/.local/lib/python3.7/site-packages/airflow/example_dags/example_sla_dag.py
[2022-11-30T09:59:31.237+0000] {logging_mixin.py:137} INFO - [2022-11-30T09:59:31.237+0000] {dag.py:2585} INFO - Sync 1 DAGs
[2022-11-30T09:59:31.262+0000] {logging_mixin.py:137} INFO - [2022-11-30T09:59:31.262+0000] {dag.py:3340} INFO - Setting next_dagrun for example_sla_dag to 2022-11-30T09:56:00+00:00, run_after=2022-11-30T09:58:00+00:00
[2022-11-30T09:59:31.280+0000] {processor.py:176} INFO - Processing /home/airflow/.local/lib/python3.7/site-packages/airflow/example_dags/example_sla_dag.py took 0.165 seconds
[2022-11-30T10:00:02.015+0000] {processor.py:154} INFO - Started process (PID=248) to work on /home/airflow/.local/lib/python3.7/site-packages/airflow/example_dags/example_sla_dag.py
[2022-11-30T10:00:02.016+0000] {processor.py:756} INFO - Processing file /home/airflow/.local/lib/python3.7/site-packages/airflow/example_dags/example_sla_dag.py for tasks to queue
[2022-11-30T10:00:02.018+0000] {logging_mixin.py:137} INFO - [2022-11-30T10:00:02.018+0000] {dagbag.py:537} INFO - Filling up the DagBag from /home/airflow/.local/lib/python3.7/site-packages/airflow/example_dags/example_sla_dag.py
[2022-11-30T10:00:02.033+0000] {processor.py:766} INFO - DAG(s) dict_keys(['example_sla_dag']) retrieved from /home/airflow/.local/lib/python3.7/site-packages/airflow/example_dags/example_sla_dag.py
[2022-11-30T10:00:02.062+0000] {logging_mixin.py:137} INFO - [2022-11-30T10:00:02.062+0000] {dag.py:2585} INFO - Sync 1 DAGs
[2022-11-30T10:00:02.086+0000] {logging_mixin.py:137} INFO - [2022-11-30T10:00:02.085+0000] {dag.py:3340} INFO - Setting next_dagrun for example_sla_dag to 2022-11-30T09:58:00+00:00, run_after=2022-11-30T10:00:00+00:00
[2022-11-30T10:00:02.102+0000] {processor.py:176} INFO - Processing /home/airflow/.local/lib/python3.7/site-packages/airflow/example_dags/example_sla_dag.py took 0.089 seconds
[2022-11-30T10:00:32.220+0000] {processor.py:154} INFO - Started process (PID=313) to work on /home/airflow/.local/lib/python3.7/site-packages/airflow/example_dags/example_sla_dag.py
[2022-11-30T10:00:32.222+0000] {processor.py:756} INFO - Processing file /home/airflow/.local/lib/python3.7/site-packages/airflow/example_dags/example_sla_dag.py for tasks to queue
[2022-11-30T10:00:32.223+0000] {logging_mixin.py:137} INFO - [2022-11-30T10:00:32.223+0000] {dagbag.py:537} INFO - Filling up the DagBag from /home/airflow/.local/lib/python3.7/site-packages/airflow/example_dags/example_sla_dag.py
[2022-11-30T10:00:32.244+0000] {processor.py:766} INFO - DAG(s) dict_keys(['example_sla_dag']) retrieved from /home/airflow/.local/lib/python3.7/site-packages/airflow/example_dags/example_sla_dag.py
[2022-11-30T10:00:32.281+0000] {logging_mixin.py:137} INFO - [2022-11-30T10:00:32.281+0000] {dag.py:2585} INFO - Sync 1 DAGs
[2022-11-30T10:00:32.304+0000] {logging_mixin.py:137} INFO - [2022-11-30T10:00:32.304+0000] {dag.py:3340} INFO - Setting next_dagrun for example_sla_dag to 2022-11-30T09:58:00+00:00, run_after=2022-11-30T10:00:00+00:00
[2022-11-30T10:00:32.318+0000] {processor.py:176} INFO - Processing /home/airflow/.local/lib/python3.7/site-packages/airflow/example_dags/example_sla_dag.py took 0.105 seconds
[2022-11-30T10:01:03.205+0000] {processor.py:154} INFO - Started process (PID=368) to work on /home/airflow/.local/lib/python3.7/site-packages/airflow/example_dags/example_sla_dag.py
[2022-11-30T10:01:03.207+0000] {processor.py:756} INFO - Processing file /home/airflow/.local/lib/python3.7/site-packages/airflow/example_dags/example_sla_dag.py for tasks to queue
[2022-11-30T10:01:03.208+0000] {logging_mixin.py:137} INFO - [2022-11-30T10:01:03.208+0000] {dagbag.py:537} INFO - Filling up the DagBag from /home/airflow/.local/lib/python3.7/site-packages/airflow/example_dags/example_sla_dag.py
[2022-11-30T10:01:03.223+0000] {processor.py:766} INFO - DAG(s) dict_keys(['example_sla_dag']) retrieved from /home/airflow/.local/lib/python3.7/site-packages/airflow/example_dags/example_sla_dag.py
[2022-11-30T10:01:03.251+0000] {logging_mixin.py:137} INFO - [2022-11-30T10:01:03.251+0000] {dag.py:2585} INFO - Sync 1 DAGs
[2022-11-30T10:01:03.272+0000] {logging_mixin.py:137} INFO - [2022-11-30T10:01:03.272+0000] {dag.py:3340} INFO - Setting next_dagrun for example_sla_dag to 2022-11-30T09:58:00+00:00, run_after=2022-11-30T10:00:00+00:00
[2022-11-30T10:01:03.284+0000] {processor.py:176} INFO - Processing /home/airflow/.local/lib/python3.7/site-packages/airflow/example_dags/example_sla_dag.py took 0.081 seconds
[2022-11-30T10:01:35.657+0000] {processor.py:154} INFO - Started process (PID=430) to work on /home/airflow/.local/lib/python3.7/site-packages/airflow/example_dags/example_sla_dag.py
[2022-11-30T10:01:35.659+0000] {processor.py:756} INFO - Processing file /home/airflow/.local/lib/python3.7/site-packages/airflow/example_dags/example_sla_dag.py for tasks to queue
[2022-11-30T10:01:35.661+0000] {logging_mixin.py:137} INFO - [2022-11-30T10:01:35.661+0000] {dagbag.py:537} INFO - Filling up the DagBag from /home/airflow/.local/lib/python3.7/site-packages/airflow/example_dags/example_sla_dag.py
[2022-11-30T10:01:35.688+0000] {processor.py:766} INFO - DAG(s) dict_keys(['example_sla_dag']) retrieved from /home/airflow/.local/lib/python3.7/site-packages/airflow/example_dags/example_sla_dag.py
[2022-11-30T10:01:35.732+0000] {logging_mixin.py:137} INFO - [2022-11-30T10:01:35.732+0000] {dag.py:2585} INFO - Sync 1 DAGs
[2022-11-30T10:01:35.813+0000] {logging_mixin.py:137} INFO - [2022-11-30T10:01:35.813+0000] {dag.py:3340} INFO - Setting next_dagrun for example_sla_dag to 2022-11-30T09:58:00+00:00, run_after=2022-11-30T10:00:00+00:00
[2022-11-30T10:01:35.835+0000] {processor.py:176} INFO - Processing /home/airflow/.local/lib/python3.7/site-packages/airflow/example_dags/example_sla_dag.py took 0.184 seconds
[2022-11-30T10:02:06.418+0000] {processor.py:154} INFO - Started process (PID=494) to work on /home/airflow/.local/lib/python3.7/site-packages/airflow/example_dags/example_sla_dag.py
[2022-11-30T10:02:06.423+0000] {processor.py:756} INFO - Processing file /home/airflow/.local/lib/python3.7/site-packages/airflow/example_dags/example_sla_dag.py for tasks to queue
[2022-11-30T10:02:06.425+0000] {logging_mixin.py:137} INFO - [2022-11-30T10:02:06.425+0000] {dagbag.py:537} INFO - Filling up the DagBag from /home/airflow/.local/lib/python3.7/site-packages/airflow/example_dags/example_sla_dag.py
[2022-11-30T10:02:06.453+0000] {processor.py:766} INFO - DAG(s) dict_keys(['example_sla_dag']) retrieved from /home/airflow/.local/lib/python3.7/site-packages/airflow/example_dags/example_sla_dag.py
[2022-11-30T10:02:06.516+0000] {logging_mixin.py:137} INFO - [2022-11-30T10:02:06.516+0000] {dag.py:2585} INFO - Sync 1 DAGs
[2022-11-30T10:02:06.554+0000] {logging_mixin.py:137} INFO - [2022-11-30T10:02:06.554+0000] {dag.py:3340} INFO - Setting next_dagrun for example_sla_dag to 2022-11-30T10:00:00+00:00, run_after=2022-11-30T10:02:00+00:00
[2022-11-30T10:02:06.586+0000] {processor.py:176} INFO - Processing /home/airflow/.local/lib/python3.7/site-packages/airflow/example_dags/example_sla_dag.py took 0.172 seconds
[2022-11-30T10:02:36.720+0000] {processor.py:154} INFO - Started process (PID=549) to work on /home/airflow/.local/lib/python3.7/site-packages/airflow/example_dags/example_sla_dag.py
[2022-11-30T10:02:36.725+0000] {processor.py:756} INFO - Processing file /home/airflow/.local/lib/python3.7/site-packages/airflow/example_dags/example_sla_dag.py for tasks to queue
[2022-11-30T10:02:36.730+0000] {logging_mixin.py:137} INFO - [2022-11-30T10:02:36.730+0000] {dagbag.py:537} INFO - Filling up the DagBag from /home/airflow/.local/lib/python3.7/site-packages/airflow/example_dags/example_sla_dag.py
[2022-11-30T10:02:36.754+0000] {processor.py:766} INFO - DAG(s) dict_keys(['example_sla_dag']) retrieved from /home/airflow/.local/lib/python3.7/site-packages/airflow/example_dags/example_sla_dag.py
[2022-11-30T10:02:36.802+0000] {logging_mixin.py:137} INFO - [2022-11-30T10:02:36.802+0000] {dag.py:2585} INFO - Sync 1 DAGs
[2022-11-30T10:02:36.827+0000] {logging_mixin.py:137} INFO - [2022-11-30T10:02:36.827+0000] {dag.py:3340} INFO - Setting next_dagrun for example_sla_dag to 2022-11-30T10:00:00+00:00, run_after=2022-11-30T10:02:00+00:00
[2022-11-30T10:02:36.839+0000] {processor.py:176} INFO - Processing /home/airflow/.local/lib/python3.7/site-packages/airflow/example_dags/example_sla_dag.py took 0.122 seconds
[2022-11-30T10:03:07.933+0000] {processor.py:154} INFO - Started process (PID=613) to work on /home/airflow/.local/lib/python3.7/site-packages/airflow/example_dags/example_sla_dag.py
[2022-11-30T10:03:07.936+0000] {processor.py:756} INFO - Processing file /home/airflow/.local/lib/python3.7/site-packages/airflow/example_dags/example_sla_dag.py for tasks to queue
[2022-11-30T10:03:07.938+0000] {logging_mixin.py:137} INFO - [2022-11-30T10:03:07.938+0000] {dagbag.py:537} INFO - Filling up the DagBag from /home/airflow/.local/lib/python3.7/site-packages/airflow/example_dags/example_sla_dag.py
[2022-11-30T10:03:07.970+0000] {processor.py:766} INFO - DAG(s) dict_keys(['example_sla_dag']) retrieved from /home/airflow/.local/lib/python3.7/site-packages/airflow/example_dags/example_sla_dag.py
[2022-11-30T10:03:08.003+0000] {logging_mixin.py:137} INFO - [2022-11-30T10:03:08.003+0000] {dag.py:2585} INFO - Sync 1 DAGs
[2022-11-30T10:03:08.026+0000] {logging_mixin.py:137} INFO - [2022-11-30T10:03:08.026+0000] {dag.py:3340} INFO - Setting next_dagrun for example_sla_dag to 2022-11-30T10:00:00+00:00, run_after=2022-11-30T10:02:00+00:00
[2022-11-30T10:03:08.044+0000] {processor.py:176} INFO - Processing /home/airflow/.local/lib/python3.7/site-packages/airflow/example_dags/example_sla_dag.py took 0.113 seconds
[2022-11-30T10:03:39.855+0000] {processor.py:154} INFO - Started process (PID=676) to work on /home/airflow/.local/lib/python3.7/site-packages/airflow/example_dags/example_sla_dag.py
[2022-11-30T10:03:39.907+0000] {processor.py:756} INFO - Processing file /home/airflow/.local/lib/python3.7/site-packages/airflow/example_dags/example_sla_dag.py for tasks to queue
[2022-11-30T10:03:40.156+0000] {logging_mixin.py:137} INFO - [2022-11-30T10:03:40.155+0000] {dagbag.py:537} INFO - Filling up the DagBag from /home/airflow/.local/lib/python3.7/site-packages/airflow/example_dags/example_sla_dag.py
[2022-11-30T10:03:40.786+0000] {processor.py:766} INFO - DAG(s) dict_keys(['example_sla_dag']) retrieved from /home/airflow/.local/lib/python3.7/site-packages/airflow/example_dags/example_sla_dag.py
[2022-11-30T10:03:41.139+0000] {logging_mixin.py:137} INFO - [2022-11-30T10:03:41.138+0000] {dag.py:2585} INFO - Sync 1 DAGs
[2022-11-30T10:03:41.184+0000] {logging_mixin.py:137} INFO - [2022-11-30T10:03:41.184+0000] {dag.py:3340} INFO - Setting next_dagrun for example_sla_dag to 2022-11-30T10:00:00+00:00, run_after=2022-11-30T10:02:00+00:00
[2022-11-30T10:03:41.229+0000] {processor.py:176} INFO - Processing /home/airflow/.local/lib/python3.7/site-packages/airflow/example_dags/example_sla_dag.py took 1.380 seconds
[2022-11-30T10:04:12.092+0000] {processor.py:154} INFO - Started process (PID=740) to work on /home/airflow/.local/lib/python3.7/site-packages/airflow/example_dags/example_sla_dag.py
[2022-11-30T10:04:12.098+0000] {processor.py:756} INFO - Processing file /home/airflow/.local/lib/python3.7/site-packages/airflow/example_dags/example_sla_dag.py for tasks to queue
[2022-11-30T10:04:12.104+0000] {logging_mixin.py:137} INFO - [2022-11-30T10:04:12.104+0000] {dagbag.py:537} INFO - Filling up the DagBag from /home/airflow/.local/lib/python3.7/site-packages/airflow/example_dags/example_sla_dag.py
[2022-11-30T10:04:12.146+0000] {processor.py:766} INFO - DAG(s) dict_keys(['example_sla_dag']) retrieved from /home/airflow/.local/lib/python3.7/site-packages/airflow/example_dags/example_sla_dag.py
[2022-11-30T10:04:12.203+0000] {logging_mixin.py:137} INFO - [2022-11-30T10:04:12.203+0000] {dag.py:2585} INFO - Sync 1 DAGs
[2022-11-30T10:04:12.236+0000] {logging_mixin.py:137} INFO - [2022-11-30T10:04:12.235+0000] {dag.py:3340} INFO - Setting next_dagrun for example_sla_dag to 2022-11-30T10:02:00+00:00, run_after=2022-11-30T10:04:00+00:00
[2022-11-30T10:04:12.287+0000] {processor.py:176} INFO - Processing /home/airflow/.local/lib/python3.7/site-packages/airflow/example_dags/example_sla_dag.py took 0.201 seconds
[2022-11-30T10:04:43.021+0000] {processor.py:154} INFO - Started process (PID=796) to work on /home/airflow/.local/lib/python3.7/site-packages/airflow/example_dags/example_sla_dag.py
[2022-11-30T10:04:43.026+0000] {processor.py:756} INFO - Processing file /home/airflow/.local/lib/python3.7/site-packages/airflow/example_dags/example_sla_dag.py for tasks to queue
[2022-11-30T10:04:43.032+0000] {logging_mixin.py:137} INFO - [2022-11-30T10:04:43.031+0000] {dagbag.py:537} INFO - Filling up the DagBag from /home/airflow/.local/lib/python3.7/site-packages/airflow/example_dags/example_sla_dag.py
[2022-11-30T10:04:43.094+0000] {processor.py:766} INFO - DAG(s) dict_keys(['example_sla_dag']) retrieved from /home/airflow/.local/lib/python3.7/site-packages/airflow/example_dags/example_sla_dag.py
[2022-11-30T10:04:43.189+0000] {logging_mixin.py:137} INFO - [2022-11-30T10:04:43.188+0000] {dag.py:2585} INFO - Sync 1 DAGs
[2022-11-30T10:04:43.212+0000] {logging_mixin.py:137} INFO - [2022-11-30T10:04:43.212+0000] {dag.py:3340} INFO - Setting next_dagrun for example_sla_dag to 2022-11-30T10:02:00+00:00, run_after=2022-11-30T10:04:00+00:00
[2022-11-30T10:04:43.225+0000] {processor.py:176} INFO - Processing /home/airflow/.local/lib/python3.7/site-packages/airflow/example_dags/example_sla_dag.py took 0.210 seconds
[2022-11-30T10:05:13.604+0000] {processor.py:154} INFO - Started process (PID=860) to work on /home/airflow/.local/lib/python3.7/site-packages/airflow/example_dags/example_sla_dag.py
[2022-11-30T10:05:13.611+0000] {processor.py:756} INFO - Processing file /home/airflow/.local/lib/python3.7/site-packages/airflow/example_dags/example_sla_dag.py for tasks to queue
[2022-11-30T10:05:13.615+0000] {logging_mixin.py:137} INFO - [2022-11-30T10:05:13.615+0000] {dagbag.py:537} INFO - Filling up the DagBag from /home/airflow/.local/lib/python3.7/site-packages/airflow/example_dags/example_sla_dag.py
[2022-11-30T10:05:13.658+0000] {processor.py:766} INFO - DAG(s) dict_keys(['example_sla_dag']) retrieved from /home/airflow/.local/lib/python3.7/site-packages/airflow/example_dags/example_sla_dag.py
[2022-11-30T10:05:13.715+0000] {logging_mixin.py:137} INFO - [2022-11-30T10:05:13.715+0000] {dag.py:2585} INFO - Sync 1 DAGs
[2022-11-30T10:05:13.742+0000] {logging_mixin.py:137} INFO - [2022-11-30T10:05:13.742+0000] {dag.py:3340} INFO - Setting next_dagrun for example_sla_dag to 2022-11-30T10:02:00+00:00, run_after=2022-11-30T10:04:00+00:00
[2022-11-30T10:05:13.759+0000] {processor.py:176} INFO - Processing /home/airflow/.local/lib/python3.7/site-packages/airflow/example_dags/example_sla_dag.py took 0.160 seconds
[2022-11-30T10:05:43.898+0000] {processor.py:154} INFO - Started process (PID=924) to work on /home/airflow/.local/lib/python3.7/site-packages/airflow/example_dags/example_sla_dag.py
[2022-11-30T10:05:43.905+0000] {processor.py:756} INFO - Processing file /home/airflow/.local/lib/python3.7/site-packages/airflow/example_dags/example_sla_dag.py for tasks to queue
[2022-11-30T10:05:43.908+0000] {logging_mixin.py:137} INFO - [2022-11-30T10:05:43.907+0000] {dagbag.py:537} INFO - Filling up the DagBag from /home/airflow/.local/lib/python3.7/site-packages/airflow/example_dags/example_sla_dag.py
[2022-11-30T10:05:43.940+0000] {processor.py:766} INFO - DAG(s) dict_keys(['example_sla_dag']) retrieved from /home/airflow/.local/lib/python3.7/site-packages/airflow/example_dags/example_sla_dag.py
[2022-11-30T10:05:43.996+0000] {logging_mixin.py:137} INFO - [2022-11-30T10:05:43.996+0000] {dag.py:2585} INFO - Sync 1 DAGs
[2022-11-30T10:05:44.039+0000] {logging_mixin.py:137} INFO - [2022-11-30T10:05:44.039+0000] {dag.py:3340} INFO - Setting next_dagrun for example_sla_dag to 2022-11-30T10:02:00+00:00, run_after=2022-11-30T10:04:00+00:00
[2022-11-30T10:05:44.063+0000] {processor.py:176} INFO - Processing /home/airflow/.local/lib/python3.7/site-packages/airflow/example_dags/example_sla_dag.py took 0.173 seconds
[2022-11-30T10:06:14.104+0000] {processor.py:154} INFO - Started process (PID=979) to work on /home/airflow/.local/lib/python3.7/site-packages/airflow/example_dags/example_sla_dag.py
[2022-11-30T10:06:14.106+0000] {processor.py:756} INFO - Processing file /home/airflow/.local/lib/python3.7/site-packages/airflow/example_dags/example_sla_dag.py for tasks to queue
[2022-11-30T10:06:14.107+0000] {logging_mixin.py:137} INFO - [2022-11-30T10:06:14.107+0000] {dagbag.py:537} INFO - Filling up the DagBag from /home/airflow/.local/lib/python3.7/site-packages/airflow/example_dags/example_sla_dag.py
[2022-11-30T10:06:14.123+0000] {processor.py:766} INFO - DAG(s) dict_keys(['example_sla_dag']) retrieved from /home/airflow/.local/lib/python3.7/site-packages/airflow/example_dags/example_sla_dag.py
[2022-11-30T10:06:14.153+0000] {logging_mixin.py:137} INFO - [2022-11-30T10:06:14.153+0000] {dag.py:2585} INFO - Sync 1 DAGs
[2022-11-30T10:06:14.169+0000] {logging_mixin.py:137} INFO - [2022-11-30T10:06:14.169+0000] {dag.py:3340} INFO - Setting next_dagrun for example_sla_dag to 2022-11-30T10:04:00+00:00, run_after=2022-11-30T10:06:00+00:00
[2022-11-30T10:06:14.180+0000] {processor.py:176} INFO - Processing /home/airflow/.local/lib/python3.7/site-packages/airflow/example_dags/example_sla_dag.py took 0.078 seconds
[2022-11-30T10:06:44.708+0000] {processor.py:154} INFO - Started process (PID=1044) to work on /home/airflow/.local/lib/python3.7/site-packages/airflow/example_dags/example_sla_dag.py
[2022-11-30T10:06:44.711+0000] {processor.py:756} INFO - Processing file /home/airflow/.local/lib/python3.7/site-packages/airflow/example_dags/example_sla_dag.py for tasks to queue
[2022-11-30T10:06:44.713+0000] {logging_mixin.py:137} INFO - [2022-11-30T10:06:44.713+0000] {dagbag.py:537} INFO - Filling up the DagBag from /home/airflow/.local/lib/python3.7/site-packages/airflow/example_dags/example_sla_dag.py
[2022-11-30T10:06:44.750+0000] {processor.py:766} INFO - DAG(s) dict_keys(['example_sla_dag']) retrieved from /home/airflow/.local/lib/python3.7/site-packages/airflow/example_dags/example_sla_dag.py
[2022-11-30T10:06:44.794+0000] {logging_mixin.py:137} INFO - [2022-11-30T10:06:44.794+0000] {dag.py:2585} INFO - Sync 1 DAGs
[2022-11-30T10:06:44.820+0000] {logging_mixin.py:137} INFO - [2022-11-30T10:06:44.820+0000] {dag.py:3340} INFO - Setting next_dagrun for example_sla_dag to 2022-11-30T10:04:00+00:00, run_after=2022-11-30T10:06:00+00:00
[2022-11-30T10:06:44.834+0000] {processor.py:176} INFO - Processing /home/airflow/.local/lib/python3.7/site-packages/airflow/example_dags/example_sla_dag.py took 0.129 seconds
