[2022-11-30T03:20:36.805+0000] {processor.py:154} INFO - Started process (PID=55) to work on /home/airflow/.local/lib/python3.7/site-packages/airflow/example_dags/example_branch_labels.py
[2022-11-30T03:20:36.808+0000] {processor.py:756} INFO - Processing file /home/airflow/.local/lib/python3.7/site-packages/airflow/example_dags/example_branch_labels.py for tasks to queue
[2022-11-30T03:20:36.810+0000] {logging_mixin.py:137} INFO - [2022-11-30T03:20:36.810+0000] {dagbag.py:537} INFO - Filling up the DagBag from /home/airflow/.local/lib/python3.7/site-packages/airflow/example_dags/example_branch_labels.py
[2022-11-30T03:20:36.853+0000] {processor.py:766} INFO - DAG(s) dict_keys(['example_branch_labels']) retrieved from /home/airflow/.local/lib/python3.7/site-packages/airflow/example_dags/example_branch_labels.py
[2022-11-30T03:20:37.103+0000] {logging_mixin.py:137} INFO - [2022-11-30T03:20:37.102+0000] {dag.py:2585} INFO - Sync 1 DAGs
[2022-11-30T03:20:37.188+0000] {logging_mixin.py:137} INFO - [2022-11-30T03:20:37.188+0000] {dag.py:3340} INFO - Setting next_dagrun for example_branch_labels to 2022-11-29T00:00:00+00:00, run_after=2022-11-30T00:00:00+00:00
[2022-11-30T03:20:38.431+0000] {logging_mixin.py:137} INFO - [2022-11-30T03:20:38.430+0000] {process_utils.py:256} INFO - Waiting up to 5 seconds for processes to exit...
[2022-11-30T09:49:46.454+0000] {processor.py:154} INFO - Started process (PID=58) to work on /home/airflow/.local/lib/python3.7/site-packages/airflow/example_dags/example_branch_labels.py
[2022-11-30T09:49:46.457+0000] {processor.py:756} INFO - Processing file /home/airflow/.local/lib/python3.7/site-packages/airflow/example_dags/example_branch_labels.py for tasks to queue
[2022-11-30T09:49:46.459+0000] {logging_mixin.py:137} INFO - [2022-11-30T09:49:46.459+0000] {dagbag.py:537} INFO - Filling up the DagBag from /home/airflow/.local/lib/python3.7/site-packages/airflow/example_dags/example_branch_labels.py
[2022-11-30T09:49:46.514+0000] {processor.py:766} INFO - DAG(s) dict_keys(['example_branch_labels']) retrieved from /home/airflow/.local/lib/python3.7/site-packages/airflow/example_dags/example_branch_labels.py
[2022-11-30T09:49:46.727+0000] {logging_mixin.py:137} INFO - [2022-11-30T09:49:46.723+0000] {dag.py:2585} INFO - Sync 1 DAGs
[2022-11-30T09:49:46.907+0000] {logging_mixin.py:137} INFO - [2022-11-30T09:49:46.906+0000] {dag.py:3340} INFO - Setting next_dagrun for example_branch_labels to 2022-11-29T00:00:00+00:00, run_after=2022-11-30T00:00:00+00:00
[2022-11-30T09:49:47.021+0000] {processor.py:176} INFO - Processing /home/airflow/.local/lib/python3.7/site-packages/airflow/example_dags/example_branch_labels.py took 0.585 seconds
[2022-11-30T09:50:17.348+0000] {processor.py:154} INFO - Started process (PID=113) to work on /home/airflow/.local/lib/python3.7/site-packages/airflow/example_dags/example_branch_labels.py
[2022-11-30T09:50:17.352+0000] {processor.py:756} INFO - Processing file /home/airflow/.local/lib/python3.7/site-packages/airflow/example_dags/example_branch_labels.py for tasks to queue
[2022-11-30T09:50:17.355+0000] {logging_mixin.py:137} INFO - [2022-11-30T09:50:17.355+0000] {dagbag.py:537} INFO - Filling up the DagBag from /home/airflow/.local/lib/python3.7/site-packages/airflow/example_dags/example_branch_labels.py
[2022-11-30T09:50:17.384+0000] {processor.py:766} INFO - DAG(s) dict_keys(['example_branch_labels']) retrieved from /home/airflow/.local/lib/python3.7/site-packages/airflow/example_dags/example_branch_labels.py
[2022-11-30T09:50:17.466+0000] {logging_mixin.py:137} INFO - [2022-11-30T09:50:17.466+0000] {dag.py:2585} INFO - Sync 1 DAGs
[2022-11-30T09:50:17.494+0000] {logging_mixin.py:137} INFO - [2022-11-30T09:50:17.494+0000] {dag.py:3340} INFO - Setting next_dagrun for example_branch_labels to 2022-11-29T00:00:00+00:00, run_after=2022-11-30T00:00:00+00:00
[2022-11-30T09:50:17.510+0000] {processor.py:176} INFO - Processing /home/airflow/.local/lib/python3.7/site-packages/airflow/example_dags/example_branch_labels.py took 0.170 seconds
[2022-11-30T09:50:48.864+0000] {processor.py:154} INFO - Started process (PID=170) to work on /home/airflow/.local/lib/python3.7/site-packages/airflow/example_dags/example_branch_labels.py
[2022-11-30T09:50:48.871+0000] {processor.py:756} INFO - Processing file /home/airflow/.local/lib/python3.7/site-packages/airflow/example_dags/example_branch_labels.py for tasks to queue
[2022-11-30T09:50:48.874+0000] {logging_mixin.py:137} INFO - [2022-11-30T09:50:48.873+0000] {dagbag.py:537} INFO - Filling up the DagBag from /home/airflow/.local/lib/python3.7/site-packages/airflow/example_dags/example_branch_labels.py
[2022-11-30T09:50:48.920+0000] {processor.py:766} INFO - DAG(s) dict_keys(['example_branch_labels']) retrieved from /home/airflow/.local/lib/python3.7/site-packages/airflow/example_dags/example_branch_labels.py
[2022-11-30T09:50:49.042+0000] {logging_mixin.py:137} INFO - [2022-11-30T09:50:49.042+0000] {dag.py:2585} INFO - Sync 1 DAGs
[2022-11-30T09:50:49.473+0000] {logging_mixin.py:137} INFO - [2022-11-30T09:50:49.472+0000] {dag.py:3340} INFO - Setting next_dagrun for example_branch_labels to 2022-11-29T00:00:00+00:00, run_after=2022-11-30T00:00:00+00:00
[2022-11-30T09:50:49.568+0000] {processor.py:176} INFO - Processing /home/airflow/.local/lib/python3.7/site-packages/airflow/example_dags/example_branch_labels.py took 0.708 seconds
[2022-11-30T09:51:19.648+0000] {processor.py:154} INFO - Started process (PID=235) to work on /home/airflow/.local/lib/python3.7/site-packages/airflow/example_dags/example_branch_labels.py
[2022-11-30T09:51:19.650+0000] {processor.py:756} INFO - Processing file /home/airflow/.local/lib/python3.7/site-packages/airflow/example_dags/example_branch_labels.py for tasks to queue
[2022-11-30T09:51:19.651+0000] {logging_mixin.py:137} INFO - [2022-11-30T09:51:19.651+0000] {dagbag.py:537} INFO - Filling up the DagBag from /home/airflow/.local/lib/python3.7/site-packages/airflow/example_dags/example_branch_labels.py
[2022-11-30T09:51:19.659+0000] {processor.py:766} INFO - DAG(s) dict_keys(['example_branch_labels']) retrieved from /home/airflow/.local/lib/python3.7/site-packages/airflow/example_dags/example_branch_labels.py
[2022-11-30T09:51:19.694+0000] {logging_mixin.py:137} INFO - [2022-11-30T09:51:19.694+0000] {dag.py:2585} INFO - Sync 1 DAGs
[2022-11-30T09:51:19.709+0000] {logging_mixin.py:137} INFO - [2022-11-30T09:51:19.709+0000] {dag.py:3340} INFO - Setting next_dagrun for example_branch_labels to 2022-11-29T00:00:00+00:00, run_after=2022-11-30T00:00:00+00:00
[2022-11-30T09:51:19.729+0000] {processor.py:176} INFO - Processing /home/airflow/.local/lib/python3.7/site-packages/airflow/example_dags/example_branch_labels.py took 0.083 seconds
[2022-11-30T09:51:50.586+0000] {processor.py:154} INFO - Started process (PID=299) to work on /home/airflow/.local/lib/python3.7/site-packages/airflow/example_dags/example_branch_labels.py
[2022-11-30T09:51:50.587+0000] {processor.py:756} INFO - Processing file /home/airflow/.local/lib/python3.7/site-packages/airflow/example_dags/example_branch_labels.py for tasks to queue
[2022-11-30T09:51:50.590+0000] {logging_mixin.py:137} INFO - [2022-11-30T09:51:50.590+0000] {dagbag.py:537} INFO - Filling up the DagBag from /home/airflow/.local/lib/python3.7/site-packages/airflow/example_dags/example_branch_labels.py
[2022-11-30T09:51:50.607+0000] {processor.py:766} INFO - DAG(s) dict_keys(['example_branch_labels']) retrieved from /home/airflow/.local/lib/python3.7/site-packages/airflow/example_dags/example_branch_labels.py
[2022-11-30T09:51:50.642+0000] {logging_mixin.py:137} INFO - [2022-11-30T09:51:50.642+0000] {dag.py:2585} INFO - Sync 1 DAGs
[2022-11-30T09:51:50.656+0000] {logging_mixin.py:137} INFO - [2022-11-30T09:51:50.656+0000] {dag.py:3340} INFO - Setting next_dagrun for example_branch_labels to 2022-11-29T00:00:00+00:00, run_after=2022-11-30T00:00:00+00:00
[2022-11-30T09:51:50.667+0000] {processor.py:176} INFO - Processing /home/airflow/.local/lib/python3.7/site-packages/airflow/example_dags/example_branch_labels.py took 0.084 seconds
[2022-11-30T09:52:20.975+0000] {processor.py:154} INFO - Started process (PID=354) to work on /home/airflow/.local/lib/python3.7/site-packages/airflow/example_dags/example_branch_labels.py
[2022-11-30T09:52:20.978+0000] {processor.py:756} INFO - Processing file /home/airflow/.local/lib/python3.7/site-packages/airflow/example_dags/example_branch_labels.py for tasks to queue
[2022-11-30T09:52:20.982+0000] {logging_mixin.py:137} INFO - [2022-11-30T09:52:20.981+0000] {dagbag.py:537} INFO - Filling up the DagBag from /home/airflow/.local/lib/python3.7/site-packages/airflow/example_dags/example_branch_labels.py
[2022-11-30T09:52:20.993+0000] {processor.py:766} INFO - DAG(s) dict_keys(['example_branch_labels']) retrieved from /home/airflow/.local/lib/python3.7/site-packages/airflow/example_dags/example_branch_labels.py
[2022-11-30T09:52:21.020+0000] {logging_mixin.py:137} INFO - [2022-11-30T09:52:21.020+0000] {dag.py:2585} INFO - Sync 1 DAGs
[2022-11-30T09:52:21.037+0000] {logging_mixin.py:137} INFO - [2022-11-30T09:52:21.036+0000] {dag.py:3340} INFO - Setting next_dagrun for example_branch_labels to 2022-11-29T00:00:00+00:00, run_after=2022-11-30T00:00:00+00:00
[2022-11-30T09:52:21.048+0000] {processor.py:176} INFO - Processing /home/airflow/.local/lib/python3.7/site-packages/airflow/example_dags/example_branch_labels.py took 0.077 seconds
[2022-11-30T09:52:51.644+0000] {processor.py:154} INFO - Started process (PID=410) to work on /home/airflow/.local/lib/python3.7/site-packages/airflow/example_dags/example_branch_labels.py
[2022-11-30T09:52:51.646+0000] {processor.py:756} INFO - Processing file /home/airflow/.local/lib/python3.7/site-packages/airflow/example_dags/example_branch_labels.py for tasks to queue
[2022-11-30T09:52:51.647+0000] {logging_mixin.py:137} INFO - [2022-11-30T09:52:51.647+0000] {dagbag.py:537} INFO - Filling up the DagBag from /home/airflow/.local/lib/python3.7/site-packages/airflow/example_dags/example_branch_labels.py
[2022-11-30T09:52:51.659+0000] {processor.py:766} INFO - DAG(s) dict_keys(['example_branch_labels']) retrieved from /home/airflow/.local/lib/python3.7/site-packages/airflow/example_dags/example_branch_labels.py
[2022-11-30T09:52:51.692+0000] {logging_mixin.py:137} INFO - [2022-11-30T09:52:51.692+0000] {dag.py:2585} INFO - Sync 1 DAGs
[2022-11-30T09:52:51.723+0000] {logging_mixin.py:137} INFO - [2022-11-30T09:52:51.723+0000] {dag.py:3340} INFO - Setting next_dagrun for example_branch_labels to 2022-11-29T00:00:00+00:00, run_after=2022-11-30T00:00:00+00:00
[2022-11-30T09:52:51.744+0000] {processor.py:176} INFO - Processing /home/airflow/.local/lib/python3.7/site-packages/airflow/example_dags/example_branch_labels.py took 0.102 seconds
[2022-11-30T09:53:24.172+0000] {processor.py:154} INFO - Started process (PID=476) to work on /home/airflow/.local/lib/python3.7/site-packages/airflow/example_dags/example_branch_labels.py
[2022-11-30T09:53:24.178+0000] {processor.py:756} INFO - Processing file /home/airflow/.local/lib/python3.7/site-packages/airflow/example_dags/example_branch_labels.py for tasks to queue
[2022-11-30T09:53:24.182+0000] {logging_mixin.py:137} INFO - [2022-11-30T09:53:24.181+0000] {dagbag.py:537} INFO - Filling up the DagBag from /home/airflow/.local/lib/python3.7/site-packages/airflow/example_dags/example_branch_labels.py
[2022-11-30T09:53:24.209+0000] {processor.py:766} INFO - DAG(s) dict_keys(['example_branch_labels']) retrieved from /home/airflow/.local/lib/python3.7/site-packages/airflow/example_dags/example_branch_labels.py
[2022-11-30T09:53:24.273+0000] {logging_mixin.py:137} INFO - [2022-11-30T09:53:24.273+0000] {dag.py:2585} INFO - Sync 1 DAGs
[2022-11-30T09:53:24.299+0000] {logging_mixin.py:137} INFO - [2022-11-30T09:53:24.299+0000] {dag.py:3340} INFO - Setting next_dagrun for example_branch_labels to 2022-11-29T00:00:00+00:00, run_after=2022-11-30T00:00:00+00:00
[2022-11-30T09:53:24.318+0000] {processor.py:176} INFO - Processing /home/airflow/.local/lib/python3.7/site-packages/airflow/example_dags/example_branch_labels.py took 0.152 seconds
[2022-11-30T09:53:55.491+0000] {processor.py:154} INFO - Started process (PID=540) to work on /home/airflow/.local/lib/python3.7/site-packages/airflow/example_dags/example_branch_labels.py
[2022-11-30T09:53:55.496+0000] {processor.py:756} INFO - Processing file /home/airflow/.local/lib/python3.7/site-packages/airflow/example_dags/example_branch_labels.py for tasks to queue
[2022-11-30T09:53:55.498+0000] {logging_mixin.py:137} INFO - [2022-11-30T09:53:55.498+0000] {dagbag.py:537} INFO - Filling up the DagBag from /home/airflow/.local/lib/python3.7/site-packages/airflow/example_dags/example_branch_labels.py
[2022-11-30T09:53:55.516+0000] {processor.py:766} INFO - DAG(s) dict_keys(['example_branch_labels']) retrieved from /home/airflow/.local/lib/python3.7/site-packages/airflow/example_dags/example_branch_labels.py
[2022-11-30T09:53:55.555+0000] {logging_mixin.py:137} INFO - [2022-11-30T09:53:55.555+0000] {dag.py:2585} INFO - Sync 1 DAGs
[2022-11-30T09:53:55.590+0000] {logging_mixin.py:137} INFO - [2022-11-30T09:53:55.590+0000] {dag.py:3340} INFO - Setting next_dagrun for example_branch_labels to 2022-11-29T00:00:00+00:00, run_after=2022-11-30T00:00:00+00:00
[2022-11-30T09:53:55.602+0000] {processor.py:176} INFO - Processing /home/airflow/.local/lib/python3.7/site-packages/airflow/example_dags/example_branch_labels.py took 0.113 seconds
[2022-11-30T09:54:26.634+0000] {processor.py:154} INFO - Started process (PID=594) to work on /home/airflow/.local/lib/python3.7/site-packages/airflow/example_dags/example_branch_labels.py
[2022-11-30T09:54:26.637+0000] {processor.py:756} INFO - Processing file /home/airflow/.local/lib/python3.7/site-packages/airflow/example_dags/example_branch_labels.py for tasks to queue
[2022-11-30T09:54:26.640+0000] {logging_mixin.py:137} INFO - [2022-11-30T09:54:26.640+0000] {dagbag.py:537} INFO - Filling up the DagBag from /home/airflow/.local/lib/python3.7/site-packages/airflow/example_dags/example_branch_labels.py
[2022-11-30T09:54:26.656+0000] {processor.py:766} INFO - DAG(s) dict_keys(['example_branch_labels']) retrieved from /home/airflow/.local/lib/python3.7/site-packages/airflow/example_dags/example_branch_labels.py
[2022-11-30T09:54:26.691+0000] {logging_mixin.py:137} INFO - [2022-11-30T09:54:26.691+0000] {dag.py:2585} INFO - Sync 1 DAGs
[2022-11-30T09:54:26.709+0000] {logging_mixin.py:137} INFO - [2022-11-30T09:54:26.709+0000] {dag.py:3340} INFO - Setting next_dagrun for example_branch_labels to 2022-11-29T00:00:00+00:00, run_after=2022-11-30T00:00:00+00:00
[2022-11-30T09:54:26.721+0000] {processor.py:176} INFO - Processing /home/airflow/.local/lib/python3.7/site-packages/airflow/example_dags/example_branch_labels.py took 0.089 seconds
[2022-11-30T09:54:57.796+0000] {processor.py:154} INFO - Started process (PID=659) to work on /home/airflow/.local/lib/python3.7/site-packages/airflow/example_dags/example_branch_labels.py
[2022-11-30T09:54:57.798+0000] {processor.py:756} INFO - Processing file /home/airflow/.local/lib/python3.7/site-packages/airflow/example_dags/example_branch_labels.py for tasks to queue
[2022-11-30T09:54:57.800+0000] {logging_mixin.py:137} INFO - [2022-11-30T09:54:57.800+0000] {dagbag.py:537} INFO - Filling up the DagBag from /home/airflow/.local/lib/python3.7/site-packages/airflow/example_dags/example_branch_labels.py
[2022-11-30T09:54:57.810+0000] {processor.py:766} INFO - DAG(s) dict_keys(['example_branch_labels']) retrieved from /home/airflow/.local/lib/python3.7/site-packages/airflow/example_dags/example_branch_labels.py
[2022-11-30T09:54:57.848+0000] {logging_mixin.py:137} INFO - [2022-11-30T09:54:57.848+0000] {dag.py:2585} INFO - Sync 1 DAGs
[2022-11-30T09:54:57.867+0000] {logging_mixin.py:137} INFO - [2022-11-30T09:54:57.867+0000] {dag.py:3340} INFO - Setting next_dagrun for example_branch_labels to 2022-11-29T00:00:00+00:00, run_after=2022-11-30T00:00:00+00:00
[2022-11-30T09:54:57.880+0000] {processor.py:176} INFO - Processing /home/airflow/.local/lib/python3.7/site-packages/airflow/example_dags/example_branch_labels.py took 0.087 seconds
[2022-11-30T09:58:27.661+0000] {processor.py:154} INFO - Started process (PID=57) to work on /home/airflow/.local/lib/python3.7/site-packages/airflow/example_dags/example_branch_labels.py
[2022-11-30T09:58:27.666+0000] {processor.py:756} INFO - Processing file /home/airflow/.local/lib/python3.7/site-packages/airflow/example_dags/example_branch_labels.py for tasks to queue
[2022-11-30T09:58:27.672+0000] {logging_mixin.py:137} INFO - [2022-11-30T09:58:27.671+0000] {dagbag.py:537} INFO - Filling up the DagBag from /home/airflow/.local/lib/python3.7/site-packages/airflow/example_dags/example_branch_labels.py
[2022-11-30T09:58:27.720+0000] {processor.py:766} INFO - DAG(s) dict_keys(['example_branch_labels']) retrieved from /home/airflow/.local/lib/python3.7/site-packages/airflow/example_dags/example_branch_labels.py
[2022-11-30T09:58:27.831+0000] {logging_mixin.py:137} INFO - [2022-11-30T09:58:27.830+0000] {dag.py:2585} INFO - Sync 1 DAGs
[2022-11-30T09:58:27.978+0000] {logging_mixin.py:137} INFO - [2022-11-30T09:58:27.975+0000] {dag.py:3340} INFO - Setting next_dagrun for example_branch_labels to 2022-11-29T00:00:00+00:00, run_after=2022-11-30T00:00:00+00:00
[2022-11-30T09:58:28.073+0000] {processor.py:176} INFO - Processing /home/airflow/.local/lib/python3.7/site-packages/airflow/example_dags/example_branch_labels.py took 0.426 seconds
[2022-11-30T09:58:58.303+0000] {processor.py:154} INFO - Started process (PID=112) to work on /home/airflow/.local/lib/python3.7/site-packages/airflow/example_dags/example_branch_labels.py
[2022-11-30T09:58:58.306+0000] {processor.py:756} INFO - Processing file /home/airflow/.local/lib/python3.7/site-packages/airflow/example_dags/example_branch_labels.py for tasks to queue
[2022-11-30T09:58:58.309+0000] {logging_mixin.py:137} INFO - [2022-11-30T09:58:58.309+0000] {dagbag.py:537} INFO - Filling up the DagBag from /home/airflow/.local/lib/python3.7/site-packages/airflow/example_dags/example_branch_labels.py
[2022-11-30T09:58:58.327+0000] {processor.py:766} INFO - DAG(s) dict_keys(['example_branch_labels']) retrieved from /home/airflow/.local/lib/python3.7/site-packages/airflow/example_dags/example_branch_labels.py
[2022-11-30T09:58:58.370+0000] {logging_mixin.py:137} INFO - [2022-11-30T09:58:58.370+0000] {dag.py:2585} INFO - Sync 1 DAGs
[2022-11-30T09:58:58.392+0000] {logging_mixin.py:137} INFO - [2022-11-30T09:58:58.392+0000] {dag.py:3340} INFO - Setting next_dagrun for example_branch_labels to 2022-11-29T00:00:00+00:00, run_after=2022-11-30T00:00:00+00:00
[2022-11-30T09:58:58.406+0000] {processor.py:176} INFO - Processing /home/airflow/.local/lib/python3.7/site-packages/airflow/example_dags/example_branch_labels.py took 0.107 seconds
[2022-11-30T09:59:28.784+0000] {processor.py:154} INFO - Started process (PID=177) to work on /home/airflow/.local/lib/python3.7/site-packages/airflow/example_dags/example_branch_labels.py
[2022-11-30T09:59:28.791+0000] {processor.py:756} INFO - Processing file /home/airflow/.local/lib/python3.7/site-packages/airflow/example_dags/example_branch_labels.py for tasks to queue
[2022-11-30T09:59:28.793+0000] {logging_mixin.py:137} INFO - [2022-11-30T09:59:28.793+0000] {dagbag.py:537} INFO - Filling up the DagBag from /home/airflow/.local/lib/python3.7/site-packages/airflow/example_dags/example_branch_labels.py
[2022-11-30T09:59:28.815+0000] {processor.py:766} INFO - DAG(s) dict_keys(['example_branch_labels']) retrieved from /home/airflow/.local/lib/python3.7/site-packages/airflow/example_dags/example_branch_labels.py
[2022-11-30T09:59:28.875+0000] {logging_mixin.py:137} INFO - [2022-11-30T09:59:28.875+0000] {dag.py:2585} INFO - Sync 1 DAGs
[2022-11-30T09:59:28.902+0000] {logging_mixin.py:137} INFO - [2022-11-30T09:59:28.902+0000] {dag.py:3340} INFO - Setting next_dagrun for example_branch_labels to 2022-11-29T00:00:00+00:00, run_after=2022-11-30T00:00:00+00:00
[2022-11-30T09:59:28.916+0000] {processor.py:176} INFO - Processing /home/airflow/.local/lib/python3.7/site-packages/airflow/example_dags/example_branch_labels.py took 0.136 seconds
[2022-11-30T09:59:59.402+0000] {processor.py:154} INFO - Started process (PID=241) to work on /home/airflow/.local/lib/python3.7/site-packages/airflow/example_dags/example_branch_labels.py
[2022-11-30T09:59:59.407+0000] {processor.py:756} INFO - Processing file /home/airflow/.local/lib/python3.7/site-packages/airflow/example_dags/example_branch_labels.py for tasks to queue
[2022-11-30T09:59:59.414+0000] {logging_mixin.py:137} INFO - [2022-11-30T09:59:59.414+0000] {dagbag.py:537} INFO - Filling up the DagBag from /home/airflow/.local/lib/python3.7/site-packages/airflow/example_dags/example_branch_labels.py
[2022-11-30T09:59:59.425+0000] {processor.py:766} INFO - DAG(s) dict_keys(['example_branch_labels']) retrieved from /home/airflow/.local/lib/python3.7/site-packages/airflow/example_dags/example_branch_labels.py
[2022-11-30T09:59:59.453+0000] {logging_mixin.py:137} INFO - [2022-11-30T09:59:59.453+0000] {dag.py:2585} INFO - Sync 1 DAGs
[2022-11-30T09:59:59.468+0000] {logging_mixin.py:137} INFO - [2022-11-30T09:59:59.468+0000] {dag.py:3340} INFO - Setting next_dagrun for example_branch_labels to 2022-11-29T00:00:00+00:00, run_after=2022-11-30T00:00:00+00:00
[2022-11-30T09:59:59.479+0000] {processor.py:176} INFO - Processing /home/airflow/.local/lib/python3.7/site-packages/airflow/example_dags/example_branch_labels.py took 0.079 seconds
[2022-11-30T10:00:30.513+0000] {processor.py:154} INFO - Started process (PID=304) to work on /home/airflow/.local/lib/python3.7/site-packages/airflow/example_dags/example_branch_labels.py
[2022-11-30T10:00:30.520+0000] {processor.py:756} INFO - Processing file /home/airflow/.local/lib/python3.7/site-packages/airflow/example_dags/example_branch_labels.py for tasks to queue
[2022-11-30T10:00:30.528+0000] {logging_mixin.py:137} INFO - [2022-11-30T10:00:30.527+0000] {dagbag.py:537} INFO - Filling up the DagBag from /home/airflow/.local/lib/python3.7/site-packages/airflow/example_dags/example_branch_labels.py
[2022-11-30T10:00:30.620+0000] {processor.py:766} INFO - DAG(s) dict_keys(['example_branch_labels']) retrieved from /home/airflow/.local/lib/python3.7/site-packages/airflow/example_dags/example_branch_labels.py
[2022-11-30T10:00:30.734+0000] {logging_mixin.py:137} INFO - [2022-11-30T10:00:30.734+0000] {dag.py:2585} INFO - Sync 1 DAGs
[2022-11-30T10:00:30.775+0000] {logging_mixin.py:137} INFO - [2022-11-30T10:00:30.775+0000] {dag.py:3340} INFO - Setting next_dagrun for example_branch_labels to 2022-11-29T00:00:00+00:00, run_after=2022-11-30T00:00:00+00:00
[2022-11-30T10:00:30.856+0000] {processor.py:176} INFO - Processing /home/airflow/.local/lib/python3.7/site-packages/airflow/example_dags/example_branch_labels.py took 0.361 seconds
[2022-11-30T10:01:01.059+0000] {processor.py:154} INFO - Started process (PID=361) to work on /home/airflow/.local/lib/python3.7/site-packages/airflow/example_dags/example_branch_labels.py
[2022-11-30T10:01:01.065+0000] {processor.py:756} INFO - Processing file /home/airflow/.local/lib/python3.7/site-packages/airflow/example_dags/example_branch_labels.py for tasks to queue
[2022-11-30T10:01:01.066+0000] {logging_mixin.py:137} INFO - [2022-11-30T10:01:01.066+0000] {dagbag.py:537} INFO - Filling up the DagBag from /home/airflow/.local/lib/python3.7/site-packages/airflow/example_dags/example_branch_labels.py
[2022-11-30T10:01:01.089+0000] {processor.py:766} INFO - DAG(s) dict_keys(['example_branch_labels']) retrieved from /home/airflow/.local/lib/python3.7/site-packages/airflow/example_dags/example_branch_labels.py
[2022-11-30T10:01:01.164+0000] {logging_mixin.py:137} INFO - [2022-11-30T10:01:01.164+0000] {dag.py:2585} INFO - Sync 1 DAGs
[2022-11-30T10:01:01.192+0000] {logging_mixin.py:137} INFO - [2022-11-30T10:01:01.192+0000] {dag.py:3340} INFO - Setting next_dagrun for example_branch_labels to 2022-11-29T00:00:00+00:00, run_after=2022-11-30T00:00:00+00:00
[2022-11-30T10:01:01.206+0000] {processor.py:176} INFO - Processing /home/airflow/.local/lib/python3.7/site-packages/airflow/example_dags/example_branch_labels.py took 0.149 seconds
[2022-11-30T10:01:34.234+0000] {processor.py:154} INFO - Started process (PID=424) to work on /home/airflow/.local/lib/python3.7/site-packages/airflow/example_dags/example_branch_labels.py
[2022-11-30T10:01:34.239+0000] {processor.py:756} INFO - Processing file /home/airflow/.local/lib/python3.7/site-packages/airflow/example_dags/example_branch_labels.py for tasks to queue
[2022-11-30T10:01:34.240+0000] {logging_mixin.py:137} INFO - [2022-11-30T10:01:34.240+0000] {dagbag.py:537} INFO - Filling up the DagBag from /home/airflow/.local/lib/python3.7/site-packages/airflow/example_dags/example_branch_labels.py
[2022-11-30T10:01:34.251+0000] {processor.py:766} INFO - DAG(s) dict_keys(['example_branch_labels']) retrieved from /home/airflow/.local/lib/python3.7/site-packages/airflow/example_dags/example_branch_labels.py
[2022-11-30T10:01:34.285+0000] {logging_mixin.py:137} INFO - [2022-11-30T10:01:34.284+0000] {dag.py:2585} INFO - Sync 1 DAGs
[2022-11-30T10:01:34.311+0000] {logging_mixin.py:137} INFO - [2022-11-30T10:01:34.311+0000] {dag.py:3340} INFO - Setting next_dagrun for example_branch_labels to 2022-11-29T00:00:00+00:00, run_after=2022-11-30T00:00:00+00:00
[2022-11-30T10:01:34.333+0000] {processor.py:176} INFO - Processing /home/airflow/.local/lib/python3.7/site-packages/airflow/example_dags/example_branch_labels.py took 0.102 seconds
[2022-11-30T10:02:05.683+0000] {processor.py:154} INFO - Started process (PID=488) to work on /home/airflow/.local/lib/python3.7/site-packages/airflow/example_dags/example_branch_labels.py
[2022-11-30T10:02:05.686+0000] {processor.py:756} INFO - Processing file /home/airflow/.local/lib/python3.7/site-packages/airflow/example_dags/example_branch_labels.py for tasks to queue
[2022-11-30T10:02:05.688+0000] {logging_mixin.py:137} INFO - [2022-11-30T10:02:05.688+0000] {dagbag.py:537} INFO - Filling up the DagBag from /home/airflow/.local/lib/python3.7/site-packages/airflow/example_dags/example_branch_labels.py
[2022-11-30T10:02:05.710+0000] {processor.py:766} INFO - DAG(s) dict_keys(['example_branch_labels']) retrieved from /home/airflow/.local/lib/python3.7/site-packages/airflow/example_dags/example_branch_labels.py
[2022-11-30T10:02:05.747+0000] {logging_mixin.py:137} INFO - [2022-11-30T10:02:05.747+0000] {dag.py:2585} INFO - Sync 1 DAGs
[2022-11-30T10:02:05.776+0000] {logging_mixin.py:137} INFO - [2022-11-30T10:02:05.776+0000] {dag.py:3340} INFO - Setting next_dagrun for example_branch_labels to 2022-11-29T00:00:00+00:00, run_after=2022-11-30T00:00:00+00:00
[2022-11-30T10:02:05.803+0000] {processor.py:176} INFO - Processing /home/airflow/.local/lib/python3.7/site-packages/airflow/example_dags/example_branch_labels.py took 0.124 seconds
[2022-11-30T10:02:36.111+0000] {processor.py:154} INFO - Started process (PID=543) to work on /home/airflow/.local/lib/python3.7/site-packages/airflow/example_dags/example_branch_labels.py
[2022-11-30T10:02:36.115+0000] {processor.py:756} INFO - Processing file /home/airflow/.local/lib/python3.7/site-packages/airflow/example_dags/example_branch_labels.py for tasks to queue
[2022-11-30T10:02:36.118+0000] {logging_mixin.py:137} INFO - [2022-11-30T10:02:36.118+0000] {dagbag.py:537} INFO - Filling up the DagBag from /home/airflow/.local/lib/python3.7/site-packages/airflow/example_dags/example_branch_labels.py
[2022-11-30T10:02:36.149+0000] {processor.py:766} INFO - DAG(s) dict_keys(['example_branch_labels']) retrieved from /home/airflow/.local/lib/python3.7/site-packages/airflow/example_dags/example_branch_labels.py
[2022-11-30T10:02:36.207+0000] {logging_mixin.py:137} INFO - [2022-11-30T10:02:36.207+0000] {dag.py:2585} INFO - Sync 1 DAGs
[2022-11-30T10:02:36.235+0000] {logging_mixin.py:137} INFO - [2022-11-30T10:02:36.235+0000] {dag.py:3340} INFO - Setting next_dagrun for example_branch_labels to 2022-11-29T00:00:00+00:00, run_after=2022-11-30T00:00:00+00:00
[2022-11-30T10:02:36.253+0000] {processor.py:176} INFO - Processing /home/airflow/.local/lib/python3.7/site-packages/airflow/example_dags/example_branch_labels.py took 0.146 seconds
[2022-11-30T10:03:07.388+0000] {processor.py:154} INFO - Started process (PID=607) to work on /home/airflow/.local/lib/python3.7/site-packages/airflow/example_dags/example_branch_labels.py
[2022-11-30T10:03:07.391+0000] {processor.py:756} INFO - Processing file /home/airflow/.local/lib/python3.7/site-packages/airflow/example_dags/example_branch_labels.py for tasks to queue
[2022-11-30T10:03:07.393+0000] {logging_mixin.py:137} INFO - [2022-11-30T10:03:07.393+0000] {dagbag.py:537} INFO - Filling up the DagBag from /home/airflow/.local/lib/python3.7/site-packages/airflow/example_dags/example_branch_labels.py
[2022-11-30T10:03:07.406+0000] {processor.py:766} INFO - DAG(s) dict_keys(['example_branch_labels']) retrieved from /home/airflow/.local/lib/python3.7/site-packages/airflow/example_dags/example_branch_labels.py
[2022-11-30T10:03:07.450+0000] {logging_mixin.py:137} INFO - [2022-11-30T10:03:07.449+0000] {dag.py:2585} INFO - Sync 1 DAGs
[2022-11-30T10:03:07.516+0000] {logging_mixin.py:137} INFO - [2022-11-30T10:03:07.516+0000] {dag.py:3340} INFO - Setting next_dagrun for example_branch_labels to 2022-11-29T00:00:00+00:00, run_after=2022-11-30T00:00:00+00:00
[2022-11-30T10:03:07.540+0000] {processor.py:176} INFO - Processing /home/airflow/.local/lib/python3.7/site-packages/airflow/example_dags/example_branch_labels.py took 0.154 seconds
[2022-11-30T10:03:38.745+0000] {processor.py:154} INFO - Started process (PID=670) to work on /home/airflow/.local/lib/python3.7/site-packages/airflow/example_dags/example_branch_labels.py
[2022-11-30T10:03:38.756+0000] {processor.py:756} INFO - Processing file /home/airflow/.local/lib/python3.7/site-packages/airflow/example_dags/example_branch_labels.py for tasks to queue
[2022-11-30T10:03:38.758+0000] {logging_mixin.py:137} INFO - [2022-11-30T10:03:38.758+0000] {dagbag.py:537} INFO - Filling up the DagBag from /home/airflow/.local/lib/python3.7/site-packages/airflow/example_dags/example_branch_labels.py
[2022-11-30T10:03:38.780+0000] {processor.py:766} INFO - DAG(s) dict_keys(['example_branch_labels']) retrieved from /home/airflow/.local/lib/python3.7/site-packages/airflow/example_dags/example_branch_labels.py
[2022-11-30T10:03:38.825+0000] {logging_mixin.py:137} INFO - [2022-11-30T10:03:38.825+0000] {dag.py:2585} INFO - Sync 1 DAGs
[2022-11-30T10:03:38.903+0000] {logging_mixin.py:137} INFO - [2022-11-30T10:03:38.903+0000] {dag.py:3340} INFO - Setting next_dagrun for example_branch_labels to 2022-11-29T00:00:00+00:00, run_after=2022-11-30T00:00:00+00:00
[2022-11-30T10:03:38.958+0000] {processor.py:176} INFO - Processing /home/airflow/.local/lib/python3.7/site-packages/airflow/example_dags/example_branch_labels.py took 0.216 seconds
[2022-11-30T10:04:10.513+0000] {processor.py:154} INFO - Started process (PID=732) to work on /home/airflow/.local/lib/python3.7/site-packages/airflow/example_dags/example_branch_labels.py
[2022-11-30T10:04:10.519+0000] {processor.py:756} INFO - Processing file /home/airflow/.local/lib/python3.7/site-packages/airflow/example_dags/example_branch_labels.py for tasks to queue
[2022-11-30T10:04:10.522+0000] {logging_mixin.py:137} INFO - [2022-11-30T10:04:10.521+0000] {dagbag.py:537} INFO - Filling up the DagBag from /home/airflow/.local/lib/python3.7/site-packages/airflow/example_dags/example_branch_labels.py
[2022-11-30T10:04:10.554+0000] {processor.py:766} INFO - DAG(s) dict_keys(['example_branch_labels']) retrieved from /home/airflow/.local/lib/python3.7/site-packages/airflow/example_dags/example_branch_labels.py
[2022-11-30T10:04:10.610+0000] {logging_mixin.py:137} INFO - [2022-11-30T10:04:10.609+0000] {dag.py:2585} INFO - Sync 1 DAGs
[2022-11-30T10:04:10.641+0000] {logging_mixin.py:137} INFO - [2022-11-30T10:04:10.641+0000] {dag.py:3340} INFO - Setting next_dagrun for example_branch_labels to 2022-11-29T00:00:00+00:00, run_after=2022-11-30T00:00:00+00:00
[2022-11-30T10:04:10.664+0000] {processor.py:176} INFO - Processing /home/airflow/.local/lib/python3.7/site-packages/airflow/example_dags/example_branch_labels.py took 0.158 seconds
[2022-11-30T10:04:41.592+0000] {processor.py:154} INFO - Started process (PID=790) to work on /home/airflow/.local/lib/python3.7/site-packages/airflow/example_dags/example_branch_labels.py
[2022-11-30T10:04:41.595+0000] {processor.py:756} INFO - Processing file /home/airflow/.local/lib/python3.7/site-packages/airflow/example_dags/example_branch_labels.py for tasks to queue
[2022-11-30T10:04:41.597+0000] {logging_mixin.py:137} INFO - [2022-11-30T10:04:41.597+0000] {dagbag.py:537} INFO - Filling up the DagBag from /home/airflow/.local/lib/python3.7/site-packages/airflow/example_dags/example_branch_labels.py
[2022-11-30T10:04:41.611+0000] {processor.py:766} INFO - DAG(s) dict_keys(['example_branch_labels']) retrieved from /home/airflow/.local/lib/python3.7/site-packages/airflow/example_dags/example_branch_labels.py
[2022-11-30T10:04:41.651+0000] {logging_mixin.py:137} INFO - [2022-11-30T10:04:41.651+0000] {dag.py:2585} INFO - Sync 1 DAGs
[2022-11-30T10:04:41.669+0000] {logging_mixin.py:137} INFO - [2022-11-30T10:04:41.669+0000] {dag.py:3340} INFO - Setting next_dagrun for example_branch_labels to 2022-11-29T00:00:00+00:00, run_after=2022-11-30T00:00:00+00:00
[2022-11-30T10:04:41.680+0000] {processor.py:176} INFO - Processing /home/airflow/.local/lib/python3.7/site-packages/airflow/example_dags/example_branch_labels.py took 0.092 seconds
[2022-11-30T10:05:12.064+0000] {processor.py:154} INFO - Started process (PID=854) to work on /home/airflow/.local/lib/python3.7/site-packages/airflow/example_dags/example_branch_labels.py
[2022-11-30T10:05:12.066+0000] {processor.py:756} INFO - Processing file /home/airflow/.local/lib/python3.7/site-packages/airflow/example_dags/example_branch_labels.py for tasks to queue
[2022-11-30T10:05:12.067+0000] {logging_mixin.py:137} INFO - [2022-11-30T10:05:12.067+0000] {dagbag.py:537} INFO - Filling up the DagBag from /home/airflow/.local/lib/python3.7/site-packages/airflow/example_dags/example_branch_labels.py
[2022-11-30T10:05:12.076+0000] {processor.py:766} INFO - DAG(s) dict_keys(['example_branch_labels']) retrieved from /home/airflow/.local/lib/python3.7/site-packages/airflow/example_dags/example_branch_labels.py
[2022-11-30T10:05:12.100+0000] {logging_mixin.py:137} INFO - [2022-11-30T10:05:12.100+0000] {dag.py:2585} INFO - Sync 1 DAGs
[2022-11-30T10:05:12.114+0000] {logging_mixin.py:137} INFO - [2022-11-30T10:05:12.114+0000] {dag.py:3340} INFO - Setting next_dagrun for example_branch_labels to 2022-11-29T00:00:00+00:00, run_after=2022-11-30T00:00:00+00:00
[2022-11-30T10:05:12.126+0000] {processor.py:176} INFO - Processing /home/airflow/.local/lib/python3.7/site-packages/airflow/example_dags/example_branch_labels.py took 0.064 seconds
[2022-11-30T10:05:42.358+0000] {processor.py:154} INFO - Started process (PID=909) to work on /home/airflow/.local/lib/python3.7/site-packages/airflow/example_dags/example_branch_labels.py
[2022-11-30T10:05:42.360+0000] {processor.py:756} INFO - Processing file /home/airflow/.local/lib/python3.7/site-packages/airflow/example_dags/example_branch_labels.py for tasks to queue
[2022-11-30T10:05:42.361+0000] {logging_mixin.py:137} INFO - [2022-11-30T10:05:42.361+0000] {dagbag.py:537} INFO - Filling up the DagBag from /home/airflow/.local/lib/python3.7/site-packages/airflow/example_dags/example_branch_labels.py
[2022-11-30T10:05:42.372+0000] {processor.py:766} INFO - DAG(s) dict_keys(['example_branch_labels']) retrieved from /home/airflow/.local/lib/python3.7/site-packages/airflow/example_dags/example_branch_labels.py
[2022-11-30T10:05:42.395+0000] {logging_mixin.py:137} INFO - [2022-11-30T10:05:42.395+0000] {dag.py:2585} INFO - Sync 1 DAGs
[2022-11-30T10:05:42.410+0000] {logging_mixin.py:137} INFO - [2022-11-30T10:05:42.410+0000] {dag.py:3340} INFO - Setting next_dagrun for example_branch_labels to 2022-11-29T00:00:00+00:00, run_after=2022-11-30T00:00:00+00:00
[2022-11-30T10:05:42.420+0000] {processor.py:176} INFO - Processing /home/airflow/.local/lib/python3.7/site-packages/airflow/example_dags/example_branch_labels.py took 0.064 seconds
[2022-11-30T10:06:13.560+0000] {processor.py:154} INFO - Started process (PID=973) to work on /home/airflow/.local/lib/python3.7/site-packages/airflow/example_dags/example_branch_labels.py
[2022-11-30T10:06:13.562+0000] {processor.py:756} INFO - Processing file /home/airflow/.local/lib/python3.7/site-packages/airflow/example_dags/example_branch_labels.py for tasks to queue
[2022-11-30T10:06:13.567+0000] {logging_mixin.py:137} INFO - [2022-11-30T10:06:13.566+0000] {dagbag.py:537} INFO - Filling up the DagBag from /home/airflow/.local/lib/python3.7/site-packages/airflow/example_dags/example_branch_labels.py
[2022-11-30T10:06:13.579+0000] {processor.py:766} INFO - DAG(s) dict_keys(['example_branch_labels']) retrieved from /home/airflow/.local/lib/python3.7/site-packages/airflow/example_dags/example_branch_labels.py
[2022-11-30T10:06:13.612+0000] {logging_mixin.py:137} INFO - [2022-11-30T10:06:13.612+0000] {dag.py:2585} INFO - Sync 1 DAGs
[2022-11-30T10:06:13.628+0000] {logging_mixin.py:137} INFO - [2022-11-30T10:06:13.628+0000] {dag.py:3340} INFO - Setting next_dagrun for example_branch_labels to 2022-11-29T00:00:00+00:00, run_after=2022-11-30T00:00:00+00:00
[2022-11-30T10:06:13.640+0000] {processor.py:176} INFO - Processing /home/airflow/.local/lib/python3.7/site-packages/airflow/example_dags/example_branch_labels.py took 0.083 seconds
[2022-11-30T10:06:44.090+0000] {processor.py:154} INFO - Started process (PID=1038) to work on /home/airflow/.local/lib/python3.7/site-packages/airflow/example_dags/example_branch_labels.py
[2022-11-30T10:06:44.092+0000] {processor.py:756} INFO - Processing file /home/airflow/.local/lib/python3.7/site-packages/airflow/example_dags/example_branch_labels.py for tasks to queue
[2022-11-30T10:06:44.093+0000] {logging_mixin.py:137} INFO - [2022-11-30T10:06:44.093+0000] {dagbag.py:537} INFO - Filling up the DagBag from /home/airflow/.local/lib/python3.7/site-packages/airflow/example_dags/example_branch_labels.py
[2022-11-30T10:06:44.105+0000] {processor.py:766} INFO - DAG(s) dict_keys(['example_branch_labels']) retrieved from /home/airflow/.local/lib/python3.7/site-packages/airflow/example_dags/example_branch_labels.py
[2022-11-30T10:06:44.140+0000] {logging_mixin.py:137} INFO - [2022-11-30T10:06:44.140+0000] {dag.py:2585} INFO - Sync 1 DAGs
[2022-11-30T10:06:44.156+0000] {logging_mixin.py:137} INFO - [2022-11-30T10:06:44.156+0000] {dag.py:3340} INFO - Setting next_dagrun for example_branch_labels to 2022-11-29T00:00:00+00:00, run_after=2022-11-30T00:00:00+00:00
[2022-11-30T10:06:44.171+0000] {processor.py:176} INFO - Processing /home/airflow/.local/lib/python3.7/site-packages/airflow/example_dags/example_branch_labels.py took 0.084 seconds
