[2022-11-30T09:49:56.015+0000] {processor.py:154} INFO - Started process (PID=72) to work on /home/airflow/.local/lib/python3.7/site-packages/airflow/example_dags/example_external_task_marker_dag.py
[2022-11-30T09:49:56.044+0000] {processor.py:756} INFO - Processing file /home/airflow/.local/lib/python3.7/site-packages/airflow/example_dags/example_external_task_marker_dag.py for tasks to queue
[2022-11-30T09:49:56.065+0000] {logging_mixin.py:137} INFO - [2022-11-30T09:49:56.063+0000] {dagbag.py:537} INFO - Filling up the DagBag from /home/airflow/.local/lib/python3.7/site-packages/airflow/example_dags/example_external_task_marker_dag.py
[2022-11-30T09:49:56.284+0000] {processor.py:766} INFO - DAG(s) dict_keys(['example_external_task_marker_parent', 'example_external_task_marker_child']) retrieved from /home/airflow/.local/lib/python3.7/site-packages/airflow/example_dags/example_external_task_marker_dag.py
[2022-11-30T09:49:56.752+0000] {logging_mixin.py:137} INFO - [2022-11-30T09:49:56.736+0000] {dag.py:2585} INFO - Sync 2 DAGs
[2022-11-30T09:49:57.041+0000] {logging_mixin.py:137} INFO - [2022-11-30T09:49:57.039+0000] {dag.py:3340} INFO - Setting next_dagrun for example_external_task_marker_child to None, run_after=None
[2022-11-30T09:49:57.065+0000] {logging_mixin.py:137} INFO - [2022-11-30T09:49:57.065+0000] {dag.py:3340} INFO - Setting next_dagrun for example_external_task_marker_parent to None, run_after=None
[2022-11-30T09:49:57.116+0000] {processor.py:176} INFO - Processing /home/airflow/.local/lib/python3.7/site-packages/airflow/example_dags/example_external_task_marker_dag.py took 1.122 seconds
[2022-11-30T09:50:27.425+0000] {processor.py:154} INFO - Started process (PID=127) to work on /home/airflow/.local/lib/python3.7/site-packages/airflow/example_dags/example_external_task_marker_dag.py
[2022-11-30T09:50:27.427+0000] {processor.py:756} INFO - Processing file /home/airflow/.local/lib/python3.7/site-packages/airflow/example_dags/example_external_task_marker_dag.py for tasks to queue
[2022-11-30T09:50:27.434+0000] {logging_mixin.py:137} INFO - [2022-11-30T09:50:27.434+0000] {dagbag.py:537} INFO - Filling up the DagBag from /home/airflow/.local/lib/python3.7/site-packages/airflow/example_dags/example_external_task_marker_dag.py
[2022-11-30T09:50:27.486+0000] {processor.py:766} INFO - DAG(s) dict_keys(['example_external_task_marker_parent', 'example_external_task_marker_child']) retrieved from /home/airflow/.local/lib/python3.7/site-packages/airflow/example_dags/example_external_task_marker_dag.py
[2022-11-30T09:50:27.963+0000] {logging_mixin.py:137} INFO - [2022-11-30T09:50:27.962+0000] {dag.py:2585} INFO - Sync 2 DAGs
[2022-11-30T09:50:28.002+0000] {logging_mixin.py:137} INFO - [2022-11-30T09:50:28.002+0000] {dag.py:3340} INFO - Setting next_dagrun for example_external_task_marker_child to None, run_after=None
[2022-11-30T09:50:28.009+0000] {logging_mixin.py:137} INFO - [2022-11-30T09:50:28.009+0000] {dag.py:3340} INFO - Setting next_dagrun for example_external_task_marker_parent to None, run_after=None
[2022-11-30T09:50:28.032+0000] {processor.py:176} INFO - Processing /home/airflow/.local/lib/python3.7/site-packages/airflow/example_dags/example_external_task_marker_dag.py took 0.612 seconds
[2022-11-30T09:50:58.422+0000] {processor.py:154} INFO - Started process (PID=193) to work on /home/airflow/.local/lib/python3.7/site-packages/airflow/example_dags/example_external_task_marker_dag.py
[2022-11-30T09:50:58.425+0000] {processor.py:756} INFO - Processing file /home/airflow/.local/lib/python3.7/site-packages/airflow/example_dags/example_external_task_marker_dag.py for tasks to queue
[2022-11-30T09:50:58.428+0000] {logging_mixin.py:137} INFO - [2022-11-30T09:50:58.427+0000] {dagbag.py:537} INFO - Filling up the DagBag from /home/airflow/.local/lib/python3.7/site-packages/airflow/example_dags/example_external_task_marker_dag.py
[2022-11-30T09:50:58.450+0000] {processor.py:766} INFO - DAG(s) dict_keys(['example_external_task_marker_parent', 'example_external_task_marker_child']) retrieved from /home/airflow/.local/lib/python3.7/site-packages/airflow/example_dags/example_external_task_marker_dag.py
[2022-11-30T09:50:58.659+0000] {logging_mixin.py:137} INFO - [2022-11-30T09:50:58.659+0000] {dag.py:2585} INFO - Sync 2 DAGs
[2022-11-30T09:50:58.680+0000] {logging_mixin.py:137} INFO - [2022-11-30T09:50:58.680+0000] {dag.py:3340} INFO - Setting next_dagrun for example_external_task_marker_child to None, run_after=None
[2022-11-30T09:50:58.683+0000] {logging_mixin.py:137} INFO - [2022-11-30T09:50:58.683+0000] {dag.py:3340} INFO - Setting next_dagrun for example_external_task_marker_parent to None, run_after=None
[2022-11-30T09:50:58.700+0000] {processor.py:176} INFO - Processing /home/airflow/.local/lib/python3.7/site-packages/airflow/example_dags/example_external_task_marker_dag.py took 0.282 seconds
[2022-11-30T09:51:29.138+0000] {processor.py:154} INFO - Started process (PID=258) to work on /home/airflow/.local/lib/python3.7/site-packages/airflow/example_dags/example_external_task_marker_dag.py
[2022-11-30T09:51:29.141+0000] {processor.py:756} INFO - Processing file /home/airflow/.local/lib/python3.7/site-packages/airflow/example_dags/example_external_task_marker_dag.py for tasks to queue
[2022-11-30T09:51:29.143+0000] {logging_mixin.py:137} INFO - [2022-11-30T09:51:29.143+0000] {dagbag.py:537} INFO - Filling up the DagBag from /home/airflow/.local/lib/python3.7/site-packages/airflow/example_dags/example_external_task_marker_dag.py
[2022-11-30T09:51:29.159+0000] {processor.py:766} INFO - DAG(s) dict_keys(['example_external_task_marker_child', 'example_external_task_marker_parent']) retrieved from /home/airflow/.local/lib/python3.7/site-packages/airflow/example_dags/example_external_task_marker_dag.py
[2022-11-30T09:51:29.363+0000] {logging_mixin.py:137} INFO - [2022-11-30T09:51:29.363+0000] {dag.py:2585} INFO - Sync 2 DAGs
[2022-11-30T09:51:29.386+0000] {logging_mixin.py:137} INFO - [2022-11-30T09:51:29.385+0000] {dag.py:3340} INFO - Setting next_dagrun for example_external_task_marker_child to None, run_after=None
[2022-11-30T09:51:29.389+0000] {logging_mixin.py:137} INFO - [2022-11-30T09:51:29.389+0000] {dag.py:3340} INFO - Setting next_dagrun for example_external_task_marker_parent to None, run_after=None
[2022-11-30T09:51:29.406+0000] {processor.py:176} INFO - Processing /home/airflow/.local/lib/python3.7/site-packages/airflow/example_dags/example_external_task_marker_dag.py took 0.271 seconds
[2022-11-30T09:52:00.007+0000] {processor.py:154} INFO - Started process (PID=322) to work on /home/airflow/.local/lib/python3.7/site-packages/airflow/example_dags/example_external_task_marker_dag.py
[2022-11-30T09:52:00.016+0000] {processor.py:756} INFO - Processing file /home/airflow/.local/lib/python3.7/site-packages/airflow/example_dags/example_external_task_marker_dag.py for tasks to queue
[2022-11-30T09:52:00.018+0000] {logging_mixin.py:137} INFO - [2022-11-30T09:52:00.018+0000] {dagbag.py:537} INFO - Filling up the DagBag from /home/airflow/.local/lib/python3.7/site-packages/airflow/example_dags/example_external_task_marker_dag.py
[2022-11-30T09:52:00.048+0000] {processor.py:766} INFO - DAG(s) dict_keys(['example_external_task_marker_parent', 'example_external_task_marker_child']) retrieved from /home/airflow/.local/lib/python3.7/site-packages/airflow/example_dags/example_external_task_marker_dag.py
[2022-11-30T09:52:00.440+0000] {logging_mixin.py:137} INFO - [2022-11-30T09:52:00.438+0000] {dag.py:2585} INFO - Sync 2 DAGs
[2022-11-30T09:52:00.673+0000] {logging_mixin.py:137} INFO - [2022-11-30T09:52:00.672+0000] {dag.py:3340} INFO - Setting next_dagrun for example_external_task_marker_child to None, run_after=None
[2022-11-30T09:52:00.685+0000] {logging_mixin.py:137} INFO - [2022-11-30T09:52:00.684+0000] {dag.py:3340} INFO - Setting next_dagrun for example_external_task_marker_parent to None, run_after=None
[2022-11-30T09:52:02.588+0000] {processor.py:176} INFO - Processing /home/airflow/.local/lib/python3.7/site-packages/airflow/example_dags/example_external_task_marker_dag.py took 2.594 seconds
[2022-11-30T09:52:33.848+0000] {processor.py:154} INFO - Started process (PID=379) to work on /home/airflow/.local/lib/python3.7/site-packages/airflow/example_dags/example_external_task_marker_dag.py
[2022-11-30T09:52:33.858+0000] {processor.py:756} INFO - Processing file /home/airflow/.local/lib/python3.7/site-packages/airflow/example_dags/example_external_task_marker_dag.py for tasks to queue
[2022-11-30T09:52:33.861+0000] {logging_mixin.py:137} INFO - [2022-11-30T09:52:33.861+0000] {dagbag.py:537} INFO - Filling up the DagBag from /home/airflow/.local/lib/python3.7/site-packages/airflow/example_dags/example_external_task_marker_dag.py
[2022-11-30T09:52:33.913+0000] {processor.py:766} INFO - DAG(s) dict_keys(['example_external_task_marker_parent', 'example_external_task_marker_child']) retrieved from /home/airflow/.local/lib/python3.7/site-packages/airflow/example_dags/example_external_task_marker_dag.py
[2022-11-30T09:52:34.192+0000] {logging_mixin.py:137} INFO - [2022-11-30T09:52:34.192+0000] {dag.py:2585} INFO - Sync 2 DAGs
[2022-11-30T09:52:34.216+0000] {logging_mixin.py:137} INFO - [2022-11-30T09:52:34.216+0000] {dag.py:3340} INFO - Setting next_dagrun for example_external_task_marker_child to None, run_after=None
[2022-11-30T09:52:34.220+0000] {logging_mixin.py:137} INFO - [2022-11-30T09:52:34.220+0000] {dag.py:3340} INFO - Setting next_dagrun for example_external_task_marker_parent to None, run_after=None
[2022-11-30T09:52:34.240+0000] {processor.py:176} INFO - Processing /home/airflow/.local/lib/python3.7/site-packages/airflow/example_dags/example_external_task_marker_dag.py took 0.406 seconds
[2022-11-30T09:53:04.376+0000] {processor.py:154} INFO - Started process (PID=445) to work on /home/airflow/.local/lib/python3.7/site-packages/airflow/example_dags/example_external_task_marker_dag.py
[2022-11-30T09:53:04.380+0000] {processor.py:756} INFO - Processing file /home/airflow/.local/lib/python3.7/site-packages/airflow/example_dags/example_external_task_marker_dag.py for tasks to queue
[2022-11-30T09:53:04.383+0000] {logging_mixin.py:137} INFO - [2022-11-30T09:53:04.382+0000] {dagbag.py:537} INFO - Filling up the DagBag from /home/airflow/.local/lib/python3.7/site-packages/airflow/example_dags/example_external_task_marker_dag.py
[2022-11-30T09:53:04.397+0000] {processor.py:766} INFO - DAG(s) dict_keys(['example_external_task_marker_parent', 'example_external_task_marker_child']) retrieved from /home/airflow/.local/lib/python3.7/site-packages/airflow/example_dags/example_external_task_marker_dag.py
[2022-11-30T09:53:04.583+0000] {logging_mixin.py:137} INFO - [2022-11-30T09:53:04.583+0000] {dag.py:2585} INFO - Sync 2 DAGs
[2022-11-30T09:53:04.601+0000] {logging_mixin.py:137} INFO - [2022-11-30T09:53:04.600+0000] {dag.py:3340} INFO - Setting next_dagrun for example_external_task_marker_child to None, run_after=None
[2022-11-30T09:53:04.604+0000] {logging_mixin.py:137} INFO - [2022-11-30T09:53:04.604+0000] {dag.py:3340} INFO - Setting next_dagrun for example_external_task_marker_parent to None, run_after=None
[2022-11-30T09:53:04.623+0000] {processor.py:176} INFO - Processing /home/airflow/.local/lib/python3.7/site-packages/airflow/example_dags/example_external_task_marker_dag.py took 0.251 seconds
[2022-11-30T09:53:35.041+0000] {processor.py:154} INFO - Started process (PID=500) to work on /home/airflow/.local/lib/python3.7/site-packages/airflow/example_dags/example_external_task_marker_dag.py
[2022-11-30T09:53:35.043+0000] {processor.py:756} INFO - Processing file /home/airflow/.local/lib/python3.7/site-packages/airflow/example_dags/example_external_task_marker_dag.py for tasks to queue
[2022-11-30T09:53:35.052+0000] {logging_mixin.py:137} INFO - [2022-11-30T09:53:35.052+0000] {dagbag.py:537} INFO - Filling up the DagBag from /home/airflow/.local/lib/python3.7/site-packages/airflow/example_dags/example_external_task_marker_dag.py
[2022-11-30T09:53:35.081+0000] {processor.py:766} INFO - DAG(s) dict_keys(['example_external_task_marker_parent', 'example_external_task_marker_child']) retrieved from /home/airflow/.local/lib/python3.7/site-packages/airflow/example_dags/example_external_task_marker_dag.py
[2022-11-30T09:53:35.414+0000] {logging_mixin.py:137} INFO - [2022-11-30T09:53:35.414+0000] {dag.py:2585} INFO - Sync 2 DAGs
[2022-11-30T09:53:35.435+0000] {logging_mixin.py:137} INFO - [2022-11-30T09:53:35.435+0000] {dag.py:3340} INFO - Setting next_dagrun for example_external_task_marker_child to None, run_after=None
[2022-11-30T09:53:35.441+0000] {logging_mixin.py:137} INFO - [2022-11-30T09:53:35.441+0000] {dag.py:3340} INFO - Setting next_dagrun for example_external_task_marker_parent to None, run_after=None
[2022-11-30T09:53:35.459+0000] {processor.py:176} INFO - Processing /home/airflow/.local/lib/python3.7/site-packages/airflow/example_dags/example_external_task_marker_dag.py took 0.423 seconds
[2022-11-30T09:54:06.179+0000] {processor.py:154} INFO - Started process (PID=564) to work on /home/airflow/.local/lib/python3.7/site-packages/airflow/example_dags/example_external_task_marker_dag.py
[2022-11-30T09:54:06.186+0000] {processor.py:756} INFO - Processing file /home/airflow/.local/lib/python3.7/site-packages/airflow/example_dags/example_external_task_marker_dag.py for tasks to queue
[2022-11-30T09:54:06.196+0000] {logging_mixin.py:137} INFO - [2022-11-30T09:54:06.196+0000] {dagbag.py:537} INFO - Filling up the DagBag from /home/airflow/.local/lib/python3.7/site-packages/airflow/example_dags/example_external_task_marker_dag.py
[2022-11-30T09:54:06.242+0000] {processor.py:766} INFO - DAG(s) dict_keys(['example_external_task_marker_parent', 'example_external_task_marker_child']) retrieved from /home/airflow/.local/lib/python3.7/site-packages/airflow/example_dags/example_external_task_marker_dag.py
[2022-11-30T09:54:06.670+0000] {logging_mixin.py:137} INFO - [2022-11-30T09:54:06.670+0000] {dag.py:2585} INFO - Sync 2 DAGs
[2022-11-30T09:54:06.697+0000] {logging_mixin.py:137} INFO - [2022-11-30T09:54:06.697+0000] {dag.py:3340} INFO - Setting next_dagrun for example_external_task_marker_child to None, run_after=None
[2022-11-30T09:54:06.709+0000] {logging_mixin.py:137} INFO - [2022-11-30T09:54:06.709+0000] {dag.py:3340} INFO - Setting next_dagrun for example_external_task_marker_parent to None, run_after=None
[2022-11-30T09:54:06.739+0000] {processor.py:176} INFO - Processing /home/airflow/.local/lib/python3.7/site-packages/airflow/example_dags/example_external_task_marker_dag.py took 0.572 seconds
[2022-11-30T09:54:37.009+0000] {processor.py:154} INFO - Started process (PID=619) to work on /home/airflow/.local/lib/python3.7/site-packages/airflow/example_dags/example_external_task_marker_dag.py
[2022-11-30T09:54:37.012+0000] {processor.py:756} INFO - Processing file /home/airflow/.local/lib/python3.7/site-packages/airflow/example_dags/example_external_task_marker_dag.py for tasks to queue
[2022-11-30T09:54:37.017+0000] {logging_mixin.py:137} INFO - [2022-11-30T09:54:37.017+0000] {dagbag.py:537} INFO - Filling up the DagBag from /home/airflow/.local/lib/python3.7/site-packages/airflow/example_dags/example_external_task_marker_dag.py
[2022-11-30T09:54:37.053+0000] {processor.py:766} INFO - DAG(s) dict_keys(['example_external_task_marker_child', 'example_external_task_marker_parent']) retrieved from /home/airflow/.local/lib/python3.7/site-packages/airflow/example_dags/example_external_task_marker_dag.py
[2022-11-30T09:54:37.323+0000] {logging_mixin.py:137} INFO - [2022-11-30T09:54:37.323+0000] {dag.py:2585} INFO - Sync 2 DAGs
[2022-11-30T09:54:37.355+0000] {logging_mixin.py:137} INFO - [2022-11-30T09:54:37.355+0000] {dag.py:3340} INFO - Setting next_dagrun for example_external_task_marker_child to None, run_after=None
[2022-11-30T09:54:37.360+0000] {logging_mixin.py:137} INFO - [2022-11-30T09:54:37.360+0000] {dag.py:3340} INFO - Setting next_dagrun for example_external_task_marker_parent to None, run_after=None
[2022-11-30T09:54:37.379+0000] {processor.py:176} INFO - Processing /home/airflow/.local/lib/python3.7/site-packages/airflow/example_dags/example_external_task_marker_dag.py took 0.373 seconds
[2022-11-30T09:55:07.723+0000] {processor.py:154} INFO - Started process (PID=683) to work on /home/airflow/.local/lib/python3.7/site-packages/airflow/example_dags/example_external_task_marker_dag.py
[2022-11-30T09:55:07.732+0000] {processor.py:756} INFO - Processing file /home/airflow/.local/lib/python3.7/site-packages/airflow/example_dags/example_external_task_marker_dag.py for tasks to queue
[2022-11-30T09:55:07.734+0000] {logging_mixin.py:137} INFO - [2022-11-30T09:55:07.734+0000] {dagbag.py:537} INFO - Filling up the DagBag from /home/airflow/.local/lib/python3.7/site-packages/airflow/example_dags/example_external_task_marker_dag.py
[2022-11-30T09:55:07.760+0000] {processor.py:766} INFO - DAG(s) dict_keys(['example_external_task_marker_parent', 'example_external_task_marker_child']) retrieved from /home/airflow/.local/lib/python3.7/site-packages/airflow/example_dags/example_external_task_marker_dag.py
[2022-11-30T09:55:08.084+0000] {logging_mixin.py:137} INFO - [2022-11-30T09:55:08.083+0000] {dag.py:2585} INFO - Sync 2 DAGs
[2022-11-30T09:55:08.137+0000] {logging_mixin.py:137} INFO - [2022-11-30T09:55:08.137+0000] {dag.py:3340} INFO - Setting next_dagrun for example_external_task_marker_child to None, run_after=None
[2022-11-30T09:55:08.145+0000] {logging_mixin.py:137} INFO - [2022-11-30T09:55:08.145+0000] {dag.py:3340} INFO - Setting next_dagrun for example_external_task_marker_parent to None, run_after=None
[2022-11-30T09:55:08.175+0000] {processor.py:176} INFO - Processing /home/airflow/.local/lib/python3.7/site-packages/airflow/example_dags/example_external_task_marker_dag.py took 0.457 seconds
[2022-11-30T09:58:30.530+0000] {processor.py:154} INFO - Started process (PID=71) to work on /home/airflow/.local/lib/python3.7/site-packages/airflow/example_dags/example_external_task_marker_dag.py
[2022-11-30T09:58:30.534+0000] {processor.py:756} INFO - Processing file /home/airflow/.local/lib/python3.7/site-packages/airflow/example_dags/example_external_task_marker_dag.py for tasks to queue
[2022-11-30T09:58:30.536+0000] {logging_mixin.py:137} INFO - [2022-11-30T09:58:30.536+0000] {dagbag.py:537} INFO - Filling up the DagBag from /home/airflow/.local/lib/python3.7/site-packages/airflow/example_dags/example_external_task_marker_dag.py
[2022-11-30T09:58:30.558+0000] {processor.py:766} INFO - DAG(s) dict_keys(['example_external_task_marker_parent', 'example_external_task_marker_child']) retrieved from /home/airflow/.local/lib/python3.7/site-packages/airflow/example_dags/example_external_task_marker_dag.py
[2022-11-30T09:58:30.615+0000] {logging_mixin.py:137} INFO - [2022-11-30T09:58:30.614+0000] {dag.py:2585} INFO - Sync 2 DAGs
[2022-11-30T09:58:30.652+0000] {logging_mixin.py:137} INFO - [2022-11-30T09:58:30.652+0000] {dag.py:3340} INFO - Setting next_dagrun for example_external_task_marker_child to None, run_after=None
[2022-11-30T09:58:30.662+0000] {logging_mixin.py:137} INFO - [2022-11-30T09:58:30.662+0000] {dag.py:3340} INFO - Setting next_dagrun for example_external_task_marker_parent to None, run_after=None
[2022-11-30T09:58:30.706+0000] {processor.py:176} INFO - Processing /home/airflow/.local/lib/python3.7/site-packages/airflow/example_dags/example_external_task_marker_dag.py took 0.184 seconds
[2022-11-30T09:59:01.385+0000] {processor.py:154} INFO - Started process (PID=135) to work on /home/airflow/.local/lib/python3.7/site-packages/airflow/example_dags/example_external_task_marker_dag.py
[2022-11-30T09:59:01.387+0000] {processor.py:756} INFO - Processing file /home/airflow/.local/lib/python3.7/site-packages/airflow/example_dags/example_external_task_marker_dag.py for tasks to queue
[2022-11-30T09:59:01.389+0000] {logging_mixin.py:137} INFO - [2022-11-30T09:59:01.388+0000] {dagbag.py:537} INFO - Filling up the DagBag from /home/airflow/.local/lib/python3.7/site-packages/airflow/example_dags/example_external_task_marker_dag.py
[2022-11-30T09:59:01.403+0000] {processor.py:766} INFO - DAG(s) dict_keys(['example_external_task_marker_parent', 'example_external_task_marker_child']) retrieved from /home/airflow/.local/lib/python3.7/site-packages/airflow/example_dags/example_external_task_marker_dag.py
[2022-11-30T09:59:01.571+0000] {logging_mixin.py:137} INFO - [2022-11-30T09:59:01.571+0000] {dag.py:2585} INFO - Sync 2 DAGs
[2022-11-30T09:59:01.592+0000] {logging_mixin.py:137} INFO - [2022-11-30T09:59:01.591+0000] {dag.py:3340} INFO - Setting next_dagrun for example_external_task_marker_child to None, run_after=None
[2022-11-30T09:59:01.598+0000] {logging_mixin.py:137} INFO - [2022-11-30T09:59:01.597+0000] {dag.py:3340} INFO - Setting next_dagrun for example_external_task_marker_parent to None, run_after=None
[2022-11-30T09:59:01.615+0000] {processor.py:176} INFO - Processing /home/airflow/.local/lib/python3.7/site-packages/airflow/example_dags/example_external_task_marker_dag.py took 0.233 seconds
[2022-11-30T09:59:31.892+0000] {processor.py:154} INFO - Started process (PID=191) to work on /home/airflow/.local/lib/python3.7/site-packages/airflow/example_dags/example_external_task_marker_dag.py
[2022-11-30T09:59:31.908+0000] {processor.py:756} INFO - Processing file /home/airflow/.local/lib/python3.7/site-packages/airflow/example_dags/example_external_task_marker_dag.py for tasks to queue
[2022-11-30T09:59:31.911+0000] {logging_mixin.py:137} INFO - [2022-11-30T09:59:31.911+0000] {dagbag.py:537} INFO - Filling up the DagBag from /home/airflow/.local/lib/python3.7/site-packages/airflow/example_dags/example_external_task_marker_dag.py
[2022-11-30T09:59:31.940+0000] {processor.py:766} INFO - DAG(s) dict_keys(['example_external_task_marker_parent', 'example_external_task_marker_child']) retrieved from /home/airflow/.local/lib/python3.7/site-packages/airflow/example_dags/example_external_task_marker_dag.py
[2022-11-30T09:59:32.413+0000] {logging_mixin.py:137} INFO - [2022-11-30T09:59:32.413+0000] {dag.py:2585} INFO - Sync 2 DAGs
[2022-11-30T09:59:32.438+0000] {logging_mixin.py:137} INFO - [2022-11-30T09:59:32.438+0000] {dag.py:3340} INFO - Setting next_dagrun for example_external_task_marker_child to None, run_after=None
[2022-11-30T09:59:32.441+0000] {logging_mixin.py:137} INFO - [2022-11-30T09:59:32.441+0000] {dag.py:3340} INFO - Setting next_dagrun for example_external_task_marker_parent to None, run_after=None
[2022-11-30T09:59:32.452+0000] {processor.py:176} INFO - Processing /home/airflow/.local/lib/python3.7/site-packages/airflow/example_dags/example_external_task_marker_dag.py took 0.562 seconds
[2022-11-30T10:00:02.507+0000] {processor.py:154} INFO - Started process (PID=256) to work on /home/airflow/.local/lib/python3.7/site-packages/airflow/example_dags/example_external_task_marker_dag.py
[2022-11-30T10:00:02.509+0000] {processor.py:756} INFO - Processing file /home/airflow/.local/lib/python3.7/site-packages/airflow/example_dags/example_external_task_marker_dag.py for tasks to queue
[2022-11-30T10:00:02.510+0000] {logging_mixin.py:137} INFO - [2022-11-30T10:00:02.510+0000] {dagbag.py:537} INFO - Filling up the DagBag from /home/airflow/.local/lib/python3.7/site-packages/airflow/example_dags/example_external_task_marker_dag.py
[2022-11-30T10:00:02.520+0000] {processor.py:766} INFO - DAG(s) dict_keys(['example_external_task_marker_child', 'example_external_task_marker_parent']) retrieved from /home/airflow/.local/lib/python3.7/site-packages/airflow/example_dags/example_external_task_marker_dag.py
[2022-11-30T10:00:02.674+0000] {logging_mixin.py:137} INFO - [2022-11-30T10:00:02.674+0000] {dag.py:2585} INFO - Sync 2 DAGs
[2022-11-30T10:00:02.690+0000] {logging_mixin.py:137} INFO - [2022-11-30T10:00:02.690+0000] {dag.py:3340} INFO - Setting next_dagrun for example_external_task_marker_child to None, run_after=None
[2022-11-30T10:00:02.695+0000] {logging_mixin.py:137} INFO - [2022-11-30T10:00:02.694+0000] {dag.py:3340} INFO - Setting next_dagrun for example_external_task_marker_parent to None, run_after=None
[2022-11-30T10:00:02.710+0000] {processor.py:176} INFO - Processing /home/airflow/.local/lib/python3.7/site-packages/airflow/example_dags/example_external_task_marker_dag.py took 0.205 seconds
[2022-11-30T10:00:32.742+0000] {processor.py:154} INFO - Started process (PID=322) to work on /home/airflow/.local/lib/python3.7/site-packages/airflow/example_dags/example_external_task_marker_dag.py
[2022-11-30T10:00:32.744+0000] {processor.py:756} INFO - Processing file /home/airflow/.local/lib/python3.7/site-packages/airflow/example_dags/example_external_task_marker_dag.py for tasks to queue
[2022-11-30T10:00:32.745+0000] {logging_mixin.py:137} INFO - [2022-11-30T10:00:32.745+0000] {dagbag.py:537} INFO - Filling up the DagBag from /home/airflow/.local/lib/python3.7/site-packages/airflow/example_dags/example_external_task_marker_dag.py
[2022-11-30T10:00:32.755+0000] {processor.py:766} INFO - DAG(s) dict_keys(['example_external_task_marker_parent', 'example_external_task_marker_child']) retrieved from /home/airflow/.local/lib/python3.7/site-packages/airflow/example_dags/example_external_task_marker_dag.py
[2022-11-30T10:00:32.875+0000] {logging_mixin.py:137} INFO - [2022-11-30T10:00:32.875+0000] {dag.py:2585} INFO - Sync 2 DAGs
[2022-11-30T10:00:32.896+0000] {logging_mixin.py:137} INFO - [2022-11-30T10:00:32.896+0000] {dag.py:3340} INFO - Setting next_dagrun for example_external_task_marker_child to None, run_after=None
[2022-11-30T10:00:32.901+0000] {logging_mixin.py:137} INFO - [2022-11-30T10:00:32.901+0000] {dag.py:3340} INFO - Setting next_dagrun for example_external_task_marker_parent to None, run_after=None
[2022-11-30T10:00:32.918+0000] {processor.py:176} INFO - Processing /home/airflow/.local/lib/python3.7/site-packages/airflow/example_dags/example_external_task_marker_dag.py took 0.179 seconds
[2022-11-30T10:01:03.885+0000] {processor.py:154} INFO - Started process (PID=381) to work on /home/airflow/.local/lib/python3.7/site-packages/airflow/example_dags/example_external_task_marker_dag.py
[2022-11-30T10:01:03.888+0000] {processor.py:756} INFO - Processing file /home/airflow/.local/lib/python3.7/site-packages/airflow/example_dags/example_external_task_marker_dag.py for tasks to queue
[2022-11-30T10:01:03.890+0000] {logging_mixin.py:137} INFO - [2022-11-30T10:01:03.890+0000] {dagbag.py:537} INFO - Filling up the DagBag from /home/airflow/.local/lib/python3.7/site-packages/airflow/example_dags/example_external_task_marker_dag.py
[2022-11-30T10:01:03.906+0000] {processor.py:766} INFO - DAG(s) dict_keys(['example_external_task_marker_child', 'example_external_task_marker_parent']) retrieved from /home/airflow/.local/lib/python3.7/site-packages/airflow/example_dags/example_external_task_marker_dag.py
[2022-11-30T10:01:04.100+0000] {logging_mixin.py:137} INFO - [2022-11-30T10:01:04.100+0000] {dag.py:2585} INFO - Sync 2 DAGs
[2022-11-30T10:01:04.124+0000] {logging_mixin.py:137} INFO - [2022-11-30T10:01:04.124+0000] {dag.py:3340} INFO - Setting next_dagrun for example_external_task_marker_child to None, run_after=None
[2022-11-30T10:01:04.130+0000] {logging_mixin.py:137} INFO - [2022-11-30T10:01:04.129+0000] {dag.py:3340} INFO - Setting next_dagrun for example_external_task_marker_parent to None, run_after=None
[2022-11-30T10:01:04.152+0000] {processor.py:176} INFO - Processing /home/airflow/.local/lib/python3.7/site-packages/airflow/example_dags/example_external_task_marker_dag.py took 0.272 seconds
[2022-11-30T10:01:37.628+0000] {processor.py:154} INFO - Started process (PID=438) to work on /home/airflow/.local/lib/python3.7/site-packages/airflow/example_dags/example_external_task_marker_dag.py
[2022-11-30T10:01:37.631+0000] {processor.py:756} INFO - Processing file /home/airflow/.local/lib/python3.7/site-packages/airflow/example_dags/example_external_task_marker_dag.py for tasks to queue
[2022-11-30T10:01:37.632+0000] {logging_mixin.py:137} INFO - [2022-11-30T10:01:37.632+0000] {dagbag.py:537} INFO - Filling up the DagBag from /home/airflow/.local/lib/python3.7/site-packages/airflow/example_dags/example_external_task_marker_dag.py
[2022-11-30T10:01:37.645+0000] {processor.py:766} INFO - DAG(s) dict_keys(['example_external_task_marker_child', 'example_external_task_marker_parent']) retrieved from /home/airflow/.local/lib/python3.7/site-packages/airflow/example_dags/example_external_task_marker_dag.py
[2022-11-30T10:01:37.906+0000] {logging_mixin.py:137} INFO - [2022-11-30T10:01:37.906+0000] {dag.py:2585} INFO - Sync 2 DAGs
[2022-11-30T10:01:37.933+0000] {logging_mixin.py:137} INFO - [2022-11-30T10:01:37.933+0000] {dag.py:3340} INFO - Setting next_dagrun for example_external_task_marker_child to None, run_after=None
[2022-11-30T10:01:38.000+0000] {logging_mixin.py:137} INFO - [2022-11-30T10:01:38.000+0000] {dag.py:3340} INFO - Setting next_dagrun for example_external_task_marker_parent to None, run_after=None
[2022-11-30T10:01:38.016+0000] {processor.py:176} INFO - Processing /home/airflow/.local/lib/python3.7/site-packages/airflow/example_dags/example_external_task_marker_dag.py took 0.391 seconds
[2022-11-30T10:02:08.308+0000] {processor.py:154} INFO - Started process (PID=503) to work on /home/airflow/.local/lib/python3.7/site-packages/airflow/example_dags/example_external_task_marker_dag.py
[2022-11-30T10:02:08.310+0000] {processor.py:756} INFO - Processing file /home/airflow/.local/lib/python3.7/site-packages/airflow/example_dags/example_external_task_marker_dag.py for tasks to queue
[2022-11-30T10:02:08.311+0000] {logging_mixin.py:137} INFO - [2022-11-30T10:02:08.311+0000] {dagbag.py:537} INFO - Filling up the DagBag from /home/airflow/.local/lib/python3.7/site-packages/airflow/example_dags/example_external_task_marker_dag.py
[2022-11-30T10:02:08.321+0000] {processor.py:766} INFO - DAG(s) dict_keys(['example_external_task_marker_parent', 'example_external_task_marker_child']) retrieved from /home/airflow/.local/lib/python3.7/site-packages/airflow/example_dags/example_external_task_marker_dag.py
[2022-11-30T10:02:08.458+0000] {logging_mixin.py:137} INFO - [2022-11-30T10:02:08.458+0000] {dag.py:2585} INFO - Sync 2 DAGs
[2022-11-30T10:02:08.472+0000] {logging_mixin.py:137} INFO - [2022-11-30T10:02:08.472+0000] {dag.py:3340} INFO - Setting next_dagrun for example_external_task_marker_child to None, run_after=None
[2022-11-30T10:02:08.475+0000] {logging_mixin.py:137} INFO - [2022-11-30T10:02:08.475+0000] {dag.py:3340} INFO - Setting next_dagrun for example_external_task_marker_parent to None, run_after=None
[2022-11-30T10:02:08.485+0000] {processor.py:176} INFO - Processing /home/airflow/.local/lib/python3.7/site-packages/airflow/example_dags/example_external_task_marker_dag.py took 0.179 seconds
[2022-11-30T10:02:39.822+0000] {processor.py:154} INFO - Started process (PID=563) to work on /home/airflow/.local/lib/python3.7/site-packages/airflow/example_dags/example_external_task_marker_dag.py
[2022-11-30T10:02:39.828+0000] {processor.py:756} INFO - Processing file /home/airflow/.local/lib/python3.7/site-packages/airflow/example_dags/example_external_task_marker_dag.py for tasks to queue
[2022-11-30T10:02:39.833+0000] {logging_mixin.py:137} INFO - [2022-11-30T10:02:39.833+0000] {dagbag.py:537} INFO - Filling up the DagBag from /home/airflow/.local/lib/python3.7/site-packages/airflow/example_dags/example_external_task_marker_dag.py
[2022-11-30T10:02:39.865+0000] {processor.py:766} INFO - DAG(s) dict_keys(['example_external_task_marker_parent', 'example_external_task_marker_child']) retrieved from /home/airflow/.local/lib/python3.7/site-packages/airflow/example_dags/example_external_task_marker_dag.py
[2022-11-30T10:02:40.134+0000] {logging_mixin.py:137} INFO - [2022-11-30T10:02:40.134+0000] {dag.py:2585} INFO - Sync 2 DAGs
[2022-11-30T10:02:40.177+0000] {logging_mixin.py:137} INFO - [2022-11-30T10:02:40.177+0000] {dag.py:3340} INFO - Setting next_dagrun for example_external_task_marker_child to None, run_after=None
[2022-11-30T10:02:40.184+0000] {logging_mixin.py:137} INFO - [2022-11-30T10:02:40.184+0000] {dag.py:3340} INFO - Setting next_dagrun for example_external_task_marker_parent to None, run_after=None
[2022-11-30T10:02:40.205+0000] {processor.py:176} INFO - Processing /home/airflow/.local/lib/python3.7/site-packages/airflow/example_dags/example_external_task_marker_dag.py took 0.387 seconds
[2022-11-30T10:03:12.522+0000] {processor.py:154} INFO - Started process (PID=621) to work on /home/airflow/.local/lib/python3.7/site-packages/airflow/example_dags/example_external_task_marker_dag.py
[2022-11-30T10:03:12.528+0000] {processor.py:756} INFO - Processing file /home/airflow/.local/lib/python3.7/site-packages/airflow/example_dags/example_external_task_marker_dag.py for tasks to queue
[2022-11-30T10:03:12.529+0000] {logging_mixin.py:137} INFO - [2022-11-30T10:03:12.529+0000] {dagbag.py:537} INFO - Filling up the DagBag from /home/airflow/.local/lib/python3.7/site-packages/airflow/example_dags/example_external_task_marker_dag.py
[2022-11-30T10:03:12.545+0000] {processor.py:766} INFO - DAG(s) dict_keys(['example_external_task_marker_child', 'example_external_task_marker_parent']) retrieved from /home/airflow/.local/lib/python3.7/site-packages/airflow/example_dags/example_external_task_marker_dag.py
[2022-11-30T10:03:12.752+0000] {logging_mixin.py:137} INFO - [2022-11-30T10:03:12.752+0000] {dag.py:2585} INFO - Sync 2 DAGs
[2022-11-30T10:03:12.784+0000] {logging_mixin.py:137} INFO - [2022-11-30T10:03:12.784+0000] {dag.py:3340} INFO - Setting next_dagrun for example_external_task_marker_child to None, run_after=None
[2022-11-30T10:03:12.787+0000] {logging_mixin.py:137} INFO - [2022-11-30T10:03:12.787+0000] {dag.py:3340} INFO - Setting next_dagrun for example_external_task_marker_parent to None, run_after=None
[2022-11-30T10:03:12.810+0000] {processor.py:176} INFO - Processing /home/airflow/.local/lib/python3.7/site-packages/airflow/example_dags/example_external_task_marker_dag.py took 0.291 seconds
[2022-11-30T10:03:44.120+0000] {processor.py:154} INFO - Started process (PID=684) to work on /home/airflow/.local/lib/python3.7/site-packages/airflow/example_dags/example_external_task_marker_dag.py
[2022-11-30T10:03:44.127+0000] {processor.py:756} INFO - Processing file /home/airflow/.local/lib/python3.7/site-packages/airflow/example_dags/example_external_task_marker_dag.py for tasks to queue
[2022-11-30T10:03:44.137+0000] {logging_mixin.py:137} INFO - [2022-11-30T10:03:44.137+0000] {dagbag.py:537} INFO - Filling up the DagBag from /home/airflow/.local/lib/python3.7/site-packages/airflow/example_dags/example_external_task_marker_dag.py
[2022-11-30T10:03:44.157+0000] {processor.py:766} INFO - DAG(s) dict_keys(['example_external_task_marker_parent', 'example_external_task_marker_child']) retrieved from /home/airflow/.local/lib/python3.7/site-packages/airflow/example_dags/example_external_task_marker_dag.py
[2022-11-30T10:03:44.471+0000] {logging_mixin.py:137} INFO - [2022-11-30T10:03:44.470+0000] {dag.py:2585} INFO - Sync 2 DAGs
[2022-11-30T10:03:44.492+0000] {logging_mixin.py:137} INFO - [2022-11-30T10:03:44.492+0000] {dag.py:3340} INFO - Setting next_dagrun for example_external_task_marker_child to None, run_after=None
[2022-11-30T10:03:44.501+0000] {logging_mixin.py:137} INFO - [2022-11-30T10:03:44.501+0000] {dag.py:3340} INFO - Setting next_dagrun for example_external_task_marker_parent to None, run_after=None
[2022-11-30T10:03:44.529+0000] {processor.py:176} INFO - Processing /home/airflow/.local/lib/python3.7/site-packages/airflow/example_dags/example_external_task_marker_dag.py took 0.412 seconds
[2022-11-30T10:04:14.787+0000] {processor.py:154} INFO - Started process (PID=749) to work on /home/airflow/.local/lib/python3.7/site-packages/airflow/example_dags/example_external_task_marker_dag.py
[2022-11-30T10:04:14.789+0000] {processor.py:756} INFO - Processing file /home/airflow/.local/lib/python3.7/site-packages/airflow/example_dags/example_external_task_marker_dag.py for tasks to queue
[2022-11-30T10:04:14.790+0000] {logging_mixin.py:137} INFO - [2022-11-30T10:04:14.790+0000] {dagbag.py:537} INFO - Filling up the DagBag from /home/airflow/.local/lib/python3.7/site-packages/airflow/example_dags/example_external_task_marker_dag.py
[2022-11-30T10:04:14.799+0000] {processor.py:766} INFO - DAG(s) dict_keys(['example_external_task_marker_child', 'example_external_task_marker_parent']) retrieved from /home/airflow/.local/lib/python3.7/site-packages/airflow/example_dags/example_external_task_marker_dag.py
[2022-11-30T10:04:14.958+0000] {logging_mixin.py:137} INFO - [2022-11-30T10:04:14.958+0000] {dag.py:2585} INFO - Sync 2 DAGs
[2022-11-30T10:04:14.977+0000] {logging_mixin.py:137} INFO - [2022-11-30T10:04:14.977+0000] {dag.py:3340} INFO - Setting next_dagrun for example_external_task_marker_child to None, run_after=None
[2022-11-30T10:04:14.981+0000] {logging_mixin.py:137} INFO - [2022-11-30T10:04:14.981+0000] {dag.py:3340} INFO - Setting next_dagrun for example_external_task_marker_parent to None, run_after=None
[2022-11-30T10:04:14.996+0000] {processor.py:176} INFO - Processing /home/airflow/.local/lib/python3.7/site-packages/airflow/example_dags/example_external_task_marker_dag.py took 0.211 seconds
[2022-11-30T10:04:45.701+0000] {processor.py:154} INFO - Started process (PID=813) to work on /home/airflow/.local/lib/python3.7/site-packages/airflow/example_dags/example_external_task_marker_dag.py
[2022-11-30T10:04:45.703+0000] {processor.py:756} INFO - Processing file /home/airflow/.local/lib/python3.7/site-packages/airflow/example_dags/example_external_task_marker_dag.py for tasks to queue
[2022-11-30T10:04:45.705+0000] {logging_mixin.py:137} INFO - [2022-11-30T10:04:45.705+0000] {dagbag.py:537} INFO - Filling up the DagBag from /home/airflow/.local/lib/python3.7/site-packages/airflow/example_dags/example_external_task_marker_dag.py
[2022-11-30T10:04:45.717+0000] {processor.py:766} INFO - DAG(s) dict_keys(['example_external_task_marker_parent', 'example_external_task_marker_child']) retrieved from /home/airflow/.local/lib/python3.7/site-packages/airflow/example_dags/example_external_task_marker_dag.py
[2022-11-30T10:04:45.876+0000] {logging_mixin.py:137} INFO - [2022-11-30T10:04:45.876+0000] {dag.py:2585} INFO - Sync 2 DAGs
[2022-11-30T10:04:45.891+0000] {logging_mixin.py:137} INFO - [2022-11-30T10:04:45.891+0000] {dag.py:3340} INFO - Setting next_dagrun for example_external_task_marker_child to None, run_after=None
[2022-11-30T10:04:45.895+0000] {logging_mixin.py:137} INFO - [2022-11-30T10:04:45.895+0000] {dag.py:3340} INFO - Setting next_dagrun for example_external_task_marker_parent to None, run_after=None
[2022-11-30T10:04:45.908+0000] {processor.py:176} INFO - Processing /home/airflow/.local/lib/python3.7/site-packages/airflow/example_dags/example_external_task_marker_dag.py took 0.210 seconds
[2022-11-30T10:05:16.503+0000] {processor.py:154} INFO - Started process (PID=868) to work on /home/airflow/.local/lib/python3.7/site-packages/airflow/example_dags/example_external_task_marker_dag.py
[2022-11-30T10:05:16.508+0000] {processor.py:756} INFO - Processing file /home/airflow/.local/lib/python3.7/site-packages/airflow/example_dags/example_external_task_marker_dag.py for tasks to queue
[2022-11-30T10:05:16.509+0000] {logging_mixin.py:137} INFO - [2022-11-30T10:05:16.509+0000] {dagbag.py:537} INFO - Filling up the DagBag from /home/airflow/.local/lib/python3.7/site-packages/airflow/example_dags/example_external_task_marker_dag.py
[2022-11-30T10:05:16.525+0000] {processor.py:766} INFO - DAG(s) dict_keys(['example_external_task_marker_parent', 'example_external_task_marker_child']) retrieved from /home/airflow/.local/lib/python3.7/site-packages/airflow/example_dags/example_external_task_marker_dag.py
[2022-11-30T10:05:16.695+0000] {logging_mixin.py:137} INFO - [2022-11-30T10:05:16.695+0000] {dag.py:2585} INFO - Sync 2 DAGs
[2022-11-30T10:05:16.718+0000] {logging_mixin.py:137} INFO - [2022-11-30T10:05:16.718+0000] {dag.py:3340} INFO - Setting next_dagrun for example_external_task_marker_child to None, run_after=None
[2022-11-30T10:05:16.722+0000] {logging_mixin.py:137} INFO - [2022-11-30T10:05:16.722+0000] {dag.py:3340} INFO - Setting next_dagrun for example_external_task_marker_parent to None, run_after=None
[2022-11-30T10:05:16.745+0000] {processor.py:176} INFO - Processing /home/airflow/.local/lib/python3.7/site-packages/airflow/example_dags/example_external_task_marker_dag.py took 0.245 seconds
[2022-11-30T10:05:47.717+0000] {processor.py:154} INFO - Started process (PID=932) to work on /home/airflow/.local/lib/python3.7/site-packages/airflow/example_dags/example_external_task_marker_dag.py
[2022-11-30T10:05:47.727+0000] {processor.py:756} INFO - Processing file /home/airflow/.local/lib/python3.7/site-packages/airflow/example_dags/example_external_task_marker_dag.py for tasks to queue
[2022-11-30T10:05:47.730+0000] {logging_mixin.py:137} INFO - [2022-11-30T10:05:47.730+0000] {dagbag.py:537} INFO - Filling up the DagBag from /home/airflow/.local/lib/python3.7/site-packages/airflow/example_dags/example_external_task_marker_dag.py
[2022-11-30T10:05:47.756+0000] {processor.py:766} INFO - DAG(s) dict_keys(['example_external_task_marker_child', 'example_external_task_marker_parent']) retrieved from /home/airflow/.local/lib/python3.7/site-packages/airflow/example_dags/example_external_task_marker_dag.py
[2022-11-30T10:05:47.971+0000] {logging_mixin.py:137} INFO - [2022-11-30T10:05:47.971+0000] {dag.py:2585} INFO - Sync 2 DAGs
[2022-11-30T10:05:47.989+0000] {logging_mixin.py:137} INFO - [2022-11-30T10:05:47.989+0000] {dag.py:3340} INFO - Setting next_dagrun for example_external_task_marker_child to None, run_after=None
[2022-11-30T10:05:47.993+0000] {logging_mixin.py:137} INFO - [2022-11-30T10:05:47.993+0000] {dag.py:3340} INFO - Setting next_dagrun for example_external_task_marker_parent to None, run_after=None
[2022-11-30T10:05:48.019+0000] {processor.py:176} INFO - Processing /home/airflow/.local/lib/python3.7/site-packages/airflow/example_dags/example_external_task_marker_dag.py took 0.305 seconds
[2022-11-30T10:06:18.282+0000] {processor.py:154} INFO - Started process (PID=998) to work on /home/airflow/.local/lib/python3.7/site-packages/airflow/example_dags/example_external_task_marker_dag.py
[2022-11-30T10:06:18.287+0000] {processor.py:756} INFO - Processing file /home/airflow/.local/lib/python3.7/site-packages/airflow/example_dags/example_external_task_marker_dag.py for tasks to queue
[2022-11-30T10:06:18.290+0000] {logging_mixin.py:137} INFO - [2022-11-30T10:06:18.289+0000] {dagbag.py:537} INFO - Filling up the DagBag from /home/airflow/.local/lib/python3.7/site-packages/airflow/example_dags/example_external_task_marker_dag.py
[2022-11-30T10:06:18.305+0000] {processor.py:766} INFO - DAG(s) dict_keys(['example_external_task_marker_parent', 'example_external_task_marker_child']) retrieved from /home/airflow/.local/lib/python3.7/site-packages/airflow/example_dags/example_external_task_marker_dag.py
[2022-11-30T10:06:18.582+0000] {logging_mixin.py:137} INFO - [2022-11-30T10:06:18.580+0000] {dag.py:2585} INFO - Sync 2 DAGs
[2022-11-30T10:06:18.627+0000] {logging_mixin.py:137} INFO - [2022-11-30T10:06:18.627+0000] {dag.py:3340} INFO - Setting next_dagrun for example_external_task_marker_child to None, run_after=None
[2022-11-30T10:06:18.632+0000] {logging_mixin.py:137} INFO - [2022-11-30T10:06:18.632+0000] {dag.py:3340} INFO - Setting next_dagrun for example_external_task_marker_parent to None, run_after=None
[2022-11-30T10:06:18.657+0000] {processor.py:176} INFO - Processing /home/airflow/.local/lib/python3.7/site-packages/airflow/example_dags/example_external_task_marker_dag.py took 0.378 seconds
[2022-11-30T10:06:48.783+0000] {processor.py:154} INFO - Started process (PID=1054) to work on /home/airflow/.local/lib/python3.7/site-packages/airflow/example_dags/example_external_task_marker_dag.py
[2022-11-30T10:06:48.786+0000] {processor.py:756} INFO - Processing file /home/airflow/.local/lib/python3.7/site-packages/airflow/example_dags/example_external_task_marker_dag.py for tasks to queue
[2022-11-30T10:06:48.787+0000] {logging_mixin.py:137} INFO - [2022-11-30T10:06:48.787+0000] {dagbag.py:537} INFO - Filling up the DagBag from /home/airflow/.local/lib/python3.7/site-packages/airflow/example_dags/example_external_task_marker_dag.py
[2022-11-30T10:06:48.816+0000] {processor.py:766} INFO - DAG(s) dict_keys(['example_external_task_marker_child', 'example_external_task_marker_parent']) retrieved from /home/airflow/.local/lib/python3.7/site-packages/airflow/example_dags/example_external_task_marker_dag.py
[2022-11-30T10:06:49.076+0000] {logging_mixin.py:137} INFO - [2022-11-30T10:06:49.076+0000] {dag.py:2585} INFO - Sync 2 DAGs
[2022-11-30T10:06:49.098+0000] {logging_mixin.py:137} INFO - [2022-11-30T10:06:49.098+0000] {dag.py:3340} INFO - Setting next_dagrun for example_external_task_marker_child to None, run_after=None
[2022-11-30T10:06:49.101+0000] {logging_mixin.py:137} INFO - [2022-11-30T10:06:49.101+0000] {dag.py:3340} INFO - Setting next_dagrun for example_external_task_marker_parent to None, run_after=None
[2022-11-30T10:06:49.118+0000] {processor.py:176} INFO - Processing /home/airflow/.local/lib/python3.7/site-packages/airflow/example_dags/example_external_task_marker_dag.py took 0.340 seconds
