[2022-11-30T09:49:47.630+0000] {processor.py:154} INFO - Started process (PID=63) to work on /home/airflow/.local/lib/python3.7/site-packages/airflow/example_dags/example_branch_python_dop_operator_3.py
[2022-11-30T09:49:47.635+0000] {processor.py:756} INFO - Processing file /home/airflow/.local/lib/python3.7/site-packages/airflow/example_dags/example_branch_python_dop_operator_3.py for tasks to queue
[2022-11-30T09:49:47.644+0000] {logging_mixin.py:137} INFO - [2022-11-30T09:49:47.643+0000] {dagbag.py:537} INFO - Filling up the DagBag from /home/airflow/.local/lib/python3.7/site-packages/airflow/example_dags/example_branch_python_dop_operator_3.py
[2022-11-30T09:49:47.695+0000] {processor.py:766} INFO - DAG(s) dict_keys(['example_branch_dop_operator_v3']) retrieved from /home/airflow/.local/lib/python3.7/site-packages/airflow/example_dags/example_branch_python_dop_operator_3.py
[2022-11-30T09:49:47.756+0000] {logging_mixin.py:137} INFO - [2022-11-30T09:49:47.756+0000] {dag.py:2585} INFO - Sync 1 DAGs
[2022-11-30T09:49:47.832+0000] {logging_mixin.py:137} INFO - [2022-11-30T09:49:47.831+0000] {dag.py:3340} INFO - Setting next_dagrun for example_branch_dop_operator_v3 to 2022-11-30T09:48:00+00:00, run_after=2022-11-30T09:49:00+00:00
[2022-11-30T09:49:47.902+0000] {processor.py:176} INFO - Processing /home/airflow/.local/lib/python3.7/site-packages/airflow/example_dags/example_branch_python_dop_operator_3.py took 0.279 seconds
[2022-11-30T09:50:18.789+0000] {processor.py:154} INFO - Started process (PID=118) to work on /home/airflow/.local/lib/python3.7/site-packages/airflow/example_dags/example_branch_python_dop_operator_3.py
[2022-11-30T09:50:18.793+0000] {processor.py:756} INFO - Processing file /home/airflow/.local/lib/python3.7/site-packages/airflow/example_dags/example_branch_python_dop_operator_3.py for tasks to queue
[2022-11-30T09:50:18.795+0000] {logging_mixin.py:137} INFO - [2022-11-30T09:50:18.795+0000] {dagbag.py:537} INFO - Filling up the DagBag from /home/airflow/.local/lib/python3.7/site-packages/airflow/example_dags/example_branch_python_dop_operator_3.py
[2022-11-30T09:50:18.832+0000] {processor.py:766} INFO - DAG(s) dict_keys(['example_branch_dop_operator_v3']) retrieved from /home/airflow/.local/lib/python3.7/site-packages/airflow/example_dags/example_branch_python_dop_operator_3.py
[2022-11-30T09:50:18.912+0000] {logging_mixin.py:137} INFO - [2022-11-30T09:50:18.912+0000] {dag.py:2585} INFO - Sync 1 DAGs
[2022-11-30T09:50:18.936+0000] {logging_mixin.py:137} INFO - [2022-11-30T09:50:18.936+0000] {dag.py:3340} INFO - Setting next_dagrun for example_branch_dop_operator_v3 to 2022-11-30T09:49:00+00:00, run_after=2022-11-30T09:50:00+00:00
[2022-11-30T09:50:18.955+0000] {processor.py:176} INFO - Processing /home/airflow/.local/lib/python3.7/site-packages/airflow/example_dags/example_branch_python_dop_operator_3.py took 0.172 seconds
[2022-11-30T09:50:50.018+0000] {processor.py:154} INFO - Started process (PID=182) to work on /home/airflow/.local/lib/python3.7/site-packages/airflow/example_dags/example_branch_python_dop_operator_3.py
[2022-11-30T09:50:50.024+0000] {processor.py:756} INFO - Processing file /home/airflow/.local/lib/python3.7/site-packages/airflow/example_dags/example_branch_python_dop_operator_3.py for tasks to queue
[2022-11-30T09:50:50.026+0000] {logging_mixin.py:137} INFO - [2022-11-30T09:50:50.026+0000] {dagbag.py:537} INFO - Filling up the DagBag from /home/airflow/.local/lib/python3.7/site-packages/airflow/example_dags/example_branch_python_dop_operator_3.py
[2022-11-30T09:50:50.044+0000] {processor.py:766} INFO - DAG(s) dict_keys(['example_branch_dop_operator_v3']) retrieved from /home/airflow/.local/lib/python3.7/site-packages/airflow/example_dags/example_branch_python_dop_operator_3.py
[2022-11-30T09:50:50.070+0000] {logging_mixin.py:137} INFO - [2022-11-30T09:50:50.070+0000] {dag.py:2585} INFO - Sync 1 DAGs
[2022-11-30T09:50:50.090+0000] {logging_mixin.py:137} INFO - [2022-11-30T09:50:50.090+0000] {dag.py:3340} INFO - Setting next_dagrun for example_branch_dop_operator_v3 to 2022-11-30T09:49:00+00:00, run_after=2022-11-30T09:50:00+00:00
[2022-11-30T09:50:50.102+0000] {processor.py:176} INFO - Processing /home/airflow/.local/lib/python3.7/site-packages/airflow/example_dags/example_branch_python_dop_operator_3.py took 0.086 seconds
[2022-11-30T09:51:20.995+0000] {processor.py:154} INFO - Started process (PID=240) to work on /home/airflow/.local/lib/python3.7/site-packages/airflow/example_dags/example_branch_python_dop_operator_3.py
[2022-11-30T09:51:20.997+0000] {processor.py:756} INFO - Processing file /home/airflow/.local/lib/python3.7/site-packages/airflow/example_dags/example_branch_python_dop_operator_3.py for tasks to queue
[2022-11-30T09:51:20.999+0000] {logging_mixin.py:137} INFO - [2022-11-30T09:51:20.999+0000] {dagbag.py:537} INFO - Filling up the DagBag from /home/airflow/.local/lib/python3.7/site-packages/airflow/example_dags/example_branch_python_dop_operator_3.py
[2022-11-30T09:51:21.016+0000] {processor.py:766} INFO - DAG(s) dict_keys(['example_branch_dop_operator_v3']) retrieved from /home/airflow/.local/lib/python3.7/site-packages/airflow/example_dags/example_branch_python_dop_operator_3.py
[2022-11-30T09:51:21.040+0000] {logging_mixin.py:137} INFO - [2022-11-30T09:51:21.040+0000] {dag.py:2585} INFO - Sync 1 DAGs
[2022-11-30T09:51:21.058+0000] {logging_mixin.py:137} INFO - [2022-11-30T09:51:21.057+0000] {dag.py:3340} INFO - Setting next_dagrun for example_branch_dop_operator_v3 to 2022-11-30T09:50:00+00:00, run_after=2022-11-30T09:51:00+00:00
[2022-11-30T09:51:21.073+0000] {processor.py:176} INFO - Processing /home/airflow/.local/lib/python3.7/site-packages/airflow/example_dags/example_branch_python_dop_operator_3.py took 0.081 seconds
[2022-11-30T09:51:51.829+0000] {processor.py:154} INFO - Started process (PID=304) to work on /home/airflow/.local/lib/python3.7/site-packages/airflow/example_dags/example_branch_python_dop_operator_3.py
[2022-11-30T09:51:51.832+0000] {processor.py:756} INFO - Processing file /home/airflow/.local/lib/python3.7/site-packages/airflow/example_dags/example_branch_python_dop_operator_3.py for tasks to queue
[2022-11-30T09:51:51.833+0000] {logging_mixin.py:137} INFO - [2022-11-30T09:51:51.833+0000] {dagbag.py:537} INFO - Filling up the DagBag from /home/airflow/.local/lib/python3.7/site-packages/airflow/example_dags/example_branch_python_dop_operator_3.py
[2022-11-30T09:51:51.849+0000] {processor.py:766} INFO - DAG(s) dict_keys(['example_branch_dop_operator_v3']) retrieved from /home/airflow/.local/lib/python3.7/site-packages/airflow/example_dags/example_branch_python_dop_operator_3.py
[2022-11-30T09:51:51.876+0000] {logging_mixin.py:137} INFO - [2022-11-30T09:51:51.876+0000] {dag.py:2585} INFO - Sync 1 DAGs
[2022-11-30T09:51:51.893+0000] {logging_mixin.py:137} INFO - [2022-11-30T09:51:51.893+0000] {dag.py:3340} INFO - Setting next_dagrun for example_branch_dop_operator_v3 to 2022-11-30T09:50:00+00:00, run_after=2022-11-30T09:51:00+00:00
[2022-11-30T09:51:51.905+0000] {processor.py:176} INFO - Processing /home/airflow/.local/lib/python3.7/site-packages/airflow/example_dags/example_branch_python_dop_operator_3.py took 0.078 seconds
[2022-11-30T09:52:22.244+0000] {processor.py:154} INFO - Started process (PID=359) to work on /home/airflow/.local/lib/python3.7/site-packages/airflow/example_dags/example_branch_python_dop_operator_3.py
[2022-11-30T09:52:22.245+0000] {processor.py:756} INFO - Processing file /home/airflow/.local/lib/python3.7/site-packages/airflow/example_dags/example_branch_python_dop_operator_3.py for tasks to queue
[2022-11-30T09:52:22.246+0000] {logging_mixin.py:137} INFO - [2022-11-30T09:52:22.246+0000] {dagbag.py:537} INFO - Filling up the DagBag from /home/airflow/.local/lib/python3.7/site-packages/airflow/example_dags/example_branch_python_dop_operator_3.py
[2022-11-30T09:52:22.261+0000] {processor.py:766} INFO - DAG(s) dict_keys(['example_branch_dop_operator_v3']) retrieved from /home/airflow/.local/lib/python3.7/site-packages/airflow/example_dags/example_branch_python_dop_operator_3.py
[2022-11-30T09:52:22.289+0000] {logging_mixin.py:137} INFO - [2022-11-30T09:52:22.289+0000] {dag.py:2585} INFO - Sync 1 DAGs
[2022-11-30T09:52:22.313+0000] {logging_mixin.py:137} INFO - [2022-11-30T09:52:22.313+0000] {dag.py:3340} INFO - Setting next_dagrun for example_branch_dop_operator_v3 to 2022-11-30T09:51:00+00:00, run_after=2022-11-30T09:52:00+00:00
[2022-11-30T09:52:22.330+0000] {processor.py:176} INFO - Processing /home/airflow/.local/lib/python3.7/site-packages/airflow/example_dags/example_branch_python_dop_operator_3.py took 0.088 seconds
[2022-11-30T09:52:53.734+0000] {processor.py:154} INFO - Started process (PID=424) to work on /home/airflow/.local/lib/python3.7/site-packages/airflow/example_dags/example_branch_python_dop_operator_3.py
[2022-11-30T09:52:53.776+0000] {processor.py:756} INFO - Processing file /home/airflow/.local/lib/python3.7/site-packages/airflow/example_dags/example_branch_python_dop_operator_3.py for tasks to queue
[2022-11-30T09:52:53.798+0000] {logging_mixin.py:137} INFO - [2022-11-30T09:52:53.798+0000] {dagbag.py:537} INFO - Filling up the DagBag from /home/airflow/.local/lib/python3.7/site-packages/airflow/example_dags/example_branch_python_dop_operator_3.py
[2022-11-30T09:52:53.846+0000] {processor.py:766} INFO - DAG(s) dict_keys(['example_branch_dop_operator_v3']) retrieved from /home/airflow/.local/lib/python3.7/site-packages/airflow/example_dags/example_branch_python_dop_operator_3.py
[2022-11-30T09:52:53.881+0000] {logging_mixin.py:137} INFO - [2022-11-30T09:52:53.881+0000] {dag.py:2585} INFO - Sync 1 DAGs
[2022-11-30T09:52:53.906+0000] {logging_mixin.py:137} INFO - [2022-11-30T09:52:53.906+0000] {dag.py:3340} INFO - Setting next_dagrun for example_branch_dop_operator_v3 to 2022-11-30T09:51:00+00:00, run_after=2022-11-30T09:52:00+00:00
[2022-11-30T09:52:53.928+0000] {processor.py:176} INFO - Processing /home/airflow/.local/lib/python3.7/site-packages/airflow/example_dags/example_branch_python_dop_operator_3.py took 0.197 seconds
[2022-11-30T09:53:24.861+0000] {processor.py:154} INFO - Started process (PID=481) to work on /home/airflow/.local/lib/python3.7/site-packages/airflow/example_dags/example_branch_python_dop_operator_3.py
[2022-11-30T09:53:24.865+0000] {processor.py:756} INFO - Processing file /home/airflow/.local/lib/python3.7/site-packages/airflow/example_dags/example_branch_python_dop_operator_3.py for tasks to queue
[2022-11-30T09:53:24.866+0000] {logging_mixin.py:137} INFO - [2022-11-30T09:53:24.866+0000] {dagbag.py:537} INFO - Filling up the DagBag from /home/airflow/.local/lib/python3.7/site-packages/airflow/example_dags/example_branch_python_dop_operator_3.py
[2022-11-30T09:53:24.884+0000] {processor.py:766} INFO - DAG(s) dict_keys(['example_branch_dop_operator_v3']) retrieved from /home/airflow/.local/lib/python3.7/site-packages/airflow/example_dags/example_branch_python_dop_operator_3.py
[2022-11-30T09:53:24.916+0000] {logging_mixin.py:137} INFO - [2022-11-30T09:53:24.915+0000] {dag.py:2585} INFO - Sync 1 DAGs
[2022-11-30T09:53:24.951+0000] {logging_mixin.py:137} INFO - [2022-11-30T09:53:24.951+0000] {dag.py:3340} INFO - Setting next_dagrun for example_branch_dop_operator_v3 to 2022-11-30T09:52:00+00:00, run_after=2022-11-30T09:53:00+00:00
[2022-11-30T09:53:24.980+0000] {processor.py:176} INFO - Processing /home/airflow/.local/lib/python3.7/site-packages/airflow/example_dags/example_branch_python_dop_operator_3.py took 0.123 seconds
[2022-11-30T09:53:56.608+0000] {processor.py:154} INFO - Started process (PID=545) to work on /home/airflow/.local/lib/python3.7/site-packages/airflow/example_dags/example_branch_python_dop_operator_3.py
[2022-11-30T09:53:56.693+0000] {processor.py:756} INFO - Processing file /home/airflow/.local/lib/python3.7/site-packages/airflow/example_dags/example_branch_python_dop_operator_3.py for tasks to queue
[2022-11-30T09:53:56.694+0000] {logging_mixin.py:137} INFO - [2022-11-30T09:53:56.694+0000] {dagbag.py:537} INFO - Filling up the DagBag from /home/airflow/.local/lib/python3.7/site-packages/airflow/example_dags/example_branch_python_dop_operator_3.py
[2022-11-30T09:53:56.741+0000] {processor.py:766} INFO - DAG(s) dict_keys(['example_branch_dop_operator_v3']) retrieved from /home/airflow/.local/lib/python3.7/site-packages/airflow/example_dags/example_branch_python_dop_operator_3.py
[2022-11-30T09:53:56.788+0000] {logging_mixin.py:137} INFO - [2022-11-30T09:53:56.788+0000] {dag.py:2585} INFO - Sync 1 DAGs
[2022-11-30T09:53:56.814+0000] {logging_mixin.py:137} INFO - [2022-11-30T09:53:56.814+0000] {dag.py:3340} INFO - Setting next_dagrun for example_branch_dop_operator_v3 to 2022-11-30T09:52:00+00:00, run_after=2022-11-30T09:53:00+00:00
[2022-11-30T09:53:56.835+0000] {processor.py:176} INFO - Processing /home/airflow/.local/lib/python3.7/site-packages/airflow/example_dags/example_branch_python_dop_operator_3.py took 0.230 seconds
[2022-11-30T09:54:26.924+0000] {processor.py:154} INFO - Started process (PID=599) to work on /home/airflow/.local/lib/python3.7/site-packages/airflow/example_dags/example_branch_python_dop_operator_3.py
[2022-11-30T09:54:26.927+0000] {processor.py:756} INFO - Processing file /home/airflow/.local/lib/python3.7/site-packages/airflow/example_dags/example_branch_python_dop_operator_3.py for tasks to queue
[2022-11-30T09:54:26.928+0000] {logging_mixin.py:137} INFO - [2022-11-30T09:54:26.928+0000] {dagbag.py:537} INFO - Filling up the DagBag from /home/airflow/.local/lib/python3.7/site-packages/airflow/example_dags/example_branch_python_dop_operator_3.py
[2022-11-30T09:54:26.943+0000] {processor.py:766} INFO - DAG(s) dict_keys(['example_branch_dop_operator_v3']) retrieved from /home/airflow/.local/lib/python3.7/site-packages/airflow/example_dags/example_branch_python_dop_operator_3.py
[2022-11-30T09:54:26.966+0000] {logging_mixin.py:137} INFO - [2022-11-30T09:54:26.966+0000] {dag.py:2585} INFO - Sync 1 DAGs
[2022-11-30T09:54:26.984+0000] {logging_mixin.py:137} INFO - [2022-11-30T09:54:26.984+0000] {dag.py:3340} INFO - Setting next_dagrun for example_branch_dop_operator_v3 to 2022-11-30T09:53:00+00:00, run_after=2022-11-30T09:54:00+00:00
[2022-11-30T09:54:26.998+0000] {processor.py:176} INFO - Processing /home/airflow/.local/lib/python3.7/site-packages/airflow/example_dags/example_branch_python_dop_operator_3.py took 0.076 seconds
[2022-11-30T09:54:58.110+0000] {processor.py:154} INFO - Started process (PID=664) to work on /home/airflow/.local/lib/python3.7/site-packages/airflow/example_dags/example_branch_python_dop_operator_3.py
[2022-11-30T09:54:58.115+0000] {processor.py:756} INFO - Processing file /home/airflow/.local/lib/python3.7/site-packages/airflow/example_dags/example_branch_python_dop_operator_3.py for tasks to queue
[2022-11-30T09:54:58.118+0000] {logging_mixin.py:137} INFO - [2022-11-30T09:54:58.118+0000] {dagbag.py:537} INFO - Filling up the DagBag from /home/airflow/.local/lib/python3.7/site-packages/airflow/example_dags/example_branch_python_dop_operator_3.py
[2022-11-30T09:54:58.139+0000] {processor.py:766} INFO - DAG(s) dict_keys(['example_branch_dop_operator_v3']) retrieved from /home/airflow/.local/lib/python3.7/site-packages/airflow/example_dags/example_branch_python_dop_operator_3.py
[2022-11-30T09:54:58.174+0000] {logging_mixin.py:137} INFO - [2022-11-30T09:54:58.173+0000] {dag.py:2585} INFO - Sync 1 DAGs
[2022-11-30T09:54:58.206+0000] {logging_mixin.py:137} INFO - [2022-11-30T09:54:58.206+0000] {dag.py:3340} INFO - Setting next_dagrun for example_branch_dop_operator_v3 to 2022-11-30T09:53:00+00:00, run_after=2022-11-30T09:54:00+00:00
[2022-11-30T09:54:58.230+0000] {processor.py:176} INFO - Processing /home/airflow/.local/lib/python3.7/site-packages/airflow/example_dags/example_branch_python_dop_operator_3.py took 0.122 seconds
[2022-11-30T09:58:28.722+0000] {processor.py:154} INFO - Started process (PID=62) to work on /home/airflow/.local/lib/python3.7/site-packages/airflow/example_dags/example_branch_python_dop_operator_3.py
[2022-11-30T09:58:28.725+0000] {processor.py:756} INFO - Processing file /home/airflow/.local/lib/python3.7/site-packages/airflow/example_dags/example_branch_python_dop_operator_3.py for tasks to queue
[2022-11-30T09:58:28.728+0000] {logging_mixin.py:137} INFO - [2022-11-30T09:58:28.727+0000] {dagbag.py:537} INFO - Filling up the DagBag from /home/airflow/.local/lib/python3.7/site-packages/airflow/example_dags/example_branch_python_dop_operator_3.py
[2022-11-30T09:58:28.812+0000] {processor.py:766} INFO - DAG(s) dict_keys(['example_branch_dop_operator_v3']) retrieved from /home/airflow/.local/lib/python3.7/site-packages/airflow/example_dags/example_branch_python_dop_operator_3.py
[2022-11-30T09:58:28.983+0000] {logging_mixin.py:137} INFO - [2022-11-30T09:58:28.982+0000] {dag.py:2585} INFO - Sync 1 DAGs
[2022-11-30T09:58:29.118+0000] {logging_mixin.py:137} INFO - [2022-11-30T09:58:29.118+0000] {dag.py:3340} INFO - Setting next_dagrun for example_branch_dop_operator_v3 to 2022-11-30T09:57:00+00:00, run_after=2022-11-30T09:58:00+00:00
[2022-11-30T09:58:29.153+0000] {processor.py:176} INFO - Processing /home/airflow/.local/lib/python3.7/site-packages/airflow/example_dags/example_branch_python_dop_operator_3.py took 0.436 seconds
[2022-11-30T09:58:59.826+0000] {processor.py:154} INFO - Started process (PID=117) to work on /home/airflow/.local/lib/python3.7/site-packages/airflow/example_dags/example_branch_python_dop_operator_3.py
[2022-11-30T09:58:59.834+0000] {processor.py:756} INFO - Processing file /home/airflow/.local/lib/python3.7/site-packages/airflow/example_dags/example_branch_python_dop_operator_3.py for tasks to queue
[2022-11-30T09:58:59.836+0000] {logging_mixin.py:137} INFO - [2022-11-30T09:58:59.836+0000] {dagbag.py:537} INFO - Filling up the DagBag from /home/airflow/.local/lib/python3.7/site-packages/airflow/example_dags/example_branch_python_dop_operator_3.py
[2022-11-30T09:58:59.859+0000] {processor.py:766} INFO - DAG(s) dict_keys(['example_branch_dop_operator_v3']) retrieved from /home/airflow/.local/lib/python3.7/site-packages/airflow/example_dags/example_branch_python_dop_operator_3.py
[2022-11-30T09:58:59.885+0000] {logging_mixin.py:137} INFO - [2022-11-30T09:58:59.885+0000] {dag.py:2585} INFO - Sync 1 DAGs
[2022-11-30T09:58:59.904+0000] {logging_mixin.py:137} INFO - [2022-11-30T09:58:59.904+0000] {dag.py:3340} INFO - Setting next_dagrun for example_branch_dop_operator_v3 to 2022-11-30T09:57:00+00:00, run_after=2022-11-30T09:58:00+00:00
[2022-11-30T09:58:59.920+0000] {processor.py:176} INFO - Processing /home/airflow/.local/lib/python3.7/site-packages/airflow/example_dags/example_branch_python_dop_operator_3.py took 0.099 seconds
[2022-11-30T09:59:30.790+0000] {processor.py:154} INFO - Started process (PID=182) to work on /home/airflow/.local/lib/python3.7/site-packages/airflow/example_dags/example_branch_python_dop_operator_3.py
[2022-11-30T09:59:30.793+0000] {processor.py:756} INFO - Processing file /home/airflow/.local/lib/python3.7/site-packages/airflow/example_dags/example_branch_python_dop_operator_3.py for tasks to queue
[2022-11-30T09:59:30.796+0000] {logging_mixin.py:137} INFO - [2022-11-30T09:59:30.795+0000] {dagbag.py:537} INFO - Filling up the DagBag from /home/airflow/.local/lib/python3.7/site-packages/airflow/example_dags/example_branch_python_dop_operator_3.py
[2022-11-30T09:59:30.864+0000] {processor.py:766} INFO - DAG(s) dict_keys(['example_branch_dop_operator_v3']) retrieved from /home/airflow/.local/lib/python3.7/site-packages/airflow/example_dags/example_branch_python_dop_operator_3.py
[2022-11-30T09:59:30.973+0000] {logging_mixin.py:137} INFO - [2022-11-30T09:59:30.973+0000] {dag.py:2585} INFO - Sync 1 DAGs
[2022-11-30T09:59:31.002+0000] {logging_mixin.py:137} INFO - [2022-11-30T09:59:31.002+0000] {dag.py:3340} INFO - Setting next_dagrun for example_branch_dop_operator_v3 to 2022-11-30T09:58:00+00:00, run_after=2022-11-30T09:59:00+00:00
[2022-11-30T09:59:31.021+0000] {processor.py:176} INFO - Processing /home/airflow/.local/lib/python3.7/site-packages/airflow/example_dags/example_branch_python_dop_operator_3.py took 0.236 seconds
[2022-11-30T10:00:01.897+0000] {processor.py:154} INFO - Started process (PID=246) to work on /home/airflow/.local/lib/python3.7/site-packages/airflow/example_dags/example_branch_python_dop_operator_3.py
[2022-11-30T10:00:01.899+0000] {processor.py:756} INFO - Processing file /home/airflow/.local/lib/python3.7/site-packages/airflow/example_dags/example_branch_python_dop_operator_3.py for tasks to queue
[2022-11-30T10:00:01.901+0000] {logging_mixin.py:137} INFO - [2022-11-30T10:00:01.901+0000] {dagbag.py:537} INFO - Filling up the DagBag from /home/airflow/.local/lib/python3.7/site-packages/airflow/example_dags/example_branch_python_dop_operator_3.py
[2022-11-30T10:00:01.919+0000] {processor.py:766} INFO - DAG(s) dict_keys(['example_branch_dop_operator_v3']) retrieved from /home/airflow/.local/lib/python3.7/site-packages/airflow/example_dags/example_branch_python_dop_operator_3.py
[2022-11-30T10:00:01.946+0000] {logging_mixin.py:137} INFO - [2022-11-30T10:00:01.946+0000] {dag.py:2585} INFO - Sync 1 DAGs
[2022-11-30T10:00:01.970+0000] {logging_mixin.py:137} INFO - [2022-11-30T10:00:01.970+0000] {dag.py:3340} INFO - Setting next_dagrun for example_branch_dop_operator_v3 to 2022-11-30T09:59:00+00:00, run_after=2022-11-30T10:00:00+00:00
[2022-11-30T10:00:01.986+0000] {processor.py:176} INFO - Processing /home/airflow/.local/lib/python3.7/site-packages/airflow/example_dags/example_branch_python_dop_operator_3.py took 0.092 seconds
[2022-11-30T10:00:32.072+0000] {processor.py:154} INFO - Started process (PID=311) to work on /home/airflow/.local/lib/python3.7/site-packages/airflow/example_dags/example_branch_python_dop_operator_3.py
[2022-11-30T10:00:32.073+0000] {processor.py:756} INFO - Processing file /home/airflow/.local/lib/python3.7/site-packages/airflow/example_dags/example_branch_python_dop_operator_3.py for tasks to queue
[2022-11-30T10:00:32.074+0000] {logging_mixin.py:137} INFO - [2022-11-30T10:00:32.074+0000] {dagbag.py:537} INFO - Filling up the DagBag from /home/airflow/.local/lib/python3.7/site-packages/airflow/example_dags/example_branch_python_dop_operator_3.py
[2022-11-30T10:00:32.089+0000] {processor.py:766} INFO - DAG(s) dict_keys(['example_branch_dop_operator_v3']) retrieved from /home/airflow/.local/lib/python3.7/site-packages/airflow/example_dags/example_branch_python_dop_operator_3.py
[2022-11-30T10:00:32.125+0000] {logging_mixin.py:137} INFO - [2022-11-30T10:00:32.125+0000] {dag.py:2585} INFO - Sync 1 DAGs
[2022-11-30T10:00:32.146+0000] {logging_mixin.py:137} INFO - [2022-11-30T10:00:32.146+0000] {dag.py:3340} INFO - Setting next_dagrun for example_branch_dop_operator_v3 to 2022-11-30T09:59:00+00:00, run_after=2022-11-30T10:00:00+00:00
[2022-11-30T10:00:32.162+0000] {processor.py:176} INFO - Processing /home/airflow/.local/lib/python3.7/site-packages/airflow/example_dags/example_branch_python_dop_operator_3.py took 0.092 seconds
[2022-11-30T10:01:03.107+0000] {processor.py:154} INFO - Started process (PID=366) to work on /home/airflow/.local/lib/python3.7/site-packages/airflow/example_dags/example_branch_python_dop_operator_3.py
[2022-11-30T10:01:03.109+0000] {processor.py:756} INFO - Processing file /home/airflow/.local/lib/python3.7/site-packages/airflow/example_dags/example_branch_python_dop_operator_3.py for tasks to queue
[2022-11-30T10:01:03.109+0000] {logging_mixin.py:137} INFO - [2022-11-30T10:01:03.109+0000] {dagbag.py:537} INFO - Filling up the DagBag from /home/airflow/.local/lib/python3.7/site-packages/airflow/example_dags/example_branch_python_dop_operator_3.py
[2022-11-30T10:01:03.122+0000] {processor.py:766} INFO - DAG(s) dict_keys(['example_branch_dop_operator_v3']) retrieved from /home/airflow/.local/lib/python3.7/site-packages/airflow/example_dags/example_branch_python_dop_operator_3.py
[2022-11-30T10:01:03.146+0000] {logging_mixin.py:137} INFO - [2022-11-30T10:01:03.146+0000] {dag.py:2585} INFO - Sync 1 DAGs
[2022-11-30T10:01:03.162+0000] {logging_mixin.py:137} INFO - [2022-11-30T10:01:03.162+0000] {dag.py:3340} INFO - Setting next_dagrun for example_branch_dop_operator_v3 to 2022-11-30T10:00:00+00:00, run_after=2022-11-30T10:01:00+00:00
[2022-11-30T10:01:03.175+0000] {processor.py:176} INFO - Processing /home/airflow/.local/lib/python3.7/site-packages/airflow/example_dags/example_branch_python_dop_operator_3.py took 0.070 seconds
[2022-11-30T10:01:35.315+0000] {processor.py:154} INFO - Started process (PID=429) to work on /home/airflow/.local/lib/python3.7/site-packages/airflow/example_dags/example_branch_python_dop_operator_3.py
[2022-11-30T10:01:35.319+0000] {processor.py:756} INFO - Processing file /home/airflow/.local/lib/python3.7/site-packages/airflow/example_dags/example_branch_python_dop_operator_3.py for tasks to queue
[2022-11-30T10:01:35.324+0000] {logging_mixin.py:137} INFO - [2022-11-30T10:01:35.324+0000] {dagbag.py:537} INFO - Filling up the DagBag from /home/airflow/.local/lib/python3.7/site-packages/airflow/example_dags/example_branch_python_dop_operator_3.py
[2022-11-30T10:01:35.392+0000] {processor.py:766} INFO - DAG(s) dict_keys(['example_branch_dop_operator_v3']) retrieved from /home/airflow/.local/lib/python3.7/site-packages/airflow/example_dags/example_branch_python_dop_operator_3.py
[2022-11-30T10:01:35.567+0000] {logging_mixin.py:137} INFO - [2022-11-30T10:01:35.567+0000] {dag.py:2585} INFO - Sync 1 DAGs
[2022-11-30T10:01:35.593+0000] {logging_mixin.py:137} INFO - [2022-11-30T10:01:35.593+0000] {dag.py:3340} INFO - Setting next_dagrun for example_branch_dop_operator_v3 to 2022-11-30T10:00:00+00:00, run_after=2022-11-30T10:01:00+00:00
[2022-11-30T10:01:35.618+0000] {processor.py:176} INFO - Processing /home/airflow/.local/lib/python3.7/site-packages/airflow/example_dags/example_branch_python_dop_operator_3.py took 0.308 seconds
[2022-11-30T10:02:06.244+0000] {processor.py:154} INFO - Started process (PID=493) to work on /home/airflow/.local/lib/python3.7/site-packages/airflow/example_dags/example_branch_python_dop_operator_3.py
[2022-11-30T10:02:06.247+0000] {processor.py:756} INFO - Processing file /home/airflow/.local/lib/python3.7/site-packages/airflow/example_dags/example_branch_python_dop_operator_3.py for tasks to queue
[2022-11-30T10:02:06.248+0000] {logging_mixin.py:137} INFO - [2022-11-30T10:02:06.248+0000] {dagbag.py:537} INFO - Filling up the DagBag from /home/airflow/.local/lib/python3.7/site-packages/airflow/example_dags/example_branch_python_dop_operator_3.py
[2022-11-30T10:02:06.271+0000] {processor.py:766} INFO - DAG(s) dict_keys(['example_branch_dop_operator_v3']) retrieved from /home/airflow/.local/lib/python3.7/site-packages/airflow/example_dags/example_branch_python_dop_operator_3.py
[2022-11-30T10:02:06.314+0000] {logging_mixin.py:137} INFO - [2022-11-30T10:02:06.314+0000] {dag.py:2585} INFO - Sync 1 DAGs
[2022-11-30T10:02:06.347+0000] {logging_mixin.py:137} INFO - [2022-11-30T10:02:06.347+0000] {dag.py:3340} INFO - Setting next_dagrun for example_branch_dop_operator_v3 to 2022-11-30T10:01:00+00:00, run_after=2022-11-30T10:02:00+00:00
[2022-11-30T10:02:06.373+0000] {processor.py:176} INFO - Processing /home/airflow/.local/lib/python3.7/site-packages/airflow/example_dags/example_branch_python_dop_operator_3.py took 0.132 seconds
[2022-11-30T10:02:36.587+0000] {processor.py:154} INFO - Started process (PID=548) to work on /home/airflow/.local/lib/python3.7/site-packages/airflow/example_dags/example_branch_python_dop_operator_3.py
[2022-11-30T10:02:36.591+0000] {processor.py:756} INFO - Processing file /home/airflow/.local/lib/python3.7/site-packages/airflow/example_dags/example_branch_python_dop_operator_3.py for tasks to queue
[2022-11-30T10:02:36.596+0000] {logging_mixin.py:137} INFO - [2022-11-30T10:02:36.596+0000] {dagbag.py:537} INFO - Filling up the DagBag from /home/airflow/.local/lib/python3.7/site-packages/airflow/example_dags/example_branch_python_dop_operator_3.py
[2022-11-30T10:02:36.616+0000] {processor.py:766} INFO - DAG(s) dict_keys(['example_branch_dop_operator_v3']) retrieved from /home/airflow/.local/lib/python3.7/site-packages/airflow/example_dags/example_branch_python_dop_operator_3.py
[2022-11-30T10:02:36.659+0000] {logging_mixin.py:137} INFO - [2022-11-30T10:02:36.659+0000] {dag.py:2585} INFO - Sync 1 DAGs
[2022-11-30T10:02:36.693+0000] {logging_mixin.py:137} INFO - [2022-11-30T10:02:36.692+0000] {dag.py:3340} INFO - Setting next_dagrun for example_branch_dop_operator_v3 to 2022-11-30T10:01:00+00:00, run_after=2022-11-30T10:02:00+00:00
[2022-11-30T10:02:36.721+0000] {processor.py:176} INFO - Processing /home/airflow/.local/lib/python3.7/site-packages/airflow/example_dags/example_branch_python_dop_operator_3.py took 0.157 seconds
[2022-11-30T10:03:07.761+0000] {processor.py:154} INFO - Started process (PID=612) to work on /home/airflow/.local/lib/python3.7/site-packages/airflow/example_dags/example_branch_python_dop_operator_3.py
[2022-11-30T10:03:07.767+0000] {processor.py:756} INFO - Processing file /home/airflow/.local/lib/python3.7/site-packages/airflow/example_dags/example_branch_python_dop_operator_3.py for tasks to queue
[2022-11-30T10:03:07.775+0000] {logging_mixin.py:137} INFO - [2022-11-30T10:03:07.774+0000] {dagbag.py:537} INFO - Filling up the DagBag from /home/airflow/.local/lib/python3.7/site-packages/airflow/example_dags/example_branch_python_dop_operator_3.py
[2022-11-30T10:03:07.816+0000] {processor.py:766} INFO - DAG(s) dict_keys(['example_branch_dop_operator_v3']) retrieved from /home/airflow/.local/lib/python3.7/site-packages/airflow/example_dags/example_branch_python_dop_operator_3.py
[2022-11-30T10:03:07.886+0000] {logging_mixin.py:137} INFO - [2022-11-30T10:03:07.886+0000] {dag.py:2585} INFO - Sync 1 DAGs
[2022-11-30T10:03:07.916+0000] {logging_mixin.py:137} INFO - [2022-11-30T10:03:07.916+0000] {dag.py:3340} INFO - Setting next_dagrun for example_branch_dop_operator_v3 to 2022-11-30T10:02:00+00:00, run_after=2022-11-30T10:03:00+00:00
[2022-11-30T10:03:07.934+0000] {processor.py:176} INFO - Processing /home/airflow/.local/lib/python3.7/site-packages/airflow/example_dags/example_branch_python_dop_operator_3.py took 0.179 seconds
[2022-11-30T10:03:39.597+0000] {processor.py:154} INFO - Started process (PID=675) to work on /home/airflow/.local/lib/python3.7/site-packages/airflow/example_dags/example_branch_python_dop_operator_3.py
[2022-11-30T10:03:39.602+0000] {processor.py:756} INFO - Processing file /home/airflow/.local/lib/python3.7/site-packages/airflow/example_dags/example_branch_python_dop_operator_3.py for tasks to queue
[2022-11-30T10:03:39.617+0000] {logging_mixin.py:137} INFO - [2022-11-30T10:03:39.616+0000] {dagbag.py:537} INFO - Filling up the DagBag from /home/airflow/.local/lib/python3.7/site-packages/airflow/example_dags/example_branch_python_dop_operator_3.py
[2022-11-30T10:03:39.675+0000] {processor.py:766} INFO - DAG(s) dict_keys(['example_branch_dop_operator_v3']) retrieved from /home/airflow/.local/lib/python3.7/site-packages/airflow/example_dags/example_branch_python_dop_operator_3.py
[2022-11-30T10:03:39.808+0000] {logging_mixin.py:137} INFO - [2022-11-30T10:03:39.808+0000] {dag.py:2585} INFO - Sync 1 DAGs
[2022-11-30T10:03:39.869+0000] {logging_mixin.py:137} INFO - [2022-11-30T10:03:39.869+0000] {dag.py:3340} INFO - Setting next_dagrun for example_branch_dop_operator_v3 to 2022-11-30T10:02:00+00:00, run_after=2022-11-30T10:03:00+00:00
[2022-11-30T10:03:39.919+0000] {processor.py:176} INFO - Processing /home/airflow/.local/lib/python3.7/site-packages/airflow/example_dags/example_branch_python_dop_operator_3.py took 0.326 seconds
[2022-11-30T10:04:10.973+0000] {processor.py:154} INFO - Started process (PID=739) to work on /home/airflow/.local/lib/python3.7/site-packages/airflow/example_dags/example_branch_python_dop_operator_3.py
[2022-11-30T10:04:10.987+0000] {processor.py:756} INFO - Processing file /home/airflow/.local/lib/python3.7/site-packages/airflow/example_dags/example_branch_python_dop_operator_3.py for tasks to queue
[2022-11-30T10:04:10.992+0000] {logging_mixin.py:137} INFO - [2022-11-30T10:04:10.992+0000] {dagbag.py:537} INFO - Filling up the DagBag from /home/airflow/.local/lib/python3.7/site-packages/airflow/example_dags/example_branch_python_dop_operator_3.py
[2022-11-30T10:04:11.019+0000] {processor.py:766} INFO - DAG(s) dict_keys(['example_branch_dop_operator_v3']) retrieved from /home/airflow/.local/lib/python3.7/site-packages/airflow/example_dags/example_branch_python_dop_operator_3.py
[2022-11-30T10:04:11.064+0000] {logging_mixin.py:137} INFO - [2022-11-30T10:04:11.064+0000] {dag.py:2585} INFO - Sync 1 DAGs
[2022-11-30T10:04:11.086+0000] {logging_mixin.py:137} INFO - [2022-11-30T10:04:11.086+0000] {dag.py:3340} INFO - Setting next_dagrun for example_branch_dop_operator_v3 to 2022-11-30T10:03:00+00:00, run_after=2022-11-30T10:04:00+00:00
[2022-11-30T10:04:11.099+0000] {processor.py:176} INFO - Processing /home/airflow/.local/lib/python3.7/site-packages/airflow/example_dags/example_branch_python_dop_operator_3.py took 0.130 seconds
[2022-11-30T10:04:41.869+0000] {processor.py:154} INFO - Started process (PID=795) to work on /home/airflow/.local/lib/python3.7/site-packages/airflow/example_dags/example_branch_python_dop_operator_3.py
[2022-11-30T10:04:41.872+0000] {processor.py:756} INFO - Processing file /home/airflow/.local/lib/python3.7/site-packages/airflow/example_dags/example_branch_python_dop_operator_3.py for tasks to queue
[2022-11-30T10:04:41.873+0000] {logging_mixin.py:137} INFO - [2022-11-30T10:04:41.873+0000] {dagbag.py:537} INFO - Filling up the DagBag from /home/airflow/.local/lib/python3.7/site-packages/airflow/example_dags/example_branch_python_dop_operator_3.py
[2022-11-30T10:04:41.891+0000] {processor.py:766} INFO - DAG(s) dict_keys(['example_branch_dop_operator_v3']) retrieved from /home/airflow/.local/lib/python3.7/site-packages/airflow/example_dags/example_branch_python_dop_operator_3.py
[2022-11-30T10:04:41.917+0000] {logging_mixin.py:137} INFO - [2022-11-30T10:04:41.917+0000] {dag.py:2585} INFO - Sync 1 DAGs
[2022-11-30T10:04:41.935+0000] {logging_mixin.py:137} INFO - [2022-11-30T10:04:41.935+0000] {dag.py:3340} INFO - Setting next_dagrun for example_branch_dop_operator_v3 to 2022-11-30T10:03:00+00:00, run_after=2022-11-30T10:04:00+00:00
[2022-11-30T10:04:41.947+0000] {processor.py:176} INFO - Processing /home/airflow/.local/lib/python3.7/site-packages/airflow/example_dags/example_branch_python_dop_operator_3.py took 0.080 seconds
[2022-11-30T10:05:12.447+0000] {processor.py:154} INFO - Started process (PID=859) to work on /home/airflow/.local/lib/python3.7/site-packages/airflow/example_dags/example_branch_python_dop_operator_3.py
[2022-11-30T10:05:12.449+0000] {processor.py:756} INFO - Processing file /home/airflow/.local/lib/python3.7/site-packages/airflow/example_dags/example_branch_python_dop_operator_3.py for tasks to queue
[2022-11-30T10:05:12.450+0000] {logging_mixin.py:137} INFO - [2022-11-30T10:05:12.450+0000] {dagbag.py:537} INFO - Filling up the DagBag from /home/airflow/.local/lib/python3.7/site-packages/airflow/example_dags/example_branch_python_dop_operator_3.py
[2022-11-30T10:05:12.464+0000] {processor.py:766} INFO - DAG(s) dict_keys(['example_branch_dop_operator_v3']) retrieved from /home/airflow/.local/lib/python3.7/site-packages/airflow/example_dags/example_branch_python_dop_operator_3.py
[2022-11-30T10:05:12.498+0000] {logging_mixin.py:137} INFO - [2022-11-30T10:05:12.498+0000] {dag.py:2585} INFO - Sync 1 DAGs
[2022-11-30T10:05:12.525+0000] {logging_mixin.py:137} INFO - [2022-11-30T10:05:12.525+0000] {dag.py:3340} INFO - Setting next_dagrun for example_branch_dop_operator_v3 to 2022-11-30T10:04:00+00:00, run_after=2022-11-30T10:05:00+00:00
[2022-11-30T10:05:12.547+0000] {processor.py:176} INFO - Processing /home/airflow/.local/lib/python3.7/site-packages/airflow/example_dags/example_branch_python_dop_operator_3.py took 0.102 seconds
[2022-11-30T10:05:42.659+0000] {processor.py:154} INFO - Started process (PID=914) to work on /home/airflow/.local/lib/python3.7/site-packages/airflow/example_dags/example_branch_python_dop_operator_3.py
[2022-11-30T10:05:42.660+0000] {processor.py:756} INFO - Processing file /home/airflow/.local/lib/python3.7/site-packages/airflow/example_dags/example_branch_python_dop_operator_3.py for tasks to queue
[2022-11-30T10:05:42.661+0000] {logging_mixin.py:137} INFO - [2022-11-30T10:05:42.661+0000] {dagbag.py:537} INFO - Filling up the DagBag from /home/airflow/.local/lib/python3.7/site-packages/airflow/example_dags/example_branch_python_dop_operator_3.py
[2022-11-30T10:05:42.676+0000] {processor.py:766} INFO - DAG(s) dict_keys(['example_branch_dop_operator_v3']) retrieved from /home/airflow/.local/lib/python3.7/site-packages/airflow/example_dags/example_branch_python_dop_operator_3.py
[2022-11-30T10:05:42.717+0000] {logging_mixin.py:137} INFO - [2022-11-30T10:05:42.716+0000] {dag.py:2585} INFO - Sync 1 DAGs
[2022-11-30T10:05:42.753+0000] {logging_mixin.py:137} INFO - [2022-11-30T10:05:42.753+0000] {dag.py:3340} INFO - Setting next_dagrun for example_branch_dop_operator_v3 to 2022-11-30T10:04:00+00:00, run_after=2022-11-30T10:05:00+00:00
[2022-11-30T10:05:42.790+0000] {processor.py:176} INFO - Processing /home/airflow/.local/lib/python3.7/site-packages/airflow/example_dags/example_branch_python_dop_operator_3.py took 0.133 seconds
[2022-11-30T10:06:13.976+0000] {processor.py:154} INFO - Started process (PID=978) to work on /home/airflow/.local/lib/python3.7/site-packages/airflow/example_dags/example_branch_python_dop_operator_3.py
[2022-11-30T10:06:13.980+0000] {processor.py:756} INFO - Processing file /home/airflow/.local/lib/python3.7/site-packages/airflow/example_dags/example_branch_python_dop_operator_3.py for tasks to queue
[2022-11-30T10:06:13.982+0000] {logging_mixin.py:137} INFO - [2022-11-30T10:06:13.982+0000] {dagbag.py:537} INFO - Filling up the DagBag from /home/airflow/.local/lib/python3.7/site-packages/airflow/example_dags/example_branch_python_dop_operator_3.py
[2022-11-30T10:06:14.006+0000] {processor.py:766} INFO - DAG(s) dict_keys(['example_branch_dop_operator_v3']) retrieved from /home/airflow/.local/lib/python3.7/site-packages/airflow/example_dags/example_branch_python_dop_operator_3.py
[2022-11-30T10:06:14.047+0000] {logging_mixin.py:137} INFO - [2022-11-30T10:06:14.047+0000] {dag.py:2585} INFO - Sync 1 DAGs
[2022-11-30T10:06:14.064+0000] {logging_mixin.py:137} INFO - [2022-11-30T10:06:14.064+0000] {dag.py:3340} INFO - Setting next_dagrun for example_branch_dop_operator_v3 to 2022-11-30T10:05:00+00:00, run_after=2022-11-30T10:06:00+00:00
[2022-11-30T10:06:14.075+0000] {processor.py:176} INFO - Processing /home/airflow/.local/lib/python3.7/site-packages/airflow/example_dags/example_branch_python_dop_operator_3.py took 0.103 seconds
[2022-11-30T10:06:44.559+0000] {processor.py:154} INFO - Started process (PID=1043) to work on /home/airflow/.local/lib/python3.7/site-packages/airflow/example_dags/example_branch_python_dop_operator_3.py
[2022-11-30T10:06:44.561+0000] {processor.py:756} INFO - Processing file /home/airflow/.local/lib/python3.7/site-packages/airflow/example_dags/example_branch_python_dop_operator_3.py for tasks to queue
[2022-11-30T10:06:44.563+0000] {logging_mixin.py:137} INFO - [2022-11-30T10:06:44.563+0000] {dagbag.py:537} INFO - Filling up the DagBag from /home/airflow/.local/lib/python3.7/site-packages/airflow/example_dags/example_branch_python_dop_operator_3.py
[2022-11-30T10:06:44.583+0000] {processor.py:766} INFO - DAG(s) dict_keys(['example_branch_dop_operator_v3']) retrieved from /home/airflow/.local/lib/python3.7/site-packages/airflow/example_dags/example_branch_python_dop_operator_3.py
[2022-11-30T10:06:44.628+0000] {logging_mixin.py:137} INFO - [2022-11-30T10:06:44.627+0000] {dag.py:2585} INFO - Sync 1 DAGs
[2022-11-30T10:06:44.652+0000] {logging_mixin.py:137} INFO - [2022-11-30T10:06:44.652+0000] {dag.py:3340} INFO - Setting next_dagrun for example_branch_dop_operator_v3 to 2022-11-30T10:05:00+00:00, run_after=2022-11-30T10:06:00+00:00
[2022-11-30T10:06:44.673+0000] {processor.py:176} INFO - Processing /home/airflow/.local/lib/python3.7/site-packages/airflow/example_dags/example_branch_python_dop_operator_3.py took 0.118 seconds
