[2022-11-30T09:49:47.351+0000] {processor.py:154} INFO - Started process (PID=61) to work on /home/airflow/.local/lib/python3.7/site-packages/airflow/example_dags/example_nested_branch_dag.py
[2022-11-30T09:49:47.354+0000] {processor.py:756} INFO - Processing file /home/airflow/.local/lib/python3.7/site-packages/airflow/example_dags/example_nested_branch_dag.py for tasks to queue
[2022-11-30T09:49:47.360+0000] {logging_mixin.py:137} INFO - [2022-11-30T09:49:47.359+0000] {dagbag.py:537} INFO - Filling up the DagBag from /home/airflow/.local/lib/python3.7/site-packages/airflow/example_dags/example_nested_branch_dag.py
[2022-11-30T09:49:47.429+0000] {processor.py:766} INFO - DAG(s) dict_keys(['example_nested_branch_dag']) retrieved from /home/airflow/.local/lib/python3.7/site-packages/airflow/example_dags/example_nested_branch_dag.py
[2022-11-30T09:49:47.482+0000] {logging_mixin.py:137} INFO - [2022-11-30T09:49:47.482+0000] {dag.py:2585} INFO - Sync 1 DAGs
[2022-11-30T09:49:47.514+0000] {logging_mixin.py:137} INFO - [2022-11-30T09:49:47.514+0000] {dag.py:3340} INFO - Setting next_dagrun for example_nested_branch_dag to 2022-11-29T00:00:00+00:00, run_after=2022-11-30T00:00:00+00:00
[2022-11-30T09:49:47.544+0000] {processor.py:176} INFO - Processing /home/airflow/.local/lib/python3.7/site-packages/airflow/example_dags/example_nested_branch_dag.py took 0.197 seconds
[2022-11-30T09:50:17.647+0000] {processor.py:154} INFO - Started process (PID=116) to work on /home/airflow/.local/lib/python3.7/site-packages/airflow/example_dags/example_nested_branch_dag.py
[2022-11-30T09:50:17.648+0000] {processor.py:756} INFO - Processing file /home/airflow/.local/lib/python3.7/site-packages/airflow/example_dags/example_nested_branch_dag.py for tasks to queue
[2022-11-30T09:50:17.650+0000] {logging_mixin.py:137} INFO - [2022-11-30T09:50:17.649+0000] {dagbag.py:537} INFO - Filling up the DagBag from /home/airflow/.local/lib/python3.7/site-packages/airflow/example_dags/example_nested_branch_dag.py
[2022-11-30T09:50:17.673+0000] {processor.py:766} INFO - DAG(s) dict_keys(['example_nested_branch_dag']) retrieved from /home/airflow/.local/lib/python3.7/site-packages/airflow/example_dags/example_nested_branch_dag.py
[2022-11-30T09:50:17.704+0000] {logging_mixin.py:137} INFO - [2022-11-30T09:50:17.704+0000] {dag.py:2585} INFO - Sync 1 DAGs
[2022-11-30T09:50:17.721+0000] {logging_mixin.py:137} INFO - [2022-11-30T09:50:17.721+0000] {dag.py:3340} INFO - Setting next_dagrun for example_nested_branch_dag to 2022-11-29T00:00:00+00:00, run_after=2022-11-30T00:00:00+00:00
[2022-11-30T09:50:17.736+0000] {processor.py:176} INFO - Processing /home/airflow/.local/lib/python3.7/site-packages/airflow/example_dags/example_nested_branch_dag.py took 0.091 seconds
[2022-11-30T09:50:49.868+0000] {processor.py:154} INFO - Started process (PID=173) to work on /home/airflow/.local/lib/python3.7/site-packages/airflow/example_dags/example_nested_branch_dag.py
[2022-11-30T09:50:49.871+0000] {processor.py:756} INFO - Processing file /home/airflow/.local/lib/python3.7/site-packages/airflow/example_dags/example_nested_branch_dag.py for tasks to queue
[2022-11-30T09:50:49.872+0000] {logging_mixin.py:137} INFO - [2022-11-30T09:50:49.872+0000] {dagbag.py:537} INFO - Filling up the DagBag from /home/airflow/.local/lib/python3.7/site-packages/airflow/example_dags/example_nested_branch_dag.py
[2022-11-30T09:50:49.897+0000] {processor.py:766} INFO - DAG(s) dict_keys(['example_nested_branch_dag']) retrieved from /home/airflow/.local/lib/python3.7/site-packages/airflow/example_dags/example_nested_branch_dag.py
[2022-11-30T09:50:49.927+0000] {logging_mixin.py:137} INFO - [2022-11-30T09:50:49.926+0000] {dag.py:2585} INFO - Sync 1 DAGs
[2022-11-30T09:50:49.949+0000] {logging_mixin.py:137} INFO - [2022-11-30T09:50:49.949+0000] {dag.py:3340} INFO - Setting next_dagrun for example_nested_branch_dag to 2022-11-29T00:00:00+00:00, run_after=2022-11-30T00:00:00+00:00
[2022-11-30T09:50:49.968+0000] {processor.py:176} INFO - Processing /home/airflow/.local/lib/python3.7/site-packages/airflow/example_dags/example_nested_branch_dag.py took 0.101 seconds
[2022-11-30T09:51:20.871+0000] {processor.py:154} INFO - Started process (PID=238) to work on /home/airflow/.local/lib/python3.7/site-packages/airflow/example_dags/example_nested_branch_dag.py
[2022-11-30T09:51:20.873+0000] {processor.py:756} INFO - Processing file /home/airflow/.local/lib/python3.7/site-packages/airflow/example_dags/example_nested_branch_dag.py for tasks to queue
[2022-11-30T09:51:20.874+0000] {logging_mixin.py:137} INFO - [2022-11-30T09:51:20.874+0000] {dagbag.py:537} INFO - Filling up the DagBag from /home/airflow/.local/lib/python3.7/site-packages/airflow/example_dags/example_nested_branch_dag.py
[2022-11-30T09:51:20.890+0000] {processor.py:766} INFO - DAG(s) dict_keys(['example_nested_branch_dag']) retrieved from /home/airflow/.local/lib/python3.7/site-packages/airflow/example_dags/example_nested_branch_dag.py
[2022-11-30T09:51:20.925+0000] {logging_mixin.py:137} INFO - [2022-11-30T09:51:20.925+0000] {dag.py:2585} INFO - Sync 1 DAGs
[2022-11-30T09:51:20.945+0000] {logging_mixin.py:137} INFO - [2022-11-30T09:51:20.945+0000] {dag.py:3340} INFO - Setting next_dagrun for example_nested_branch_dag to 2022-11-29T00:00:00+00:00, run_after=2022-11-30T00:00:00+00:00
[2022-11-30T09:51:20.965+0000] {processor.py:176} INFO - Processing /home/airflow/.local/lib/python3.7/site-packages/airflow/example_dags/example_nested_branch_dag.py took 0.096 seconds
[2022-11-30T09:51:51.731+0000] {processor.py:154} INFO - Started process (PID=302) to work on /home/airflow/.local/lib/python3.7/site-packages/airflow/example_dags/example_nested_branch_dag.py
[2022-11-30T09:51:51.732+0000] {processor.py:756} INFO - Processing file /home/airflow/.local/lib/python3.7/site-packages/airflow/example_dags/example_nested_branch_dag.py for tasks to queue
[2022-11-30T09:51:51.734+0000] {logging_mixin.py:137} INFO - [2022-11-30T09:51:51.734+0000] {dagbag.py:537} INFO - Filling up the DagBag from /home/airflow/.local/lib/python3.7/site-packages/airflow/example_dags/example_nested_branch_dag.py
[2022-11-30T09:51:51.752+0000] {processor.py:766} INFO - DAG(s) dict_keys(['example_nested_branch_dag']) retrieved from /home/airflow/.local/lib/python3.7/site-packages/airflow/example_dags/example_nested_branch_dag.py
[2022-11-30T09:51:51.779+0000] {logging_mixin.py:137} INFO - [2022-11-30T09:51:51.779+0000] {dag.py:2585} INFO - Sync 1 DAGs
[2022-11-30T09:51:51.795+0000] {logging_mixin.py:137} INFO - [2022-11-30T09:51:51.794+0000] {dag.py:3340} INFO - Setting next_dagrun for example_nested_branch_dag to 2022-11-29T00:00:00+00:00, run_after=2022-11-30T00:00:00+00:00
[2022-11-30T09:51:51.807+0000] {processor.py:176} INFO - Processing /home/airflow/.local/lib/python3.7/site-packages/airflow/example_dags/example_nested_branch_dag.py took 0.078 seconds
[2022-11-30T09:52:22.139+0000] {processor.py:154} INFO - Started process (PID=357) to work on /home/airflow/.local/lib/python3.7/site-packages/airflow/example_dags/example_nested_branch_dag.py
[2022-11-30T09:52:22.141+0000] {processor.py:756} INFO - Processing file /home/airflow/.local/lib/python3.7/site-packages/airflow/example_dags/example_nested_branch_dag.py for tasks to queue
[2022-11-30T09:52:22.143+0000] {logging_mixin.py:137} INFO - [2022-11-30T09:52:22.143+0000] {dagbag.py:537} INFO - Filling up the DagBag from /home/airflow/.local/lib/python3.7/site-packages/airflow/example_dags/example_nested_branch_dag.py
[2022-11-30T09:52:22.159+0000] {processor.py:766} INFO - DAG(s) dict_keys(['example_nested_branch_dag']) retrieved from /home/airflow/.local/lib/python3.7/site-packages/airflow/example_dags/example_nested_branch_dag.py
[2022-11-30T09:52:22.187+0000] {logging_mixin.py:137} INFO - [2022-11-30T09:52:22.187+0000] {dag.py:2585} INFO - Sync 1 DAGs
[2022-11-30T09:52:22.205+0000] {logging_mixin.py:137} INFO - [2022-11-30T09:52:22.205+0000] {dag.py:3340} INFO - Setting next_dagrun for example_nested_branch_dag to 2022-11-29T00:00:00+00:00, run_after=2022-11-30T00:00:00+00:00
[2022-11-30T09:52:22.216+0000] {processor.py:176} INFO - Processing /home/airflow/.local/lib/python3.7/site-packages/airflow/example_dags/example_nested_branch_dag.py took 0.079 seconds
[2022-11-30T09:52:53.570+0000] {processor.py:154} INFO - Started process (PID=422) to work on /home/airflow/.local/lib/python3.7/site-packages/airflow/example_dags/example_nested_branch_dag.py
[2022-11-30T09:52:53.576+0000] {processor.py:756} INFO - Processing file /home/airflow/.local/lib/python3.7/site-packages/airflow/example_dags/example_nested_branch_dag.py for tasks to queue
[2022-11-30T09:52:53.577+0000] {logging_mixin.py:137} INFO - [2022-11-30T09:52:53.577+0000] {dagbag.py:537} INFO - Filling up the DagBag from /home/airflow/.local/lib/python3.7/site-packages/airflow/example_dags/example_nested_branch_dag.py
[2022-11-30T09:52:53.623+0000] {processor.py:766} INFO - DAG(s) dict_keys(['example_nested_branch_dag']) retrieved from /home/airflow/.local/lib/python3.7/site-packages/airflow/example_dags/example_nested_branch_dag.py
[2022-11-30T09:52:53.661+0000] {logging_mixin.py:137} INFO - [2022-11-30T09:52:53.661+0000] {dag.py:2585} INFO - Sync 1 DAGs
[2022-11-30T09:52:53.684+0000] {logging_mixin.py:137} INFO - [2022-11-30T09:52:53.684+0000] {dag.py:3340} INFO - Setting next_dagrun for example_nested_branch_dag to 2022-11-29T00:00:00+00:00, run_after=2022-11-30T00:00:00+00:00
[2022-11-30T09:52:53.709+0000] {processor.py:176} INFO - Processing /home/airflow/.local/lib/python3.7/site-packages/airflow/example_dags/example_nested_branch_dag.py took 0.141 seconds
[2022-11-30T09:53:24.651+0000] {processor.py:154} INFO - Started process (PID=479) to work on /home/airflow/.local/lib/python3.7/site-packages/airflow/example_dags/example_nested_branch_dag.py
[2022-11-30T09:53:24.661+0000] {processor.py:756} INFO - Processing file /home/airflow/.local/lib/python3.7/site-packages/airflow/example_dags/example_nested_branch_dag.py for tasks to queue
[2022-11-30T09:53:24.668+0000] {logging_mixin.py:137} INFO - [2022-11-30T09:53:24.667+0000] {dagbag.py:537} INFO - Filling up the DagBag from /home/airflow/.local/lib/python3.7/site-packages/airflow/example_dags/example_nested_branch_dag.py
[2022-11-30T09:53:24.719+0000] {processor.py:766} INFO - DAG(s) dict_keys(['example_nested_branch_dag']) retrieved from /home/airflow/.local/lib/python3.7/site-packages/airflow/example_dags/example_nested_branch_dag.py
[2022-11-30T09:53:24.782+0000] {logging_mixin.py:137} INFO - [2022-11-30T09:53:24.782+0000] {dag.py:2585} INFO - Sync 1 DAGs
[2022-11-30T09:53:24.803+0000] {logging_mixin.py:137} INFO - [2022-11-30T09:53:24.803+0000] {dag.py:3340} INFO - Setting next_dagrun for example_nested_branch_dag to 2022-11-29T00:00:00+00:00, run_after=2022-11-30T00:00:00+00:00
[2022-11-30T09:53:24.820+0000] {processor.py:176} INFO - Processing /home/airflow/.local/lib/python3.7/site-packages/airflow/example_dags/example_nested_branch_dag.py took 0.176 seconds
[2022-11-30T09:53:55.728+0000] {processor.py:154} INFO - Started process (PID=543) to work on /home/airflow/.local/lib/python3.7/site-packages/airflow/example_dags/example_nested_branch_dag.py
[2022-11-30T09:53:55.753+0000] {processor.py:756} INFO - Processing file /home/airflow/.local/lib/python3.7/site-packages/airflow/example_dags/example_nested_branch_dag.py for tasks to queue
[2022-11-30T09:53:55.760+0000] {logging_mixin.py:137} INFO - [2022-11-30T09:53:55.760+0000] {dagbag.py:537} INFO - Filling up the DagBag from /home/airflow/.local/lib/python3.7/site-packages/airflow/example_dags/example_nested_branch_dag.py
[2022-11-30T09:53:55.794+0000] {processor.py:766} INFO - DAG(s) dict_keys(['example_nested_branch_dag']) retrieved from /home/airflow/.local/lib/python3.7/site-packages/airflow/example_dags/example_nested_branch_dag.py
[2022-11-30T09:53:55.884+0000] {logging_mixin.py:137} INFO - [2022-11-30T09:53:55.884+0000] {dag.py:2585} INFO - Sync 1 DAGs
[2022-11-30T09:53:55.985+0000] {logging_mixin.py:137} INFO - [2022-11-30T09:53:55.984+0000] {dag.py:3340} INFO - Setting next_dagrun for example_nested_branch_dag to 2022-11-29T00:00:00+00:00, run_after=2022-11-30T00:00:00+00:00
[2022-11-30T09:53:56.001+0000] {processor.py:176} INFO - Processing /home/airflow/.local/lib/python3.7/site-packages/airflow/example_dags/example_nested_branch_dag.py took 0.276 seconds
[2022-11-30T09:54:26.817+0000] {processor.py:154} INFO - Started process (PID=597) to work on /home/airflow/.local/lib/python3.7/site-packages/airflow/example_dags/example_nested_branch_dag.py
[2022-11-30T09:54:26.821+0000] {processor.py:756} INFO - Processing file /home/airflow/.local/lib/python3.7/site-packages/airflow/example_dags/example_nested_branch_dag.py for tasks to queue
[2022-11-30T09:54:26.822+0000] {logging_mixin.py:137} INFO - [2022-11-30T09:54:26.822+0000] {dagbag.py:537} INFO - Filling up the DagBag from /home/airflow/.local/lib/python3.7/site-packages/airflow/example_dags/example_nested_branch_dag.py
[2022-11-30T09:54:26.840+0000] {processor.py:766} INFO - DAG(s) dict_keys(['example_nested_branch_dag']) retrieved from /home/airflow/.local/lib/python3.7/site-packages/airflow/example_dags/example_nested_branch_dag.py
[2022-11-30T09:54:26.871+0000] {logging_mixin.py:137} INFO - [2022-11-30T09:54:26.870+0000] {dag.py:2585} INFO - Sync 1 DAGs
[2022-11-30T09:54:26.890+0000] {logging_mixin.py:137} INFO - [2022-11-30T09:54:26.890+0000] {dag.py:3340} INFO - Setting next_dagrun for example_nested_branch_dag to 2022-11-29T00:00:00+00:00, run_after=2022-11-30T00:00:00+00:00
[2022-11-30T09:54:26.902+0000] {processor.py:176} INFO - Processing /home/airflow/.local/lib/python3.7/site-packages/airflow/example_dags/example_nested_branch_dag.py took 0.087 seconds
[2022-11-30T09:54:57.951+0000] {processor.py:154} INFO - Started process (PID=662) to work on /home/airflow/.local/lib/python3.7/site-packages/airflow/example_dags/example_nested_branch_dag.py
[2022-11-30T09:54:57.968+0000] {processor.py:756} INFO - Processing file /home/airflow/.local/lib/python3.7/site-packages/airflow/example_dags/example_nested_branch_dag.py for tasks to queue
[2022-11-30T09:54:57.971+0000] {logging_mixin.py:137} INFO - [2022-11-30T09:54:57.970+0000] {dagbag.py:537} INFO - Filling up the DagBag from /home/airflow/.local/lib/python3.7/site-packages/airflow/example_dags/example_nested_branch_dag.py
[2022-11-30T09:54:58.003+0000] {processor.py:766} INFO - DAG(s) dict_keys(['example_nested_branch_dag']) retrieved from /home/airflow/.local/lib/python3.7/site-packages/airflow/example_dags/example_nested_branch_dag.py
[2022-11-30T09:54:58.051+0000] {logging_mixin.py:137} INFO - [2022-11-30T09:54:58.051+0000] {dag.py:2585} INFO - Sync 1 DAGs
[2022-11-30T09:54:58.073+0000] {logging_mixin.py:137} INFO - [2022-11-30T09:54:58.073+0000] {dag.py:3340} INFO - Setting next_dagrun for example_nested_branch_dag to 2022-11-29T00:00:00+00:00, run_after=2022-11-30T00:00:00+00:00
[2022-11-30T09:54:58.086+0000] {processor.py:176} INFO - Processing /home/airflow/.local/lib/python3.7/site-packages/airflow/example_dags/example_nested_branch_dag.py took 0.138 seconds
[2022-11-30T09:58:28.301+0000] {processor.py:154} INFO - Started process (PID=60) to work on /home/airflow/.local/lib/python3.7/site-packages/airflow/example_dags/example_nested_branch_dag.py
[2022-11-30T09:58:28.314+0000] {processor.py:756} INFO - Processing file /home/airflow/.local/lib/python3.7/site-packages/airflow/example_dags/example_nested_branch_dag.py for tasks to queue
[2022-11-30T09:58:28.322+0000] {logging_mixin.py:137} INFO - [2022-11-30T09:58:28.322+0000] {dagbag.py:537} INFO - Filling up the DagBag from /home/airflow/.local/lib/python3.7/site-packages/airflow/example_dags/example_nested_branch_dag.py
[2022-11-30T09:58:28.437+0000] {processor.py:766} INFO - DAG(s) dict_keys(['example_nested_branch_dag']) retrieved from /home/airflow/.local/lib/python3.7/site-packages/airflow/example_dags/example_nested_branch_dag.py
[2022-11-30T09:58:28.493+0000] {logging_mixin.py:137} INFO - [2022-11-30T09:58:28.493+0000] {dag.py:2585} INFO - Sync 1 DAGs
[2022-11-30T09:58:28.566+0000] {logging_mixin.py:137} INFO - [2022-11-30T09:58:28.566+0000] {dag.py:3340} INFO - Setting next_dagrun for example_nested_branch_dag to 2022-11-29T00:00:00+00:00, run_after=2022-11-30T00:00:00+00:00
[2022-11-30T09:58:28.634+0000] {processor.py:176} INFO - Processing /home/airflow/.local/lib/python3.7/site-packages/airflow/example_dags/example_nested_branch_dag.py took 0.343 seconds
[2022-11-30T09:58:59.528+0000] {processor.py:154} INFO - Started process (PID=115) to work on /home/airflow/.local/lib/python3.7/site-packages/airflow/example_dags/example_nested_branch_dag.py
[2022-11-30T09:58:59.531+0000] {processor.py:756} INFO - Processing file /home/airflow/.local/lib/python3.7/site-packages/airflow/example_dags/example_nested_branch_dag.py for tasks to queue
[2022-11-30T09:58:59.533+0000] {logging_mixin.py:137} INFO - [2022-11-30T09:58:59.533+0000] {dagbag.py:537} INFO - Filling up the DagBag from /home/airflow/.local/lib/python3.7/site-packages/airflow/example_dags/example_nested_branch_dag.py
[2022-11-30T09:58:59.595+0000] {processor.py:766} INFO - DAG(s) dict_keys(['example_nested_branch_dag']) retrieved from /home/airflow/.local/lib/python3.7/site-packages/airflow/example_dags/example_nested_branch_dag.py
[2022-11-30T09:58:59.646+0000] {logging_mixin.py:137} INFO - [2022-11-30T09:58:59.645+0000] {dag.py:2585} INFO - Sync 1 DAGs
[2022-11-30T09:58:59.680+0000] {logging_mixin.py:137} INFO - [2022-11-30T09:58:59.680+0000] {dag.py:3340} INFO - Setting next_dagrun for example_nested_branch_dag to 2022-11-29T00:00:00+00:00, run_after=2022-11-30T00:00:00+00:00
[2022-11-30T09:58:59.697+0000] {processor.py:176} INFO - Processing /home/airflow/.local/lib/python3.7/site-packages/airflow/example_dags/example_nested_branch_dag.py took 0.176 seconds
[2022-11-30T09:59:29.985+0000] {processor.py:154} INFO - Started process (PID=180) to work on /home/airflow/.local/lib/python3.7/site-packages/airflow/example_dags/example_nested_branch_dag.py
[2022-11-30T09:59:29.989+0000] {processor.py:756} INFO - Processing file /home/airflow/.local/lib/python3.7/site-packages/airflow/example_dags/example_nested_branch_dag.py for tasks to queue
[2022-11-30T09:59:29.991+0000] {logging_mixin.py:137} INFO - [2022-11-30T09:59:29.991+0000] {dagbag.py:537} INFO - Filling up the DagBag from /home/airflow/.local/lib/python3.7/site-packages/airflow/example_dags/example_nested_branch_dag.py
[2022-11-30T09:59:30.143+0000] {processor.py:766} INFO - DAG(s) dict_keys(['example_nested_branch_dag']) retrieved from /home/airflow/.local/lib/python3.7/site-packages/airflow/example_dags/example_nested_branch_dag.py
[2022-11-30T09:59:30.658+0000] {logging_mixin.py:137} INFO - [2022-11-30T09:59:30.656+0000] {dag.py:2585} INFO - Sync 1 DAGs
[2022-11-30T09:59:30.704+0000] {logging_mixin.py:137} INFO - [2022-11-30T09:59:30.704+0000] {dag.py:3340} INFO - Setting next_dagrun for example_nested_branch_dag to 2022-11-29T00:00:00+00:00, run_after=2022-11-30T00:00:00+00:00
[2022-11-30T09:59:30.734+0000] {processor.py:176} INFO - Processing /home/airflow/.local/lib/python3.7/site-packages/airflow/example_dags/example_nested_branch_dag.py took 0.756 seconds
[2022-11-30T10:00:01.598+0000] {processor.py:154} INFO - Started process (PID=244) to work on /home/airflow/.local/lib/python3.7/site-packages/airflow/example_dags/example_nested_branch_dag.py
[2022-11-30T10:00:01.601+0000] {processor.py:756} INFO - Processing file /home/airflow/.local/lib/python3.7/site-packages/airflow/example_dags/example_nested_branch_dag.py for tasks to queue
[2022-11-30T10:00:01.603+0000] {logging_mixin.py:137} INFO - [2022-11-30T10:00:01.603+0000] {dagbag.py:537} INFO - Filling up the DagBag from /home/airflow/.local/lib/python3.7/site-packages/airflow/example_dags/example_nested_branch_dag.py
[2022-11-30T10:00:01.644+0000] {processor.py:766} INFO - DAG(s) dict_keys(['example_nested_branch_dag']) retrieved from /home/airflow/.local/lib/python3.7/site-packages/airflow/example_dags/example_nested_branch_dag.py
[2022-11-30T10:00:01.713+0000] {logging_mixin.py:137} INFO - [2022-11-30T10:00:01.713+0000] {dag.py:2585} INFO - Sync 1 DAGs
[2022-11-30T10:00:01.740+0000] {logging_mixin.py:137} INFO - [2022-11-30T10:00:01.740+0000] {dag.py:3340} INFO - Setting next_dagrun for example_nested_branch_dag to 2022-11-29T00:00:00+00:00, run_after=2022-11-30T00:00:00+00:00
[2022-11-30T10:00:01.754+0000] {processor.py:176} INFO - Processing /home/airflow/.local/lib/python3.7/site-packages/airflow/example_dags/example_nested_branch_dag.py took 0.165 seconds
[2022-11-30T10:00:31.933+0000] {processor.py:154} INFO - Started process (PID=309) to work on /home/airflow/.local/lib/python3.7/site-packages/airflow/example_dags/example_nested_branch_dag.py
[2022-11-30T10:00:31.935+0000] {processor.py:756} INFO - Processing file /home/airflow/.local/lib/python3.7/site-packages/airflow/example_dags/example_nested_branch_dag.py for tasks to queue
[2022-11-30T10:00:31.937+0000] {logging_mixin.py:137} INFO - [2022-11-30T10:00:31.937+0000] {dagbag.py:537} INFO - Filling up the DagBag from /home/airflow/.local/lib/python3.7/site-packages/airflow/example_dags/example_nested_branch_dag.py
[2022-11-30T10:00:31.964+0000] {processor.py:766} INFO - DAG(s) dict_keys(['example_nested_branch_dag']) retrieved from /home/airflow/.local/lib/python3.7/site-packages/airflow/example_dags/example_nested_branch_dag.py
[2022-11-30T10:00:32.000+0000] {logging_mixin.py:137} INFO - [2022-11-30T10:00:32.000+0000] {dag.py:2585} INFO - Sync 1 DAGs
[2022-11-30T10:00:32.026+0000] {logging_mixin.py:137} INFO - [2022-11-30T10:00:32.026+0000] {dag.py:3340} INFO - Setting next_dagrun for example_nested_branch_dag to 2022-11-29T00:00:00+00:00, run_after=2022-11-30T00:00:00+00:00
[2022-11-30T10:00:32.042+0000] {processor.py:176} INFO - Processing /home/airflow/.local/lib/python3.7/site-packages/airflow/example_dags/example_nested_branch_dag.py took 0.112 seconds
[2022-11-30T10:01:02.707+0000] {processor.py:154} INFO - Started process (PID=364) to work on /home/airflow/.local/lib/python3.7/site-packages/airflow/example_dags/example_nested_branch_dag.py
[2022-11-30T10:01:02.710+0000] {processor.py:756} INFO - Processing file /home/airflow/.local/lib/python3.7/site-packages/airflow/example_dags/example_nested_branch_dag.py for tasks to queue
[2022-11-30T10:01:02.716+0000] {logging_mixin.py:137} INFO - [2022-11-30T10:01:02.716+0000] {dagbag.py:537} INFO - Filling up the DagBag from /home/airflow/.local/lib/python3.7/site-packages/airflow/example_dags/example_nested_branch_dag.py
[2022-11-30T10:01:02.760+0000] {processor.py:766} INFO - DAG(s) dict_keys(['example_nested_branch_dag']) retrieved from /home/airflow/.local/lib/python3.7/site-packages/airflow/example_dags/example_nested_branch_dag.py
[2022-11-30T10:01:02.888+0000] {logging_mixin.py:137} INFO - [2022-11-30T10:01:02.887+0000] {dag.py:2585} INFO - Sync 1 DAGs
[2022-11-30T10:01:02.958+0000] {logging_mixin.py:137} INFO - [2022-11-30T10:01:02.957+0000] {dag.py:3340} INFO - Setting next_dagrun for example_nested_branch_dag to 2022-11-29T00:00:00+00:00, run_after=2022-11-30T00:00:00+00:00
[2022-11-30T10:01:02.978+0000] {processor.py:176} INFO - Processing /home/airflow/.local/lib/python3.7/site-packages/airflow/example_dags/example_nested_branch_dag.py took 0.281 seconds
[2022-11-30T10:01:34.629+0000] {processor.py:154} INFO - Started process (PID=427) to work on /home/airflow/.local/lib/python3.7/site-packages/airflow/example_dags/example_nested_branch_dag.py
[2022-11-30T10:01:34.635+0000] {processor.py:756} INFO - Processing file /home/airflow/.local/lib/python3.7/site-packages/airflow/example_dags/example_nested_branch_dag.py for tasks to queue
[2022-11-30T10:01:34.636+0000] {logging_mixin.py:137} INFO - [2022-11-30T10:01:34.636+0000] {dagbag.py:537} INFO - Filling up the DagBag from /home/airflow/.local/lib/python3.7/site-packages/airflow/example_dags/example_nested_branch_dag.py
[2022-11-30T10:01:34.697+0000] {processor.py:766} INFO - DAG(s) dict_keys(['example_nested_branch_dag']) retrieved from /home/airflow/.local/lib/python3.7/site-packages/airflow/example_dags/example_nested_branch_dag.py
[2022-11-30T10:01:34.999+0000] {logging_mixin.py:137} INFO - [2022-11-30T10:01:34.998+0000] {dag.py:2585} INFO - Sync 1 DAGs
[2022-11-30T10:01:35.085+0000] {logging_mixin.py:137} INFO - [2022-11-30T10:01:35.085+0000] {dag.py:3340} INFO - Setting next_dagrun for example_nested_branch_dag to 2022-11-29T00:00:00+00:00, run_after=2022-11-30T00:00:00+00:00
[2022-11-30T10:01:35.162+0000] {processor.py:176} INFO - Processing /home/airflow/.local/lib/python3.7/site-packages/airflow/example_dags/example_nested_branch_dag.py took 0.535 seconds
[2022-11-30T10:02:06.033+0000] {processor.py:154} INFO - Started process (PID=491) to work on /home/airflow/.local/lib/python3.7/site-packages/airflow/example_dags/example_nested_branch_dag.py
[2022-11-30T10:02:06.036+0000] {processor.py:756} INFO - Processing file /home/airflow/.local/lib/python3.7/site-packages/airflow/example_dags/example_nested_branch_dag.py for tasks to queue
[2022-11-30T10:02:06.038+0000] {logging_mixin.py:137} INFO - [2022-11-30T10:02:06.037+0000] {dagbag.py:537} INFO - Filling up the DagBag from /home/airflow/.local/lib/python3.7/site-packages/airflow/example_dags/example_nested_branch_dag.py
[2022-11-30T10:02:06.064+0000] {processor.py:766} INFO - DAG(s) dict_keys(['example_nested_branch_dag']) retrieved from /home/airflow/.local/lib/python3.7/site-packages/airflow/example_dags/example_nested_branch_dag.py
[2022-11-30T10:02:06.114+0000] {logging_mixin.py:137} INFO - [2022-11-30T10:02:06.114+0000] {dag.py:2585} INFO - Sync 1 DAGs
[2022-11-30T10:02:06.148+0000] {logging_mixin.py:137} INFO - [2022-11-30T10:02:06.148+0000] {dag.py:3340} INFO - Setting next_dagrun for example_nested_branch_dag to 2022-11-29T00:00:00+00:00, run_after=2022-11-30T00:00:00+00:00
[2022-11-30T10:02:06.191+0000] {processor.py:176} INFO - Processing /home/airflow/.local/lib/python3.7/site-packages/airflow/example_dags/example_nested_branch_dag.py took 0.162 seconds
[2022-11-30T10:02:36.330+0000] {processor.py:154} INFO - Started process (PID=546) to work on /home/airflow/.local/lib/python3.7/site-packages/airflow/example_dags/example_nested_branch_dag.py
[2022-11-30T10:02:36.332+0000] {processor.py:756} INFO - Processing file /home/airflow/.local/lib/python3.7/site-packages/airflow/example_dags/example_nested_branch_dag.py for tasks to queue
[2022-11-30T10:02:36.334+0000] {logging_mixin.py:137} INFO - [2022-11-30T10:02:36.334+0000] {dagbag.py:537} INFO - Filling up the DagBag from /home/airflow/.local/lib/python3.7/site-packages/airflow/example_dags/example_nested_branch_dag.py
[2022-11-30T10:02:36.363+0000] {processor.py:766} INFO - DAG(s) dict_keys(['example_nested_branch_dag']) retrieved from /home/airflow/.local/lib/python3.7/site-packages/airflow/example_dags/example_nested_branch_dag.py
[2022-11-30T10:02:36.419+0000] {logging_mixin.py:137} INFO - [2022-11-30T10:02:36.419+0000] {dag.py:2585} INFO - Sync 1 DAGs
[2022-11-30T10:02:36.448+0000] {logging_mixin.py:137} INFO - [2022-11-30T10:02:36.448+0000] {dag.py:3340} INFO - Setting next_dagrun for example_nested_branch_dag to 2022-11-29T00:00:00+00:00, run_after=2022-11-30T00:00:00+00:00
[2022-11-30T10:02:36.464+0000] {processor.py:176} INFO - Processing /home/airflow/.local/lib/python3.7/site-packages/airflow/example_dags/example_nested_branch_dag.py took 0.138 seconds
[2022-11-30T10:03:07.603+0000] {processor.py:154} INFO - Started process (PID=610) to work on /home/airflow/.local/lib/python3.7/site-packages/airflow/example_dags/example_nested_branch_dag.py
[2022-11-30T10:03:07.606+0000] {processor.py:756} INFO - Processing file /home/airflow/.local/lib/python3.7/site-packages/airflow/example_dags/example_nested_branch_dag.py for tasks to queue
[2022-11-30T10:03:07.607+0000] {logging_mixin.py:137} INFO - [2022-11-30T10:03:07.607+0000] {dagbag.py:537} INFO - Filling up the DagBag from /home/airflow/.local/lib/python3.7/site-packages/airflow/example_dags/example_nested_branch_dag.py
[2022-11-30T10:03:07.629+0000] {processor.py:766} INFO - DAG(s) dict_keys(['example_nested_branch_dag']) retrieved from /home/airflow/.local/lib/python3.7/site-packages/airflow/example_dags/example_nested_branch_dag.py
[2022-11-30T10:03:07.661+0000] {logging_mixin.py:137} INFO - [2022-11-30T10:03:07.661+0000] {dag.py:2585} INFO - Sync 1 DAGs
[2022-11-30T10:03:07.684+0000] {logging_mixin.py:137} INFO - [2022-11-30T10:03:07.684+0000] {dag.py:3340} INFO - Setting next_dagrun for example_nested_branch_dag to 2022-11-29T00:00:00+00:00, run_after=2022-11-30T00:00:00+00:00
[2022-11-30T10:03:07.702+0000] {processor.py:176} INFO - Processing /home/airflow/.local/lib/python3.7/site-packages/airflow/example_dags/example_nested_branch_dag.py took 0.102 seconds
[2022-11-30T10:03:39.210+0000] {processor.py:154} INFO - Started process (PID=673) to work on /home/airflow/.local/lib/python3.7/site-packages/airflow/example_dags/example_nested_branch_dag.py
[2022-11-30T10:03:39.227+0000] {processor.py:756} INFO - Processing file /home/airflow/.local/lib/python3.7/site-packages/airflow/example_dags/example_nested_branch_dag.py for tasks to queue
[2022-11-30T10:03:39.247+0000] {logging_mixin.py:137} INFO - [2022-11-30T10:03:39.247+0000] {dagbag.py:537} INFO - Filling up the DagBag from /home/airflow/.local/lib/python3.7/site-packages/airflow/example_dags/example_nested_branch_dag.py
[2022-11-30T10:03:39.305+0000] {processor.py:766} INFO - DAG(s) dict_keys(['example_nested_branch_dag']) retrieved from /home/airflow/.local/lib/python3.7/site-packages/airflow/example_dags/example_nested_branch_dag.py
[2022-11-30T10:03:39.377+0000] {logging_mixin.py:137} INFO - [2022-11-30T10:03:39.376+0000] {dag.py:2585} INFO - Sync 1 DAGs
[2022-11-30T10:03:39.459+0000] {logging_mixin.py:137} INFO - [2022-11-30T10:03:39.458+0000] {dag.py:3340} INFO - Setting next_dagrun for example_nested_branch_dag to 2022-11-29T00:00:00+00:00, run_after=2022-11-30T00:00:00+00:00
[2022-11-30T10:03:39.507+0000] {processor.py:176} INFO - Processing /home/airflow/.local/lib/python3.7/site-packages/airflow/example_dags/example_nested_branch_dag.py took 0.311 seconds
[2022-11-30T10:04:10.803+0000] {processor.py:154} INFO - Started process (PID=737) to work on /home/airflow/.local/lib/python3.7/site-packages/airflow/example_dags/example_nested_branch_dag.py
[2022-11-30T10:04:10.807+0000] {processor.py:756} INFO - Processing file /home/airflow/.local/lib/python3.7/site-packages/airflow/example_dags/example_nested_branch_dag.py for tasks to queue
[2022-11-30T10:04:10.810+0000] {logging_mixin.py:137} INFO - [2022-11-30T10:04:10.809+0000] {dagbag.py:537} INFO - Filling up the DagBag from /home/airflow/.local/lib/python3.7/site-packages/airflow/example_dags/example_nested_branch_dag.py
[2022-11-30T10:04:10.843+0000] {processor.py:766} INFO - DAG(s) dict_keys(['example_nested_branch_dag']) retrieved from /home/airflow/.local/lib/python3.7/site-packages/airflow/example_dags/example_nested_branch_dag.py
[2022-11-30T10:04:10.890+0000] {logging_mixin.py:137} INFO - [2022-11-30T10:04:10.890+0000] {dag.py:2585} INFO - Sync 1 DAGs
[2022-11-30T10:04:10.916+0000] {logging_mixin.py:137} INFO - [2022-11-30T10:04:10.916+0000] {dag.py:3340} INFO - Setting next_dagrun for example_nested_branch_dag to 2022-11-29T00:00:00+00:00, run_after=2022-11-30T00:00:00+00:00
[2022-11-30T10:04:10.939+0000] {processor.py:176} INFO - Processing /home/airflow/.local/lib/python3.7/site-packages/airflow/example_dags/example_nested_branch_dag.py took 0.142 seconds
[2022-11-30T10:04:41.748+0000] {processor.py:154} INFO - Started process (PID=793) to work on /home/airflow/.local/lib/python3.7/site-packages/airflow/example_dags/example_nested_branch_dag.py
[2022-11-30T10:04:41.750+0000] {processor.py:756} INFO - Processing file /home/airflow/.local/lib/python3.7/site-packages/airflow/example_dags/example_nested_branch_dag.py for tasks to queue
[2022-11-30T10:04:41.752+0000] {logging_mixin.py:137} INFO - [2022-11-30T10:04:41.752+0000] {dagbag.py:537} INFO - Filling up the DagBag from /home/airflow/.local/lib/python3.7/site-packages/airflow/example_dags/example_nested_branch_dag.py
[2022-11-30T10:04:41.771+0000] {processor.py:766} INFO - DAG(s) dict_keys(['example_nested_branch_dag']) retrieved from /home/airflow/.local/lib/python3.7/site-packages/airflow/example_dags/example_nested_branch_dag.py
[2022-11-30T10:04:41.799+0000] {logging_mixin.py:137} INFO - [2022-11-30T10:04:41.799+0000] {dag.py:2585} INFO - Sync 1 DAGs
[2022-11-30T10:04:41.817+0000] {logging_mixin.py:137} INFO - [2022-11-30T10:04:41.817+0000] {dag.py:3340} INFO - Setting next_dagrun for example_nested_branch_dag to 2022-11-29T00:00:00+00:00, run_after=2022-11-30T00:00:00+00:00
[2022-11-30T10:04:41.836+0000] {processor.py:176} INFO - Processing /home/airflow/.local/lib/python3.7/site-packages/airflow/example_dags/example_nested_branch_dag.py took 0.090 seconds
[2022-11-30T10:05:12.333+0000] {processor.py:154} INFO - Started process (PID=857) to work on /home/airflow/.local/lib/python3.7/site-packages/airflow/example_dags/example_nested_branch_dag.py
[2022-11-30T10:05:12.338+0000] {processor.py:756} INFO - Processing file /home/airflow/.local/lib/python3.7/site-packages/airflow/example_dags/example_nested_branch_dag.py for tasks to queue
[2022-11-30T10:05:12.341+0000] {logging_mixin.py:137} INFO - [2022-11-30T10:05:12.341+0000] {dagbag.py:537} INFO - Filling up the DagBag from /home/airflow/.local/lib/python3.7/site-packages/airflow/example_dags/example_nested_branch_dag.py
[2022-11-30T10:05:12.365+0000] {processor.py:766} INFO - DAG(s) dict_keys(['example_nested_branch_dag']) retrieved from /home/airflow/.local/lib/python3.7/site-packages/airflow/example_dags/example_nested_branch_dag.py
[2022-11-30T10:05:12.396+0000] {logging_mixin.py:137} INFO - [2022-11-30T10:05:12.396+0000] {dag.py:2585} INFO - Sync 1 DAGs
[2022-11-30T10:05:12.412+0000] {logging_mixin.py:137} INFO - [2022-11-30T10:05:12.412+0000] {dag.py:3340} INFO - Setting next_dagrun for example_nested_branch_dag to 2022-11-29T00:00:00+00:00, run_after=2022-11-30T00:00:00+00:00
[2022-11-30T10:05:12.423+0000] {processor.py:176} INFO - Processing /home/airflow/.local/lib/python3.7/site-packages/airflow/example_dags/example_nested_branch_dag.py took 0.093 seconds
[2022-11-30T10:05:42.549+0000] {processor.py:154} INFO - Started process (PID=912) to work on /home/airflow/.local/lib/python3.7/site-packages/airflow/example_dags/example_nested_branch_dag.py
[2022-11-30T10:05:42.551+0000] {processor.py:756} INFO - Processing file /home/airflow/.local/lib/python3.7/site-packages/airflow/example_dags/example_nested_branch_dag.py for tasks to queue
[2022-11-30T10:05:42.552+0000] {logging_mixin.py:137} INFO - [2022-11-30T10:05:42.552+0000] {dagbag.py:537} INFO - Filling up the DagBag from /home/airflow/.local/lib/python3.7/site-packages/airflow/example_dags/example_nested_branch_dag.py
[2022-11-30T10:05:42.571+0000] {processor.py:766} INFO - DAG(s) dict_keys(['example_nested_branch_dag']) retrieved from /home/airflow/.local/lib/python3.7/site-packages/airflow/example_dags/example_nested_branch_dag.py
[2022-11-30T10:05:42.605+0000] {logging_mixin.py:137} INFO - [2022-11-30T10:05:42.605+0000] {dag.py:2585} INFO - Sync 1 DAGs
[2022-11-30T10:05:42.620+0000] {logging_mixin.py:137} INFO - [2022-11-30T10:05:42.620+0000] {dag.py:3340} INFO - Setting next_dagrun for example_nested_branch_dag to 2022-11-29T00:00:00+00:00, run_after=2022-11-30T00:00:00+00:00
[2022-11-30T10:05:42.631+0000] {processor.py:176} INFO - Processing /home/airflow/.local/lib/python3.7/site-packages/airflow/example_dags/example_nested_branch_dag.py took 0.085 seconds
[2022-11-30T10:06:13.815+0000] {processor.py:154} INFO - Started process (PID=976) to work on /home/airflow/.local/lib/python3.7/site-packages/airflow/example_dags/example_nested_branch_dag.py
[2022-11-30T10:06:13.816+0000] {processor.py:756} INFO - Processing file /home/airflow/.local/lib/python3.7/site-packages/airflow/example_dags/example_nested_branch_dag.py for tasks to queue
[2022-11-30T10:06:13.818+0000] {logging_mixin.py:137} INFO - [2022-11-30T10:06:13.818+0000] {dagbag.py:537} INFO - Filling up the DagBag from /home/airflow/.local/lib/python3.7/site-packages/airflow/example_dags/example_nested_branch_dag.py
[2022-11-30T10:06:13.838+0000] {processor.py:766} INFO - DAG(s) dict_keys(['example_nested_branch_dag']) retrieved from /home/airflow/.local/lib/python3.7/site-packages/airflow/example_dags/example_nested_branch_dag.py
[2022-11-30T10:06:13.881+0000] {logging_mixin.py:137} INFO - [2022-11-30T10:06:13.881+0000] {dag.py:2585} INFO - Sync 1 DAGs
[2022-11-30T10:06:13.919+0000] {logging_mixin.py:137} INFO - [2022-11-30T10:06:13.919+0000] {dag.py:3340} INFO - Setting next_dagrun for example_nested_branch_dag to 2022-11-29T00:00:00+00:00, run_after=2022-11-30T00:00:00+00:00
[2022-11-30T10:06:13.937+0000] {processor.py:176} INFO - Processing /home/airflow/.local/lib/python3.7/site-packages/airflow/example_dags/example_nested_branch_dag.py took 0.125 seconds
[2022-11-30T10:06:44.372+0000] {processor.py:154} INFO - Started process (PID=1041) to work on /home/airflow/.local/lib/python3.7/site-packages/airflow/example_dags/example_nested_branch_dag.py
[2022-11-30T10:06:44.378+0000] {processor.py:756} INFO - Processing file /home/airflow/.local/lib/python3.7/site-packages/airflow/example_dags/example_nested_branch_dag.py for tasks to queue
[2022-11-30T10:06:44.380+0000] {logging_mixin.py:137} INFO - [2022-11-30T10:06:44.380+0000] {dagbag.py:537} INFO - Filling up the DagBag from /home/airflow/.local/lib/python3.7/site-packages/airflow/example_dags/example_nested_branch_dag.py
[2022-11-30T10:06:44.417+0000] {processor.py:766} INFO - DAG(s) dict_keys(['example_nested_branch_dag']) retrieved from /home/airflow/.local/lib/python3.7/site-packages/airflow/example_dags/example_nested_branch_dag.py
[2022-11-30T10:06:44.472+0000] {logging_mixin.py:137} INFO - [2022-11-30T10:06:44.472+0000] {dag.py:2585} INFO - Sync 1 DAGs
[2022-11-30T10:06:44.499+0000] {logging_mixin.py:137} INFO - [2022-11-30T10:06:44.499+0000] {dag.py:3340} INFO - Setting next_dagrun for example_nested_branch_dag to 2022-11-29T00:00:00+00:00, run_after=2022-11-30T00:00:00+00:00
[2022-11-30T10:06:44.523+0000] {processor.py:176} INFO - Processing /home/airflow/.local/lib/python3.7/site-packages/airflow/example_dags/example_nested_branch_dag.py took 0.154 seconds
