[2022-11-30T03:20:33.773+0000] {processor.py:154} INFO - Started process (PID=36) to work on /home/airflow/.local/lib/python3.7/site-packages/airflow/example_dags/tutorial_dag.py
[2022-11-30T03:20:33.776+0000] {processor.py:756} INFO - Processing file /home/airflow/.local/lib/python3.7/site-packages/airflow/example_dags/tutorial_dag.py for tasks to queue
[2022-11-30T03:20:33.778+0000] {logging_mixin.py:137} INFO - [2022-11-30T03:20:33.778+0000] {dagbag.py:537} INFO - Filling up the DagBag from /home/airflow/.local/lib/python3.7/site-packages/airflow/example_dags/tutorial_dag.py
[2022-11-30T03:20:33.797+0000] {processor.py:766} INFO - DAG(s) dict_keys(['tutorial_dag']) retrieved from /home/airflow/.local/lib/python3.7/site-packages/airflow/example_dags/tutorial_dag.py
[2022-11-30T03:20:33.867+0000] {logging_mixin.py:137} INFO - [2022-11-30T03:20:33.866+0000] {dag.py:2585} INFO - Sync 1 DAGs
[2022-11-30T03:20:33.911+0000] {logging_mixin.py:137} INFO - [2022-11-30T03:20:33.911+0000] {dag.py:3340} INFO - Setting next_dagrun for tutorial_dag to None, run_after=None
[2022-11-30T03:20:33.946+0000] {processor.py:176} INFO - Processing /home/airflow/.local/lib/python3.7/site-packages/airflow/example_dags/tutorial_dag.py took 0.179 seconds
[2022-11-30T09:46:17.812+0000] {processor.py:154} INFO - Started process (PID=37) to work on /home/airflow/.local/lib/python3.7/site-packages/airflow/example_dags/tutorial_dag.py
[2022-11-30T09:46:17.820+0000] {processor.py:756} INFO - Processing file /home/airflow/.local/lib/python3.7/site-packages/airflow/example_dags/tutorial_dag.py for tasks to queue
[2022-11-30T09:46:17.826+0000] {logging_mixin.py:137} INFO - [2022-11-30T09:46:17.825+0000] {dagbag.py:537} INFO - Filling up the DagBag from /home/airflow/.local/lib/python3.7/site-packages/airflow/example_dags/tutorial_dag.py
[2022-11-30T09:46:17.860+0000] {processor.py:766} INFO - DAG(s) dict_keys(['tutorial_dag']) retrieved from /home/airflow/.local/lib/python3.7/site-packages/airflow/example_dags/tutorial_dag.py
[2022-11-30T09:46:17.940+0000] {logging_mixin.py:137} INFO - [2022-11-30T09:46:17.939+0000] {dag.py:2585} INFO - Sync 1 DAGs
[2022-11-30T09:46:17.995+0000] {logging_mixin.py:137} INFO - [2022-11-30T09:46:17.995+0000] {dag.py:3340} INFO - Setting next_dagrun for tutorial_dag to None, run_after=None
[2022-11-30T09:46:18.028+0000] {processor.py:176} INFO - Processing /home/airflow/.local/lib/python3.7/site-packages/airflow/example_dags/tutorial_dag.py took 0.220 seconds
[2022-11-30T09:49:43.346+0000] {processor.py:154} INFO - Started process (PID=37) to work on /home/airflow/.local/lib/python3.7/site-packages/airflow/example_dags/tutorial_dag.py
[2022-11-30T09:49:43.351+0000] {processor.py:756} INFO - Processing file /home/airflow/.local/lib/python3.7/site-packages/airflow/example_dags/tutorial_dag.py for tasks to queue
[2022-11-30T09:49:43.354+0000] {logging_mixin.py:137} INFO - [2022-11-30T09:49:43.354+0000] {dagbag.py:537} INFO - Filling up the DagBag from /home/airflow/.local/lib/python3.7/site-packages/airflow/example_dags/tutorial_dag.py
[2022-11-30T09:49:43.375+0000] {processor.py:766} INFO - DAG(s) dict_keys(['tutorial_dag']) retrieved from /home/airflow/.local/lib/python3.7/site-packages/airflow/example_dags/tutorial_dag.py
[2022-11-30T09:49:43.448+0000] {logging_mixin.py:137} INFO - [2022-11-30T09:49:43.448+0000] {dag.py:2585} INFO - Sync 1 DAGs
[2022-11-30T09:49:43.500+0000] {logging_mixin.py:137} INFO - [2022-11-30T09:49:43.500+0000] {dag.py:3340} INFO - Setting next_dagrun for tutorial_dag to None, run_after=None
[2022-11-30T09:49:43.557+0000] {processor.py:176} INFO - Processing /home/airflow/.local/lib/python3.7/site-packages/airflow/example_dags/tutorial_dag.py took 0.215 seconds
[2022-11-30T09:50:14.647+0000] {processor.py:154} INFO - Started process (PID=92) to work on /home/airflow/.local/lib/python3.7/site-packages/airflow/example_dags/tutorial_dag.py
[2022-11-30T09:50:14.649+0000] {processor.py:756} INFO - Processing file /home/airflow/.local/lib/python3.7/site-packages/airflow/example_dags/tutorial_dag.py for tasks to queue
[2022-11-30T09:50:14.651+0000] {logging_mixin.py:137} INFO - [2022-11-30T09:50:14.651+0000] {dagbag.py:537} INFO - Filling up the DagBag from /home/airflow/.local/lib/python3.7/site-packages/airflow/example_dags/tutorial_dag.py
[2022-11-30T09:50:14.665+0000] {processor.py:766} INFO - DAG(s) dict_keys(['tutorial_dag']) retrieved from /home/airflow/.local/lib/python3.7/site-packages/airflow/example_dags/tutorial_dag.py
[2022-11-30T09:50:14.716+0000] {logging_mixin.py:137} INFO - [2022-11-30T09:50:14.716+0000] {dag.py:2585} INFO - Sync 1 DAGs
[2022-11-30T09:50:14.754+0000] {logging_mixin.py:137} INFO - [2022-11-30T09:50:14.754+0000] {dag.py:3340} INFO - Setting next_dagrun for tutorial_dag to None, run_after=None
[2022-11-30T09:50:14.771+0000] {processor.py:176} INFO - Processing /home/airflow/.local/lib/python3.7/site-packages/airflow/example_dags/tutorial_dag.py took 0.129 seconds
[2022-11-30T09:50:45.592+0000] {processor.py:154} INFO - Started process (PID=158) to work on /home/airflow/.local/lib/python3.7/site-packages/airflow/example_dags/tutorial_dag.py
[2022-11-30T09:50:45.598+0000] {processor.py:756} INFO - Processing file /home/airflow/.local/lib/python3.7/site-packages/airflow/example_dags/tutorial_dag.py for tasks to queue
[2022-11-30T09:50:45.605+0000] {logging_mixin.py:137} INFO - [2022-11-30T09:50:45.605+0000] {dagbag.py:537} INFO - Filling up the DagBag from /home/airflow/.local/lib/python3.7/site-packages/airflow/example_dags/tutorial_dag.py
[2022-11-30T09:50:45.628+0000] {processor.py:766} INFO - DAG(s) dict_keys(['tutorial_dag']) retrieved from /home/airflow/.local/lib/python3.7/site-packages/airflow/example_dags/tutorial_dag.py
[2022-11-30T09:50:45.694+0000] {logging_mixin.py:137} INFO - [2022-11-30T09:50:45.694+0000] {dag.py:2585} INFO - Sync 1 DAGs
[2022-11-30T09:50:45.734+0000] {logging_mixin.py:137} INFO - [2022-11-30T09:50:45.733+0000] {dag.py:3340} INFO - Setting next_dagrun for tutorial_dag to None, run_after=None
[2022-11-30T09:50:45.766+0000] {processor.py:176} INFO - Processing /home/airflow/.local/lib/python3.7/site-packages/airflow/example_dags/tutorial_dag.py took 0.189 seconds
[2022-11-30T09:51:16.676+0000] {processor.py:154} INFO - Started process (PID=223) to work on /home/airflow/.local/lib/python3.7/site-packages/airflow/example_dags/tutorial_dag.py
[2022-11-30T09:51:16.678+0000] {processor.py:756} INFO - Processing file /home/airflow/.local/lib/python3.7/site-packages/airflow/example_dags/tutorial_dag.py for tasks to queue
[2022-11-30T09:51:16.680+0000] {logging_mixin.py:137} INFO - [2022-11-30T09:51:16.680+0000] {dagbag.py:537} INFO - Filling up the DagBag from /home/airflow/.local/lib/python3.7/site-packages/airflow/example_dags/tutorial_dag.py
[2022-11-30T09:51:16.699+0000] {processor.py:766} INFO - DAG(s) dict_keys(['tutorial_dag']) retrieved from /home/airflow/.local/lib/python3.7/site-packages/airflow/example_dags/tutorial_dag.py
[2022-11-30T09:51:16.745+0000] {logging_mixin.py:137} INFO - [2022-11-30T09:51:16.745+0000] {dag.py:2585} INFO - Sync 1 DAGs
[2022-11-30T09:51:16.773+0000] {logging_mixin.py:137} INFO - [2022-11-30T09:51:16.772+0000] {dag.py:3340} INFO - Setting next_dagrun for tutorial_dag to None, run_after=None
[2022-11-30T09:51:16.786+0000] {processor.py:176} INFO - Processing /home/airflow/.local/lib/python3.7/site-packages/airflow/example_dags/tutorial_dag.py took 0.117 seconds
[2022-11-30T09:51:47.472+0000] {processor.py:154} INFO - Started process (PID=278) to work on /home/airflow/.local/lib/python3.7/site-packages/airflow/example_dags/tutorial_dag.py
[2022-11-30T09:51:47.474+0000] {processor.py:756} INFO - Processing file /home/airflow/.local/lib/python3.7/site-packages/airflow/example_dags/tutorial_dag.py for tasks to queue
[2022-11-30T09:51:47.475+0000] {logging_mixin.py:137} INFO - [2022-11-30T09:51:47.475+0000] {dagbag.py:537} INFO - Filling up the DagBag from /home/airflow/.local/lib/python3.7/site-packages/airflow/example_dags/tutorial_dag.py
[2022-11-30T09:51:47.485+0000] {processor.py:766} INFO - DAG(s) dict_keys(['tutorial_dag']) retrieved from /home/airflow/.local/lib/python3.7/site-packages/airflow/example_dags/tutorial_dag.py
[2022-11-30T09:51:47.515+0000] {logging_mixin.py:137} INFO - [2022-11-30T09:51:47.515+0000] {dag.py:2585} INFO - Sync 1 DAGs
[2022-11-30T09:51:47.532+0000] {logging_mixin.py:137} INFO - [2022-11-30T09:51:47.532+0000] {dag.py:3340} INFO - Setting next_dagrun for tutorial_dag to None, run_after=None
[2022-11-30T09:51:47.544+0000] {processor.py:176} INFO - Processing /home/airflow/.local/lib/python3.7/site-packages/airflow/example_dags/tutorial_dag.py took 0.075 seconds
[2022-11-30T09:52:19.122+0000] {processor.py:154} INFO - Started process (PID=342) to work on /home/airflow/.local/lib/python3.7/site-packages/airflow/example_dags/tutorial_dag.py
[2022-11-30T09:52:19.124+0000] {processor.py:756} INFO - Processing file /home/airflow/.local/lib/python3.7/site-packages/airflow/example_dags/tutorial_dag.py for tasks to queue
[2022-11-30T09:52:19.128+0000] {logging_mixin.py:137} INFO - [2022-11-30T09:52:19.128+0000] {dagbag.py:537} INFO - Filling up the DagBag from /home/airflow/.local/lib/python3.7/site-packages/airflow/example_dags/tutorial_dag.py
[2022-11-30T09:52:19.169+0000] {processor.py:766} INFO - DAG(s) dict_keys(['tutorial_dag']) retrieved from /home/airflow/.local/lib/python3.7/site-packages/airflow/example_dags/tutorial_dag.py
[2022-11-30T09:52:19.240+0000] {logging_mixin.py:137} INFO - [2022-11-30T09:52:19.240+0000] {dag.py:2585} INFO - Sync 1 DAGs
[2022-11-30T09:52:19.271+0000] {logging_mixin.py:137} INFO - [2022-11-30T09:52:19.271+0000] {dag.py:3340} INFO - Setting next_dagrun for tutorial_dag to None, run_after=None
[2022-11-30T09:52:19.313+0000] {processor.py:176} INFO - Processing /home/airflow/.local/lib/python3.7/site-packages/airflow/example_dags/tutorial_dag.py took 0.195 seconds
[2022-11-30T09:52:49.937+0000] {processor.py:154} INFO - Started process (PID=398) to work on /home/airflow/.local/lib/python3.7/site-packages/airflow/example_dags/tutorial_dag.py
[2022-11-30T09:52:49.940+0000] {processor.py:756} INFO - Processing file /home/airflow/.local/lib/python3.7/site-packages/airflow/example_dags/tutorial_dag.py for tasks to queue
[2022-11-30T09:52:49.942+0000] {logging_mixin.py:137} INFO - [2022-11-30T09:52:49.942+0000] {dagbag.py:537} INFO - Filling up the DagBag from /home/airflow/.local/lib/python3.7/site-packages/airflow/example_dags/tutorial_dag.py
[2022-11-30T09:52:49.957+0000] {processor.py:766} INFO - DAG(s) dict_keys(['tutorial_dag']) retrieved from /home/airflow/.local/lib/python3.7/site-packages/airflow/example_dags/tutorial_dag.py
[2022-11-30T09:52:50.004+0000] {logging_mixin.py:137} INFO - [2022-11-30T09:52:50.004+0000] {dag.py:2585} INFO - Sync 1 DAGs
[2022-11-30T09:52:50.041+0000] {logging_mixin.py:137} INFO - [2022-11-30T09:52:50.041+0000] {dag.py:3340} INFO - Setting next_dagrun for tutorial_dag to None, run_after=None
[2022-11-30T09:52:50.070+0000] {processor.py:176} INFO - Processing /home/airflow/.local/lib/python3.7/site-packages/airflow/example_dags/tutorial_dag.py took 0.138 seconds
[2022-11-30T09:53:20.904+0000] {processor.py:154} INFO - Started process (PID=464) to work on /home/airflow/.local/lib/python3.7/site-packages/airflow/example_dags/tutorial_dag.py
[2022-11-30T09:53:20.914+0000] {processor.py:756} INFO - Processing file /home/airflow/.local/lib/python3.7/site-packages/airflow/example_dags/tutorial_dag.py for tasks to queue
[2022-11-30T09:53:20.918+0000] {logging_mixin.py:137} INFO - [2022-11-30T09:53:20.918+0000] {dagbag.py:537} INFO - Filling up the DagBag from /home/airflow/.local/lib/python3.7/site-packages/airflow/example_dags/tutorial_dag.py
[2022-11-30T09:53:20.936+0000] {processor.py:766} INFO - DAG(s) dict_keys(['tutorial_dag']) retrieved from /home/airflow/.local/lib/python3.7/site-packages/airflow/example_dags/tutorial_dag.py
[2022-11-30T09:53:20.984+0000] {logging_mixin.py:137} INFO - [2022-11-30T09:53:20.984+0000] {dag.py:2585} INFO - Sync 1 DAGs
[2022-11-30T09:53:21.014+0000] {logging_mixin.py:137} INFO - [2022-11-30T09:53:21.014+0000] {dag.py:3340} INFO - Setting next_dagrun for tutorial_dag to None, run_after=None
[2022-11-30T09:53:21.056+0000] {processor.py:176} INFO - Processing /home/airflow/.local/lib/python3.7/site-packages/airflow/example_dags/tutorial_dag.py took 0.155 seconds
[2022-11-30T09:53:53.284+0000] {processor.py:154} INFO - Started process (PID=528) to work on /home/airflow/.local/lib/python3.7/site-packages/airflow/example_dags/tutorial_dag.py
[2022-11-30T09:53:53.292+0000] {processor.py:756} INFO - Processing file /home/airflow/.local/lib/python3.7/site-packages/airflow/example_dags/tutorial_dag.py for tasks to queue
[2022-11-30T09:53:53.293+0000] {logging_mixin.py:137} INFO - [2022-11-30T09:53:53.293+0000] {dagbag.py:537} INFO - Filling up the DagBag from /home/airflow/.local/lib/python3.7/site-packages/airflow/example_dags/tutorial_dag.py
[2022-11-30T09:53:53.303+0000] {processor.py:766} INFO - DAG(s) dict_keys(['tutorial_dag']) retrieved from /home/airflow/.local/lib/python3.7/site-packages/airflow/example_dags/tutorial_dag.py
[2022-11-30T09:53:53.363+0000] {logging_mixin.py:137} INFO - [2022-11-30T09:53:53.363+0000] {dag.py:2585} INFO - Sync 1 DAGs
[2022-11-30T09:53:53.399+0000] {logging_mixin.py:137} INFO - [2022-11-30T09:53:53.399+0000] {dag.py:3340} INFO - Setting next_dagrun for tutorial_dag to None, run_after=None
[2022-11-30T09:53:53.424+0000] {processor.py:176} INFO - Processing /home/airflow/.local/lib/python3.7/site-packages/airflow/example_dags/tutorial_dag.py took 0.142 seconds
[2022-11-30T09:54:24.387+0000] {processor.py:154} INFO - Started process (PID=582) to work on /home/airflow/.local/lib/python3.7/site-packages/airflow/example_dags/tutorial_dag.py
[2022-11-30T09:54:24.389+0000] {processor.py:756} INFO - Processing file /home/airflow/.local/lib/python3.7/site-packages/airflow/example_dags/tutorial_dag.py for tasks to queue
[2022-11-30T09:54:24.391+0000] {logging_mixin.py:137} INFO - [2022-11-30T09:54:24.391+0000] {dagbag.py:537} INFO - Filling up the DagBag from /home/airflow/.local/lib/python3.7/site-packages/airflow/example_dags/tutorial_dag.py
[2022-11-30T09:54:24.399+0000] {processor.py:766} INFO - DAG(s) dict_keys(['tutorial_dag']) retrieved from /home/airflow/.local/lib/python3.7/site-packages/airflow/example_dags/tutorial_dag.py
[2022-11-30T09:54:24.433+0000] {logging_mixin.py:137} INFO - [2022-11-30T09:54:24.433+0000] {dag.py:2585} INFO - Sync 1 DAGs
[2022-11-30T09:54:24.449+0000] {logging_mixin.py:137} INFO - [2022-11-30T09:54:24.449+0000] {dag.py:3340} INFO - Setting next_dagrun for tutorial_dag to None, run_after=None
[2022-11-30T09:54:24.463+0000] {processor.py:176} INFO - Processing /home/airflow/.local/lib/python3.7/site-packages/airflow/example_dags/tutorial_dag.py took 0.078 seconds
[2022-11-30T09:54:56.444+0000] {processor.py:154} INFO - Started process (PID=647) to work on /home/airflow/.local/lib/python3.7/site-packages/airflow/example_dags/tutorial_dag.py
[2022-11-30T09:54:56.446+0000] {processor.py:756} INFO - Processing file /home/airflow/.local/lib/python3.7/site-packages/airflow/example_dags/tutorial_dag.py for tasks to queue
[2022-11-30T09:54:56.448+0000] {logging_mixin.py:137} INFO - [2022-11-30T09:54:56.448+0000] {dagbag.py:537} INFO - Filling up the DagBag from /home/airflow/.local/lib/python3.7/site-packages/airflow/example_dags/tutorial_dag.py
[2022-11-30T09:54:56.464+0000] {processor.py:766} INFO - DAG(s) dict_keys(['tutorial_dag']) retrieved from /home/airflow/.local/lib/python3.7/site-packages/airflow/example_dags/tutorial_dag.py
[2022-11-30T09:54:56.545+0000] {logging_mixin.py:137} INFO - [2022-11-30T09:54:56.545+0000] {dag.py:2585} INFO - Sync 1 DAGs
[2022-11-30T09:54:56.589+0000] {logging_mixin.py:137} INFO - [2022-11-30T09:54:56.589+0000] {dag.py:3340} INFO - Setting next_dagrun for tutorial_dag to None, run_after=None
[2022-11-30T09:54:56.622+0000] {processor.py:176} INFO - Processing /home/airflow/.local/lib/python3.7/site-packages/airflow/example_dags/tutorial_dag.py took 0.182 seconds
[2022-11-30T09:58:24.862+0000] {processor.py:154} INFO - Started process (PID=36) to work on /home/airflow/.local/lib/python3.7/site-packages/airflow/example_dags/tutorial_dag.py
[2022-11-30T09:58:24.868+0000] {processor.py:756} INFO - Processing file /home/airflow/.local/lib/python3.7/site-packages/airflow/example_dags/tutorial_dag.py for tasks to queue
[2022-11-30T09:58:24.871+0000] {logging_mixin.py:137} INFO - [2022-11-30T09:58:24.871+0000] {dagbag.py:537} INFO - Filling up the DagBag from /home/airflow/.local/lib/python3.7/site-packages/airflow/example_dags/tutorial_dag.py
[2022-11-30T09:58:24.893+0000] {processor.py:766} INFO - DAG(s) dict_keys(['tutorial_dag']) retrieved from /home/airflow/.local/lib/python3.7/site-packages/airflow/example_dags/tutorial_dag.py
[2022-11-30T09:58:24.940+0000] {logging_mixin.py:137} INFO - [2022-11-30T09:58:24.939+0000] {dag.py:2585} INFO - Sync 1 DAGs
[2022-11-30T09:58:24.966+0000] {logging_mixin.py:137} INFO - [2022-11-30T09:58:24.966+0000] {dag.py:3340} INFO - Setting next_dagrun for tutorial_dag to None, run_after=None
[2022-11-30T09:58:24.995+0000] {processor.py:176} INFO - Processing /home/airflow/.local/lib/python3.7/site-packages/airflow/example_dags/tutorial_dag.py took 0.139 seconds
[2022-11-30T09:58:55.576+0000] {processor.py:154} INFO - Started process (PID=100) to work on /home/airflow/.local/lib/python3.7/site-packages/airflow/example_dags/tutorial_dag.py
[2022-11-30T09:58:55.577+0000] {processor.py:756} INFO - Processing file /home/airflow/.local/lib/python3.7/site-packages/airflow/example_dags/tutorial_dag.py for tasks to queue
[2022-11-30T09:58:55.579+0000] {logging_mixin.py:137} INFO - [2022-11-30T09:58:55.579+0000] {dagbag.py:537} INFO - Filling up the DagBag from /home/airflow/.local/lib/python3.7/site-packages/airflow/example_dags/tutorial_dag.py
[2022-11-30T09:58:55.590+0000] {processor.py:766} INFO - DAG(s) dict_keys(['tutorial_dag']) retrieved from /home/airflow/.local/lib/python3.7/site-packages/airflow/example_dags/tutorial_dag.py
[2022-11-30T09:58:55.616+0000] {logging_mixin.py:137} INFO - [2022-11-30T09:58:55.616+0000] {dag.py:2585} INFO - Sync 1 DAGs
[2022-11-30T09:58:55.633+0000] {logging_mixin.py:137} INFO - [2022-11-30T09:58:55.633+0000] {dag.py:3340} INFO - Setting next_dagrun for tutorial_dag to None, run_after=None
[2022-11-30T09:58:55.645+0000] {processor.py:176} INFO - Processing /home/airflow/.local/lib/python3.7/site-packages/airflow/example_dags/tutorial_dag.py took 0.072 seconds
[2022-11-30T09:59:26.638+0000] {processor.py:154} INFO - Started process (PID=165) to work on /home/airflow/.local/lib/python3.7/site-packages/airflow/example_dags/tutorial_dag.py
[2022-11-30T09:59:26.642+0000] {processor.py:756} INFO - Processing file /home/airflow/.local/lib/python3.7/site-packages/airflow/example_dags/tutorial_dag.py for tasks to queue
[2022-11-30T09:59:26.645+0000] {logging_mixin.py:137} INFO - [2022-11-30T09:59:26.645+0000] {dagbag.py:537} INFO - Filling up the DagBag from /home/airflow/.local/lib/python3.7/site-packages/airflow/example_dags/tutorial_dag.py
[2022-11-30T09:59:26.673+0000] {processor.py:766} INFO - DAG(s) dict_keys(['tutorial_dag']) retrieved from /home/airflow/.local/lib/python3.7/site-packages/airflow/example_dags/tutorial_dag.py
[2022-11-30T09:59:26.740+0000] {logging_mixin.py:137} INFO - [2022-11-30T09:59:26.739+0000] {dag.py:2585} INFO - Sync 1 DAGs
[2022-11-30T09:59:26.828+0000] {logging_mixin.py:137} INFO - [2022-11-30T09:59:26.828+0000] {dag.py:3340} INFO - Setting next_dagrun for tutorial_dag to None, run_after=None
[2022-11-30T09:59:26.926+0000] {processor.py:176} INFO - Processing /home/airflow/.local/lib/python3.7/site-packages/airflow/example_dags/tutorial_dag.py took 0.296 seconds
[2022-11-30T09:59:58.045+0000] {processor.py:154} INFO - Started process (PID=229) to work on /home/airflow/.local/lib/python3.7/site-packages/airflow/example_dags/tutorial_dag.py
[2022-11-30T09:59:58.049+0000] {processor.py:756} INFO - Processing file /home/airflow/.local/lib/python3.7/site-packages/airflow/example_dags/tutorial_dag.py for tasks to queue
[2022-11-30T09:59:58.051+0000] {logging_mixin.py:137} INFO - [2022-11-30T09:59:58.051+0000] {dagbag.py:537} INFO - Filling up the DagBag from /home/airflow/.local/lib/python3.7/site-packages/airflow/example_dags/tutorial_dag.py
[2022-11-30T09:59:58.064+0000] {processor.py:766} INFO - DAG(s) dict_keys(['tutorial_dag']) retrieved from /home/airflow/.local/lib/python3.7/site-packages/airflow/example_dags/tutorial_dag.py
[2022-11-30T09:59:58.103+0000] {logging_mixin.py:137} INFO - [2022-11-30T09:59:58.103+0000] {dag.py:2585} INFO - Sync 1 DAGs
[2022-11-30T09:59:58.133+0000] {logging_mixin.py:137} INFO - [2022-11-30T09:59:58.133+0000] {dag.py:3340} INFO - Setting next_dagrun for tutorial_dag to None, run_after=None
[2022-11-30T09:59:58.153+0000] {processor.py:176} INFO - Processing /home/airflow/.local/lib/python3.7/site-packages/airflow/example_dags/tutorial_dag.py took 0.111 seconds
[2022-11-30T10:00:28.632+0000] {processor.py:154} INFO - Started process (PID=285) to work on /home/airflow/.local/lib/python3.7/site-packages/airflow/example_dags/tutorial_dag.py
[2022-11-30T10:00:28.634+0000] {processor.py:756} INFO - Processing file /home/airflow/.local/lib/python3.7/site-packages/airflow/example_dags/tutorial_dag.py for tasks to queue
[2022-11-30T10:00:28.635+0000] {logging_mixin.py:137} INFO - [2022-11-30T10:00:28.635+0000] {dagbag.py:537} INFO - Filling up the DagBag from /home/airflow/.local/lib/python3.7/site-packages/airflow/example_dags/tutorial_dag.py
[2022-11-30T10:00:28.644+0000] {processor.py:766} INFO - DAG(s) dict_keys(['tutorial_dag']) retrieved from /home/airflow/.local/lib/python3.7/site-packages/airflow/example_dags/tutorial_dag.py
[2022-11-30T10:00:28.678+0000] {logging_mixin.py:137} INFO - [2022-11-30T10:00:28.678+0000] {dag.py:2585} INFO - Sync 1 DAGs
[2022-11-30T10:00:28.717+0000] {logging_mixin.py:137} INFO - [2022-11-30T10:00:28.717+0000] {dag.py:3340} INFO - Setting next_dagrun for tutorial_dag to None, run_after=None
[2022-11-30T10:00:28.749+0000] {processor.py:176} INFO - Processing /home/airflow/.local/lib/python3.7/site-packages/airflow/example_dags/tutorial_dag.py took 0.120 seconds
[2022-11-30T10:00:59.709+0000] {processor.py:154} INFO - Started process (PID=349) to work on /home/airflow/.local/lib/python3.7/site-packages/airflow/example_dags/tutorial_dag.py
[2022-11-30T10:00:59.712+0000] {processor.py:756} INFO - Processing file /home/airflow/.local/lib/python3.7/site-packages/airflow/example_dags/tutorial_dag.py for tasks to queue
[2022-11-30T10:00:59.716+0000] {logging_mixin.py:137} INFO - [2022-11-30T10:00:59.715+0000] {dagbag.py:537} INFO - Filling up the DagBag from /home/airflow/.local/lib/python3.7/site-packages/airflow/example_dags/tutorial_dag.py
[2022-11-30T10:00:59.730+0000] {processor.py:766} INFO - DAG(s) dict_keys(['tutorial_dag']) retrieved from /home/airflow/.local/lib/python3.7/site-packages/airflow/example_dags/tutorial_dag.py
[2022-11-30T10:00:59.759+0000] {logging_mixin.py:137} INFO - [2022-11-30T10:00:59.759+0000] {dag.py:2585} INFO - Sync 1 DAGs
[2022-11-30T10:00:59.788+0000] {logging_mixin.py:137} INFO - [2022-11-30T10:00:59.788+0000] {dag.py:3340} INFO - Setting next_dagrun for tutorial_dag to None, run_after=None
[2022-11-30T10:00:59.805+0000] {processor.py:176} INFO - Processing /home/airflow/.local/lib/python3.7/site-packages/airflow/example_dags/tutorial_dag.py took 0.100 seconds
[2022-11-30T10:01:32.908+0000] {processor.py:154} INFO - Started process (PID=412) to work on /home/airflow/.local/lib/python3.7/site-packages/airflow/example_dags/tutorial_dag.py
[2022-11-30T10:01:32.913+0000] {processor.py:756} INFO - Processing file /home/airflow/.local/lib/python3.7/site-packages/airflow/example_dags/tutorial_dag.py for tasks to queue
[2022-11-30T10:01:32.920+0000] {logging_mixin.py:137} INFO - [2022-11-30T10:01:32.920+0000] {dagbag.py:537} INFO - Filling up the DagBag from /home/airflow/.local/lib/python3.7/site-packages/airflow/example_dags/tutorial_dag.py
[2022-11-30T10:01:32.958+0000] {processor.py:766} INFO - DAG(s) dict_keys(['tutorial_dag']) retrieved from /home/airflow/.local/lib/python3.7/site-packages/airflow/example_dags/tutorial_dag.py
[2022-11-30T10:01:33.011+0000] {logging_mixin.py:137} INFO - [2022-11-30T10:01:33.010+0000] {dag.py:2585} INFO - Sync 1 DAGs
[2022-11-30T10:01:33.042+0000] {logging_mixin.py:137} INFO - [2022-11-30T10:01:33.042+0000] {dag.py:3340} INFO - Setting next_dagrun for tutorial_dag to None, run_after=None
[2022-11-30T10:01:33.065+0000] {processor.py:176} INFO - Processing /home/airflow/.local/lib/python3.7/site-packages/airflow/example_dags/tutorial_dag.py took 0.166 seconds
[2022-11-30T10:02:03.409+0000] {processor.py:154} INFO - Started process (PID=467) to work on /home/airflow/.local/lib/python3.7/site-packages/airflow/example_dags/tutorial_dag.py
[2022-11-30T10:02:03.412+0000] {processor.py:756} INFO - Processing file /home/airflow/.local/lib/python3.7/site-packages/airflow/example_dags/tutorial_dag.py for tasks to queue
[2022-11-30T10:02:03.413+0000] {logging_mixin.py:137} INFO - [2022-11-30T10:02:03.413+0000] {dagbag.py:537} INFO - Filling up the DagBag from /home/airflow/.local/lib/python3.7/site-packages/airflow/example_dags/tutorial_dag.py
[2022-11-30T10:02:03.427+0000] {processor.py:766} INFO - DAG(s) dict_keys(['tutorial_dag']) retrieved from /home/airflow/.local/lib/python3.7/site-packages/airflow/example_dags/tutorial_dag.py
[2022-11-30T10:02:03.470+0000] {logging_mixin.py:137} INFO - [2022-11-30T10:02:03.470+0000] {dag.py:2585} INFO - Sync 1 DAGs
[2022-11-30T10:02:03.493+0000] {logging_mixin.py:137} INFO - [2022-11-30T10:02:03.493+0000] {dag.py:3340} INFO - Setting next_dagrun for tutorial_dag to None, run_after=None
[2022-11-30T10:02:03.515+0000] {processor.py:176} INFO - Processing /home/airflow/.local/lib/python3.7/site-packages/airflow/example_dags/tutorial_dag.py took 0.109 seconds
[2022-11-30T10:02:34.358+0000] {processor.py:154} INFO - Started process (PID=531) to work on /home/airflow/.local/lib/python3.7/site-packages/airflow/example_dags/tutorial_dag.py
[2022-11-30T10:02:34.359+0000] {processor.py:756} INFO - Processing file /home/airflow/.local/lib/python3.7/site-packages/airflow/example_dags/tutorial_dag.py for tasks to queue
[2022-11-30T10:02:34.360+0000] {logging_mixin.py:137} INFO - [2022-11-30T10:02:34.360+0000] {dagbag.py:537} INFO - Filling up the DagBag from /home/airflow/.local/lib/python3.7/site-packages/airflow/example_dags/tutorial_dag.py
[2022-11-30T10:02:34.369+0000] {processor.py:766} INFO - DAG(s) dict_keys(['tutorial_dag']) retrieved from /home/airflow/.local/lib/python3.7/site-packages/airflow/example_dags/tutorial_dag.py
[2022-11-30T10:02:34.402+0000] {logging_mixin.py:137} INFO - [2022-11-30T10:02:34.402+0000] {dag.py:2585} INFO - Sync 1 DAGs
[2022-11-30T10:02:34.423+0000] {logging_mixin.py:137} INFO - [2022-11-30T10:02:34.423+0000] {dag.py:3340} INFO - Setting next_dagrun for tutorial_dag to None, run_after=None
[2022-11-30T10:02:34.441+0000] {processor.py:176} INFO - Processing /home/airflow/.local/lib/python3.7/site-packages/airflow/example_dags/tutorial_dag.py took 0.085 seconds
[2022-11-30T10:03:05.080+0000] {processor.py:154} INFO - Started process (PID=595) to work on /home/airflow/.local/lib/python3.7/site-packages/airflow/example_dags/tutorial_dag.py
[2022-11-30T10:03:05.087+0000] {processor.py:756} INFO - Processing file /home/airflow/.local/lib/python3.7/site-packages/airflow/example_dags/tutorial_dag.py for tasks to queue
[2022-11-30T10:03:05.088+0000] {logging_mixin.py:137} INFO - [2022-11-30T10:03:05.088+0000] {dagbag.py:537} INFO - Filling up the DagBag from /home/airflow/.local/lib/python3.7/site-packages/airflow/example_dags/tutorial_dag.py
[2022-11-30T10:03:05.102+0000] {processor.py:766} INFO - DAG(s) dict_keys(['tutorial_dag']) retrieved from /home/airflow/.local/lib/python3.7/site-packages/airflow/example_dags/tutorial_dag.py
[2022-11-30T10:03:05.157+0000] {logging_mixin.py:137} INFO - [2022-11-30T10:03:05.157+0000] {dag.py:2585} INFO - Sync 1 DAGs
[2022-11-30T10:03:05.184+0000] {logging_mixin.py:137} INFO - [2022-11-30T10:03:05.183+0000] {dag.py:3340} INFO - Setting next_dagrun for tutorial_dag to None, run_after=None
[2022-11-30T10:03:05.206+0000] {processor.py:176} INFO - Processing /home/airflow/.local/lib/python3.7/site-packages/airflow/example_dags/tutorial_dag.py took 0.128 seconds
[2022-11-30T10:03:36.799+0000] {processor.py:154} INFO - Started process (PID=658) to work on /home/airflow/.local/lib/python3.7/site-packages/airflow/example_dags/tutorial_dag.py
[2022-11-30T10:03:36.803+0000] {processor.py:756} INFO - Processing file /home/airflow/.local/lib/python3.7/site-packages/airflow/example_dags/tutorial_dag.py for tasks to queue
[2022-11-30T10:03:36.804+0000] {logging_mixin.py:137} INFO - [2022-11-30T10:03:36.804+0000] {dagbag.py:537} INFO - Filling up the DagBag from /home/airflow/.local/lib/python3.7/site-packages/airflow/example_dags/tutorial_dag.py
[2022-11-30T10:03:36.822+0000] {processor.py:766} INFO - DAG(s) dict_keys(['tutorial_dag']) retrieved from /home/airflow/.local/lib/python3.7/site-packages/airflow/example_dags/tutorial_dag.py
[2022-11-30T10:03:36.878+0000] {logging_mixin.py:137} INFO - [2022-11-30T10:03:36.877+0000] {dag.py:2585} INFO - Sync 1 DAGs
[2022-11-30T10:03:36.934+0000] {logging_mixin.py:137} INFO - [2022-11-30T10:03:36.934+0000] {dag.py:3340} INFO - Setting next_dagrun for tutorial_dag to None, run_after=None
[2022-11-30T10:03:36.970+0000] {processor.py:176} INFO - Processing /home/airflow/.local/lib/python3.7/site-packages/airflow/example_dags/tutorial_dag.py took 0.176 seconds
[2022-11-30T10:04:07.273+0000] {processor.py:154} INFO - Started process (PID=714) to work on /home/airflow/.local/lib/python3.7/site-packages/airflow/example_dags/tutorial_dag.py
[2022-11-30T10:04:07.276+0000] {processor.py:756} INFO - Processing file /home/airflow/.local/lib/python3.7/site-packages/airflow/example_dags/tutorial_dag.py for tasks to queue
[2022-11-30T10:04:07.278+0000] {logging_mixin.py:137} INFO - [2022-11-30T10:04:07.278+0000] {dagbag.py:537} INFO - Filling up the DagBag from /home/airflow/.local/lib/python3.7/site-packages/airflow/example_dags/tutorial_dag.py
[2022-11-30T10:04:07.290+0000] {processor.py:766} INFO - DAG(s) dict_keys(['tutorial_dag']) retrieved from /home/airflow/.local/lib/python3.7/site-packages/airflow/example_dags/tutorial_dag.py
[2022-11-30T10:04:07.325+0000] {logging_mixin.py:137} INFO - [2022-11-30T10:04:07.325+0000] {dag.py:2585} INFO - Sync 1 DAGs
[2022-11-30T10:04:07.340+0000] {logging_mixin.py:137} INFO - [2022-11-30T10:04:07.340+0000] {dag.py:3340} INFO - Setting next_dagrun for tutorial_dag to None, run_after=None
[2022-11-30T10:04:07.354+0000] {processor.py:176} INFO - Processing /home/airflow/.local/lib/python3.7/site-packages/airflow/example_dags/tutorial_dag.py took 0.084 seconds
[2022-11-30T10:04:38.130+0000] {processor.py:154} INFO - Started process (PID=778) to work on /home/airflow/.local/lib/python3.7/site-packages/airflow/example_dags/tutorial_dag.py
[2022-11-30T10:04:38.132+0000] {processor.py:756} INFO - Processing file /home/airflow/.local/lib/python3.7/site-packages/airflow/example_dags/tutorial_dag.py for tasks to queue
[2022-11-30T10:04:38.134+0000] {logging_mixin.py:137} INFO - [2022-11-30T10:04:38.134+0000] {dagbag.py:537} INFO - Filling up the DagBag from /home/airflow/.local/lib/python3.7/site-packages/airflow/example_dags/tutorial_dag.py
[2022-11-30T10:04:38.146+0000] {processor.py:766} INFO - DAG(s) dict_keys(['tutorial_dag']) retrieved from /home/airflow/.local/lib/python3.7/site-packages/airflow/example_dags/tutorial_dag.py
[2022-11-30T10:04:38.184+0000] {logging_mixin.py:137} INFO - [2022-11-30T10:04:38.184+0000] {dag.py:2585} INFO - Sync 1 DAGs
[2022-11-30T10:04:38.204+0000] {logging_mixin.py:137} INFO - [2022-11-30T10:04:38.204+0000] {dag.py:3340} INFO - Setting next_dagrun for tutorial_dag to None, run_after=None
[2022-11-30T10:04:38.221+0000] {processor.py:176} INFO - Processing /home/airflow/.local/lib/python3.7/site-packages/airflow/example_dags/tutorial_dag.py took 0.094 seconds
[2022-11-30T10:05:10.657+0000] {processor.py:154} INFO - Started process (PID=842) to work on /home/airflow/.local/lib/python3.7/site-packages/airflow/example_dags/tutorial_dag.py
[2022-11-30T10:05:10.662+0000] {processor.py:756} INFO - Processing file /home/airflow/.local/lib/python3.7/site-packages/airflow/example_dags/tutorial_dag.py for tasks to queue
[2022-11-30T10:05:10.668+0000] {logging_mixin.py:137} INFO - [2022-11-30T10:05:10.667+0000] {dagbag.py:537} INFO - Filling up the DagBag from /home/airflow/.local/lib/python3.7/site-packages/airflow/example_dags/tutorial_dag.py
[2022-11-30T10:05:10.683+0000] {processor.py:766} INFO - DAG(s) dict_keys(['tutorial_dag']) retrieved from /home/airflow/.local/lib/python3.7/site-packages/airflow/example_dags/tutorial_dag.py
[2022-11-30T10:05:10.738+0000] {logging_mixin.py:137} INFO - [2022-11-30T10:05:10.738+0000] {dag.py:2585} INFO - Sync 1 DAGs
[2022-11-30T10:05:10.797+0000] {logging_mixin.py:137} INFO - [2022-11-30T10:05:10.797+0000] {dag.py:3340} INFO - Setting next_dagrun for tutorial_dag to None, run_after=None
[2022-11-30T10:05:10.837+0000] {processor.py:176} INFO - Processing /home/airflow/.local/lib/python3.7/site-packages/airflow/example_dags/tutorial_dag.py took 0.183 seconds
[2022-11-30T10:05:41.281+0000] {processor.py:154} INFO - Started process (PID=897) to work on /home/airflow/.local/lib/python3.7/site-packages/airflow/example_dags/tutorial_dag.py
[2022-11-30T10:05:41.283+0000] {processor.py:756} INFO - Processing file /home/airflow/.local/lib/python3.7/site-packages/airflow/example_dags/tutorial_dag.py for tasks to queue
[2022-11-30T10:05:41.286+0000] {logging_mixin.py:137} INFO - [2022-11-30T10:05:41.286+0000] {dagbag.py:537} INFO - Filling up the DagBag from /home/airflow/.local/lib/python3.7/site-packages/airflow/example_dags/tutorial_dag.py
[2022-11-30T10:05:41.297+0000] {processor.py:766} INFO - DAG(s) dict_keys(['tutorial_dag']) retrieved from /home/airflow/.local/lib/python3.7/site-packages/airflow/example_dags/tutorial_dag.py
[2022-11-30T10:05:41.332+0000] {logging_mixin.py:137} INFO - [2022-11-30T10:05:41.332+0000] {dag.py:2585} INFO - Sync 1 DAGs
[2022-11-30T10:05:41.355+0000] {logging_mixin.py:137} INFO - [2022-11-30T10:05:41.355+0000] {dag.py:3340} INFO - Setting next_dagrun for tutorial_dag to None, run_after=None
[2022-11-30T10:05:41.388+0000] {processor.py:176} INFO - Processing /home/airflow/.local/lib/python3.7/site-packages/airflow/example_dags/tutorial_dag.py took 0.111 seconds
[2022-11-30T10:06:11.967+0000] {processor.py:154} INFO - Started process (PID=961) to work on /home/airflow/.local/lib/python3.7/site-packages/airflow/example_dags/tutorial_dag.py
[2022-11-30T10:06:11.968+0000] {processor.py:756} INFO - Processing file /home/airflow/.local/lib/python3.7/site-packages/airflow/example_dags/tutorial_dag.py for tasks to queue
[2022-11-30T10:06:11.970+0000] {logging_mixin.py:137} INFO - [2022-11-30T10:06:11.970+0000] {dagbag.py:537} INFO - Filling up the DagBag from /home/airflow/.local/lib/python3.7/site-packages/airflow/example_dags/tutorial_dag.py
[2022-11-30T10:06:11.979+0000] {processor.py:766} INFO - DAG(s) dict_keys(['tutorial_dag']) retrieved from /home/airflow/.local/lib/python3.7/site-packages/airflow/example_dags/tutorial_dag.py
[2022-11-30T10:06:12.009+0000] {logging_mixin.py:137} INFO - [2022-11-30T10:06:12.009+0000] {dag.py:2585} INFO - Sync 1 DAGs
[2022-11-30T10:06:12.026+0000] {logging_mixin.py:137} INFO - [2022-11-30T10:06:12.026+0000] {dag.py:3340} INFO - Setting next_dagrun for tutorial_dag to None, run_after=None
[2022-11-30T10:06:12.039+0000] {processor.py:176} INFO - Processing /home/airflow/.local/lib/python3.7/site-packages/airflow/example_dags/tutorial_dag.py took 0.074 seconds
[2022-11-30T10:06:42.847+0000] {processor.py:154} INFO - Started process (PID=1026) to work on /home/airflow/.local/lib/python3.7/site-packages/airflow/example_dags/tutorial_dag.py
[2022-11-30T10:06:42.850+0000] {processor.py:756} INFO - Processing file /home/airflow/.local/lib/python3.7/site-packages/airflow/example_dags/tutorial_dag.py for tasks to queue
[2022-11-30T10:06:42.852+0000] {logging_mixin.py:137} INFO - [2022-11-30T10:06:42.851+0000] {dagbag.py:537} INFO - Filling up the DagBag from /home/airflow/.local/lib/python3.7/site-packages/airflow/example_dags/tutorial_dag.py
[2022-11-30T10:06:42.863+0000] {processor.py:766} INFO - DAG(s) dict_keys(['tutorial_dag']) retrieved from /home/airflow/.local/lib/python3.7/site-packages/airflow/example_dags/tutorial_dag.py
[2022-11-30T10:06:42.903+0000] {logging_mixin.py:137} INFO - [2022-11-30T10:06:42.903+0000] {dag.py:2585} INFO - Sync 1 DAGs
[2022-11-30T10:06:42.919+0000] {logging_mixin.py:137} INFO - [2022-11-30T10:06:42.919+0000] {dag.py:3340} INFO - Setting next_dagrun for tutorial_dag to None, run_after=None
[2022-11-30T10:06:42.934+0000] {processor.py:176} INFO - Processing /home/airflow/.local/lib/python3.7/site-packages/airflow/example_dags/tutorial_dag.py took 0.089 seconds
