[2022-12-20T10:08:33.704+0000] {taskinstance.py:1087} INFO - Dependencies all met for <TaskInstance: Can_I_change_name_to_this.counter_data_cleansing manual__2022-12-20T10:07:36.200107+00:00 [queued]>
[2022-12-20T10:08:33.813+0000] {taskinstance.py:1087} INFO - Dependencies all met for <TaskInstance: Can_I_change_name_to_this.counter_data_cleansing manual__2022-12-20T10:07:36.200107+00:00 [queued]>
[2022-12-20T10:08:33.817+0000] {taskinstance.py:1283} INFO - 
--------------------------------------------------------------------------------
[2022-12-20T10:08:33.822+0000] {taskinstance.py:1284} INFO - Starting attempt 1 of 1
[2022-12-20T10:08:33.823+0000] {taskinstance.py:1285} INFO - 
--------------------------------------------------------------------------------
[2022-12-20T10:08:34.142+0000] {taskinstance.py:1304} INFO - Executing <Task(BashOperator): counter_data_cleansing> on 2022-12-20 10:07:36.200107+00:00
[2022-12-20T10:08:34.977+0000] {standard_task_runner.py:55} INFO - Started process 3213 to run task
[2022-12-20T10:08:35.034+0000] {standard_task_runner.py:82} INFO - Running: ['***', 'tasks', 'run', 'Can_I_change_name_to_this', 'counter_data_cleansing', 'manual__2022-12-20T10:07:36.200107+00:00', '--job-id', '175', '--raw', '--subdir', 'DAGS_FOLDER/dags.py', '--cfg-path', '/tmp/tmp3gt4lmho']
[2022-12-20T10:08:35.053+0000] {standard_task_runner.py:83} INFO - Job 175: Subtask counter_data_cleansing
[2022-12-20T10:08:35.706+0000] {task_command.py:389} INFO - Running <TaskInstance: Can_I_change_name_to_this.counter_data_cleansing manual__2022-12-20T10:07:36.200107+00:00 [running]> on host 502390ac5559
[2022-12-20T10:08:36.065+0000] {taskinstance.py:1513} INFO - Exporting the following env vars:
AIRFLOW_CTX_DAG_OWNER=***
AIRFLOW_CTX_DAG_ID=Can_I_change_name_to_this
AIRFLOW_CTX_TASK_ID=counter_data_cleansing
AIRFLOW_CTX_EXECUTION_DATE=2022-12-20T10:07:36.200107+00:00
AIRFLOW_CTX_TRY_NUMBER=1
AIRFLOW_CTX_DAG_RUN_ID=manual__2022-12-20T10:07:36.200107+00:00
[2022-12-20T10:08:36.089+0000] {subprocess.py:63} INFO - Tmp dir root location: 
 /tmp
[2022-12-20T10:08:36.106+0000] {subprocess.py:75} INFO - Running command: ['/bin/bash', '-c', 'python /opt/***/tasks/data_cleansing_counter_stat.py']
[2022-12-20T10:08:36.148+0000] {subprocess.py:86} INFO - Output:
[2022-12-20T10:08:39.674+0000] {subprocess.py:93} INFO - 2022-12-20 10:08:39 +0000 - dagster - DEBUG - counter_stat_job - c8ab8e42-10fc-4485-85a6-8badadd5fcc4 - 3214 - RUN_START - Started execution of run for "counter_stat_job".
[2022-12-20T10:08:39.680+0000] {subprocess.py:93} INFO - 2022-12-20 10:08:39 +0000 - dagster - DEBUG - counter_stat_job - c8ab8e42-10fc-4485-85a6-8badadd5fcc4 - 3214 - ENGINE_EVENT - Executing steps in process (pid: 3214)
[2022-12-20T10:08:39.688+0000] {subprocess.py:93} INFO - 2022-12-20 10:08:39 +0000 - dagster - DEBUG - counter_stat_job - c8ab8e42-10fc-4485-85a6-8badadd5fcc4 - 3214 - RESOURCE_INIT_STARTED - Starting initialization of resources [io_manager].
[2022-12-20T10:08:39.850+0000] {subprocess.py:93} INFO - 2022-12-20 10:08:39 +0000 - dagster - DEBUG - counter_stat_job - c8ab8e42-10fc-4485-85a6-8badadd5fcc4 - 3214 - RESOURCE_INIT_SUCCESS - Finished initialization of resources [io_manager].
[2022-12-20T10:08:39.854+0000] {subprocess.py:93} INFO - 2022-12-20 10:08:39 +0000 - dagster - DEBUG - counter_stat_job - c8ab8e42-10fc-4485-85a6-8badadd5fcc4 - 3214 - LOGS_CAPTURED - Started capturing logs in process (pid: 3214).
[2022-12-20T10:08:39.865+0000] {subprocess.py:93} INFO - 2022-12-20 10:08:39 +0000 - dagster - DEBUG - counter_stat_job - c8ab8e42-10fc-4485-85a6-8badadd5fcc4 - 3214 - read_json - STEP_START - Started execution of step "read_json".
[2022-12-20T10:08:39.902+0000] {subprocess.py:93} INFO - 2022-12-20 10:08:39 +0000 - dagster - DEBUG - counter_stat_job - c8ab8e42-10fc-4485-85a6-8badadd5fcc4 - 3214 - read_json - STEP_OUTPUT - Yielded output "result" of type "DataFrame". (Type check passed).
[2022-12-20T10:08:39.904+0000] {subprocess.py:93} INFO - 2022-12-20 10:08:39 +0000 - dagster - DEBUG - counter_stat_job - c8ab8e42-10fc-4485-85a6-8badadd5fcc4 - 3214 - read_json - HANDLED_OUTPUT - Handled output "result" using IO manager "io_manager"
[2022-12-20T10:08:39.909+0000] {subprocess.py:93} INFO - 2022-12-20 10:08:39 +0000 - dagster - DEBUG - counter_stat_job - c8ab8e42-10fc-4485-85a6-8badadd5fcc4 - 3214 - read_json - STEP_SUCCESS - Finished execution of step "read_json" in 36ms.
[2022-12-20T10:08:39.912+0000] {subprocess.py:93} INFO - 2022-12-20 10:08:39 +0000 - dagster - DEBUG - counter_stat_job - c8ab8e42-10fc-4485-85a6-8badadd5fcc4 - 3214 - data_cleansing - STEP_START - Started execution of step "data_cleansing".
[2022-12-20T10:08:39.917+0000] {subprocess.py:93} INFO - 2022-12-20 10:08:39 +0000 - dagster - DEBUG - counter_stat_job - c8ab8e42-10fc-4485-85a6-8badadd5fcc4 - 3214 - data_cleansing - LOADED_INPUT - Loaded input "df" using input manager "io_manager", from output "result" of step "read_json"
[2022-12-20T10:08:39.920+0000] {subprocess.py:93} INFO - 2022-12-20 10:08:39 +0000 - dagster - DEBUG - counter_stat_job - c8ab8e42-10fc-4485-85a6-8badadd5fcc4 - 3214 - data_cleansing - STEP_INPUT - Got input "df" of type "DataFrame". (Type check passed).
[2022-12-20T10:08:39.965+0000] {subprocess.py:93} INFO - 2022-12-20 10:08:39 +0000 - dagster - DEBUG - counter_stat_job - c8ab8e42-10fc-4485-85a6-8badadd5fcc4 - 3214 - data_cleansing - STEP_OUTPUT - Yielded output "result" of type "DataFrame". (Type check passed).
[2022-12-20T10:08:39.967+0000] {subprocess.py:93} INFO - 2022-12-20 10:08:39 +0000 - dagster - DEBUG - counter_stat_job - c8ab8e42-10fc-4485-85a6-8badadd5fcc4 - 3214 - data_cleansing - HANDLED_OUTPUT - Handled output "result" using IO manager "io_manager"
[2022-12-20T10:08:39.970+0000] {subprocess.py:93} INFO - 2022-12-20 10:08:39 +0000 - dagster - DEBUG - counter_stat_job - c8ab8e42-10fc-4485-85a6-8badadd5fcc4 - 3214 - data_cleansing - STEP_SUCCESS - Finished execution of step "data_cleansing" in 46ms.
[2022-12-20T10:08:39.971+0000] {subprocess.py:93} INFO - 2022-12-20 10:08:39 +0000 - dagster - DEBUG - counter_stat_job - c8ab8e42-10fc-4485-85a6-8badadd5fcc4 - 3214 - df_to_file - STEP_START - Started execution of step "df_to_file".
[2022-12-20T10:08:39.975+0000] {subprocess.py:93} INFO - 2022-12-20 10:08:39 +0000 - dagster - DEBUG - counter_stat_job - c8ab8e42-10fc-4485-85a6-8badadd5fcc4 - 3214 - df_to_file - LOADED_INPUT - Loaded input "df" using input manager "io_manager", from output "result" of step "data_cleansing"
[2022-12-20T10:08:39.980+0000] {subprocess.py:93} INFO - 2022-12-20 10:08:39 +0000 - dagster - DEBUG - counter_stat_job - c8ab8e42-10fc-4485-85a6-8badadd5fcc4 - 3214 - df_to_file - STEP_INPUT - Got input "df" of type "DataFrame". (Type check passed).
[2022-12-20T10:08:40.114+0000] {subprocess.py:93} INFO - 2022-12-20 10:08:40 +0000 - dagster - DEBUG - counter_stat_job - c8ab8e42-10fc-4485-85a6-8badadd5fcc4 - 3214 - df_to_file - STEP_OUTPUT - Yielded output "result" of type "Any". (Type check passed).
[2022-12-20T10:08:40.116+0000] {subprocess.py:93} INFO - 2022-12-20 10:08:40 +0000 - dagster - DEBUG - counter_stat_job - c8ab8e42-10fc-4485-85a6-8badadd5fcc4 - 3214 - df_to_file - HANDLED_OUTPUT - Handled output "result" using IO manager "io_manager"
[2022-12-20T10:08:40.121+0000] {subprocess.py:93} INFO - 2022-12-20 10:08:40 +0000 - dagster - DEBUG - counter_stat_job - c8ab8e42-10fc-4485-85a6-8badadd5fcc4 - 3214 - df_to_file - STEP_SUCCESS - Finished execution of step "df_to_file" in 134ms.
[2022-12-20T10:08:40.134+0000] {subprocess.py:93} INFO - 2022-12-20 10:08:40 +0000 - dagster - DEBUG - counter_stat_job - c8ab8e42-10fc-4485-85a6-8badadd5fcc4 - 3214 - df_to_pg - STEP_START - Started execution of step "df_to_pg".
[2022-12-20T10:08:40.137+0000] {subprocess.py:93} INFO - 2022-12-20 10:08:40 +0000 - dagster - DEBUG - counter_stat_job - c8ab8e42-10fc-4485-85a6-8badadd5fcc4 - 3214 - df_to_pg - LOADED_INPUT - Loaded input "df" using input manager "io_manager", from output "result" of step "data_cleansing"
[2022-12-20T10:08:40.139+0000] {subprocess.py:93} INFO - 2022-12-20 10:08:40 +0000 - dagster - DEBUG - counter_stat_job - c8ab8e42-10fc-4485-85a6-8badadd5fcc4 - 3214 - df_to_pg - STEP_INPUT - Got input "df" of type "DataFrame". (Type check passed).
[2022-12-20T10:08:41.814+0000] {subprocess.py:93} INFO - 2022-12-20 10:08:41 +0000 - dagster - DEBUG - counter_stat_job - c8ab8e42-10fc-4485-85a6-8badadd5fcc4 - 3214 - df_to_pg - STEP_OUTPUT - Yielded output "result" of type "Any". (Type check passed).
[2022-12-20T10:08:41.838+0000] {subprocess.py:93} INFO - 2022-12-20 10:08:41 +0000 - dagster - DEBUG - counter_stat_job - c8ab8e42-10fc-4485-85a6-8badadd5fcc4 - 3214 - df_to_pg - HANDLED_OUTPUT - Handled output "result" using IO manager "io_manager"
[2022-12-20T10:08:41.844+0000] {subprocess.py:93} INFO - 2022-12-20 10:08:41 +0000 - dagster - DEBUG - counter_stat_job - c8ab8e42-10fc-4485-85a6-8badadd5fcc4 - 3214 - df_to_pg - STEP_SUCCESS - Finished execution of step "df_to_pg" in 1.69s.
[2022-12-20T10:08:41.864+0000] {subprocess.py:93} INFO - 2022-12-20 10:08:41 +0000 - dagster - DEBUG - counter_stat_job - c8ab8e42-10fc-4485-85a6-8badadd5fcc4 - 3214 - ENGINE_EVENT - Finished steps in process (pid: 3214) in 2.16s
[2022-12-20T10:08:41.884+0000] {subprocess.py:93} INFO - 2022-12-20 10:08:41 +0000 - dagster - DEBUG - counter_stat_job - c8ab8e42-10fc-4485-85a6-8badadd5fcc4 - 3214 - RUN_SUCCESS - Finished execution of run for "counter_stat_job".
[2022-12-20T10:08:41.962+0000] {subprocess.py:93} INFO - {"message": "successfully put lol_basic_stat to pg and redshift", "time": "2022-12-20T10:08:41.962502"}
[2022-12-20T10:08:41.966+0000] {subprocess.py:93} INFO - {"message": "put lol_basic_stat to pg and file have used 3.08024266800021s", "time": "2022-12-20T10:08:41.966019"}
[2022-12-20T10:08:43.101+0000] {subprocess.py:97} INFO - Command exited with return code 0
[2022-12-20T10:08:43.793+0000] {taskinstance.py:1327} INFO - Marking task as SUCCESS. dag_id=Can_I_change_name_to_this, task_id=counter_data_cleansing, execution_date=20221220T100736, start_date=20221220T100833, end_date=20221220T100843
[2022-12-20T10:08:44.261+0000] {local_task_job.py:159} INFO - Task exited with return code 0
[2022-12-20T10:08:44.587+0000] {taskinstance.py:2582} INFO - 1 downstream tasks scheduled from follow-on schedule check
