[2022-12-17T02:45:53.519+0000] {taskinstance.py:1165} INFO - Dependencies all met for <TaskInstance: Can_I_change_name_to_this.task_5 manual__2022-12-17T02:45:14.728802+00:00 [queued]>
[2022-12-17T02:45:53.538+0000] {taskinstance.py:1165} INFO - Dependencies all met for <TaskInstance: Can_I_change_name_to_this.task_5 manual__2022-12-17T02:45:14.728802+00:00 [queued]>
[2022-12-17T02:45:53.541+0000] {taskinstance.py:1362} INFO - 
--------------------------------------------------------------------------------
[2022-12-17T02:45:53.543+0000] {taskinstance.py:1363} INFO - Starting attempt 1 of 1
[2022-12-17T02:45:53.546+0000] {taskinstance.py:1364} INFO - 
--------------------------------------------------------------------------------
[2022-12-17T02:45:53.563+0000] {taskinstance.py:1383} INFO - Executing <Task(BashOperator): task_5> on 2022-12-17 02:45:14.728802+00:00
[2022-12-17T02:45:53.573+0000] {standard_task_runner.py:55} INFO - Started process 1026 to run task
[2022-12-17T02:45:53.578+0000] {standard_task_runner.py:82} INFO - Running: ['***', 'tasks', 'run', 'Can_I_change_name_to_this', 'task_5', 'manual__2022-12-17T02:45:14.728802+00:00', '--job-id', '71', '--raw', '--subdir', 'DAGS_FOLDER/dags.py', '--cfg-path', '/tmp/tmp7p6ufnm6']
[2022-12-17T02:45:53.579+0000] {standard_task_runner.py:83} INFO - Job 71: Subtask task_5
[2022-12-17T02:45:53.674+0000] {task_command.py:376} INFO - Running <TaskInstance: Can_I_change_name_to_this.task_5 manual__2022-12-17T02:45:14.728802+00:00 [running]> on host 418b9a9aa3df
[2022-12-17T02:45:53.826+0000] {taskinstance.py:1592} INFO - Exporting the following env vars:
AIRFLOW_CTX_DAG_OWNER=***
AIRFLOW_CTX_DAG_ID=Can_I_change_name_to_this
AIRFLOW_CTX_TASK_ID=task_5
AIRFLOW_CTX_EXECUTION_DATE=2022-12-17T02:45:14.728802+00:00
AIRFLOW_CTX_TRY_NUMBER=1
AIRFLOW_CTX_DAG_RUN_ID=manual__2022-12-17T02:45:14.728802+00:00
[2022-12-17T02:45:53.829+0000] {subprocess.py:63} INFO - Tmp dir root location: 
 /tmp
[2022-12-17T02:45:53.831+0000] {subprocess.py:75} INFO - Running command: ['/bin/bash', '-c', 'python /opt/***/tasks/raw_put_to_s3.py ']
[2022-12-17T02:45:53.849+0000] {subprocess.py:86} INFO - Output:
[2022-12-17T02:45:55.347+0000] {subprocess.py:93} INFO - {"message": "now putting raw file to s3", "time": "2022-12-17T02:45:55.311482"}
[2022-12-17T02:45:55.448+0000] {subprocess.py:93} INFO - {"message": "now putting /opt/***/zone1/lol_basic_stat.json to raw_zone", "time": "2022-12-17T02:45:55.355731"}
[2022-12-17T02:45:55.452+0000] {subprocess.py:93} INFO - {"message": "now putting /opt/***/zone1/lol_counter_stat.json to raw_zone", "time": "2022-12-17T02:45:55.356224"}
[2022-12-17T02:45:58.446+0000] {subprocess.py:93} INFO - {"message": "successfully putting /opt/***/zone1/lol_basic_stat.json to raw_zone", "time": "2022-12-17T02:45:58.442448"}
[2022-12-17T02:46:01.592+0000] {subprocess.py:93} INFO - {"message": "successfully putting /opt/***/zone1/lol_counter_stat.json to raw_zone", "time": "2022-12-17T02:46:01.577568"}
[2022-12-17T02:46:01.602+0000] {subprocess.py:93} INFO - {"message": "successfully put raw file to s3", "time": "2022-12-17T02:46:01.602220"}
[2022-12-17T02:46:01.606+0000] {subprocess.py:93} INFO - {"message": "put raw file to s3 have used 6.290721835999875s", "time": "2022-12-17T02:46:01.604786"}
[2022-12-17T02:46:02.081+0000] {subprocess.py:97} INFO - Command exited with return code 0
[2022-12-17T02:46:02.180+0000] {taskinstance.py:1406} INFO - Marking task as SUCCESS. dag_id=Can_I_change_name_to_this, task_id=task_5, execution_date=20221217T024514, start_date=20221217T024553, end_date=20221217T024602
[2022-12-17T02:46:02.265+0000] {local_task_job.py:159} INFO - Task exited with return code 0
[2022-12-17T02:46:02.319+0000] {taskinstance.py:2623} INFO - 0 downstream tasks scheduled from follow-on schedule check
